[2025-04-23T17:32:37.724+0000] {local_task_job_runner.py:120} INFO - ::group::Pre task execution logs
[2025-04-23T17:32:37.736+0000] {taskinstance.py:2076} INFO - Dependencies all met for dep_context=non-requeueable deps ti=<TaskInstance: preprocessing_pipeline.run_preprocessing manual__2025-04-23T17:32:32.098680+00:00 [queued]>
[2025-04-23T17:32:37.739+0000] {taskinstance.py:2076} INFO - Dependencies all met for dep_context=requeueable deps ti=<TaskInstance: preprocessing_pipeline.run_preprocessing manual__2025-04-23T17:32:32.098680+00:00 [queued]>
[2025-04-23T17:32:37.739+0000] {taskinstance.py:2306} INFO - Starting attempt 1 of 1
[2025-04-23T17:32:37.746+0000] {taskinstance.py:2330} INFO - Executing <Task(PythonOperator): run_preprocessing> on 2025-04-23 17:32:32.098680+00:00
[2025-04-23T17:32:37.755+0000] {warnings.py:110} WARNING - /home/airflow/.local/lib/python3.12/site-packages/airflow/task/task_runner/standard_task_runner.py:61: DeprecationWarning: This process (pid=255) is multi-threaded, use of fork() may lead to deadlocks in the child.
  pid = os.fork()

[2025-04-23T17:32:37.756+0000] {standard_task_runner.py:63} INFO - Started process 257 to run task
[2025-04-23T17:32:37.757+0000] {standard_task_runner.py:90} INFO - Running: ['airflow', 'tasks', 'run', 'preprocessing_pipeline', 'run_preprocessing', 'manual__2025-04-23T17:32:32.098680+00:00', '--job-id', '10', '--raw', '--subdir', 'DAGS_FOLDER/dag_preprocessing.py', '--cfg-path', '/tmp/tmpi2ts6i6z']
[2025-04-23T17:32:37.759+0000] {standard_task_runner.py:91} INFO - Job 10: Subtask run_preprocessing
[2025-04-23T17:32:37.803+0000] {task_command.py:426} INFO - Running <TaskInstance: preprocessing_pipeline.run_preprocessing manual__2025-04-23T17:32:32.098680+00:00 [running]> on host 7cc2314952d5
[2025-04-23T17:32:37.848+0000] {taskinstance.py:2648} INFO - Exporting env vars: AIRFLOW_CTX_DAG_OWNER='airflow' AIRFLOW_CTX_DAG_ID='preprocessing_pipeline' AIRFLOW_CTX_TASK_ID='run_preprocessing' AIRFLOW_CTX_EXECUTION_DATE='2025-04-23T17:32:32.098680+00:00' AIRFLOW_CTX_TRY_NUMBER='1' AIRFLOW_CTX_DAG_RUN_ID='manual__2025-04-23T17:32:32.098680+00:00'
[2025-04-23T17:32:37.849+0000] {taskinstance.py:430} INFO - ::endgroup::
[2025-04-23T17:32:37.849+0000] {dag_preprocessing.py:34} INFO - === INIZIO PREPROCESSAMENTO ===
[2025-04-23T17:32:37.850+0000] {dag_preprocessing.py:23} INFO - Download risorse NLTK...
[2025-04-23T17:32:38.307+0000] {dag_preprocessing.py:27} INFO - ✓ 'punkt' scaricato.
[2025-04-23T17:32:38.308+0000] {dag_preprocessing.py:27} INFO - ✓ 'stopwords' scaricato.
[2025-04-23T17:32:38.354+0000] {dag_preprocessing.py:27} INFO - ✓ 'wordnet' scaricato.
[2025-04-23T17:32:38.380+0000] {dag_preprocessing.py:42} INFO - Caricato file: /opt/airflow/***/sentiment_data/raw/all-data.csv | Righe: 4846
[2025-04-23T17:32:43.652+0000] {dag_preprocessing.py:71} INFO - ✓ Preprocessamento completato. File salvato: /opt/airflow/***/sentiment_data/processed/preprocessed_data.csvRighe: 4816
[2025-04-23T17:32:43.653+0000] {dag_preprocessing.py:80} INFO - ✓ Task completato con successo.
[2025-04-23T17:32:43.654+0000] {python.py:237} INFO - Done. Returned value was: None
[2025-04-23T17:32:43.654+0000] {taskinstance.py:441} INFO - ::group::Post task execution logs
[2025-04-23T17:32:43.661+0000] {taskinstance.py:1206} INFO - Marking task as SUCCESS. dag_id=preprocessing_pipeline, task_id=run_preprocessing, run_id=manual__2025-04-23T17:32:32.098680+00:00, execution_date=20250423T173232, start_date=20250423T173237, end_date=20250423T173243
[2025-04-23T17:32:43.716+0000] {local_task_job_runner.py:240} INFO - Task exited with return code 0
[2025-04-23T17:32:43.733+0000] {taskinstance.py:3498} INFO - 0 downstream tasks scheduled from follow-on schedule check
[2025-04-23T17:32:43.734+0000] {local_task_job_runner.py:222} INFO - ::endgroup::
