[2025-05-21T12:34:04.464+0000] {local_task_job_runner.py:120} INFO - ::group::Pre task execution logs
[2025-05-21T12:34:04.474+0000] {taskinstance.py:2076} INFO - Dependencies all met for dep_context=non-requeueable deps ti=<TaskInstance: preprocessing_pipeline.run_preprocessing manual__2025-05-21T12:34:01.241217+00:00 [queued]>
[2025-05-21T12:34:04.477+0000] {taskinstance.py:2076} INFO - Dependencies all met for dep_context=requeueable deps ti=<TaskInstance: preprocessing_pipeline.run_preprocessing manual__2025-05-21T12:34:01.241217+00:00 [queued]>
[2025-05-21T12:34:04.477+0000] {taskinstance.py:2306} INFO - Starting attempt 1 of 1
[2025-05-21T12:34:04.482+0000] {taskinstance.py:2330} INFO - Executing <Task(PythonOperator): run_preprocessing> on 2025-05-21 12:34:01.241217+00:00
[2025-05-21T12:34:04.487+0000] {warnings.py:110} WARNING - /home/airflow/.local/lib/python3.12/site-packages/airflow/task/task_runner/standard_task_runner.py:61: DeprecationWarning: This process (pid=181) is multi-threaded, use of fork() may lead to deadlocks in the child.
  pid = os.fork()

[2025-05-21T12:34:04.488+0000] {standard_task_runner.py:63} INFO - Started process 183 to run task
[2025-05-21T12:34:04.488+0000] {standard_task_runner.py:90} INFO - Running: ['airflow', 'tasks', 'run', 'preprocessing_pipeline', 'run_preprocessing', 'manual__2025-05-21T12:34:01.241217+00:00', '--job-id', '3', '--raw', '--subdir', 'DAGS_FOLDER/dag_preprocessing.py', '--cfg-path', '/tmp/tmpwbk0ncuy']
[2025-05-21T12:34:04.489+0000] {standard_task_runner.py:91} INFO - Job 3: Subtask run_preprocessing
[2025-05-21T12:34:04.512+0000] {task_command.py:426} INFO - Running <TaskInstance: preprocessing_pipeline.run_preprocessing manual__2025-05-21T12:34:01.241217+00:00 [running]> on host 94bdc21532ab
[2025-05-21T12:34:04.547+0000] {taskinstance.py:2648} INFO - Exporting env vars: AIRFLOW_CTX_DAG_OWNER='airflow' AIRFLOW_CTX_DAG_ID='preprocessing_pipeline' AIRFLOW_CTX_TASK_ID='run_preprocessing' AIRFLOW_CTX_EXECUTION_DATE='2025-05-21T12:34:01.241217+00:00' AIRFLOW_CTX_TRY_NUMBER='1' AIRFLOW_CTX_DAG_RUN_ID='manual__2025-05-21T12:34:01.241217+00:00'
[2025-05-21T12:34:04.547+0000] {taskinstance.py:430} INFO - ::endgroup::
[2025-05-21T12:34:04.548+0000] {dag_preprocessing.py:34} INFO - === INIZIO PREPROCESSAMENTO ===
[2025-05-21T12:34:04.548+0000] {dag_preprocessing.py:23} INFO - Download risorse NLTK...
[2025-05-21T12:34:05.978+0000] {dag_preprocessing.py:27} INFO - ✓ 'punkt' scaricato.
[2025-05-21T12:34:06.257+0000] {dag_preprocessing.py:27} INFO - ✓ 'stopwords' scaricato.
[2025-05-21T12:34:07.644+0000] {dag_preprocessing.py:27} INFO - ✓ 'wordnet' scaricato.
[2025-05-21T12:34:07.713+0000] {dag_preprocessing.py:42} INFO - Caricato file: /opt/airflow/***/sentiment_data/raw/all-data.csv | Righe: 4846
[2025-05-21T12:34:11.187+0000] {dag_preprocessing.py:71} INFO - ✓ Preprocessamento completato. File salvato: /opt/airflow/***/sentiment_data/processed/preprocessed_data.csvRighe: 4816
[2025-05-21T12:34:11.189+0000] {dag_preprocessing.py:80} INFO - ✓ Task completato con successo.
[2025-05-21T12:34:11.189+0000] {python.py:237} INFO - Done. Returned value was: None
[2025-05-21T12:34:11.189+0000] {taskinstance.py:441} INFO - ::group::Post task execution logs
[2025-05-21T12:34:11.195+0000] {taskinstance.py:1206} INFO - Marking task as SUCCESS. dag_id=preprocessing_pipeline, task_id=run_preprocessing, run_id=manual__2025-05-21T12:34:01.241217+00:00, execution_date=20250521T123401, start_date=20250521T123404, end_date=20250521T123411
[2025-05-21T12:34:11.253+0000] {local_task_job_runner.py:240} INFO - Task exited with return code 0
[2025-05-21T12:34:11.263+0000] {local_task_job_runner.py:222} INFO - ::endgroup::
