[2025-04-23T13:52:28.583+0000] {local_task_job_runner.py:120} INFO - ::group::Pre task execution logs
[2025-04-23T13:52:28.610+0000] {taskinstance.py:2076} INFO - Dependencies all met for dep_context=non-requeueable deps ti=<TaskInstance: preprocessing_pipeline.run_preprocessing manual__2025-04-23T13:52:24.712306+00:00 [queued]>
[2025-04-23T13:52:28.620+0000] {taskinstance.py:2076} INFO - Dependencies all met for dep_context=requeueable deps ti=<TaskInstance: preprocessing_pipeline.run_preprocessing manual__2025-04-23T13:52:24.712306+00:00 [queued]>
[2025-04-23T13:52:28.621+0000] {taskinstance.py:2306} INFO - Starting attempt 1 of 1
[2025-04-23T13:52:28.644+0000] {taskinstance.py:2330} INFO - Executing <Task(PythonOperator): run_preprocessing> on 2025-04-23 13:52:24.712306+00:00
[2025-04-23T13:52:28.651+0000] {warnings.py:110} WARNING - /home/***/.local/lib/python3.12/site-packages/***/task/task_runner/standard_task_runner.py:61: DeprecationWarning: This process (pid=116) is multi-threaded, use of fork() may lead to deadlocks in the child.
  pid = os.fork()

[2025-04-23T13:52:28.652+0000] {standard_task_runner.py:63} INFO - Started process 118 to run task
[2025-04-23T13:52:28.653+0000] {standard_task_runner.py:90} INFO - Running: ['***', 'tasks', 'run', 'preprocessing_pipeline', 'run_preprocessing', 'manual__2025-04-23T13:52:24.712306+00:00', '--job-id', '3', '--raw', '--subdir', 'DAGS_FOLDER/dag_preprocessing.py', '--cfg-path', '/tmp/tmp9y2f2p1d']
[2025-04-23T13:52:28.654+0000] {standard_task_runner.py:91} INFO - Job 3: Subtask run_preprocessing
[2025-04-23T13:52:28.687+0000] {task_command.py:426} INFO - Running <TaskInstance: preprocessing_pipeline.run_preprocessing manual__2025-04-23T13:52:24.712306+00:00 [running]> on host 634df77ac05d
[2025-04-23T13:52:28.752+0000] {taskinstance.py:2648} INFO - Exporting env vars: AIRFLOW_CTX_DAG_OWNER='***' AIRFLOW_CTX_DAG_ID='preprocessing_pipeline' AIRFLOW_CTX_TASK_ID='run_preprocessing' AIRFLOW_CTX_EXECUTION_DATE='2025-04-23T13:52:24.712306+00:00' AIRFLOW_CTX_TRY_NUMBER='1' AIRFLOW_CTX_DAG_RUN_ID='manual__2025-04-23T13:52:24.712306+00:00'
[2025-04-23T13:52:28.753+0000] {taskinstance.py:430} INFO - ::endgroup::
[2025-04-23T13:52:28.754+0000] {dag_preprocessing.py:123} INFO - Esecuzione del task di preprocessing iniziata.
[2025-04-23T13:52:28.754+0000] {dag_preprocessing.py:44} INFO - Avvio del preprocessing dei dati...
[2025-04-23T13:52:28.754+0000] {dag_preprocessing.py:26} INFO - Inizializzazione di NLTK...
[2025-04-23T13:52:28.754+0000] {dag_preprocessing.py:29} INFO - Scaricamento forzato di 'punkt'...
[2025-04-23T13:52:29.161+0000] {log.py:232} WARNING - [nltk_data] Error downloading 'punkt' from
[nltk_data]     <https://raw.githubusercontent.com/nltk/nltk_data/gh-
[nltk_data]     pages/packages/tokenizers/punkt.zip>:   [Errno 13]
[nltk_data]     Permission denied:
[nltk_data]     '/opt/***/nltk_data/tokenizers/punkt.zip'
[2025-04-23T13:52:29.164+0000] {dag_preprocessing.py:29} INFO - Scaricamento forzato di 'stopwords'...
[2025-04-23T13:52:29.165+0000] {dag_preprocessing.py:40} ERROR - Errore durante il download delle risorse di NLTK: [Errno 13] Permission denied: '/opt/***/nltk_data/corpora'
[2025-04-23T13:52:29.166+0000] {dag_preprocessing.py:128} ERROR - Errore nel task di preprocessing: [Errno 13] Permission denied: '/opt/***/nltk_data/corpora'
[2025-04-23T13:52:29.166+0000] {python.py:237} INFO - Done. Returned value was: None
[2025-04-23T13:52:29.167+0000] {taskinstance.py:441} INFO - ::group::Post task execution logs
[2025-04-23T13:52:29.181+0000] {taskinstance.py:1206} INFO - Marking task as SUCCESS. dag_id=preprocessing_pipeline, task_id=run_preprocessing, run_id=manual__2025-04-23T13:52:24.712306+00:00, execution_date=20250423T135224, start_date=20250423T135228, end_date=20250423T135229
[2025-04-23T13:52:29.212+0000] {local_task_job_runner.py:240} INFO - Task exited with return code 0
[2025-04-23T13:52:29.252+0000] {taskinstance.py:3498} INFO - 0 downstream tasks scheduled from follow-on schedule check
[2025-04-23T13:52:29.253+0000] {local_task_job_runner.py:222} INFO - ::endgroup::
