[2025-04-21T00:38:24.305+0000] {processor.py:161} INFO - Started process (PID=91372) to work on /home/airflow/.local/lib/python3.12/site-packages/airflow/example_dags/example_xcom.py
[2025-04-21T00:38:24.306+0000] {processor.py:830} INFO - Processing file /home/airflow/.local/lib/python3.12/site-packages/airflow/example_dags/example_xcom.py for tasks to queue
[2025-04-21T00:38:24.307+0000] {logging_mixin.py:188} INFO - [2025-04-21T00:38:24.306+0000] {dagbag.py:545} INFO - Filling up the DagBag from /home/airflow/.local/lib/python3.12/site-packages/airflow/example_dags/example_xcom.py
[2025-04-21T00:38:24.310+0000] {processor.py:840} INFO - DAG(s) 'example_xcom' retrieved from /home/airflow/.local/lib/python3.12/site-packages/airflow/example_dags/example_xcom.py
[2025-04-21T00:38:24.320+0000] {logging_mixin.py:188} INFO - [2025-04-21T00:38:24.319+0000] {dag.py:3096} INFO - Sync 1 DAGs
[2025-04-21T00:38:24.328+0000] {logging_mixin.py:188} INFO - [2025-04-21T00:38:24.328+0000] {dag.py:3954} INFO - Setting next_dagrun for example_xcom to 2021-01-01 00:00:00+00:00, run_after=2021-01-01 00:00:00+00:00
[2025-04-21T00:38:24.335+0000] {processor.py:183} INFO - Processing /home/airflow/.local/lib/python3.12/site-packages/airflow/example_dags/example_xcom.py took 0.033 seconds
[2025-04-21T01:37:14.427+0000] {processor.py:161} INFO - Started process (PID=91432) to work on /home/airflow/.local/lib/python3.12/site-packages/airflow/example_dags/example_xcom.py
[2025-04-21T01:37:14.428+0000] {processor.py:830} INFO - Processing file /home/airflow/.local/lib/python3.12/site-packages/airflow/example_dags/example_xcom.py for tasks to queue
[2025-04-21T01:37:14.430+0000] {logging_mixin.py:188} INFO - [2025-04-21T01:37:14.430+0000] {dagbag.py:545} INFO - Filling up the DagBag from /home/airflow/.local/lib/python3.12/site-packages/airflow/example_dags/example_xcom.py
[2025-04-21T01:37:14.434+0000] {processor.py:840} INFO - DAG(s) 'example_xcom' retrieved from /home/airflow/.local/lib/python3.12/site-packages/airflow/example_dags/example_xcom.py
[2025-04-21T01:37:14.445+0000] {logging_mixin.py:188} INFO - [2025-04-21T01:37:14.445+0000] {dag.py:3096} INFO - Sync 1 DAGs
[2025-04-21T01:37:14.465+0000] {logging_mixin.py:188} INFO - [2025-04-21T01:37:14.465+0000] {dag.py:3954} INFO - Setting next_dagrun for example_xcom to 2021-01-01 00:00:00+00:00, run_after=2021-01-01 00:00:00+00:00
[2025-04-21T01:37:14.485+0000] {processor.py:183} INFO - Processing /home/airflow/.local/lib/python3.12/site-packages/airflow/example_dags/example_xcom.py took 0.061 seconds
[2025-04-21T01:37:44.775+0000] {processor.py:161} INFO - Started process (PID=91491) to work on /home/airflow/.local/lib/python3.12/site-packages/airflow/example_dags/example_xcom.py
[2025-04-21T01:37:44.776+0000] {processor.py:830} INFO - Processing file /home/airflow/.local/lib/python3.12/site-packages/airflow/example_dags/example_xcom.py for tasks to queue
[2025-04-21T01:37:44.777+0000] {logging_mixin.py:188} INFO - [2025-04-21T01:37:44.777+0000] {dagbag.py:545} INFO - Filling up the DagBag from /home/airflow/.local/lib/python3.12/site-packages/airflow/example_dags/example_xcom.py
[2025-04-21T01:37:44.780+0000] {processor.py:840} INFO - DAG(s) 'example_xcom' retrieved from /home/airflow/.local/lib/python3.12/site-packages/airflow/example_dags/example_xcom.py
[2025-04-21T01:37:44.790+0000] {logging_mixin.py:188} INFO - [2025-04-21T01:37:44.790+0000] {dag.py:3096} INFO - Sync 1 DAGs
[2025-04-21T01:37:44.800+0000] {logging_mixin.py:188} INFO - [2025-04-21T01:37:44.799+0000] {dag.py:3954} INFO - Setting next_dagrun for example_xcom to 2021-01-01 00:00:00+00:00, run_after=2021-01-01 00:00:00+00:00
[2025-04-21T01:37:44.807+0000] {processor.py:183} INFO - Processing /home/airflow/.local/lib/python3.12/site-packages/airflow/example_dags/example_xcom.py took 0.034 seconds
[2025-04-21T02:58:43.859+0000] {processor.py:161} INFO - Started process (PID=91551) to work on /home/airflow/.local/lib/python3.12/site-packages/airflow/example_dags/example_xcom.py
[2025-04-21T02:58:43.860+0000] {processor.py:830} INFO - Processing file /home/airflow/.local/lib/python3.12/site-packages/airflow/example_dags/example_xcom.py for tasks to queue
[2025-04-21T02:58:43.863+0000] {logging_mixin.py:188} INFO - [2025-04-21T02:58:43.863+0000] {dagbag.py:545} INFO - Filling up the DagBag from /home/airflow/.local/lib/python3.12/site-packages/airflow/example_dags/example_xcom.py
[2025-04-21T02:58:43.868+0000] {processor.py:840} INFO - DAG(s) 'example_xcom' retrieved from /home/airflow/.local/lib/python3.12/site-packages/airflow/example_dags/example_xcom.py
[2025-04-21T02:58:43.883+0000] {logging_mixin.py:188} INFO - [2025-04-21T02:58:43.883+0000] {dag.py:3096} INFO - Sync 1 DAGs
[2025-04-21T02:58:43.893+0000] {logging_mixin.py:188} INFO - [2025-04-21T02:58:43.893+0000] {dag.py:3954} INFO - Setting next_dagrun for example_xcom to 2021-01-01 00:00:00+00:00, run_after=2021-01-01 00:00:00+00:00
[2025-04-21T02:58:43.901+0000] {processor.py:183} INFO - Processing /home/airflow/.local/lib/python3.12/site-packages/airflow/example_dags/example_xcom.py took 0.045 seconds
[2025-04-21T04:23:09.911+0000] {processor.py:161} INFO - Started process (PID=91611) to work on /home/airflow/.local/lib/python3.12/site-packages/airflow/example_dags/example_xcom.py
[2025-04-21T04:23:09.912+0000] {processor.py:830} INFO - Processing file /home/airflow/.local/lib/python3.12/site-packages/airflow/example_dags/example_xcom.py for tasks to queue
[2025-04-21T04:23:09.913+0000] {logging_mixin.py:188} INFO - [2025-04-21T04:23:09.913+0000] {dagbag.py:545} INFO - Filling up the DagBag from /home/airflow/.local/lib/python3.12/site-packages/airflow/example_dags/example_xcom.py
[2025-04-21T04:23:09.918+0000] {processor.py:840} INFO - DAG(s) 'example_xcom' retrieved from /home/airflow/.local/lib/python3.12/site-packages/airflow/example_dags/example_xcom.py
[2025-04-21T04:23:09.931+0000] {logging_mixin.py:188} INFO - [2025-04-21T04:23:09.931+0000] {dag.py:3096} INFO - Sync 1 DAGs
[2025-04-21T04:23:09.943+0000] {logging_mixin.py:188} INFO - [2025-04-21T04:23:09.943+0000] {dag.py:3954} INFO - Setting next_dagrun for example_xcom to 2021-01-01 00:00:00+00:00, run_after=2021-01-01 00:00:00+00:00
[2025-04-21T04:23:09.959+0000] {processor.py:183} INFO - Processing /home/airflow/.local/lib/python3.12/site-packages/airflow/example_dags/example_xcom.py took 0.051 seconds
[2025-04-21T04:23:40.463+0000] {processor.py:161} INFO - Started process (PID=91671) to work on /home/airflow/.local/lib/python3.12/site-packages/airflow/example_dags/example_xcom.py
[2025-04-21T04:23:40.463+0000] {processor.py:830} INFO - Processing file /home/airflow/.local/lib/python3.12/site-packages/airflow/example_dags/example_xcom.py for tasks to queue
[2025-04-21T04:23:40.464+0000] {logging_mixin.py:188} INFO - [2025-04-21T04:23:40.464+0000] {dagbag.py:545} INFO - Filling up the DagBag from /home/airflow/.local/lib/python3.12/site-packages/airflow/example_dags/example_xcom.py
[2025-04-21T04:23:40.467+0000] {processor.py:840} INFO - DAG(s) 'example_xcom' retrieved from /home/airflow/.local/lib/python3.12/site-packages/airflow/example_dags/example_xcom.py
[2025-04-21T04:23:40.478+0000] {logging_mixin.py:188} INFO - [2025-04-21T04:23:40.478+0000] {dag.py:3096} INFO - Sync 1 DAGs
[2025-04-21T04:23:40.486+0000] {logging_mixin.py:188} INFO - [2025-04-21T04:23:40.486+0000] {dag.py:3954} INFO - Setting next_dagrun for example_xcom to 2021-01-01 00:00:00+00:00, run_after=2021-01-01 00:00:00+00:00
[2025-04-21T04:23:40.493+0000] {processor.py:183} INFO - Processing /home/airflow/.local/lib/python3.12/site-packages/airflow/example_dags/example_xcom.py took 0.034 seconds
[2025-04-21T04:28:53.131+0000] {processor.py:161} INFO - Started process (PID=91731) to work on /home/airflow/.local/lib/python3.12/site-packages/airflow/example_dags/example_xcom.py
[2025-04-21T04:28:53.131+0000] {processor.py:830} INFO - Processing file /home/airflow/.local/lib/python3.12/site-packages/airflow/example_dags/example_xcom.py for tasks to queue
[2025-04-21T04:28:53.133+0000] {logging_mixin.py:188} INFO - [2025-04-21T04:28:53.132+0000] {dagbag.py:545} INFO - Filling up the DagBag from /home/airflow/.local/lib/python3.12/site-packages/airflow/example_dags/example_xcom.py
[2025-04-21T04:28:53.137+0000] {processor.py:840} INFO - DAG(s) 'example_xcom' retrieved from /home/airflow/.local/lib/python3.12/site-packages/airflow/example_dags/example_xcom.py
[2025-04-21T04:28:53.159+0000] {logging_mixin.py:188} INFO - [2025-04-21T04:28:53.159+0000] {dag.py:3096} INFO - Sync 1 DAGs
[2025-04-21T04:28:53.173+0000] {logging_mixin.py:188} INFO - [2025-04-21T04:28:53.172+0000] {dag.py:3954} INFO - Setting next_dagrun for example_xcom to 2021-01-01 00:00:00+00:00, run_after=2021-01-01 00:00:00+00:00
[2025-04-21T04:28:53.192+0000] {processor.py:183} INFO - Processing /home/airflow/.local/lib/python3.12/site-packages/airflow/example_dags/example_xcom.py took 0.064 seconds
[2025-04-21T04:29:23.804+0000] {processor.py:161} INFO - Started process (PID=91791) to work on /home/airflow/.local/lib/python3.12/site-packages/airflow/example_dags/example_xcom.py
[2025-04-21T04:29:23.807+0000] {processor.py:830} INFO - Processing file /home/airflow/.local/lib/python3.12/site-packages/airflow/example_dags/example_xcom.py for tasks to queue
[2025-04-21T04:29:23.808+0000] {logging_mixin.py:188} INFO - [2025-04-21T04:29:23.808+0000] {dagbag.py:545} INFO - Filling up the DagBag from /home/airflow/.local/lib/python3.12/site-packages/airflow/example_dags/example_xcom.py
[2025-04-21T04:29:23.812+0000] {processor.py:840} INFO - DAG(s) 'example_xcom' retrieved from /home/airflow/.local/lib/python3.12/site-packages/airflow/example_dags/example_xcom.py
[2025-04-21T04:29:23.827+0000] {logging_mixin.py:188} INFO - [2025-04-21T04:29:23.827+0000] {dag.py:3096} INFO - Sync 1 DAGs
[2025-04-21T04:29:23.839+0000] {logging_mixin.py:188} INFO - [2025-04-21T04:29:23.839+0000] {dag.py:3954} INFO - Setting next_dagrun for example_xcom to 2021-01-01 00:00:00+00:00, run_after=2021-01-01 00:00:00+00:00
[2025-04-21T04:29:23.847+0000] {processor.py:183} INFO - Processing /home/airflow/.local/lib/python3.12/site-packages/airflow/example_dags/example_xcom.py took 0.047 seconds
[2025-04-21T04:31:11.273+0000] {processor.py:161} INFO - Started process (PID=91851) to work on /home/airflow/.local/lib/python3.12/site-packages/airflow/example_dags/example_xcom.py
[2025-04-21T04:31:11.273+0000] {processor.py:830} INFO - Processing file /home/airflow/.local/lib/python3.12/site-packages/airflow/example_dags/example_xcom.py for tasks to queue
[2025-04-21T04:31:11.274+0000] {logging_mixin.py:188} INFO - [2025-04-21T04:31:11.274+0000] {dagbag.py:545} INFO - Filling up the DagBag from /home/airflow/.local/lib/python3.12/site-packages/airflow/example_dags/example_xcom.py
[2025-04-21T04:31:11.278+0000] {processor.py:840} INFO - DAG(s) 'example_xcom' retrieved from /home/airflow/.local/lib/python3.12/site-packages/airflow/example_dags/example_xcom.py
[2025-04-21T04:31:11.287+0000] {logging_mixin.py:188} INFO - [2025-04-21T04:31:11.287+0000] {dag.py:3096} INFO - Sync 1 DAGs
[2025-04-21T04:31:11.296+0000] {logging_mixin.py:188} INFO - [2025-04-21T04:31:11.296+0000] {dag.py:3954} INFO - Setting next_dagrun for example_xcom to 2021-01-01 00:00:00+00:00, run_after=2021-01-01 00:00:00+00:00
[2025-04-21T04:31:11.304+0000] {processor.py:183} INFO - Processing /home/airflow/.local/lib/python3.12/site-packages/airflow/example_dags/example_xcom.py took 0.034 seconds
[2025-04-21T04:36:24.380+0000] {processor.py:161} INFO - Started process (PID=91911) to work on /home/airflow/.local/lib/python3.12/site-packages/airflow/example_dags/example_xcom.py
[2025-04-21T04:36:24.382+0000] {processor.py:830} INFO - Processing file /home/airflow/.local/lib/python3.12/site-packages/airflow/example_dags/example_xcom.py for tasks to queue
[2025-04-21T04:36:24.383+0000] {logging_mixin.py:188} INFO - [2025-04-21T04:36:24.383+0000] {dagbag.py:545} INFO - Filling up the DagBag from /home/airflow/.local/lib/python3.12/site-packages/airflow/example_dags/example_xcom.py
[2025-04-21T04:36:24.387+0000] {processor.py:840} INFO - DAG(s) 'example_xcom' retrieved from /home/airflow/.local/lib/python3.12/site-packages/airflow/example_dags/example_xcom.py
[2025-04-21T04:36:24.401+0000] {logging_mixin.py:188} INFO - [2025-04-21T04:36:24.400+0000] {dag.py:3096} INFO - Sync 1 DAGs
[2025-04-21T04:36:24.411+0000] {logging_mixin.py:188} INFO - [2025-04-21T04:36:24.411+0000] {dag.py:3954} INFO - Setting next_dagrun for example_xcom to 2021-01-01 00:00:00+00:00, run_after=2021-01-01 00:00:00+00:00
[2025-04-21T04:36:24.419+0000] {processor.py:183} INFO - Processing /home/airflow/.local/lib/python3.12/site-packages/airflow/example_dags/example_xcom.py took 0.043 seconds
[2025-04-21T04:41:37.793+0000] {processor.py:161} INFO - Started process (PID=91971) to work on /home/airflow/.local/lib/python3.12/site-packages/airflow/example_dags/example_xcom.py
[2025-04-21T04:41:37.794+0000] {processor.py:830} INFO - Processing file /home/airflow/.local/lib/python3.12/site-packages/airflow/example_dags/example_xcom.py for tasks to queue
[2025-04-21T04:41:37.795+0000] {logging_mixin.py:188} INFO - [2025-04-21T04:41:37.795+0000] {dagbag.py:545} INFO - Filling up the DagBag from /home/airflow/.local/lib/python3.12/site-packages/airflow/example_dags/example_xcom.py
[2025-04-21T04:41:37.799+0000] {processor.py:840} INFO - DAG(s) 'example_xcom' retrieved from /home/airflow/.local/lib/python3.12/site-packages/airflow/example_dags/example_xcom.py
[2025-04-21T04:41:37.815+0000] {logging_mixin.py:188} INFO - [2025-04-21T04:41:37.815+0000] {dag.py:3096} INFO - Sync 1 DAGs
[2025-04-21T04:41:37.825+0000] {logging_mixin.py:188} INFO - [2025-04-21T04:41:37.825+0000] {dag.py:3954} INFO - Setting next_dagrun for example_xcom to 2021-01-01 00:00:00+00:00, run_after=2021-01-01 00:00:00+00:00
[2025-04-21T04:41:37.837+0000] {processor.py:183} INFO - Processing /home/airflow/.local/lib/python3.12/site-packages/airflow/example_dags/example_xcom.py took 0.047 seconds
[2025-04-21T04:46:50.677+0000] {processor.py:161} INFO - Started process (PID=92031) to work on /home/airflow/.local/lib/python3.12/site-packages/airflow/example_dags/example_xcom.py
[2025-04-21T04:46:50.678+0000] {processor.py:830} INFO - Processing file /home/airflow/.local/lib/python3.12/site-packages/airflow/example_dags/example_xcom.py for tasks to queue
[2025-04-21T04:46:50.681+0000] {logging_mixin.py:188} INFO - [2025-04-21T04:46:50.679+0000] {dagbag.py:545} INFO - Filling up the DagBag from /home/airflow/.local/lib/python3.12/site-packages/airflow/example_dags/example_xcom.py
[2025-04-21T04:46:50.685+0000] {processor.py:840} INFO - DAG(s) 'example_xcom' retrieved from /home/airflow/.local/lib/python3.12/site-packages/airflow/example_dags/example_xcom.py
[2025-04-21T04:46:50.703+0000] {logging_mixin.py:188} INFO - [2025-04-21T04:46:50.703+0000] {dag.py:3096} INFO - Sync 1 DAGs
[2025-04-21T04:46:50.712+0000] {logging_mixin.py:188} INFO - [2025-04-21T04:46:50.712+0000] {dag.py:3954} INFO - Setting next_dagrun for example_xcom to 2021-01-01 00:00:00+00:00, run_after=2021-01-01 00:00:00+00:00
[2025-04-21T04:46:50.721+0000] {processor.py:183} INFO - Processing /home/airflow/.local/lib/python3.12/site-packages/airflow/example_dags/example_xcom.py took 0.046 seconds
[2025-04-21T04:47:21.086+0000] {processor.py:161} INFO - Started process (PID=92091) to work on /home/airflow/.local/lib/python3.12/site-packages/airflow/example_dags/example_xcom.py
[2025-04-21T04:47:21.086+0000] {processor.py:830} INFO - Processing file /home/airflow/.local/lib/python3.12/site-packages/airflow/example_dags/example_xcom.py for tasks to queue
[2025-04-21T04:47:21.087+0000] {logging_mixin.py:188} INFO - [2025-04-21T04:47:21.087+0000] {dagbag.py:545} INFO - Filling up the DagBag from /home/airflow/.local/lib/python3.12/site-packages/airflow/example_dags/example_xcom.py
[2025-04-21T04:47:21.091+0000] {processor.py:840} INFO - DAG(s) 'example_xcom' retrieved from /home/airflow/.local/lib/python3.12/site-packages/airflow/example_dags/example_xcom.py
[2025-04-21T04:47:21.101+0000] {logging_mixin.py:188} INFO - [2025-04-21T04:47:21.101+0000] {dag.py:3096} INFO - Sync 1 DAGs
[2025-04-21T04:47:21.110+0000] {logging_mixin.py:188} INFO - [2025-04-21T04:47:21.110+0000] {dag.py:3954} INFO - Setting next_dagrun for example_xcom to 2021-01-01 00:00:00+00:00, run_after=2021-01-01 00:00:00+00:00
[2025-04-21T04:47:21.117+0000] {processor.py:183} INFO - Processing /home/airflow/.local/lib/python3.12/site-packages/airflow/example_dags/example_xcom.py took 0.037 seconds
[2025-04-21T04:52:33.881+0000] {processor.py:161} INFO - Started process (PID=92151) to work on /home/airflow/.local/lib/python3.12/site-packages/airflow/example_dags/example_xcom.py
[2025-04-21T04:52:33.882+0000] {processor.py:830} INFO - Processing file /home/airflow/.local/lib/python3.12/site-packages/airflow/example_dags/example_xcom.py for tasks to queue
[2025-04-21T04:52:33.884+0000] {logging_mixin.py:188} INFO - [2025-04-21T04:52:33.884+0000] {dagbag.py:545} INFO - Filling up the DagBag from /home/airflow/.local/lib/python3.12/site-packages/airflow/example_dags/example_xcom.py
[2025-04-21T04:52:33.887+0000] {processor.py:840} INFO - DAG(s) 'example_xcom' retrieved from /home/airflow/.local/lib/python3.12/site-packages/airflow/example_dags/example_xcom.py
[2025-04-21T04:52:33.898+0000] {logging_mixin.py:188} INFO - [2025-04-21T04:52:33.898+0000] {dag.py:3096} INFO - Sync 1 DAGs
[2025-04-21T04:52:33.907+0000] {logging_mixin.py:188} INFO - [2025-04-21T04:52:33.907+0000] {dag.py:3954} INFO - Setting next_dagrun for example_xcom to 2021-01-01 00:00:00+00:00, run_after=2021-01-01 00:00:00+00:00
[2025-04-21T04:52:33.915+0000] {processor.py:183} INFO - Processing /home/airflow/.local/lib/python3.12/site-packages/airflow/example_dags/example_xcom.py took 0.037 seconds
[2025-04-21T05:15:37.393+0000] {processor.py:161} INFO - Started process (PID=92211) to work on /home/airflow/.local/lib/python3.12/site-packages/airflow/example_dags/example_xcom.py
[2025-04-21T05:15:37.397+0000] {processor.py:830} INFO - Processing file /home/airflow/.local/lib/python3.12/site-packages/airflow/example_dags/example_xcom.py for tasks to queue
[2025-04-21T05:15:37.398+0000] {logging_mixin.py:188} INFO - [2025-04-21T05:15:37.398+0000] {dagbag.py:545} INFO - Filling up the DagBag from /home/airflow/.local/lib/python3.12/site-packages/airflow/example_dags/example_xcom.py
[2025-04-21T05:15:37.402+0000] {processor.py:840} INFO - DAG(s) 'example_xcom' retrieved from /home/airflow/.local/lib/python3.12/site-packages/airflow/example_dags/example_xcom.py
[2025-04-21T05:15:37.412+0000] {logging_mixin.py:188} INFO - [2025-04-21T05:15:37.412+0000] {dag.py:3096} INFO - Sync 1 DAGs
[2025-04-21T05:15:37.423+0000] {logging_mixin.py:188} INFO - [2025-04-21T05:15:37.423+0000] {dag.py:3954} INFO - Setting next_dagrun for example_xcom to 2021-01-01 00:00:00+00:00, run_after=2021-01-01 00:00:00+00:00
[2025-04-21T05:15:37.433+0000] {processor.py:183} INFO - Processing /home/airflow/.local/lib/python3.12/site-packages/airflow/example_dags/example_xcom.py took 0.043 seconds
[2025-04-21T05:20:51.059+0000] {processor.py:161} INFO - Started process (PID=92271) to work on /home/airflow/.local/lib/python3.12/site-packages/airflow/example_dags/example_xcom.py
[2025-04-21T05:20:51.060+0000] {processor.py:830} INFO - Processing file /home/airflow/.local/lib/python3.12/site-packages/airflow/example_dags/example_xcom.py for tasks to queue
[2025-04-21T05:20:51.061+0000] {logging_mixin.py:188} INFO - [2025-04-21T05:20:51.061+0000] {dagbag.py:545} INFO - Filling up the DagBag from /home/airflow/.local/lib/python3.12/site-packages/airflow/example_dags/example_xcom.py
[2025-04-21T05:20:51.065+0000] {processor.py:840} INFO - DAG(s) 'example_xcom' retrieved from /home/airflow/.local/lib/python3.12/site-packages/airflow/example_dags/example_xcom.py
[2025-04-21T05:20:51.076+0000] {logging_mixin.py:188} INFO - [2025-04-21T05:20:51.076+0000] {dag.py:3096} INFO - Sync 1 DAGs
[2025-04-21T05:20:51.088+0000] {logging_mixin.py:188} INFO - [2025-04-21T05:20:51.088+0000] {dag.py:3954} INFO - Setting next_dagrun for example_xcom to 2021-01-01 00:00:00+00:00, run_after=2021-01-01 00:00:00+00:00
[2025-04-21T05:20:51.099+0000] {processor.py:183} INFO - Processing /home/airflow/.local/lib/python3.12/site-packages/airflow/example_dags/example_xcom.py took 0.044 seconds
[2025-04-21T05:26:03.538+0000] {processor.py:161} INFO - Started process (PID=92331) to work on /home/airflow/.local/lib/python3.12/site-packages/airflow/example_dags/example_xcom.py
[2025-04-21T05:26:03.539+0000] {processor.py:830} INFO - Processing file /home/airflow/.local/lib/python3.12/site-packages/airflow/example_dags/example_xcom.py for tasks to queue
[2025-04-21T05:26:03.539+0000] {logging_mixin.py:188} INFO - [2025-04-21T05:26:03.539+0000] {dagbag.py:545} INFO - Filling up the DagBag from /home/airflow/.local/lib/python3.12/site-packages/airflow/example_dags/example_xcom.py
[2025-04-21T05:26:03.543+0000] {processor.py:840} INFO - DAG(s) 'example_xcom' retrieved from /home/airflow/.local/lib/python3.12/site-packages/airflow/example_dags/example_xcom.py
[2025-04-21T05:26:03.552+0000] {logging_mixin.py:188} INFO - [2025-04-21T05:26:03.552+0000] {dag.py:3096} INFO - Sync 1 DAGs
[2025-04-21T05:26:03.560+0000] {logging_mixin.py:188} INFO - [2025-04-21T05:26:03.560+0000] {dag.py:3954} INFO - Setting next_dagrun for example_xcom to 2021-01-01 00:00:00+00:00, run_after=2021-01-01 00:00:00+00:00
[2025-04-21T05:26:03.567+0000] {processor.py:183} INFO - Processing /home/airflow/.local/lib/python3.12/site-packages/airflow/example_dags/example_xcom.py took 0.032 seconds
[2025-04-21T05:59:58.092+0000] {processor.py:161} INFO - Started process (PID=92391) to work on /home/airflow/.local/lib/python3.12/site-packages/airflow/example_dags/example_xcom.py
[2025-04-21T05:59:58.093+0000] {processor.py:830} INFO - Processing file /home/airflow/.local/lib/python3.12/site-packages/airflow/example_dags/example_xcom.py for tasks to queue
[2025-04-21T05:59:58.094+0000] {logging_mixin.py:188} INFO - [2025-04-21T05:59:58.094+0000] {dagbag.py:545} INFO - Filling up the DagBag from /home/airflow/.local/lib/python3.12/site-packages/airflow/example_dags/example_xcom.py
[2025-04-21T05:59:58.100+0000] {processor.py:840} INFO - DAG(s) 'example_xcom' retrieved from /home/airflow/.local/lib/python3.12/site-packages/airflow/example_dags/example_xcom.py
[2025-04-21T05:59:58.114+0000] {logging_mixin.py:188} INFO - [2025-04-21T05:59:58.114+0000] {dag.py:3096} INFO - Sync 1 DAGs
[2025-04-21T05:59:58.124+0000] {logging_mixin.py:188} INFO - [2025-04-21T05:59:58.124+0000] {dag.py:3954} INFO - Setting next_dagrun for example_xcom to 2021-01-01 00:00:00+00:00, run_after=2021-01-01 00:00:00+00:00
[2025-04-21T05:59:58.140+0000] {processor.py:183} INFO - Processing /home/airflow/.local/lib/python3.12/site-packages/airflow/example_dags/example_xcom.py took 0.051 seconds
[2025-04-21T07:21:16.717+0000] {processor.py:161} INFO - Started process (PID=92451) to work on /home/airflow/.local/lib/python3.12/site-packages/airflow/example_dags/example_xcom.py
[2025-04-21T07:21:16.718+0000] {processor.py:830} INFO - Processing file /home/airflow/.local/lib/python3.12/site-packages/airflow/example_dags/example_xcom.py for tasks to queue
[2025-04-21T07:21:16.719+0000] {logging_mixin.py:188} INFO - [2025-04-21T07:21:16.719+0000] {dagbag.py:545} INFO - Filling up the DagBag from /home/airflow/.local/lib/python3.12/site-packages/airflow/example_dags/example_xcom.py
[2025-04-21T07:21:16.724+0000] {processor.py:840} INFO - DAG(s) 'example_xcom' retrieved from /home/airflow/.local/lib/python3.12/site-packages/airflow/example_dags/example_xcom.py
[2025-04-21T07:21:16.734+0000] {logging_mixin.py:188} INFO - [2025-04-21T07:21:16.734+0000] {dag.py:3096} INFO - Sync 1 DAGs
[2025-04-21T07:21:16.743+0000] {logging_mixin.py:188} INFO - [2025-04-21T07:21:16.743+0000] {dag.py:3954} INFO - Setting next_dagrun for example_xcom to 2021-01-01 00:00:00+00:00, run_after=2021-01-01 00:00:00+00:00
[2025-04-21T07:21:16.750+0000] {processor.py:183} INFO - Processing /home/airflow/.local/lib/python3.12/site-packages/airflow/example_dags/example_xcom.py took 0.035 seconds
[2025-04-21T09:02:21.018+0000] {processor.py:161} INFO - Started process (PID=92511) to work on /home/airflow/.local/lib/python3.12/site-packages/airflow/example_dags/example_xcom.py
[2025-04-21T09:02:21.020+0000] {processor.py:830} INFO - Processing file /home/airflow/.local/lib/python3.12/site-packages/airflow/example_dags/example_xcom.py for tasks to queue
[2025-04-21T09:02:21.022+0000] {logging_mixin.py:188} INFO - [2025-04-21T09:02:21.021+0000] {dagbag.py:545} INFO - Filling up the DagBag from /home/airflow/.local/lib/python3.12/site-packages/airflow/example_dags/example_xcom.py
[2025-04-21T09:02:21.026+0000] {processor.py:840} INFO - DAG(s) 'example_xcom' retrieved from /home/airflow/.local/lib/python3.12/site-packages/airflow/example_dags/example_xcom.py
[2025-04-21T09:02:21.036+0000] {logging_mixin.py:188} INFO - [2025-04-21T09:02:21.036+0000] {dag.py:3096} INFO - Sync 1 DAGs
[2025-04-21T09:02:21.046+0000] {logging_mixin.py:188} INFO - [2025-04-21T09:02:21.046+0000] {dag.py:3954} INFO - Setting next_dagrun for example_xcom to 2021-01-01 00:00:00+00:00, run_after=2021-01-01 00:00:00+00:00
[2025-04-21T09:02:21.063+0000] {processor.py:183} INFO - Processing /home/airflow/.local/lib/python3.12/site-packages/airflow/example_dags/example_xcom.py took 0.049 seconds
[2025-04-21T10:25:30.274+0000] {processor.py:161} INFO - Started process (PID=92571) to work on /home/airflow/.local/lib/python3.12/site-packages/airflow/example_dags/example_xcom.py
[2025-04-21T10:25:30.276+0000] {processor.py:830} INFO - Processing file /home/airflow/.local/lib/python3.12/site-packages/airflow/example_dags/example_xcom.py for tasks to queue
[2025-04-21T10:25:30.277+0000] {logging_mixin.py:188} INFO - [2025-04-21T10:25:30.277+0000] {dagbag.py:545} INFO - Filling up the DagBag from /home/airflow/.local/lib/python3.12/site-packages/airflow/example_dags/example_xcom.py
[2025-04-21T10:25:30.281+0000] {processor.py:840} INFO - DAG(s) 'example_xcom' retrieved from /home/airflow/.local/lib/python3.12/site-packages/airflow/example_dags/example_xcom.py
[2025-04-21T10:25:30.291+0000] {logging_mixin.py:188} INFO - [2025-04-21T10:25:30.291+0000] {dag.py:3096} INFO - Sync 1 DAGs
[2025-04-21T10:25:30.303+0000] {logging_mixin.py:188} INFO - [2025-04-21T10:25:30.303+0000] {dag.py:3954} INFO - Setting next_dagrun for example_xcom to 2021-01-01 00:00:00+00:00, run_after=2021-01-01 00:00:00+00:00
[2025-04-21T10:25:30.317+0000] {processor.py:183} INFO - Processing /home/airflow/.local/lib/python3.12/site-packages/airflow/example_dags/example_xcom.py took 0.048 seconds
[2025-04-21T12:02:27.751+0000] {processor.py:161} INFO - Started process (PID=92631) to work on /home/airflow/.local/lib/python3.12/site-packages/airflow/example_dags/example_xcom.py
[2025-04-21T12:02:27.751+0000] {processor.py:830} INFO - Processing file /home/airflow/.local/lib/python3.12/site-packages/airflow/example_dags/example_xcom.py for tasks to queue
[2025-04-21T12:02:27.754+0000] {logging_mixin.py:188} INFO - [2025-04-21T12:02:27.753+0000] {dagbag.py:545} INFO - Filling up the DagBag from /home/airflow/.local/lib/python3.12/site-packages/airflow/example_dags/example_xcom.py
[2025-04-21T12:02:27.757+0000] {processor.py:840} INFO - DAG(s) 'example_xcom' retrieved from /home/airflow/.local/lib/python3.12/site-packages/airflow/example_dags/example_xcom.py
[2025-04-21T12:02:27.774+0000] {logging_mixin.py:188} INFO - [2025-04-21T12:02:27.774+0000] {dag.py:3096} INFO - Sync 1 DAGs
[2025-04-21T12:02:27.785+0000] {logging_mixin.py:188} INFO - [2025-04-21T12:02:27.784+0000] {dag.py:3954} INFO - Setting next_dagrun for example_xcom to 2021-01-01 00:00:00+00:00, run_after=2021-01-01 00:00:00+00:00
[2025-04-21T12:02:27.792+0000] {processor.py:183} INFO - Processing /home/airflow/.local/lib/python3.12/site-packages/airflow/example_dags/example_xcom.py took 0.045 seconds
[2025-04-21T12:02:58.164+0000] {processor.py:161} INFO - Started process (PID=92691) to work on /home/airflow/.local/lib/python3.12/site-packages/airflow/example_dags/example_xcom.py
[2025-04-21T12:02:58.165+0000] {processor.py:830} INFO - Processing file /home/airflow/.local/lib/python3.12/site-packages/airflow/example_dags/example_xcom.py for tasks to queue
[2025-04-21T12:02:58.166+0000] {logging_mixin.py:188} INFO - [2025-04-21T12:02:58.165+0000] {dagbag.py:545} INFO - Filling up the DagBag from /home/airflow/.local/lib/python3.12/site-packages/airflow/example_dags/example_xcom.py
[2025-04-21T12:02:58.169+0000] {processor.py:840} INFO - DAG(s) 'example_xcom' retrieved from /home/airflow/.local/lib/python3.12/site-packages/airflow/example_dags/example_xcom.py
[2025-04-21T12:02:58.179+0000] {logging_mixin.py:188} INFO - [2025-04-21T12:02:58.179+0000] {dag.py:3096} INFO - Sync 1 DAGs
[2025-04-21T12:02:58.188+0000] {logging_mixin.py:188} INFO - [2025-04-21T12:02:58.188+0000] {dag.py:3954} INFO - Setting next_dagrun for example_xcom to 2021-01-01 00:00:00+00:00, run_after=2021-01-01 00:00:00+00:00
[2025-04-21T12:02:58.195+0000] {processor.py:183} INFO - Processing /home/airflow/.local/lib/python3.12/site-packages/airflow/example_dags/example_xcom.py took 0.034 seconds
[2025-04-21T12:08:10.752+0000] {processor.py:161} INFO - Started process (PID=92751) to work on /home/airflow/.local/lib/python3.12/site-packages/airflow/example_dags/example_xcom.py
[2025-04-21T12:08:10.755+0000] {processor.py:830} INFO - Processing file /home/airflow/.local/lib/python3.12/site-packages/airflow/example_dags/example_xcom.py for tasks to queue
[2025-04-21T12:08:10.756+0000] {logging_mixin.py:188} INFO - [2025-04-21T12:08:10.756+0000] {dagbag.py:545} INFO - Filling up the DagBag from /home/airflow/.local/lib/python3.12/site-packages/airflow/example_dags/example_xcom.py
[2025-04-21T12:08:10.763+0000] {processor.py:840} INFO - DAG(s) 'example_xcom' retrieved from /home/airflow/.local/lib/python3.12/site-packages/airflow/example_dags/example_xcom.py
[2025-04-21T12:08:10.773+0000] {logging_mixin.py:188} INFO - [2025-04-21T12:08:10.773+0000] {dag.py:3096} INFO - Sync 1 DAGs
[2025-04-21T12:08:10.791+0000] {logging_mixin.py:188} INFO - [2025-04-21T12:08:10.791+0000] {dag.py:3954} INFO - Setting next_dagrun for example_xcom to 2021-01-01 00:00:00+00:00, run_after=2021-01-01 00:00:00+00:00
[2025-04-21T12:08:10.802+0000] {processor.py:183} INFO - Processing /home/airflow/.local/lib/python3.12/site-packages/airflow/example_dags/example_xcom.py took 0.054 seconds
[2025-04-21T12:09:05.717+0000] {processor.py:161} INFO - Started process (PID=92811) to work on /home/airflow/.local/lib/python3.12/site-packages/airflow/example_dags/example_xcom.py
[2025-04-21T12:09:05.718+0000] {processor.py:830} INFO - Processing file /home/airflow/.local/lib/python3.12/site-packages/airflow/example_dags/example_xcom.py for tasks to queue
[2025-04-21T12:09:05.720+0000] {logging_mixin.py:188} INFO - [2025-04-21T12:09:05.720+0000] {dagbag.py:545} INFO - Filling up the DagBag from /home/airflow/.local/lib/python3.12/site-packages/airflow/example_dags/example_xcom.py
[2025-04-21T12:09:05.725+0000] {processor.py:840} INFO - DAG(s) 'example_xcom' retrieved from /home/airflow/.local/lib/python3.12/site-packages/airflow/example_dags/example_xcom.py
[2025-04-21T12:09:05.737+0000] {logging_mixin.py:188} INFO - [2025-04-21T12:09:05.737+0000] {dag.py:3096} INFO - Sync 1 DAGs
[2025-04-21T12:09:05.751+0000] {logging_mixin.py:188} INFO - [2025-04-21T12:09:05.751+0000] {dag.py:3954} INFO - Setting next_dagrun for example_xcom to 2021-01-01 00:00:00+00:00, run_after=2021-01-01 00:00:00+00:00
[2025-04-21T12:09:05.766+0000] {processor.py:183} INFO - Processing /home/airflow/.local/lib/python3.12/site-packages/airflow/example_dags/example_xcom.py took 0.053 seconds
[2025-04-21T12:14:18.619+0000] {processor.py:161} INFO - Started process (PID=92871) to work on /home/airflow/.local/lib/python3.12/site-packages/airflow/example_dags/example_xcom.py
[2025-04-21T12:14:18.623+0000] {processor.py:830} INFO - Processing file /home/airflow/.local/lib/python3.12/site-packages/airflow/example_dags/example_xcom.py for tasks to queue
[2025-04-21T12:14:18.624+0000] {logging_mixin.py:188} INFO - [2025-04-21T12:14:18.623+0000] {dagbag.py:545} INFO - Filling up the DagBag from /home/airflow/.local/lib/python3.12/site-packages/airflow/example_dags/example_xcom.py
[2025-04-21T12:14:18.629+0000] {processor.py:840} INFO - DAG(s) 'example_xcom' retrieved from /home/airflow/.local/lib/python3.12/site-packages/airflow/example_dags/example_xcom.py
[2025-04-21T12:14:18.646+0000] {logging_mixin.py:188} INFO - [2025-04-21T12:14:18.646+0000] {dag.py:3096} INFO - Sync 1 DAGs
[2025-04-21T12:14:18.661+0000] {logging_mixin.py:188} INFO - [2025-04-21T12:14:18.661+0000] {dag.py:3954} INFO - Setting next_dagrun for example_xcom to 2021-01-01 00:00:00+00:00, run_after=2021-01-01 00:00:00+00:00
[2025-04-21T12:14:18.671+0000] {processor.py:183} INFO - Processing /home/airflow/.local/lib/python3.12/site-packages/airflow/example_dags/example_xcom.py took 0.055 seconds
[2025-04-21T12:19:32.147+0000] {processor.py:161} INFO - Started process (PID=92931) to work on /home/airflow/.local/lib/python3.12/site-packages/airflow/example_dags/example_xcom.py
[2025-04-21T12:19:32.149+0000] {processor.py:830} INFO - Processing file /home/airflow/.local/lib/python3.12/site-packages/airflow/example_dags/example_xcom.py for tasks to queue
[2025-04-21T12:19:32.150+0000] {logging_mixin.py:188} INFO - [2025-04-21T12:19:32.150+0000] {dagbag.py:545} INFO - Filling up the DagBag from /home/airflow/.local/lib/python3.12/site-packages/airflow/example_dags/example_xcom.py
[2025-04-21T12:19:32.154+0000] {processor.py:840} INFO - DAG(s) 'example_xcom' retrieved from /home/airflow/.local/lib/python3.12/site-packages/airflow/example_dags/example_xcom.py
[2025-04-21T12:19:32.164+0000] {logging_mixin.py:188} INFO - [2025-04-21T12:19:32.164+0000] {dag.py:3096} INFO - Sync 1 DAGs
[2025-04-21T12:19:32.175+0000] {logging_mixin.py:188} INFO - [2025-04-21T12:19:32.175+0000] {dag.py:3954} INFO - Setting next_dagrun for example_xcom to 2021-01-01 00:00:00+00:00, run_after=2021-01-01 00:00:00+00:00
[2025-04-21T12:19:32.184+0000] {processor.py:183} INFO - Processing /home/airflow/.local/lib/python3.12/site-packages/airflow/example_dags/example_xcom.py took 0.040 seconds
[2025-04-21T12:24:44.735+0000] {processor.py:161} INFO - Started process (PID=92991) to work on /home/airflow/.local/lib/python3.12/site-packages/airflow/example_dags/example_xcom.py
[2025-04-21T12:24:44.737+0000] {processor.py:830} INFO - Processing file /home/airflow/.local/lib/python3.12/site-packages/airflow/example_dags/example_xcom.py for tasks to queue
[2025-04-21T12:24:44.738+0000] {logging_mixin.py:188} INFO - [2025-04-21T12:24:44.738+0000] {dagbag.py:545} INFO - Filling up the DagBag from /home/airflow/.local/lib/python3.12/site-packages/airflow/example_dags/example_xcom.py
[2025-04-21T12:24:44.742+0000] {processor.py:840} INFO - DAG(s) 'example_xcom' retrieved from /home/airflow/.local/lib/python3.12/site-packages/airflow/example_dags/example_xcom.py
[2025-04-21T12:24:44.755+0000] {logging_mixin.py:188} INFO - [2025-04-21T12:24:44.755+0000] {dag.py:3096} INFO - Sync 1 DAGs
[2025-04-21T12:24:44.765+0000] {logging_mixin.py:188} INFO - [2025-04-21T12:24:44.765+0000] {dag.py:3954} INFO - Setting next_dagrun for example_xcom to 2021-01-01 00:00:00+00:00, run_after=2021-01-01 00:00:00+00:00
[2025-04-21T12:24:44.776+0000] {processor.py:183} INFO - Processing /home/airflow/.local/lib/python3.12/site-packages/airflow/example_dags/example_xcom.py took 0.044 seconds
[2025-04-21T12:56:59.768+0000] {processor.py:161} INFO - Started process (PID=93051) to work on /home/airflow/.local/lib/python3.12/site-packages/airflow/example_dags/example_xcom.py
[2025-04-21T12:56:59.769+0000] {processor.py:830} INFO - Processing file /home/airflow/.local/lib/python3.12/site-packages/airflow/example_dags/example_xcom.py for tasks to queue
[2025-04-21T12:56:59.771+0000] {logging_mixin.py:188} INFO - [2025-04-21T12:56:59.771+0000] {dagbag.py:545} INFO - Filling up the DagBag from /home/airflow/.local/lib/python3.12/site-packages/airflow/example_dags/example_xcom.py
[2025-04-21T12:56:59.775+0000] {processor.py:840} INFO - DAG(s) 'example_xcom' retrieved from /home/airflow/.local/lib/python3.12/site-packages/airflow/example_dags/example_xcom.py
[2025-04-21T12:56:59.789+0000] {logging_mixin.py:188} INFO - [2025-04-21T12:56:59.789+0000] {dag.py:3096} INFO - Sync 1 DAGs
[2025-04-21T12:56:59.800+0000] {logging_mixin.py:188} INFO - [2025-04-21T12:56:59.799+0000] {dag.py:3954} INFO - Setting next_dagrun for example_xcom to 2021-01-01 00:00:00+00:00, run_after=2021-01-01 00:00:00+00:00
[2025-04-21T12:56:59.810+0000] {processor.py:183} INFO - Processing /home/airflow/.local/lib/python3.12/site-packages/airflow/example_dags/example_xcom.py took 0.045 seconds
[2025-04-21T14:21:26.541+0000] {processor.py:161} INFO - Started process (PID=93111) to work on /home/airflow/.local/lib/python3.12/site-packages/airflow/example_dags/example_xcom.py
[2025-04-21T14:21:26.542+0000] {processor.py:830} INFO - Processing file /home/airflow/.local/lib/python3.12/site-packages/airflow/example_dags/example_xcom.py for tasks to queue
[2025-04-21T14:21:26.543+0000] {logging_mixin.py:188} INFO - [2025-04-21T14:21:26.543+0000] {dagbag.py:545} INFO - Filling up the DagBag from /home/airflow/.local/lib/python3.12/site-packages/airflow/example_dags/example_xcom.py
[2025-04-21T14:21:26.547+0000] {processor.py:840} INFO - DAG(s) 'example_xcom' retrieved from /home/airflow/.local/lib/python3.12/site-packages/airflow/example_dags/example_xcom.py
[2025-04-21T14:21:26.562+0000] {logging_mixin.py:188} INFO - [2025-04-21T14:21:26.562+0000] {dag.py:3096} INFO - Sync 1 DAGs
[2025-04-21T14:21:26.573+0000] {logging_mixin.py:188} INFO - [2025-04-21T14:21:26.573+0000] {dag.py:3954} INFO - Setting next_dagrun for example_xcom to 2021-01-01 00:00:00+00:00, run_after=2021-01-01 00:00:00+00:00
[2025-04-21T14:21:26.587+0000] {processor.py:183} INFO - Processing /home/airflow/.local/lib/python3.12/site-packages/airflow/example_dags/example_xcom.py took 0.049 seconds
[2025-04-21T16:03:45.077+0000] {processor.py:161} INFO - Started process (PID=93171) to work on /home/airflow/.local/lib/python3.12/site-packages/airflow/example_dags/example_xcom.py
[2025-04-21T16:03:45.077+0000] {processor.py:830} INFO - Processing file /home/airflow/.local/lib/python3.12/site-packages/airflow/example_dags/example_xcom.py for tasks to queue
[2025-04-21T16:03:45.078+0000] {logging_mixin.py:188} INFO - [2025-04-21T16:03:45.078+0000] {dagbag.py:545} INFO - Filling up the DagBag from /home/airflow/.local/lib/python3.12/site-packages/airflow/example_dags/example_xcom.py
[2025-04-21T16:03:45.082+0000] {processor.py:840} INFO - DAG(s) 'example_xcom' retrieved from /home/airflow/.local/lib/python3.12/site-packages/airflow/example_dags/example_xcom.py
[2025-04-21T16:03:45.092+0000] {logging_mixin.py:188} INFO - [2025-04-21T16:03:45.092+0000] {dag.py:3096} INFO - Sync 1 DAGs
[2025-04-21T16:03:45.104+0000] {logging_mixin.py:188} INFO - [2025-04-21T16:03:45.104+0000] {dag.py:3954} INFO - Setting next_dagrun for example_xcom to 2021-01-01 00:00:00+00:00, run_after=2021-01-01 00:00:00+00:00
[2025-04-21T16:03:45.116+0000] {processor.py:183} INFO - Processing /home/airflow/.local/lib/python3.12/site-packages/airflow/example_dags/example_xcom.py took 0.042 seconds
[2025-04-21T17:25:31.933+0000] {processor.py:161} INFO - Started process (PID=93231) to work on /home/airflow/.local/lib/python3.12/site-packages/airflow/example_dags/example_xcom.py
[2025-04-21T17:25:31.933+0000] {processor.py:830} INFO - Processing file /home/airflow/.local/lib/python3.12/site-packages/airflow/example_dags/example_xcom.py for tasks to queue
[2025-04-21T17:25:31.935+0000] {logging_mixin.py:188} INFO - [2025-04-21T17:25:31.934+0000] {dagbag.py:545} INFO - Filling up the DagBag from /home/airflow/.local/lib/python3.12/site-packages/airflow/example_dags/example_xcom.py
[2025-04-21T17:25:31.939+0000] {processor.py:840} INFO - DAG(s) 'example_xcom' retrieved from /home/airflow/.local/lib/python3.12/site-packages/airflow/example_dags/example_xcom.py
[2025-04-21T17:25:31.949+0000] {logging_mixin.py:188} INFO - [2025-04-21T17:25:31.949+0000] {dag.py:3096} INFO - Sync 1 DAGs
[2025-04-21T17:25:31.960+0000] {logging_mixin.py:188} INFO - [2025-04-21T17:25:31.959+0000] {dag.py:3954} INFO - Setting next_dagrun for example_xcom to 2021-01-01 00:00:00+00:00, run_after=2021-01-01 00:00:00+00:00
[2025-04-21T17:25:31.975+0000] {processor.py:183} INFO - Processing /home/airflow/.local/lib/python3.12/site-packages/airflow/example_dags/example_xcom.py took 0.045 seconds
[2025-04-21T18:31:35.243+0000] {processor.py:161} INFO - Started process (PID=93291) to work on /home/airflow/.local/lib/python3.12/site-packages/airflow/example_dags/example_xcom.py
[2025-04-21T18:31:35.244+0000] {processor.py:830} INFO - Processing file /home/airflow/.local/lib/python3.12/site-packages/airflow/example_dags/example_xcom.py for tasks to queue
[2025-04-21T18:31:35.245+0000] {logging_mixin.py:188} INFO - [2025-04-21T18:31:35.244+0000] {dagbag.py:545} INFO - Filling up the DagBag from /home/airflow/.local/lib/python3.12/site-packages/airflow/example_dags/example_xcom.py
[2025-04-21T18:31:35.249+0000] {processor.py:840} INFO - DAG(s) 'example_xcom' retrieved from /home/airflow/.local/lib/python3.12/site-packages/airflow/example_dags/example_xcom.py
[2025-04-21T18:31:35.259+0000] {logging_mixin.py:188} INFO - [2025-04-21T18:31:35.259+0000] {dag.py:3096} INFO - Sync 1 DAGs
[2025-04-21T18:31:35.269+0000] {logging_mixin.py:188} INFO - [2025-04-21T18:31:35.269+0000] {dag.py:3954} INFO - Setting next_dagrun for example_xcom to 2021-01-01 00:00:00+00:00, run_after=2021-01-01 00:00:00+00:00
[2025-04-21T18:31:35.283+0000] {processor.py:183} INFO - Processing /home/airflow/.local/lib/python3.12/site-packages/airflow/example_dags/example_xcom.py took 0.043 seconds
[2025-04-21T18:32:06.038+0000] {processor.py:161} INFO - Started process (PID=93351) to work on /home/airflow/.local/lib/python3.12/site-packages/airflow/example_dags/example_xcom.py
[2025-04-21T18:32:06.039+0000] {processor.py:830} INFO - Processing file /home/airflow/.local/lib/python3.12/site-packages/airflow/example_dags/example_xcom.py for tasks to queue
[2025-04-21T18:32:06.040+0000] {logging_mixin.py:188} INFO - [2025-04-21T18:32:06.040+0000] {dagbag.py:545} INFO - Filling up the DagBag from /home/airflow/.local/lib/python3.12/site-packages/airflow/example_dags/example_xcom.py
[2025-04-21T18:32:06.043+0000] {processor.py:840} INFO - DAG(s) 'example_xcom' retrieved from /home/airflow/.local/lib/python3.12/site-packages/airflow/example_dags/example_xcom.py
[2025-04-21T18:32:06.057+0000] {logging_mixin.py:188} INFO - [2025-04-21T18:32:06.057+0000] {dag.py:3096} INFO - Sync 1 DAGs
[2025-04-21T18:32:06.066+0000] {logging_mixin.py:188} INFO - [2025-04-21T18:32:06.066+0000] {dag.py:3954} INFO - Setting next_dagrun for example_xcom to 2021-01-01 00:00:00+00:00, run_after=2021-01-01 00:00:00+00:00
[2025-04-21T18:32:06.079+0000] {processor.py:183} INFO - Processing /home/airflow/.local/lib/python3.12/site-packages/airflow/example_dags/example_xcom.py took 0.045 seconds
[2025-04-21T18:35:57.572+0000] {processor.py:161} INFO - Started process (PID=93411) to work on /home/airflow/.local/lib/python3.12/site-packages/airflow/example_dags/example_xcom.py
[2025-04-21T18:35:57.572+0000] {processor.py:830} INFO - Processing file /home/airflow/.local/lib/python3.12/site-packages/airflow/example_dags/example_xcom.py for tasks to queue
[2025-04-21T18:35:57.573+0000] {logging_mixin.py:188} INFO - [2025-04-21T18:35:57.573+0000] {dagbag.py:545} INFO - Filling up the DagBag from /home/airflow/.local/lib/python3.12/site-packages/airflow/example_dags/example_xcom.py
[2025-04-21T18:35:57.577+0000] {processor.py:840} INFO - DAG(s) 'example_xcom' retrieved from /home/airflow/.local/lib/python3.12/site-packages/airflow/example_dags/example_xcom.py
[2025-04-21T18:35:57.592+0000] {logging_mixin.py:188} INFO - [2025-04-21T18:35:57.592+0000] {dag.py:3096} INFO - Sync 1 DAGs
[2025-04-21T18:35:57.604+0000] {logging_mixin.py:188} INFO - [2025-04-21T18:35:57.604+0000] {dag.py:3954} INFO - Setting next_dagrun for example_xcom to 2021-01-01 00:00:00+00:00, run_after=2021-01-01 00:00:00+00:00
[2025-04-21T18:35:57.615+0000] {processor.py:183} INFO - Processing /home/airflow/.local/lib/python3.12/site-packages/airflow/example_dags/example_xcom.py took 0.046 seconds
[2025-04-21T18:41:10.400+0000] {processor.py:161} INFO - Started process (PID=93471) to work on /home/airflow/.local/lib/python3.12/site-packages/airflow/example_dags/example_xcom.py
[2025-04-21T18:41:10.404+0000] {processor.py:830} INFO - Processing file /home/airflow/.local/lib/python3.12/site-packages/airflow/example_dags/example_xcom.py for tasks to queue
[2025-04-21T18:41:10.406+0000] {logging_mixin.py:188} INFO - [2025-04-21T18:41:10.405+0000] {dagbag.py:545} INFO - Filling up the DagBag from /home/airflow/.local/lib/python3.12/site-packages/airflow/example_dags/example_xcom.py
[2025-04-21T18:41:10.409+0000] {processor.py:840} INFO - DAG(s) 'example_xcom' retrieved from /home/airflow/.local/lib/python3.12/site-packages/airflow/example_dags/example_xcom.py
[2025-04-21T18:41:10.423+0000] {logging_mixin.py:188} INFO - [2025-04-21T18:41:10.423+0000] {dag.py:3096} INFO - Sync 1 DAGs
[2025-04-21T18:41:10.434+0000] {logging_mixin.py:188} INFO - [2025-04-21T18:41:10.433+0000] {dag.py:3954} INFO - Setting next_dagrun for example_xcom to 2021-01-01 00:00:00+00:00, run_after=2021-01-01 00:00:00+00:00
[2025-04-21T18:41:10.442+0000] {processor.py:183} INFO - Processing /home/airflow/.local/lib/python3.12/site-packages/airflow/example_dags/example_xcom.py took 0.045 seconds
[2025-04-21T18:41:41.199+0000] {processor.py:161} INFO - Started process (PID=93531) to work on /home/airflow/.local/lib/python3.12/site-packages/airflow/example_dags/example_xcom.py
[2025-04-21T18:41:41.200+0000] {processor.py:830} INFO - Processing file /home/airflow/.local/lib/python3.12/site-packages/airflow/example_dags/example_xcom.py for tasks to queue
[2025-04-21T18:41:41.202+0000] {logging_mixin.py:188} INFO - [2025-04-21T18:41:41.202+0000] {dagbag.py:545} INFO - Filling up the DagBag from /home/airflow/.local/lib/python3.12/site-packages/airflow/example_dags/example_xcom.py
[2025-04-21T18:41:41.207+0000] {processor.py:840} INFO - DAG(s) 'example_xcom' retrieved from /home/airflow/.local/lib/python3.12/site-packages/airflow/example_dags/example_xcom.py
[2025-04-21T18:41:41.225+0000] {logging_mixin.py:188} INFO - [2025-04-21T18:41:41.225+0000] {dag.py:3096} INFO - Sync 1 DAGs
[2025-04-21T18:41:41.237+0000] {logging_mixin.py:188} INFO - [2025-04-21T18:41:41.237+0000] {dag.py:3954} INFO - Setting next_dagrun for example_xcom to 2021-01-01 00:00:00+00:00, run_after=2021-01-01 00:00:00+00:00
[2025-04-21T18:41:41.246+0000] {processor.py:183} INFO - Processing /home/airflow/.local/lib/python3.12/site-packages/airflow/example_dags/example_xcom.py took 0.051 seconds
[2025-04-21T18:46:53.389+0000] {processor.py:161} INFO - Started process (PID=93591) to work on /home/airflow/.local/lib/python3.12/site-packages/airflow/example_dags/example_xcom.py
[2025-04-21T18:46:53.390+0000] {processor.py:830} INFO - Processing file /home/airflow/.local/lib/python3.12/site-packages/airflow/example_dags/example_xcom.py for tasks to queue
[2025-04-21T18:46:53.391+0000] {logging_mixin.py:188} INFO - [2025-04-21T18:46:53.391+0000] {dagbag.py:545} INFO - Filling up the DagBag from /home/airflow/.local/lib/python3.12/site-packages/airflow/example_dags/example_xcom.py
[2025-04-21T18:46:53.395+0000] {processor.py:840} INFO - DAG(s) 'example_xcom' retrieved from /home/airflow/.local/lib/python3.12/site-packages/airflow/example_dags/example_xcom.py
[2025-04-21T18:46:53.406+0000] {logging_mixin.py:188} INFO - [2025-04-21T18:46:53.406+0000] {dag.py:3096} INFO - Sync 1 DAGs
[2025-04-21T18:46:53.415+0000] {logging_mixin.py:188} INFO - [2025-04-21T18:46:53.415+0000] {dag.py:3954} INFO - Setting next_dagrun for example_xcom to 2021-01-01 00:00:00+00:00, run_after=2021-01-01 00:00:00+00:00
[2025-04-21T18:46:53.428+0000] {processor.py:183} INFO - Processing /home/airflow/.local/lib/python3.12/site-packages/airflow/example_dags/example_xcom.py took 0.043 seconds
[2025-04-21T18:52:06.540+0000] {processor.py:161} INFO - Started process (PID=93651) to work on /home/airflow/.local/lib/python3.12/site-packages/airflow/example_dags/example_xcom.py
[2025-04-21T18:52:06.541+0000] {processor.py:830} INFO - Processing file /home/airflow/.local/lib/python3.12/site-packages/airflow/example_dags/example_xcom.py for tasks to queue
[2025-04-21T18:52:06.542+0000] {logging_mixin.py:188} INFO - [2025-04-21T18:52:06.542+0000] {dagbag.py:545} INFO - Filling up the DagBag from /home/airflow/.local/lib/python3.12/site-packages/airflow/example_dags/example_xcom.py
[2025-04-21T18:52:06.545+0000] {processor.py:840} INFO - DAG(s) 'example_xcom' retrieved from /home/airflow/.local/lib/python3.12/site-packages/airflow/example_dags/example_xcom.py
[2025-04-21T18:52:06.561+0000] {logging_mixin.py:188} INFO - [2025-04-21T18:52:06.561+0000] {dag.py:3096} INFO - Sync 1 DAGs
[2025-04-21T18:52:06.580+0000] {logging_mixin.py:188} INFO - [2025-04-21T18:52:06.579+0000] {dag.py:3954} INFO - Setting next_dagrun for example_xcom to 2021-01-01 00:00:00+00:00, run_after=2021-01-01 00:00:00+00:00
[2025-04-21T18:52:06.589+0000] {processor.py:183} INFO - Processing /home/airflow/.local/lib/python3.12/site-packages/airflow/example_dags/example_xcom.py took 0.052 seconds
[2025-04-21T18:52:37.925+0000] {processor.py:161} INFO - Started process (PID=93711) to work on /home/airflow/.local/lib/python3.12/site-packages/airflow/example_dags/example_xcom.py
[2025-04-21T18:52:37.926+0000] {processor.py:830} INFO - Processing file /home/airflow/.local/lib/python3.12/site-packages/airflow/example_dags/example_xcom.py for tasks to queue
[2025-04-21T18:52:37.927+0000] {logging_mixin.py:188} INFO - [2025-04-21T18:52:37.927+0000] {dagbag.py:545} INFO - Filling up the DagBag from /home/airflow/.local/lib/python3.12/site-packages/airflow/example_dags/example_xcom.py
[2025-04-21T18:52:37.931+0000] {processor.py:840} INFO - DAG(s) 'example_xcom' retrieved from /home/airflow/.local/lib/python3.12/site-packages/airflow/example_dags/example_xcom.py
[2025-04-21T18:52:38.021+0000] {logging_mixin.py:188} INFO - [2025-04-21T18:52:38.021+0000] {dag.py:3096} INFO - Sync 1 DAGs
[2025-04-21T18:52:38.030+0000] {logging_mixin.py:188} INFO - [2025-04-21T18:52:38.030+0000] {dag.py:3954} INFO - Setting next_dagrun for example_xcom to 2021-01-01 00:00:00+00:00, run_after=2021-01-01 00:00:00+00:00
[2025-04-21T18:52:38.039+0000] {processor.py:183} INFO - Processing /home/airflow/.local/lib/python3.12/site-packages/airflow/example_dags/example_xcom.py took 0.117 seconds
[2025-04-21T18:57:49.210+0000] {processor.py:161} INFO - Started process (PID=93771) to work on /home/airflow/.local/lib/python3.12/site-packages/airflow/example_dags/example_xcom.py
[2025-04-21T18:57:49.210+0000] {processor.py:830} INFO - Processing file /home/airflow/.local/lib/python3.12/site-packages/airflow/example_dags/example_xcom.py for tasks to queue
[2025-04-21T18:57:49.211+0000] {logging_mixin.py:188} INFO - [2025-04-21T18:57:49.211+0000] {dagbag.py:545} INFO - Filling up the DagBag from /home/airflow/.local/lib/python3.12/site-packages/airflow/example_dags/example_xcom.py
[2025-04-21T18:57:49.215+0000] {processor.py:840} INFO - DAG(s) 'example_xcom' retrieved from /home/airflow/.local/lib/python3.12/site-packages/airflow/example_dags/example_xcom.py
[2025-04-21T18:57:49.226+0000] {logging_mixin.py:188} INFO - [2025-04-21T18:57:49.226+0000] {dag.py:3096} INFO - Sync 1 DAGs
[2025-04-21T18:57:49.235+0000] {logging_mixin.py:188} INFO - [2025-04-21T18:57:49.235+0000] {dag.py:3954} INFO - Setting next_dagrun for example_xcom to 2021-01-01 00:00:00+00:00, run_after=2021-01-01 00:00:00+00:00
[2025-04-21T18:57:49.242+0000] {processor.py:183} INFO - Processing /home/airflow/.local/lib/python3.12/site-packages/airflow/example_dags/example_xcom.py took 0.035 seconds
[2025-04-21T20:03:24.190+0000] {processor.py:161} INFO - Started process (PID=93831) to work on /home/airflow/.local/lib/python3.12/site-packages/airflow/example_dags/example_xcom.py
[2025-04-21T20:03:24.193+0000] {processor.py:830} INFO - Processing file /home/airflow/.local/lib/python3.12/site-packages/airflow/example_dags/example_xcom.py for tasks to queue
[2025-04-21T20:03:24.194+0000] {logging_mixin.py:188} INFO - [2025-04-21T20:03:24.194+0000] {dagbag.py:545} INFO - Filling up the DagBag from /home/airflow/.local/lib/python3.12/site-packages/airflow/example_dags/example_xcom.py
[2025-04-21T20:03:24.198+0000] {processor.py:840} INFO - DAG(s) 'example_xcom' retrieved from /home/airflow/.local/lib/python3.12/site-packages/airflow/example_dags/example_xcom.py
[2025-04-21T20:03:24.211+0000] {logging_mixin.py:188} INFO - [2025-04-21T20:03:24.210+0000] {dag.py:3096} INFO - Sync 1 DAGs
[2025-04-21T20:03:24.220+0000] {logging_mixin.py:188} INFO - [2025-04-21T20:03:24.220+0000] {dag.py:3954} INFO - Setting next_dagrun for example_xcom to 2021-01-01 00:00:00+00:00, run_after=2021-01-01 00:00:00+00:00
[2025-04-21T20:03:24.228+0000] {processor.py:183} INFO - Processing /home/airflow/.local/lib/python3.12/site-packages/airflow/example_dags/example_xcom.py took 0.041 seconds
[2025-04-21T20:15:53.715+0000] {processor.py:161} INFO - Started process (PID=93891) to work on /home/airflow/.local/lib/python3.12/site-packages/airflow/example_dags/example_xcom.py
[2025-04-21T20:15:53.715+0000] {processor.py:830} INFO - Processing file /home/airflow/.local/lib/python3.12/site-packages/airflow/example_dags/example_xcom.py for tasks to queue
[2025-04-21T20:15:53.716+0000] {logging_mixin.py:188} INFO - [2025-04-21T20:15:53.716+0000] {dagbag.py:545} INFO - Filling up the DagBag from /home/airflow/.local/lib/python3.12/site-packages/airflow/example_dags/example_xcom.py
[2025-04-21T20:15:53.720+0000] {processor.py:840} INFO - DAG(s) 'example_xcom' retrieved from /home/airflow/.local/lib/python3.12/site-packages/airflow/example_dags/example_xcom.py
[2025-04-21T20:15:53.730+0000] {logging_mixin.py:188} INFO - [2025-04-21T20:15:53.730+0000] {dag.py:3096} INFO - Sync 1 DAGs
[2025-04-21T20:15:53.743+0000] {logging_mixin.py:188} INFO - [2025-04-21T20:15:53.743+0000] {dag.py:3954} INFO - Setting next_dagrun for example_xcom to 2021-01-01 00:00:00+00:00, run_after=2021-01-01 00:00:00+00:00
[2025-04-21T20:15:53.755+0000] {processor.py:183} INFO - Processing /home/airflow/.local/lib/python3.12/site-packages/airflow/example_dags/example_xcom.py took 0.043 seconds
[2025-04-21T20:21:07.242+0000] {processor.py:161} INFO - Started process (PID=93951) to work on /home/airflow/.local/lib/python3.12/site-packages/airflow/example_dags/example_xcom.py
[2025-04-21T20:21:07.242+0000] {processor.py:830} INFO - Processing file /home/airflow/.local/lib/python3.12/site-packages/airflow/example_dags/example_xcom.py for tasks to queue
[2025-04-21T20:21:07.243+0000] {logging_mixin.py:188} INFO - [2025-04-21T20:21:07.243+0000] {dagbag.py:545} INFO - Filling up the DagBag from /home/airflow/.local/lib/python3.12/site-packages/airflow/example_dags/example_xcom.py
[2025-04-21T20:21:07.247+0000] {processor.py:840} INFO - DAG(s) 'example_xcom' retrieved from /home/airflow/.local/lib/python3.12/site-packages/airflow/example_dags/example_xcom.py
[2025-04-21T20:21:07.257+0000] {logging_mixin.py:188} INFO - [2025-04-21T20:21:07.257+0000] {dag.py:3096} INFO - Sync 1 DAGs
[2025-04-21T20:21:07.268+0000] {logging_mixin.py:188} INFO - [2025-04-21T20:21:07.267+0000] {dag.py:3954} INFO - Setting next_dagrun for example_xcom to 2021-01-01 00:00:00+00:00, run_after=2021-01-01 00:00:00+00:00
[2025-04-21T20:21:07.275+0000] {processor.py:183} INFO - Processing /home/airflow/.local/lib/python3.12/site-packages/airflow/example_dags/example_xcom.py took 0.036 seconds
[2025-04-21T20:22:21.125+0000] {processor.py:161} INFO - Started process (PID=94011) to work on /home/airflow/.local/lib/python3.12/site-packages/airflow/example_dags/example_xcom.py
[2025-04-21T20:22:21.125+0000] {processor.py:830} INFO - Processing file /home/airflow/.local/lib/python3.12/site-packages/airflow/example_dags/example_xcom.py for tasks to queue
[2025-04-21T20:22:21.127+0000] {logging_mixin.py:188} INFO - [2025-04-21T20:22:21.127+0000] {dagbag.py:545} INFO - Filling up the DagBag from /home/airflow/.local/lib/python3.12/site-packages/airflow/example_dags/example_xcom.py
[2025-04-21T20:22:21.132+0000] {processor.py:840} INFO - DAG(s) 'example_xcom' retrieved from /home/airflow/.local/lib/python3.12/site-packages/airflow/example_dags/example_xcom.py
[2025-04-21T20:22:21.146+0000] {logging_mixin.py:188} INFO - [2025-04-21T20:22:21.146+0000] {dag.py:3096} INFO - Sync 1 DAGs
[2025-04-21T20:22:21.156+0000] {logging_mixin.py:188} INFO - [2025-04-21T20:22:21.156+0000] {dag.py:3954} INFO - Setting next_dagrun for example_xcom to 2021-01-01 00:00:00+00:00, run_after=2021-01-01 00:00:00+00:00
[2025-04-21T20:22:21.164+0000] {processor.py:183} INFO - Processing /home/airflow/.local/lib/python3.12/site-packages/airflow/example_dags/example_xcom.py took 0.042 seconds
[2025-04-21T20:27:34.754+0000] {processor.py:161} INFO - Started process (PID=94071) to work on /home/airflow/.local/lib/python3.12/site-packages/airflow/example_dags/example_xcom.py
[2025-04-21T20:27:34.754+0000] {processor.py:830} INFO - Processing file /home/airflow/.local/lib/python3.12/site-packages/airflow/example_dags/example_xcom.py for tasks to queue
[2025-04-21T20:27:34.755+0000] {logging_mixin.py:188} INFO - [2025-04-21T20:27:34.755+0000] {dagbag.py:545} INFO - Filling up the DagBag from /home/airflow/.local/lib/python3.12/site-packages/airflow/example_dags/example_xcom.py
[2025-04-21T20:27:34.759+0000] {processor.py:840} INFO - DAG(s) 'example_xcom' retrieved from /home/airflow/.local/lib/python3.12/site-packages/airflow/example_dags/example_xcom.py
[2025-04-21T20:27:34.768+0000] {logging_mixin.py:188} INFO - [2025-04-21T20:27:34.768+0000] {dag.py:3096} INFO - Sync 1 DAGs
[2025-04-21T20:27:34.776+0000] {logging_mixin.py:188} INFO - [2025-04-21T20:27:34.776+0000] {dag.py:3954} INFO - Setting next_dagrun for example_xcom to 2021-01-01 00:00:00+00:00, run_after=2021-01-01 00:00:00+00:00
[2025-04-21T20:27:34.783+0000] {processor.py:183} INFO - Processing /home/airflow/.local/lib/python3.12/site-packages/airflow/example_dags/example_xcom.py took 0.032 seconds
[2025-04-21T20:29:31.977+0000] {processor.py:161} INFO - Started process (PID=94131) to work on /home/airflow/.local/lib/python3.12/site-packages/airflow/example_dags/example_xcom.py
[2025-04-21T20:29:31.977+0000] {processor.py:830} INFO - Processing file /home/airflow/.local/lib/python3.12/site-packages/airflow/example_dags/example_xcom.py for tasks to queue
[2025-04-21T20:29:31.979+0000] {logging_mixin.py:188} INFO - [2025-04-21T20:29:31.979+0000] {dagbag.py:545} INFO - Filling up the DagBag from /home/airflow/.local/lib/python3.12/site-packages/airflow/example_dags/example_xcom.py
[2025-04-21T20:29:31.984+0000] {processor.py:840} INFO - DAG(s) 'example_xcom' retrieved from /home/airflow/.local/lib/python3.12/site-packages/airflow/example_dags/example_xcom.py
[2025-04-21T20:29:31.996+0000] {logging_mixin.py:188} INFO - [2025-04-21T20:29:31.995+0000] {dag.py:3096} INFO - Sync 1 DAGs
[2025-04-21T20:29:32.007+0000] {logging_mixin.py:188} INFO - [2025-04-21T20:29:32.007+0000] {dag.py:3954} INFO - Setting next_dagrun for example_xcom to 2021-01-01 00:00:00+00:00, run_after=2021-01-01 00:00:00+00:00
[2025-04-21T20:29:32.015+0000] {processor.py:183} INFO - Processing /home/airflow/.local/lib/python3.12/site-packages/airflow/example_dags/example_xcom.py took 0.041 seconds
[2025-04-21T20:30:51.433+0000] {processor.py:161} INFO - Started process (PID=94191) to work on /home/airflow/.local/lib/python3.12/site-packages/airflow/example_dags/example_xcom.py
[2025-04-21T20:30:51.434+0000] {processor.py:830} INFO - Processing file /home/airflow/.local/lib/python3.12/site-packages/airflow/example_dags/example_xcom.py for tasks to queue
[2025-04-21T20:30:51.435+0000] {logging_mixin.py:188} INFO - [2025-04-21T20:30:51.435+0000] {dagbag.py:545} INFO - Filling up the DagBag from /home/airflow/.local/lib/python3.12/site-packages/airflow/example_dags/example_xcom.py
[2025-04-21T20:30:51.439+0000] {processor.py:840} INFO - DAG(s) 'example_xcom' retrieved from /home/airflow/.local/lib/python3.12/site-packages/airflow/example_dags/example_xcom.py
[2025-04-21T20:30:51.452+0000] {logging_mixin.py:188} INFO - [2025-04-21T20:30:51.451+0000] {dag.py:3096} INFO - Sync 1 DAGs
[2025-04-21T20:30:51.464+0000] {logging_mixin.py:188} INFO - [2025-04-21T20:30:51.463+0000] {dag.py:3954} INFO - Setting next_dagrun for example_xcom to 2021-01-01 00:00:00+00:00, run_after=2021-01-01 00:00:00+00:00
[2025-04-21T20:30:51.475+0000] {processor.py:183} INFO - Processing /home/airflow/.local/lib/python3.12/site-packages/airflow/example_dags/example_xcom.py took 0.045 seconds
[2025-04-21T20:31:32.697+0000] {processor.py:161} INFO - Started process (PID=94251) to work on /home/airflow/.local/lib/python3.12/site-packages/airflow/example_dags/example_xcom.py
[2025-04-21T20:31:32.700+0000] {processor.py:830} INFO - Processing file /home/airflow/.local/lib/python3.12/site-packages/airflow/example_dags/example_xcom.py for tasks to queue
[2025-04-21T20:31:32.702+0000] {logging_mixin.py:188} INFO - [2025-04-21T20:31:32.701+0000] {dagbag.py:545} INFO - Filling up the DagBag from /home/airflow/.local/lib/python3.12/site-packages/airflow/example_dags/example_xcom.py
[2025-04-21T20:31:32.705+0000] {processor.py:840} INFO - DAG(s) 'example_xcom' retrieved from /home/airflow/.local/lib/python3.12/site-packages/airflow/example_dags/example_xcom.py
[2025-04-21T20:31:32.717+0000] {logging_mixin.py:188} INFO - [2025-04-21T20:31:32.717+0000] {dag.py:3096} INFO - Sync 1 DAGs
[2025-04-21T20:31:32.727+0000] {logging_mixin.py:188} INFO - [2025-04-21T20:31:32.727+0000] {dag.py:3954} INFO - Setting next_dagrun for example_xcom to 2021-01-01 00:00:00+00:00, run_after=2021-01-01 00:00:00+00:00
[2025-04-21T20:31:32.737+0000] {processor.py:183} INFO - Processing /home/airflow/.local/lib/python3.12/site-packages/airflow/example_dags/example_xcom.py took 0.043 seconds
[2025-04-21T20:32:07.999+0000] {processor.py:161} INFO - Started process (PID=94311) to work on /home/airflow/.local/lib/python3.12/site-packages/airflow/example_dags/example_xcom.py
[2025-04-21T20:32:08.000+0000] {processor.py:830} INFO - Processing file /home/airflow/.local/lib/python3.12/site-packages/airflow/example_dags/example_xcom.py for tasks to queue
[2025-04-21T20:32:08.005+0000] {logging_mixin.py:188} INFO - [2025-04-21T20:32:08.004+0000] {dagbag.py:545} INFO - Filling up the DagBag from /home/airflow/.local/lib/python3.12/site-packages/airflow/example_dags/example_xcom.py
[2025-04-21T20:32:08.009+0000] {processor.py:840} INFO - DAG(s) 'example_xcom' retrieved from /home/airflow/.local/lib/python3.12/site-packages/airflow/example_dags/example_xcom.py
[2025-04-21T20:32:08.020+0000] {logging_mixin.py:188} INFO - [2025-04-21T20:32:08.020+0000] {dag.py:3096} INFO - Sync 1 DAGs
[2025-04-21T20:32:08.032+0000] {logging_mixin.py:188} INFO - [2025-04-21T20:32:08.032+0000] {dag.py:3954} INFO - Setting next_dagrun for example_xcom to 2021-01-01 00:00:00+00:00, run_after=2021-01-01 00:00:00+00:00
[2025-04-21T20:32:08.044+0000] {processor.py:183} INFO - Processing /home/airflow/.local/lib/python3.12/site-packages/airflow/example_dags/example_xcom.py took 0.048 seconds
[2025-04-21T20:33:32.704+0000] {processor.py:161} INFO - Started process (PID=94371) to work on /home/airflow/.local/lib/python3.12/site-packages/airflow/example_dags/example_xcom.py
[2025-04-21T20:33:32.708+0000] {processor.py:830} INFO - Processing file /home/airflow/.local/lib/python3.12/site-packages/airflow/example_dags/example_xcom.py for tasks to queue
[2025-04-21T20:33:32.709+0000] {logging_mixin.py:188} INFO - [2025-04-21T20:33:32.709+0000] {dagbag.py:545} INFO - Filling up the DagBag from /home/airflow/.local/lib/python3.12/site-packages/airflow/example_dags/example_xcom.py
[2025-04-21T20:33:32.713+0000] {processor.py:840} INFO - DAG(s) 'example_xcom' retrieved from /home/airflow/.local/lib/python3.12/site-packages/airflow/example_dags/example_xcom.py
[2025-04-21T20:33:32.727+0000] {logging_mixin.py:188} INFO - [2025-04-21T20:33:32.727+0000] {dag.py:3096} INFO - Sync 1 DAGs
[2025-04-21T20:33:32.739+0000] {logging_mixin.py:188} INFO - [2025-04-21T20:33:32.739+0000] {dag.py:3954} INFO - Setting next_dagrun for example_xcom to 2021-01-01 00:00:00+00:00, run_after=2021-01-01 00:00:00+00:00
[2025-04-21T20:33:32.748+0000] {processor.py:183} INFO - Processing /home/airflow/.local/lib/python3.12/site-packages/airflow/example_dags/example_xcom.py took 0.047 seconds
[2025-04-21T20:34:55.285+0000] {processor.py:161} INFO - Started process (PID=94431) to work on /home/airflow/.local/lib/python3.12/site-packages/airflow/example_dags/example_xcom.py
[2025-04-21T20:34:55.286+0000] {processor.py:830} INFO - Processing file /home/airflow/.local/lib/python3.12/site-packages/airflow/example_dags/example_xcom.py for tasks to queue
[2025-04-21T20:34:55.287+0000] {logging_mixin.py:188} INFO - [2025-04-21T20:34:55.286+0000] {dagbag.py:545} INFO - Filling up the DagBag from /home/airflow/.local/lib/python3.12/site-packages/airflow/example_dags/example_xcom.py
[2025-04-21T20:34:55.290+0000] {processor.py:840} INFO - DAG(s) 'example_xcom' retrieved from /home/airflow/.local/lib/python3.12/site-packages/airflow/example_dags/example_xcom.py
[2025-04-21T20:34:55.300+0000] {logging_mixin.py:188} INFO - [2025-04-21T20:34:55.300+0000] {dag.py:3096} INFO - Sync 1 DAGs
[2025-04-21T20:34:55.308+0000] {logging_mixin.py:188} INFO - [2025-04-21T20:34:55.308+0000] {dag.py:3954} INFO - Setting next_dagrun for example_xcom to 2021-01-01 00:00:00+00:00, run_after=2021-01-01 00:00:00+00:00
[2025-04-21T20:34:55.315+0000] {processor.py:183} INFO - Processing /home/airflow/.local/lib/python3.12/site-packages/airflow/example_dags/example_xcom.py took 0.032 seconds
[2025-04-21T20:36:08.385+0000] {processor.py:161} INFO - Started process (PID=94491) to work on /home/airflow/.local/lib/python3.12/site-packages/airflow/example_dags/example_xcom.py
[2025-04-21T20:36:08.386+0000] {processor.py:830} INFO - Processing file /home/airflow/.local/lib/python3.12/site-packages/airflow/example_dags/example_xcom.py for tasks to queue
[2025-04-21T20:36:08.388+0000] {logging_mixin.py:188} INFO - [2025-04-21T20:36:08.388+0000] {dagbag.py:545} INFO - Filling up the DagBag from /home/airflow/.local/lib/python3.12/site-packages/airflow/example_dags/example_xcom.py
[2025-04-21T20:36:08.392+0000] {processor.py:840} INFO - DAG(s) 'example_xcom' retrieved from /home/airflow/.local/lib/python3.12/site-packages/airflow/example_dags/example_xcom.py
[2025-04-21T20:36:08.405+0000] {logging_mixin.py:188} INFO - [2025-04-21T20:36:08.405+0000] {dag.py:3096} INFO - Sync 1 DAGs
[2025-04-21T20:36:08.418+0000] {logging_mixin.py:188} INFO - [2025-04-21T20:36:08.418+0000] {dag.py:3954} INFO - Setting next_dagrun for example_xcom to 2021-01-01 00:00:00+00:00, run_after=2021-01-01 00:00:00+00:00
[2025-04-21T20:36:08.427+0000] {processor.py:183} INFO - Processing /home/airflow/.local/lib/python3.12/site-packages/airflow/example_dags/example_xcom.py took 0.044 seconds
[2025-04-21T20:37:30.222+0000] {processor.py:161} INFO - Started process (PID=94551) to work on /home/airflow/.local/lib/python3.12/site-packages/airflow/example_dags/example_xcom.py
[2025-04-21T20:37:30.225+0000] {processor.py:830} INFO - Processing file /home/airflow/.local/lib/python3.12/site-packages/airflow/example_dags/example_xcom.py for tasks to queue
[2025-04-21T20:37:30.227+0000] {logging_mixin.py:188} INFO - [2025-04-21T20:37:30.227+0000] {dagbag.py:545} INFO - Filling up the DagBag from /home/airflow/.local/lib/python3.12/site-packages/airflow/example_dags/example_xcom.py
[2025-04-21T20:37:30.232+0000] {processor.py:840} INFO - DAG(s) 'example_xcom' retrieved from /home/airflow/.local/lib/python3.12/site-packages/airflow/example_dags/example_xcom.py
[2025-04-21T20:37:30.244+0000] {logging_mixin.py:188} INFO - [2025-04-21T20:37:30.244+0000] {dag.py:3096} INFO - Sync 1 DAGs
[2025-04-21T20:37:30.253+0000] {logging_mixin.py:188} INFO - [2025-04-21T20:37:30.253+0000] {dag.py:3954} INFO - Setting next_dagrun for example_xcom to 2021-01-01 00:00:00+00:00, run_after=2021-01-01 00:00:00+00:00
[2025-04-21T20:37:30.262+0000] {processor.py:183} INFO - Processing /home/airflow/.local/lib/python3.12/site-packages/airflow/example_dags/example_xcom.py took 0.044 seconds
[2025-04-21T20:40:16.669+0000] {processor.py:161} INFO - Started process (PID=94611) to work on /home/airflow/.local/lib/python3.12/site-packages/airflow/example_dags/example_xcom.py
[2025-04-21T20:40:16.670+0000] {processor.py:830} INFO - Processing file /home/airflow/.local/lib/python3.12/site-packages/airflow/example_dags/example_xcom.py for tasks to queue
[2025-04-21T20:40:16.671+0000] {logging_mixin.py:188} INFO - [2025-04-21T20:40:16.671+0000] {dagbag.py:545} INFO - Filling up the DagBag from /home/airflow/.local/lib/python3.12/site-packages/airflow/example_dags/example_xcom.py
[2025-04-21T20:40:16.675+0000] {processor.py:840} INFO - DAG(s) 'example_xcom' retrieved from /home/airflow/.local/lib/python3.12/site-packages/airflow/example_dags/example_xcom.py
[2025-04-21T20:40:16.687+0000] {logging_mixin.py:188} INFO - [2025-04-21T20:40:16.687+0000] {dag.py:3096} INFO - Sync 1 DAGs
[2025-04-21T20:40:16.697+0000] {logging_mixin.py:188} INFO - [2025-04-21T20:40:16.697+0000] {dag.py:3954} INFO - Setting next_dagrun for example_xcom to 2021-01-01 00:00:00+00:00, run_after=2021-01-01 00:00:00+00:00
[2025-04-21T20:40:16.706+0000] {processor.py:183} INFO - Processing /home/airflow/.local/lib/python3.12/site-packages/airflow/example_dags/example_xcom.py took 0.039 seconds
[2025-04-21T20:41:06.593+0000] {processor.py:161} INFO - Started process (PID=94671) to work on /home/airflow/.local/lib/python3.12/site-packages/airflow/example_dags/example_xcom.py
[2025-04-21T20:41:06.593+0000] {processor.py:830} INFO - Processing file /home/airflow/.local/lib/python3.12/site-packages/airflow/example_dags/example_xcom.py for tasks to queue
[2025-04-21T20:41:06.594+0000] {logging_mixin.py:188} INFO - [2025-04-21T20:41:06.594+0000] {dagbag.py:545} INFO - Filling up the DagBag from /home/airflow/.local/lib/python3.12/site-packages/airflow/example_dags/example_xcom.py
[2025-04-21T20:41:06.598+0000] {processor.py:840} INFO - DAG(s) 'example_xcom' retrieved from /home/airflow/.local/lib/python3.12/site-packages/airflow/example_dags/example_xcom.py
[2025-04-21T20:41:06.608+0000] {logging_mixin.py:188} INFO - [2025-04-21T20:41:06.608+0000] {dag.py:3096} INFO - Sync 1 DAGs
[2025-04-21T20:41:06.616+0000] {logging_mixin.py:188} INFO - [2025-04-21T20:41:06.616+0000] {dag.py:3954} INFO - Setting next_dagrun for example_xcom to 2021-01-01 00:00:00+00:00, run_after=2021-01-01 00:00:00+00:00
[2025-04-21T20:41:06.624+0000] {processor.py:183} INFO - Processing /home/airflow/.local/lib/python3.12/site-packages/airflow/example_dags/example_xcom.py took 0.034 seconds
[2025-04-21T20:41:49.210+0000] {processor.py:161} INFO - Started process (PID=94731) to work on /home/airflow/.local/lib/python3.12/site-packages/airflow/example_dags/example_xcom.py
[2025-04-21T20:41:49.211+0000] {processor.py:830} INFO - Processing file /home/airflow/.local/lib/python3.12/site-packages/airflow/example_dags/example_xcom.py for tasks to queue
[2025-04-21T20:41:49.213+0000] {logging_mixin.py:188} INFO - [2025-04-21T20:41:49.213+0000] {dagbag.py:545} INFO - Filling up the DagBag from /home/airflow/.local/lib/python3.12/site-packages/airflow/example_dags/example_xcom.py
[2025-04-21T20:41:49.217+0000] {processor.py:840} INFO - DAG(s) 'example_xcom' retrieved from /home/airflow/.local/lib/python3.12/site-packages/airflow/example_dags/example_xcom.py
[2025-04-21T20:41:49.227+0000] {logging_mixin.py:188} INFO - [2025-04-21T20:41:49.227+0000] {dag.py:3096} INFO - Sync 1 DAGs
[2025-04-21T20:41:49.238+0000] {logging_mixin.py:188} INFO - [2025-04-21T20:41:49.237+0000] {dag.py:3954} INFO - Setting next_dagrun for example_xcom to 2021-01-01 00:00:00+00:00, run_after=2021-01-01 00:00:00+00:00
[2025-04-21T20:41:49.251+0000] {processor.py:183} INFO - Processing /home/airflow/.local/lib/python3.12/site-packages/airflow/example_dags/example_xcom.py took 0.043 seconds
[2025-04-21T20:42:34.347+0000] {processor.py:161} INFO - Started process (PID=94791) to work on /home/airflow/.local/lib/python3.12/site-packages/airflow/example_dags/example_xcom.py
[2025-04-21T20:42:34.348+0000] {processor.py:830} INFO - Processing file /home/airflow/.local/lib/python3.12/site-packages/airflow/example_dags/example_xcom.py for tasks to queue
[2025-04-21T20:42:34.349+0000] {logging_mixin.py:188} INFO - [2025-04-21T20:42:34.349+0000] {dagbag.py:545} INFO - Filling up the DagBag from /home/airflow/.local/lib/python3.12/site-packages/airflow/example_dags/example_xcom.py
[2025-04-21T20:42:34.353+0000] {processor.py:840} INFO - DAG(s) 'example_xcom' retrieved from /home/airflow/.local/lib/python3.12/site-packages/airflow/example_dags/example_xcom.py
[2025-04-21T20:42:34.362+0000] {logging_mixin.py:188} INFO - [2025-04-21T20:42:34.362+0000] {dag.py:3096} INFO - Sync 1 DAGs
[2025-04-21T20:42:34.372+0000] {logging_mixin.py:188} INFO - [2025-04-21T20:42:34.372+0000] {dag.py:3954} INFO - Setting next_dagrun for example_xcom to 2021-01-01 00:00:00+00:00, run_after=2021-01-01 00:00:00+00:00
[2025-04-21T20:42:34.384+0000] {processor.py:183} INFO - Processing /home/airflow/.local/lib/python3.12/site-packages/airflow/example_dags/example_xcom.py took 0.040 seconds
[2025-04-21T20:43:37.416+0000] {processor.py:161} INFO - Started process (PID=94851) to work on /home/airflow/.local/lib/python3.12/site-packages/airflow/example_dags/example_xcom.py
[2025-04-21T20:43:37.416+0000] {processor.py:830} INFO - Processing file /home/airflow/.local/lib/python3.12/site-packages/airflow/example_dags/example_xcom.py for tasks to queue
[2025-04-21T20:43:37.417+0000] {logging_mixin.py:188} INFO - [2025-04-21T20:43:37.417+0000] {dagbag.py:545} INFO - Filling up the DagBag from /home/airflow/.local/lib/python3.12/site-packages/airflow/example_dags/example_xcom.py
[2025-04-21T20:43:37.420+0000] {processor.py:840} INFO - DAG(s) 'example_xcom' retrieved from /home/airflow/.local/lib/python3.12/site-packages/airflow/example_dags/example_xcom.py
[2025-04-21T20:43:37.430+0000] {logging_mixin.py:188} INFO - [2025-04-21T20:43:37.430+0000] {dag.py:3096} INFO - Sync 1 DAGs
[2025-04-21T20:43:37.438+0000] {logging_mixin.py:188} INFO - [2025-04-21T20:43:37.438+0000] {dag.py:3954} INFO - Setting next_dagrun for example_xcom to 2021-01-01 00:00:00+00:00, run_after=2021-01-01 00:00:00+00:00
[2025-04-21T20:43:37.445+0000] {processor.py:183} INFO - Processing /home/airflow/.local/lib/python3.12/site-packages/airflow/example_dags/example_xcom.py took 0.032 seconds
[2025-04-21T20:44:41.264+0000] {processor.py:161} INFO - Started process (PID=94911) to work on /home/airflow/.local/lib/python3.12/site-packages/airflow/example_dags/example_xcom.py
[2025-04-21T20:44:41.264+0000] {processor.py:830} INFO - Processing file /home/airflow/.local/lib/python3.12/site-packages/airflow/example_dags/example_xcom.py for tasks to queue
[2025-04-21T20:44:41.265+0000] {logging_mixin.py:188} INFO - [2025-04-21T20:44:41.265+0000] {dagbag.py:545} INFO - Filling up the DagBag from /home/airflow/.local/lib/python3.12/site-packages/airflow/example_dags/example_xcom.py
[2025-04-21T20:44:41.270+0000] {processor.py:840} INFO - DAG(s) 'example_xcom' retrieved from /home/airflow/.local/lib/python3.12/site-packages/airflow/example_dags/example_xcom.py
[2025-04-21T20:44:41.282+0000] {logging_mixin.py:188} INFO - [2025-04-21T20:44:41.282+0000] {dag.py:3096} INFO - Sync 1 DAGs
[2025-04-21T20:44:41.293+0000] {logging_mixin.py:188} INFO - [2025-04-21T20:44:41.292+0000] {dag.py:3954} INFO - Setting next_dagrun for example_xcom to 2021-01-01 00:00:00+00:00, run_after=2021-01-01 00:00:00+00:00
[2025-04-21T20:44:41.301+0000] {processor.py:183} INFO - Processing /home/airflow/.local/lib/python3.12/site-packages/airflow/example_dags/example_xcom.py took 0.040 seconds
[2025-04-21T20:45:22.915+0000] {processor.py:161} INFO - Started process (PID=94971) to work on /home/airflow/.local/lib/python3.12/site-packages/airflow/example_dags/example_xcom.py
[2025-04-21T20:45:22.916+0000] {processor.py:830} INFO - Processing file /home/airflow/.local/lib/python3.12/site-packages/airflow/example_dags/example_xcom.py for tasks to queue
[2025-04-21T20:45:22.917+0000] {logging_mixin.py:188} INFO - [2025-04-21T20:45:22.917+0000] {dagbag.py:545} INFO - Filling up the DagBag from /home/airflow/.local/lib/python3.12/site-packages/airflow/example_dags/example_xcom.py
[2025-04-21T20:45:22.921+0000] {processor.py:840} INFO - DAG(s) 'example_xcom' retrieved from /home/airflow/.local/lib/python3.12/site-packages/airflow/example_dags/example_xcom.py
[2025-04-21T20:45:22.935+0000] {logging_mixin.py:188} INFO - [2025-04-21T20:45:22.935+0000] {dag.py:3096} INFO - Sync 1 DAGs
[2025-04-21T20:45:22.949+0000] {logging_mixin.py:188} INFO - [2025-04-21T20:45:22.949+0000] {dag.py:3954} INFO - Setting next_dagrun for example_xcom to 2021-01-01 00:00:00+00:00, run_after=2021-01-01 00:00:00+00:00
[2025-04-21T20:45:22.962+0000] {processor.py:183} INFO - Processing /home/airflow/.local/lib/python3.12/site-packages/airflow/example_dags/example_xcom.py took 0.050 seconds
[2025-04-21T20:50:35.503+0000] {processor.py:161} INFO - Started process (PID=95031) to work on /home/airflow/.local/lib/python3.12/site-packages/airflow/example_dags/example_xcom.py
[2025-04-21T20:50:35.505+0000] {processor.py:830} INFO - Processing file /home/airflow/.local/lib/python3.12/site-packages/airflow/example_dags/example_xcom.py for tasks to queue
[2025-04-21T20:50:35.506+0000] {logging_mixin.py:188} INFO - [2025-04-21T20:50:35.506+0000] {dagbag.py:545} INFO - Filling up the DagBag from /home/airflow/.local/lib/python3.12/site-packages/airflow/example_dags/example_xcom.py
[2025-04-21T20:50:35.510+0000] {processor.py:840} INFO - DAG(s) 'example_xcom' retrieved from /home/airflow/.local/lib/python3.12/site-packages/airflow/example_dags/example_xcom.py
[2025-04-21T20:50:35.522+0000] {logging_mixin.py:188} INFO - [2025-04-21T20:50:35.522+0000] {dag.py:3096} INFO - Sync 1 DAGs
[2025-04-21T20:50:35.532+0000] {logging_mixin.py:188} INFO - [2025-04-21T20:50:35.532+0000] {dag.py:3954} INFO - Setting next_dagrun for example_xcom to 2021-01-01 00:00:00+00:00, run_after=2021-01-01 00:00:00+00:00
[2025-04-21T20:50:35.540+0000] {processor.py:183} INFO - Processing /home/airflow/.local/lib/python3.12/site-packages/airflow/example_dags/example_xcom.py took 0.040 seconds
[2025-04-21T20:51:05.953+0000] {processor.py:161} INFO - Started process (PID=95091) to work on /home/airflow/.local/lib/python3.12/site-packages/airflow/example_dags/example_xcom.py
[2025-04-21T20:51:05.954+0000] {processor.py:830} INFO - Processing file /home/airflow/.local/lib/python3.12/site-packages/airflow/example_dags/example_xcom.py for tasks to queue
[2025-04-21T20:51:05.956+0000] {logging_mixin.py:188} INFO - [2025-04-21T20:51:05.956+0000] {dagbag.py:545} INFO - Filling up the DagBag from /home/airflow/.local/lib/python3.12/site-packages/airflow/example_dags/example_xcom.py
[2025-04-21T20:51:05.962+0000] {processor.py:840} INFO - DAG(s) 'example_xcom' retrieved from /home/airflow/.local/lib/python3.12/site-packages/airflow/example_dags/example_xcom.py
[2025-04-21T20:51:05.978+0000] {logging_mixin.py:188} INFO - [2025-04-21T20:51:05.978+0000] {dag.py:3096} INFO - Sync 1 DAGs
[2025-04-21T20:51:05.992+0000] {logging_mixin.py:188} INFO - [2025-04-21T20:51:05.992+0000] {dag.py:3954} INFO - Setting next_dagrun for example_xcom to 2021-01-01 00:00:00+00:00, run_after=2021-01-01 00:00:00+00:00
[2025-04-21T20:51:06.004+0000] {processor.py:183} INFO - Processing /home/airflow/.local/lib/python3.12/site-packages/airflow/example_dags/example_xcom.py took 0.058 seconds
[2025-04-21T20:56:19.134+0000] {processor.py:161} INFO - Started process (PID=95151) to work on /home/airflow/.local/lib/python3.12/site-packages/airflow/example_dags/example_xcom.py
[2025-04-21T20:56:19.135+0000] {processor.py:830} INFO - Processing file /home/airflow/.local/lib/python3.12/site-packages/airflow/example_dags/example_xcom.py for tasks to queue
[2025-04-21T20:56:19.136+0000] {logging_mixin.py:188} INFO - [2025-04-21T20:56:19.136+0000] {dagbag.py:545} INFO - Filling up the DagBag from /home/airflow/.local/lib/python3.12/site-packages/airflow/example_dags/example_xcom.py
[2025-04-21T20:56:19.140+0000] {processor.py:840} INFO - DAG(s) 'example_xcom' retrieved from /home/airflow/.local/lib/python3.12/site-packages/airflow/example_dags/example_xcom.py
[2025-04-21T20:56:19.154+0000] {logging_mixin.py:188} INFO - [2025-04-21T20:56:19.154+0000] {dag.py:3096} INFO - Sync 1 DAGs
[2025-04-21T20:56:19.165+0000] {logging_mixin.py:188} INFO - [2025-04-21T20:56:19.165+0000] {dag.py:3954} INFO - Setting next_dagrun for example_xcom to 2021-01-01 00:00:00+00:00, run_after=2021-01-01 00:00:00+00:00
[2025-04-21T20:56:19.176+0000] {processor.py:183} INFO - Processing /home/airflow/.local/lib/python3.12/site-packages/airflow/example_dags/example_xcom.py took 0.044 seconds
[2025-04-21T21:46:40.603+0000] {processor.py:161} INFO - Started process (PID=95211) to work on /home/airflow/.local/lib/python3.12/site-packages/airflow/example_dags/example_xcom.py
[2025-04-21T21:46:40.607+0000] {processor.py:830} INFO - Processing file /home/airflow/.local/lib/python3.12/site-packages/airflow/example_dags/example_xcom.py for tasks to queue
[2025-04-21T21:46:40.608+0000] {logging_mixin.py:188} INFO - [2025-04-21T21:46:40.608+0000] {dagbag.py:545} INFO - Filling up the DagBag from /home/airflow/.local/lib/python3.12/site-packages/airflow/example_dags/example_xcom.py
[2025-04-21T21:46:40.612+0000] {processor.py:840} INFO - DAG(s) 'example_xcom' retrieved from /home/airflow/.local/lib/python3.12/site-packages/airflow/example_dags/example_xcom.py
[2025-04-21T21:46:40.624+0000] {logging_mixin.py:188} INFO - [2025-04-21T21:46:40.624+0000] {dag.py:3096} INFO - Sync 1 DAGs
[2025-04-21T21:46:40.636+0000] {logging_mixin.py:188} INFO - [2025-04-21T21:46:40.636+0000] {dag.py:3954} INFO - Setting next_dagrun for example_xcom to 2021-01-01 00:00:00+00:00, run_after=2021-01-01 00:00:00+00:00
[2025-04-21T21:46:40.646+0000] {processor.py:183} INFO - Processing /home/airflow/.local/lib/python3.12/site-packages/airflow/example_dags/example_xcom.py took 0.047 seconds
[2025-04-21T21:47:10.939+0000] {processor.py:161} INFO - Started process (PID=95271) to work on /home/airflow/.local/lib/python3.12/site-packages/airflow/example_dags/example_xcom.py
[2025-04-21T21:47:10.939+0000] {processor.py:830} INFO - Processing file /home/airflow/.local/lib/python3.12/site-packages/airflow/example_dags/example_xcom.py for tasks to queue
[2025-04-21T21:47:10.941+0000] {logging_mixin.py:188} INFO - [2025-04-21T21:47:10.941+0000] {dagbag.py:545} INFO - Filling up the DagBag from /home/airflow/.local/lib/python3.12/site-packages/airflow/example_dags/example_xcom.py
[2025-04-21T21:47:10.947+0000] {processor.py:840} INFO - DAG(s) 'example_xcom' retrieved from /home/airflow/.local/lib/python3.12/site-packages/airflow/example_dags/example_xcom.py
[2025-04-21T21:47:10.982+0000] {logging_mixin.py:188} INFO - [2025-04-21T21:47:10.982+0000] {dag.py:3096} INFO - Sync 1 DAGs
[2025-04-21T21:47:11.003+0000] {logging_mixin.py:188} INFO - [2025-04-21T21:47:11.003+0000] {dag.py:3954} INFO - Setting next_dagrun for example_xcom to 2021-01-01 00:00:00+00:00, run_after=2021-01-01 00:00:00+00:00
[2025-04-21T21:47:11.017+0000] {processor.py:183} INFO - Processing /home/airflow/.local/lib/python3.12/site-packages/airflow/example_dags/example_xcom.py took 0.082 seconds
[2025-04-21T21:52:23.625+0000] {processor.py:161} INFO - Started process (PID=95331) to work on /home/airflow/.local/lib/python3.12/site-packages/airflow/example_dags/example_xcom.py
[2025-04-21T21:52:23.626+0000] {processor.py:830} INFO - Processing file /home/airflow/.local/lib/python3.12/site-packages/airflow/example_dags/example_xcom.py for tasks to queue
[2025-04-21T21:52:23.627+0000] {logging_mixin.py:188} INFO - [2025-04-21T21:52:23.627+0000] {dagbag.py:545} INFO - Filling up the DagBag from /home/airflow/.local/lib/python3.12/site-packages/airflow/example_dags/example_xcom.py
[2025-04-21T21:52:23.632+0000] {processor.py:840} INFO - DAG(s) 'example_xcom' retrieved from /home/airflow/.local/lib/python3.12/site-packages/airflow/example_dags/example_xcom.py
[2025-04-21T21:52:23.647+0000] {logging_mixin.py:188} INFO - [2025-04-21T21:52:23.647+0000] {dag.py:3096} INFO - Sync 1 DAGs
[2025-04-21T21:52:23.659+0000] {logging_mixin.py:188} INFO - [2025-04-21T21:52:23.659+0000] {dag.py:3954} INFO - Setting next_dagrun for example_xcom to 2021-01-01 00:00:00+00:00, run_after=2021-01-01 00:00:00+00:00
[2025-04-21T21:52:23.670+0000] {processor.py:183} INFO - Processing /home/airflow/.local/lib/python3.12/site-packages/airflow/example_dags/example_xcom.py took 0.048 seconds
[2025-04-21T21:57:36.341+0000] {processor.py:161} INFO - Started process (PID=95391) to work on /home/airflow/.local/lib/python3.12/site-packages/airflow/example_dags/example_xcom.py
[2025-04-21T21:57:36.343+0000] {processor.py:830} INFO - Processing file /home/airflow/.local/lib/python3.12/site-packages/airflow/example_dags/example_xcom.py for tasks to queue
[2025-04-21T21:57:36.344+0000] {logging_mixin.py:188} INFO - [2025-04-21T21:57:36.344+0000] {dagbag.py:545} INFO - Filling up the DagBag from /home/airflow/.local/lib/python3.12/site-packages/airflow/example_dags/example_xcom.py
[2025-04-21T21:57:36.348+0000] {processor.py:840} INFO - DAG(s) 'example_xcom' retrieved from /home/airflow/.local/lib/python3.12/site-packages/airflow/example_dags/example_xcom.py
[2025-04-21T21:57:36.362+0000] {logging_mixin.py:188} INFO - [2025-04-21T21:57:36.362+0000] {dag.py:3096} INFO - Sync 1 DAGs
[2025-04-21T21:57:36.372+0000] {logging_mixin.py:188} INFO - [2025-04-21T21:57:36.372+0000] {dag.py:3954} INFO - Setting next_dagrun for example_xcom to 2021-01-01 00:00:00+00:00, run_after=2021-01-01 00:00:00+00:00
[2025-04-21T21:57:36.380+0000] {processor.py:183} INFO - Processing /home/airflow/.local/lib/python3.12/site-packages/airflow/example_dags/example_xcom.py took 0.042 seconds
[2025-04-21T22:02:49.385+0000] {processor.py:161} INFO - Started process (PID=95451) to work on /home/airflow/.local/lib/python3.12/site-packages/airflow/example_dags/example_xcom.py
[2025-04-21T22:02:49.386+0000] {processor.py:830} INFO - Processing file /home/airflow/.local/lib/python3.12/site-packages/airflow/example_dags/example_xcom.py for tasks to queue
[2025-04-21T22:02:49.387+0000] {logging_mixin.py:188} INFO - [2025-04-21T22:02:49.386+0000] {dagbag.py:545} INFO - Filling up the DagBag from /home/airflow/.local/lib/python3.12/site-packages/airflow/example_dags/example_xcom.py
[2025-04-21T22:02:49.391+0000] {processor.py:840} INFO - DAG(s) 'example_xcom' retrieved from /home/airflow/.local/lib/python3.12/site-packages/airflow/example_dags/example_xcom.py
[2025-04-21T22:02:49.401+0000] {logging_mixin.py:188} INFO - [2025-04-21T22:02:49.401+0000] {dag.py:3096} INFO - Sync 1 DAGs
[2025-04-21T22:02:49.412+0000] {logging_mixin.py:188} INFO - [2025-04-21T22:02:49.411+0000] {dag.py:3954} INFO - Setting next_dagrun for example_xcom to 2021-01-01 00:00:00+00:00, run_after=2021-01-01 00:00:00+00:00
[2025-04-21T22:02:49.424+0000] {processor.py:183} INFO - Processing /home/airflow/.local/lib/python3.12/site-packages/airflow/example_dags/example_xcom.py took 0.042 seconds
[2025-04-21T22:03:20.176+0000] {processor.py:161} INFO - Started process (PID=95511) to work on /home/airflow/.local/lib/python3.12/site-packages/airflow/example_dags/example_xcom.py
[2025-04-21T22:03:20.177+0000] {processor.py:830} INFO - Processing file /home/airflow/.local/lib/python3.12/site-packages/airflow/example_dags/example_xcom.py for tasks to queue
[2025-04-21T22:03:20.177+0000] {logging_mixin.py:188} INFO - [2025-04-21T22:03:20.177+0000] {dagbag.py:545} INFO - Filling up the DagBag from /home/airflow/.local/lib/python3.12/site-packages/airflow/example_dags/example_xcom.py
[2025-04-21T22:03:20.182+0000] {processor.py:840} INFO - DAG(s) 'example_xcom' retrieved from /home/airflow/.local/lib/python3.12/site-packages/airflow/example_dags/example_xcom.py
[2025-04-21T22:03:20.192+0000] {logging_mixin.py:188} INFO - [2025-04-21T22:03:20.192+0000] {dag.py:3096} INFO - Sync 1 DAGs
[2025-04-21T22:03:20.206+0000] {logging_mixin.py:188} INFO - [2025-04-21T22:03:20.206+0000] {dag.py:3954} INFO - Setting next_dagrun for example_xcom to 2021-01-01 00:00:00+00:00, run_after=2021-01-01 00:00:00+00:00
[2025-04-21T22:03:20.222+0000] {processor.py:183} INFO - Processing /home/airflow/.local/lib/python3.12/site-packages/airflow/example_dags/example_xcom.py took 0.049 seconds
[2025-04-21T22:11:06.295+0000] {processor.py:161} INFO - Started process (PID=95571) to work on /home/airflow/.local/lib/python3.12/site-packages/airflow/example_dags/example_xcom.py
[2025-04-21T22:11:06.296+0000] {processor.py:830} INFO - Processing file /home/airflow/.local/lib/python3.12/site-packages/airflow/example_dags/example_xcom.py for tasks to queue
[2025-04-21T22:11:06.297+0000] {logging_mixin.py:188} INFO - [2025-04-21T22:11:06.296+0000] {dagbag.py:545} INFO - Filling up the DagBag from /home/airflow/.local/lib/python3.12/site-packages/airflow/example_dags/example_xcom.py
[2025-04-21T22:11:06.300+0000] {processor.py:840} INFO - DAG(s) 'example_xcom' retrieved from /home/airflow/.local/lib/python3.12/site-packages/airflow/example_dags/example_xcom.py
[2025-04-21T22:11:06.310+0000] {logging_mixin.py:188} INFO - [2025-04-21T22:11:06.310+0000] {dag.py:3096} INFO - Sync 1 DAGs
[2025-04-21T22:11:06.318+0000] {logging_mixin.py:188} INFO - [2025-04-21T22:11:06.318+0000] {dag.py:3954} INFO - Setting next_dagrun for example_xcom to 2021-01-01 00:00:00+00:00, run_after=2021-01-01 00:00:00+00:00
[2025-04-21T22:11:06.325+0000] {processor.py:183} INFO - Processing /home/airflow/.local/lib/python3.12/site-packages/airflow/example_dags/example_xcom.py took 0.033 seconds
[2025-04-21T22:16:19.292+0000] {processor.py:161} INFO - Started process (PID=95631) to work on /home/airflow/.local/lib/python3.12/site-packages/airflow/example_dags/example_xcom.py
[2025-04-21T22:16:19.292+0000] {processor.py:830} INFO - Processing file /home/airflow/.local/lib/python3.12/site-packages/airflow/example_dags/example_xcom.py for tasks to queue
[2025-04-21T22:16:19.293+0000] {logging_mixin.py:188} INFO - [2025-04-21T22:16:19.293+0000] {dagbag.py:545} INFO - Filling up the DagBag from /home/airflow/.local/lib/python3.12/site-packages/airflow/example_dags/example_xcom.py
[2025-04-21T22:16:19.298+0000] {processor.py:840} INFO - DAG(s) 'example_xcom' retrieved from /home/airflow/.local/lib/python3.12/site-packages/airflow/example_dags/example_xcom.py
[2025-04-21T22:16:19.316+0000] {logging_mixin.py:188} INFO - [2025-04-21T22:16:19.316+0000] {dag.py:3096} INFO - Sync 1 DAGs
[2025-04-21T22:16:19.326+0000] {logging_mixin.py:188} INFO - [2025-04-21T22:16:19.326+0000] {dag.py:3954} INFO - Setting next_dagrun for example_xcom to 2021-01-01 00:00:00+00:00, run_after=2021-01-01 00:00:00+00:00
[2025-04-21T22:16:19.338+0000] {processor.py:183} INFO - Processing /home/airflow/.local/lib/python3.12/site-packages/airflow/example_dags/example_xcom.py took 0.049 seconds
[2025-04-21T22:34:10.550+0000] {processor.py:161} INFO - Started process (PID=95691) to work on /home/airflow/.local/lib/python3.12/site-packages/airflow/example_dags/example_xcom.py
[2025-04-21T22:34:10.553+0000] {processor.py:830} INFO - Processing file /home/airflow/.local/lib/python3.12/site-packages/airflow/example_dags/example_xcom.py for tasks to queue
[2025-04-21T22:34:10.553+0000] {logging_mixin.py:188} INFO - [2025-04-21T22:34:10.553+0000] {dagbag.py:545} INFO - Filling up the DagBag from /home/airflow/.local/lib/python3.12/site-packages/airflow/example_dags/example_xcom.py
[2025-04-21T22:34:10.557+0000] {processor.py:840} INFO - DAG(s) 'example_xcom' retrieved from /home/airflow/.local/lib/python3.12/site-packages/airflow/example_dags/example_xcom.py
[2025-04-21T22:34:10.567+0000] {logging_mixin.py:188} INFO - [2025-04-21T22:34:10.567+0000] {dag.py:3096} INFO - Sync 1 DAGs
[2025-04-21T22:34:10.576+0000] {logging_mixin.py:188} INFO - [2025-04-21T22:34:10.576+0000] {dag.py:3954} INFO - Setting next_dagrun for example_xcom to 2021-01-01 00:00:00+00:00, run_after=2021-01-01 00:00:00+00:00
[2025-04-21T22:34:10.586+0000] {processor.py:183} INFO - Processing /home/airflow/.local/lib/python3.12/site-packages/airflow/example_dags/example_xcom.py took 0.038 seconds
[2025-04-21T22:39:23.627+0000] {processor.py:161} INFO - Started process (PID=95751) to work on /home/airflow/.local/lib/python3.12/site-packages/airflow/example_dags/example_xcom.py
[2025-04-21T22:39:23.630+0000] {processor.py:830} INFO - Processing file /home/airflow/.local/lib/python3.12/site-packages/airflow/example_dags/example_xcom.py for tasks to queue
[2025-04-21T22:39:23.631+0000] {logging_mixin.py:188} INFO - [2025-04-21T22:39:23.631+0000] {dagbag.py:545} INFO - Filling up the DagBag from /home/airflow/.local/lib/python3.12/site-packages/airflow/example_dags/example_xcom.py
[2025-04-21T22:39:23.636+0000] {processor.py:840} INFO - DAG(s) 'example_xcom' retrieved from /home/airflow/.local/lib/python3.12/site-packages/airflow/example_dags/example_xcom.py
[2025-04-21T22:39:23.665+0000] {logging_mixin.py:188} INFO - [2025-04-21T22:39:23.664+0000] {dag.py:3096} INFO - Sync 1 DAGs
[2025-04-21T22:39:23.686+0000] {logging_mixin.py:188} INFO - [2025-04-21T22:39:23.686+0000] {dag.py:3954} INFO - Setting next_dagrun for example_xcom to 2021-01-01 00:00:00+00:00, run_after=2021-01-01 00:00:00+00:00
[2025-04-21T22:39:23.700+0000] {processor.py:183} INFO - Processing /home/airflow/.local/lib/python3.12/site-packages/airflow/example_dags/example_xcom.py took 0.076 seconds
