[2025-04-21T00:38:24.630+0000] {processor.py:161} INFO - Started process (PID=91382) to work on /home/airflow/.local/lib/python3.12/site-packages/airflow/example_dags/example_sensors.py
[2025-04-21T00:38:24.631+0000] {processor.py:830} INFO - Processing file /home/airflow/.local/lib/python3.12/site-packages/airflow/example_dags/example_sensors.py for tasks to queue
[2025-04-21T00:38:24.631+0000] {logging_mixin.py:188} INFO - [2025-04-21T00:38:24.631+0000] {dagbag.py:545} INFO - Filling up the DagBag from /home/airflow/.local/lib/python3.12/site-packages/airflow/example_dags/example_sensors.py
[2025-04-21T00:38:24.636+0000] {processor.py:840} INFO - DAG(s) 'example_sensors' retrieved from /home/airflow/.local/lib/python3.12/site-packages/airflow/example_dags/example_sensors.py
[2025-04-21T00:38:24.657+0000] {logging_mixin.py:188} INFO - [2025-04-21T00:38:24.657+0000] {dag.py:3096} INFO - Sync 1 DAGs
[2025-04-21T00:38:24.667+0000] {logging_mixin.py:188} INFO - [2025-04-21T00:38:24.667+0000] {dag.py:3954} INFO - Setting next_dagrun for example_sensors to None, run_after=None
[2025-04-21T00:38:24.685+0000] {processor.py:183} INFO - Processing /home/airflow/.local/lib/python3.12/site-packages/airflow/example_dags/example_sensors.py took 0.058 seconds
[2025-04-21T01:37:14.720+0000] {processor.py:161} INFO - Started process (PID=91442) to work on /home/airflow/.local/lib/python3.12/site-packages/airflow/example_dags/example_sensors.py
[2025-04-21T01:37:14.722+0000] {processor.py:830} INFO - Processing file /home/airflow/.local/lib/python3.12/site-packages/airflow/example_dags/example_sensors.py for tasks to queue
[2025-04-21T01:37:14.723+0000] {logging_mixin.py:188} INFO - [2025-04-21T01:37:14.723+0000] {dagbag.py:545} INFO - Filling up the DagBag from /home/airflow/.local/lib/python3.12/site-packages/airflow/example_dags/example_sensors.py
[2025-04-21T01:37:14.728+0000] {processor.py:840} INFO - DAG(s) 'example_sensors' retrieved from /home/airflow/.local/lib/python3.12/site-packages/airflow/example_dags/example_sensors.py
[2025-04-21T01:37:14.745+0000] {logging_mixin.py:188} INFO - [2025-04-21T01:37:14.745+0000] {dag.py:3096} INFO - Sync 1 DAGs
[2025-04-21T01:37:14.752+0000] {logging_mixin.py:188} INFO - [2025-04-21T01:37:14.751+0000] {dag.py:3954} INFO - Setting next_dagrun for example_sensors to None, run_after=None
[2025-04-21T01:37:14.760+0000] {processor.py:183} INFO - Processing /home/airflow/.local/lib/python3.12/site-packages/airflow/example_dags/example_sensors.py took 0.043 seconds
[2025-04-21T01:37:45.202+0000] {processor.py:161} INFO - Started process (PID=91501) to work on /home/airflow/.local/lib/python3.12/site-packages/airflow/example_dags/example_sensors.py
[2025-04-21T01:37:45.203+0000] {processor.py:830} INFO - Processing file /home/airflow/.local/lib/python3.12/site-packages/airflow/example_dags/example_sensors.py for tasks to queue
[2025-04-21T01:37:45.204+0000] {logging_mixin.py:188} INFO - [2025-04-21T01:37:45.204+0000] {dagbag.py:545} INFO - Filling up the DagBag from /home/airflow/.local/lib/python3.12/site-packages/airflow/example_dags/example_sensors.py
[2025-04-21T01:37:45.209+0000] {processor.py:840} INFO - DAG(s) 'example_sensors' retrieved from /home/airflow/.local/lib/python3.12/site-packages/airflow/example_dags/example_sensors.py
[2025-04-21T01:37:45.224+0000] {logging_mixin.py:188} INFO - [2025-04-21T01:37:45.223+0000] {dag.py:3096} INFO - Sync 1 DAGs
[2025-04-21T01:37:45.230+0000] {logging_mixin.py:188} INFO - [2025-04-21T01:37:45.230+0000] {dag.py:3954} INFO - Setting next_dagrun for example_sensors to None, run_after=None
[2025-04-21T01:37:45.244+0000] {processor.py:183} INFO - Processing /home/airflow/.local/lib/python3.12/site-packages/airflow/example_dags/example_sensors.py took 0.047 seconds
[2025-04-21T02:58:44.175+0000] {processor.py:161} INFO - Started process (PID=91561) to work on /home/airflow/.local/lib/python3.12/site-packages/airflow/example_dags/example_sensors.py
[2025-04-21T02:58:44.175+0000] {processor.py:830} INFO - Processing file /home/airflow/.local/lib/python3.12/site-packages/airflow/example_dags/example_sensors.py for tasks to queue
[2025-04-21T02:58:44.177+0000] {logging_mixin.py:188} INFO - [2025-04-21T02:58:44.176+0000] {dagbag.py:545} INFO - Filling up the DagBag from /home/airflow/.local/lib/python3.12/site-packages/airflow/example_dags/example_sensors.py
[2025-04-21T02:58:44.181+0000] {processor.py:840} INFO - DAG(s) 'example_sensors' retrieved from /home/airflow/.local/lib/python3.12/site-packages/airflow/example_dags/example_sensors.py
[2025-04-21T02:58:44.199+0000] {logging_mixin.py:188} INFO - [2025-04-21T02:58:44.199+0000] {dag.py:3096} INFO - Sync 1 DAGs
[2025-04-21T02:58:44.204+0000] {logging_mixin.py:188} INFO - [2025-04-21T02:58:44.204+0000] {dag.py:3954} INFO - Setting next_dagrun for example_sensors to None, run_after=None
[2025-04-21T02:58:44.217+0000] {processor.py:183} INFO - Processing /home/airflow/.local/lib/python3.12/site-packages/airflow/example_dags/example_sensors.py took 0.046 seconds
[2025-04-21T04:23:10.212+0000] {processor.py:161} INFO - Started process (PID=91621) to work on /home/airflow/.local/lib/python3.12/site-packages/airflow/example_dags/example_sensors.py
[2025-04-21T04:23:10.213+0000] {processor.py:830} INFO - Processing file /home/airflow/.local/lib/python3.12/site-packages/airflow/example_dags/example_sensors.py for tasks to queue
[2025-04-21T04:23:10.214+0000] {logging_mixin.py:188} INFO - [2025-04-21T04:23:10.214+0000] {dagbag.py:545} INFO - Filling up the DagBag from /home/airflow/.local/lib/python3.12/site-packages/airflow/example_dags/example_sensors.py
[2025-04-21T04:23:10.219+0000] {processor.py:840} INFO - DAG(s) 'example_sensors' retrieved from /home/airflow/.local/lib/python3.12/site-packages/airflow/example_dags/example_sensors.py
[2025-04-21T04:23:10.236+0000] {logging_mixin.py:188} INFO - [2025-04-21T04:23:10.235+0000] {dag.py:3096} INFO - Sync 1 DAGs
[2025-04-21T04:23:10.241+0000] {logging_mixin.py:188} INFO - [2025-04-21T04:23:10.241+0000] {dag.py:3954} INFO - Setting next_dagrun for example_sensors to None, run_after=None
[2025-04-21T04:23:10.249+0000] {processor.py:183} INFO - Processing /home/airflow/.local/lib/python3.12/site-packages/airflow/example_dags/example_sensors.py took 0.040 seconds
[2025-04-21T04:23:40.885+0000] {processor.py:161} INFO - Started process (PID=91681) to work on /home/airflow/.local/lib/python3.12/site-packages/airflow/example_dags/example_sensors.py
[2025-04-21T04:23:40.885+0000] {processor.py:830} INFO - Processing file /home/airflow/.local/lib/python3.12/site-packages/airflow/example_dags/example_sensors.py for tasks to queue
[2025-04-21T04:23:40.886+0000] {logging_mixin.py:188} INFO - [2025-04-21T04:23:40.886+0000] {dagbag.py:545} INFO - Filling up the DagBag from /home/airflow/.local/lib/python3.12/site-packages/airflow/example_dags/example_sensors.py
[2025-04-21T04:23:40.890+0000] {processor.py:840} INFO - DAG(s) 'example_sensors' retrieved from /home/airflow/.local/lib/python3.12/site-packages/airflow/example_dags/example_sensors.py
[2025-04-21T04:23:40.907+0000] {logging_mixin.py:188} INFO - [2025-04-21T04:23:40.907+0000] {dag.py:3096} INFO - Sync 1 DAGs
[2025-04-21T04:23:40.913+0000] {logging_mixin.py:188} INFO - [2025-04-21T04:23:40.912+0000] {dag.py:3954} INFO - Setting next_dagrun for example_sensors to None, run_after=None
[2025-04-21T04:23:40.929+0000] {processor.py:183} INFO - Processing /home/airflow/.local/lib/python3.12/site-packages/airflow/example_dags/example_sensors.py took 0.047 seconds
[2025-04-21T04:28:53.505+0000] {processor.py:161} INFO - Started process (PID=91741) to work on /home/airflow/.local/lib/python3.12/site-packages/airflow/example_dags/example_sensors.py
[2025-04-21T04:28:53.505+0000] {processor.py:830} INFO - Processing file /home/airflow/.local/lib/python3.12/site-packages/airflow/example_dags/example_sensors.py for tasks to queue
[2025-04-21T04:28:53.506+0000] {logging_mixin.py:188} INFO - [2025-04-21T04:28:53.506+0000] {dagbag.py:545} INFO - Filling up the DagBag from /home/airflow/.local/lib/python3.12/site-packages/airflow/example_dags/example_sensors.py
[2025-04-21T04:28:53.511+0000] {processor.py:840} INFO - DAG(s) 'example_sensors' retrieved from /home/airflow/.local/lib/python3.12/site-packages/airflow/example_dags/example_sensors.py
[2025-04-21T04:28:53.530+0000] {logging_mixin.py:188} INFO - [2025-04-21T04:28:53.530+0000] {dag.py:3096} INFO - Sync 1 DAGs
[2025-04-21T04:28:53.536+0000] {logging_mixin.py:188} INFO - [2025-04-21T04:28:53.535+0000] {dag.py:3954} INFO - Setting next_dagrun for example_sensors to None, run_after=None
[2025-04-21T04:28:53.545+0000] {processor.py:183} INFO - Processing /home/airflow/.local/lib/python3.12/site-packages/airflow/example_dags/example_sensors.py took 0.044 seconds
[2025-04-21T04:29:24.149+0000] {processor.py:161} INFO - Started process (PID=91801) to work on /home/airflow/.local/lib/python3.12/site-packages/airflow/example_dags/example_sensors.py
[2025-04-21T04:29:24.150+0000] {processor.py:830} INFO - Processing file /home/airflow/.local/lib/python3.12/site-packages/airflow/example_dags/example_sensors.py for tasks to queue
[2025-04-21T04:29:24.151+0000] {logging_mixin.py:188} INFO - [2025-04-21T04:29:24.151+0000] {dagbag.py:545} INFO - Filling up the DagBag from /home/airflow/.local/lib/python3.12/site-packages/airflow/example_dags/example_sensors.py
[2025-04-21T04:29:24.155+0000] {processor.py:840} INFO - DAG(s) 'example_sensors' retrieved from /home/airflow/.local/lib/python3.12/site-packages/airflow/example_dags/example_sensors.py
[2025-04-21T04:29:24.171+0000] {logging_mixin.py:188} INFO - [2025-04-21T04:29:24.171+0000] {dag.py:3096} INFO - Sync 1 DAGs
[2025-04-21T04:29:24.176+0000] {logging_mixin.py:188} INFO - [2025-04-21T04:29:24.176+0000] {dag.py:3954} INFO - Setting next_dagrun for example_sensors to None, run_after=None
[2025-04-21T04:29:24.191+0000] {processor.py:183} INFO - Processing /home/airflow/.local/lib/python3.12/site-packages/airflow/example_dags/example_sensors.py took 0.045 seconds
[2025-04-21T04:31:11.676+0000] {processor.py:161} INFO - Started process (PID=91861) to work on /home/airflow/.local/lib/python3.12/site-packages/airflow/example_dags/example_sensors.py
[2025-04-21T04:31:11.677+0000] {processor.py:830} INFO - Processing file /home/airflow/.local/lib/python3.12/site-packages/airflow/example_dags/example_sensors.py for tasks to queue
[2025-04-21T04:31:11.677+0000] {logging_mixin.py:188} INFO - [2025-04-21T04:31:11.677+0000] {dagbag.py:545} INFO - Filling up the DagBag from /home/airflow/.local/lib/python3.12/site-packages/airflow/example_dags/example_sensors.py
[2025-04-21T04:31:11.681+0000] {processor.py:840} INFO - DAG(s) 'example_sensors' retrieved from /home/airflow/.local/lib/python3.12/site-packages/airflow/example_dags/example_sensors.py
[2025-04-21T04:31:11.692+0000] {logging_mixin.py:188} INFO - [2025-04-21T04:31:11.692+0000] {dag.py:3096} INFO - Sync 1 DAGs
[2025-04-21T04:31:11.697+0000] {logging_mixin.py:188} INFO - [2025-04-21T04:31:11.697+0000] {dag.py:3954} INFO - Setting next_dagrun for example_sensors to None, run_after=None
[2025-04-21T04:31:11.704+0000] {processor.py:183} INFO - Processing /home/airflow/.local/lib/python3.12/site-packages/airflow/example_dags/example_sensors.py took 0.032 seconds
[2025-04-21T04:36:24.654+0000] {processor.py:161} INFO - Started process (PID=91921) to work on /home/airflow/.local/lib/python3.12/site-packages/airflow/example_dags/example_sensors.py
[2025-04-21T04:36:24.655+0000] {processor.py:830} INFO - Processing file /home/airflow/.local/lib/python3.12/site-packages/airflow/example_dags/example_sensors.py for tasks to queue
[2025-04-21T04:36:24.656+0000] {logging_mixin.py:188} INFO - [2025-04-21T04:36:24.655+0000] {dagbag.py:545} INFO - Filling up the DagBag from /home/airflow/.local/lib/python3.12/site-packages/airflow/example_dags/example_sensors.py
[2025-04-21T04:36:24.660+0000] {processor.py:840} INFO - DAG(s) 'example_sensors' retrieved from /home/airflow/.local/lib/python3.12/site-packages/airflow/example_dags/example_sensors.py
[2025-04-21T04:36:24.674+0000] {logging_mixin.py:188} INFO - [2025-04-21T04:36:24.673+0000] {dag.py:3096} INFO - Sync 1 DAGs
[2025-04-21T04:36:24.679+0000] {logging_mixin.py:188} INFO - [2025-04-21T04:36:24.679+0000] {dag.py:3954} INFO - Setting next_dagrun for example_sensors to None, run_after=None
[2025-04-21T04:36:24.690+0000] {processor.py:183} INFO - Processing /home/airflow/.local/lib/python3.12/site-packages/airflow/example_dags/example_sensors.py took 0.039 seconds
[2025-04-21T04:41:38.070+0000] {processor.py:161} INFO - Started process (PID=91981) to work on /home/airflow/.local/lib/python3.12/site-packages/airflow/example_dags/example_sensors.py
[2025-04-21T04:41:38.071+0000] {processor.py:830} INFO - Processing file /home/airflow/.local/lib/python3.12/site-packages/airflow/example_dags/example_sensors.py for tasks to queue
[2025-04-21T04:41:38.073+0000] {logging_mixin.py:188} INFO - [2025-04-21T04:41:38.073+0000] {dagbag.py:545} INFO - Filling up the DagBag from /home/airflow/.local/lib/python3.12/site-packages/airflow/example_dags/example_sensors.py
[2025-04-21T04:41:38.077+0000] {processor.py:840} INFO - DAG(s) 'example_sensors' retrieved from /home/airflow/.local/lib/python3.12/site-packages/airflow/example_dags/example_sensors.py
[2025-04-21T04:41:38.090+0000] {logging_mixin.py:188} INFO - [2025-04-21T04:41:38.090+0000] {dag.py:3096} INFO - Sync 1 DAGs
[2025-04-21T04:41:38.096+0000] {logging_mixin.py:188} INFO - [2025-04-21T04:41:38.096+0000] {dag.py:3954} INFO - Setting next_dagrun for example_sensors to None, run_after=None
[2025-04-21T04:41:38.108+0000] {processor.py:183} INFO - Processing /home/airflow/.local/lib/python3.12/site-packages/airflow/example_dags/example_sensors.py took 0.041 seconds
[2025-04-21T04:46:50.965+0000] {processor.py:161} INFO - Started process (PID=92041) to work on /home/airflow/.local/lib/python3.12/site-packages/airflow/example_dags/example_sensors.py
[2025-04-21T04:46:50.966+0000] {processor.py:830} INFO - Processing file /home/airflow/.local/lib/python3.12/site-packages/airflow/example_dags/example_sensors.py for tasks to queue
[2025-04-21T04:46:50.967+0000] {logging_mixin.py:188} INFO - [2025-04-21T04:46:50.966+0000] {dagbag.py:545} INFO - Filling up the DagBag from /home/airflow/.local/lib/python3.12/site-packages/airflow/example_dags/example_sensors.py
[2025-04-21T04:46:50.971+0000] {processor.py:840} INFO - DAG(s) 'example_sensors' retrieved from /home/airflow/.local/lib/python3.12/site-packages/airflow/example_dags/example_sensors.py
[2025-04-21T04:46:50.983+0000] {logging_mixin.py:188} INFO - [2025-04-21T04:46:50.983+0000] {dag.py:3096} INFO - Sync 1 DAGs
[2025-04-21T04:46:50.988+0000] {logging_mixin.py:188} INFO - [2025-04-21T04:46:50.988+0000] {dag.py:3954} INFO - Setting next_dagrun for example_sensors to None, run_after=None
[2025-04-21T04:46:50.995+0000] {processor.py:183} INFO - Processing /home/airflow/.local/lib/python3.12/site-packages/airflow/example_dags/example_sensors.py took 0.033 seconds
[2025-04-21T04:47:21.484+0000] {processor.py:161} INFO - Started process (PID=92101) to work on /home/airflow/.local/lib/python3.12/site-packages/airflow/example_dags/example_sensors.py
[2025-04-21T04:47:21.486+0000] {processor.py:830} INFO - Processing file /home/airflow/.local/lib/python3.12/site-packages/airflow/example_dags/example_sensors.py for tasks to queue
[2025-04-21T04:47:21.488+0000] {logging_mixin.py:188} INFO - [2025-04-21T04:47:21.488+0000] {dagbag.py:545} INFO - Filling up the DagBag from /home/airflow/.local/lib/python3.12/site-packages/airflow/example_dags/example_sensors.py
[2025-04-21T04:47:21.492+0000] {processor.py:840} INFO - DAG(s) 'example_sensors' retrieved from /home/airflow/.local/lib/python3.12/site-packages/airflow/example_dags/example_sensors.py
[2025-04-21T04:47:21.505+0000] {logging_mixin.py:188} INFO - [2025-04-21T04:47:21.504+0000] {dag.py:3096} INFO - Sync 1 DAGs
[2025-04-21T04:47:21.510+0000] {logging_mixin.py:188} INFO - [2025-04-21T04:47:21.510+0000] {dag.py:3954} INFO - Setting next_dagrun for example_sensors to None, run_after=None
[2025-04-21T04:47:21.522+0000] {processor.py:183} INFO - Processing /home/airflow/.local/lib/python3.12/site-packages/airflow/example_dags/example_sensors.py took 0.041 seconds
[2025-04-21T04:52:34.132+0000] {processor.py:161} INFO - Started process (PID=92161) to work on /home/airflow/.local/lib/python3.12/site-packages/airflow/example_dags/example_sensors.py
[2025-04-21T04:52:34.132+0000] {processor.py:830} INFO - Processing file /home/airflow/.local/lib/python3.12/site-packages/airflow/example_dags/example_sensors.py for tasks to queue
[2025-04-21T04:52:34.133+0000] {logging_mixin.py:188} INFO - [2025-04-21T04:52:34.133+0000] {dagbag.py:545} INFO - Filling up the DagBag from /home/airflow/.local/lib/python3.12/site-packages/airflow/example_dags/example_sensors.py
[2025-04-21T04:52:34.137+0000] {processor.py:840} INFO - DAG(s) 'example_sensors' retrieved from /home/airflow/.local/lib/python3.12/site-packages/airflow/example_dags/example_sensors.py
[2025-04-21T04:52:34.149+0000] {logging_mixin.py:188} INFO - [2025-04-21T04:52:34.149+0000] {dag.py:3096} INFO - Sync 1 DAGs
[2025-04-21T04:52:34.156+0000] {logging_mixin.py:188} INFO - [2025-04-21T04:52:34.156+0000] {dag.py:3954} INFO - Setting next_dagrun for example_sensors to None, run_after=None
[2025-04-21T04:52:34.165+0000] {processor.py:183} INFO - Processing /home/airflow/.local/lib/python3.12/site-packages/airflow/example_dags/example_sensors.py took 0.037 seconds
[2025-04-21T05:15:37.691+0000] {processor.py:161} INFO - Started process (PID=92221) to work on /home/airflow/.local/lib/python3.12/site-packages/airflow/example_dags/example_sensors.py
[2025-04-21T05:15:37.691+0000] {processor.py:830} INFO - Processing file /home/airflow/.local/lib/python3.12/site-packages/airflow/example_dags/example_sensors.py for tasks to queue
[2025-04-21T05:15:37.692+0000] {logging_mixin.py:188} INFO - [2025-04-21T05:15:37.692+0000] {dagbag.py:545} INFO - Filling up the DagBag from /home/airflow/.local/lib/python3.12/site-packages/airflow/example_dags/example_sensors.py
[2025-04-21T05:15:37.696+0000] {processor.py:840} INFO - DAG(s) 'example_sensors' retrieved from /home/airflow/.local/lib/python3.12/site-packages/airflow/example_dags/example_sensors.py
[2025-04-21T05:15:37.707+0000] {logging_mixin.py:188} INFO - [2025-04-21T05:15:37.707+0000] {dag.py:3096} INFO - Sync 1 DAGs
[2025-04-21T05:15:37.712+0000] {logging_mixin.py:188} INFO - [2025-04-21T05:15:37.712+0000] {dag.py:3954} INFO - Setting next_dagrun for example_sensors to None, run_after=None
[2025-04-21T05:15:37.719+0000] {processor.py:183} INFO - Processing /home/airflow/.local/lib/python3.12/site-packages/airflow/example_dags/example_sensors.py took 0.031 seconds
[2025-04-21T05:20:51.340+0000] {processor.py:161} INFO - Started process (PID=92281) to work on /home/airflow/.local/lib/python3.12/site-packages/airflow/example_dags/example_sensors.py
[2025-04-21T05:20:51.341+0000] {processor.py:830} INFO - Processing file /home/airflow/.local/lib/python3.12/site-packages/airflow/example_dags/example_sensors.py for tasks to queue
[2025-04-21T05:20:51.342+0000] {logging_mixin.py:188} INFO - [2025-04-21T05:20:51.342+0000] {dagbag.py:545} INFO - Filling up the DagBag from /home/airflow/.local/lib/python3.12/site-packages/airflow/example_dags/example_sensors.py
[2025-04-21T05:20:51.349+0000] {processor.py:840} INFO - DAG(s) 'example_sensors' retrieved from /home/airflow/.local/lib/python3.12/site-packages/airflow/example_dags/example_sensors.py
[2025-04-21T05:20:51.363+0000] {logging_mixin.py:188} INFO - [2025-04-21T05:20:51.363+0000] {dag.py:3096} INFO - Sync 1 DAGs
[2025-04-21T05:20:51.369+0000] {logging_mixin.py:188} INFO - [2025-04-21T05:20:51.369+0000] {dag.py:3954} INFO - Setting next_dagrun for example_sensors to None, run_after=None
[2025-04-21T05:20:51.378+0000] {processor.py:183} INFO - Processing /home/airflow/.local/lib/python3.12/site-packages/airflow/example_dags/example_sensors.py took 0.040 seconds
[2025-04-21T05:26:03.830+0000] {processor.py:161} INFO - Started process (PID=92341) to work on /home/airflow/.local/lib/python3.12/site-packages/airflow/example_dags/example_sensors.py
[2025-04-21T05:26:03.830+0000] {processor.py:830} INFO - Processing file /home/airflow/.local/lib/python3.12/site-packages/airflow/example_dags/example_sensors.py for tasks to queue
[2025-04-21T05:26:03.832+0000] {logging_mixin.py:188} INFO - [2025-04-21T05:26:03.831+0000] {dagbag.py:545} INFO - Filling up the DagBag from /home/airflow/.local/lib/python3.12/site-packages/airflow/example_dags/example_sensors.py
[2025-04-21T05:26:03.842+0000] {processor.py:840} INFO - DAG(s) 'example_sensors' retrieved from /home/airflow/.local/lib/python3.12/site-packages/airflow/example_dags/example_sensors.py
[2025-04-21T05:26:03.855+0000] {logging_mixin.py:188} INFO - [2025-04-21T05:26:03.855+0000] {dag.py:3096} INFO - Sync 1 DAGs
[2025-04-21T05:26:03.861+0000] {logging_mixin.py:188} INFO - [2025-04-21T05:26:03.861+0000] {dag.py:3954} INFO - Setting next_dagrun for example_sensors to None, run_after=None
[2025-04-21T05:26:03.869+0000] {processor.py:183} INFO - Processing /home/airflow/.local/lib/python3.12/site-packages/airflow/example_dags/example_sensors.py took 0.041 seconds
[2025-04-21T05:59:58.385+0000] {processor.py:161} INFO - Started process (PID=92401) to work on /home/airflow/.local/lib/python3.12/site-packages/airflow/example_dags/example_sensors.py
[2025-04-21T05:59:58.388+0000] {processor.py:830} INFO - Processing file /home/airflow/.local/lib/python3.12/site-packages/airflow/example_dags/example_sensors.py for tasks to queue
[2025-04-21T05:59:58.389+0000] {logging_mixin.py:188} INFO - [2025-04-21T05:59:58.389+0000] {dagbag.py:545} INFO - Filling up the DagBag from /home/airflow/.local/lib/python3.12/site-packages/airflow/example_dags/example_sensors.py
[2025-04-21T05:59:58.393+0000] {processor.py:840} INFO - DAG(s) 'example_sensors' retrieved from /home/airflow/.local/lib/python3.12/site-packages/airflow/example_dags/example_sensors.py
[2025-04-21T05:59:58.411+0000] {logging_mixin.py:188} INFO - [2025-04-21T05:59:58.411+0000] {dag.py:3096} INFO - Sync 1 DAGs
[2025-04-21T05:59:58.417+0000] {logging_mixin.py:188} INFO - [2025-04-21T05:59:58.417+0000] {dag.py:3954} INFO - Setting next_dagrun for example_sensors to None, run_after=None
[2025-04-21T05:59:58.426+0000] {processor.py:183} INFO - Processing /home/airflow/.local/lib/python3.12/site-packages/airflow/example_dags/example_sensors.py took 0.044 seconds
[2025-04-21T07:21:17.149+0000] {processor.py:161} INFO - Started process (PID=92461) to work on /home/airflow/.local/lib/python3.12/site-packages/airflow/example_dags/example_sensors.py
[2025-04-21T07:21:17.149+0000] {processor.py:830} INFO - Processing file /home/airflow/.local/lib/python3.12/site-packages/airflow/example_dags/example_sensors.py for tasks to queue
[2025-04-21T07:21:17.150+0000] {logging_mixin.py:188} INFO - [2025-04-21T07:21:17.150+0000] {dagbag.py:545} INFO - Filling up the DagBag from /home/airflow/.local/lib/python3.12/site-packages/airflow/example_dags/example_sensors.py
[2025-04-21T07:21:17.154+0000] {processor.py:840} INFO - DAG(s) 'example_sensors' retrieved from /home/airflow/.local/lib/python3.12/site-packages/airflow/example_dags/example_sensors.py
[2025-04-21T07:21:17.167+0000] {logging_mixin.py:188} INFO - [2025-04-21T07:21:17.167+0000] {dag.py:3096} INFO - Sync 1 DAGs
[2025-04-21T07:21:17.174+0000] {logging_mixin.py:188} INFO - [2025-04-21T07:21:17.174+0000] {dag.py:3954} INFO - Setting next_dagrun for example_sensors to None, run_after=None
[2025-04-21T07:21:17.182+0000] {processor.py:183} INFO - Processing /home/airflow/.local/lib/python3.12/site-packages/airflow/example_dags/example_sensors.py took 0.035 seconds
[2025-04-21T09:02:21.311+0000] {processor.py:161} INFO - Started process (PID=92521) to work on /home/airflow/.local/lib/python3.12/site-packages/airflow/example_dags/example_sensors.py
[2025-04-21T09:02:21.314+0000] {processor.py:830} INFO - Processing file /home/airflow/.local/lib/python3.12/site-packages/airflow/example_dags/example_sensors.py for tasks to queue
[2025-04-21T09:02:21.316+0000] {logging_mixin.py:188} INFO - [2025-04-21T09:02:21.315+0000] {dagbag.py:545} INFO - Filling up the DagBag from /home/airflow/.local/lib/python3.12/site-packages/airflow/example_dags/example_sensors.py
[2025-04-21T09:02:21.321+0000] {processor.py:840} INFO - DAG(s) 'example_sensors' retrieved from /home/airflow/.local/lib/python3.12/site-packages/airflow/example_dags/example_sensors.py
[2025-04-21T09:02:21.337+0000] {logging_mixin.py:188} INFO - [2025-04-21T09:02:21.335+0000] {dag.py:3096} INFO - Sync 1 DAGs
[2025-04-21T09:02:21.344+0000] {logging_mixin.py:188} INFO - [2025-04-21T09:02:21.344+0000] {dag.py:3954} INFO - Setting next_dagrun for example_sensors to None, run_after=None
[2025-04-21T09:02:21.353+0000] {processor.py:183} INFO - Processing /home/airflow/.local/lib/python3.12/site-packages/airflow/example_dags/example_sensors.py took 0.045 seconds
[2025-04-21T10:25:30.560+0000] {processor.py:161} INFO - Started process (PID=92581) to work on /home/airflow/.local/lib/python3.12/site-packages/airflow/example_dags/example_sensors.py
[2025-04-21T10:25:30.563+0000] {processor.py:830} INFO - Processing file /home/airflow/.local/lib/python3.12/site-packages/airflow/example_dags/example_sensors.py for tasks to queue
[2025-04-21T10:25:30.565+0000] {logging_mixin.py:188} INFO - [2025-04-21T10:25:30.565+0000] {dagbag.py:545} INFO - Filling up the DagBag from /home/airflow/.local/lib/python3.12/site-packages/airflow/example_dags/example_sensors.py
[2025-04-21T10:25:30.570+0000] {processor.py:840} INFO - DAG(s) 'example_sensors' retrieved from /home/airflow/.local/lib/python3.12/site-packages/airflow/example_dags/example_sensors.py
[2025-04-21T10:25:30.587+0000] {logging_mixin.py:188} INFO - [2025-04-21T10:25:30.587+0000] {dag.py:3096} INFO - Sync 1 DAGs
[2025-04-21T10:25:30.593+0000] {logging_mixin.py:188} INFO - [2025-04-21T10:25:30.593+0000] {dag.py:3954} INFO - Setting next_dagrun for example_sensors to None, run_after=None
[2025-04-21T10:25:30.603+0000] {processor.py:183} INFO - Processing /home/airflow/.local/lib/python3.12/site-packages/airflow/example_dags/example_sensors.py took 0.046 seconds
[2025-04-21T12:02:28.064+0000] {processor.py:161} INFO - Started process (PID=92641) to work on /home/airflow/.local/lib/python3.12/site-packages/airflow/example_dags/example_sensors.py
[2025-04-21T12:02:28.064+0000] {processor.py:830} INFO - Processing file /home/airflow/.local/lib/python3.12/site-packages/airflow/example_dags/example_sensors.py for tasks to queue
[2025-04-21T12:02:28.065+0000] {logging_mixin.py:188} INFO - [2025-04-21T12:02:28.065+0000] {dagbag.py:545} INFO - Filling up the DagBag from /home/airflow/.local/lib/python3.12/site-packages/airflow/example_dags/example_sensors.py
[2025-04-21T12:02:28.070+0000] {processor.py:840} INFO - DAG(s) 'example_sensors' retrieved from /home/airflow/.local/lib/python3.12/site-packages/airflow/example_dags/example_sensors.py
[2025-04-21T12:02:28.085+0000] {logging_mixin.py:188} INFO - [2025-04-21T12:02:28.085+0000] {dag.py:3096} INFO - Sync 1 DAGs
[2025-04-21T12:02:28.090+0000] {logging_mixin.py:188} INFO - [2025-04-21T12:02:28.090+0000] {dag.py:3954} INFO - Setting next_dagrun for example_sensors to None, run_after=None
[2025-04-21T12:02:28.105+0000] {processor.py:183} INFO - Processing /home/airflow/.local/lib/python3.12/site-packages/airflow/example_dags/example_sensors.py took 0.044 seconds
[2025-04-21T12:02:58.536+0000] {processor.py:161} INFO - Started process (PID=92701) to work on /home/airflow/.local/lib/python3.12/site-packages/airflow/example_dags/example_sensors.py
[2025-04-21T12:02:58.538+0000] {processor.py:830} INFO - Processing file /home/airflow/.local/lib/python3.12/site-packages/airflow/example_dags/example_sensors.py for tasks to queue
[2025-04-21T12:02:58.539+0000] {logging_mixin.py:188} INFO - [2025-04-21T12:02:58.539+0000] {dagbag.py:545} INFO - Filling up the DagBag from /home/airflow/.local/lib/python3.12/site-packages/airflow/example_dags/example_sensors.py
[2025-04-21T12:02:58.544+0000] {processor.py:840} INFO - DAG(s) 'example_sensors' retrieved from /home/airflow/.local/lib/python3.12/site-packages/airflow/example_dags/example_sensors.py
[2025-04-21T12:02:58.556+0000] {logging_mixin.py:188} INFO - [2025-04-21T12:02:58.556+0000] {dag.py:3096} INFO - Sync 1 DAGs
[2025-04-21T12:02:58.563+0000] {logging_mixin.py:188} INFO - [2025-04-21T12:02:58.563+0000] {dag.py:3954} INFO - Setting next_dagrun for example_sensors to None, run_after=None
[2025-04-21T12:02:58.576+0000] {processor.py:183} INFO - Processing /home/airflow/.local/lib/python3.12/site-packages/airflow/example_dags/example_sensors.py took 0.043 seconds
[2025-04-21T12:08:11.035+0000] {processor.py:161} INFO - Started process (PID=92761) to work on /home/airflow/.local/lib/python3.12/site-packages/airflow/example_dags/example_sensors.py
[2025-04-21T12:08:11.036+0000] {processor.py:830} INFO - Processing file /home/airflow/.local/lib/python3.12/site-packages/airflow/example_dags/example_sensors.py for tasks to queue
[2025-04-21T12:08:11.037+0000] {logging_mixin.py:188} INFO - [2025-04-21T12:08:11.037+0000] {dagbag.py:545} INFO - Filling up the DagBag from /home/airflow/.local/lib/python3.12/site-packages/airflow/example_dags/example_sensors.py
[2025-04-21T12:08:11.044+0000] {processor.py:840} INFO - DAG(s) 'example_sensors' retrieved from /home/airflow/.local/lib/python3.12/site-packages/airflow/example_dags/example_sensors.py
[2025-04-21T12:08:11.062+0000] {logging_mixin.py:188} INFO - [2025-04-21T12:08:11.061+0000] {dag.py:3096} INFO - Sync 1 DAGs
[2025-04-21T12:08:11.068+0000] {logging_mixin.py:188} INFO - [2025-04-21T12:08:11.068+0000] {dag.py:3954} INFO - Setting next_dagrun for example_sensors to None, run_after=None
[2025-04-21T12:08:11.077+0000] {processor.py:183} INFO - Processing /home/airflow/.local/lib/python3.12/site-packages/airflow/example_dags/example_sensors.py took 0.045 seconds
[2025-04-21T12:09:06.130+0000] {processor.py:161} INFO - Started process (PID=92821) to work on /home/airflow/.local/lib/python3.12/site-packages/airflow/example_dags/example_sensors.py
[2025-04-21T12:09:06.131+0000] {processor.py:830} INFO - Processing file /home/airflow/.local/lib/python3.12/site-packages/airflow/example_dags/example_sensors.py for tasks to queue
[2025-04-21T12:09:06.132+0000] {logging_mixin.py:188} INFO - [2025-04-21T12:09:06.132+0000] {dagbag.py:545} INFO - Filling up the DagBag from /home/airflow/.local/lib/python3.12/site-packages/airflow/example_dags/example_sensors.py
[2025-04-21T12:09:06.140+0000] {processor.py:840} INFO - DAG(s) 'example_sensors' retrieved from /home/airflow/.local/lib/python3.12/site-packages/airflow/example_dags/example_sensors.py
[2025-04-21T12:09:06.175+0000] {logging_mixin.py:188} INFO - [2025-04-21T12:09:06.175+0000] {dag.py:3096} INFO - Sync 1 DAGs
[2025-04-21T12:09:06.186+0000] {logging_mixin.py:188} INFO - [2025-04-21T12:09:06.186+0000] {dag.py:3954} INFO - Setting next_dagrun for example_sensors to None, run_after=None
[2025-04-21T12:09:06.206+0000] {processor.py:183} INFO - Processing /home/airflow/.local/lib/python3.12/site-packages/airflow/example_dags/example_sensors.py took 0.080 seconds
[2025-04-21T12:14:18.954+0000] {processor.py:161} INFO - Started process (PID=92881) to work on /home/airflow/.local/lib/python3.12/site-packages/airflow/example_dags/example_sensors.py
[2025-04-21T12:14:18.955+0000] {processor.py:830} INFO - Processing file /home/airflow/.local/lib/python3.12/site-packages/airflow/example_dags/example_sensors.py for tasks to queue
[2025-04-21T12:14:18.956+0000] {logging_mixin.py:188} INFO - [2025-04-21T12:14:18.956+0000] {dagbag.py:545} INFO - Filling up the DagBag from /home/airflow/.local/lib/python3.12/site-packages/airflow/example_dags/example_sensors.py
[2025-04-21T12:14:18.962+0000] {processor.py:840} INFO - DAG(s) 'example_sensors' retrieved from /home/airflow/.local/lib/python3.12/site-packages/airflow/example_dags/example_sensors.py
[2025-04-21T12:14:18.974+0000] {logging_mixin.py:188} INFO - [2025-04-21T12:14:18.973+0000] {dag.py:3096} INFO - Sync 1 DAGs
[2025-04-21T12:14:18.979+0000] {logging_mixin.py:188} INFO - [2025-04-21T12:14:18.979+0000] {dag.py:3954} INFO - Setting next_dagrun for example_sensors to None, run_after=None
[2025-04-21T12:14:18.992+0000] {processor.py:183} INFO - Processing /home/airflow/.local/lib/python3.12/site-packages/airflow/example_dags/example_sensors.py took 0.041 seconds
[2025-04-21T12:19:32.402+0000] {processor.py:161} INFO - Started process (PID=92941) to work on /home/airflow/.local/lib/python3.12/site-packages/airflow/example_dags/example_sensors.py
[2025-04-21T12:19:32.403+0000] {processor.py:830} INFO - Processing file /home/airflow/.local/lib/python3.12/site-packages/airflow/example_dags/example_sensors.py for tasks to queue
[2025-04-21T12:19:32.404+0000] {logging_mixin.py:188} INFO - [2025-04-21T12:19:32.404+0000] {dagbag.py:545} INFO - Filling up the DagBag from /home/airflow/.local/lib/python3.12/site-packages/airflow/example_dags/example_sensors.py
[2025-04-21T12:19:32.409+0000] {processor.py:840} INFO - DAG(s) 'example_sensors' retrieved from /home/airflow/.local/lib/python3.12/site-packages/airflow/example_dags/example_sensors.py
[2025-04-21T12:19:32.426+0000] {logging_mixin.py:188} INFO - [2025-04-21T12:19:32.426+0000] {dag.py:3096} INFO - Sync 1 DAGs
[2025-04-21T12:19:32.433+0000] {logging_mixin.py:188} INFO - [2025-04-21T12:19:32.433+0000] {dag.py:3954} INFO - Setting next_dagrun for example_sensors to None, run_after=None
[2025-04-21T12:19:32.445+0000] {processor.py:183} INFO - Processing /home/airflow/.local/lib/python3.12/site-packages/airflow/example_dags/example_sensors.py took 0.046 seconds
[2025-04-21T12:24:45.013+0000] {processor.py:161} INFO - Started process (PID=93001) to work on /home/airflow/.local/lib/python3.12/site-packages/airflow/example_dags/example_sensors.py
[2025-04-21T12:24:45.014+0000] {processor.py:830} INFO - Processing file /home/airflow/.local/lib/python3.12/site-packages/airflow/example_dags/example_sensors.py for tasks to queue
[2025-04-21T12:24:45.015+0000] {logging_mixin.py:188} INFO - [2025-04-21T12:24:45.015+0000] {dagbag.py:545} INFO - Filling up the DagBag from /home/airflow/.local/lib/python3.12/site-packages/airflow/example_dags/example_sensors.py
[2025-04-21T12:24:45.021+0000] {processor.py:840} INFO - DAG(s) 'example_sensors' retrieved from /home/airflow/.local/lib/python3.12/site-packages/airflow/example_dags/example_sensors.py
[2025-04-21T12:24:45.037+0000] {logging_mixin.py:188} INFO - [2025-04-21T12:24:45.037+0000] {dag.py:3096} INFO - Sync 1 DAGs
[2025-04-21T12:24:45.043+0000] {logging_mixin.py:188} INFO - [2025-04-21T12:24:45.043+0000] {dag.py:3954} INFO - Setting next_dagrun for example_sensors to None, run_after=None
[2025-04-21T12:24:45.055+0000] {processor.py:183} INFO - Processing /home/airflow/.local/lib/python3.12/site-packages/airflow/example_dags/example_sensors.py took 0.046 seconds
[2025-04-21T12:57:00.083+0000] {processor.py:161} INFO - Started process (PID=93061) to work on /home/airflow/.local/lib/python3.12/site-packages/airflow/example_dags/example_sensors.py
[2025-04-21T12:57:00.085+0000] {processor.py:830} INFO - Processing file /home/airflow/.local/lib/python3.12/site-packages/airflow/example_dags/example_sensors.py for tasks to queue
[2025-04-21T12:57:00.087+0000] {logging_mixin.py:188} INFO - [2025-04-21T12:57:00.086+0000] {dagbag.py:545} INFO - Filling up the DagBag from /home/airflow/.local/lib/python3.12/site-packages/airflow/example_dags/example_sensors.py
[2025-04-21T12:57:00.091+0000] {processor.py:840} INFO - DAG(s) 'example_sensors' retrieved from /home/airflow/.local/lib/python3.12/site-packages/airflow/example_dags/example_sensors.py
[2025-04-21T12:57:00.105+0000] {logging_mixin.py:188} INFO - [2025-04-21T12:57:00.105+0000] {dag.py:3096} INFO - Sync 1 DAGs
[2025-04-21T12:57:00.110+0000] {logging_mixin.py:188} INFO - [2025-04-21T12:57:00.110+0000] {dag.py:3954} INFO - Setting next_dagrun for example_sensors to None, run_after=None
[2025-04-21T12:57:00.121+0000] {processor.py:183} INFO - Processing /home/airflow/.local/lib/python3.12/site-packages/airflow/example_dags/example_sensors.py took 0.041 seconds
[2025-04-21T14:21:26.817+0000] {processor.py:161} INFO - Started process (PID=93121) to work on /home/airflow/.local/lib/python3.12/site-packages/airflow/example_dags/example_sensors.py
[2025-04-21T14:21:26.820+0000] {processor.py:830} INFO - Processing file /home/airflow/.local/lib/python3.12/site-packages/airflow/example_dags/example_sensors.py for tasks to queue
[2025-04-21T14:21:26.821+0000] {logging_mixin.py:188} INFO - [2025-04-21T14:21:26.821+0000] {dagbag.py:545} INFO - Filling up the DagBag from /home/airflow/.local/lib/python3.12/site-packages/airflow/example_dags/example_sensors.py
[2025-04-21T14:21:26.826+0000] {processor.py:840} INFO - DAG(s) 'example_sensors' retrieved from /home/airflow/.local/lib/python3.12/site-packages/airflow/example_dags/example_sensors.py
[2025-04-21T14:21:26.843+0000] {logging_mixin.py:188} INFO - [2025-04-21T14:21:26.842+0000] {dag.py:3096} INFO - Sync 1 DAGs
[2025-04-21T14:21:26.849+0000] {logging_mixin.py:188} INFO - [2025-04-21T14:21:26.849+0000] {dag.py:3954} INFO - Setting next_dagrun for example_sensors to None, run_after=None
[2025-04-21T14:21:26.858+0000] {processor.py:183} INFO - Processing /home/airflow/.local/lib/python3.12/site-packages/airflow/example_dags/example_sensors.py took 0.043 seconds
[2025-04-21T16:03:45.343+0000] {processor.py:161} INFO - Started process (PID=93181) to work on /home/airflow/.local/lib/python3.12/site-packages/airflow/example_dags/example_sensors.py
[2025-04-21T16:03:45.345+0000] {processor.py:830} INFO - Processing file /home/airflow/.local/lib/python3.12/site-packages/airflow/example_dags/example_sensors.py for tasks to queue
[2025-04-21T16:03:45.347+0000] {logging_mixin.py:188} INFO - [2025-04-21T16:03:45.346+0000] {dagbag.py:545} INFO - Filling up the DagBag from /home/airflow/.local/lib/python3.12/site-packages/airflow/example_dags/example_sensors.py
[2025-04-21T16:03:45.352+0000] {processor.py:840} INFO - DAG(s) 'example_sensors' retrieved from /home/airflow/.local/lib/python3.12/site-packages/airflow/example_dags/example_sensors.py
[2025-04-21T16:03:45.368+0000] {logging_mixin.py:188} INFO - [2025-04-21T16:03:45.368+0000] {dag.py:3096} INFO - Sync 1 DAGs
[2025-04-21T16:03:45.374+0000] {logging_mixin.py:188} INFO - [2025-04-21T16:03:45.374+0000] {dag.py:3954} INFO - Setting next_dagrun for example_sensors to None, run_after=None
[2025-04-21T16:03:45.383+0000] {processor.py:183} INFO - Processing /home/airflow/.local/lib/python3.12/site-packages/airflow/example_dags/example_sensors.py took 0.043 seconds
[2025-04-21T17:25:32.339+0000] {processor.py:161} INFO - Started process (PID=93241) to work on /home/airflow/.local/lib/python3.12/site-packages/airflow/example_dags/example_sensors.py
[2025-04-21T17:25:32.340+0000] {processor.py:830} INFO - Processing file /home/airflow/.local/lib/python3.12/site-packages/airflow/example_dags/example_sensors.py for tasks to queue
[2025-04-21T17:25:32.343+0000] {logging_mixin.py:188} INFO - [2025-04-21T17:25:32.343+0000] {dagbag.py:545} INFO - Filling up the DagBag from /home/airflow/.local/lib/python3.12/site-packages/airflow/example_dags/example_sensors.py
[2025-04-21T17:25:32.348+0000] {processor.py:840} INFO - DAG(s) 'example_sensors' retrieved from /home/airflow/.local/lib/python3.12/site-packages/airflow/example_dags/example_sensors.py
[2025-04-21T17:25:32.363+0000] {logging_mixin.py:188} INFO - [2025-04-21T17:25:32.363+0000] {dag.py:3096} INFO - Sync 1 DAGs
[2025-04-21T17:25:32.371+0000] {logging_mixin.py:188} INFO - [2025-04-21T17:25:32.371+0000] {dag.py:3954} INFO - Setting next_dagrun for example_sensors to None, run_after=None
[2025-04-21T17:25:32.383+0000] {processor.py:183} INFO - Processing /home/airflow/.local/lib/python3.12/site-packages/airflow/example_dags/example_sensors.py took 0.048 seconds
[2025-04-21T18:31:35.525+0000] {processor.py:161} INFO - Started process (PID=93301) to work on /home/airflow/.local/lib/python3.12/site-packages/airflow/example_dags/example_sensors.py
[2025-04-21T18:31:35.529+0000] {processor.py:830} INFO - Processing file /home/airflow/.local/lib/python3.12/site-packages/airflow/example_dags/example_sensors.py for tasks to queue
[2025-04-21T18:31:35.534+0000] {logging_mixin.py:188} INFO - [2025-04-21T18:31:35.534+0000] {dagbag.py:545} INFO - Filling up the DagBag from /home/airflow/.local/lib/python3.12/site-packages/airflow/example_dags/example_sensors.py
[2025-04-21T18:31:35.539+0000] {processor.py:840} INFO - DAG(s) 'example_sensors' retrieved from /home/airflow/.local/lib/python3.12/site-packages/airflow/example_dags/example_sensors.py
[2025-04-21T18:31:35.557+0000] {logging_mixin.py:188} INFO - [2025-04-21T18:31:35.557+0000] {dag.py:3096} INFO - Sync 1 DAGs
[2025-04-21T18:31:35.563+0000] {logging_mixin.py:188} INFO - [2025-04-21T18:31:35.563+0000] {dag.py:3954} INFO - Setting next_dagrun for example_sensors to None, run_after=None
[2025-04-21T18:31:35.572+0000] {processor.py:183} INFO - Processing /home/airflow/.local/lib/python3.12/site-packages/airflow/example_dags/example_sensors.py took 0.051 seconds
[2025-04-21T18:32:06.313+0000] {processor.py:161} INFO - Started process (PID=93361) to work on /home/airflow/.local/lib/python3.12/site-packages/airflow/example_dags/example_sensors.py
[2025-04-21T18:32:06.316+0000] {processor.py:830} INFO - Processing file /home/airflow/.local/lib/python3.12/site-packages/airflow/example_dags/example_sensors.py for tasks to queue
[2025-04-21T18:32:06.318+0000] {logging_mixin.py:188} INFO - [2025-04-21T18:32:06.318+0000] {dagbag.py:545} INFO - Filling up the DagBag from /home/airflow/.local/lib/python3.12/site-packages/airflow/example_dags/example_sensors.py
[2025-04-21T18:32:06.324+0000] {processor.py:840} INFO - DAG(s) 'example_sensors' retrieved from /home/airflow/.local/lib/python3.12/site-packages/airflow/example_dags/example_sensors.py
[2025-04-21T18:32:06.340+0000] {logging_mixin.py:188} INFO - [2025-04-21T18:32:06.340+0000] {dag.py:3096} INFO - Sync 1 DAGs
[2025-04-21T18:32:06.346+0000] {logging_mixin.py:188} INFO - [2025-04-21T18:32:06.346+0000] {dag.py:3954} INFO - Setting next_dagrun for example_sensors to None, run_after=None
[2025-04-21T18:32:06.355+0000] {processor.py:183} INFO - Processing /home/airflow/.local/lib/python3.12/site-packages/airflow/example_dags/example_sensors.py took 0.044 seconds
[2025-04-21T18:35:57.882+0000] {processor.py:161} INFO - Started process (PID=93421) to work on /home/airflow/.local/lib/python3.12/site-packages/airflow/example_dags/example_sensors.py
[2025-04-21T18:35:57.882+0000] {processor.py:830} INFO - Processing file /home/airflow/.local/lib/python3.12/site-packages/airflow/example_dags/example_sensors.py for tasks to queue
[2025-04-21T18:35:57.883+0000] {logging_mixin.py:188} INFO - [2025-04-21T18:35:57.883+0000] {dagbag.py:545} INFO - Filling up the DagBag from /home/airflow/.local/lib/python3.12/site-packages/airflow/example_dags/example_sensors.py
[2025-04-21T18:35:57.888+0000] {processor.py:840} INFO - DAG(s) 'example_sensors' retrieved from /home/airflow/.local/lib/python3.12/site-packages/airflow/example_dags/example_sensors.py
[2025-04-21T18:35:57.903+0000] {logging_mixin.py:188} INFO - [2025-04-21T18:35:57.903+0000] {dag.py:3096} INFO - Sync 1 DAGs
[2025-04-21T18:35:57.908+0000] {logging_mixin.py:188} INFO - [2025-04-21T18:35:57.908+0000] {dag.py:3954} INFO - Setting next_dagrun for example_sensors to None, run_after=None
[2025-04-21T18:35:57.926+0000] {processor.py:183} INFO - Processing /home/airflow/.local/lib/python3.12/site-packages/airflow/example_dags/example_sensors.py took 0.047 seconds
[2025-04-21T18:41:10.697+0000] {processor.py:161} INFO - Started process (PID=93481) to work on /home/airflow/.local/lib/python3.12/site-packages/airflow/example_dags/example_sensors.py
[2025-04-21T18:41:10.698+0000] {processor.py:830} INFO - Processing file /home/airflow/.local/lib/python3.12/site-packages/airflow/example_dags/example_sensors.py for tasks to queue
[2025-04-21T18:41:10.699+0000] {logging_mixin.py:188} INFO - [2025-04-21T18:41:10.699+0000] {dagbag.py:545} INFO - Filling up the DagBag from /home/airflow/.local/lib/python3.12/site-packages/airflow/example_dags/example_sensors.py
[2025-04-21T18:41:10.704+0000] {processor.py:840} INFO - DAG(s) 'example_sensors' retrieved from /home/airflow/.local/lib/python3.12/site-packages/airflow/example_dags/example_sensors.py
[2025-04-21T18:41:10.720+0000] {logging_mixin.py:188} INFO - [2025-04-21T18:41:10.720+0000] {dag.py:3096} INFO - Sync 1 DAGs
[2025-04-21T18:41:10.734+0000] {logging_mixin.py:188} INFO - [2025-04-21T18:41:10.734+0000] {dag.py:3954} INFO - Setting next_dagrun for example_sensors to None, run_after=None
[2025-04-21T18:41:10.745+0000] {processor.py:183} INFO - Processing /home/airflow/.local/lib/python3.12/site-packages/airflow/example_dags/example_sensors.py took 0.051 seconds
[2025-04-21T18:41:41.462+0000] {processor.py:161} INFO - Started process (PID=93541) to work on /home/airflow/.local/lib/python3.12/site-packages/airflow/example_dags/example_sensors.py
[2025-04-21T18:41:41.462+0000] {processor.py:830} INFO - Processing file /home/airflow/.local/lib/python3.12/site-packages/airflow/example_dags/example_sensors.py for tasks to queue
[2025-04-21T18:41:41.463+0000] {logging_mixin.py:188} INFO - [2025-04-21T18:41:41.463+0000] {dagbag.py:545} INFO - Filling up the DagBag from /home/airflow/.local/lib/python3.12/site-packages/airflow/example_dags/example_sensors.py
[2025-04-21T18:41:41.468+0000] {processor.py:840} INFO - DAG(s) 'example_sensors' retrieved from /home/airflow/.local/lib/python3.12/site-packages/airflow/example_dags/example_sensors.py
[2025-04-21T18:41:41.488+0000] {logging_mixin.py:188} INFO - [2025-04-21T18:41:41.488+0000] {dag.py:3096} INFO - Sync 1 DAGs
[2025-04-21T18:41:41.495+0000] {logging_mixin.py:188} INFO - [2025-04-21T18:41:41.495+0000] {dag.py:3954} INFO - Setting next_dagrun for example_sensors to None, run_after=None
[2025-04-21T18:41:41.504+0000] {processor.py:183} INFO - Processing /home/airflow/.local/lib/python3.12/site-packages/airflow/example_dags/example_sensors.py took 0.045 seconds
[2025-04-21T18:46:53.668+0000] {processor.py:161} INFO - Started process (PID=93601) to work on /home/airflow/.local/lib/python3.12/site-packages/airflow/example_dags/example_sensors.py
[2025-04-21T18:46:53.669+0000] {processor.py:830} INFO - Processing file /home/airflow/.local/lib/python3.12/site-packages/airflow/example_dags/example_sensors.py for tasks to queue
[2025-04-21T18:46:53.670+0000] {logging_mixin.py:188} INFO - [2025-04-21T18:46:53.670+0000] {dagbag.py:545} INFO - Filling up the DagBag from /home/airflow/.local/lib/python3.12/site-packages/airflow/example_dags/example_sensors.py
[2025-04-21T18:46:53.675+0000] {processor.py:840} INFO - DAG(s) 'example_sensors' retrieved from /home/airflow/.local/lib/python3.12/site-packages/airflow/example_dags/example_sensors.py
[2025-04-21T18:46:53.686+0000] {logging_mixin.py:188} INFO - [2025-04-21T18:46:53.686+0000] {dag.py:3096} INFO - Sync 1 DAGs
[2025-04-21T18:46:53.693+0000] {logging_mixin.py:188} INFO - [2025-04-21T18:46:53.693+0000] {dag.py:3954} INFO - Setting next_dagrun for example_sensors to None, run_after=None
[2025-04-21T18:46:53.706+0000] {processor.py:183} INFO - Processing /home/airflow/.local/lib/python3.12/site-packages/airflow/example_dags/example_sensors.py took 0.040 seconds
[2025-04-21T18:52:06.850+0000] {processor.py:161} INFO - Started process (PID=93661) to work on /home/airflow/.local/lib/python3.12/site-packages/airflow/example_dags/example_sensors.py
[2025-04-21T18:52:06.851+0000] {processor.py:830} INFO - Processing file /home/airflow/.local/lib/python3.12/site-packages/airflow/example_dags/example_sensors.py for tasks to queue
[2025-04-21T18:52:06.852+0000] {logging_mixin.py:188} INFO - [2025-04-21T18:52:06.852+0000] {dagbag.py:545} INFO - Filling up the DagBag from /home/airflow/.local/lib/python3.12/site-packages/airflow/example_dags/example_sensors.py
[2025-04-21T18:52:06.856+0000] {processor.py:840} INFO - DAG(s) 'example_sensors' retrieved from /home/airflow/.local/lib/python3.12/site-packages/airflow/example_dags/example_sensors.py
[2025-04-21T18:52:06.870+0000] {logging_mixin.py:188} INFO - [2025-04-21T18:52:06.870+0000] {dag.py:3096} INFO - Sync 1 DAGs
[2025-04-21T18:52:06.876+0000] {logging_mixin.py:188} INFO - [2025-04-21T18:52:06.876+0000] {dag.py:3954} INFO - Setting next_dagrun for example_sensors to None, run_after=None
[2025-04-21T18:52:06.890+0000] {processor.py:183} INFO - Processing /home/airflow/.local/lib/python3.12/site-packages/airflow/example_dags/example_sensors.py took 0.043 seconds
[2025-04-21T18:52:38.608+0000] {processor.py:161} INFO - Started process (PID=93721) to work on /home/airflow/.local/lib/python3.12/site-packages/airflow/example_dags/example_sensors.py
[2025-04-21T18:52:38.609+0000] {processor.py:830} INFO - Processing file /home/airflow/.local/lib/python3.12/site-packages/airflow/example_dags/example_sensors.py for tasks to queue
[2025-04-21T18:52:38.610+0000] {logging_mixin.py:188} INFO - [2025-04-21T18:52:38.610+0000] {dagbag.py:545} INFO - Filling up the DagBag from /home/airflow/.local/lib/python3.12/site-packages/airflow/example_dags/example_sensors.py
[2025-04-21T18:52:38.615+0000] {processor.py:840} INFO - DAG(s) 'example_sensors' retrieved from /home/airflow/.local/lib/python3.12/site-packages/airflow/example_dags/example_sensors.py
[2025-04-21T18:52:38.713+0000] {logging_mixin.py:188} INFO - [2025-04-21T18:52:38.712+0000] {dag.py:3096} INFO - Sync 1 DAGs
[2025-04-21T18:52:38.718+0000] {logging_mixin.py:188} INFO - [2025-04-21T18:52:38.718+0000] {dag.py:3954} INFO - Setting next_dagrun for example_sensors to None, run_after=None
[2025-04-21T18:52:38.729+0000] {processor.py:183} INFO - Processing /home/airflow/.local/lib/python3.12/site-packages/airflow/example_dags/example_sensors.py took 0.124 seconds
[2025-04-21T18:57:49.511+0000] {processor.py:161} INFO - Started process (PID=93781) to work on /home/airflow/.local/lib/python3.12/site-packages/airflow/example_dags/example_sensors.py
[2025-04-21T18:57:49.511+0000] {processor.py:830} INFO - Processing file /home/airflow/.local/lib/python3.12/site-packages/airflow/example_dags/example_sensors.py for tasks to queue
[2025-04-21T18:57:49.512+0000] {logging_mixin.py:188} INFO - [2025-04-21T18:57:49.512+0000] {dagbag.py:545} INFO - Filling up the DagBag from /home/airflow/.local/lib/python3.12/site-packages/airflow/example_dags/example_sensors.py
[2025-04-21T18:57:49.517+0000] {processor.py:840} INFO - DAG(s) 'example_sensors' retrieved from /home/airflow/.local/lib/python3.12/site-packages/airflow/example_dags/example_sensors.py
[2025-04-21T18:57:49.530+0000] {logging_mixin.py:188} INFO - [2025-04-21T18:57:49.530+0000] {dag.py:3096} INFO - Sync 1 DAGs
[2025-04-21T18:57:49.535+0000] {logging_mixin.py:188} INFO - [2025-04-21T18:57:49.535+0000] {dag.py:3954} INFO - Setting next_dagrun for example_sensors to None, run_after=None
[2025-04-21T18:57:49.545+0000] {processor.py:183} INFO - Processing /home/airflow/.local/lib/python3.12/site-packages/airflow/example_dags/example_sensors.py took 0.038 seconds
[2025-04-21T20:03:24.489+0000] {processor.py:161} INFO - Started process (PID=93841) to work on /home/airflow/.local/lib/python3.12/site-packages/airflow/example_dags/example_sensors.py
[2025-04-21T20:03:24.490+0000] {processor.py:830} INFO - Processing file /home/airflow/.local/lib/python3.12/site-packages/airflow/example_dags/example_sensors.py for tasks to queue
[2025-04-21T20:03:24.491+0000] {logging_mixin.py:188} INFO - [2025-04-21T20:03:24.491+0000] {dagbag.py:545} INFO - Filling up the DagBag from /home/airflow/.local/lib/python3.12/site-packages/airflow/example_dags/example_sensors.py
[2025-04-21T20:03:24.496+0000] {processor.py:840} INFO - DAG(s) 'example_sensors' retrieved from /home/airflow/.local/lib/python3.12/site-packages/airflow/example_dags/example_sensors.py
[2025-04-21T20:03:24.511+0000] {logging_mixin.py:188} INFO - [2025-04-21T20:03:24.511+0000] {dag.py:3096} INFO - Sync 1 DAGs
[2025-04-21T20:03:24.516+0000] {logging_mixin.py:188} INFO - [2025-04-21T20:03:24.516+0000] {dag.py:3954} INFO - Setting next_dagrun for example_sensors to None, run_after=None
[2025-04-21T20:03:24.531+0000] {processor.py:183} INFO - Processing /home/airflow/.local/lib/python3.12/site-packages/airflow/example_dags/example_sensors.py took 0.045 seconds
[2025-04-21T20:15:54.017+0000] {processor.py:161} INFO - Started process (PID=93901) to work on /home/airflow/.local/lib/python3.12/site-packages/airflow/example_dags/example_sensors.py
[2025-04-21T20:15:54.017+0000] {processor.py:830} INFO - Processing file /home/airflow/.local/lib/python3.12/site-packages/airflow/example_dags/example_sensors.py for tasks to queue
[2025-04-21T20:15:54.018+0000] {logging_mixin.py:188} INFO - [2025-04-21T20:15:54.018+0000] {dagbag.py:545} INFO - Filling up the DagBag from /home/airflow/.local/lib/python3.12/site-packages/airflow/example_dags/example_sensors.py
[2025-04-21T20:15:54.023+0000] {processor.py:840} INFO - DAG(s) 'example_sensors' retrieved from /home/airflow/.local/lib/python3.12/site-packages/airflow/example_dags/example_sensors.py
[2025-04-21T20:15:54.035+0000] {logging_mixin.py:188} INFO - [2025-04-21T20:15:54.035+0000] {dag.py:3096} INFO - Sync 1 DAGs
[2025-04-21T20:15:54.040+0000] {logging_mixin.py:188} INFO - [2025-04-21T20:15:54.040+0000] {dag.py:3954} INFO - Setting next_dagrun for example_sensors to None, run_after=None
[2025-04-21T20:15:54.054+0000] {processor.py:183} INFO - Processing /home/airflow/.local/lib/python3.12/site-packages/airflow/example_dags/example_sensors.py took 0.040 seconds
[2025-04-21T20:21:07.565+0000] {processor.py:161} INFO - Started process (PID=93961) to work on /home/airflow/.local/lib/python3.12/site-packages/airflow/example_dags/example_sensors.py
[2025-04-21T20:21:07.569+0000] {processor.py:830} INFO - Processing file /home/airflow/.local/lib/python3.12/site-packages/airflow/example_dags/example_sensors.py for tasks to queue
[2025-04-21T20:21:07.575+0000] {logging_mixin.py:188} INFO - [2025-04-21T20:21:07.575+0000] {dagbag.py:545} INFO - Filling up the DagBag from /home/airflow/.local/lib/python3.12/site-packages/airflow/example_dags/example_sensors.py
[2025-04-21T20:21:07.583+0000] {processor.py:840} INFO - DAG(s) 'example_sensors' retrieved from /home/airflow/.local/lib/python3.12/site-packages/airflow/example_dags/example_sensors.py
[2025-04-21T20:21:07.601+0000] {logging_mixin.py:188} INFO - [2025-04-21T20:21:07.600+0000] {dag.py:3096} INFO - Sync 1 DAGs
[2025-04-21T20:21:07.609+0000] {logging_mixin.py:188} INFO - [2025-04-21T20:21:07.609+0000] {dag.py:3954} INFO - Setting next_dagrun for example_sensors to None, run_after=None
[2025-04-21T20:21:07.620+0000] {processor.py:183} INFO - Processing /home/airflow/.local/lib/python3.12/site-packages/airflow/example_dags/example_sensors.py took 0.058 seconds
[2025-04-21T20:22:21.405+0000] {processor.py:161} INFO - Started process (PID=94021) to work on /home/airflow/.local/lib/python3.12/site-packages/airflow/example_dags/example_sensors.py
[2025-04-21T20:22:21.406+0000] {processor.py:830} INFO - Processing file /home/airflow/.local/lib/python3.12/site-packages/airflow/example_dags/example_sensors.py for tasks to queue
[2025-04-21T20:22:21.407+0000] {logging_mixin.py:188} INFO - [2025-04-21T20:22:21.407+0000] {dagbag.py:545} INFO - Filling up the DagBag from /home/airflow/.local/lib/python3.12/site-packages/airflow/example_dags/example_sensors.py
[2025-04-21T20:22:21.411+0000] {processor.py:840} INFO - DAG(s) 'example_sensors' retrieved from /home/airflow/.local/lib/python3.12/site-packages/airflow/example_dags/example_sensors.py
[2025-04-21T20:22:21.424+0000] {logging_mixin.py:188} INFO - [2025-04-21T20:22:21.424+0000] {dag.py:3096} INFO - Sync 1 DAGs
[2025-04-21T20:22:21.431+0000] {logging_mixin.py:188} INFO - [2025-04-21T20:22:21.431+0000] {dag.py:3954} INFO - Setting next_dagrun for example_sensors to None, run_after=None
[2025-04-21T20:22:21.446+0000] {processor.py:183} INFO - Processing /home/airflow/.local/lib/python3.12/site-packages/airflow/example_dags/example_sensors.py took 0.044 seconds
[2025-04-21T20:27:35.165+0000] {processor.py:161} INFO - Started process (PID=94081) to work on /home/airflow/.local/lib/python3.12/site-packages/airflow/example_dags/example_sensors.py
[2025-04-21T20:27:35.166+0000] {processor.py:830} INFO - Processing file /home/airflow/.local/lib/python3.12/site-packages/airflow/example_dags/example_sensors.py for tasks to queue
[2025-04-21T20:27:35.166+0000] {logging_mixin.py:188} INFO - [2025-04-21T20:27:35.166+0000] {dagbag.py:545} INFO - Filling up the DagBag from /home/airflow/.local/lib/python3.12/site-packages/airflow/example_dags/example_sensors.py
[2025-04-21T20:27:35.171+0000] {processor.py:840} INFO - DAG(s) 'example_sensors' retrieved from /home/airflow/.local/lib/python3.12/site-packages/airflow/example_dags/example_sensors.py
[2025-04-21T20:27:35.182+0000] {logging_mixin.py:188} INFO - [2025-04-21T20:27:35.182+0000] {dag.py:3096} INFO - Sync 1 DAGs
[2025-04-21T20:27:35.187+0000] {logging_mixin.py:188} INFO - [2025-04-21T20:27:35.187+0000] {dag.py:3954} INFO - Setting next_dagrun for example_sensors to None, run_after=None
[2025-04-21T20:27:35.194+0000] {processor.py:183} INFO - Processing /home/airflow/.local/lib/python3.12/site-packages/airflow/example_dags/example_sensors.py took 0.032 seconds
[2025-04-21T20:29:32.234+0000] {processor.py:161} INFO - Started process (PID=94141) to work on /home/airflow/.local/lib/python3.12/site-packages/airflow/example_dags/example_sensors.py
[2025-04-21T20:29:32.235+0000] {processor.py:830} INFO - Processing file /home/airflow/.local/lib/python3.12/site-packages/airflow/example_dags/example_sensors.py for tasks to queue
[2025-04-21T20:29:32.236+0000] {logging_mixin.py:188} INFO - [2025-04-21T20:29:32.236+0000] {dagbag.py:545} INFO - Filling up the DagBag from /home/airflow/.local/lib/python3.12/site-packages/airflow/example_dags/example_sensors.py
[2025-04-21T20:29:32.240+0000] {processor.py:840} INFO - DAG(s) 'example_sensors' retrieved from /home/airflow/.local/lib/python3.12/site-packages/airflow/example_dags/example_sensors.py
[2025-04-21T20:29:32.256+0000] {logging_mixin.py:188} INFO - [2025-04-21T20:29:32.256+0000] {dag.py:3096} INFO - Sync 1 DAGs
[2025-04-21T20:29:32.261+0000] {logging_mixin.py:188} INFO - [2025-04-21T20:29:32.261+0000] {dag.py:3954} INFO - Setting next_dagrun for example_sensors to None, run_after=None
[2025-04-21T20:29:32.273+0000] {processor.py:183} INFO - Processing /home/airflow/.local/lib/python3.12/site-packages/airflow/example_dags/example_sensors.py took 0.042 seconds
[2025-04-21T20:30:51.698+0000] {processor.py:161} INFO - Started process (PID=94201) to work on /home/airflow/.local/lib/python3.12/site-packages/airflow/example_dags/example_sensors.py
[2025-04-21T20:30:51.700+0000] {processor.py:830} INFO - Processing file /home/airflow/.local/lib/python3.12/site-packages/airflow/example_dags/example_sensors.py for tasks to queue
[2025-04-21T20:30:51.702+0000] {logging_mixin.py:188} INFO - [2025-04-21T20:30:51.702+0000] {dagbag.py:545} INFO - Filling up the DagBag from /home/airflow/.local/lib/python3.12/site-packages/airflow/example_dags/example_sensors.py
[2025-04-21T20:30:51.707+0000] {processor.py:840} INFO - DAG(s) 'example_sensors' retrieved from /home/airflow/.local/lib/python3.12/site-packages/airflow/example_dags/example_sensors.py
[2025-04-21T20:30:51.721+0000] {logging_mixin.py:188} INFO - [2025-04-21T20:30:51.721+0000] {dag.py:3096} INFO - Sync 1 DAGs
[2025-04-21T20:30:51.728+0000] {logging_mixin.py:188} INFO - [2025-04-21T20:30:51.728+0000] {dag.py:3954} INFO - Setting next_dagrun for example_sensors to None, run_after=None
[2025-04-21T20:30:51.737+0000] {processor.py:183} INFO - Processing /home/airflow/.local/lib/python3.12/site-packages/airflow/example_dags/example_sensors.py took 0.042 seconds
[2025-04-21T20:31:32.947+0000] {processor.py:161} INFO - Started process (PID=94261) to work on /home/airflow/.local/lib/python3.12/site-packages/airflow/example_dags/example_sensors.py
[2025-04-21T20:31:32.950+0000] {processor.py:830} INFO - Processing file /home/airflow/.local/lib/python3.12/site-packages/airflow/example_dags/example_sensors.py for tasks to queue
[2025-04-21T20:31:32.951+0000] {logging_mixin.py:188} INFO - [2025-04-21T20:31:32.951+0000] {dagbag.py:545} INFO - Filling up the DagBag from /home/airflow/.local/lib/python3.12/site-packages/airflow/example_dags/example_sensors.py
[2025-04-21T20:31:32.956+0000] {processor.py:840} INFO - DAG(s) 'example_sensors' retrieved from /home/airflow/.local/lib/python3.12/site-packages/airflow/example_dags/example_sensors.py
[2025-04-21T20:31:32.968+0000] {logging_mixin.py:188} INFO - [2025-04-21T20:31:32.968+0000] {dag.py:3096} INFO - Sync 1 DAGs
[2025-04-21T20:31:32.974+0000] {logging_mixin.py:188} INFO - [2025-04-21T20:31:32.974+0000] {dag.py:3954} INFO - Setting next_dagrun for example_sensors to None, run_after=None
[2025-04-21T20:31:32.984+0000] {processor.py:183} INFO - Processing /home/airflow/.local/lib/python3.12/site-packages/airflow/example_dags/example_sensors.py took 0.040 seconds
[2025-04-21T20:32:08.273+0000] {processor.py:161} INFO - Started process (PID=94321) to work on /home/airflow/.local/lib/python3.12/site-packages/airflow/example_dags/example_sensors.py
[2025-04-21T20:32:08.274+0000] {processor.py:830} INFO - Processing file /home/airflow/.local/lib/python3.12/site-packages/airflow/example_dags/example_sensors.py for tasks to queue
[2025-04-21T20:32:08.275+0000] {logging_mixin.py:188} INFO - [2025-04-21T20:32:08.275+0000] {dagbag.py:545} INFO - Filling up the DagBag from /home/airflow/.local/lib/python3.12/site-packages/airflow/example_dags/example_sensors.py
[2025-04-21T20:32:08.280+0000] {processor.py:840} INFO - DAG(s) 'example_sensors' retrieved from /home/airflow/.local/lib/python3.12/site-packages/airflow/example_dags/example_sensors.py
[2025-04-21T20:32:08.294+0000] {logging_mixin.py:188} INFO - [2025-04-21T20:32:08.294+0000] {dag.py:3096} INFO - Sync 1 DAGs
[2025-04-21T20:32:08.302+0000] {logging_mixin.py:188} INFO - [2025-04-21T20:32:08.302+0000] {dag.py:3954} INFO - Setting next_dagrun for example_sensors to None, run_after=None
[2025-04-21T20:32:08.314+0000] {processor.py:183} INFO - Processing /home/airflow/.local/lib/python3.12/site-packages/airflow/example_dags/example_sensors.py took 0.044 seconds
[2025-04-21T20:33:32.990+0000] {processor.py:161} INFO - Started process (PID=94381) to work on /home/airflow/.local/lib/python3.12/site-packages/airflow/example_dags/example_sensors.py
[2025-04-21T20:33:32.991+0000] {processor.py:830} INFO - Processing file /home/airflow/.local/lib/python3.12/site-packages/airflow/example_dags/example_sensors.py for tasks to queue
[2025-04-21T20:33:32.992+0000] {logging_mixin.py:188} INFO - [2025-04-21T20:33:32.991+0000] {dagbag.py:545} INFO - Filling up the DagBag from /home/airflow/.local/lib/python3.12/site-packages/airflow/example_dags/example_sensors.py
[2025-04-21T20:33:32.996+0000] {processor.py:840} INFO - DAG(s) 'example_sensors' retrieved from /home/airflow/.local/lib/python3.12/site-packages/airflow/example_dags/example_sensors.py
[2025-04-21T20:33:33.008+0000] {logging_mixin.py:188} INFO - [2025-04-21T20:33:33.008+0000] {dag.py:3096} INFO - Sync 1 DAGs
[2025-04-21T20:33:33.015+0000] {logging_mixin.py:188} INFO - [2025-04-21T20:33:33.015+0000] {dag.py:3954} INFO - Setting next_dagrun for example_sensors to None, run_after=None
[2025-04-21T20:33:33.026+0000] {processor.py:183} INFO - Processing /home/airflow/.local/lib/python3.12/site-packages/airflow/example_dags/example_sensors.py took 0.038 seconds
[2025-04-21T20:34:55.717+0000] {processor.py:161} INFO - Started process (PID=94441) to work on /home/airflow/.local/lib/python3.12/site-packages/airflow/example_dags/example_sensors.py
[2025-04-21T20:34:55.718+0000] {processor.py:830} INFO - Processing file /home/airflow/.local/lib/python3.12/site-packages/airflow/example_dags/example_sensors.py for tasks to queue
[2025-04-21T20:34:55.718+0000] {logging_mixin.py:188} INFO - [2025-04-21T20:34:55.718+0000] {dagbag.py:545} INFO - Filling up the DagBag from /home/airflow/.local/lib/python3.12/site-packages/airflow/example_dags/example_sensors.py
[2025-04-21T20:34:55.723+0000] {processor.py:840} INFO - DAG(s) 'example_sensors' retrieved from /home/airflow/.local/lib/python3.12/site-packages/airflow/example_dags/example_sensors.py
[2025-04-21T20:34:55.734+0000] {logging_mixin.py:188} INFO - [2025-04-21T20:34:55.733+0000] {dag.py:3096} INFO - Sync 1 DAGs
[2025-04-21T20:34:55.739+0000] {logging_mixin.py:188} INFO - [2025-04-21T20:34:55.738+0000] {dag.py:3954} INFO - Setting next_dagrun for example_sensors to None, run_after=None
[2025-04-21T20:34:55.746+0000] {processor.py:183} INFO - Processing /home/airflow/.local/lib/python3.12/site-packages/airflow/example_dags/example_sensors.py took 0.031 seconds
[2025-04-21T20:36:08.683+0000] {processor.py:161} INFO - Started process (PID=94501) to work on /home/airflow/.local/lib/python3.12/site-packages/airflow/example_dags/example_sensors.py
[2025-04-21T20:36:08.684+0000] {processor.py:830} INFO - Processing file /home/airflow/.local/lib/python3.12/site-packages/airflow/example_dags/example_sensors.py for tasks to queue
[2025-04-21T20:36:08.685+0000] {logging_mixin.py:188} INFO - [2025-04-21T20:36:08.685+0000] {dagbag.py:545} INFO - Filling up the DagBag from /home/airflow/.local/lib/python3.12/site-packages/airflow/example_dags/example_sensors.py
[2025-04-21T20:36:08.690+0000] {processor.py:840} INFO - DAG(s) 'example_sensors' retrieved from /home/airflow/.local/lib/python3.12/site-packages/airflow/example_dags/example_sensors.py
[2025-04-21T20:36:08.701+0000] {logging_mixin.py:188} INFO - [2025-04-21T20:36:08.701+0000] {dag.py:3096} INFO - Sync 1 DAGs
[2025-04-21T20:36:08.707+0000] {logging_mixin.py:188} INFO - [2025-04-21T20:36:08.706+0000] {dag.py:3954} INFO - Setting next_dagrun for example_sensors to None, run_after=None
[2025-04-21T20:36:08.718+0000] {processor.py:183} INFO - Processing /home/airflow/.local/lib/python3.12/site-packages/airflow/example_dags/example_sensors.py took 0.039 seconds
[2025-04-21T20:37:30.527+0000] {processor.py:161} INFO - Started process (PID=94561) to work on /home/airflow/.local/lib/python3.12/site-packages/airflow/example_dags/example_sensors.py
[2025-04-21T20:37:30.528+0000] {processor.py:830} INFO - Processing file /home/airflow/.local/lib/python3.12/site-packages/airflow/example_dags/example_sensors.py for tasks to queue
[2025-04-21T20:37:30.529+0000] {logging_mixin.py:188} INFO - [2025-04-21T20:37:30.529+0000] {dagbag.py:545} INFO - Filling up the DagBag from /home/airflow/.local/lib/python3.12/site-packages/airflow/example_dags/example_sensors.py
[2025-04-21T20:37:30.533+0000] {processor.py:840} INFO - DAG(s) 'example_sensors' retrieved from /home/airflow/.local/lib/python3.12/site-packages/airflow/example_dags/example_sensors.py
[2025-04-21T20:37:30.544+0000] {logging_mixin.py:188} INFO - [2025-04-21T20:37:30.544+0000] {dag.py:3096} INFO - Sync 1 DAGs
[2025-04-21T20:37:30.549+0000] {logging_mixin.py:188} INFO - [2025-04-21T20:37:30.549+0000] {dag.py:3954} INFO - Setting next_dagrun for example_sensors to None, run_after=None
[2025-04-21T20:37:30.556+0000] {processor.py:183} INFO - Processing /home/airflow/.local/lib/python3.12/site-packages/airflow/example_dags/example_sensors.py took 0.031 seconds
[2025-04-21T20:40:16.934+0000] {processor.py:161} INFO - Started process (PID=94621) to work on /home/airflow/.local/lib/python3.12/site-packages/airflow/example_dags/example_sensors.py
[2025-04-21T20:40:16.935+0000] {processor.py:830} INFO - Processing file /home/airflow/.local/lib/python3.12/site-packages/airflow/example_dags/example_sensors.py for tasks to queue
[2025-04-21T20:40:16.937+0000] {logging_mixin.py:188} INFO - [2025-04-21T20:40:16.937+0000] {dagbag.py:545} INFO - Filling up the DagBag from /home/airflow/.local/lib/python3.12/site-packages/airflow/example_dags/example_sensors.py
[2025-04-21T20:40:16.941+0000] {processor.py:840} INFO - DAG(s) 'example_sensors' retrieved from /home/airflow/.local/lib/python3.12/site-packages/airflow/example_dags/example_sensors.py
[2025-04-21T20:40:16.958+0000] {logging_mixin.py:188} INFO - [2025-04-21T20:40:16.958+0000] {dag.py:3096} INFO - Sync 1 DAGs
[2025-04-21T20:40:16.965+0000] {logging_mixin.py:188} INFO - [2025-04-21T20:40:16.965+0000] {dag.py:3954} INFO - Setting next_dagrun for example_sensors to None, run_after=None
[2025-04-21T20:40:16.973+0000] {processor.py:183} INFO - Processing /home/airflow/.local/lib/python3.12/site-packages/airflow/example_dags/example_sensors.py took 0.042 seconds
[2025-04-21T20:41:07.011+0000] {processor.py:161} INFO - Started process (PID=94681) to work on /home/airflow/.local/lib/python3.12/site-packages/airflow/example_dags/example_sensors.py
[2025-04-21T20:41:07.011+0000] {processor.py:830} INFO - Processing file /home/airflow/.local/lib/python3.12/site-packages/airflow/example_dags/example_sensors.py for tasks to queue
[2025-04-21T20:41:07.012+0000] {logging_mixin.py:188} INFO - [2025-04-21T20:41:07.012+0000] {dagbag.py:545} INFO - Filling up the DagBag from /home/airflow/.local/lib/python3.12/site-packages/airflow/example_dags/example_sensors.py
[2025-04-21T20:41:07.016+0000] {processor.py:840} INFO - DAG(s) 'example_sensors' retrieved from /home/airflow/.local/lib/python3.12/site-packages/airflow/example_dags/example_sensors.py
[2025-04-21T20:41:07.027+0000] {logging_mixin.py:188} INFO - [2025-04-21T20:41:07.027+0000] {dag.py:3096} INFO - Sync 1 DAGs
[2025-04-21T20:41:07.032+0000] {logging_mixin.py:188} INFO - [2025-04-21T20:41:07.032+0000] {dag.py:3954} INFO - Setting next_dagrun for example_sensors to None, run_after=None
[2025-04-21T20:41:07.039+0000] {processor.py:183} INFO - Processing /home/airflow/.local/lib/python3.12/site-packages/airflow/example_dags/example_sensors.py took 0.031 seconds
[2025-04-21T20:41:49.478+0000] {processor.py:161} INFO - Started process (PID=94741) to work on /home/airflow/.local/lib/python3.12/site-packages/airflow/example_dags/example_sensors.py
[2025-04-21T20:41:49.479+0000] {processor.py:830} INFO - Processing file /home/airflow/.local/lib/python3.12/site-packages/airflow/example_dags/example_sensors.py for tasks to queue
[2025-04-21T20:41:49.481+0000] {logging_mixin.py:188} INFO - [2025-04-21T20:41:49.481+0000] {dagbag.py:545} INFO - Filling up the DagBag from /home/airflow/.local/lib/python3.12/site-packages/airflow/example_dags/example_sensors.py
[2025-04-21T20:41:49.485+0000] {processor.py:840} INFO - DAG(s) 'example_sensors' retrieved from /home/airflow/.local/lib/python3.12/site-packages/airflow/example_dags/example_sensors.py
[2025-04-21T20:41:49.498+0000] {logging_mixin.py:188} INFO - [2025-04-21T20:41:49.498+0000] {dag.py:3096} INFO - Sync 1 DAGs
[2025-04-21T20:41:49.503+0000] {logging_mixin.py:188} INFO - [2025-04-21T20:41:49.503+0000] {dag.py:3954} INFO - Setting next_dagrun for example_sensors to None, run_after=None
[2025-04-21T20:41:49.512+0000] {processor.py:183} INFO - Processing /home/airflow/.local/lib/python3.12/site-packages/airflow/example_dags/example_sensors.py took 0.037 seconds
[2025-04-21T20:42:34.610+0000] {processor.py:161} INFO - Started process (PID=94801) to work on /home/airflow/.local/lib/python3.12/site-packages/airflow/example_dags/example_sensors.py
[2025-04-21T20:42:34.610+0000] {processor.py:830} INFO - Processing file /home/airflow/.local/lib/python3.12/site-packages/airflow/example_dags/example_sensors.py for tasks to queue
[2025-04-21T20:42:34.611+0000] {logging_mixin.py:188} INFO - [2025-04-21T20:42:34.611+0000] {dagbag.py:545} INFO - Filling up the DagBag from /home/airflow/.local/lib/python3.12/site-packages/airflow/example_dags/example_sensors.py
[2025-04-21T20:42:34.619+0000] {processor.py:840} INFO - DAG(s) 'example_sensors' retrieved from /home/airflow/.local/lib/python3.12/site-packages/airflow/example_dags/example_sensors.py
[2025-04-21T20:42:34.634+0000] {logging_mixin.py:188} INFO - [2025-04-21T20:42:34.633+0000] {dag.py:3096} INFO - Sync 1 DAGs
[2025-04-21T20:42:34.642+0000] {logging_mixin.py:188} INFO - [2025-04-21T20:42:34.642+0000] {dag.py:3954} INFO - Setting next_dagrun for example_sensors to None, run_after=None
[2025-04-21T20:42:34.651+0000] {processor.py:183} INFO - Processing /home/airflow/.local/lib/python3.12/site-packages/airflow/example_dags/example_sensors.py took 0.045 seconds
[2025-04-21T20:43:37.916+0000] {processor.py:161} INFO - Started process (PID=94861) to work on /home/airflow/.local/lib/python3.12/site-packages/airflow/example_dags/example_sensors.py
[2025-04-21T20:43:37.916+0000] {processor.py:830} INFO - Processing file /home/airflow/.local/lib/python3.12/site-packages/airflow/example_dags/example_sensors.py for tasks to queue
[2025-04-21T20:43:37.918+0000] {logging_mixin.py:188} INFO - [2025-04-21T20:43:37.917+0000] {dagbag.py:545} INFO - Filling up the DagBag from /home/airflow/.local/lib/python3.12/site-packages/airflow/example_dags/example_sensors.py
[2025-04-21T20:43:37.923+0000] {processor.py:840} INFO - DAG(s) 'example_sensors' retrieved from /home/airflow/.local/lib/python3.12/site-packages/airflow/example_dags/example_sensors.py
[2025-04-21T20:43:37.935+0000] {logging_mixin.py:188} INFO - [2025-04-21T20:43:37.935+0000] {dag.py:3096} INFO - Sync 1 DAGs
[2025-04-21T20:43:37.941+0000] {logging_mixin.py:188} INFO - [2025-04-21T20:43:37.941+0000] {dag.py:3954} INFO - Setting next_dagrun for example_sensors to None, run_after=None
[2025-04-21T20:43:37.950+0000] {processor.py:183} INFO - Processing /home/airflow/.local/lib/python3.12/site-packages/airflow/example_dags/example_sensors.py took 0.038 seconds
[2025-04-21T20:44:41.530+0000] {processor.py:161} INFO - Started process (PID=94921) to work on /home/airflow/.local/lib/python3.12/site-packages/airflow/example_dags/example_sensors.py
[2025-04-21T20:44:41.531+0000] {processor.py:830} INFO - Processing file /home/airflow/.local/lib/python3.12/site-packages/airflow/example_dags/example_sensors.py for tasks to queue
[2025-04-21T20:44:41.532+0000] {logging_mixin.py:188} INFO - [2025-04-21T20:44:41.532+0000] {dagbag.py:545} INFO - Filling up the DagBag from /home/airflow/.local/lib/python3.12/site-packages/airflow/example_dags/example_sensors.py
[2025-04-21T20:44:41.536+0000] {processor.py:840} INFO - DAG(s) 'example_sensors' retrieved from /home/airflow/.local/lib/python3.12/site-packages/airflow/example_dags/example_sensors.py
[2025-04-21T20:44:41.552+0000] {logging_mixin.py:188} INFO - [2025-04-21T20:44:41.552+0000] {dag.py:3096} INFO - Sync 1 DAGs
[2025-04-21T20:44:41.558+0000] {logging_mixin.py:188} INFO - [2025-04-21T20:44:41.558+0000] {dag.py:3954} INFO - Setting next_dagrun for example_sensors to None, run_after=None
[2025-04-21T20:44:41.572+0000] {processor.py:183} INFO - Processing /home/airflow/.local/lib/python3.12/site-packages/airflow/example_dags/example_sensors.py took 0.045 seconds
[2025-04-21T20:45:23.176+0000] {processor.py:161} INFO - Started process (PID=94981) to work on /home/airflow/.local/lib/python3.12/site-packages/airflow/example_dags/example_sensors.py
[2025-04-21T20:45:23.177+0000] {processor.py:830} INFO - Processing file /home/airflow/.local/lib/python3.12/site-packages/airflow/example_dags/example_sensors.py for tasks to queue
[2025-04-21T20:45:23.178+0000] {logging_mixin.py:188} INFO - [2025-04-21T20:45:23.178+0000] {dagbag.py:545} INFO - Filling up the DagBag from /home/airflow/.local/lib/python3.12/site-packages/airflow/example_dags/example_sensors.py
[2025-04-21T20:45:23.182+0000] {processor.py:840} INFO - DAG(s) 'example_sensors' retrieved from /home/airflow/.local/lib/python3.12/site-packages/airflow/example_dags/example_sensors.py
[2025-04-21T20:45:23.196+0000] {logging_mixin.py:188} INFO - [2025-04-21T20:45:23.196+0000] {dag.py:3096} INFO - Sync 1 DAGs
[2025-04-21T20:45:23.207+0000] {logging_mixin.py:188} INFO - [2025-04-21T20:45:23.207+0000] {dag.py:3954} INFO - Setting next_dagrun for example_sensors to None, run_after=None
[2025-04-21T20:45:23.223+0000] {processor.py:183} INFO - Processing /home/airflow/.local/lib/python3.12/site-packages/airflow/example_dags/example_sensors.py took 0.049 seconds
[2025-04-21T20:50:35.778+0000] {processor.py:161} INFO - Started process (PID=95041) to work on /home/airflow/.local/lib/python3.12/site-packages/airflow/example_dags/example_sensors.py
[2025-04-21T20:50:35.779+0000] {processor.py:830} INFO - Processing file /home/airflow/.local/lib/python3.12/site-packages/airflow/example_dags/example_sensors.py for tasks to queue
[2025-04-21T20:50:35.780+0000] {logging_mixin.py:188} INFO - [2025-04-21T20:50:35.780+0000] {dagbag.py:545} INFO - Filling up the DagBag from /home/airflow/.local/lib/python3.12/site-packages/airflow/example_dags/example_sensors.py
[2025-04-21T20:50:35.787+0000] {processor.py:840} INFO - DAG(s) 'example_sensors' retrieved from /home/airflow/.local/lib/python3.12/site-packages/airflow/example_dags/example_sensors.py
[2025-04-21T20:50:35.806+0000] {logging_mixin.py:188} INFO - [2025-04-21T20:50:35.806+0000] {dag.py:3096} INFO - Sync 1 DAGs
[2025-04-21T20:50:35.815+0000] {logging_mixin.py:188} INFO - [2025-04-21T20:50:35.815+0000] {dag.py:3954} INFO - Setting next_dagrun for example_sensors to None, run_after=None
[2025-04-21T20:50:35.825+0000] {processor.py:183} INFO - Processing /home/airflow/.local/lib/python3.12/site-packages/airflow/example_dags/example_sensors.py took 0.050 seconds
[2025-04-21T20:51:06.561+0000] {processor.py:161} INFO - Started process (PID=95101) to work on /home/airflow/.local/lib/python3.12/site-packages/airflow/example_dags/example_sensors.py
[2025-04-21T20:51:06.562+0000] {processor.py:830} INFO - Processing file /home/airflow/.local/lib/python3.12/site-packages/airflow/example_dags/example_sensors.py for tasks to queue
[2025-04-21T20:51:06.564+0000] {logging_mixin.py:188} INFO - [2025-04-21T20:51:06.564+0000] {dagbag.py:545} INFO - Filling up the DagBag from /home/airflow/.local/lib/python3.12/site-packages/airflow/example_dags/example_sensors.py
[2025-04-21T20:51:06.573+0000] {processor.py:840} INFO - DAG(s) 'example_sensors' retrieved from /home/airflow/.local/lib/python3.12/site-packages/airflow/example_dags/example_sensors.py
[2025-04-21T20:51:06.588+0000] {logging_mixin.py:188} INFO - [2025-04-21T20:51:06.588+0000] {dag.py:3096} INFO - Sync 1 DAGs
[2025-04-21T20:51:06.596+0000] {logging_mixin.py:188} INFO - [2025-04-21T20:51:06.596+0000] {dag.py:3954} INFO - Setting next_dagrun for example_sensors to None, run_after=None
[2025-04-21T20:51:06.612+0000] {processor.py:183} INFO - Processing /home/airflow/.local/lib/python3.12/site-packages/airflow/example_dags/example_sensors.py took 0.060 seconds
[2025-04-21T20:56:19.409+0000] {processor.py:161} INFO - Started process (PID=95161) to work on /home/airflow/.local/lib/python3.12/site-packages/airflow/example_dags/example_sensors.py
[2025-04-21T20:56:19.409+0000] {processor.py:830} INFO - Processing file /home/airflow/.local/lib/python3.12/site-packages/airflow/example_dags/example_sensors.py for tasks to queue
[2025-04-21T20:56:19.410+0000] {logging_mixin.py:188} INFO - [2025-04-21T20:56:19.410+0000] {dagbag.py:545} INFO - Filling up the DagBag from /home/airflow/.local/lib/python3.12/site-packages/airflow/example_dags/example_sensors.py
[2025-04-21T20:56:19.415+0000] {processor.py:840} INFO - DAG(s) 'example_sensors' retrieved from /home/airflow/.local/lib/python3.12/site-packages/airflow/example_dags/example_sensors.py
[2025-04-21T20:56:19.427+0000] {logging_mixin.py:188} INFO - [2025-04-21T20:56:19.427+0000] {dag.py:3096} INFO - Sync 1 DAGs
[2025-04-21T20:56:19.434+0000] {logging_mixin.py:188} INFO - [2025-04-21T20:56:19.434+0000] {dag.py:3954} INFO - Setting next_dagrun for example_sensors to None, run_after=None
[2025-04-21T20:56:19.445+0000] {processor.py:183} INFO - Processing /home/airflow/.local/lib/python3.12/site-packages/airflow/example_dags/example_sensors.py took 0.040 seconds
[2025-04-21T21:46:40.905+0000] {processor.py:161} INFO - Started process (PID=95221) to work on /home/airflow/.local/lib/python3.12/site-packages/airflow/example_dags/example_sensors.py
[2025-04-21T21:46:40.907+0000] {processor.py:830} INFO - Processing file /home/airflow/.local/lib/python3.12/site-packages/airflow/example_dags/example_sensors.py for tasks to queue
[2025-04-21T21:46:40.909+0000] {logging_mixin.py:188} INFO - [2025-04-21T21:46:40.908+0000] {dagbag.py:545} INFO - Filling up the DagBag from /home/airflow/.local/lib/python3.12/site-packages/airflow/example_dags/example_sensors.py
[2025-04-21T21:46:40.913+0000] {processor.py:840} INFO - DAG(s) 'example_sensors' retrieved from /home/airflow/.local/lib/python3.12/site-packages/airflow/example_dags/example_sensors.py
[2025-04-21T21:46:40.930+0000] {logging_mixin.py:188} INFO - [2025-04-21T21:46:40.930+0000] {dag.py:3096} INFO - Sync 1 DAGs
[2025-04-21T21:46:40.938+0000] {logging_mixin.py:188} INFO - [2025-04-21T21:46:40.938+0000] {dag.py:3954} INFO - Setting next_dagrun for example_sensors to None, run_after=None
[2025-04-21T21:46:40.949+0000] {processor.py:183} INFO - Processing /home/airflow/.local/lib/python3.12/site-packages/airflow/example_dags/example_sensors.py took 0.047 seconds
[2025-04-21T21:47:11.871+0000] {processor.py:161} INFO - Started process (PID=95281) to work on /home/airflow/.local/lib/python3.12/site-packages/airflow/example_dags/example_sensors.py
[2025-04-21T21:47:11.872+0000] {processor.py:830} INFO - Processing file /home/airflow/.local/lib/python3.12/site-packages/airflow/example_dags/example_sensors.py for tasks to queue
[2025-04-21T21:47:11.873+0000] {logging_mixin.py:188} INFO - [2025-04-21T21:47:11.872+0000] {dagbag.py:545} INFO - Filling up the DagBag from /home/airflow/.local/lib/python3.12/site-packages/airflow/example_dags/example_sensors.py
[2025-04-21T21:47:11.877+0000] {processor.py:840} INFO - DAG(s) 'example_sensors' retrieved from /home/airflow/.local/lib/python3.12/site-packages/airflow/example_dags/example_sensors.py
[2025-04-21T21:47:11.888+0000] {logging_mixin.py:188} INFO - [2025-04-21T21:47:11.888+0000] {dag.py:3096} INFO - Sync 1 DAGs
[2025-04-21T21:47:11.893+0000] {logging_mixin.py:188} INFO - [2025-04-21T21:47:11.893+0000] {dag.py:3954} INFO - Setting next_dagrun for example_sensors to None, run_after=None
[2025-04-21T21:47:11.901+0000] {processor.py:183} INFO - Processing /home/airflow/.local/lib/python3.12/site-packages/airflow/example_dags/example_sensors.py took 0.033 seconds
[2025-04-21T21:52:23.942+0000] {processor.py:161} INFO - Started process (PID=95341) to work on /home/airflow/.local/lib/python3.12/site-packages/airflow/example_dags/example_sensors.py
[2025-04-21T21:52:23.943+0000] {processor.py:830} INFO - Processing file /home/airflow/.local/lib/python3.12/site-packages/airflow/example_dags/example_sensors.py for tasks to queue
[2025-04-21T21:52:23.944+0000] {logging_mixin.py:188} INFO - [2025-04-21T21:52:23.944+0000] {dagbag.py:545} INFO - Filling up the DagBag from /home/airflow/.local/lib/python3.12/site-packages/airflow/example_dags/example_sensors.py
[2025-04-21T21:52:23.951+0000] {processor.py:840} INFO - DAG(s) 'example_sensors' retrieved from /home/airflow/.local/lib/python3.12/site-packages/airflow/example_dags/example_sensors.py
[2025-04-21T21:52:23.973+0000] {logging_mixin.py:188} INFO - [2025-04-21T21:52:23.973+0000] {dag.py:3096} INFO - Sync 1 DAGs
[2025-04-21T21:52:23.981+0000] {logging_mixin.py:188} INFO - [2025-04-21T21:52:23.981+0000] {dag.py:3954} INFO - Setting next_dagrun for example_sensors to None, run_after=None
[2025-04-21T21:52:23.993+0000] {processor.py:183} INFO - Processing /home/airflow/.local/lib/python3.12/site-packages/airflow/example_dags/example_sensors.py took 0.055 seconds
[2025-04-21T21:57:36.652+0000] {processor.py:161} INFO - Started process (PID=95401) to work on /home/airflow/.local/lib/python3.12/site-packages/airflow/example_dags/example_sensors.py
[2025-04-21T21:57:36.655+0000] {processor.py:830} INFO - Processing file /home/airflow/.local/lib/python3.12/site-packages/airflow/example_dags/example_sensors.py for tasks to queue
[2025-04-21T21:57:36.657+0000] {logging_mixin.py:188} INFO - [2025-04-21T21:57:36.657+0000] {dagbag.py:545} INFO - Filling up the DagBag from /home/airflow/.local/lib/python3.12/site-packages/airflow/example_dags/example_sensors.py
[2025-04-21T21:57:36.662+0000] {processor.py:840} INFO - DAG(s) 'example_sensors' retrieved from /home/airflow/.local/lib/python3.12/site-packages/airflow/example_dags/example_sensors.py
[2025-04-21T21:57:36.680+0000] {logging_mixin.py:188} INFO - [2025-04-21T21:57:36.677+0000] {dag.py:3096} INFO - Sync 1 DAGs
[2025-04-21T21:57:36.686+0000] {logging_mixin.py:188} INFO - [2025-04-21T21:57:36.686+0000] {dag.py:3954} INFO - Setting next_dagrun for example_sensors to None, run_after=None
[2025-04-21T21:57:36.695+0000] {processor.py:183} INFO - Processing /home/airflow/.local/lib/python3.12/site-packages/airflow/example_dags/example_sensors.py took 0.047 seconds
[2025-04-21T22:02:49.667+0000] {processor.py:161} INFO - Started process (PID=95461) to work on /home/airflow/.local/lib/python3.12/site-packages/airflow/example_dags/example_sensors.py
[2025-04-21T22:02:49.669+0000] {processor.py:830} INFO - Processing file /home/airflow/.local/lib/python3.12/site-packages/airflow/example_dags/example_sensors.py for tasks to queue
[2025-04-21T22:02:49.670+0000] {logging_mixin.py:188} INFO - [2025-04-21T22:02:49.670+0000] {dagbag.py:545} INFO - Filling up the DagBag from /home/airflow/.local/lib/python3.12/site-packages/airflow/example_dags/example_sensors.py
[2025-04-21T22:02:49.674+0000] {processor.py:840} INFO - DAG(s) 'example_sensors' retrieved from /home/airflow/.local/lib/python3.12/site-packages/airflow/example_dags/example_sensors.py
[2025-04-21T22:02:49.688+0000] {logging_mixin.py:188} INFO - [2025-04-21T22:02:49.687+0000] {dag.py:3096} INFO - Sync 1 DAGs
[2025-04-21T22:02:49.694+0000] {logging_mixin.py:188} INFO - [2025-04-21T22:02:49.694+0000] {dag.py:3954} INFO - Setting next_dagrun for example_sensors to None, run_after=None
[2025-04-21T22:02:49.709+0000] {processor.py:183} INFO - Processing /home/airflow/.local/lib/python3.12/site-packages/airflow/example_dags/example_sensors.py took 0.045 seconds
[2025-04-21T22:03:20.572+0000] {processor.py:161} INFO - Started process (PID=95521) to work on /home/airflow/.local/lib/python3.12/site-packages/airflow/example_dags/example_sensors.py
[2025-04-21T22:03:20.575+0000] {processor.py:830} INFO - Processing file /home/airflow/.local/lib/python3.12/site-packages/airflow/example_dags/example_sensors.py for tasks to queue
[2025-04-21T22:03:20.577+0000] {logging_mixin.py:188} INFO - [2025-04-21T22:03:20.576+0000] {dagbag.py:545} INFO - Filling up the DagBag from /home/airflow/.local/lib/python3.12/site-packages/airflow/example_dags/example_sensors.py
[2025-04-21T22:03:20.583+0000] {processor.py:840} INFO - DAG(s) 'example_sensors' retrieved from /home/airflow/.local/lib/python3.12/site-packages/airflow/example_dags/example_sensors.py
[2025-04-21T22:03:20.597+0000] {logging_mixin.py:188} INFO - [2025-04-21T22:03:20.597+0000] {dag.py:3096} INFO - Sync 1 DAGs
[2025-04-21T22:03:20.609+0000] {logging_mixin.py:188} INFO - [2025-04-21T22:03:20.609+0000] {dag.py:3954} INFO - Setting next_dagrun for example_sensors to None, run_after=None
[2025-04-21T22:03:20.623+0000] {processor.py:183} INFO - Processing /home/airflow/.local/lib/python3.12/site-packages/airflow/example_dags/example_sensors.py took 0.054 seconds
[2025-04-21T22:11:06.645+0000] {processor.py:161} INFO - Started process (PID=95581) to work on /home/airflow/.local/lib/python3.12/site-packages/airflow/example_dags/example_sensors.py
[2025-04-21T22:11:06.646+0000] {processor.py:830} INFO - Processing file /home/airflow/.local/lib/python3.12/site-packages/airflow/example_dags/example_sensors.py for tasks to queue
[2025-04-21T22:11:06.647+0000] {logging_mixin.py:188} INFO - [2025-04-21T22:11:06.647+0000] {dagbag.py:545} INFO - Filling up the DagBag from /home/airflow/.local/lib/python3.12/site-packages/airflow/example_dags/example_sensors.py
[2025-04-21T22:11:06.651+0000] {processor.py:840} INFO - DAG(s) 'example_sensors' retrieved from /home/airflow/.local/lib/python3.12/site-packages/airflow/example_dags/example_sensors.py
[2025-04-21T22:11:06.667+0000] {logging_mixin.py:188} INFO - [2025-04-21T22:11:06.667+0000] {dag.py:3096} INFO - Sync 1 DAGs
[2025-04-21T22:11:06.673+0000] {logging_mixin.py:188} INFO - [2025-04-21T22:11:06.673+0000] {dag.py:3954} INFO - Setting next_dagrun for example_sensors to None, run_after=None
[2025-04-21T22:11:06.690+0000] {processor.py:183} INFO - Processing /home/airflow/.local/lib/python3.12/site-packages/airflow/example_dags/example_sensors.py took 0.048 seconds
[2025-04-21T22:16:19.581+0000] {processor.py:161} INFO - Started process (PID=95641) to work on /home/airflow/.local/lib/python3.12/site-packages/airflow/example_dags/example_sensors.py
[2025-04-21T22:16:19.582+0000] {processor.py:830} INFO - Processing file /home/airflow/.local/lib/python3.12/site-packages/airflow/example_dags/example_sensors.py for tasks to queue
[2025-04-21T22:16:19.586+0000] {logging_mixin.py:188} INFO - [2025-04-21T22:16:19.586+0000] {dagbag.py:545} INFO - Filling up the DagBag from /home/airflow/.local/lib/python3.12/site-packages/airflow/example_dags/example_sensors.py
[2025-04-21T22:16:19.591+0000] {processor.py:840} INFO - DAG(s) 'example_sensors' retrieved from /home/airflow/.local/lib/python3.12/site-packages/airflow/example_dags/example_sensors.py
[2025-04-21T22:16:19.607+0000] {logging_mixin.py:188} INFO - [2025-04-21T22:16:19.607+0000] {dag.py:3096} INFO - Sync 1 DAGs
[2025-04-21T22:16:19.615+0000] {logging_mixin.py:188} INFO - [2025-04-21T22:16:19.615+0000] {dag.py:3954} INFO - Setting next_dagrun for example_sensors to None, run_after=None
[2025-04-21T22:16:19.624+0000] {processor.py:183} INFO - Processing /home/airflow/.local/lib/python3.12/site-packages/airflow/example_dags/example_sensors.py took 0.047 seconds
[2025-04-21T22:34:10.988+0000] {processor.py:161} INFO - Started process (PID=95701) to work on /home/airflow/.local/lib/python3.12/site-packages/airflow/example_dags/example_sensors.py
[2025-04-21T22:34:10.988+0000] {processor.py:830} INFO - Processing file /home/airflow/.local/lib/python3.12/site-packages/airflow/example_dags/example_sensors.py for tasks to queue
[2025-04-21T22:34:10.989+0000] {logging_mixin.py:188} INFO - [2025-04-21T22:34:10.989+0000] {dagbag.py:545} INFO - Filling up the DagBag from /home/airflow/.local/lib/python3.12/site-packages/airflow/example_dags/example_sensors.py
[2025-04-21T22:34:10.995+0000] {processor.py:840} INFO - DAG(s) 'example_sensors' retrieved from /home/airflow/.local/lib/python3.12/site-packages/airflow/example_dags/example_sensors.py
[2025-04-21T22:34:11.006+0000] {logging_mixin.py:188} INFO - [2025-04-21T22:34:11.006+0000] {dag.py:3096} INFO - Sync 1 DAGs
[2025-04-21T22:34:11.012+0000] {logging_mixin.py:188} INFO - [2025-04-21T22:34:11.012+0000] {dag.py:3954} INFO - Setting next_dagrun for example_sensors to None, run_after=None
[2025-04-21T22:34:11.021+0000] {processor.py:183} INFO - Processing /home/airflow/.local/lib/python3.12/site-packages/airflow/example_dags/example_sensors.py took 0.036 seconds
[2025-04-21T22:39:23.949+0000] {processor.py:161} INFO - Started process (PID=95761) to work on /home/airflow/.local/lib/python3.12/site-packages/airflow/example_dags/example_sensors.py
[2025-04-21T22:39:23.951+0000] {processor.py:830} INFO - Processing file /home/airflow/.local/lib/python3.12/site-packages/airflow/example_dags/example_sensors.py for tasks to queue
[2025-04-21T22:39:23.951+0000] {logging_mixin.py:188} INFO - [2025-04-21T22:39:23.951+0000] {dagbag.py:545} INFO - Filling up the DagBag from /home/airflow/.local/lib/python3.12/site-packages/airflow/example_dags/example_sensors.py
[2025-04-21T22:39:23.960+0000] {processor.py:840} INFO - DAG(s) 'example_sensors' retrieved from /home/airflow/.local/lib/python3.12/site-packages/airflow/example_dags/example_sensors.py
[2025-04-21T22:39:23.978+0000] {logging_mixin.py:188} INFO - [2025-04-21T22:39:23.978+0000] {dag.py:3096} INFO - Sync 1 DAGs
[2025-04-21T22:39:23.984+0000] {logging_mixin.py:188} INFO - [2025-04-21T22:39:23.984+0000] {dag.py:3954} INFO - Setting next_dagrun for example_sensors to None, run_after=None
[2025-04-21T22:39:23.993+0000] {processor.py:183} INFO - Processing /home/airflow/.local/lib/python3.12/site-packages/airflow/example_dags/example_sensors.py took 0.046 seconds
