[2025-04-21T00:38:22.943+0000] {processor.py:161} INFO - Started process (PID=91348) to work on /home/airflow/.local/lib/python3.12/site-packages/airflow/example_dags/example_latest_only.py
[2025-04-21T00:38:22.944+0000] {processor.py:830} INFO - Processing file /home/airflow/.local/lib/python3.12/site-packages/airflow/example_dags/example_latest_only.py for tasks to queue
[2025-04-21T00:38:22.945+0000] {logging_mixin.py:188} INFO - [2025-04-21T00:38:22.945+0000] {dagbag.py:545} INFO - Filling up the DagBag from /home/airflow/.local/lib/python3.12/site-packages/airflow/example_dags/example_latest_only.py
[2025-04-21T00:38:22.949+0000] {processor.py:840} INFO - DAG(s) 'latest_only' retrieved from /home/airflow/.local/lib/python3.12/site-packages/airflow/example_dags/example_latest_only.py
[2025-04-21T00:38:22.963+0000] {logging_mixin.py:188} INFO - [2025-04-21T00:38:22.963+0000] {dag.py:3096} INFO - Sync 1 DAGs
[2025-04-21T00:38:22.980+0000] {logging_mixin.py:188} INFO - [2025-04-21T00:38:22.979+0000] {dag.py:3954} INFO - Setting next_dagrun for latest_only to 2025-04-20 20:00:00+00:00, run_after=2025-04-21 00:00:00+00:00
[2025-04-21T00:38:22.990+0000] {processor.py:183} INFO - Processing /home/airflow/.local/lib/python3.12/site-packages/airflow/example_dags/example_latest_only.py took 0.051 seconds
[2025-04-21T01:37:13.149+0000] {processor.py:161} INFO - Started process (PID=91408) to work on /home/airflow/.local/lib/python3.12/site-packages/airflow/example_dags/example_latest_only.py
[2025-04-21T01:37:13.150+0000] {processor.py:830} INFO - Processing file /home/airflow/.local/lib/python3.12/site-packages/airflow/example_dags/example_latest_only.py for tasks to queue
[2025-04-21T01:37:13.151+0000] {logging_mixin.py:188} INFO - [2025-04-21T01:37:13.150+0000] {dagbag.py:545} INFO - Filling up the DagBag from /home/airflow/.local/lib/python3.12/site-packages/airflow/example_dags/example_latest_only.py
[2025-04-21T01:37:13.153+0000] {processor.py:840} INFO - DAG(s) 'latest_only' retrieved from /home/airflow/.local/lib/python3.12/site-packages/airflow/example_dags/example_latest_only.py
[2025-04-21T01:37:13.170+0000] {logging_mixin.py:188} INFO - [2025-04-21T01:37:13.170+0000] {dag.py:3096} INFO - Sync 1 DAGs
[2025-04-21T01:37:13.183+0000] {logging_mixin.py:188} INFO - [2025-04-21T01:37:13.183+0000] {dag.py:3954} INFO - Setting next_dagrun for latest_only to 2025-04-20 20:00:00+00:00, run_after=2025-04-21 00:00:00+00:00
[2025-04-21T01:37:13.192+0000] {processor.py:183} INFO - Processing /home/airflow/.local/lib/python3.12/site-packages/airflow/example_dags/example_latest_only.py took 0.046 seconds
[2025-04-21T01:37:43.554+0000] {processor.py:161} INFO - Started process (PID=91465) to work on /home/airflow/.local/lib/python3.12/site-packages/airflow/example_dags/example_latest_only.py
[2025-04-21T01:37:43.556+0000] {processor.py:830} INFO - Processing file /home/airflow/.local/lib/python3.12/site-packages/airflow/example_dags/example_latest_only.py for tasks to queue
[2025-04-21T01:37:43.562+0000] {logging_mixin.py:188} INFO - [2025-04-21T01:37:43.562+0000] {dagbag.py:545} INFO - Filling up the DagBag from /home/airflow/.local/lib/python3.12/site-packages/airflow/example_dags/example_latest_only.py
[2025-04-21T01:37:43.573+0000] {processor.py:840} INFO - DAG(s) 'latest_only' retrieved from /home/airflow/.local/lib/python3.12/site-packages/airflow/example_dags/example_latest_only.py
[2025-04-21T01:37:43.600+0000] {logging_mixin.py:188} INFO - [2025-04-21T01:37:43.599+0000] {dag.py:3096} INFO - Sync 1 DAGs
[2025-04-21T01:37:43.618+0000] {logging_mixin.py:188} INFO - [2025-04-21T01:37:43.618+0000] {dag.py:3954} INFO - Setting next_dagrun for latest_only to 2025-04-20 20:00:00+00:00, run_after=2025-04-21 00:00:00+00:00
[2025-04-21T01:37:43.639+0000] {processor.py:183} INFO - Processing /home/airflow/.local/lib/python3.12/site-packages/airflow/example_dags/example_latest_only.py took 0.107 seconds
[2025-04-21T02:58:42.577+0000] {processor.py:161} INFO - Started process (PID=91527) to work on /home/airflow/.local/lib/python3.12/site-packages/airflow/example_dags/example_latest_only.py
[2025-04-21T02:58:42.578+0000] {processor.py:830} INFO - Processing file /home/airflow/.local/lib/python3.12/site-packages/airflow/example_dags/example_latest_only.py for tasks to queue
[2025-04-21T02:58:42.579+0000] {logging_mixin.py:188} INFO - [2025-04-21T02:58:42.579+0000] {dagbag.py:545} INFO - Filling up the DagBag from /home/airflow/.local/lib/python3.12/site-packages/airflow/example_dags/example_latest_only.py
[2025-04-21T02:58:42.582+0000] {processor.py:840} INFO - DAG(s) 'latest_only' retrieved from /home/airflow/.local/lib/python3.12/site-packages/airflow/example_dags/example_latest_only.py
[2025-04-21T02:58:42.597+0000] {logging_mixin.py:188} INFO - [2025-04-21T02:58:42.597+0000] {dag.py:3096} INFO - Sync 1 DAGs
[2025-04-21T02:58:42.610+0000] {logging_mixin.py:188} INFO - [2025-04-21T02:58:42.610+0000] {dag.py:3954} INFO - Setting next_dagrun for latest_only to 2025-04-20 20:00:00+00:00, run_after=2025-04-21 00:00:00+00:00
[2025-04-21T02:58:42.624+0000] {processor.py:183} INFO - Processing /home/airflow/.local/lib/python3.12/site-packages/airflow/example_dags/example_latest_only.py took 0.050 seconds
[2025-04-21T04:23:08.735+0000] {processor.py:161} INFO - Started process (PID=91587) to work on /home/airflow/.local/lib/python3.12/site-packages/airflow/example_dags/example_latest_only.py
[2025-04-21T04:23:08.736+0000] {processor.py:830} INFO - Processing file /home/airflow/.local/lib/python3.12/site-packages/airflow/example_dags/example_latest_only.py for tasks to queue
[2025-04-21T04:23:08.737+0000] {logging_mixin.py:188} INFO - [2025-04-21T04:23:08.737+0000] {dagbag.py:545} INFO - Filling up the DagBag from /home/airflow/.local/lib/python3.12/site-packages/airflow/example_dags/example_latest_only.py
[2025-04-21T04:23:08.740+0000] {processor.py:840} INFO - DAG(s) 'latest_only' retrieved from /home/airflow/.local/lib/python3.12/site-packages/airflow/example_dags/example_latest_only.py
[2025-04-21T04:23:08.751+0000] {logging_mixin.py:188} INFO - [2025-04-21T04:23:08.751+0000] {dag.py:3096} INFO - Sync 1 DAGs
[2025-04-21T04:23:08.763+0000] {logging_mixin.py:188} INFO - [2025-04-21T04:23:08.763+0000] {dag.py:3954} INFO - Setting next_dagrun for latest_only to 2025-04-21 00:00:00+00:00, run_after=2025-04-21 04:00:00+00:00
[2025-04-21T04:23:08.775+0000] {processor.py:183} INFO - Processing /home/airflow/.local/lib/python3.12/site-packages/airflow/example_dags/example_latest_only.py took 0.044 seconds
[2025-04-21T04:23:39.187+0000] {processor.py:161} INFO - Started process (PID=91645) to work on /home/airflow/.local/lib/python3.12/site-packages/airflow/example_dags/example_latest_only.py
[2025-04-21T04:23:39.189+0000] {processor.py:830} INFO - Processing file /home/airflow/.local/lib/python3.12/site-packages/airflow/example_dags/example_latest_only.py for tasks to queue
[2025-04-21T04:23:39.197+0000] {logging_mixin.py:188} INFO - [2025-04-21T04:23:39.197+0000] {dagbag.py:545} INFO - Filling up the DagBag from /home/airflow/.local/lib/python3.12/site-packages/airflow/example_dags/example_latest_only.py
[2025-04-21T04:23:39.205+0000] {processor.py:840} INFO - DAG(s) 'latest_only' retrieved from /home/airflow/.local/lib/python3.12/site-packages/airflow/example_dags/example_latest_only.py
[2025-04-21T04:23:39.248+0000] {logging_mixin.py:188} INFO - [2025-04-21T04:23:39.248+0000] {dag.py:3096} INFO - Sync 1 DAGs
[2025-04-21T04:23:39.270+0000] {logging_mixin.py:188} INFO - [2025-04-21T04:23:39.270+0000] {dag.py:3954} INFO - Setting next_dagrun for latest_only to 2025-04-21 00:00:00+00:00, run_after=2025-04-21 04:00:00+00:00
[2025-04-21T04:23:39.301+0000] {processor.py:183} INFO - Processing /home/airflow/.local/lib/python3.12/site-packages/airflow/example_dags/example_latest_only.py took 0.134 seconds
[2025-04-21T04:28:51.901+0000] {processor.py:161} INFO - Started process (PID=91707) to work on /home/airflow/.local/lib/python3.12/site-packages/airflow/example_dags/example_latest_only.py
[2025-04-21T04:28:51.901+0000] {processor.py:830} INFO - Processing file /home/airflow/.local/lib/python3.12/site-packages/airflow/example_dags/example_latest_only.py for tasks to queue
[2025-04-21T04:28:51.903+0000] {logging_mixin.py:188} INFO - [2025-04-21T04:28:51.902+0000] {dagbag.py:545} INFO - Filling up the DagBag from /home/airflow/.local/lib/python3.12/site-packages/airflow/example_dags/example_latest_only.py
[2025-04-21T04:28:51.906+0000] {processor.py:840} INFO - DAG(s) 'latest_only' retrieved from /home/airflow/.local/lib/python3.12/site-packages/airflow/example_dags/example_latest_only.py
[2025-04-21T04:28:51.919+0000] {logging_mixin.py:188} INFO - [2025-04-21T04:28:51.918+0000] {dag.py:3096} INFO - Sync 1 DAGs
[2025-04-21T04:28:51.931+0000] {logging_mixin.py:188} INFO - [2025-04-21T04:28:51.931+0000] {dag.py:3954} INFO - Setting next_dagrun for latest_only to 2025-04-21 00:00:00+00:00, run_after=2025-04-21 04:00:00+00:00
[2025-04-21T04:28:51.939+0000] {processor.py:183} INFO - Processing /home/airflow/.local/lib/python3.12/site-packages/airflow/example_dags/example_latest_only.py took 0.044 seconds
[2025-04-21T04:29:22.477+0000] {processor.py:161} INFO - Started process (PID=91765) to work on /home/airflow/.local/lib/python3.12/site-packages/airflow/example_dags/example_latest_only.py
[2025-04-21T04:29:22.480+0000] {processor.py:830} INFO - Processing file /home/airflow/.local/lib/python3.12/site-packages/airflow/example_dags/example_latest_only.py for tasks to queue
[2025-04-21T04:29:22.489+0000] {logging_mixin.py:188} INFO - [2025-04-21T04:29:22.488+0000] {dagbag.py:545} INFO - Filling up the DagBag from /home/airflow/.local/lib/python3.12/site-packages/airflow/example_dags/example_latest_only.py
[2025-04-21T04:29:22.496+0000] {processor.py:840} INFO - DAG(s) 'latest_only' retrieved from /home/airflow/.local/lib/python3.12/site-packages/airflow/example_dags/example_latest_only.py
[2025-04-21T04:29:22.538+0000] {logging_mixin.py:188} INFO - [2025-04-21T04:29:22.537+0000] {dag.py:3096} INFO - Sync 1 DAGs
[2025-04-21T04:29:22.559+0000] {logging_mixin.py:188} INFO - [2025-04-21T04:29:22.559+0000] {dag.py:3954} INFO - Setting next_dagrun for latest_only to 2025-04-21 00:00:00+00:00, run_after=2025-04-21 04:00:00+00:00
[2025-04-21T04:29:22.573+0000] {processor.py:183} INFO - Processing /home/airflow/.local/lib/python3.12/site-packages/airflow/example_dags/example_latest_only.py took 0.107 seconds
[2025-04-21T04:31:09.975+0000] {processor.py:161} INFO - Started process (PID=91827) to work on /home/airflow/.local/lib/python3.12/site-packages/airflow/example_dags/example_latest_only.py
[2025-04-21T04:31:09.976+0000] {processor.py:830} INFO - Processing file /home/airflow/.local/lib/python3.12/site-packages/airflow/example_dags/example_latest_only.py for tasks to queue
[2025-04-21T04:31:09.978+0000] {logging_mixin.py:188} INFO - [2025-04-21T04:31:09.977+0000] {dagbag.py:545} INFO - Filling up the DagBag from /home/airflow/.local/lib/python3.12/site-packages/airflow/example_dags/example_latest_only.py
[2025-04-21T04:31:09.981+0000] {processor.py:840} INFO - DAG(s) 'latest_only' retrieved from /home/airflow/.local/lib/python3.12/site-packages/airflow/example_dags/example_latest_only.py
[2025-04-21T04:31:09.997+0000] {logging_mixin.py:188} INFO - [2025-04-21T04:31:09.996+0000] {dag.py:3096} INFO - Sync 1 DAGs
[2025-04-21T04:31:10.012+0000] {logging_mixin.py:188} INFO - [2025-04-21T04:31:10.012+0000] {dag.py:3954} INFO - Setting next_dagrun for latest_only to 2025-04-21 00:00:00+00:00, run_after=2025-04-21 04:00:00+00:00
[2025-04-21T04:31:10.023+0000] {processor.py:183} INFO - Processing /home/airflow/.local/lib/python3.12/site-packages/airflow/example_dags/example_latest_only.py took 0.053 seconds
[2025-04-21T04:36:23.239+0000] {processor.py:161} INFO - Started process (PID=91887) to work on /home/airflow/.local/lib/python3.12/site-packages/airflow/example_dags/example_latest_only.py
[2025-04-21T04:36:23.239+0000] {processor.py:830} INFO - Processing file /home/airflow/.local/lib/python3.12/site-packages/airflow/example_dags/example_latest_only.py for tasks to queue
[2025-04-21T04:36:23.240+0000] {logging_mixin.py:188} INFO - [2025-04-21T04:36:23.240+0000] {dagbag.py:545} INFO - Filling up the DagBag from /home/airflow/.local/lib/python3.12/site-packages/airflow/example_dags/example_latest_only.py
[2025-04-21T04:36:23.244+0000] {processor.py:840} INFO - DAG(s) 'latest_only' retrieved from /home/airflow/.local/lib/python3.12/site-packages/airflow/example_dags/example_latest_only.py
[2025-04-21T04:36:23.258+0000] {logging_mixin.py:188} INFO - [2025-04-21T04:36:23.258+0000] {dag.py:3096} INFO - Sync 1 DAGs
[2025-04-21T04:36:23.272+0000] {logging_mixin.py:188} INFO - [2025-04-21T04:36:23.272+0000] {dag.py:3954} INFO - Setting next_dagrun for latest_only to 2025-04-21 00:00:00+00:00, run_after=2025-04-21 04:00:00+00:00
[2025-04-21T04:36:23.284+0000] {processor.py:183} INFO - Processing /home/airflow/.local/lib/python3.12/site-packages/airflow/example_dags/example_latest_only.py took 0.048 seconds
[2025-04-21T04:41:36.586+0000] {processor.py:161} INFO - Started process (PID=91947) to work on /home/airflow/.local/lib/python3.12/site-packages/airflow/example_dags/example_latest_only.py
[2025-04-21T04:41:36.587+0000] {processor.py:830} INFO - Processing file /home/airflow/.local/lib/python3.12/site-packages/airflow/example_dags/example_latest_only.py for tasks to queue
[2025-04-21T04:41:36.588+0000] {logging_mixin.py:188} INFO - [2025-04-21T04:41:36.588+0000] {dagbag.py:545} INFO - Filling up the DagBag from /home/airflow/.local/lib/python3.12/site-packages/airflow/example_dags/example_latest_only.py
[2025-04-21T04:41:36.591+0000] {processor.py:840} INFO - DAG(s) 'latest_only' retrieved from /home/airflow/.local/lib/python3.12/site-packages/airflow/example_dags/example_latest_only.py
[2025-04-21T04:41:36.604+0000] {logging_mixin.py:188} INFO - [2025-04-21T04:41:36.604+0000] {dag.py:3096} INFO - Sync 1 DAGs
[2025-04-21T04:41:36.617+0000] {logging_mixin.py:188} INFO - [2025-04-21T04:41:36.617+0000] {dag.py:3954} INFO - Setting next_dagrun for latest_only to 2025-04-21 00:00:00+00:00, run_after=2025-04-21 04:00:00+00:00
[2025-04-21T04:41:36.627+0000] {processor.py:183} INFO - Processing /home/airflow/.local/lib/python3.12/site-packages/airflow/example_dags/example_latest_only.py took 0.045 seconds
[2025-04-21T04:46:49.490+0000] {processor.py:161} INFO - Started process (PID=92007) to work on /home/airflow/.local/lib/python3.12/site-packages/airflow/example_dags/example_latest_only.py
[2025-04-21T04:46:49.491+0000] {processor.py:830} INFO - Processing file /home/airflow/.local/lib/python3.12/site-packages/airflow/example_dags/example_latest_only.py for tasks to queue
[2025-04-21T04:46:49.492+0000] {logging_mixin.py:188} INFO - [2025-04-21T04:46:49.492+0000] {dagbag.py:545} INFO - Filling up the DagBag from /home/airflow/.local/lib/python3.12/site-packages/airflow/example_dags/example_latest_only.py
[2025-04-21T04:46:49.495+0000] {processor.py:840} INFO - DAG(s) 'latest_only' retrieved from /home/airflow/.local/lib/python3.12/site-packages/airflow/example_dags/example_latest_only.py
[2025-04-21T04:46:49.509+0000] {logging_mixin.py:188} INFO - [2025-04-21T04:46:49.509+0000] {dag.py:3096} INFO - Sync 1 DAGs
[2025-04-21T04:46:49.524+0000] {logging_mixin.py:188} INFO - [2025-04-21T04:46:49.524+0000] {dag.py:3954} INFO - Setting next_dagrun for latest_only to 2025-04-21 00:00:00+00:00, run_after=2025-04-21 04:00:00+00:00
[2025-04-21T04:46:49.533+0000] {processor.py:183} INFO - Processing /home/airflow/.local/lib/python3.12/site-packages/airflow/example_dags/example_latest_only.py took 0.047 seconds
[2025-04-21T04:47:19.866+0000] {processor.py:161} INFO - Started process (PID=92065) to work on /home/airflow/.local/lib/python3.12/site-packages/airflow/example_dags/example_latest_only.py
[2025-04-21T04:47:19.868+0000] {processor.py:830} INFO - Processing file /home/airflow/.local/lib/python3.12/site-packages/airflow/example_dags/example_latest_only.py for tasks to queue
[2025-04-21T04:47:19.873+0000] {logging_mixin.py:188} INFO - [2025-04-21T04:47:19.873+0000] {dagbag.py:545} INFO - Filling up the DagBag from /home/airflow/.local/lib/python3.12/site-packages/airflow/example_dags/example_latest_only.py
[2025-04-21T04:47:19.882+0000] {processor.py:840} INFO - DAG(s) 'latest_only' retrieved from /home/airflow/.local/lib/python3.12/site-packages/airflow/example_dags/example_latest_only.py
[2025-04-21T04:47:19.905+0000] {logging_mixin.py:188} INFO - [2025-04-21T04:47:19.905+0000] {dag.py:3096} INFO - Sync 1 DAGs
[2025-04-21T04:47:19.936+0000] {logging_mixin.py:188} INFO - [2025-04-21T04:47:19.936+0000] {dag.py:3954} INFO - Setting next_dagrun for latest_only to 2025-04-21 00:00:00+00:00, run_after=2025-04-21 04:00:00+00:00
[2025-04-21T04:47:19.949+0000] {processor.py:183} INFO - Processing /home/airflow/.local/lib/python3.12/site-packages/airflow/example_dags/example_latest_only.py took 0.115 seconds
[2025-04-21T04:52:32.739+0000] {processor.py:161} INFO - Started process (PID=92127) to work on /home/airflow/.local/lib/python3.12/site-packages/airflow/example_dags/example_latest_only.py
[2025-04-21T04:52:32.742+0000] {processor.py:830} INFO - Processing file /home/airflow/.local/lib/python3.12/site-packages/airflow/example_dags/example_latest_only.py for tasks to queue
[2025-04-21T04:52:32.744+0000] {logging_mixin.py:188} INFO - [2025-04-21T04:52:32.744+0000] {dagbag.py:545} INFO - Filling up the DagBag from /home/airflow/.local/lib/python3.12/site-packages/airflow/example_dags/example_latest_only.py
[2025-04-21T04:52:32.748+0000] {processor.py:840} INFO - DAG(s) 'latest_only' retrieved from /home/airflow/.local/lib/python3.12/site-packages/airflow/example_dags/example_latest_only.py
[2025-04-21T04:52:32.765+0000] {logging_mixin.py:188} INFO - [2025-04-21T04:52:32.765+0000] {dag.py:3096} INFO - Sync 1 DAGs
[2025-04-21T04:52:32.785+0000] {logging_mixin.py:188} INFO - [2025-04-21T04:52:32.785+0000] {dag.py:3954} INFO - Setting next_dagrun for latest_only to 2025-04-21 00:00:00+00:00, run_after=2025-04-21 04:00:00+00:00
[2025-04-21T04:52:32.804+0000] {processor.py:183} INFO - Processing /home/airflow/.local/lib/python3.12/site-packages/airflow/example_dags/example_latest_only.py took 0.069 seconds
[2025-04-21T05:15:36.203+0000] {processor.py:161} INFO - Started process (PID=92187) to work on /home/airflow/.local/lib/python3.12/site-packages/airflow/example_dags/example_latest_only.py
[2025-04-21T05:15:36.203+0000] {processor.py:830} INFO - Processing file /home/airflow/.local/lib/python3.12/site-packages/airflow/example_dags/example_latest_only.py for tasks to queue
[2025-04-21T05:15:36.204+0000] {logging_mixin.py:188} INFO - [2025-04-21T05:15:36.204+0000] {dagbag.py:545} INFO - Filling up the DagBag from /home/airflow/.local/lib/python3.12/site-packages/airflow/example_dags/example_latest_only.py
[2025-04-21T05:15:36.207+0000] {processor.py:840} INFO - DAG(s) 'latest_only' retrieved from /home/airflow/.local/lib/python3.12/site-packages/airflow/example_dags/example_latest_only.py
[2025-04-21T05:15:36.219+0000] {logging_mixin.py:188} INFO - [2025-04-21T05:15:36.218+0000] {dag.py:3096} INFO - Sync 1 DAGs
[2025-04-21T05:15:36.244+0000] {logging_mixin.py:188} INFO - [2025-04-21T05:15:36.244+0000] {dag.py:3954} INFO - Setting next_dagrun for latest_only to 2025-04-21 00:00:00+00:00, run_after=2025-04-21 04:00:00+00:00
[2025-04-21T05:15:36.258+0000] {processor.py:183} INFO - Processing /home/airflow/.local/lib/python3.12/site-packages/airflow/example_dags/example_latest_only.py took 0.059 seconds
[2025-04-21T05:20:49.709+0000] {processor.py:161} INFO - Started process (PID=92247) to work on /home/airflow/.local/lib/python3.12/site-packages/airflow/example_dags/example_latest_only.py
[2025-04-21T05:20:49.709+0000] {processor.py:830} INFO - Processing file /home/airflow/.local/lib/python3.12/site-packages/airflow/example_dags/example_latest_only.py for tasks to queue
[2025-04-21T05:20:49.711+0000] {logging_mixin.py:188} INFO - [2025-04-21T05:20:49.711+0000] {dagbag.py:545} INFO - Filling up the DagBag from /home/airflow/.local/lib/python3.12/site-packages/airflow/example_dags/example_latest_only.py
[2025-04-21T05:20:49.713+0000] {processor.py:840} INFO - DAG(s) 'latest_only' retrieved from /home/airflow/.local/lib/python3.12/site-packages/airflow/example_dags/example_latest_only.py
[2025-04-21T05:20:49.726+0000] {logging_mixin.py:188} INFO - [2025-04-21T05:20:49.726+0000] {dag.py:3096} INFO - Sync 1 DAGs
[2025-04-21T05:20:49.742+0000] {logging_mixin.py:188} INFO - [2025-04-21T05:20:49.741+0000] {dag.py:3954} INFO - Setting next_dagrun for latest_only to 2025-04-21 00:00:00+00:00, run_after=2025-04-21 04:00:00+00:00
[2025-04-21T05:20:49.751+0000] {processor.py:183} INFO - Processing /home/airflow/.local/lib/python3.12/site-packages/airflow/example_dags/example_latest_only.py took 0.047 seconds
[2025-04-21T05:26:02.329+0000] {processor.py:161} INFO - Started process (PID=92307) to work on /home/airflow/.local/lib/python3.12/site-packages/airflow/example_dags/example_latest_only.py
[2025-04-21T05:26:02.330+0000] {processor.py:830} INFO - Processing file /home/airflow/.local/lib/python3.12/site-packages/airflow/example_dags/example_latest_only.py for tasks to queue
[2025-04-21T05:26:02.332+0000] {logging_mixin.py:188} INFO - [2025-04-21T05:26:02.331+0000] {dagbag.py:545} INFO - Filling up the DagBag from /home/airflow/.local/lib/python3.12/site-packages/airflow/example_dags/example_latest_only.py
[2025-04-21T05:26:02.337+0000] {processor.py:840} INFO - DAG(s) 'latest_only' retrieved from /home/airflow/.local/lib/python3.12/site-packages/airflow/example_dags/example_latest_only.py
[2025-04-21T05:26:02.352+0000] {logging_mixin.py:188} INFO - [2025-04-21T05:26:02.352+0000] {dag.py:3096} INFO - Sync 1 DAGs
[2025-04-21T05:26:02.366+0000] {logging_mixin.py:188} INFO - [2025-04-21T05:26:02.366+0000] {dag.py:3954} INFO - Setting next_dagrun for latest_only to 2025-04-21 00:00:00+00:00, run_after=2025-04-21 04:00:00+00:00
[2025-04-21T05:26:02.375+0000] {processor.py:183} INFO - Processing /home/airflow/.local/lib/python3.12/site-packages/airflow/example_dags/example_latest_only.py took 0.054 seconds
[2025-04-21T05:59:56.790+0000] {processor.py:161} INFO - Started process (PID=92367) to work on /home/airflow/.local/lib/python3.12/site-packages/airflow/example_dags/example_latest_only.py
[2025-04-21T05:59:56.791+0000] {processor.py:830} INFO - Processing file /home/airflow/.local/lib/python3.12/site-packages/airflow/example_dags/example_latest_only.py for tasks to queue
[2025-04-21T05:59:56.792+0000] {logging_mixin.py:188} INFO - [2025-04-21T05:59:56.792+0000] {dagbag.py:545} INFO - Filling up the DagBag from /home/airflow/.local/lib/python3.12/site-packages/airflow/example_dags/example_latest_only.py
[2025-04-21T05:59:56.795+0000] {processor.py:840} INFO - DAG(s) 'latest_only' retrieved from /home/airflow/.local/lib/python3.12/site-packages/airflow/example_dags/example_latest_only.py
[2025-04-21T05:59:56.813+0000] {logging_mixin.py:188} INFO - [2025-04-21T05:59:56.813+0000] {dag.py:3096} INFO - Sync 1 DAGs
[2025-04-21T05:59:56.827+0000] {logging_mixin.py:188} INFO - [2025-04-21T05:59:56.827+0000] {dag.py:3954} INFO - Setting next_dagrun for latest_only to 2025-04-21 00:00:00+00:00, run_after=2025-04-21 04:00:00+00:00
[2025-04-21T05:59:56.838+0000] {processor.py:183} INFO - Processing /home/airflow/.local/lib/python3.12/site-packages/airflow/example_dags/example_latest_only.py took 0.051 seconds
[2025-04-21T07:21:14.878+0000] {processor.py:161} INFO - Started process (PID=92427) to work on /home/airflow/.local/lib/python3.12/site-packages/airflow/example_dags/example_latest_only.py
[2025-04-21T07:21:14.878+0000] {processor.py:830} INFO - Processing file /home/airflow/.local/lib/python3.12/site-packages/airflow/example_dags/example_latest_only.py for tasks to queue
[2025-04-21T07:21:14.879+0000] {logging_mixin.py:188} INFO - [2025-04-21T07:21:14.879+0000] {dagbag.py:545} INFO - Filling up the DagBag from /home/airflow/.local/lib/python3.12/site-packages/airflow/example_dags/example_latest_only.py
[2025-04-21T07:21:14.882+0000] {processor.py:840} INFO - DAG(s) 'latest_only' retrieved from /home/airflow/.local/lib/python3.12/site-packages/airflow/example_dags/example_latest_only.py
[2025-04-21T07:21:14.901+0000] {logging_mixin.py:188} INFO - [2025-04-21T07:21:14.901+0000] {dag.py:3096} INFO - Sync 1 DAGs
[2025-04-21T07:21:14.915+0000] {logging_mixin.py:188} INFO - [2025-04-21T07:21:14.915+0000] {dag.py:3954} INFO - Setting next_dagrun for latest_only to 2025-04-21 00:00:00+00:00, run_after=2025-04-21 04:00:00+00:00
[2025-04-21T07:21:14.924+0000] {processor.py:183} INFO - Processing /home/airflow/.local/lib/python3.12/site-packages/airflow/example_dags/example_latest_only.py took 0.053 seconds
[2025-04-21T09:02:19.801+0000] {processor.py:161} INFO - Started process (PID=92487) to work on /home/airflow/.local/lib/python3.12/site-packages/airflow/example_dags/example_latest_only.py
[2025-04-21T09:02:19.802+0000] {processor.py:830} INFO - Processing file /home/airflow/.local/lib/python3.12/site-packages/airflow/example_dags/example_latest_only.py for tasks to queue
[2025-04-21T09:02:19.803+0000] {logging_mixin.py:188} INFO - [2025-04-21T09:02:19.803+0000] {dagbag.py:545} INFO - Filling up the DagBag from /home/airflow/.local/lib/python3.12/site-packages/airflow/example_dags/example_latest_only.py
[2025-04-21T09:02:19.805+0000] {processor.py:840} INFO - DAG(s) 'latest_only' retrieved from /home/airflow/.local/lib/python3.12/site-packages/airflow/example_dags/example_latest_only.py
[2025-04-21T09:02:19.826+0000] {logging_mixin.py:188} INFO - [2025-04-21T09:02:19.825+0000] {dag.py:3096} INFO - Sync 1 DAGs
[2025-04-21T09:02:19.838+0000] {logging_mixin.py:188} INFO - [2025-04-21T09:02:19.838+0000] {dag.py:3954} INFO - Setting next_dagrun for latest_only to 2025-04-21 04:00:00+00:00, run_after=2025-04-21 08:00:00+00:00
[2025-04-21T09:02:19.848+0000] {processor.py:183} INFO - Processing /home/airflow/.local/lib/python3.12/site-packages/airflow/example_dags/example_latest_only.py took 0.052 seconds
[2025-04-21T10:25:28.480+0000] {processor.py:161} INFO - Started process (PID=92547) to work on /home/airflow/.local/lib/python3.12/site-packages/airflow/example_dags/example_latest_only.py
[2025-04-21T10:25:28.481+0000] {processor.py:830} INFO - Processing file /home/airflow/.local/lib/python3.12/site-packages/airflow/example_dags/example_latest_only.py for tasks to queue
[2025-04-21T10:25:28.482+0000] {logging_mixin.py:188} INFO - [2025-04-21T10:25:28.482+0000] {dagbag.py:545} INFO - Filling up the DagBag from /home/airflow/.local/lib/python3.12/site-packages/airflow/example_dags/example_latest_only.py
[2025-04-21T10:25:28.485+0000] {processor.py:840} INFO - DAG(s) 'latest_only' retrieved from /home/airflow/.local/lib/python3.12/site-packages/airflow/example_dags/example_latest_only.py
[2025-04-21T10:25:28.498+0000] {logging_mixin.py:188} INFO - [2025-04-21T10:25:28.497+0000] {dag.py:3096} INFO - Sync 1 DAGs
[2025-04-21T10:25:28.510+0000] {logging_mixin.py:188} INFO - [2025-04-21T10:25:28.510+0000] {dag.py:3954} INFO - Setting next_dagrun for latest_only to 2025-04-21 04:00:00+00:00, run_after=2025-04-21 08:00:00+00:00
[2025-04-21T10:25:28.520+0000] {processor.py:183} INFO - Processing /home/airflow/.local/lib/python3.12/site-packages/airflow/example_dags/example_latest_only.py took 0.043 seconds
[2025-04-21T12:02:26.495+0000] {processor.py:161} INFO - Started process (PID=92607) to work on /home/airflow/.local/lib/python3.12/site-packages/airflow/example_dags/example_latest_only.py
[2025-04-21T12:02:26.495+0000] {processor.py:830} INFO - Processing file /home/airflow/.local/lib/python3.12/site-packages/airflow/example_dags/example_latest_only.py for tasks to queue
[2025-04-21T12:02:26.496+0000] {logging_mixin.py:188} INFO - [2025-04-21T12:02:26.496+0000] {dagbag.py:545} INFO - Filling up the DagBag from /home/airflow/.local/lib/python3.12/site-packages/airflow/example_dags/example_latest_only.py
[2025-04-21T12:02:26.499+0000] {processor.py:840} INFO - DAG(s) 'latest_only' retrieved from /home/airflow/.local/lib/python3.12/site-packages/airflow/example_dags/example_latest_only.py
[2025-04-21T12:02:26.512+0000] {logging_mixin.py:188} INFO - [2025-04-21T12:02:26.512+0000] {dag.py:3096} INFO - Sync 1 DAGs
[2025-04-21T12:02:26.526+0000] {logging_mixin.py:188} INFO - [2025-04-21T12:02:26.526+0000] {dag.py:3954} INFO - Setting next_dagrun for latest_only to 2025-04-21 08:00:00+00:00, run_after=2025-04-21 12:00:00+00:00
[2025-04-21T12:02:26.536+0000] {processor.py:183} INFO - Processing /home/airflow/.local/lib/python3.12/site-packages/airflow/example_dags/example_latest_only.py took 0.045 seconds
[2025-04-21T12:02:56.966+0000] {processor.py:161} INFO - Started process (PID=92665) to work on /home/airflow/.local/lib/python3.12/site-packages/airflow/example_dags/example_latest_only.py
[2025-04-21T12:02:56.967+0000] {processor.py:830} INFO - Processing file /home/airflow/.local/lib/python3.12/site-packages/airflow/example_dags/example_latest_only.py for tasks to queue
[2025-04-21T12:02:56.971+0000] {logging_mixin.py:188} INFO - [2025-04-21T12:02:56.971+0000] {dagbag.py:545} INFO - Filling up the DagBag from /home/airflow/.local/lib/python3.12/site-packages/airflow/example_dags/example_latest_only.py
[2025-04-21T12:02:56.985+0000] {processor.py:840} INFO - DAG(s) 'latest_only' retrieved from /home/airflow/.local/lib/python3.12/site-packages/airflow/example_dags/example_latest_only.py
[2025-04-21T12:02:57.007+0000] {logging_mixin.py:188} INFO - [2025-04-21T12:02:57.006+0000] {dag.py:3096} INFO - Sync 1 DAGs
[2025-04-21T12:02:57.023+0000] {logging_mixin.py:188} INFO - [2025-04-21T12:02:57.023+0000] {dag.py:3954} INFO - Setting next_dagrun for latest_only to 2025-04-21 08:00:00+00:00, run_after=2025-04-21 12:00:00+00:00
[2025-04-21T12:02:57.036+0000] {processor.py:183} INFO - Processing /home/airflow/.local/lib/python3.12/site-packages/airflow/example_dags/example_latest_only.py took 0.081 seconds
[2025-04-21T12:08:09.588+0000] {processor.py:161} INFO - Started process (PID=92727) to work on /home/airflow/.local/lib/python3.12/site-packages/airflow/example_dags/example_latest_only.py
[2025-04-21T12:08:09.588+0000] {processor.py:830} INFO - Processing file /home/airflow/.local/lib/python3.12/site-packages/airflow/example_dags/example_latest_only.py for tasks to queue
[2025-04-21T12:08:09.589+0000] {logging_mixin.py:188} INFO - [2025-04-21T12:08:09.589+0000] {dagbag.py:545} INFO - Filling up the DagBag from /home/airflow/.local/lib/python3.12/site-packages/airflow/example_dags/example_latest_only.py
[2025-04-21T12:08:09.592+0000] {processor.py:840} INFO - DAG(s) 'latest_only' retrieved from /home/airflow/.local/lib/python3.12/site-packages/airflow/example_dags/example_latest_only.py
[2025-04-21T12:08:09.604+0000] {logging_mixin.py:188} INFO - [2025-04-21T12:08:09.604+0000] {dag.py:3096} INFO - Sync 1 DAGs
[2025-04-21T12:08:09.615+0000] {logging_mixin.py:188} INFO - [2025-04-21T12:08:09.615+0000] {dag.py:3954} INFO - Setting next_dagrun for latest_only to 2025-04-21 08:00:00+00:00, run_after=2025-04-21 12:00:00+00:00
[2025-04-21T12:08:09.623+0000] {processor.py:183} INFO - Processing /home/airflow/.local/lib/python3.12/site-packages/airflow/example_dags/example_latest_only.py took 0.039 seconds
[2025-04-21T12:09:04.294+0000] {processor.py:161} INFO - Started process (PID=92787) to work on /home/airflow/.local/lib/python3.12/site-packages/airflow/example_dags/example_latest_only.py
[2025-04-21T12:09:04.295+0000] {processor.py:830} INFO - Processing file /home/airflow/.local/lib/python3.12/site-packages/airflow/example_dags/example_latest_only.py for tasks to queue
[2025-04-21T12:09:04.296+0000] {logging_mixin.py:188} INFO - [2025-04-21T12:09:04.296+0000] {dagbag.py:545} INFO - Filling up the DagBag from /home/airflow/.local/lib/python3.12/site-packages/airflow/example_dags/example_latest_only.py
[2025-04-21T12:09:04.299+0000] {processor.py:840} INFO - DAG(s) 'latest_only' retrieved from /home/airflow/.local/lib/python3.12/site-packages/airflow/example_dags/example_latest_only.py
[2025-04-21T12:09:04.318+0000] {logging_mixin.py:188} INFO - [2025-04-21T12:09:04.318+0000] {dag.py:3096} INFO - Sync 1 DAGs
[2025-04-21T12:09:04.332+0000] {logging_mixin.py:188} INFO - [2025-04-21T12:09:04.332+0000] {dag.py:3954} INFO - Setting next_dagrun for latest_only to 2025-04-21 08:00:00+00:00, run_after=2025-04-21 12:00:00+00:00
[2025-04-21T12:09:04.341+0000] {processor.py:183} INFO - Processing /home/airflow/.local/lib/python3.12/site-packages/airflow/example_dags/example_latest_only.py took 0.053 seconds
[2025-04-21T12:14:17.286+0000] {processor.py:161} INFO - Started process (PID=92847) to work on /home/airflow/.local/lib/python3.12/site-packages/airflow/example_dags/example_latest_only.py
[2025-04-21T12:14:17.286+0000] {processor.py:830} INFO - Processing file /home/airflow/.local/lib/python3.12/site-packages/airflow/example_dags/example_latest_only.py for tasks to queue
[2025-04-21T12:14:17.287+0000] {logging_mixin.py:188} INFO - [2025-04-21T12:14:17.287+0000] {dagbag.py:545} INFO - Filling up the DagBag from /home/airflow/.local/lib/python3.12/site-packages/airflow/example_dags/example_latest_only.py
[2025-04-21T12:14:17.290+0000] {processor.py:840} INFO - DAG(s) 'latest_only' retrieved from /home/airflow/.local/lib/python3.12/site-packages/airflow/example_dags/example_latest_only.py
[2025-04-21T12:14:17.308+0000] {logging_mixin.py:188} INFO - [2025-04-21T12:14:17.308+0000] {dag.py:3096} INFO - Sync 1 DAGs
[2025-04-21T12:14:17.320+0000] {logging_mixin.py:188} INFO - [2025-04-21T12:14:17.320+0000] {dag.py:3954} INFO - Setting next_dagrun for latest_only to 2025-04-21 08:00:00+00:00, run_after=2025-04-21 12:00:00+00:00
[2025-04-21T12:14:17.331+0000] {processor.py:183} INFO - Processing /home/airflow/.local/lib/python3.12/site-packages/airflow/example_dags/example_latest_only.py took 0.049 seconds
[2025-04-21T12:19:30.975+0000] {processor.py:161} INFO - Started process (PID=92907) to work on /home/airflow/.local/lib/python3.12/site-packages/airflow/example_dags/example_latest_only.py
[2025-04-21T12:19:30.976+0000] {processor.py:830} INFO - Processing file /home/airflow/.local/lib/python3.12/site-packages/airflow/example_dags/example_latest_only.py for tasks to queue
[2025-04-21T12:19:30.977+0000] {logging_mixin.py:188} INFO - [2025-04-21T12:19:30.977+0000] {dagbag.py:545} INFO - Filling up the DagBag from /home/airflow/.local/lib/python3.12/site-packages/airflow/example_dags/example_latest_only.py
[2025-04-21T12:19:30.980+0000] {processor.py:840} INFO - DAG(s) 'latest_only' retrieved from /home/airflow/.local/lib/python3.12/site-packages/airflow/example_dags/example_latest_only.py
[2025-04-21T12:19:30.993+0000] {logging_mixin.py:188} INFO - [2025-04-21T12:19:30.993+0000] {dag.py:3096} INFO - Sync 1 DAGs
[2025-04-21T12:19:31.006+0000] {logging_mixin.py:188} INFO - [2025-04-21T12:19:31.006+0000] {dag.py:3954} INFO - Setting next_dagrun for latest_only to 2025-04-21 08:00:00+00:00, run_after=2025-04-21 12:00:00+00:00
[2025-04-21T12:19:31.022+0000] {processor.py:183} INFO - Processing /home/airflow/.local/lib/python3.12/site-packages/airflow/example_dags/example_latest_only.py took 0.051 seconds
[2025-04-21T12:24:43.404+0000] {processor.py:161} INFO - Started process (PID=92967) to work on /home/airflow/.local/lib/python3.12/site-packages/airflow/example_dags/example_latest_only.py
[2025-04-21T12:24:43.405+0000] {processor.py:830} INFO - Processing file /home/airflow/.local/lib/python3.12/site-packages/airflow/example_dags/example_latest_only.py for tasks to queue
[2025-04-21T12:24:43.406+0000] {logging_mixin.py:188} INFO - [2025-04-21T12:24:43.406+0000] {dagbag.py:545} INFO - Filling up the DagBag from /home/airflow/.local/lib/python3.12/site-packages/airflow/example_dags/example_latest_only.py
[2025-04-21T12:24:43.410+0000] {processor.py:840} INFO - DAG(s) 'latest_only' retrieved from /home/airflow/.local/lib/python3.12/site-packages/airflow/example_dags/example_latest_only.py
[2025-04-21T12:24:43.421+0000] {logging_mixin.py:188} INFO - [2025-04-21T12:24:43.421+0000] {dag.py:3096} INFO - Sync 1 DAGs
[2025-04-21T12:24:43.433+0000] {logging_mixin.py:188} INFO - [2025-04-21T12:24:43.433+0000] {dag.py:3954} INFO - Setting next_dagrun for latest_only to 2025-04-21 08:00:00+00:00, run_after=2025-04-21 12:00:00+00:00
[2025-04-21T12:24:43.441+0000] {processor.py:183} INFO - Processing /home/airflow/.local/lib/python3.12/site-packages/airflow/example_dags/example_latest_only.py took 0.041 seconds
[2025-04-21T12:56:58.474+0000] {processor.py:161} INFO - Started process (PID=93027) to work on /home/airflow/.local/lib/python3.12/site-packages/airflow/example_dags/example_latest_only.py
[2025-04-21T12:56:58.476+0000] {processor.py:830} INFO - Processing file /home/airflow/.local/lib/python3.12/site-packages/airflow/example_dags/example_latest_only.py for tasks to queue
[2025-04-21T12:56:58.478+0000] {logging_mixin.py:188} INFO - [2025-04-21T12:56:58.477+0000] {dagbag.py:545} INFO - Filling up the DagBag from /home/airflow/.local/lib/python3.12/site-packages/airflow/example_dags/example_latest_only.py
[2025-04-21T12:56:58.483+0000] {processor.py:840} INFO - DAG(s) 'latest_only' retrieved from /home/airflow/.local/lib/python3.12/site-packages/airflow/example_dags/example_latest_only.py
[2025-04-21T12:56:58.497+0000] {logging_mixin.py:188} INFO - [2025-04-21T12:56:58.497+0000] {dag.py:3096} INFO - Sync 1 DAGs
[2025-04-21T12:56:58.511+0000] {logging_mixin.py:188} INFO - [2025-04-21T12:56:58.510+0000] {dag.py:3954} INFO - Setting next_dagrun for latest_only to 2025-04-21 08:00:00+00:00, run_after=2025-04-21 12:00:00+00:00
[2025-04-21T12:56:58.530+0000] {processor.py:183} INFO - Processing /home/airflow/.local/lib/python3.12/site-packages/airflow/example_dags/example_latest_only.py took 0.061 seconds
[2025-04-21T14:21:24.466+0000] {processor.py:161} INFO - Started process (PID=93087) to work on /home/airflow/.local/lib/python3.12/site-packages/airflow/example_dags/example_latest_only.py
[2025-04-21T14:21:24.466+0000] {processor.py:830} INFO - Processing file /home/airflow/.local/lib/python3.12/site-packages/airflow/example_dags/example_latest_only.py for tasks to queue
[2025-04-21T14:21:24.467+0000] {logging_mixin.py:188} INFO - [2025-04-21T14:21:24.467+0000] {dagbag.py:545} INFO - Filling up the DagBag from /home/airflow/.local/lib/python3.12/site-packages/airflow/example_dags/example_latest_only.py
[2025-04-21T14:21:24.470+0000] {processor.py:840} INFO - DAG(s) 'latest_only' retrieved from /home/airflow/.local/lib/python3.12/site-packages/airflow/example_dags/example_latest_only.py
[2025-04-21T14:21:24.482+0000] {logging_mixin.py:188} INFO - [2025-04-21T14:21:24.481+0000] {dag.py:3096} INFO - Sync 1 DAGs
[2025-04-21T14:21:24.495+0000] {logging_mixin.py:188} INFO - [2025-04-21T14:21:24.495+0000] {dag.py:3954} INFO - Setting next_dagrun for latest_only to 2025-04-21 08:00:00+00:00, run_after=2025-04-21 12:00:00+00:00
[2025-04-21T14:21:24.513+0000] {processor.py:183} INFO - Processing /home/airflow/.local/lib/python3.12/site-packages/airflow/example_dags/example_latest_only.py took 0.050 seconds
[2025-04-21T16:03:43.740+0000] {processor.py:161} INFO - Started process (PID=93147) to work on /home/airflow/.local/lib/python3.12/site-packages/airflow/example_dags/example_latest_only.py
[2025-04-21T16:03:43.741+0000] {processor.py:830} INFO - Processing file /home/airflow/.local/lib/python3.12/site-packages/airflow/example_dags/example_latest_only.py for tasks to queue
[2025-04-21T16:03:43.742+0000] {logging_mixin.py:188} INFO - [2025-04-21T16:03:43.741+0000] {dagbag.py:545} INFO - Filling up the DagBag from /home/airflow/.local/lib/python3.12/site-packages/airflow/example_dags/example_latest_only.py
[2025-04-21T16:03:43.745+0000] {processor.py:840} INFO - DAG(s) 'latest_only' retrieved from /home/airflow/.local/lib/python3.12/site-packages/airflow/example_dags/example_latest_only.py
[2025-04-21T16:03:43.758+0000] {logging_mixin.py:188} INFO - [2025-04-21T16:03:43.757+0000] {dag.py:3096} INFO - Sync 1 DAGs
[2025-04-21T16:03:43.772+0000] {logging_mixin.py:188} INFO - [2025-04-21T16:03:43.772+0000] {dag.py:3954} INFO - Setting next_dagrun for latest_only to 2025-04-21 12:00:00+00:00, run_after=2025-04-21 16:00:00+00:00
[2025-04-21T16:03:43.784+0000] {processor.py:183} INFO - Processing /home/airflow/.local/lib/python3.12/site-packages/airflow/example_dags/example_latest_only.py took 0.047 seconds
[2025-04-21T17:25:30.393+0000] {processor.py:161} INFO - Started process (PID=93207) to work on /home/airflow/.local/lib/python3.12/site-packages/airflow/example_dags/example_latest_only.py
[2025-04-21T17:25:30.394+0000] {processor.py:830} INFO - Processing file /home/airflow/.local/lib/python3.12/site-packages/airflow/example_dags/example_latest_only.py for tasks to queue
[2025-04-21T17:25:30.395+0000] {logging_mixin.py:188} INFO - [2025-04-21T17:25:30.395+0000] {dagbag.py:545} INFO - Filling up the DagBag from /home/airflow/.local/lib/python3.12/site-packages/airflow/example_dags/example_latest_only.py
[2025-04-21T17:25:30.398+0000] {processor.py:840} INFO - DAG(s) 'latest_only' retrieved from /home/airflow/.local/lib/python3.12/site-packages/airflow/example_dags/example_latest_only.py
[2025-04-21T17:25:30.411+0000] {logging_mixin.py:188} INFO - [2025-04-21T17:25:30.410+0000] {dag.py:3096} INFO - Sync 1 DAGs
[2025-04-21T17:25:30.433+0000] {logging_mixin.py:188} INFO - [2025-04-21T17:25:30.433+0000] {dag.py:3954} INFO - Setting next_dagrun for latest_only to 2025-04-21 12:00:00+00:00, run_after=2025-04-21 16:00:00+00:00
[2025-04-21T17:25:30.445+0000] {processor.py:183} INFO - Processing /home/airflow/.local/lib/python3.12/site-packages/airflow/example_dags/example_latest_only.py took 0.055 seconds
[2025-04-21T18:31:33.891+0000] {processor.py:161} INFO - Started process (PID=93267) to work on /home/airflow/.local/lib/python3.12/site-packages/airflow/example_dags/example_latest_only.py
[2025-04-21T18:31:33.891+0000] {processor.py:830} INFO - Processing file /home/airflow/.local/lib/python3.12/site-packages/airflow/example_dags/example_latest_only.py for tasks to queue
[2025-04-21T18:31:33.893+0000] {logging_mixin.py:188} INFO - [2025-04-21T18:31:33.893+0000] {dagbag.py:545} INFO - Filling up the DagBag from /home/airflow/.local/lib/python3.12/site-packages/airflow/example_dags/example_latest_only.py
[2025-04-21T18:31:33.896+0000] {processor.py:840} INFO - DAG(s) 'latest_only' retrieved from /home/airflow/.local/lib/python3.12/site-packages/airflow/example_dags/example_latest_only.py
[2025-04-21T18:31:33.910+0000] {logging_mixin.py:188} INFO - [2025-04-21T18:31:33.910+0000] {dag.py:3096} INFO - Sync 1 DAGs
[2025-04-21T18:31:33.926+0000] {logging_mixin.py:188} INFO - [2025-04-21T18:31:33.926+0000] {dag.py:3954} INFO - Setting next_dagrun for latest_only to 2025-04-21 12:00:00+00:00, run_after=2025-04-21 16:00:00+00:00
[2025-04-21T18:31:33.940+0000] {processor.py:183} INFO - Processing /home/airflow/.local/lib/python3.12/site-packages/airflow/example_dags/example_latest_only.py took 0.053 seconds
[2025-04-21T18:32:04.541+0000] {processor.py:161} INFO - Started process (PID=93325) to work on /home/airflow/.local/lib/python3.12/site-packages/airflow/example_dags/example_latest_only.py
[2025-04-21T18:32:04.543+0000] {processor.py:830} INFO - Processing file /home/airflow/.local/lib/python3.12/site-packages/airflow/example_dags/example_latest_only.py for tasks to queue
[2025-04-21T18:32:04.544+0000] {logging_mixin.py:188} INFO - [2025-04-21T18:32:04.544+0000] {dagbag.py:545} INFO - Filling up the DagBag from /home/airflow/.local/lib/python3.12/site-packages/airflow/example_dags/example_latest_only.py
[2025-04-21T18:32:04.551+0000] {processor.py:840} INFO - DAG(s) 'latest_only' retrieved from /home/airflow/.local/lib/python3.12/site-packages/airflow/example_dags/example_latest_only.py
[2025-04-21T18:32:04.575+0000] {logging_mixin.py:188} INFO - [2025-04-21T18:32:04.575+0000] {dag.py:3096} INFO - Sync 1 DAGs
[2025-04-21T18:32:04.595+0000] {logging_mixin.py:188} INFO - [2025-04-21T18:32:04.595+0000] {dag.py:3954} INFO - Setting next_dagrun for latest_only to 2025-04-21 12:00:00+00:00, run_after=2025-04-21 16:00:00+00:00
[2025-04-21T18:32:04.609+0000] {processor.py:183} INFO - Processing /home/airflow/.local/lib/python3.12/site-packages/airflow/example_dags/example_latest_only.py took 0.073 seconds
[2025-04-21T18:35:56.265+0000] {processor.py:161} INFO - Started process (PID=93387) to work on /home/airflow/.local/lib/python3.12/site-packages/airflow/example_dags/example_latest_only.py
[2025-04-21T18:35:56.266+0000] {processor.py:830} INFO - Processing file /home/airflow/.local/lib/python3.12/site-packages/airflow/example_dags/example_latest_only.py for tasks to queue
[2025-04-21T18:35:56.267+0000] {logging_mixin.py:188} INFO - [2025-04-21T18:35:56.267+0000] {dagbag.py:545} INFO - Filling up the DagBag from /home/airflow/.local/lib/python3.12/site-packages/airflow/example_dags/example_latest_only.py
[2025-04-21T18:35:56.270+0000] {processor.py:840} INFO - DAG(s) 'latest_only' retrieved from /home/airflow/.local/lib/python3.12/site-packages/airflow/example_dags/example_latest_only.py
[2025-04-21T18:35:56.284+0000] {logging_mixin.py:188} INFO - [2025-04-21T18:35:56.284+0000] {dag.py:3096} INFO - Sync 1 DAGs
[2025-04-21T18:35:56.298+0000] {logging_mixin.py:188} INFO - [2025-04-21T18:35:56.297+0000] {dag.py:3954} INFO - Setting next_dagrun for latest_only to 2025-04-21 12:00:00+00:00, run_after=2025-04-21 16:00:00+00:00
[2025-04-21T18:35:56.308+0000] {processor.py:183} INFO - Processing /home/airflow/.local/lib/python3.12/site-packages/airflow/example_dags/example_latest_only.py took 0.048 seconds
[2025-04-21T18:41:09.097+0000] {processor.py:161} INFO - Started process (PID=93447) to work on /home/airflow/.local/lib/python3.12/site-packages/airflow/example_dags/example_latest_only.py
[2025-04-21T18:41:09.098+0000] {processor.py:830} INFO - Processing file /home/airflow/.local/lib/python3.12/site-packages/airflow/example_dags/example_latest_only.py for tasks to queue
[2025-04-21T18:41:09.099+0000] {logging_mixin.py:188} INFO - [2025-04-21T18:41:09.099+0000] {dagbag.py:545} INFO - Filling up the DagBag from /home/airflow/.local/lib/python3.12/site-packages/airflow/example_dags/example_latest_only.py
[2025-04-21T18:41:09.102+0000] {processor.py:840} INFO - DAG(s) 'latest_only' retrieved from /home/airflow/.local/lib/python3.12/site-packages/airflow/example_dags/example_latest_only.py
[2025-04-21T18:41:09.114+0000] {logging_mixin.py:188} INFO - [2025-04-21T18:41:09.113+0000] {dag.py:3096} INFO - Sync 1 DAGs
[2025-04-21T18:41:09.129+0000] {logging_mixin.py:188} INFO - [2025-04-21T18:41:09.128+0000] {dag.py:3954} INFO - Setting next_dagrun for latest_only to 2025-04-21 12:00:00+00:00, run_after=2025-04-21 16:00:00+00:00
[2025-04-21T18:41:09.142+0000] {processor.py:183} INFO - Processing /home/airflow/.local/lib/python3.12/site-packages/airflow/example_dags/example_latest_only.py took 0.047 seconds
[2025-04-21T18:41:39.705+0000] {processor.py:161} INFO - Started process (PID=93505) to work on /home/airflow/.local/lib/python3.12/site-packages/airflow/example_dags/example_latest_only.py
[2025-04-21T18:41:39.706+0000] {processor.py:830} INFO - Processing file /home/airflow/.local/lib/python3.12/site-packages/airflow/example_dags/example_latest_only.py for tasks to queue
[2025-04-21T18:41:39.711+0000] {logging_mixin.py:188} INFO - [2025-04-21T18:41:39.711+0000] {dagbag.py:545} INFO - Filling up the DagBag from /home/airflow/.local/lib/python3.12/site-packages/airflow/example_dags/example_latest_only.py
[2025-04-21T18:41:39.719+0000] {processor.py:840} INFO - DAG(s) 'latest_only' retrieved from /home/airflow/.local/lib/python3.12/site-packages/airflow/example_dags/example_latest_only.py
[2025-04-21T18:41:39.747+0000] {logging_mixin.py:188} INFO - [2025-04-21T18:41:39.747+0000] {dag.py:3096} INFO - Sync 1 DAGs
[2025-04-21T18:41:39.946+0000] {logging_mixin.py:188} INFO - [2025-04-21T18:41:39.946+0000] {dag.py:3954} INFO - Setting next_dagrun for latest_only to 2025-04-21 12:00:00+00:00, run_after=2025-04-21 16:00:00+00:00
[2025-04-21T18:41:39.958+0000] {processor.py:183} INFO - Processing /home/airflow/.local/lib/python3.12/site-packages/airflow/example_dags/example_latest_only.py took 0.263 seconds
[2025-04-21T18:46:51.637+0000] {processor.py:161} INFO - Started process (PID=93567) to work on /home/airflow/.local/lib/python3.12/site-packages/airflow/example_dags/example_latest_only.py
[2025-04-21T18:46:51.637+0000] {processor.py:830} INFO - Processing file /home/airflow/.local/lib/python3.12/site-packages/airflow/example_dags/example_latest_only.py for tasks to queue
[2025-04-21T18:46:51.638+0000] {logging_mixin.py:188} INFO - [2025-04-21T18:46:51.638+0000] {dagbag.py:545} INFO - Filling up the DagBag from /home/airflow/.local/lib/python3.12/site-packages/airflow/example_dags/example_latest_only.py
[2025-04-21T18:46:51.642+0000] {processor.py:840} INFO - DAG(s) 'latest_only' retrieved from /home/airflow/.local/lib/python3.12/site-packages/airflow/example_dags/example_latest_only.py
[2025-04-21T18:46:51.655+0000] {logging_mixin.py:188} INFO - [2025-04-21T18:46:51.655+0000] {dag.py:3096} INFO - Sync 1 DAGs
[2025-04-21T18:46:51.771+0000] {logging_mixin.py:188} INFO - [2025-04-21T18:46:51.771+0000] {dag.py:3954} INFO - Setting next_dagrun for latest_only to 2025-04-21 12:00:00+00:00, run_after=2025-04-21 16:00:00+00:00
[2025-04-21T18:46:51.780+0000] {processor.py:183} INFO - Processing /home/airflow/.local/lib/python3.12/site-packages/airflow/example_dags/example_latest_only.py took 0.146 seconds
[2025-04-21T18:52:04.754+0000] {processor.py:161} INFO - Started process (PID=93627) to work on /home/airflow/.local/lib/python3.12/site-packages/airflow/example_dags/example_latest_only.py
[2025-04-21T18:52:04.755+0000] {processor.py:830} INFO - Processing file /home/airflow/.local/lib/python3.12/site-packages/airflow/example_dags/example_latest_only.py for tasks to queue
[2025-04-21T18:52:04.756+0000] {logging_mixin.py:188} INFO - [2025-04-21T18:52:04.756+0000] {dagbag.py:545} INFO - Filling up the DagBag from /home/airflow/.local/lib/python3.12/site-packages/airflow/example_dags/example_latest_only.py
[2025-04-21T18:52:04.759+0000] {processor.py:840} INFO - DAG(s) 'latest_only' retrieved from /home/airflow/.local/lib/python3.12/site-packages/airflow/example_dags/example_latest_only.py
[2025-04-21T18:52:04.770+0000] {logging_mixin.py:188} INFO - [2025-04-21T18:52:04.770+0000] {dag.py:3096} INFO - Sync 1 DAGs
[2025-04-21T18:52:04.781+0000] {logging_mixin.py:188} INFO - [2025-04-21T18:52:04.781+0000] {dag.py:3954} INFO - Setting next_dagrun for latest_only to 2025-04-21 12:00:00+00:00, run_after=2025-04-21 16:00:00+00:00
[2025-04-21T18:52:04.902+0000] {processor.py:183} INFO - Processing /home/airflow/.local/lib/python3.12/site-packages/airflow/example_dags/example_latest_only.py took 0.151 seconds
[2025-04-21T18:52:35.667+0000] {processor.py:161} INFO - Started process (PID=93685) to work on /home/airflow/.local/lib/python3.12/site-packages/airflow/example_dags/example_latest_only.py
[2025-04-21T18:52:35.670+0000] {processor.py:830} INFO - Processing file /home/airflow/.local/lib/python3.12/site-packages/airflow/example_dags/example_latest_only.py for tasks to queue
[2025-04-21T18:52:35.673+0000] {logging_mixin.py:188} INFO - [2025-04-21T18:52:35.673+0000] {dagbag.py:545} INFO - Filling up the DagBag from /home/airflow/.local/lib/python3.12/site-packages/airflow/example_dags/example_latest_only.py
[2025-04-21T18:52:35.683+0000] {processor.py:840} INFO - DAG(s) 'latest_only' retrieved from /home/airflow/.local/lib/python3.12/site-packages/airflow/example_dags/example_latest_only.py
[2025-04-21T18:52:35.706+0000] {logging_mixin.py:188} INFO - [2025-04-21T18:52:35.706+0000] {dag.py:3096} INFO - Sync 1 DAGs
[2025-04-21T18:52:35.722+0000] {logging_mixin.py:188} INFO - [2025-04-21T18:52:35.722+0000] {dag.py:3954} INFO - Setting next_dagrun for latest_only to 2025-04-21 12:00:00+00:00, run_after=2025-04-21 16:00:00+00:00
[2025-04-21T18:52:35.735+0000] {processor.py:183} INFO - Processing /home/airflow/.local/lib/python3.12/site-packages/airflow/example_dags/example_latest_only.py took 0.075 seconds
[2025-04-21T18:57:48.130+0000] {processor.py:161} INFO - Started process (PID=93747) to work on /home/airflow/.local/lib/python3.12/site-packages/airflow/example_dags/example_latest_only.py
[2025-04-21T18:57:48.131+0000] {processor.py:830} INFO - Processing file /home/airflow/.local/lib/python3.12/site-packages/airflow/example_dags/example_latest_only.py for tasks to queue
[2025-04-21T18:57:48.132+0000] {logging_mixin.py:188} INFO - [2025-04-21T18:57:48.131+0000] {dagbag.py:545} INFO - Filling up the DagBag from /home/airflow/.local/lib/python3.12/site-packages/airflow/example_dags/example_latest_only.py
[2025-04-21T18:57:48.134+0000] {processor.py:840} INFO - DAG(s) 'latest_only' retrieved from /home/airflow/.local/lib/python3.12/site-packages/airflow/example_dags/example_latest_only.py
[2025-04-21T18:57:48.149+0000] {logging_mixin.py:188} INFO - [2025-04-21T18:57:48.149+0000] {dag.py:3096} INFO - Sync 1 DAGs
[2025-04-21T18:57:48.163+0000] {logging_mixin.py:188} INFO - [2025-04-21T18:57:48.163+0000] {dag.py:3954} INFO - Setting next_dagrun for latest_only to 2025-04-21 12:00:00+00:00, run_after=2025-04-21 16:00:00+00:00
[2025-04-21T18:57:48.173+0000] {processor.py:183} INFO - Processing /home/airflow/.local/lib/python3.12/site-packages/airflow/example_dags/example_latest_only.py took 0.046 seconds
[2025-04-21T20:03:23.082+0000] {processor.py:161} INFO - Started process (PID=93807) to work on /home/airflow/.local/lib/python3.12/site-packages/airflow/example_dags/example_latest_only.py
[2025-04-21T20:03:23.082+0000] {processor.py:830} INFO - Processing file /home/airflow/.local/lib/python3.12/site-packages/airflow/example_dags/example_latest_only.py for tasks to queue
[2025-04-21T20:03:23.083+0000] {logging_mixin.py:188} INFO - [2025-04-21T20:03:23.083+0000] {dagbag.py:545} INFO - Filling up the DagBag from /home/airflow/.local/lib/python3.12/site-packages/airflow/example_dags/example_latest_only.py
[2025-04-21T20:03:23.086+0000] {processor.py:840} INFO - DAG(s) 'latest_only' retrieved from /home/airflow/.local/lib/python3.12/site-packages/airflow/example_dags/example_latest_only.py
[2025-04-21T20:03:23.100+0000] {logging_mixin.py:188} INFO - [2025-04-21T20:03:23.099+0000] {dag.py:3096} INFO - Sync 1 DAGs
[2025-04-21T20:03:23.112+0000] {logging_mixin.py:188} INFO - [2025-04-21T20:03:23.112+0000] {dag.py:3954} INFO - Setting next_dagrun for latest_only to 2025-04-21 16:00:00+00:00, run_after=2025-04-21 20:00:00+00:00
[2025-04-21T20:03:23.123+0000] {processor.py:183} INFO - Processing /home/airflow/.local/lib/python3.12/site-packages/airflow/example_dags/example_latest_only.py took 0.045 seconds
[2025-04-21T20:15:52.569+0000] {processor.py:161} INFO - Started process (PID=93867) to work on /home/airflow/.local/lib/python3.12/site-packages/airflow/example_dags/example_latest_only.py
[2025-04-21T20:15:52.570+0000] {processor.py:830} INFO - Processing file /home/airflow/.local/lib/python3.12/site-packages/airflow/example_dags/example_latest_only.py for tasks to queue
[2025-04-21T20:15:52.571+0000] {logging_mixin.py:188} INFO - [2025-04-21T20:15:52.571+0000] {dagbag.py:545} INFO - Filling up the DagBag from /home/airflow/.local/lib/python3.12/site-packages/airflow/example_dags/example_latest_only.py
[2025-04-21T20:15:52.574+0000] {processor.py:840} INFO - DAG(s) 'latest_only' retrieved from /home/airflow/.local/lib/python3.12/site-packages/airflow/example_dags/example_latest_only.py
[2025-04-21T20:15:52.595+0000] {logging_mixin.py:188} INFO - [2025-04-21T20:15:52.594+0000] {dag.py:3096} INFO - Sync 1 DAGs
[2025-04-21T20:15:52.609+0000] {logging_mixin.py:188} INFO - [2025-04-21T20:15:52.609+0000] {dag.py:3954} INFO - Setting next_dagrun for latest_only to 2025-04-21 16:00:00+00:00, run_after=2025-04-21 20:00:00+00:00
[2025-04-21T20:15:52.619+0000] {processor.py:183} INFO - Processing /home/airflow/.local/lib/python3.12/site-packages/airflow/example_dags/example_latest_only.py took 0.055 seconds
[2025-04-21T20:21:05.924+0000] {processor.py:161} INFO - Started process (PID=93927) to work on /home/airflow/.local/lib/python3.12/site-packages/airflow/example_dags/example_latest_only.py
[2025-04-21T20:21:05.924+0000] {processor.py:830} INFO - Processing file /home/airflow/.local/lib/python3.12/site-packages/airflow/example_dags/example_latest_only.py for tasks to queue
[2025-04-21T20:21:05.925+0000] {logging_mixin.py:188} INFO - [2025-04-21T20:21:05.925+0000] {dagbag.py:545} INFO - Filling up the DagBag from /home/airflow/.local/lib/python3.12/site-packages/airflow/example_dags/example_latest_only.py
[2025-04-21T20:21:05.929+0000] {processor.py:840} INFO - DAG(s) 'latest_only' retrieved from /home/airflow/.local/lib/python3.12/site-packages/airflow/example_dags/example_latest_only.py
[2025-04-21T20:21:05.940+0000] {logging_mixin.py:188} INFO - [2025-04-21T20:21:05.940+0000] {dag.py:3096} INFO - Sync 1 DAGs
[2025-04-21T20:21:05.954+0000] {logging_mixin.py:188} INFO - [2025-04-21T20:21:05.953+0000] {dag.py:3954} INFO - Setting next_dagrun for latest_only to 2025-04-21 16:00:00+00:00, run_after=2025-04-21 20:00:00+00:00
[2025-04-21T20:21:05.967+0000] {processor.py:183} INFO - Processing /home/airflow/.local/lib/python3.12/site-packages/airflow/example_dags/example_latest_only.py took 0.046 seconds
[2025-04-21T20:22:20.046+0000] {processor.py:161} INFO - Started process (PID=93987) to work on /home/airflow/.local/lib/python3.12/site-packages/airflow/example_dags/example_latest_only.py
[2025-04-21T20:22:20.046+0000] {processor.py:830} INFO - Processing file /home/airflow/.local/lib/python3.12/site-packages/airflow/example_dags/example_latest_only.py for tasks to queue
[2025-04-21T20:22:20.047+0000] {logging_mixin.py:188} INFO - [2025-04-21T20:22:20.047+0000] {dagbag.py:545} INFO - Filling up the DagBag from /home/airflow/.local/lib/python3.12/site-packages/airflow/example_dags/example_latest_only.py
[2025-04-21T20:22:20.050+0000] {processor.py:840} INFO - DAG(s) 'latest_only' retrieved from /home/airflow/.local/lib/python3.12/site-packages/airflow/example_dags/example_latest_only.py
[2025-04-21T20:22:20.069+0000] {logging_mixin.py:188} INFO - [2025-04-21T20:22:20.069+0000] {dag.py:3096} INFO - Sync 1 DAGs
[2025-04-21T20:22:20.083+0000] {logging_mixin.py:188} INFO - [2025-04-21T20:22:20.083+0000] {dag.py:3954} INFO - Setting next_dagrun for latest_only to 2025-04-21 16:00:00+00:00, run_after=2025-04-21 20:00:00+00:00
[2025-04-21T20:22:20.098+0000] {processor.py:183} INFO - Processing /home/airflow/.local/lib/python3.12/site-packages/airflow/example_dags/example_latest_only.py took 0.056 seconds
[2025-04-21T20:27:33.522+0000] {processor.py:161} INFO - Started process (PID=94047) to work on /home/airflow/.local/lib/python3.12/site-packages/airflow/example_dags/example_latest_only.py
[2025-04-21T20:27:33.523+0000] {processor.py:830} INFO - Processing file /home/airflow/.local/lib/python3.12/site-packages/airflow/example_dags/example_latest_only.py for tasks to queue
[2025-04-21T20:27:33.524+0000] {logging_mixin.py:188} INFO - [2025-04-21T20:27:33.523+0000] {dagbag.py:545} INFO - Filling up the DagBag from /home/airflow/.local/lib/python3.12/site-packages/airflow/example_dags/example_latest_only.py
[2025-04-21T20:27:33.527+0000] {processor.py:840} INFO - DAG(s) 'latest_only' retrieved from /home/airflow/.local/lib/python3.12/site-packages/airflow/example_dags/example_latest_only.py
[2025-04-21T20:27:33.540+0000] {logging_mixin.py:188} INFO - [2025-04-21T20:27:33.540+0000] {dag.py:3096} INFO - Sync 1 DAGs
[2025-04-21T20:27:33.553+0000] {logging_mixin.py:188} INFO - [2025-04-21T20:27:33.553+0000] {dag.py:3954} INFO - Setting next_dagrun for latest_only to 2025-04-21 16:00:00+00:00, run_after=2025-04-21 20:00:00+00:00
[2025-04-21T20:27:33.562+0000] {processor.py:183} INFO - Processing /home/airflow/.local/lib/python3.12/site-packages/airflow/example_dags/example_latest_only.py took 0.043 seconds
[2025-04-21T20:29:30.913+0000] {processor.py:161} INFO - Started process (PID=94107) to work on /home/airflow/.local/lib/python3.12/site-packages/airflow/example_dags/example_latest_only.py
[2025-04-21T20:29:30.914+0000] {processor.py:830} INFO - Processing file /home/airflow/.local/lib/python3.12/site-packages/airflow/example_dags/example_latest_only.py for tasks to queue
[2025-04-21T20:29:30.915+0000] {logging_mixin.py:188} INFO - [2025-04-21T20:29:30.915+0000] {dagbag.py:545} INFO - Filling up the DagBag from /home/airflow/.local/lib/python3.12/site-packages/airflow/example_dags/example_latest_only.py
[2025-04-21T20:29:30.918+0000] {processor.py:840} INFO - DAG(s) 'latest_only' retrieved from /home/airflow/.local/lib/python3.12/site-packages/airflow/example_dags/example_latest_only.py
[2025-04-21T20:29:30.930+0000] {logging_mixin.py:188} INFO - [2025-04-21T20:29:30.930+0000] {dag.py:3096} INFO - Sync 1 DAGs
[2025-04-21T20:29:30.942+0000] {logging_mixin.py:188} INFO - [2025-04-21T20:29:30.942+0000] {dag.py:3954} INFO - Setting next_dagrun for latest_only to 2025-04-21 16:00:00+00:00, run_after=2025-04-21 20:00:00+00:00
[2025-04-21T20:29:30.951+0000] {processor.py:183} INFO - Processing /home/airflow/.local/lib/python3.12/site-packages/airflow/example_dags/example_latest_only.py took 0.041 seconds
[2025-04-21T20:30:50.306+0000] {processor.py:161} INFO - Started process (PID=94167) to work on /home/airflow/.local/lib/python3.12/site-packages/airflow/example_dags/example_latest_only.py
[2025-04-21T20:30:50.306+0000] {processor.py:830} INFO - Processing file /home/airflow/.local/lib/python3.12/site-packages/airflow/example_dags/example_latest_only.py for tasks to queue
[2025-04-21T20:30:50.307+0000] {logging_mixin.py:188} INFO - [2025-04-21T20:30:50.307+0000] {dagbag.py:545} INFO - Filling up the DagBag from /home/airflow/.local/lib/python3.12/site-packages/airflow/example_dags/example_latest_only.py
[2025-04-21T20:30:50.310+0000] {processor.py:840} INFO - DAG(s) 'latest_only' retrieved from /home/airflow/.local/lib/python3.12/site-packages/airflow/example_dags/example_latest_only.py
[2025-04-21T20:30:50.322+0000] {logging_mixin.py:188} INFO - [2025-04-21T20:30:50.322+0000] {dag.py:3096} INFO - Sync 1 DAGs
[2025-04-21T20:30:50.337+0000] {logging_mixin.py:188} INFO - [2025-04-21T20:30:50.337+0000] {dag.py:3954} INFO - Setting next_dagrun for latest_only to 2025-04-21 16:00:00+00:00, run_after=2025-04-21 20:00:00+00:00
[2025-04-21T20:30:50.348+0000] {processor.py:183} INFO - Processing /home/airflow/.local/lib/python3.12/site-packages/airflow/example_dags/example_latest_only.py took 0.046 seconds
[2025-04-21T20:31:31.634+0000] {processor.py:161} INFO - Started process (PID=94227) to work on /home/airflow/.local/lib/python3.12/site-packages/airflow/example_dags/example_latest_only.py
[2025-04-21T20:31:31.636+0000] {processor.py:830} INFO - Processing file /home/airflow/.local/lib/python3.12/site-packages/airflow/example_dags/example_latest_only.py for tasks to queue
[2025-04-21T20:31:31.638+0000] {logging_mixin.py:188} INFO - [2025-04-21T20:31:31.638+0000] {dagbag.py:545} INFO - Filling up the DagBag from /home/airflow/.local/lib/python3.12/site-packages/airflow/example_dags/example_latest_only.py
[2025-04-21T20:31:31.641+0000] {processor.py:840} INFO - DAG(s) 'latest_only' retrieved from /home/airflow/.local/lib/python3.12/site-packages/airflow/example_dags/example_latest_only.py
[2025-04-21T20:31:31.654+0000] {logging_mixin.py:188} INFO - [2025-04-21T20:31:31.654+0000] {dag.py:3096} INFO - Sync 1 DAGs
[2025-04-21T20:31:31.669+0000] {logging_mixin.py:188} INFO - [2025-04-21T20:31:31.669+0000] {dag.py:3954} INFO - Setting next_dagrun for latest_only to 2025-04-21 16:00:00+00:00, run_after=2025-04-21 20:00:00+00:00
[2025-04-21T20:31:31.679+0000] {processor.py:183} INFO - Processing /home/airflow/.local/lib/python3.12/site-packages/airflow/example_dags/example_latest_only.py took 0.049 seconds
[2025-04-21T20:32:06.880+0000] {processor.py:161} INFO - Started process (PID=94287) to work on /home/airflow/.local/lib/python3.12/site-packages/airflow/example_dags/example_latest_only.py
[2025-04-21T20:32:06.881+0000] {processor.py:830} INFO - Processing file /home/airflow/.local/lib/python3.12/site-packages/airflow/example_dags/example_latest_only.py for tasks to queue
[2025-04-21T20:32:06.882+0000] {logging_mixin.py:188} INFO - [2025-04-21T20:32:06.882+0000] {dagbag.py:545} INFO - Filling up the DagBag from /home/airflow/.local/lib/python3.12/site-packages/airflow/example_dags/example_latest_only.py
[2025-04-21T20:32:06.885+0000] {processor.py:840} INFO - DAG(s) 'latest_only' retrieved from /home/airflow/.local/lib/python3.12/site-packages/airflow/example_dags/example_latest_only.py
[2025-04-21T20:32:06.899+0000] {logging_mixin.py:188} INFO - [2025-04-21T20:32:06.898+0000] {dag.py:3096} INFO - Sync 1 DAGs
[2025-04-21T20:32:06.913+0000] {logging_mixin.py:188} INFO - [2025-04-21T20:32:06.913+0000] {dag.py:3954} INFO - Setting next_dagrun for latest_only to 2025-04-21 16:00:00+00:00, run_after=2025-04-21 20:00:00+00:00
[2025-04-21T20:32:06.923+0000] {processor.py:183} INFO - Processing /home/airflow/.local/lib/python3.12/site-packages/airflow/example_dags/example_latest_only.py took 0.046 seconds
[2025-04-21T20:33:31.662+0000] {processor.py:161} INFO - Started process (PID=94347) to work on /home/airflow/.local/lib/python3.12/site-packages/airflow/example_dags/example_latest_only.py
[2025-04-21T20:33:31.662+0000] {processor.py:830} INFO - Processing file /home/airflow/.local/lib/python3.12/site-packages/airflow/example_dags/example_latest_only.py for tasks to queue
[2025-04-21T20:33:31.663+0000] {logging_mixin.py:188} INFO - [2025-04-21T20:33:31.663+0000] {dagbag.py:545} INFO - Filling up the DagBag from /home/airflow/.local/lib/python3.12/site-packages/airflow/example_dags/example_latest_only.py
[2025-04-21T20:33:31.666+0000] {processor.py:840} INFO - DAG(s) 'latest_only' retrieved from /home/airflow/.local/lib/python3.12/site-packages/airflow/example_dags/example_latest_only.py
[2025-04-21T20:33:31.680+0000] {logging_mixin.py:188} INFO - [2025-04-21T20:33:31.680+0000] {dag.py:3096} INFO - Sync 1 DAGs
[2025-04-21T20:33:31.692+0000] {logging_mixin.py:188} INFO - [2025-04-21T20:33:31.692+0000] {dag.py:3954} INFO - Setting next_dagrun for latest_only to 2025-04-21 16:00:00+00:00, run_after=2025-04-21 20:00:00+00:00
[2025-04-21T20:33:31.708+0000] {processor.py:183} INFO - Processing /home/airflow/.local/lib/python3.12/site-packages/airflow/example_dags/example_latest_only.py took 0.050 seconds
[2025-04-21T20:34:53.641+0000] {processor.py:161} INFO - Started process (PID=94407) to work on /home/airflow/.local/lib/python3.12/site-packages/airflow/example_dags/example_latest_only.py
[2025-04-21T20:34:53.642+0000] {processor.py:830} INFO - Processing file /home/airflow/.local/lib/python3.12/site-packages/airflow/example_dags/example_latest_only.py for tasks to queue
[2025-04-21T20:34:53.643+0000] {logging_mixin.py:188} INFO - [2025-04-21T20:34:53.643+0000] {dagbag.py:545} INFO - Filling up the DagBag from /home/airflow/.local/lib/python3.12/site-packages/airflow/example_dags/example_latest_only.py
[2025-04-21T20:34:53.647+0000] {processor.py:840} INFO - DAG(s) 'latest_only' retrieved from /home/airflow/.local/lib/python3.12/site-packages/airflow/example_dags/example_latest_only.py
[2025-04-21T20:34:53.665+0000] {logging_mixin.py:188} INFO - [2025-04-21T20:34:53.665+0000] {dag.py:3096} INFO - Sync 1 DAGs
[2025-04-21T20:34:53.678+0000] {logging_mixin.py:188} INFO - [2025-04-21T20:34:53.678+0000] {dag.py:3954} INFO - Setting next_dagrun for latest_only to 2025-04-21 16:00:00+00:00, run_after=2025-04-21 20:00:00+00:00
[2025-04-21T20:34:53.689+0000] {processor.py:183} INFO - Processing /home/airflow/.local/lib/python3.12/site-packages/airflow/example_dags/example_latest_only.py took 0.051 seconds
[2025-04-21T20:36:07.317+0000] {processor.py:161} INFO - Started process (PID=94467) to work on /home/airflow/.local/lib/python3.12/site-packages/airflow/example_dags/example_latest_only.py
[2025-04-21T20:36:07.320+0000] {processor.py:830} INFO - Processing file /home/airflow/.local/lib/python3.12/site-packages/airflow/example_dags/example_latest_only.py for tasks to queue
[2025-04-21T20:36:07.321+0000] {logging_mixin.py:188} INFO - [2025-04-21T20:36:07.320+0000] {dagbag.py:545} INFO - Filling up the DagBag from /home/airflow/.local/lib/python3.12/site-packages/airflow/example_dags/example_latest_only.py
[2025-04-21T20:36:07.324+0000] {processor.py:840} INFO - DAG(s) 'latest_only' retrieved from /home/airflow/.local/lib/python3.12/site-packages/airflow/example_dags/example_latest_only.py
[2025-04-21T20:36:07.345+0000] {logging_mixin.py:188} INFO - [2025-04-21T20:36:07.344+0000] {dag.py:3096} INFO - Sync 1 DAGs
[2025-04-21T20:36:07.358+0000] {logging_mixin.py:188} INFO - [2025-04-21T20:36:07.357+0000] {dag.py:3954} INFO - Setting next_dagrun for latest_only to 2025-04-21 16:00:00+00:00, run_after=2025-04-21 20:00:00+00:00
[2025-04-21T20:36:07.370+0000] {processor.py:183} INFO - Processing /home/airflow/.local/lib/python3.12/site-packages/airflow/example_dags/example_latest_only.py took 0.056 seconds
[2025-04-21T20:37:28.359+0000] {processor.py:161} INFO - Started process (PID=94527) to work on /home/airflow/.local/lib/python3.12/site-packages/airflow/example_dags/example_latest_only.py
[2025-04-21T20:37:28.360+0000] {processor.py:830} INFO - Processing file /home/airflow/.local/lib/python3.12/site-packages/airflow/example_dags/example_latest_only.py for tasks to queue
[2025-04-21T20:37:28.361+0000] {logging_mixin.py:188} INFO - [2025-04-21T20:37:28.361+0000] {dagbag.py:545} INFO - Filling up the DagBag from /home/airflow/.local/lib/python3.12/site-packages/airflow/example_dags/example_latest_only.py
[2025-04-21T20:37:28.363+0000] {processor.py:840} INFO - DAG(s) 'latest_only' retrieved from /home/airflow/.local/lib/python3.12/site-packages/airflow/example_dags/example_latest_only.py
[2025-04-21T20:37:28.375+0000] {logging_mixin.py:188} INFO - [2025-04-21T20:37:28.375+0000] {dag.py:3096} INFO - Sync 1 DAGs
[2025-04-21T20:37:28.394+0000] {logging_mixin.py:188} INFO - [2025-04-21T20:37:28.394+0000] {dag.py:3954} INFO - Setting next_dagrun for latest_only to 2025-04-21 16:00:00+00:00, run_after=2025-04-21 20:00:00+00:00
[2025-04-21T20:37:28.407+0000] {processor.py:183} INFO - Processing /home/airflow/.local/lib/python3.12/site-packages/airflow/example_dags/example_latest_only.py took 0.051 seconds
[2025-04-21T20:40:15.450+0000] {processor.py:161} INFO - Started process (PID=94587) to work on /home/airflow/.local/lib/python3.12/site-packages/airflow/example_dags/example_latest_only.py
[2025-04-21T20:40:15.453+0000] {processor.py:830} INFO - Processing file /home/airflow/.local/lib/python3.12/site-packages/airflow/example_dags/example_latest_only.py for tasks to queue
[2025-04-21T20:40:15.455+0000] {logging_mixin.py:188} INFO - [2025-04-21T20:40:15.455+0000] {dagbag.py:545} INFO - Filling up the DagBag from /home/airflow/.local/lib/python3.12/site-packages/airflow/example_dags/example_latest_only.py
[2025-04-21T20:40:15.460+0000] {processor.py:840} INFO - DAG(s) 'latest_only' retrieved from /home/airflow/.local/lib/python3.12/site-packages/airflow/example_dags/example_latest_only.py
[2025-04-21T20:40:15.474+0000] {logging_mixin.py:188} INFO - [2025-04-21T20:40:15.474+0000] {dag.py:3096} INFO - Sync 1 DAGs
[2025-04-21T20:40:15.489+0000] {logging_mixin.py:188} INFO - [2025-04-21T20:40:15.489+0000] {dag.py:3954} INFO - Setting next_dagrun for latest_only to 2025-04-21 16:00:00+00:00, run_after=2025-04-21 20:00:00+00:00
[2025-04-21T20:40:15.498+0000] {processor.py:183} INFO - Processing /home/airflow/.local/lib/python3.12/site-packages/airflow/example_dags/example_latest_only.py took 0.053 seconds
[2025-04-21T20:41:05.395+0000] {processor.py:161} INFO - Started process (PID=94647) to work on /home/airflow/.local/lib/python3.12/site-packages/airflow/example_dags/example_latest_only.py
[2025-04-21T20:41:05.396+0000] {processor.py:830} INFO - Processing file /home/airflow/.local/lib/python3.12/site-packages/airflow/example_dags/example_latest_only.py for tasks to queue
[2025-04-21T20:41:05.397+0000] {logging_mixin.py:188} INFO - [2025-04-21T20:41:05.397+0000] {dagbag.py:545} INFO - Filling up the DagBag from /home/airflow/.local/lib/python3.12/site-packages/airflow/example_dags/example_latest_only.py
[2025-04-21T20:41:05.400+0000] {processor.py:840} INFO - DAG(s) 'latest_only' retrieved from /home/airflow/.local/lib/python3.12/site-packages/airflow/example_dags/example_latest_only.py
[2025-04-21T20:41:05.412+0000] {logging_mixin.py:188} INFO - [2025-04-21T20:41:05.412+0000] {dag.py:3096} INFO - Sync 1 DAGs
[2025-04-21T20:41:05.425+0000] {logging_mixin.py:188} INFO - [2025-04-21T20:41:05.425+0000] {dag.py:3954} INFO - Setting next_dagrun for latest_only to 2025-04-21 16:00:00+00:00, run_after=2025-04-21 20:00:00+00:00
[2025-04-21T20:41:05.435+0000] {processor.py:183} INFO - Processing /home/airflow/.local/lib/python3.12/site-packages/airflow/example_dags/example_latest_only.py took 0.043 seconds
[2025-04-21T20:41:48.151+0000] {processor.py:161} INFO - Started process (PID=94707) to work on /home/airflow/.local/lib/python3.12/site-packages/airflow/example_dags/example_latest_only.py
[2025-04-21T20:41:48.152+0000] {processor.py:830} INFO - Processing file /home/airflow/.local/lib/python3.12/site-packages/airflow/example_dags/example_latest_only.py for tasks to queue
[2025-04-21T20:41:48.153+0000] {logging_mixin.py:188} INFO - [2025-04-21T20:41:48.152+0000] {dagbag.py:545} INFO - Filling up the DagBag from /home/airflow/.local/lib/python3.12/site-packages/airflow/example_dags/example_latest_only.py
[2025-04-21T20:41:48.156+0000] {processor.py:840} INFO - DAG(s) 'latest_only' retrieved from /home/airflow/.local/lib/python3.12/site-packages/airflow/example_dags/example_latest_only.py
[2025-04-21T20:41:48.171+0000] {logging_mixin.py:188} INFO - [2025-04-21T20:41:48.171+0000] {dag.py:3096} INFO - Sync 1 DAGs
[2025-04-21T20:41:48.184+0000] {logging_mixin.py:188} INFO - [2025-04-21T20:41:48.184+0000] {dag.py:3954} INFO - Setting next_dagrun for latest_only to 2025-04-21 16:00:00+00:00, run_after=2025-04-21 20:00:00+00:00
[2025-04-21T20:41:48.195+0000] {processor.py:183} INFO - Processing /home/airflow/.local/lib/python3.12/site-packages/airflow/example_dags/example_latest_only.py took 0.048 seconds
[2025-04-21T20:42:33.289+0000] {processor.py:161} INFO - Started process (PID=94767) to work on /home/airflow/.local/lib/python3.12/site-packages/airflow/example_dags/example_latest_only.py
[2025-04-21T20:42:33.290+0000] {processor.py:830} INFO - Processing file /home/airflow/.local/lib/python3.12/site-packages/airflow/example_dags/example_latest_only.py for tasks to queue
[2025-04-21T20:42:33.291+0000] {logging_mixin.py:188} INFO - [2025-04-21T20:42:33.291+0000] {dagbag.py:545} INFO - Filling up the DagBag from /home/airflow/.local/lib/python3.12/site-packages/airflow/example_dags/example_latest_only.py
[2025-04-21T20:42:33.294+0000] {processor.py:840} INFO - DAG(s) 'latest_only' retrieved from /home/airflow/.local/lib/python3.12/site-packages/airflow/example_dags/example_latest_only.py
[2025-04-21T20:42:33.308+0000] {logging_mixin.py:188} INFO - [2025-04-21T20:42:33.308+0000] {dag.py:3096} INFO - Sync 1 DAGs
[2025-04-21T20:42:33.321+0000] {logging_mixin.py:188} INFO - [2025-04-21T20:42:33.321+0000] {dag.py:3954} INFO - Setting next_dagrun for latest_only to 2025-04-21 16:00:00+00:00, run_after=2025-04-21 20:00:00+00:00
[2025-04-21T20:42:33.331+0000] {processor.py:183} INFO - Processing /home/airflow/.local/lib/python3.12/site-packages/airflow/example_dags/example_latest_only.py took 0.045 seconds
[2025-04-21T20:43:35.845+0000] {processor.py:161} INFO - Started process (PID=94827) to work on /home/airflow/.local/lib/python3.12/site-packages/airflow/example_dags/example_latest_only.py
[2025-04-21T20:43:35.845+0000] {processor.py:830} INFO - Processing file /home/airflow/.local/lib/python3.12/site-packages/airflow/example_dags/example_latest_only.py for tasks to queue
[2025-04-21T20:43:35.846+0000] {logging_mixin.py:188} INFO - [2025-04-21T20:43:35.846+0000] {dagbag.py:545} INFO - Filling up the DagBag from /home/airflow/.local/lib/python3.12/site-packages/airflow/example_dags/example_latest_only.py
[2025-04-21T20:43:35.848+0000] {processor.py:840} INFO - DAG(s) 'latest_only' retrieved from /home/airflow/.local/lib/python3.12/site-packages/airflow/example_dags/example_latest_only.py
[2025-04-21T20:43:35.861+0000] {logging_mixin.py:188} INFO - [2025-04-21T20:43:35.861+0000] {dag.py:3096} INFO - Sync 1 DAGs
[2025-04-21T20:43:35.873+0000] {logging_mixin.py:188} INFO - [2025-04-21T20:43:35.873+0000] {dag.py:3954} INFO - Setting next_dagrun for latest_only to 2025-04-21 16:00:00+00:00, run_after=2025-04-21 20:00:00+00:00
[2025-04-21T20:43:35.884+0000] {processor.py:183} INFO - Processing /home/airflow/.local/lib/python3.12/site-packages/airflow/example_dags/example_latest_only.py took 0.043 seconds
[2025-04-21T20:44:40.203+0000] {processor.py:161} INFO - Started process (PID=94887) to work on /home/airflow/.local/lib/python3.12/site-packages/airflow/example_dags/example_latest_only.py
[2025-04-21T20:44:40.204+0000] {processor.py:830} INFO - Processing file /home/airflow/.local/lib/python3.12/site-packages/airflow/example_dags/example_latest_only.py for tasks to queue
[2025-04-21T20:44:40.205+0000] {logging_mixin.py:188} INFO - [2025-04-21T20:44:40.204+0000] {dagbag.py:545} INFO - Filling up the DagBag from /home/airflow/.local/lib/python3.12/site-packages/airflow/example_dags/example_latest_only.py
[2025-04-21T20:44:40.207+0000] {processor.py:840} INFO - DAG(s) 'latest_only' retrieved from /home/airflow/.local/lib/python3.12/site-packages/airflow/example_dags/example_latest_only.py
[2025-04-21T20:44:40.219+0000] {logging_mixin.py:188} INFO - [2025-04-21T20:44:40.219+0000] {dag.py:3096} INFO - Sync 1 DAGs
[2025-04-21T20:44:40.237+0000] {logging_mixin.py:188} INFO - [2025-04-21T20:44:40.237+0000] {dag.py:3954} INFO - Setting next_dagrun for latest_only to 2025-04-21 16:00:00+00:00, run_after=2025-04-21 20:00:00+00:00
[2025-04-21T20:44:40.252+0000] {processor.py:183} INFO - Processing /home/airflow/.local/lib/python3.12/site-packages/airflow/example_dags/example_latest_only.py took 0.052 seconds
[2025-04-21T20:45:21.708+0000] {processor.py:161} INFO - Started process (PID=94947) to work on /home/airflow/.local/lib/python3.12/site-packages/airflow/example_dags/example_latest_only.py
[2025-04-21T20:45:21.709+0000] {processor.py:830} INFO - Processing file /home/airflow/.local/lib/python3.12/site-packages/airflow/example_dags/example_latest_only.py for tasks to queue
[2025-04-21T20:45:21.710+0000] {logging_mixin.py:188} INFO - [2025-04-21T20:45:21.710+0000] {dagbag.py:545} INFO - Filling up the DagBag from /home/airflow/.local/lib/python3.12/site-packages/airflow/example_dags/example_latest_only.py
[2025-04-21T20:45:21.713+0000] {processor.py:840} INFO - DAG(s) 'latest_only' retrieved from /home/airflow/.local/lib/python3.12/site-packages/airflow/example_dags/example_latest_only.py
[2025-04-21T20:45:21.737+0000] {logging_mixin.py:188} INFO - [2025-04-21T20:45:21.737+0000] {dag.py:3096} INFO - Sync 1 DAGs
[2025-04-21T20:45:21.750+0000] {logging_mixin.py:188} INFO - [2025-04-21T20:45:21.750+0000] {dag.py:3954} INFO - Setting next_dagrun for latest_only to 2025-04-21 16:00:00+00:00, run_after=2025-04-21 20:00:00+00:00
[2025-04-21T20:45:21.759+0000] {processor.py:183} INFO - Processing /home/airflow/.local/lib/python3.12/site-packages/airflow/example_dags/example_latest_only.py took 0.056 seconds
[2025-04-21T20:50:34.193+0000] {processor.py:161} INFO - Started process (PID=95007) to work on /home/airflow/.local/lib/python3.12/site-packages/airflow/example_dags/example_latest_only.py
[2025-04-21T20:50:34.194+0000] {processor.py:830} INFO - Processing file /home/airflow/.local/lib/python3.12/site-packages/airflow/example_dags/example_latest_only.py for tasks to queue
[2025-04-21T20:50:34.195+0000] {logging_mixin.py:188} INFO - [2025-04-21T20:50:34.195+0000] {dagbag.py:545} INFO - Filling up the DagBag from /home/airflow/.local/lib/python3.12/site-packages/airflow/example_dags/example_latest_only.py
[2025-04-21T20:50:34.199+0000] {processor.py:840} INFO - DAG(s) 'latest_only' retrieved from /home/airflow/.local/lib/python3.12/site-packages/airflow/example_dags/example_latest_only.py
[2025-04-21T20:50:34.229+0000] {logging_mixin.py:188} INFO - [2025-04-21T20:50:34.229+0000] {dag.py:3096} INFO - Sync 1 DAGs
[2025-04-21T20:50:34.245+0000] {logging_mixin.py:188} INFO - [2025-04-21T20:50:34.245+0000] {dag.py:3954} INFO - Setting next_dagrun for latest_only to 2025-04-21 16:00:00+00:00, run_after=2025-04-21 20:00:00+00:00
[2025-04-21T20:50:34.255+0000] {processor.py:183} INFO - Processing /home/airflow/.local/lib/python3.12/site-packages/airflow/example_dags/example_latest_only.py took 0.066 seconds
[2025-04-21T20:51:04.663+0000] {processor.py:161} INFO - Started process (PID=95065) to work on /home/airflow/.local/lib/python3.12/site-packages/airflow/example_dags/example_latest_only.py
[2025-04-21T20:51:04.668+0000] {processor.py:830} INFO - Processing file /home/airflow/.local/lib/python3.12/site-packages/airflow/example_dags/example_latest_only.py for tasks to queue
[2025-04-21T20:51:04.670+0000] {logging_mixin.py:188} INFO - [2025-04-21T20:51:04.669+0000] {dagbag.py:545} INFO - Filling up the DagBag from /home/airflow/.local/lib/python3.12/site-packages/airflow/example_dags/example_latest_only.py
[2025-04-21T20:51:04.679+0000] {processor.py:840} INFO - DAG(s) 'latest_only' retrieved from /home/airflow/.local/lib/python3.12/site-packages/airflow/example_dags/example_latest_only.py
[2025-04-21T20:51:04.703+0000] {logging_mixin.py:188} INFO - [2025-04-21T20:51:04.703+0000] {dag.py:3096} INFO - Sync 1 DAGs
[2025-04-21T20:51:04.723+0000] {logging_mixin.py:188} INFO - [2025-04-21T20:51:04.723+0000] {dag.py:3954} INFO - Setting next_dagrun for latest_only to 2025-04-21 16:00:00+00:00, run_after=2025-04-21 20:00:00+00:00
[2025-04-21T20:51:04.751+0000] {processor.py:183} INFO - Processing /home/airflow/.local/lib/python3.12/site-packages/airflow/example_dags/example_latest_only.py took 0.111 seconds
[2025-04-21T20:56:17.863+0000] {processor.py:161} INFO - Started process (PID=95127) to work on /home/airflow/.local/lib/python3.12/site-packages/airflow/example_dags/example_latest_only.py
[2025-04-21T20:56:17.864+0000] {processor.py:830} INFO - Processing file /home/airflow/.local/lib/python3.12/site-packages/airflow/example_dags/example_latest_only.py for tasks to queue
[2025-04-21T20:56:17.866+0000] {logging_mixin.py:188} INFO - [2025-04-21T20:56:17.866+0000] {dagbag.py:545} INFO - Filling up the DagBag from /home/airflow/.local/lib/python3.12/site-packages/airflow/example_dags/example_latest_only.py
[2025-04-21T20:56:17.870+0000] {processor.py:840} INFO - DAG(s) 'latest_only' retrieved from /home/airflow/.local/lib/python3.12/site-packages/airflow/example_dags/example_latest_only.py
[2025-04-21T20:56:17.885+0000] {logging_mixin.py:188} INFO - [2025-04-21T20:56:17.884+0000] {dag.py:3096} INFO - Sync 1 DAGs
[2025-04-21T20:56:17.897+0000] {logging_mixin.py:188} INFO - [2025-04-21T20:56:17.897+0000] {dag.py:3954} INFO - Setting next_dagrun for latest_only to 2025-04-21 16:00:00+00:00, run_after=2025-04-21 20:00:00+00:00
[2025-04-21T20:56:17.907+0000] {processor.py:183} INFO - Processing /home/airflow/.local/lib/python3.12/site-packages/airflow/example_dags/example_latest_only.py took 0.049 seconds
[2025-04-21T21:46:39.293+0000] {processor.py:161} INFO - Started process (PID=95187) to work on /home/airflow/.local/lib/python3.12/site-packages/airflow/example_dags/example_latest_only.py
[2025-04-21T21:46:39.294+0000] {processor.py:830} INFO - Processing file /home/airflow/.local/lib/python3.12/site-packages/airflow/example_dags/example_latest_only.py for tasks to queue
[2025-04-21T21:46:39.295+0000] {logging_mixin.py:188} INFO - [2025-04-21T21:46:39.295+0000] {dagbag.py:545} INFO - Filling up the DagBag from /home/airflow/.local/lib/python3.12/site-packages/airflow/example_dags/example_latest_only.py
[2025-04-21T21:46:39.298+0000] {processor.py:840} INFO - DAG(s) 'latest_only' retrieved from /home/airflow/.local/lib/python3.12/site-packages/airflow/example_dags/example_latest_only.py
[2025-04-21T21:46:39.311+0000] {logging_mixin.py:188} INFO - [2025-04-21T21:46:39.311+0000] {dag.py:3096} INFO - Sync 1 DAGs
[2025-04-21T21:46:39.323+0000] {logging_mixin.py:188} INFO - [2025-04-21T21:46:39.323+0000] {dag.py:3954} INFO - Setting next_dagrun for latest_only to 2025-04-21 16:00:00+00:00, run_after=2025-04-21 20:00:00+00:00
[2025-04-21T21:46:39.332+0000] {processor.py:183} INFO - Processing /home/airflow/.local/lib/python3.12/site-packages/airflow/example_dags/example_latest_only.py took 0.045 seconds
[2025-04-21T21:47:09.786+0000] {processor.py:161} INFO - Started process (PID=95245) to work on /home/airflow/.local/lib/python3.12/site-packages/airflow/example_dags/example_latest_only.py
[2025-04-21T21:47:09.789+0000] {processor.py:830} INFO - Processing file /home/airflow/.local/lib/python3.12/site-packages/airflow/example_dags/example_latest_only.py for tasks to queue
[2025-04-21T21:47:09.794+0000] {logging_mixin.py:188} INFO - [2025-04-21T21:47:09.794+0000] {dagbag.py:545} INFO - Filling up the DagBag from /home/airflow/.local/lib/python3.12/site-packages/airflow/example_dags/example_latest_only.py
[2025-04-21T21:47:09.817+0000] {processor.py:840} INFO - DAG(s) 'latest_only' retrieved from /home/airflow/.local/lib/python3.12/site-packages/airflow/example_dags/example_latest_only.py
[2025-04-21T21:47:09.854+0000] {logging_mixin.py:188} INFO - [2025-04-21T21:47:09.853+0000] {dag.py:3096} INFO - Sync 1 DAGs
[2025-04-21T21:47:09.882+0000] {logging_mixin.py:188} INFO - [2025-04-21T21:47:09.882+0000] {dag.py:3954} INFO - Setting next_dagrun for latest_only to 2025-04-21 16:00:00+00:00, run_after=2025-04-21 20:00:00+00:00
[2025-04-21T21:47:09.895+0000] {processor.py:183} INFO - Processing /home/airflow/.local/lib/python3.12/site-packages/airflow/example_dags/example_latest_only.py took 0.122 seconds
[2025-04-21T21:52:22.379+0000] {processor.py:161} INFO - Started process (PID=95307) to work on /home/airflow/.local/lib/python3.12/site-packages/airflow/example_dags/example_latest_only.py
[2025-04-21T21:52:22.379+0000] {processor.py:830} INFO - Processing file /home/airflow/.local/lib/python3.12/site-packages/airflow/example_dags/example_latest_only.py for tasks to queue
[2025-04-21T21:52:22.380+0000] {logging_mixin.py:188} INFO - [2025-04-21T21:52:22.380+0000] {dagbag.py:545} INFO - Filling up the DagBag from /home/airflow/.local/lib/python3.12/site-packages/airflow/example_dags/example_latest_only.py
[2025-04-21T21:52:22.384+0000] {processor.py:840} INFO - DAG(s) 'latest_only' retrieved from /home/airflow/.local/lib/python3.12/site-packages/airflow/example_dags/example_latest_only.py
[2025-04-21T21:52:22.399+0000] {logging_mixin.py:188} INFO - [2025-04-21T21:52:22.399+0000] {dag.py:3096} INFO - Sync 1 DAGs
[2025-04-21T21:52:22.412+0000] {logging_mixin.py:188} INFO - [2025-04-21T21:52:22.412+0000] {dag.py:3954} INFO - Setting next_dagrun for latest_only to 2025-04-21 16:00:00+00:00, run_after=2025-04-21 20:00:00+00:00
[2025-04-21T21:52:22.424+0000] {processor.py:183} INFO - Processing /home/airflow/.local/lib/python3.12/site-packages/airflow/example_dags/example_latest_only.py took 0.048 seconds
[2025-04-21T21:57:35.029+0000] {processor.py:161} INFO - Started process (PID=95367) to work on /home/airflow/.local/lib/python3.12/site-packages/airflow/example_dags/example_latest_only.py
[2025-04-21T21:57:35.029+0000] {processor.py:830} INFO - Processing file /home/airflow/.local/lib/python3.12/site-packages/airflow/example_dags/example_latest_only.py for tasks to queue
[2025-04-21T21:57:35.030+0000] {logging_mixin.py:188} INFO - [2025-04-21T21:57:35.030+0000] {dagbag.py:545} INFO - Filling up the DagBag from /home/airflow/.local/lib/python3.12/site-packages/airflow/example_dags/example_latest_only.py
[2025-04-21T21:57:35.034+0000] {processor.py:840} INFO - DAG(s) 'latest_only' retrieved from /home/airflow/.local/lib/python3.12/site-packages/airflow/example_dags/example_latest_only.py
[2025-04-21T21:57:35.048+0000] {logging_mixin.py:188} INFO - [2025-04-21T21:57:35.048+0000] {dag.py:3096} INFO - Sync 1 DAGs
[2025-04-21T21:57:35.060+0000] {logging_mixin.py:188} INFO - [2025-04-21T21:57:35.060+0000] {dag.py:3954} INFO - Setting next_dagrun for latest_only to 2025-04-21 16:00:00+00:00, run_after=2025-04-21 20:00:00+00:00
[2025-04-21T21:57:35.070+0000] {processor.py:183} INFO - Processing /home/airflow/.local/lib/python3.12/site-packages/airflow/example_dags/example_latest_only.py took 0.044 seconds
[2025-04-21T22:02:47.719+0000] {processor.py:161} INFO - Started process (PID=95421) to work on /home/airflow/.local/lib/python3.12/site-packages/airflow/example_dags/example_latest_only.py
[2025-04-21T22:02:47.719+0000] {processor.py:830} INFO - Processing file /home/airflow/.local/lib/python3.12/site-packages/airflow/example_dags/example_latest_only.py for tasks to queue
[2025-04-21T22:02:47.721+0000] {logging_mixin.py:188} INFO - [2025-04-21T22:02:47.721+0000] {dagbag.py:545} INFO - Filling up the DagBag from /home/airflow/.local/lib/python3.12/site-packages/airflow/example_dags/example_latest_only.py
[2025-04-21T22:02:47.725+0000] {processor.py:840} INFO - DAG(s) 'latest_only' retrieved from /home/airflow/.local/lib/python3.12/site-packages/airflow/example_dags/example_latest_only.py
[2025-04-21T22:02:47.751+0000] {logging_mixin.py:188} INFO - [2025-04-21T22:02:47.750+0000] {dag.py:3096} INFO - Sync 1 DAGs
[2025-04-21T22:02:47.766+0000] {logging_mixin.py:188} INFO - [2025-04-21T22:02:47.766+0000] {dag.py:3954} INFO - Setting next_dagrun for latest_only to 2025-04-21 16:00:00+00:00, run_after=2025-04-21 20:00:00+00:00
[2025-04-21T22:02:47.781+0000] {processor.py:183} INFO - Processing /home/airflow/.local/lib/python3.12/site-packages/airflow/example_dags/example_latest_only.py took 0.069 seconds
[2025-04-21T22:03:18.604+0000] {processor.py:161} INFO - Started process (PID=95485) to work on /home/airflow/.local/lib/python3.12/site-packages/airflow/example_dags/example_latest_only.py
[2025-04-21T22:03:18.607+0000] {processor.py:830} INFO - Processing file /home/airflow/.local/lib/python3.12/site-packages/airflow/example_dags/example_latest_only.py for tasks to queue
[2025-04-21T22:03:18.616+0000] {logging_mixin.py:188} INFO - [2025-04-21T22:03:18.616+0000] {dagbag.py:545} INFO - Filling up the DagBag from /home/airflow/.local/lib/python3.12/site-packages/airflow/example_dags/example_latest_only.py
[2025-04-21T22:03:18.642+0000] {processor.py:840} INFO - DAG(s) 'latest_only' retrieved from /home/airflow/.local/lib/python3.12/site-packages/airflow/example_dags/example_latest_only.py
[2025-04-21T22:03:18.675+0000] {logging_mixin.py:188} INFO - [2025-04-21T22:03:18.675+0000] {dag.py:3096} INFO - Sync 1 DAGs
[2025-04-21T22:03:18.704+0000] {logging_mixin.py:188} INFO - [2025-04-21T22:03:18.704+0000] {dag.py:3954} INFO - Setting next_dagrun for latest_only to 2025-04-21 16:00:00+00:00, run_after=2025-04-21 20:00:00+00:00
[2025-04-21T22:03:18.721+0000] {processor.py:183} INFO - Processing /home/airflow/.local/lib/python3.12/site-packages/airflow/example_dags/example_latest_only.py took 0.133 seconds
[2025-04-21T22:11:04.529+0000] {processor.py:161} INFO - Started process (PID=95541) to work on /home/airflow/.local/lib/python3.12/site-packages/airflow/example_dags/example_latest_only.py
[2025-04-21T22:11:04.530+0000] {processor.py:830} INFO - Processing file /home/airflow/.local/lib/python3.12/site-packages/airflow/example_dags/example_latest_only.py for tasks to queue
[2025-04-21T22:11:04.531+0000] {logging_mixin.py:188} INFO - [2025-04-21T22:11:04.531+0000] {dagbag.py:545} INFO - Filling up the DagBag from /home/airflow/.local/lib/python3.12/site-packages/airflow/example_dags/example_latest_only.py
[2025-04-21T22:11:04.534+0000] {processor.py:840} INFO - DAG(s) 'latest_only' retrieved from /home/airflow/.local/lib/python3.12/site-packages/airflow/example_dags/example_latest_only.py
[2025-04-21T22:11:04.548+0000] {logging_mixin.py:188} INFO - [2025-04-21T22:11:04.547+0000] {dag.py:3096} INFO - Sync 1 DAGs
[2025-04-21T22:11:04.569+0000] {logging_mixin.py:188} INFO - [2025-04-21T22:11:04.569+0000] {dag.py:3954} INFO - Setting next_dagrun for latest_only to 2025-04-21 16:00:00+00:00, run_after=2025-04-21 20:00:00+00:00
[2025-04-21T22:11:04.580+0000] {processor.py:183} INFO - Processing /home/airflow/.local/lib/python3.12/site-packages/airflow/example_dags/example_latest_only.py took 0.055 seconds
[2025-04-21T22:16:17.699+0000] {processor.py:161} INFO - Started process (PID=95601) to work on /home/airflow/.local/lib/python3.12/site-packages/airflow/example_dags/example_latest_only.py
[2025-04-21T22:16:17.700+0000] {processor.py:830} INFO - Processing file /home/airflow/.local/lib/python3.12/site-packages/airflow/example_dags/example_latest_only.py for tasks to queue
[2025-04-21T22:16:17.701+0000] {logging_mixin.py:188} INFO - [2025-04-21T22:16:17.701+0000] {dagbag.py:545} INFO - Filling up the DagBag from /home/airflow/.local/lib/python3.12/site-packages/airflow/example_dags/example_latest_only.py
[2025-04-21T22:16:17.705+0000] {processor.py:840} INFO - DAG(s) 'latest_only' retrieved from /home/airflow/.local/lib/python3.12/site-packages/airflow/example_dags/example_latest_only.py
[2025-04-21T22:16:17.721+0000] {logging_mixin.py:188} INFO - [2025-04-21T22:16:17.721+0000] {dag.py:3096} INFO - Sync 1 DAGs
[2025-04-21T22:16:17.734+0000] {logging_mixin.py:188} INFO - [2025-04-21T22:16:17.734+0000] {dag.py:3954} INFO - Setting next_dagrun for latest_only to 2025-04-21 16:00:00+00:00, run_after=2025-04-21 20:00:00+00:00
[2025-04-21T22:16:17.744+0000] {processor.py:183} INFO - Processing /home/airflow/.local/lib/python3.12/site-packages/airflow/example_dags/example_latest_only.py took 0.051 seconds
[2025-04-21T22:34:09.087+0000] {processor.py:161} INFO - Started process (PID=95667) to work on /home/airflow/.local/lib/python3.12/site-packages/airflow/example_dags/example_latest_only.py
[2025-04-21T22:34:09.087+0000] {processor.py:830} INFO - Processing file /home/airflow/.local/lib/python3.12/site-packages/airflow/example_dags/example_latest_only.py for tasks to queue
[2025-04-21T22:34:09.088+0000] {logging_mixin.py:188} INFO - [2025-04-21T22:34:09.088+0000] {dagbag.py:545} INFO - Filling up the DagBag from /home/airflow/.local/lib/python3.12/site-packages/airflow/example_dags/example_latest_only.py
[2025-04-21T22:34:09.091+0000] {processor.py:840} INFO - DAG(s) 'latest_only' retrieved from /home/airflow/.local/lib/python3.12/site-packages/airflow/example_dags/example_latest_only.py
[2025-04-21T22:34:09.106+0000] {logging_mixin.py:188} INFO - [2025-04-21T22:34:09.106+0000] {dag.py:3096} INFO - Sync 1 DAGs
[2025-04-21T22:34:09.123+0000] {logging_mixin.py:188} INFO - [2025-04-21T22:34:09.123+0000] {dag.py:3954} INFO - Setting next_dagrun for latest_only to 2025-04-21 16:00:00+00:00, run_after=2025-04-21 20:00:00+00:00
[2025-04-21T22:34:09.133+0000] {processor.py:183} INFO - Processing /home/airflow/.local/lib/python3.12/site-packages/airflow/example_dags/example_latest_only.py took 0.050 seconds
[2025-04-21T22:39:21.686+0000] {processor.py:161} INFO - Started process (PID=95721) to work on /home/airflow/.local/lib/python3.12/site-packages/airflow/example_dags/example_latest_only.py
[2025-04-21T22:39:21.686+0000] {processor.py:830} INFO - Processing file /home/airflow/.local/lib/python3.12/site-packages/airflow/example_dags/example_latest_only.py for tasks to queue
[2025-04-21T22:39:21.687+0000] {logging_mixin.py:188} INFO - [2025-04-21T22:39:21.687+0000] {dagbag.py:545} INFO - Filling up the DagBag from /home/airflow/.local/lib/python3.12/site-packages/airflow/example_dags/example_latest_only.py
[2025-04-21T22:39:21.690+0000] {processor.py:840} INFO - DAG(s) 'latest_only' retrieved from /home/airflow/.local/lib/python3.12/site-packages/airflow/example_dags/example_latest_only.py
[2025-04-21T22:39:21.709+0000] {logging_mixin.py:188} INFO - [2025-04-21T22:39:21.709+0000] {dag.py:3096} INFO - Sync 1 DAGs
[2025-04-21T22:39:21.723+0000] {logging_mixin.py:188} INFO - [2025-04-21T22:39:21.723+0000] {dag.py:3954} INFO - Setting next_dagrun for latest_only to 2025-04-21 16:00:00+00:00, run_after=2025-04-21 20:00:00+00:00
[2025-04-21T22:39:21.734+0000] {processor.py:183} INFO - Processing /home/airflow/.local/lib/python3.12/site-packages/airflow/example_dags/example_latest_only.py took 0.051 seconds
