[2025-04-21T00:38:23.168+0000] {processor.py:161} INFO - Started process (PID=91350) to work on /home/airflow/.local/lib/python3.12/site-packages/airflow/example_dags/example_complex.py
[2025-04-21T00:38:23.169+0000] {processor.py:830} INFO - Processing file /home/airflow/.local/lib/python3.12/site-packages/airflow/example_dags/example_complex.py for tasks to queue
[2025-04-21T00:38:23.170+0000] {logging_mixin.py:188} INFO - [2025-04-21T00:38:23.170+0000] {dagbag.py:545} INFO - Filling up the DagBag from /home/airflow/.local/lib/python3.12/site-packages/airflow/example_dags/example_complex.py
[2025-04-21T00:38:23.176+0000] {processor.py:840} INFO - DAG(s) 'example_complex' retrieved from /home/airflow/.local/lib/python3.12/site-packages/airflow/example_dags/example_complex.py
[2025-04-21T00:38:23.215+0000] {logging_mixin.py:188} INFO - [2025-04-21T00:38:23.214+0000] {dag.py:3096} INFO - Sync 1 DAGs
[2025-04-21T00:38:23.237+0000] {logging_mixin.py:188} INFO - [2025-04-21T00:38:23.236+0000] {dag.py:3954} INFO - Setting next_dagrun for example_complex to None, run_after=None
[2025-04-21T00:38:23.251+0000] {processor.py:183} INFO - Processing /home/airflow/.local/lib/python3.12/site-packages/airflow/example_dags/example_complex.py took 0.087 seconds
[2025-04-21T01:37:13.366+0000] {processor.py:161} INFO - Started process (PID=91410) to work on /home/airflow/.local/lib/python3.12/site-packages/airflow/example_dags/example_complex.py
[2025-04-21T01:37:13.366+0000] {processor.py:830} INFO - Processing file /home/airflow/.local/lib/python3.12/site-packages/airflow/example_dags/example_complex.py for tasks to queue
[2025-04-21T01:37:13.368+0000] {logging_mixin.py:188} INFO - [2025-04-21T01:37:13.368+0000] {dagbag.py:545} INFO - Filling up the DagBag from /home/airflow/.local/lib/python3.12/site-packages/airflow/example_dags/example_complex.py
[2025-04-21T01:37:13.373+0000] {processor.py:840} INFO - DAG(s) 'example_complex' retrieved from /home/airflow/.local/lib/python3.12/site-packages/airflow/example_dags/example_complex.py
[2025-04-21T01:37:13.408+0000] {logging_mixin.py:188} INFO - [2025-04-21T01:37:13.408+0000] {dag.py:3096} INFO - Sync 1 DAGs
[2025-04-21T01:37:13.422+0000] {logging_mixin.py:188} INFO - [2025-04-21T01:37:13.422+0000] {dag.py:3954} INFO - Setting next_dagrun for example_complex to None, run_after=None
[2025-04-21T01:37:13.445+0000] {processor.py:183} INFO - Processing /home/airflow/.local/lib/python3.12/site-packages/airflow/example_dags/example_complex.py took 0.083 seconds
[2025-04-21T01:37:43.809+0000] {processor.py:161} INFO - Started process (PID=91467) to work on /home/airflow/.local/lib/python3.12/site-packages/airflow/example_dags/example_complex.py
[2025-04-21T01:37:43.810+0000] {processor.py:830} INFO - Processing file /home/airflow/.local/lib/python3.12/site-packages/airflow/example_dags/example_complex.py for tasks to queue
[2025-04-21T01:37:43.811+0000] {logging_mixin.py:188} INFO - [2025-04-21T01:37:43.811+0000] {dagbag.py:545} INFO - Filling up the DagBag from /home/airflow/.local/lib/python3.12/site-packages/airflow/example_dags/example_complex.py
[2025-04-21T01:37:43.815+0000] {processor.py:840} INFO - DAG(s) 'example_complex' retrieved from /home/airflow/.local/lib/python3.12/site-packages/airflow/example_dags/example_complex.py
[2025-04-21T01:37:43.828+0000] {logging_mixin.py:188} INFO - [2025-04-21T01:37:43.828+0000] {dag.py:3096} INFO - Sync 1 DAGs
[2025-04-21T01:37:43.833+0000] {logging_mixin.py:188} INFO - [2025-04-21T01:37:43.833+0000] {dag.py:3954} INFO - Setting next_dagrun for example_complex to None, run_after=None
[2025-04-21T01:37:43.840+0000] {processor.py:183} INFO - Processing /home/airflow/.local/lib/python3.12/site-packages/airflow/example_dags/example_complex.py took 0.033 seconds
[2025-04-21T02:58:42.819+0000] {processor.py:161} INFO - Started process (PID=91529) to work on /home/airflow/.local/lib/python3.12/site-packages/airflow/example_dags/example_complex.py
[2025-04-21T02:58:42.820+0000] {processor.py:830} INFO - Processing file /home/airflow/.local/lib/python3.12/site-packages/airflow/example_dags/example_complex.py for tasks to queue
[2025-04-21T02:58:42.822+0000] {logging_mixin.py:188} INFO - [2025-04-21T02:58:42.821+0000] {dagbag.py:545} INFO - Filling up the DagBag from /home/airflow/.local/lib/python3.12/site-packages/airflow/example_dags/example_complex.py
[2025-04-21T02:58:42.828+0000] {processor.py:840} INFO - DAG(s) 'example_complex' retrieved from /home/airflow/.local/lib/python3.12/site-packages/airflow/example_dags/example_complex.py
[2025-04-21T02:58:42.846+0000] {logging_mixin.py:188} INFO - [2025-04-21T02:58:42.846+0000] {dag.py:3096} INFO - Sync 1 DAGs
[2025-04-21T02:58:42.857+0000] {logging_mixin.py:188} INFO - [2025-04-21T02:58:42.856+0000] {dag.py:3954} INFO - Setting next_dagrun for example_complex to None, run_after=None
[2025-04-21T02:58:42.869+0000] {processor.py:183} INFO - Processing /home/airflow/.local/lib/python3.12/site-packages/airflow/example_dags/example_complex.py took 0.054 seconds
[2025-04-21T04:23:08.925+0000] {processor.py:161} INFO - Started process (PID=91589) to work on /home/airflow/.local/lib/python3.12/site-packages/airflow/example_dags/example_complex.py
[2025-04-21T04:23:08.926+0000] {processor.py:830} INFO - Processing file /home/airflow/.local/lib/python3.12/site-packages/airflow/example_dags/example_complex.py for tasks to queue
[2025-04-21T04:23:08.927+0000] {logging_mixin.py:188} INFO - [2025-04-21T04:23:08.927+0000] {dagbag.py:545} INFO - Filling up the DagBag from /home/airflow/.local/lib/python3.12/site-packages/airflow/example_dags/example_complex.py
[2025-04-21T04:23:08.932+0000] {processor.py:840} INFO - DAG(s) 'example_complex' retrieved from /home/airflow/.local/lib/python3.12/site-packages/airflow/example_dags/example_complex.py
[2025-04-21T04:23:08.950+0000] {logging_mixin.py:188} INFO - [2025-04-21T04:23:08.949+0000] {dag.py:3096} INFO - Sync 1 DAGs
[2025-04-21T04:23:08.957+0000] {logging_mixin.py:188} INFO - [2025-04-21T04:23:08.957+0000] {dag.py:3954} INFO - Setting next_dagrun for example_complex to None, run_after=None
[2025-04-21T04:23:08.968+0000] {processor.py:183} INFO - Processing /home/airflow/.local/lib/python3.12/site-packages/airflow/example_dags/example_complex.py took 0.048 seconds
[2025-04-21T04:23:39.478+0000] {processor.py:161} INFO - Started process (PID=91647) to work on /home/airflow/.local/lib/python3.12/site-packages/airflow/example_dags/example_complex.py
[2025-04-21T04:23:39.478+0000] {processor.py:830} INFO - Processing file /home/airflow/.local/lib/python3.12/site-packages/airflow/example_dags/example_complex.py for tasks to queue
[2025-04-21T04:23:39.480+0000] {logging_mixin.py:188} INFO - [2025-04-21T04:23:39.480+0000] {dagbag.py:545} INFO - Filling up the DagBag from /home/airflow/.local/lib/python3.12/site-packages/airflow/example_dags/example_complex.py
[2025-04-21T04:23:39.486+0000] {processor.py:840} INFO - DAG(s) 'example_complex' retrieved from /home/airflow/.local/lib/python3.12/site-packages/airflow/example_dags/example_complex.py
[2025-04-21T04:23:39.508+0000] {logging_mixin.py:188} INFO - [2025-04-21T04:23:39.508+0000] {dag.py:3096} INFO - Sync 1 DAGs
[2025-04-21T04:23:39.516+0000] {logging_mixin.py:188} INFO - [2025-04-21T04:23:39.516+0000] {dag.py:3954} INFO - Setting next_dagrun for example_complex to None, run_after=None
[2025-04-21T04:23:39.534+0000] {processor.py:183} INFO - Processing /home/airflow/.local/lib/python3.12/site-packages/airflow/example_dags/example_complex.py took 0.060 seconds
[2025-04-21T04:28:52.117+0000] {processor.py:161} INFO - Started process (PID=91709) to work on /home/airflow/.local/lib/python3.12/site-packages/airflow/example_dags/example_complex.py
[2025-04-21T04:28:52.117+0000] {processor.py:830} INFO - Processing file /home/airflow/.local/lib/python3.12/site-packages/airflow/example_dags/example_complex.py for tasks to queue
[2025-04-21T04:28:52.119+0000] {logging_mixin.py:188} INFO - [2025-04-21T04:28:52.118+0000] {dagbag.py:545} INFO - Filling up the DagBag from /home/airflow/.local/lib/python3.12/site-packages/airflow/example_dags/example_complex.py
[2025-04-21T04:28:52.124+0000] {processor.py:840} INFO - DAG(s) 'example_complex' retrieved from /home/airflow/.local/lib/python3.12/site-packages/airflow/example_dags/example_complex.py
[2025-04-21T04:28:52.142+0000] {logging_mixin.py:188} INFO - [2025-04-21T04:28:52.142+0000] {dag.py:3096} INFO - Sync 1 DAGs
[2025-04-21T04:28:52.149+0000] {logging_mixin.py:188} INFO - [2025-04-21T04:28:52.148+0000] {dag.py:3954} INFO - Setting next_dagrun for example_complex to None, run_after=None
[2025-04-21T04:28:52.159+0000] {processor.py:183} INFO - Processing /home/airflow/.local/lib/python3.12/site-packages/airflow/example_dags/example_complex.py took 0.046 seconds
[2025-04-21T04:29:22.766+0000] {processor.py:161} INFO - Started process (PID=91767) to work on /home/airflow/.local/lib/python3.12/site-packages/airflow/example_dags/example_complex.py
[2025-04-21T04:29:22.766+0000] {processor.py:830} INFO - Processing file /home/airflow/.local/lib/python3.12/site-packages/airflow/example_dags/example_complex.py for tasks to queue
[2025-04-21T04:29:22.767+0000] {logging_mixin.py:188} INFO - [2025-04-21T04:29:22.767+0000] {dagbag.py:545} INFO - Filling up the DagBag from /home/airflow/.local/lib/python3.12/site-packages/airflow/example_dags/example_complex.py
[2025-04-21T04:29:22.772+0000] {processor.py:840} INFO - DAG(s) 'example_complex' retrieved from /home/airflow/.local/lib/python3.12/site-packages/airflow/example_dags/example_complex.py
[2025-04-21T04:29:22.791+0000] {logging_mixin.py:188} INFO - [2025-04-21T04:29:22.791+0000] {dag.py:3096} INFO - Sync 1 DAGs
[2025-04-21T04:29:22.797+0000] {logging_mixin.py:188} INFO - [2025-04-21T04:29:22.797+0000] {dag.py:3954} INFO - Setting next_dagrun for example_complex to None, run_after=None
[2025-04-21T04:29:22.809+0000] {processor.py:183} INFO - Processing /home/airflow/.local/lib/python3.12/site-packages/airflow/example_dags/example_complex.py took 0.047 seconds
[2025-04-21T04:31:10.206+0000] {processor.py:161} INFO - Started process (PID=91829) to work on /home/airflow/.local/lib/python3.12/site-packages/airflow/example_dags/example_complex.py
[2025-04-21T04:31:10.207+0000] {processor.py:830} INFO - Processing file /home/airflow/.local/lib/python3.12/site-packages/airflow/example_dags/example_complex.py for tasks to queue
[2025-04-21T04:31:10.209+0000] {logging_mixin.py:188} INFO - [2025-04-21T04:31:10.208+0000] {dagbag.py:545} INFO - Filling up the DagBag from /home/airflow/.local/lib/python3.12/site-packages/airflow/example_dags/example_complex.py
[2025-04-21T04:31:10.214+0000] {processor.py:840} INFO - DAG(s) 'example_complex' retrieved from /home/airflow/.local/lib/python3.12/site-packages/airflow/example_dags/example_complex.py
[2025-04-21T04:31:10.232+0000] {logging_mixin.py:188} INFO - [2025-04-21T04:31:10.232+0000] {dag.py:3096} INFO - Sync 1 DAGs
[2025-04-21T04:31:10.240+0000] {logging_mixin.py:188} INFO - [2025-04-21T04:31:10.240+0000] {dag.py:3954} INFO - Setting next_dagrun for example_complex to None, run_after=None
[2025-04-21T04:31:10.252+0000] {processor.py:183} INFO - Processing /home/airflow/.local/lib/python3.12/site-packages/airflow/example_dags/example_complex.py took 0.050 seconds
[2025-04-21T04:36:23.469+0000] {processor.py:161} INFO - Started process (PID=91889) to work on /home/airflow/.local/lib/python3.12/site-packages/airflow/example_dags/example_complex.py
[2025-04-21T04:36:23.470+0000] {processor.py:830} INFO - Processing file /home/airflow/.local/lib/python3.12/site-packages/airflow/example_dags/example_complex.py for tasks to queue
[2025-04-21T04:36:23.471+0000] {logging_mixin.py:188} INFO - [2025-04-21T04:36:23.471+0000] {dagbag.py:545} INFO - Filling up the DagBag from /home/airflow/.local/lib/python3.12/site-packages/airflow/example_dags/example_complex.py
[2025-04-21T04:36:23.478+0000] {processor.py:840} INFO - DAG(s) 'example_complex' retrieved from /home/airflow/.local/lib/python3.12/site-packages/airflow/example_dags/example_complex.py
[2025-04-21T04:36:23.497+0000] {logging_mixin.py:188} INFO - [2025-04-21T04:36:23.497+0000] {dag.py:3096} INFO - Sync 1 DAGs
[2025-04-21T04:36:23.505+0000] {logging_mixin.py:188} INFO - [2025-04-21T04:36:23.505+0000] {dag.py:3954} INFO - Setting next_dagrun for example_complex to None, run_after=None
[2025-04-21T04:36:23.515+0000] {processor.py:183} INFO - Processing /home/airflow/.local/lib/python3.12/site-packages/airflow/example_dags/example_complex.py took 0.050 seconds
[2025-04-21T04:41:36.826+0000] {processor.py:161} INFO - Started process (PID=91949) to work on /home/airflow/.local/lib/python3.12/site-packages/airflow/example_dags/example_complex.py
[2025-04-21T04:41:36.827+0000] {processor.py:830} INFO - Processing file /home/airflow/.local/lib/python3.12/site-packages/airflow/example_dags/example_complex.py for tasks to queue
[2025-04-21T04:41:36.828+0000] {logging_mixin.py:188} INFO - [2025-04-21T04:41:36.828+0000] {dagbag.py:545} INFO - Filling up the DagBag from /home/airflow/.local/lib/python3.12/site-packages/airflow/example_dags/example_complex.py
[2025-04-21T04:41:36.834+0000] {processor.py:840} INFO - DAG(s) 'example_complex' retrieved from /home/airflow/.local/lib/python3.12/site-packages/airflow/example_dags/example_complex.py
[2025-04-21T04:41:36.854+0000] {logging_mixin.py:188} INFO - [2025-04-21T04:41:36.854+0000] {dag.py:3096} INFO - Sync 1 DAGs
[2025-04-21T04:41:36.860+0000] {logging_mixin.py:188} INFO - [2025-04-21T04:41:36.860+0000] {dag.py:3954} INFO - Setting next_dagrun for example_complex to None, run_after=None
[2025-04-21T04:41:36.869+0000] {processor.py:183} INFO - Processing /home/airflow/.local/lib/python3.12/site-packages/airflow/example_dags/example_complex.py took 0.047 seconds
[2025-04-21T04:46:49.736+0000] {processor.py:161} INFO - Started process (PID=92009) to work on /home/airflow/.local/lib/python3.12/site-packages/airflow/example_dags/example_complex.py
[2025-04-21T04:46:49.737+0000] {processor.py:830} INFO - Processing file /home/airflow/.local/lib/python3.12/site-packages/airflow/example_dags/example_complex.py for tasks to queue
[2025-04-21T04:46:49.738+0000] {logging_mixin.py:188} INFO - [2025-04-21T04:46:49.738+0000] {dagbag.py:545} INFO - Filling up the DagBag from /home/airflow/.local/lib/python3.12/site-packages/airflow/example_dags/example_complex.py
[2025-04-21T04:46:49.744+0000] {processor.py:840} INFO - DAG(s) 'example_complex' retrieved from /home/airflow/.local/lib/python3.12/site-packages/airflow/example_dags/example_complex.py
[2025-04-21T04:46:49.763+0000] {logging_mixin.py:188} INFO - [2025-04-21T04:46:49.762+0000] {dag.py:3096} INFO - Sync 1 DAGs
[2025-04-21T04:46:49.771+0000] {logging_mixin.py:188} INFO - [2025-04-21T04:46:49.770+0000] {dag.py:3954} INFO - Setting next_dagrun for example_complex to None, run_after=None
[2025-04-21T04:46:49.782+0000] {processor.py:183} INFO - Processing /home/airflow/.local/lib/python3.12/site-packages/airflow/example_dags/example_complex.py took 0.049 seconds
[2025-04-21T04:47:20.108+0000] {processor.py:161} INFO - Started process (PID=92067) to work on /home/airflow/.local/lib/python3.12/site-packages/airflow/example_dags/example_complex.py
[2025-04-21T04:47:20.108+0000] {processor.py:830} INFO - Processing file /home/airflow/.local/lib/python3.12/site-packages/airflow/example_dags/example_complex.py for tasks to queue
[2025-04-21T04:47:20.109+0000] {logging_mixin.py:188} INFO - [2025-04-21T04:47:20.109+0000] {dagbag.py:545} INFO - Filling up the DagBag from /home/airflow/.local/lib/python3.12/site-packages/airflow/example_dags/example_complex.py
[2025-04-21T04:47:20.114+0000] {processor.py:840} INFO - DAG(s) 'example_complex' retrieved from /home/airflow/.local/lib/python3.12/site-packages/airflow/example_dags/example_complex.py
[2025-04-21T04:47:20.127+0000] {logging_mixin.py:188} INFO - [2025-04-21T04:47:20.127+0000] {dag.py:3096} INFO - Sync 1 DAGs
[2025-04-21T04:47:20.132+0000] {logging_mixin.py:188} INFO - [2025-04-21T04:47:20.132+0000] {dag.py:3954} INFO - Setting next_dagrun for example_complex to None, run_after=None
[2025-04-21T04:47:20.140+0000] {processor.py:183} INFO - Processing /home/airflow/.local/lib/python3.12/site-packages/airflow/example_dags/example_complex.py took 0.035 seconds
[2025-04-21T04:52:32.989+0000] {processor.py:161} INFO - Started process (PID=92129) to work on /home/airflow/.local/lib/python3.12/site-packages/airflow/example_dags/example_complex.py
[2025-04-21T04:52:32.990+0000] {processor.py:830} INFO - Processing file /home/airflow/.local/lib/python3.12/site-packages/airflow/example_dags/example_complex.py for tasks to queue
[2025-04-21T04:52:32.991+0000] {logging_mixin.py:188} INFO - [2025-04-21T04:52:32.991+0000] {dagbag.py:545} INFO - Filling up the DagBag from /home/airflow/.local/lib/python3.12/site-packages/airflow/example_dags/example_complex.py
[2025-04-21T04:52:32.996+0000] {processor.py:840} INFO - DAG(s) 'example_complex' retrieved from /home/airflow/.local/lib/python3.12/site-packages/airflow/example_dags/example_complex.py
[2025-04-21T04:52:33.013+0000] {logging_mixin.py:188} INFO - [2025-04-21T04:52:33.013+0000] {dag.py:3096} INFO - Sync 1 DAGs
[2025-04-21T04:52:33.021+0000] {logging_mixin.py:188} INFO - [2025-04-21T04:52:33.021+0000] {dag.py:3954} INFO - Setting next_dagrun for example_complex to None, run_after=None
[2025-04-21T04:52:33.030+0000] {processor.py:183} INFO - Processing /home/airflow/.local/lib/python3.12/site-packages/airflow/example_dags/example_complex.py took 0.044 seconds
[2025-04-21T05:15:36.460+0000] {processor.py:161} INFO - Started process (PID=92189) to work on /home/airflow/.local/lib/python3.12/site-packages/airflow/example_dags/example_complex.py
[2025-04-21T05:15:36.461+0000] {processor.py:830} INFO - Processing file /home/airflow/.local/lib/python3.12/site-packages/airflow/example_dags/example_complex.py for tasks to queue
[2025-04-21T05:15:36.462+0000] {logging_mixin.py:188} INFO - [2025-04-21T05:15:36.462+0000] {dagbag.py:545} INFO - Filling up the DagBag from /home/airflow/.local/lib/python3.12/site-packages/airflow/example_dags/example_complex.py
[2025-04-21T05:15:36.471+0000] {processor.py:840} INFO - DAG(s) 'example_complex' retrieved from /home/airflow/.local/lib/python3.12/site-packages/airflow/example_dags/example_complex.py
[2025-04-21T05:15:36.489+0000] {logging_mixin.py:188} INFO - [2025-04-21T05:15:36.488+0000] {dag.py:3096} INFO - Sync 1 DAGs
[2025-04-21T05:15:36.495+0000] {logging_mixin.py:188} INFO - [2025-04-21T05:15:36.495+0000] {dag.py:3954} INFO - Setting next_dagrun for example_complex to None, run_after=None
[2025-04-21T05:15:36.504+0000] {processor.py:183} INFO - Processing /home/airflow/.local/lib/python3.12/site-packages/airflow/example_dags/example_complex.py took 0.049 seconds
[2025-04-21T05:20:50.017+0000] {processor.py:161} INFO - Started process (PID=92249) to work on /home/airflow/.local/lib/python3.12/site-packages/airflow/example_dags/example_complex.py
[2025-04-21T05:20:50.018+0000] {processor.py:830} INFO - Processing file /home/airflow/.local/lib/python3.12/site-packages/airflow/example_dags/example_complex.py for tasks to queue
[2025-04-21T05:20:50.019+0000] {logging_mixin.py:188} INFO - [2025-04-21T05:20:50.019+0000] {dagbag.py:545} INFO - Filling up the DagBag from /home/airflow/.local/lib/python3.12/site-packages/airflow/example_dags/example_complex.py
[2025-04-21T05:20:50.024+0000] {processor.py:840} INFO - DAG(s) 'example_complex' retrieved from /home/airflow/.local/lib/python3.12/site-packages/airflow/example_dags/example_complex.py
[2025-04-21T05:20:50.051+0000] {logging_mixin.py:188} INFO - [2025-04-21T05:20:50.051+0000] {dag.py:3096} INFO - Sync 1 DAGs
[2025-04-21T05:20:50.058+0000] {logging_mixin.py:188} INFO - [2025-04-21T05:20:50.058+0000] {dag.py:3954} INFO - Setting next_dagrun for example_complex to None, run_after=None
[2025-04-21T05:20:50.071+0000] {processor.py:183} INFO - Processing /home/airflow/.local/lib/python3.12/site-packages/airflow/example_dags/example_complex.py took 0.059 seconds
[2025-04-21T05:26:02.555+0000] {processor.py:161} INFO - Started process (PID=92309) to work on /home/airflow/.local/lib/python3.12/site-packages/airflow/example_dags/example_complex.py
[2025-04-21T05:26:02.556+0000] {processor.py:830} INFO - Processing file /home/airflow/.local/lib/python3.12/site-packages/airflow/example_dags/example_complex.py for tasks to queue
[2025-04-21T05:26:02.557+0000] {logging_mixin.py:188} INFO - [2025-04-21T05:26:02.557+0000] {dagbag.py:545} INFO - Filling up the DagBag from /home/airflow/.local/lib/python3.12/site-packages/airflow/example_dags/example_complex.py
[2025-04-21T05:26:02.562+0000] {processor.py:840} INFO - DAG(s) 'example_complex' retrieved from /home/airflow/.local/lib/python3.12/site-packages/airflow/example_dags/example_complex.py
[2025-04-21T05:26:02.579+0000] {logging_mixin.py:188} INFO - [2025-04-21T05:26:02.579+0000] {dag.py:3096} INFO - Sync 1 DAGs
[2025-04-21T05:26:02.587+0000] {logging_mixin.py:188} INFO - [2025-04-21T05:26:02.587+0000] {dag.py:3954} INFO - Setting next_dagrun for example_complex to None, run_after=None
[2025-04-21T05:26:02.596+0000] {processor.py:183} INFO - Processing /home/airflow/.local/lib/python3.12/site-packages/airflow/example_dags/example_complex.py took 0.044 seconds
[2025-04-21T05:59:57.065+0000] {processor.py:161} INFO - Started process (PID=92369) to work on /home/airflow/.local/lib/python3.12/site-packages/airflow/example_dags/example_complex.py
[2025-04-21T05:59:57.067+0000] {processor.py:830} INFO - Processing file /home/airflow/.local/lib/python3.12/site-packages/airflow/example_dags/example_complex.py for tasks to queue
[2025-04-21T05:59:57.069+0000] {logging_mixin.py:188} INFO - [2025-04-21T05:59:57.069+0000] {dagbag.py:545} INFO - Filling up the DagBag from /home/airflow/.local/lib/python3.12/site-packages/airflow/example_dags/example_complex.py
[2025-04-21T05:59:57.076+0000] {processor.py:840} INFO - DAG(s) 'example_complex' retrieved from /home/airflow/.local/lib/python3.12/site-packages/airflow/example_dags/example_complex.py
[2025-04-21T05:59:57.092+0000] {logging_mixin.py:188} INFO - [2025-04-21T05:59:57.092+0000] {dag.py:3096} INFO - Sync 1 DAGs
[2025-04-21T05:59:57.098+0000] {logging_mixin.py:188} INFO - [2025-04-21T05:59:57.098+0000] {dag.py:3954} INFO - Setting next_dagrun for example_complex to None, run_after=None
[2025-04-21T05:59:57.107+0000] {processor.py:183} INFO - Processing /home/airflow/.local/lib/python3.12/site-packages/airflow/example_dags/example_complex.py took 0.049 seconds
[2025-04-21T07:21:15.104+0000] {processor.py:161} INFO - Started process (PID=92429) to work on /home/airflow/.local/lib/python3.12/site-packages/airflow/example_dags/example_complex.py
[2025-04-21T07:21:15.105+0000] {processor.py:830} INFO - Processing file /home/airflow/.local/lib/python3.12/site-packages/airflow/example_dags/example_complex.py for tasks to queue
[2025-04-21T07:21:15.107+0000] {logging_mixin.py:188} INFO - [2025-04-21T07:21:15.106+0000] {dagbag.py:545} INFO - Filling up the DagBag from /home/airflow/.local/lib/python3.12/site-packages/airflow/example_dags/example_complex.py
[2025-04-21T07:21:15.114+0000] {processor.py:840} INFO - DAG(s) 'example_complex' retrieved from /home/airflow/.local/lib/python3.12/site-packages/airflow/example_dags/example_complex.py
[2025-04-21T07:21:15.129+0000] {logging_mixin.py:188} INFO - [2025-04-21T07:21:15.129+0000] {dag.py:3096} INFO - Sync 1 DAGs
[2025-04-21T07:21:15.136+0000] {logging_mixin.py:188} INFO - [2025-04-21T07:21:15.136+0000] {dag.py:3954} INFO - Setting next_dagrun for example_complex to None, run_after=None
[2025-04-21T07:21:15.145+0000] {processor.py:183} INFO - Processing /home/airflow/.local/lib/python3.12/site-packages/airflow/example_dags/example_complex.py took 0.045 seconds
[2025-04-21T09:02:20.043+0000] {processor.py:161} INFO - Started process (PID=92489) to work on /home/airflow/.local/lib/python3.12/site-packages/airflow/example_dags/example_complex.py
[2025-04-21T09:02:20.044+0000] {processor.py:830} INFO - Processing file /home/airflow/.local/lib/python3.12/site-packages/airflow/example_dags/example_complex.py for tasks to queue
[2025-04-21T09:02:20.045+0000] {logging_mixin.py:188} INFO - [2025-04-21T09:02:20.044+0000] {dagbag.py:545} INFO - Filling up the DagBag from /home/airflow/.local/lib/python3.12/site-packages/airflow/example_dags/example_complex.py
[2025-04-21T09:02:20.049+0000] {processor.py:840} INFO - DAG(s) 'example_complex' retrieved from /home/airflow/.local/lib/python3.12/site-packages/airflow/example_dags/example_complex.py
[2025-04-21T09:02:20.064+0000] {logging_mixin.py:188} INFO - [2025-04-21T09:02:20.064+0000] {dag.py:3096} INFO - Sync 1 DAGs
[2025-04-21T09:02:20.070+0000] {logging_mixin.py:188} INFO - [2025-04-21T09:02:20.070+0000] {dag.py:3954} INFO - Setting next_dagrun for example_complex to None, run_after=None
[2025-04-21T09:02:20.079+0000] {processor.py:183} INFO - Processing /home/airflow/.local/lib/python3.12/site-packages/airflow/example_dags/example_complex.py took 0.040 seconds
[2025-04-21T10:25:29.129+0000] {processor.py:161} INFO - Started process (PID=92549) to work on /home/airflow/.local/lib/python3.12/site-packages/airflow/example_dags/example_complex.py
[2025-04-21T10:25:29.130+0000] {processor.py:830} INFO - Processing file /home/airflow/.local/lib/python3.12/site-packages/airflow/example_dags/example_complex.py for tasks to queue
[2025-04-21T10:25:29.131+0000] {logging_mixin.py:188} INFO - [2025-04-21T10:25:29.131+0000] {dagbag.py:545} INFO - Filling up the DagBag from /home/airflow/.local/lib/python3.12/site-packages/airflow/example_dags/example_complex.py
[2025-04-21T10:25:29.138+0000] {processor.py:840} INFO - DAG(s) 'example_complex' retrieved from /home/airflow/.local/lib/python3.12/site-packages/airflow/example_dags/example_complex.py
[2025-04-21T10:25:29.165+0000] {logging_mixin.py:188} INFO - [2025-04-21T10:25:29.164+0000] {dag.py:3096} INFO - Sync 1 DAGs
[2025-04-21T10:25:29.181+0000] {logging_mixin.py:188} INFO - [2025-04-21T10:25:29.181+0000] {dag.py:3954} INFO - Setting next_dagrun for example_complex to None, run_after=None
[2025-04-21T10:25:29.191+0000] {processor.py:183} INFO - Processing /home/airflow/.local/lib/python3.12/site-packages/airflow/example_dags/example_complex.py took 0.068 seconds
[2025-04-21T12:02:26.738+0000] {processor.py:161} INFO - Started process (PID=92609) to work on /home/airflow/.local/lib/python3.12/site-packages/airflow/example_dags/example_complex.py
[2025-04-21T12:02:26.739+0000] {processor.py:830} INFO - Processing file /home/airflow/.local/lib/python3.12/site-packages/airflow/example_dags/example_complex.py for tasks to queue
[2025-04-21T12:02:26.740+0000] {logging_mixin.py:188} INFO - [2025-04-21T12:02:26.740+0000] {dagbag.py:545} INFO - Filling up the DagBag from /home/airflow/.local/lib/python3.12/site-packages/airflow/example_dags/example_complex.py
[2025-04-21T12:02:26.745+0000] {processor.py:840} INFO - DAG(s) 'example_complex' retrieved from /home/airflow/.local/lib/python3.12/site-packages/airflow/example_dags/example_complex.py
[2025-04-21T12:02:26.760+0000] {logging_mixin.py:188} INFO - [2025-04-21T12:02:26.760+0000] {dag.py:3096} INFO - Sync 1 DAGs
[2025-04-21T12:02:26.766+0000] {logging_mixin.py:188} INFO - [2025-04-21T12:02:26.766+0000] {dag.py:3954} INFO - Setting next_dagrun for example_complex to None, run_after=None
[2025-04-21T12:02:26.775+0000] {processor.py:183} INFO - Processing /home/airflow/.local/lib/python3.12/site-packages/airflow/example_dags/example_complex.py took 0.040 seconds
[2025-04-21T12:02:57.198+0000] {processor.py:161} INFO - Started process (PID=92667) to work on /home/airflow/.local/lib/python3.12/site-packages/airflow/example_dags/example_complex.py
[2025-04-21T12:02:57.199+0000] {processor.py:830} INFO - Processing file /home/airflow/.local/lib/python3.12/site-packages/airflow/example_dags/example_complex.py for tasks to queue
[2025-04-21T12:02:57.200+0000] {logging_mixin.py:188} INFO - [2025-04-21T12:02:57.199+0000] {dagbag.py:545} INFO - Filling up the DagBag from /home/airflow/.local/lib/python3.12/site-packages/airflow/example_dags/example_complex.py
[2025-04-21T12:02:57.205+0000] {processor.py:840} INFO - DAG(s) 'example_complex' retrieved from /home/airflow/.local/lib/python3.12/site-packages/airflow/example_dags/example_complex.py
[2025-04-21T12:02:57.223+0000] {logging_mixin.py:188} INFO - [2025-04-21T12:02:57.222+0000] {dag.py:3096} INFO - Sync 1 DAGs
[2025-04-21T12:02:57.233+0000] {logging_mixin.py:188} INFO - [2025-04-21T12:02:57.233+0000] {dag.py:3954} INFO - Setting next_dagrun for example_complex to None, run_after=None
[2025-04-21T12:02:57.249+0000] {processor.py:183} INFO - Processing /home/airflow/.local/lib/python3.12/site-packages/airflow/example_dags/example_complex.py took 0.054 seconds
[2025-04-21T12:08:09.819+0000] {processor.py:161} INFO - Started process (PID=92729) to work on /home/airflow/.local/lib/python3.12/site-packages/airflow/example_dags/example_complex.py
[2025-04-21T12:08:09.819+0000] {processor.py:830} INFO - Processing file /home/airflow/.local/lib/python3.12/site-packages/airflow/example_dags/example_complex.py for tasks to queue
[2025-04-21T12:08:09.820+0000] {logging_mixin.py:188} INFO - [2025-04-21T12:08:09.820+0000] {dagbag.py:545} INFO - Filling up the DagBag from /home/airflow/.local/lib/python3.12/site-packages/airflow/example_dags/example_complex.py
[2025-04-21T12:08:09.825+0000] {processor.py:840} INFO - DAG(s) 'example_complex' retrieved from /home/airflow/.local/lib/python3.12/site-packages/airflow/example_dags/example_complex.py
[2025-04-21T12:08:09.840+0000] {logging_mixin.py:188} INFO - [2025-04-21T12:08:09.840+0000] {dag.py:3096} INFO - Sync 1 DAGs
[2025-04-21T12:08:09.846+0000] {logging_mixin.py:188} INFO - [2025-04-21T12:08:09.846+0000] {dag.py:3954} INFO - Setting next_dagrun for example_complex to None, run_after=None
[2025-04-21T12:08:09.855+0000] {processor.py:183} INFO - Processing /home/airflow/.local/lib/python3.12/site-packages/airflow/example_dags/example_complex.py took 0.040 seconds
[2025-04-21T12:09:04.760+0000] {processor.py:161} INFO - Started process (PID=92789) to work on /home/airflow/.local/lib/python3.12/site-packages/airflow/example_dags/example_complex.py
[2025-04-21T12:09:04.763+0000] {processor.py:830} INFO - Processing file /home/airflow/.local/lib/python3.12/site-packages/airflow/example_dags/example_complex.py for tasks to queue
[2025-04-21T12:09:04.764+0000] {logging_mixin.py:188} INFO - [2025-04-21T12:09:04.764+0000] {dagbag.py:545} INFO - Filling up the DagBag from /home/airflow/.local/lib/python3.12/site-packages/airflow/example_dags/example_complex.py
[2025-04-21T12:09:04.773+0000] {processor.py:840} INFO - DAG(s) 'example_complex' retrieved from /home/airflow/.local/lib/python3.12/site-packages/airflow/example_dags/example_complex.py
[2025-04-21T12:09:04.797+0000] {logging_mixin.py:188} INFO - [2025-04-21T12:09:04.796+0000] {dag.py:3096} INFO - Sync 1 DAGs
[2025-04-21T12:09:04.804+0000] {logging_mixin.py:188} INFO - [2025-04-21T12:09:04.804+0000] {dag.py:3954} INFO - Setting next_dagrun for example_complex to None, run_after=None
[2025-04-21T12:09:04.815+0000] {processor.py:183} INFO - Processing /home/airflow/.local/lib/python3.12/site-packages/airflow/example_dags/example_complex.py took 0.059 seconds
[2025-04-21T12:14:17.676+0000] {processor.py:161} INFO - Started process (PID=92849) to work on /home/airflow/.local/lib/python3.12/site-packages/airflow/example_dags/example_complex.py
[2025-04-21T12:14:17.677+0000] {processor.py:830} INFO - Processing file /home/airflow/.local/lib/python3.12/site-packages/airflow/example_dags/example_complex.py for tasks to queue
[2025-04-21T12:14:17.678+0000] {logging_mixin.py:188} INFO - [2025-04-21T12:14:17.678+0000] {dagbag.py:545} INFO - Filling up the DagBag from /home/airflow/.local/lib/python3.12/site-packages/airflow/example_dags/example_complex.py
[2025-04-21T12:14:17.683+0000] {processor.py:840} INFO - DAG(s) 'example_complex' retrieved from /home/airflow/.local/lib/python3.12/site-packages/airflow/example_dags/example_complex.py
[2025-04-21T12:14:17.698+0000] {logging_mixin.py:188} INFO - [2025-04-21T12:14:17.698+0000] {dag.py:3096} INFO - Sync 1 DAGs
[2025-04-21T12:14:17.704+0000] {logging_mixin.py:188} INFO - [2025-04-21T12:14:17.704+0000] {dag.py:3954} INFO - Setting next_dagrun for example_complex to None, run_after=None
[2025-04-21T12:14:17.713+0000] {processor.py:183} INFO - Processing /home/airflow/.local/lib/python3.12/site-packages/airflow/example_dags/example_complex.py took 0.040 seconds
[2025-04-21T12:19:31.152+0000] {processor.py:161} INFO - Started process (PID=92909) to work on /home/airflow/.local/lib/python3.12/site-packages/airflow/example_dags/example_complex.py
[2025-04-21T12:19:31.152+0000] {processor.py:830} INFO - Processing file /home/airflow/.local/lib/python3.12/site-packages/airflow/example_dags/example_complex.py for tasks to queue
[2025-04-21T12:19:31.154+0000] {logging_mixin.py:188} INFO - [2025-04-21T12:19:31.153+0000] {dagbag.py:545} INFO - Filling up the DagBag from /home/airflow/.local/lib/python3.12/site-packages/airflow/example_dags/example_complex.py
[2025-04-21T12:19:31.159+0000] {processor.py:840} INFO - DAG(s) 'example_complex' retrieved from /home/airflow/.local/lib/python3.12/site-packages/airflow/example_dags/example_complex.py
[2025-04-21T12:19:31.178+0000] {logging_mixin.py:188} INFO - [2025-04-21T12:19:31.178+0000] {dag.py:3096} INFO - Sync 1 DAGs
[2025-04-21T12:19:31.189+0000] {logging_mixin.py:188} INFO - [2025-04-21T12:19:31.189+0000] {dag.py:3954} INFO - Setting next_dagrun for example_complex to None, run_after=None
[2025-04-21T12:19:31.198+0000] {processor.py:183} INFO - Processing /home/airflow/.local/lib/python3.12/site-packages/airflow/example_dags/example_complex.py took 0.050 seconds
[2025-04-21T12:24:43.827+0000] {processor.py:161} INFO - Started process (PID=92969) to work on /home/airflow/.local/lib/python3.12/site-packages/airflow/example_dags/example_complex.py
[2025-04-21T12:24:43.828+0000] {processor.py:830} INFO - Processing file /home/airflow/.local/lib/python3.12/site-packages/airflow/example_dags/example_complex.py for tasks to queue
[2025-04-21T12:24:43.829+0000] {logging_mixin.py:188} INFO - [2025-04-21T12:24:43.829+0000] {dagbag.py:545} INFO - Filling up the DagBag from /home/airflow/.local/lib/python3.12/site-packages/airflow/example_dags/example_complex.py
[2025-04-21T12:24:43.834+0000] {processor.py:840} INFO - DAG(s) 'example_complex' retrieved from /home/airflow/.local/lib/python3.12/site-packages/airflow/example_dags/example_complex.py
[2025-04-21T12:24:43.851+0000] {logging_mixin.py:188} INFO - [2025-04-21T12:24:43.850+0000] {dag.py:3096} INFO - Sync 1 DAGs
[2025-04-21T12:24:43.857+0000] {logging_mixin.py:188} INFO - [2025-04-21T12:24:43.857+0000] {dag.py:3954} INFO - Setting next_dagrun for example_complex to None, run_after=None
[2025-04-21T12:24:43.865+0000] {processor.py:183} INFO - Processing /home/airflow/.local/lib/python3.12/site-packages/airflow/example_dags/example_complex.py took 0.042 seconds
[2025-04-21T12:56:58.687+0000] {processor.py:161} INFO - Started process (PID=93029) to work on /home/airflow/.local/lib/python3.12/site-packages/airflow/example_dags/example_complex.py
[2025-04-21T12:56:58.689+0000] {processor.py:830} INFO - Processing file /home/airflow/.local/lib/python3.12/site-packages/airflow/example_dags/example_complex.py for tasks to queue
[2025-04-21T12:56:58.692+0000] {logging_mixin.py:188} INFO - [2025-04-21T12:56:58.691+0000] {dagbag.py:545} INFO - Filling up the DagBag from /home/airflow/.local/lib/python3.12/site-packages/airflow/example_dags/example_complex.py
[2025-04-21T12:56:58.701+0000] {processor.py:840} INFO - DAG(s) 'example_complex' retrieved from /home/airflow/.local/lib/python3.12/site-packages/airflow/example_dags/example_complex.py
[2025-04-21T12:56:58.720+0000] {logging_mixin.py:188} INFO - [2025-04-21T12:56:58.720+0000] {dag.py:3096} INFO - Sync 1 DAGs
[2025-04-21T12:56:58.727+0000] {logging_mixin.py:188} INFO - [2025-04-21T12:56:58.726+0000] {dag.py:3954} INFO - Setting next_dagrun for example_complex to None, run_after=None
[2025-04-21T12:56:58.736+0000] {processor.py:183} INFO - Processing /home/airflow/.local/lib/python3.12/site-packages/airflow/example_dags/example_complex.py took 0.060 seconds
[2025-04-21T14:21:24.897+0000] {processor.py:161} INFO - Started process (PID=93089) to work on /home/airflow/.local/lib/python3.12/site-packages/airflow/example_dags/example_complex.py
[2025-04-21T14:21:24.898+0000] {processor.py:830} INFO - Processing file /home/airflow/.local/lib/python3.12/site-packages/airflow/example_dags/example_complex.py for tasks to queue
[2025-04-21T14:21:24.899+0000] {logging_mixin.py:188} INFO - [2025-04-21T14:21:24.899+0000] {dagbag.py:545} INFO - Filling up the DagBag from /home/airflow/.local/lib/python3.12/site-packages/airflow/example_dags/example_complex.py
[2025-04-21T14:21:24.905+0000] {processor.py:840} INFO - DAG(s) 'example_complex' retrieved from /home/airflow/.local/lib/python3.12/site-packages/airflow/example_dags/example_complex.py
[2025-04-21T14:21:24.920+0000] {logging_mixin.py:188} INFO - [2025-04-21T14:21:24.920+0000] {dag.py:3096} INFO - Sync 1 DAGs
[2025-04-21T14:21:24.926+0000] {logging_mixin.py:188} INFO - [2025-04-21T14:21:24.926+0000] {dag.py:3954} INFO - Setting next_dagrun for example_complex to None, run_after=None
[2025-04-21T14:21:24.935+0000] {processor.py:183} INFO - Processing /home/airflow/.local/lib/python3.12/site-packages/airflow/example_dags/example_complex.py took 0.041 seconds
[2025-04-21T16:03:44.147+0000] {processor.py:161} INFO - Started process (PID=93149) to work on /home/airflow/.local/lib/python3.12/site-packages/airflow/example_dags/example_complex.py
[2025-04-21T16:03:44.148+0000] {processor.py:830} INFO - Processing file /home/airflow/.local/lib/python3.12/site-packages/airflow/example_dags/example_complex.py for tasks to queue
[2025-04-21T16:03:44.149+0000] {logging_mixin.py:188} INFO - [2025-04-21T16:03:44.148+0000] {dagbag.py:545} INFO - Filling up the DagBag from /home/airflow/.local/lib/python3.12/site-packages/airflow/example_dags/example_complex.py
[2025-04-21T16:03:44.154+0000] {processor.py:840} INFO - DAG(s) 'example_complex' retrieved from /home/airflow/.local/lib/python3.12/site-packages/airflow/example_dags/example_complex.py
[2025-04-21T16:03:44.169+0000] {logging_mixin.py:188} INFO - [2025-04-21T16:03:44.169+0000] {dag.py:3096} INFO - Sync 1 DAGs
[2025-04-21T16:03:44.175+0000] {logging_mixin.py:188} INFO - [2025-04-21T16:03:44.175+0000] {dag.py:3954} INFO - Setting next_dagrun for example_complex to None, run_after=None
[2025-04-21T16:03:44.183+0000] {processor.py:183} INFO - Processing /home/airflow/.local/lib/python3.12/site-packages/airflow/example_dags/example_complex.py took 0.039 seconds
[2025-04-21T17:25:30.852+0000] {processor.py:161} INFO - Started process (PID=93209) to work on /home/airflow/.local/lib/python3.12/site-packages/airflow/example_dags/example_complex.py
[2025-04-21T17:25:30.853+0000] {processor.py:830} INFO - Processing file /home/airflow/.local/lib/python3.12/site-packages/airflow/example_dags/example_complex.py for tasks to queue
[2025-04-21T17:25:30.854+0000] {logging_mixin.py:188} INFO - [2025-04-21T17:25:30.854+0000] {dagbag.py:545} INFO - Filling up the DagBag from /home/airflow/.local/lib/python3.12/site-packages/airflow/example_dags/example_complex.py
[2025-04-21T17:25:30.859+0000] {processor.py:840} INFO - DAG(s) 'example_complex' retrieved from /home/airflow/.local/lib/python3.12/site-packages/airflow/example_dags/example_complex.py
[2025-04-21T17:25:30.877+0000] {logging_mixin.py:188} INFO - [2025-04-21T17:25:30.877+0000] {dag.py:3096} INFO - Sync 1 DAGs
[2025-04-21T17:25:30.884+0000] {logging_mixin.py:188} INFO - [2025-04-21T17:25:30.884+0000] {dag.py:3954} INFO - Setting next_dagrun for example_complex to None, run_after=None
[2025-04-21T17:25:30.893+0000] {processor.py:183} INFO - Processing /home/airflow/.local/lib/python3.12/site-packages/airflow/example_dags/example_complex.py took 0.045 seconds
[2025-04-21T18:31:34.329+0000] {processor.py:161} INFO - Started process (PID=93269) to work on /home/airflow/.local/lib/python3.12/site-packages/airflow/example_dags/example_complex.py
[2025-04-21T18:31:34.330+0000] {processor.py:830} INFO - Processing file /home/airflow/.local/lib/python3.12/site-packages/airflow/example_dags/example_complex.py for tasks to queue
[2025-04-21T18:31:34.331+0000] {logging_mixin.py:188} INFO - [2025-04-21T18:31:34.331+0000] {dagbag.py:545} INFO - Filling up the DagBag from /home/airflow/.local/lib/python3.12/site-packages/airflow/example_dags/example_complex.py
[2025-04-21T18:31:34.336+0000] {processor.py:840} INFO - DAG(s) 'example_complex' retrieved from /home/airflow/.local/lib/python3.12/site-packages/airflow/example_dags/example_complex.py
[2025-04-21T18:31:34.352+0000] {logging_mixin.py:188} INFO - [2025-04-21T18:31:34.352+0000] {dag.py:3096} INFO - Sync 1 DAGs
[2025-04-21T18:31:34.358+0000] {logging_mixin.py:188} INFO - [2025-04-21T18:31:34.358+0000] {dag.py:3954} INFO - Setting next_dagrun for example_complex to None, run_after=None
[2025-04-21T18:31:34.367+0000] {processor.py:183} INFO - Processing /home/airflow/.local/lib/python3.12/site-packages/airflow/example_dags/example_complex.py took 0.041 seconds
[2025-04-21T18:32:04.908+0000] {processor.py:161} INFO - Started process (PID=93327) to work on /home/airflow/.local/lib/python3.12/site-packages/airflow/example_dags/example_complex.py
[2025-04-21T18:32:04.910+0000] {processor.py:830} INFO - Processing file /home/airflow/.local/lib/python3.12/site-packages/airflow/example_dags/example_complex.py for tasks to queue
[2025-04-21T18:32:04.911+0000] {logging_mixin.py:188} INFO - [2025-04-21T18:32:04.911+0000] {dagbag.py:545} INFO - Filling up the DagBag from /home/airflow/.local/lib/python3.12/site-packages/airflow/example_dags/example_complex.py
[2025-04-21T18:32:04.917+0000] {processor.py:840} INFO - DAG(s) 'example_complex' retrieved from /home/airflow/.local/lib/python3.12/site-packages/airflow/example_dags/example_complex.py
[2025-04-21T18:32:04.936+0000] {logging_mixin.py:188} INFO - [2025-04-21T18:32:04.936+0000] {dag.py:3096} INFO - Sync 1 DAGs
[2025-04-21T18:32:04.942+0000] {logging_mixin.py:188} INFO - [2025-04-21T18:32:04.942+0000] {dag.py:3954} INFO - Setting next_dagrun for example_complex to None, run_after=None
[2025-04-21T18:32:04.956+0000] {processor.py:183} INFO - Processing /home/airflow/.local/lib/python3.12/site-packages/airflow/example_dags/example_complex.py took 0.052 seconds
[2025-04-21T18:35:56.674+0000] {processor.py:161} INFO - Started process (PID=93389) to work on /home/airflow/.local/lib/python3.12/site-packages/airflow/example_dags/example_complex.py
[2025-04-21T18:35:56.675+0000] {processor.py:830} INFO - Processing file /home/airflow/.local/lib/python3.12/site-packages/airflow/example_dags/example_complex.py for tasks to queue
[2025-04-21T18:35:56.676+0000] {logging_mixin.py:188} INFO - [2025-04-21T18:35:56.676+0000] {dagbag.py:545} INFO - Filling up the DagBag from /home/airflow/.local/lib/python3.12/site-packages/airflow/example_dags/example_complex.py
[2025-04-21T18:35:56.681+0000] {processor.py:840} INFO - DAG(s) 'example_complex' retrieved from /home/airflow/.local/lib/python3.12/site-packages/airflow/example_dags/example_complex.py
[2025-04-21T18:35:56.697+0000] {logging_mixin.py:188} INFO - [2025-04-21T18:35:56.696+0000] {dag.py:3096} INFO - Sync 1 DAGs
[2025-04-21T18:35:56.703+0000] {logging_mixin.py:188} INFO - [2025-04-21T18:35:56.703+0000] {dag.py:3954} INFO - Setting next_dagrun for example_complex to None, run_after=None
[2025-04-21T18:35:56.712+0000] {processor.py:183} INFO - Processing /home/airflow/.local/lib/python3.12/site-packages/airflow/example_dags/example_complex.py took 0.042 seconds
[2025-04-21T18:41:09.491+0000] {processor.py:161} INFO - Started process (PID=93449) to work on /home/airflow/.local/lib/python3.12/site-packages/airflow/example_dags/example_complex.py
[2025-04-21T18:41:09.492+0000] {processor.py:830} INFO - Processing file /home/airflow/.local/lib/python3.12/site-packages/airflow/example_dags/example_complex.py for tasks to queue
[2025-04-21T18:41:09.494+0000] {logging_mixin.py:188} INFO - [2025-04-21T18:41:09.494+0000] {dagbag.py:545} INFO - Filling up the DagBag from /home/airflow/.local/lib/python3.12/site-packages/airflow/example_dags/example_complex.py
[2025-04-21T18:41:09.500+0000] {processor.py:840} INFO - DAG(s) 'example_complex' retrieved from /home/airflow/.local/lib/python3.12/site-packages/airflow/example_dags/example_complex.py
[2025-04-21T18:41:09.516+0000] {logging_mixin.py:188} INFO - [2025-04-21T18:41:09.516+0000] {dag.py:3096} INFO - Sync 1 DAGs
[2025-04-21T18:41:09.523+0000] {logging_mixin.py:188} INFO - [2025-04-21T18:41:09.523+0000] {dag.py:3954} INFO - Setting next_dagrun for example_complex to None, run_after=None
[2025-04-21T18:41:09.531+0000] {processor.py:183} INFO - Processing /home/airflow/.local/lib/python3.12/site-packages/airflow/example_dags/example_complex.py took 0.049 seconds
[2025-04-21T18:41:40.180+0000] {processor.py:161} INFO - Started process (PID=93507) to work on /home/airflow/.local/lib/python3.12/site-packages/airflow/example_dags/example_complex.py
[2025-04-21T18:41:40.181+0000] {processor.py:830} INFO - Processing file /home/airflow/.local/lib/python3.12/site-packages/airflow/example_dags/example_complex.py for tasks to queue
[2025-04-21T18:41:40.182+0000] {logging_mixin.py:188} INFO - [2025-04-21T18:41:40.182+0000] {dagbag.py:545} INFO - Filling up the DagBag from /home/airflow/.local/lib/python3.12/site-packages/airflow/example_dags/example_complex.py
[2025-04-21T18:41:40.190+0000] {processor.py:840} INFO - DAG(s) 'example_complex' retrieved from /home/airflow/.local/lib/python3.12/site-packages/airflow/example_dags/example_complex.py
[2025-04-21T18:41:40.213+0000] {logging_mixin.py:188} INFO - [2025-04-21T18:41:40.213+0000] {dag.py:3096} INFO - Sync 1 DAGs
[2025-04-21T18:41:40.221+0000] {logging_mixin.py:188} INFO - [2025-04-21T18:41:40.221+0000] {dag.py:3954} INFO - Setting next_dagrun for example_complex to None, run_after=None
[2025-04-21T18:41:40.232+0000] {processor.py:183} INFO - Processing /home/airflow/.local/lib/python3.12/site-packages/airflow/example_dags/example_complex.py took 0.057 seconds
[2025-04-21T18:46:52.026+0000] {processor.py:161} INFO - Started process (PID=93569) to work on /home/airflow/.local/lib/python3.12/site-packages/airflow/example_dags/example_complex.py
[2025-04-21T18:46:52.027+0000] {processor.py:830} INFO - Processing file /home/airflow/.local/lib/python3.12/site-packages/airflow/example_dags/example_complex.py for tasks to queue
[2025-04-21T18:46:52.027+0000] {logging_mixin.py:188} INFO - [2025-04-21T18:46:52.027+0000] {dagbag.py:545} INFO - Filling up the DagBag from /home/airflow/.local/lib/python3.12/site-packages/airflow/example_dags/example_complex.py
[2025-04-21T18:46:52.032+0000] {processor.py:840} INFO - DAG(s) 'example_complex' retrieved from /home/airflow/.local/lib/python3.12/site-packages/airflow/example_dags/example_complex.py
[2025-04-21T18:46:52.046+0000] {logging_mixin.py:188} INFO - [2025-04-21T18:46:52.046+0000] {dag.py:3096} INFO - Sync 1 DAGs
[2025-04-21T18:46:52.123+0000] {logging_mixin.py:188} INFO - [2025-04-21T18:46:52.123+0000] {dag.py:3954} INFO - Setting next_dagrun for example_complex to None, run_after=None
[2025-04-21T18:46:52.130+0000] {processor.py:183} INFO - Processing /home/airflow/.local/lib/python3.12/site-packages/airflow/example_dags/example_complex.py took 0.107 seconds
[2025-04-21T18:52:05.200+0000] {processor.py:161} INFO - Started process (PID=93629) to work on /home/airflow/.local/lib/python3.12/site-packages/airflow/example_dags/example_complex.py
[2025-04-21T18:52:05.201+0000] {processor.py:830} INFO - Processing file /home/airflow/.local/lib/python3.12/site-packages/airflow/example_dags/example_complex.py for tasks to queue
[2025-04-21T18:52:05.202+0000] {logging_mixin.py:188} INFO - [2025-04-21T18:52:05.202+0000] {dagbag.py:545} INFO - Filling up the DagBag from /home/airflow/.local/lib/python3.12/site-packages/airflow/example_dags/example_complex.py
[2025-04-21T18:52:05.207+0000] {processor.py:840} INFO - DAG(s) 'example_complex' retrieved from /home/airflow/.local/lib/python3.12/site-packages/airflow/example_dags/example_complex.py
[2025-04-21T18:52:05.221+0000] {logging_mixin.py:188} INFO - [2025-04-21T18:52:05.220+0000] {dag.py:3096} INFO - Sync 1 DAGs
[2025-04-21T18:52:05.226+0000] {logging_mixin.py:188} INFO - [2025-04-21T18:52:05.226+0000] {dag.py:3954} INFO - Setting next_dagrun for example_complex to None, run_after=None
[2025-04-21T18:52:05.306+0000] {processor.py:183} INFO - Processing /home/airflow/.local/lib/python3.12/site-packages/airflow/example_dags/example_complex.py took 0.109 seconds
[2025-04-21T18:52:35.999+0000] {processor.py:161} INFO - Started process (PID=93687) to work on /home/airflow/.local/lib/python3.12/site-packages/airflow/example_dags/example_complex.py
[2025-04-21T18:52:36.000+0000] {processor.py:830} INFO - Processing file /home/airflow/.local/lib/python3.12/site-packages/airflow/example_dags/example_complex.py for tasks to queue
[2025-04-21T18:52:36.001+0000] {logging_mixin.py:188} INFO - [2025-04-21T18:52:36.001+0000] {dagbag.py:545} INFO - Filling up the DagBag from /home/airflow/.local/lib/python3.12/site-packages/airflow/example_dags/example_complex.py
[2025-04-21T18:52:36.007+0000] {processor.py:840} INFO - DAG(s) 'example_complex' retrieved from /home/airflow/.local/lib/python3.12/site-packages/airflow/example_dags/example_complex.py
[2025-04-21T18:52:36.022+0000] {logging_mixin.py:188} INFO - [2025-04-21T18:52:36.022+0000] {dag.py:3096} INFO - Sync 1 DAGs
[2025-04-21T18:52:36.028+0000] {logging_mixin.py:188} INFO - [2025-04-21T18:52:36.028+0000] {dag.py:3954} INFO - Setting next_dagrun for example_complex to None, run_after=None
[2025-04-21T18:52:36.040+0000] {processor.py:183} INFO - Processing /home/airflow/.local/lib/python3.12/site-packages/airflow/example_dags/example_complex.py took 0.044 seconds
[2025-04-21T18:57:48.321+0000] {processor.py:161} INFO - Started process (PID=93749) to work on /home/airflow/.local/lib/python3.12/site-packages/airflow/example_dags/example_complex.py
[2025-04-21T18:57:48.322+0000] {processor.py:830} INFO - Processing file /home/airflow/.local/lib/python3.12/site-packages/airflow/example_dags/example_complex.py for tasks to queue
[2025-04-21T18:57:48.323+0000] {logging_mixin.py:188} INFO - [2025-04-21T18:57:48.323+0000] {dagbag.py:545} INFO - Filling up the DagBag from /home/airflow/.local/lib/python3.12/site-packages/airflow/example_dags/example_complex.py
[2025-04-21T18:57:48.328+0000] {processor.py:840} INFO - DAG(s) 'example_complex' retrieved from /home/airflow/.local/lib/python3.12/site-packages/airflow/example_dags/example_complex.py
[2025-04-21T18:57:48.343+0000] {logging_mixin.py:188} INFO - [2025-04-21T18:57:48.342+0000] {dag.py:3096} INFO - Sync 1 DAGs
[2025-04-21T18:57:48.349+0000] {logging_mixin.py:188} INFO - [2025-04-21T18:57:48.348+0000] {dag.py:3954} INFO - Setting next_dagrun for example_complex to None, run_after=None
[2025-04-21T18:57:48.358+0000] {processor.py:183} INFO - Processing /home/airflow/.local/lib/python3.12/site-packages/airflow/example_dags/example_complex.py took 0.040 seconds
[2025-04-21T20:03:23.269+0000] {processor.py:161} INFO - Started process (PID=93809) to work on /home/airflow/.local/lib/python3.12/site-packages/airflow/example_dags/example_complex.py
[2025-04-21T20:03:23.269+0000] {processor.py:830} INFO - Processing file /home/airflow/.local/lib/python3.12/site-packages/airflow/example_dags/example_complex.py for tasks to queue
[2025-04-21T20:03:23.270+0000] {logging_mixin.py:188} INFO - [2025-04-21T20:03:23.270+0000] {dagbag.py:545} INFO - Filling up the DagBag from /home/airflow/.local/lib/python3.12/site-packages/airflow/example_dags/example_complex.py
[2025-04-21T20:03:23.276+0000] {processor.py:840} INFO - DAG(s) 'example_complex' retrieved from /home/airflow/.local/lib/python3.12/site-packages/airflow/example_dags/example_complex.py
[2025-04-21T20:03:23.291+0000] {logging_mixin.py:188} INFO - [2025-04-21T20:03:23.290+0000] {dag.py:3096} INFO - Sync 1 DAGs
[2025-04-21T20:03:23.297+0000] {logging_mixin.py:188} INFO - [2025-04-21T20:03:23.296+0000] {dag.py:3954} INFO - Setting next_dagrun for example_complex to None, run_after=None
[2025-04-21T20:03:23.306+0000] {processor.py:183} INFO - Processing /home/airflow/.local/lib/python3.12/site-packages/airflow/example_dags/example_complex.py took 0.040 seconds
[2025-04-21T20:15:52.810+0000] {processor.py:161} INFO - Started process (PID=93869) to work on /home/airflow/.local/lib/python3.12/site-packages/airflow/example_dags/example_complex.py
[2025-04-21T20:15:52.811+0000] {processor.py:830} INFO - Processing file /home/airflow/.local/lib/python3.12/site-packages/airflow/example_dags/example_complex.py for tasks to queue
[2025-04-21T20:15:52.813+0000] {logging_mixin.py:188} INFO - [2025-04-21T20:15:52.812+0000] {dagbag.py:545} INFO - Filling up the DagBag from /home/airflow/.local/lib/python3.12/site-packages/airflow/example_dags/example_complex.py
[2025-04-21T20:15:52.819+0000] {processor.py:840} INFO - DAG(s) 'example_complex' retrieved from /home/airflow/.local/lib/python3.12/site-packages/airflow/example_dags/example_complex.py
[2025-04-21T20:15:52.853+0000] {logging_mixin.py:188} INFO - [2025-04-21T20:15:52.853+0000] {dag.py:3096} INFO - Sync 1 DAGs
[2025-04-21T20:15:52.863+0000] {logging_mixin.py:188} INFO - [2025-04-21T20:15:52.862+0000] {dag.py:3954} INFO - Setting next_dagrun for example_complex to None, run_after=None
[2025-04-21T20:15:52.877+0000] {processor.py:183} INFO - Processing /home/airflow/.local/lib/python3.12/site-packages/airflow/example_dags/example_complex.py took 0.072 seconds
[2025-04-21T20:21:06.142+0000] {processor.py:161} INFO - Started process (PID=93929) to work on /home/airflow/.local/lib/python3.12/site-packages/airflow/example_dags/example_complex.py
[2025-04-21T20:21:06.143+0000] {processor.py:830} INFO - Processing file /home/airflow/.local/lib/python3.12/site-packages/airflow/example_dags/example_complex.py for tasks to queue
[2025-04-21T20:21:06.144+0000] {logging_mixin.py:188} INFO - [2025-04-21T20:21:06.144+0000] {dagbag.py:545} INFO - Filling up the DagBag from /home/airflow/.local/lib/python3.12/site-packages/airflow/example_dags/example_complex.py
[2025-04-21T20:21:06.150+0000] {processor.py:840} INFO - DAG(s) 'example_complex' retrieved from /home/airflow/.local/lib/python3.12/site-packages/airflow/example_dags/example_complex.py
[2025-04-21T20:21:06.167+0000] {logging_mixin.py:188} INFO - [2025-04-21T20:21:06.167+0000] {dag.py:3096} INFO - Sync 1 DAGs
[2025-04-21T20:21:06.175+0000] {logging_mixin.py:188} INFO - [2025-04-21T20:21:06.175+0000] {dag.py:3954} INFO - Setting next_dagrun for example_complex to None, run_after=None
[2025-04-21T20:21:06.189+0000] {processor.py:183} INFO - Processing /home/airflow/.local/lib/python3.12/site-packages/airflow/example_dags/example_complex.py took 0.050 seconds
[2025-04-21T20:22:20.267+0000] {processor.py:161} INFO - Started process (PID=93989) to work on /home/airflow/.local/lib/python3.12/site-packages/airflow/example_dags/example_complex.py
[2025-04-21T20:22:20.267+0000] {processor.py:830} INFO - Processing file /home/airflow/.local/lib/python3.12/site-packages/airflow/example_dags/example_complex.py for tasks to queue
[2025-04-21T20:22:20.268+0000] {logging_mixin.py:188} INFO - [2025-04-21T20:22:20.268+0000] {dagbag.py:545} INFO - Filling up the DagBag from /home/airflow/.local/lib/python3.12/site-packages/airflow/example_dags/example_complex.py
[2025-04-21T20:22:20.274+0000] {processor.py:840} INFO - DAG(s) 'example_complex' retrieved from /home/airflow/.local/lib/python3.12/site-packages/airflow/example_dags/example_complex.py
[2025-04-21T20:22:20.288+0000] {logging_mixin.py:188} INFO - [2025-04-21T20:22:20.288+0000] {dag.py:3096} INFO - Sync 1 DAGs
[2025-04-21T20:22:20.294+0000] {logging_mixin.py:188} INFO - [2025-04-21T20:22:20.294+0000] {dag.py:3954} INFO - Setting next_dagrun for example_complex to None, run_after=None
[2025-04-21T20:22:20.304+0000] {processor.py:183} INFO - Processing /home/airflow/.local/lib/python3.12/site-packages/airflow/example_dags/example_complex.py took 0.040 seconds
[2025-04-21T20:27:33.766+0000] {processor.py:161} INFO - Started process (PID=94049) to work on /home/airflow/.local/lib/python3.12/site-packages/airflow/example_dags/example_complex.py
[2025-04-21T20:27:33.767+0000] {processor.py:830} INFO - Processing file /home/airflow/.local/lib/python3.12/site-packages/airflow/example_dags/example_complex.py for tasks to queue
[2025-04-21T20:27:33.768+0000] {logging_mixin.py:188} INFO - [2025-04-21T20:27:33.768+0000] {dagbag.py:545} INFO - Filling up the DagBag from /home/airflow/.local/lib/python3.12/site-packages/airflow/example_dags/example_complex.py
[2025-04-21T20:27:33.773+0000] {processor.py:840} INFO - DAG(s) 'example_complex' retrieved from /home/airflow/.local/lib/python3.12/site-packages/airflow/example_dags/example_complex.py
[2025-04-21T20:27:33.790+0000] {logging_mixin.py:188} INFO - [2025-04-21T20:27:33.790+0000] {dag.py:3096} INFO - Sync 1 DAGs
[2025-04-21T20:27:33.798+0000] {logging_mixin.py:188} INFO - [2025-04-21T20:27:33.798+0000] {dag.py:3954} INFO - Setting next_dagrun for example_complex to None, run_after=None
[2025-04-21T20:27:33.809+0000] {processor.py:183} INFO - Processing /home/airflow/.local/lib/python3.12/site-packages/airflow/example_dags/example_complex.py took 0.046 seconds
[2025-04-21T20:29:31.107+0000] {processor.py:161} INFO - Started process (PID=94109) to work on /home/airflow/.local/lib/python3.12/site-packages/airflow/example_dags/example_complex.py
[2025-04-21T20:29:31.108+0000] {processor.py:830} INFO - Processing file /home/airflow/.local/lib/python3.12/site-packages/airflow/example_dags/example_complex.py for tasks to queue
[2025-04-21T20:29:31.109+0000] {logging_mixin.py:188} INFO - [2025-04-21T20:29:31.109+0000] {dagbag.py:545} INFO - Filling up the DagBag from /home/airflow/.local/lib/python3.12/site-packages/airflow/example_dags/example_complex.py
[2025-04-21T20:29:31.114+0000] {processor.py:840} INFO - DAG(s) 'example_complex' retrieved from /home/airflow/.local/lib/python3.12/site-packages/airflow/example_dags/example_complex.py
[2025-04-21T20:29:31.128+0000] {logging_mixin.py:188} INFO - [2025-04-21T20:29:31.128+0000] {dag.py:3096} INFO - Sync 1 DAGs
[2025-04-21T20:29:31.134+0000] {logging_mixin.py:188} INFO - [2025-04-21T20:29:31.134+0000] {dag.py:3954} INFO - Setting next_dagrun for example_complex to None, run_after=None
[2025-04-21T20:29:31.143+0000] {processor.py:183} INFO - Processing /home/airflow/.local/lib/python3.12/site-packages/airflow/example_dags/example_complex.py took 0.038 seconds
[2025-04-21T20:30:50.528+0000] {processor.py:161} INFO - Started process (PID=94169) to work on /home/airflow/.local/lib/python3.12/site-packages/airflow/example_dags/example_complex.py
[2025-04-21T20:30:50.529+0000] {processor.py:830} INFO - Processing file /home/airflow/.local/lib/python3.12/site-packages/airflow/example_dags/example_complex.py for tasks to queue
[2025-04-21T20:30:50.530+0000] {logging_mixin.py:188} INFO - [2025-04-21T20:30:50.530+0000] {dagbag.py:545} INFO - Filling up the DagBag from /home/airflow/.local/lib/python3.12/site-packages/airflow/example_dags/example_complex.py
[2025-04-21T20:30:50.535+0000] {processor.py:840} INFO - DAG(s) 'example_complex' retrieved from /home/airflow/.local/lib/python3.12/site-packages/airflow/example_dags/example_complex.py
[2025-04-21T20:30:50.550+0000] {logging_mixin.py:188} INFO - [2025-04-21T20:30:50.550+0000] {dag.py:3096} INFO - Sync 1 DAGs
[2025-04-21T20:30:50.557+0000] {logging_mixin.py:188} INFO - [2025-04-21T20:30:50.557+0000] {dag.py:3954} INFO - Setting next_dagrun for example_complex to None, run_after=None
[2025-04-21T20:30:50.566+0000] {processor.py:183} INFO - Processing /home/airflow/.local/lib/python3.12/site-packages/airflow/example_dags/example_complex.py took 0.041 seconds
[2025-04-21T20:31:31.850+0000] {processor.py:161} INFO - Started process (PID=94229) to work on /home/airflow/.local/lib/python3.12/site-packages/airflow/example_dags/example_complex.py
[2025-04-21T20:31:31.850+0000] {processor.py:830} INFO - Processing file /home/airflow/.local/lib/python3.12/site-packages/airflow/example_dags/example_complex.py for tasks to queue
[2025-04-21T20:31:31.851+0000] {logging_mixin.py:188} INFO - [2025-04-21T20:31:31.851+0000] {dagbag.py:545} INFO - Filling up the DagBag from /home/airflow/.local/lib/python3.12/site-packages/airflow/example_dags/example_complex.py
[2025-04-21T20:31:31.857+0000] {processor.py:840} INFO - DAG(s) 'example_complex' retrieved from /home/airflow/.local/lib/python3.12/site-packages/airflow/example_dags/example_complex.py
[2025-04-21T20:31:31.873+0000] {logging_mixin.py:188} INFO - [2025-04-21T20:31:31.872+0000] {dag.py:3096} INFO - Sync 1 DAGs
[2025-04-21T20:31:31.878+0000] {logging_mixin.py:188} INFO - [2025-04-21T20:31:31.878+0000] {dag.py:3954} INFO - Setting next_dagrun for example_complex to None, run_after=None
[2025-04-21T20:31:31.887+0000] {processor.py:183} INFO - Processing /home/airflow/.local/lib/python3.12/site-packages/airflow/example_dags/example_complex.py took 0.041 seconds
[2025-04-21T20:32:07.090+0000] {processor.py:161} INFO - Started process (PID=94289) to work on /home/airflow/.local/lib/python3.12/site-packages/airflow/example_dags/example_complex.py
[2025-04-21T20:32:07.091+0000] {processor.py:830} INFO - Processing file /home/airflow/.local/lib/python3.12/site-packages/airflow/example_dags/example_complex.py for tasks to queue
[2025-04-21T20:32:07.091+0000] {logging_mixin.py:188} INFO - [2025-04-21T20:32:07.091+0000] {dagbag.py:545} INFO - Filling up the DagBag from /home/airflow/.local/lib/python3.12/site-packages/airflow/example_dags/example_complex.py
[2025-04-21T20:32:07.097+0000] {processor.py:840} INFO - DAG(s) 'example_complex' retrieved from /home/airflow/.local/lib/python3.12/site-packages/airflow/example_dags/example_complex.py
[2025-04-21T20:32:07.112+0000] {logging_mixin.py:188} INFO - [2025-04-21T20:32:07.111+0000] {dag.py:3096} INFO - Sync 1 DAGs
[2025-04-21T20:32:07.118+0000] {logging_mixin.py:188} INFO - [2025-04-21T20:32:07.117+0000] {dag.py:3954} INFO - Setting next_dagrun for example_complex to None, run_after=None
[2025-04-21T20:32:07.127+0000] {processor.py:183} INFO - Processing /home/airflow/.local/lib/python3.12/site-packages/airflow/example_dags/example_complex.py took 0.039 seconds
[2025-04-21T20:33:31.874+0000] {processor.py:161} INFO - Started process (PID=94349) to work on /home/airflow/.local/lib/python3.12/site-packages/airflow/example_dags/example_complex.py
[2025-04-21T20:33:31.874+0000] {processor.py:830} INFO - Processing file /home/airflow/.local/lib/python3.12/site-packages/airflow/example_dags/example_complex.py for tasks to queue
[2025-04-21T20:33:31.875+0000] {logging_mixin.py:188} INFO - [2025-04-21T20:33:31.875+0000] {dagbag.py:545} INFO - Filling up the DagBag from /home/airflow/.local/lib/python3.12/site-packages/airflow/example_dags/example_complex.py
[2025-04-21T20:33:31.881+0000] {processor.py:840} INFO - DAG(s) 'example_complex' retrieved from /home/airflow/.local/lib/python3.12/site-packages/airflow/example_dags/example_complex.py
[2025-04-21T20:33:31.901+0000] {logging_mixin.py:188} INFO - [2025-04-21T20:33:31.901+0000] {dag.py:3096} INFO - Sync 1 DAGs
[2025-04-21T20:33:31.908+0000] {logging_mixin.py:188} INFO - [2025-04-21T20:33:31.908+0000] {dag.py:3954} INFO - Setting next_dagrun for example_complex to None, run_after=None
[2025-04-21T20:33:31.917+0000] {processor.py:183} INFO - Processing /home/airflow/.local/lib/python3.12/site-packages/airflow/example_dags/example_complex.py took 0.046 seconds
[2025-04-21T20:34:53.847+0000] {processor.py:161} INFO - Started process (PID=94409) to work on /home/airflow/.local/lib/python3.12/site-packages/airflow/example_dags/example_complex.py
[2025-04-21T20:34:53.848+0000] {processor.py:830} INFO - Processing file /home/airflow/.local/lib/python3.12/site-packages/airflow/example_dags/example_complex.py for tasks to queue
[2025-04-21T20:34:53.850+0000] {logging_mixin.py:188} INFO - [2025-04-21T20:34:53.849+0000] {dagbag.py:545} INFO - Filling up the DagBag from /home/airflow/.local/lib/python3.12/site-packages/airflow/example_dags/example_complex.py
[2025-04-21T20:34:53.855+0000] {processor.py:840} INFO - DAG(s) 'example_complex' retrieved from /home/airflow/.local/lib/python3.12/site-packages/airflow/example_dags/example_complex.py
[2025-04-21T20:34:53.873+0000] {logging_mixin.py:188} INFO - [2025-04-21T20:34:53.873+0000] {dag.py:3096} INFO - Sync 1 DAGs
[2025-04-21T20:34:53.880+0000] {logging_mixin.py:188} INFO - [2025-04-21T20:34:53.880+0000] {dag.py:3954} INFO - Setting next_dagrun for example_complex to None, run_after=None
[2025-04-21T20:34:53.889+0000] {processor.py:183} INFO - Processing /home/airflow/.local/lib/python3.12/site-packages/airflow/example_dags/example_complex.py took 0.045 seconds
[2025-04-21T20:36:07.544+0000] {processor.py:161} INFO - Started process (PID=94469) to work on /home/airflow/.local/lib/python3.12/site-packages/airflow/example_dags/example_complex.py
[2025-04-21T20:36:07.545+0000] {processor.py:830} INFO - Processing file /home/airflow/.local/lib/python3.12/site-packages/airflow/example_dags/example_complex.py for tasks to queue
[2025-04-21T20:36:07.546+0000] {logging_mixin.py:188} INFO - [2025-04-21T20:36:07.545+0000] {dagbag.py:545} INFO - Filling up the DagBag from /home/airflow/.local/lib/python3.12/site-packages/airflow/example_dags/example_complex.py
[2025-04-21T20:36:07.551+0000] {processor.py:840} INFO - DAG(s) 'example_complex' retrieved from /home/airflow/.local/lib/python3.12/site-packages/airflow/example_dags/example_complex.py
[2025-04-21T20:36:07.565+0000] {logging_mixin.py:188} INFO - [2025-04-21T20:36:07.565+0000] {dag.py:3096} INFO - Sync 1 DAGs
[2025-04-21T20:36:07.571+0000] {logging_mixin.py:188} INFO - [2025-04-21T20:36:07.571+0000] {dag.py:3954} INFO - Setting next_dagrun for example_complex to None, run_after=None
[2025-04-21T20:36:07.580+0000] {processor.py:183} INFO - Processing /home/airflow/.local/lib/python3.12/site-packages/airflow/example_dags/example_complex.py took 0.039 seconds
[2025-04-21T20:37:28.560+0000] {processor.py:161} INFO - Started process (PID=94529) to work on /home/airflow/.local/lib/python3.12/site-packages/airflow/example_dags/example_complex.py
[2025-04-21T20:37:28.561+0000] {processor.py:830} INFO - Processing file /home/airflow/.local/lib/python3.12/site-packages/airflow/example_dags/example_complex.py for tasks to queue
[2025-04-21T20:37:28.562+0000] {logging_mixin.py:188} INFO - [2025-04-21T20:37:28.562+0000] {dagbag.py:545} INFO - Filling up the DagBag from /home/airflow/.local/lib/python3.12/site-packages/airflow/example_dags/example_complex.py
[2025-04-21T20:37:28.567+0000] {processor.py:840} INFO - DAG(s) 'example_complex' retrieved from /home/airflow/.local/lib/python3.12/site-packages/airflow/example_dags/example_complex.py
[2025-04-21T20:37:28.582+0000] {logging_mixin.py:188} INFO - [2025-04-21T20:37:28.582+0000] {dag.py:3096} INFO - Sync 1 DAGs
[2025-04-21T20:37:28.589+0000] {logging_mixin.py:188} INFO - [2025-04-21T20:37:28.589+0000] {dag.py:3954} INFO - Setting next_dagrun for example_complex to None, run_after=None
[2025-04-21T20:37:28.602+0000] {processor.py:183} INFO - Processing /home/airflow/.local/lib/python3.12/site-packages/airflow/example_dags/example_complex.py took 0.045 seconds
[2025-04-21T20:40:15.653+0000] {processor.py:161} INFO - Started process (PID=94589) to work on /home/airflow/.local/lib/python3.12/site-packages/airflow/example_dags/example_complex.py
[2025-04-21T20:40:15.654+0000] {processor.py:830} INFO - Processing file /home/airflow/.local/lib/python3.12/site-packages/airflow/example_dags/example_complex.py for tasks to queue
[2025-04-21T20:40:15.654+0000] {logging_mixin.py:188} INFO - [2025-04-21T20:40:15.654+0000] {dagbag.py:545} INFO - Filling up the DagBag from /home/airflow/.local/lib/python3.12/site-packages/airflow/example_dags/example_complex.py
[2025-04-21T20:40:15.660+0000] {processor.py:840} INFO - DAG(s) 'example_complex' retrieved from /home/airflow/.local/lib/python3.12/site-packages/airflow/example_dags/example_complex.py
[2025-04-21T20:40:15.676+0000] {logging_mixin.py:188} INFO - [2025-04-21T20:40:15.676+0000] {dag.py:3096} INFO - Sync 1 DAGs
[2025-04-21T20:40:15.682+0000] {logging_mixin.py:188} INFO - [2025-04-21T20:40:15.682+0000] {dag.py:3954} INFO - Setting next_dagrun for example_complex to None, run_after=None
[2025-04-21T20:40:15.691+0000] {processor.py:183} INFO - Processing /home/airflow/.local/lib/python3.12/site-packages/airflow/example_dags/example_complex.py took 0.041 seconds
[2025-04-21T20:41:05.608+0000] {processor.py:161} INFO - Started process (PID=94649) to work on /home/airflow/.local/lib/python3.12/site-packages/airflow/example_dags/example_complex.py
[2025-04-21T20:41:05.609+0000] {processor.py:830} INFO - Processing file /home/airflow/.local/lib/python3.12/site-packages/airflow/example_dags/example_complex.py for tasks to queue
[2025-04-21T20:41:05.610+0000] {logging_mixin.py:188} INFO - [2025-04-21T20:41:05.610+0000] {dagbag.py:545} INFO - Filling up the DagBag from /home/airflow/.local/lib/python3.12/site-packages/airflow/example_dags/example_complex.py
[2025-04-21T20:41:05.615+0000] {processor.py:840} INFO - DAG(s) 'example_complex' retrieved from /home/airflow/.local/lib/python3.12/site-packages/airflow/example_dags/example_complex.py
[2025-04-21T20:41:05.630+0000] {logging_mixin.py:188} INFO - [2025-04-21T20:41:05.629+0000] {dag.py:3096} INFO - Sync 1 DAGs
[2025-04-21T20:41:05.636+0000] {logging_mixin.py:188} INFO - [2025-04-21T20:41:05.635+0000] {dag.py:3954} INFO - Setting next_dagrun for example_complex to None, run_after=None
[2025-04-21T20:41:05.644+0000] {processor.py:183} INFO - Processing /home/airflow/.local/lib/python3.12/site-packages/airflow/example_dags/example_complex.py took 0.039 seconds
[2025-04-21T20:41:48.336+0000] {processor.py:161} INFO - Started process (PID=94709) to work on /home/airflow/.local/lib/python3.12/site-packages/airflow/example_dags/example_complex.py
[2025-04-21T20:41:48.337+0000] {processor.py:830} INFO - Processing file /home/airflow/.local/lib/python3.12/site-packages/airflow/example_dags/example_complex.py for tasks to queue
[2025-04-21T20:41:48.338+0000] {logging_mixin.py:188} INFO - [2025-04-21T20:41:48.337+0000] {dagbag.py:545} INFO - Filling up the DagBag from /home/airflow/.local/lib/python3.12/site-packages/airflow/example_dags/example_complex.py
[2025-04-21T20:41:48.342+0000] {processor.py:840} INFO - DAG(s) 'example_complex' retrieved from /home/airflow/.local/lib/python3.12/site-packages/airflow/example_dags/example_complex.py
[2025-04-21T20:41:48.357+0000] {logging_mixin.py:188} INFO - [2025-04-21T20:41:48.357+0000] {dag.py:3096} INFO - Sync 1 DAGs
[2025-04-21T20:41:48.363+0000] {logging_mixin.py:188} INFO - [2025-04-21T20:41:48.363+0000] {dag.py:3954} INFO - Setting next_dagrun for example_complex to None, run_after=None
[2025-04-21T20:41:48.371+0000] {processor.py:183} INFO - Processing /home/airflow/.local/lib/python3.12/site-packages/airflow/example_dags/example_complex.py took 0.038 seconds
[2025-04-21T20:42:33.483+0000] {processor.py:161} INFO - Started process (PID=94769) to work on /home/airflow/.local/lib/python3.12/site-packages/airflow/example_dags/example_complex.py
[2025-04-21T20:42:33.484+0000] {processor.py:830} INFO - Processing file /home/airflow/.local/lib/python3.12/site-packages/airflow/example_dags/example_complex.py for tasks to queue
[2025-04-21T20:42:33.485+0000] {logging_mixin.py:188} INFO - [2025-04-21T20:42:33.484+0000] {dagbag.py:545} INFO - Filling up the DagBag from /home/airflow/.local/lib/python3.12/site-packages/airflow/example_dags/example_complex.py
[2025-04-21T20:42:33.490+0000] {processor.py:840} INFO - DAG(s) 'example_complex' retrieved from /home/airflow/.local/lib/python3.12/site-packages/airflow/example_dags/example_complex.py
[2025-04-21T20:42:33.505+0000] {logging_mixin.py:188} INFO - [2025-04-21T20:42:33.505+0000] {dag.py:3096} INFO - Sync 1 DAGs
[2025-04-21T20:42:33.511+0000] {logging_mixin.py:188} INFO - [2025-04-21T20:42:33.511+0000] {dag.py:3954} INFO - Setting next_dagrun for example_complex to None, run_after=None
[2025-04-21T20:42:33.520+0000] {processor.py:183} INFO - Processing /home/airflow/.local/lib/python3.12/site-packages/airflow/example_dags/example_complex.py took 0.040 seconds
[2025-04-21T20:43:36.042+0000] {processor.py:161} INFO - Started process (PID=94829) to work on /home/airflow/.local/lib/python3.12/site-packages/airflow/example_dags/example_complex.py
[2025-04-21T20:43:36.043+0000] {processor.py:830} INFO - Processing file /home/airflow/.local/lib/python3.12/site-packages/airflow/example_dags/example_complex.py for tasks to queue
[2025-04-21T20:43:36.045+0000] {logging_mixin.py:188} INFO - [2025-04-21T20:43:36.045+0000] {dagbag.py:545} INFO - Filling up the DagBag from /home/airflow/.local/lib/python3.12/site-packages/airflow/example_dags/example_complex.py
[2025-04-21T20:43:36.056+0000] {processor.py:840} INFO - DAG(s) 'example_complex' retrieved from /home/airflow/.local/lib/python3.12/site-packages/airflow/example_dags/example_complex.py
[2025-04-21T20:43:36.096+0000] {logging_mixin.py:188} INFO - [2025-04-21T20:43:36.095+0000] {dag.py:3096} INFO - Sync 1 DAGs
[2025-04-21T20:43:36.109+0000] {logging_mixin.py:188} INFO - [2025-04-21T20:43:36.108+0000] {dag.py:3954} INFO - Setting next_dagrun for example_complex to None, run_after=None
[2025-04-21T20:43:36.121+0000] {processor.py:183} INFO - Processing /home/airflow/.local/lib/python3.12/site-packages/airflow/example_dags/example_complex.py took 0.087 seconds
[2025-04-21T20:44:40.415+0000] {processor.py:161} INFO - Started process (PID=94889) to work on /home/airflow/.local/lib/python3.12/site-packages/airflow/example_dags/example_complex.py
[2025-04-21T20:44:40.416+0000] {processor.py:830} INFO - Processing file /home/airflow/.local/lib/python3.12/site-packages/airflow/example_dags/example_complex.py for tasks to queue
[2025-04-21T20:44:40.417+0000] {logging_mixin.py:188} INFO - [2025-04-21T20:44:40.417+0000] {dagbag.py:545} INFO - Filling up the DagBag from /home/airflow/.local/lib/python3.12/site-packages/airflow/example_dags/example_complex.py
[2025-04-21T20:44:40.423+0000] {processor.py:840} INFO - DAG(s) 'example_complex' retrieved from /home/airflow/.local/lib/python3.12/site-packages/airflow/example_dags/example_complex.py
[2025-04-21T20:44:40.437+0000] {logging_mixin.py:188} INFO - [2025-04-21T20:44:40.437+0000] {dag.py:3096} INFO - Sync 1 DAGs
[2025-04-21T20:44:40.443+0000] {logging_mixin.py:188} INFO - [2025-04-21T20:44:40.443+0000] {dag.py:3954} INFO - Setting next_dagrun for example_complex to None, run_after=None
[2025-04-21T20:44:40.452+0000] {processor.py:183} INFO - Processing /home/airflow/.local/lib/python3.12/site-packages/airflow/example_dags/example_complex.py took 0.039 seconds
[2025-04-21T20:45:21.901+0000] {processor.py:161} INFO - Started process (PID=94949) to work on /home/airflow/.local/lib/python3.12/site-packages/airflow/example_dags/example_complex.py
[2025-04-21T20:45:21.901+0000] {processor.py:830} INFO - Processing file /home/airflow/.local/lib/python3.12/site-packages/airflow/example_dags/example_complex.py for tasks to queue
[2025-04-21T20:45:21.902+0000] {logging_mixin.py:188} INFO - [2025-04-21T20:45:21.902+0000] {dagbag.py:545} INFO - Filling up the DagBag from /home/airflow/.local/lib/python3.12/site-packages/airflow/example_dags/example_complex.py
[2025-04-21T20:45:21.910+0000] {processor.py:840} INFO - DAG(s) 'example_complex' retrieved from /home/airflow/.local/lib/python3.12/site-packages/airflow/example_dags/example_complex.py
[2025-04-21T20:45:21.931+0000] {logging_mixin.py:188} INFO - [2025-04-21T20:45:21.930+0000] {dag.py:3096} INFO - Sync 1 DAGs
[2025-04-21T20:45:21.937+0000] {logging_mixin.py:188} INFO - [2025-04-21T20:45:21.936+0000] {dag.py:3954} INFO - Setting next_dagrun for example_complex to None, run_after=None
[2025-04-21T20:45:21.946+0000] {processor.py:183} INFO - Processing /home/airflow/.local/lib/python3.12/site-packages/airflow/example_dags/example_complex.py took 0.048 seconds
[2025-04-21T20:50:34.432+0000] {processor.py:161} INFO - Started process (PID=95009) to work on /home/airflow/.local/lib/python3.12/site-packages/airflow/example_dags/example_complex.py
[2025-04-21T20:50:34.432+0000] {processor.py:830} INFO - Processing file /home/airflow/.local/lib/python3.12/site-packages/airflow/example_dags/example_complex.py for tasks to queue
[2025-04-21T20:50:34.433+0000] {logging_mixin.py:188} INFO - [2025-04-21T20:50:34.433+0000] {dagbag.py:545} INFO - Filling up the DagBag from /home/airflow/.local/lib/python3.12/site-packages/airflow/example_dags/example_complex.py
[2025-04-21T20:50:34.440+0000] {processor.py:840} INFO - DAG(s) 'example_complex' retrieved from /home/airflow/.local/lib/python3.12/site-packages/airflow/example_dags/example_complex.py
[2025-04-21T20:50:34.461+0000] {logging_mixin.py:188} INFO - [2025-04-21T20:50:34.461+0000] {dag.py:3096} INFO - Sync 1 DAGs
[2025-04-21T20:50:34.469+0000] {logging_mixin.py:188} INFO - [2025-04-21T20:50:34.469+0000] {dag.py:3954} INFO - Setting next_dagrun for example_complex to None, run_after=None
[2025-04-21T20:50:34.480+0000] {processor.py:183} INFO - Processing /home/airflow/.local/lib/python3.12/site-packages/airflow/example_dags/example_complex.py took 0.052 seconds
[2025-04-21T20:51:04.885+0000] {processor.py:161} INFO - Started process (PID=95067) to work on /home/airflow/.local/lib/python3.12/site-packages/airflow/example_dags/example_complex.py
[2025-04-21T20:51:04.886+0000] {processor.py:830} INFO - Processing file /home/airflow/.local/lib/python3.12/site-packages/airflow/example_dags/example_complex.py for tasks to queue
[2025-04-21T20:51:04.887+0000] {logging_mixin.py:188} INFO - [2025-04-21T20:51:04.887+0000] {dagbag.py:545} INFO - Filling up the DagBag from /home/airflow/.local/lib/python3.12/site-packages/airflow/example_dags/example_complex.py
[2025-04-21T20:51:04.892+0000] {processor.py:840} INFO - DAG(s) 'example_complex' retrieved from /home/airflow/.local/lib/python3.12/site-packages/airflow/example_dags/example_complex.py
[2025-04-21T20:51:04.909+0000] {logging_mixin.py:188} INFO - [2025-04-21T20:51:04.909+0000] {dag.py:3096} INFO - Sync 1 DAGs
[2025-04-21T20:51:04.915+0000] {logging_mixin.py:188} INFO - [2025-04-21T20:51:04.915+0000] {dag.py:3954} INFO - Setting next_dagrun for example_complex to None, run_after=None
[2025-04-21T20:51:04.926+0000] {processor.py:183} INFO - Processing /home/airflow/.local/lib/python3.12/site-packages/airflow/example_dags/example_complex.py took 0.045 seconds
[2025-04-21T20:56:18.072+0000] {processor.py:161} INFO - Started process (PID=95129) to work on /home/airflow/.local/lib/python3.12/site-packages/airflow/example_dags/example_complex.py
[2025-04-21T20:56:18.073+0000] {processor.py:830} INFO - Processing file /home/airflow/.local/lib/python3.12/site-packages/airflow/example_dags/example_complex.py for tasks to queue
[2025-04-21T20:56:18.074+0000] {logging_mixin.py:188} INFO - [2025-04-21T20:56:18.073+0000] {dagbag.py:545} INFO - Filling up the DagBag from /home/airflow/.local/lib/python3.12/site-packages/airflow/example_dags/example_complex.py
[2025-04-21T20:56:18.079+0000] {processor.py:840} INFO - DAG(s) 'example_complex' retrieved from /home/airflow/.local/lib/python3.12/site-packages/airflow/example_dags/example_complex.py
[2025-04-21T20:56:18.094+0000] {logging_mixin.py:188} INFO - [2025-04-21T20:56:18.094+0000] {dag.py:3096} INFO - Sync 1 DAGs
[2025-04-21T20:56:18.103+0000] {logging_mixin.py:188} INFO - [2025-04-21T20:56:18.103+0000] {dag.py:3954} INFO - Setting next_dagrun for example_complex to None, run_after=None
[2025-04-21T20:56:18.115+0000] {processor.py:183} INFO - Processing /home/airflow/.local/lib/python3.12/site-packages/airflow/example_dags/example_complex.py took 0.047 seconds
[2025-04-21T21:46:39.500+0000] {processor.py:161} INFO - Started process (PID=95189) to work on /home/airflow/.local/lib/python3.12/site-packages/airflow/example_dags/example_complex.py
[2025-04-21T21:46:39.501+0000] {processor.py:830} INFO - Processing file /home/airflow/.local/lib/python3.12/site-packages/airflow/example_dags/example_complex.py for tasks to queue
[2025-04-21T21:46:39.502+0000] {logging_mixin.py:188} INFO - [2025-04-21T21:46:39.502+0000] {dagbag.py:545} INFO - Filling up the DagBag from /home/airflow/.local/lib/python3.12/site-packages/airflow/example_dags/example_complex.py
[2025-04-21T21:46:39.507+0000] {processor.py:840} INFO - DAG(s) 'example_complex' retrieved from /home/airflow/.local/lib/python3.12/site-packages/airflow/example_dags/example_complex.py
[2025-04-21T21:46:39.523+0000] {logging_mixin.py:188} INFO - [2025-04-21T21:46:39.523+0000] {dag.py:3096} INFO - Sync 1 DAGs
[2025-04-21T21:46:39.529+0000] {logging_mixin.py:188} INFO - [2025-04-21T21:46:39.529+0000] {dag.py:3954} INFO - Setting next_dagrun for example_complex to None, run_after=None
[2025-04-21T21:46:39.538+0000] {processor.py:183} INFO - Processing /home/airflow/.local/lib/python3.12/site-packages/airflow/example_dags/example_complex.py took 0.041 seconds
[2025-04-21T21:47:10.060+0000] {processor.py:161} INFO - Started process (PID=95247) to work on /home/airflow/.local/lib/python3.12/site-packages/airflow/example_dags/example_complex.py
[2025-04-21T21:47:10.061+0000] {processor.py:830} INFO - Processing file /home/airflow/.local/lib/python3.12/site-packages/airflow/example_dags/example_complex.py for tasks to queue
[2025-04-21T21:47:10.062+0000] {logging_mixin.py:188} INFO - [2025-04-21T21:47:10.062+0000] {dagbag.py:545} INFO - Filling up the DagBag from /home/airflow/.local/lib/python3.12/site-packages/airflow/example_dags/example_complex.py
[2025-04-21T21:47:10.067+0000] {processor.py:840} INFO - DAG(s) 'example_complex' retrieved from /home/airflow/.local/lib/python3.12/site-packages/airflow/example_dags/example_complex.py
[2025-04-21T21:47:10.084+0000] {logging_mixin.py:188} INFO - [2025-04-21T21:47:10.083+0000] {dag.py:3096} INFO - Sync 1 DAGs
[2025-04-21T21:47:10.090+0000] {logging_mixin.py:188} INFO - [2025-04-21T21:47:10.090+0000] {dag.py:3954} INFO - Setting next_dagrun for example_complex to None, run_after=None
[2025-04-21T21:47:10.098+0000] {processor.py:183} INFO - Processing /home/airflow/.local/lib/python3.12/site-packages/airflow/example_dags/example_complex.py took 0.042 seconds
[2025-04-21T21:52:22.588+0000] {processor.py:161} INFO - Started process (PID=95309) to work on /home/airflow/.local/lib/python3.12/site-packages/airflow/example_dags/example_complex.py
[2025-04-21T21:52:22.588+0000] {processor.py:830} INFO - Processing file /home/airflow/.local/lib/python3.12/site-packages/airflow/example_dags/example_complex.py for tasks to queue
[2025-04-21T21:52:22.589+0000] {logging_mixin.py:188} INFO - [2025-04-21T21:52:22.589+0000] {dagbag.py:545} INFO - Filling up the DagBag from /home/airflow/.local/lib/python3.12/site-packages/airflow/example_dags/example_complex.py
[2025-04-21T21:52:22.594+0000] {processor.py:840} INFO - DAG(s) 'example_complex' retrieved from /home/airflow/.local/lib/python3.12/site-packages/airflow/example_dags/example_complex.py
[2025-04-21T21:52:22.610+0000] {logging_mixin.py:188} INFO - [2025-04-21T21:52:22.610+0000] {dag.py:3096} INFO - Sync 1 DAGs
[2025-04-21T21:52:22.620+0000] {logging_mixin.py:188} INFO - [2025-04-21T21:52:22.620+0000] {dag.py:3954} INFO - Setting next_dagrun for example_complex to None, run_after=None
[2025-04-21T21:52:22.629+0000] {processor.py:183} INFO - Processing /home/airflow/.local/lib/python3.12/site-packages/airflow/example_dags/example_complex.py took 0.045 seconds
[2025-04-21T21:57:35.238+0000] {processor.py:161} INFO - Started process (PID=95369) to work on /home/airflow/.local/lib/python3.12/site-packages/airflow/example_dags/example_complex.py
[2025-04-21T21:57:35.239+0000] {processor.py:830} INFO - Processing file /home/airflow/.local/lib/python3.12/site-packages/airflow/example_dags/example_complex.py for tasks to queue
[2025-04-21T21:57:35.240+0000] {logging_mixin.py:188} INFO - [2025-04-21T21:57:35.240+0000] {dagbag.py:545} INFO - Filling up the DagBag from /home/airflow/.local/lib/python3.12/site-packages/airflow/example_dags/example_complex.py
[2025-04-21T21:57:35.246+0000] {processor.py:840} INFO - DAG(s) 'example_complex' retrieved from /home/airflow/.local/lib/python3.12/site-packages/airflow/example_dags/example_complex.py
[2025-04-21T21:57:35.260+0000] {logging_mixin.py:188} INFO - [2025-04-21T21:57:35.260+0000] {dag.py:3096} INFO - Sync 1 DAGs
[2025-04-21T21:57:35.266+0000] {logging_mixin.py:188} INFO - [2025-04-21T21:57:35.266+0000] {dag.py:3954} INFO - Setting next_dagrun for example_complex to None, run_after=None
[2025-04-21T21:57:35.275+0000] {processor.py:183} INFO - Processing /home/airflow/.local/lib/python3.12/site-packages/airflow/example_dags/example_complex.py took 0.041 seconds
[2025-04-21T22:02:47.992+0000] {processor.py:161} INFO - Started process (PID=95429) to work on /home/airflow/.local/lib/python3.12/site-packages/airflow/example_dags/example_complex.py
[2025-04-21T22:02:47.993+0000] {processor.py:830} INFO - Processing file /home/airflow/.local/lib/python3.12/site-packages/airflow/example_dags/example_complex.py for tasks to queue
[2025-04-21T22:02:47.994+0000] {logging_mixin.py:188} INFO - [2025-04-21T22:02:47.994+0000] {dagbag.py:545} INFO - Filling up the DagBag from /home/airflow/.local/lib/python3.12/site-packages/airflow/example_dags/example_complex.py
[2025-04-21T22:02:48.001+0000] {processor.py:840} INFO - DAG(s) 'example_complex' retrieved from /home/airflow/.local/lib/python3.12/site-packages/airflow/example_dags/example_complex.py
[2025-04-21T22:02:48.020+0000] {logging_mixin.py:188} INFO - [2025-04-21T22:02:48.020+0000] {dag.py:3096} INFO - Sync 1 DAGs
[2025-04-21T22:02:48.031+0000] {logging_mixin.py:188} INFO - [2025-04-21T22:02:48.031+0000] {dag.py:3954} INFO - Setting next_dagrun for example_complex to None, run_after=None
[2025-04-21T22:02:48.049+0000] {processor.py:183} INFO - Processing /home/airflow/.local/lib/python3.12/site-packages/airflow/example_dags/example_complex.py took 0.060 seconds
[2025-04-21T22:03:18.922+0000] {processor.py:161} INFO - Started process (PID=95487) to work on /home/airflow/.local/lib/python3.12/site-packages/airflow/example_dags/example_complex.py
[2025-04-21T22:03:18.923+0000] {processor.py:830} INFO - Processing file /home/airflow/.local/lib/python3.12/site-packages/airflow/example_dags/example_complex.py for tasks to queue
[2025-04-21T22:03:18.924+0000] {logging_mixin.py:188} INFO - [2025-04-21T22:03:18.924+0000] {dagbag.py:545} INFO - Filling up the DagBag from /home/airflow/.local/lib/python3.12/site-packages/airflow/example_dags/example_complex.py
[2025-04-21T22:03:18.929+0000] {processor.py:840} INFO - DAG(s) 'example_complex' retrieved from /home/airflow/.local/lib/python3.12/site-packages/airflow/example_dags/example_complex.py
[2025-04-21T22:03:18.946+0000] {logging_mixin.py:188} INFO - [2025-04-21T22:03:18.946+0000] {dag.py:3096} INFO - Sync 1 DAGs
[2025-04-21T22:03:18.957+0000] {logging_mixin.py:188} INFO - [2025-04-21T22:03:18.957+0000] {dag.py:3954} INFO - Setting next_dagrun for example_complex to None, run_after=None
[2025-04-21T22:03:18.975+0000] {processor.py:183} INFO - Processing /home/airflow/.local/lib/python3.12/site-packages/airflow/example_dags/example_complex.py took 0.056 seconds
[2025-04-21T22:11:04.748+0000] {processor.py:161} INFO - Started process (PID=95543) to work on /home/airflow/.local/lib/python3.12/site-packages/airflow/example_dags/example_complex.py
[2025-04-21T22:11:04.748+0000] {processor.py:830} INFO - Processing file /home/airflow/.local/lib/python3.12/site-packages/airflow/example_dags/example_complex.py for tasks to queue
[2025-04-21T22:11:04.749+0000] {logging_mixin.py:188} INFO - [2025-04-21T22:11:04.749+0000] {dagbag.py:545} INFO - Filling up the DagBag from /home/airflow/.local/lib/python3.12/site-packages/airflow/example_dags/example_complex.py
[2025-04-21T22:11:04.755+0000] {processor.py:840} INFO - DAG(s) 'example_complex' retrieved from /home/airflow/.local/lib/python3.12/site-packages/airflow/example_dags/example_complex.py
[2025-04-21T22:11:04.770+0000] {logging_mixin.py:188} INFO - [2025-04-21T22:11:04.770+0000] {dag.py:3096} INFO - Sync 1 DAGs
[2025-04-21T22:11:04.776+0000] {logging_mixin.py:188} INFO - [2025-04-21T22:11:04.776+0000] {dag.py:3954} INFO - Setting next_dagrun for example_complex to None, run_after=None
[2025-04-21T22:11:04.786+0000] {processor.py:183} INFO - Processing /home/airflow/.local/lib/python3.12/site-packages/airflow/example_dags/example_complex.py took 0.042 seconds
[2025-04-21T22:16:17.914+0000] {processor.py:161} INFO - Started process (PID=95603) to work on /home/airflow/.local/lib/python3.12/site-packages/airflow/example_dags/example_complex.py
[2025-04-21T22:16:17.915+0000] {processor.py:830} INFO - Processing file /home/airflow/.local/lib/python3.12/site-packages/airflow/example_dags/example_complex.py for tasks to queue
[2025-04-21T22:16:17.916+0000] {logging_mixin.py:188} INFO - [2025-04-21T22:16:17.916+0000] {dagbag.py:545} INFO - Filling up the DagBag from /home/airflow/.local/lib/python3.12/site-packages/airflow/example_dags/example_complex.py
[2025-04-21T22:16:17.926+0000] {processor.py:840} INFO - DAG(s) 'example_complex' retrieved from /home/airflow/.local/lib/python3.12/site-packages/airflow/example_dags/example_complex.py
[2025-04-21T22:16:17.946+0000] {logging_mixin.py:188} INFO - [2025-04-21T22:16:17.946+0000] {dag.py:3096} INFO - Sync 1 DAGs
[2025-04-21T22:16:17.956+0000] {logging_mixin.py:188} INFO - [2025-04-21T22:16:17.956+0000] {dag.py:3954} INFO - Setting next_dagrun for example_complex to None, run_after=None
[2025-04-21T22:16:17.972+0000] {processor.py:183} INFO - Processing /home/airflow/.local/lib/python3.12/site-packages/airflow/example_dags/example_complex.py took 0.060 seconds
[2025-04-21T22:34:09.302+0000] {processor.py:161} INFO - Started process (PID=95669) to work on /home/airflow/.local/lib/python3.12/site-packages/airflow/example_dags/example_complex.py
[2025-04-21T22:34:09.302+0000] {processor.py:830} INFO - Processing file /home/airflow/.local/lib/python3.12/site-packages/airflow/example_dags/example_complex.py for tasks to queue
[2025-04-21T22:34:09.303+0000] {logging_mixin.py:188} INFO - [2025-04-21T22:34:09.303+0000] {dagbag.py:545} INFO - Filling up the DagBag from /home/airflow/.local/lib/python3.12/site-packages/airflow/example_dags/example_complex.py
[2025-04-21T22:34:09.308+0000] {processor.py:840} INFO - DAG(s) 'example_complex' retrieved from /home/airflow/.local/lib/python3.12/site-packages/airflow/example_dags/example_complex.py
[2025-04-21T22:34:09.324+0000] {logging_mixin.py:188} INFO - [2025-04-21T22:34:09.324+0000] {dag.py:3096} INFO - Sync 1 DAGs
[2025-04-21T22:34:09.336+0000] {logging_mixin.py:188} INFO - [2025-04-21T22:34:09.336+0000] {dag.py:3954} INFO - Setting next_dagrun for example_complex to None, run_after=None
[2025-04-21T22:34:09.347+0000] {processor.py:183} INFO - Processing /home/airflow/.local/lib/python3.12/site-packages/airflow/example_dags/example_complex.py took 0.049 seconds
[2025-04-21T22:39:21.880+0000] {processor.py:161} INFO - Started process (PID=95723) to work on /home/airflow/.local/lib/python3.12/site-packages/airflow/example_dags/example_complex.py
[2025-04-21T22:39:21.881+0000] {processor.py:830} INFO - Processing file /home/airflow/.local/lib/python3.12/site-packages/airflow/example_dags/example_complex.py for tasks to queue
[2025-04-21T22:39:21.882+0000] {logging_mixin.py:188} INFO - [2025-04-21T22:39:21.882+0000] {dagbag.py:545} INFO - Filling up the DagBag from /home/airflow/.local/lib/python3.12/site-packages/airflow/example_dags/example_complex.py
[2025-04-21T22:39:21.887+0000] {processor.py:840} INFO - DAG(s) 'example_complex' retrieved from /home/airflow/.local/lib/python3.12/site-packages/airflow/example_dags/example_complex.py
[2025-04-21T22:39:21.937+0000] {logging_mixin.py:188} INFO - [2025-04-21T22:39:21.936+0000] {dag.py:3096} INFO - Sync 1 DAGs
[2025-04-21T22:39:21.950+0000] {logging_mixin.py:188} INFO - [2025-04-21T22:39:21.950+0000] {dag.py:3954} INFO - Setting next_dagrun for example_complex to None, run_after=None
[2025-04-21T22:39:21.966+0000] {processor.py:183} INFO - Processing /home/airflow/.local/lib/python3.12/site-packages/airflow/example_dags/example_complex.py took 0.089 seconds
