[2025-04-21T00:38:24.011+0000] {processor.py:161} INFO - Started process (PID=91364) to work on /home/airflow/.local/lib/python3.12/site-packages/airflow/example_dags/example_bash_operator.py
[2025-04-21T00:38:24.014+0000] {processor.py:830} INFO - Processing file /home/airflow/.local/lib/python3.12/site-packages/airflow/example_dags/example_bash_operator.py for tasks to queue
[2025-04-21T00:38:24.015+0000] {logging_mixin.py:188} INFO - [2025-04-21T00:38:24.015+0000] {dagbag.py:545} INFO - Filling up the DagBag from /home/airflow/.local/lib/python3.12/site-packages/airflow/example_dags/example_bash_operator.py
[2025-04-21T00:38:24.021+0000] {processor.py:840} INFO - DAG(s) 'example_bash_operator' retrieved from /home/airflow/.local/lib/python3.12/site-packages/airflow/example_dags/example_bash_operator.py
[2025-04-21T00:38:24.034+0000] {logging_mixin.py:188} INFO - [2025-04-21T00:38:24.034+0000] {dag.py:3096} INFO - Sync 1 DAGs
[2025-04-21T00:38:24.045+0000] {logging_mixin.py:188} INFO - [2025-04-21T00:38:24.044+0000] {dag.py:3954} INFO - Setting next_dagrun for example_bash_operator to 2025-04-20 00:00:00+00:00, run_after=2025-04-21 00:00:00+00:00
[2025-04-21T00:38:24.059+0000] {processor.py:183} INFO - Processing /home/airflow/.local/lib/python3.12/site-packages/airflow/example_dags/example_bash_operator.py took 0.052 seconds
[2025-04-21T01:37:14.147+0000] {processor.py:161} INFO - Started process (PID=91424) to work on /home/airflow/.local/lib/python3.12/site-packages/airflow/example_dags/example_bash_operator.py
[2025-04-21T01:37:14.152+0000] {processor.py:830} INFO - Processing file /home/airflow/.local/lib/python3.12/site-packages/airflow/example_dags/example_bash_operator.py for tasks to queue
[2025-04-21T01:37:14.153+0000] {logging_mixin.py:188} INFO - [2025-04-21T01:37:14.153+0000] {dagbag.py:545} INFO - Filling up the DagBag from /home/airflow/.local/lib/python3.12/site-packages/airflow/example_dags/example_bash_operator.py
[2025-04-21T01:37:14.162+0000] {processor.py:840} INFO - DAG(s) 'example_bash_operator' retrieved from /home/airflow/.local/lib/python3.12/site-packages/airflow/example_dags/example_bash_operator.py
[2025-04-21T01:37:14.181+0000] {logging_mixin.py:188} INFO - [2025-04-21T01:37:14.181+0000] {dag.py:3096} INFO - Sync 1 DAGs
[2025-04-21T01:37:14.194+0000] {logging_mixin.py:188} INFO - [2025-04-21T01:37:14.194+0000] {dag.py:3954} INFO - Setting next_dagrun for example_bash_operator to 2025-04-20 00:00:00+00:00, run_after=2025-04-21 00:00:00+00:00
[2025-04-21T01:37:14.203+0000] {processor.py:183} INFO - Processing /home/airflow/.local/lib/python3.12/site-packages/airflow/example_dags/example_bash_operator.py took 0.059 seconds
[2025-04-21T01:37:44.364+0000] {processor.py:161} INFO - Started process (PID=91483) to work on /home/airflow/.local/lib/python3.12/site-packages/airflow/example_dags/example_bash_operator.py
[2025-04-21T01:37:44.365+0000] {processor.py:830} INFO - Processing file /home/airflow/.local/lib/python3.12/site-packages/airflow/example_dags/example_bash_operator.py for tasks to queue
[2025-04-21T01:37:44.366+0000] {logging_mixin.py:188} INFO - [2025-04-21T01:37:44.366+0000] {dagbag.py:545} INFO - Filling up the DagBag from /home/airflow/.local/lib/python3.12/site-packages/airflow/example_dags/example_bash_operator.py
[2025-04-21T01:37:44.372+0000] {processor.py:840} INFO - DAG(s) 'example_bash_operator' retrieved from /home/airflow/.local/lib/python3.12/site-packages/airflow/example_dags/example_bash_operator.py
[2025-04-21T01:37:44.384+0000] {logging_mixin.py:188} INFO - [2025-04-21T01:37:44.384+0000] {dag.py:3096} INFO - Sync 1 DAGs
[2025-04-21T01:37:44.397+0000] {logging_mixin.py:188} INFO - [2025-04-21T01:37:44.397+0000] {dag.py:3954} INFO - Setting next_dagrun for example_bash_operator to 2025-04-20 00:00:00+00:00, run_after=2025-04-21 00:00:00+00:00
[2025-04-21T01:37:44.406+0000] {processor.py:183} INFO - Processing /home/airflow/.local/lib/python3.12/site-packages/airflow/example_dags/example_bash_operator.py took 0.045 seconds
[2025-04-21T02:58:43.606+0000] {processor.py:161} INFO - Started process (PID=91543) to work on /home/airflow/.local/lib/python3.12/site-packages/airflow/example_dags/example_bash_operator.py
[2025-04-21T02:58:43.608+0000] {processor.py:830} INFO - Processing file /home/airflow/.local/lib/python3.12/site-packages/airflow/example_dags/example_bash_operator.py for tasks to queue
[2025-04-21T02:58:43.609+0000] {logging_mixin.py:188} INFO - [2025-04-21T02:58:43.609+0000] {dagbag.py:545} INFO - Filling up the DagBag from /home/airflow/.local/lib/python3.12/site-packages/airflow/example_dags/example_bash_operator.py
[2025-04-21T02:58:43.615+0000] {processor.py:840} INFO - DAG(s) 'example_bash_operator' retrieved from /home/airflow/.local/lib/python3.12/site-packages/airflow/example_dags/example_bash_operator.py
[2025-04-21T02:58:43.629+0000] {logging_mixin.py:188} INFO - [2025-04-21T02:58:43.629+0000] {dag.py:3096} INFO - Sync 1 DAGs
[2025-04-21T02:58:43.645+0000] {logging_mixin.py:188} INFO - [2025-04-21T02:58:43.645+0000] {dag.py:3954} INFO - Setting next_dagrun for example_bash_operator to 2025-04-20 00:00:00+00:00, run_after=2025-04-21 00:00:00+00:00
[2025-04-21T02:58:43.656+0000] {processor.py:183} INFO - Processing /home/airflow/.local/lib/python3.12/site-packages/airflow/example_dags/example_bash_operator.py took 0.053 seconds
[2025-04-21T04:23:09.667+0000] {processor.py:161} INFO - Started process (PID=91603) to work on /home/airflow/.local/lib/python3.12/site-packages/airflow/example_dags/example_bash_operator.py
[2025-04-21T04:23:09.667+0000] {processor.py:830} INFO - Processing file /home/airflow/.local/lib/python3.12/site-packages/airflow/example_dags/example_bash_operator.py for tasks to queue
[2025-04-21T04:23:09.669+0000] {logging_mixin.py:188} INFO - [2025-04-21T04:23:09.668+0000] {dagbag.py:545} INFO - Filling up the DagBag from /home/airflow/.local/lib/python3.12/site-packages/airflow/example_dags/example_bash_operator.py
[2025-04-21T04:23:09.675+0000] {processor.py:840} INFO - DAG(s) 'example_bash_operator' retrieved from /home/airflow/.local/lib/python3.12/site-packages/airflow/example_dags/example_bash_operator.py
[2025-04-21T04:23:09.695+0000] {logging_mixin.py:188} INFO - [2025-04-21T04:23:09.695+0000] {dag.py:3096} INFO - Sync 1 DAGs
[2025-04-21T04:23:09.709+0000] {logging_mixin.py:188} INFO - [2025-04-21T04:23:09.709+0000] {dag.py:3954} INFO - Setting next_dagrun for example_bash_operator to 2025-04-20 00:00:00+00:00, run_after=2025-04-21 00:00:00+00:00
[2025-04-21T04:23:09.722+0000] {processor.py:183} INFO - Processing /home/airflow/.local/lib/python3.12/site-packages/airflow/example_dags/example_bash_operator.py took 0.059 seconds
[2025-04-21T04:23:40.061+0000] {processor.py:161} INFO - Started process (PID=91663) to work on /home/airflow/.local/lib/python3.12/site-packages/airflow/example_dags/example_bash_operator.py
[2025-04-21T04:23:40.062+0000] {processor.py:830} INFO - Processing file /home/airflow/.local/lib/python3.12/site-packages/airflow/example_dags/example_bash_operator.py for tasks to queue
[2025-04-21T04:23:40.063+0000] {logging_mixin.py:188} INFO - [2025-04-21T04:23:40.063+0000] {dagbag.py:545} INFO - Filling up the DagBag from /home/airflow/.local/lib/python3.12/site-packages/airflow/example_dags/example_bash_operator.py
[2025-04-21T04:23:40.069+0000] {processor.py:840} INFO - DAG(s) 'example_bash_operator' retrieved from /home/airflow/.local/lib/python3.12/site-packages/airflow/example_dags/example_bash_operator.py
[2025-04-21T04:23:40.081+0000] {logging_mixin.py:188} INFO - [2025-04-21T04:23:40.081+0000] {dag.py:3096} INFO - Sync 1 DAGs
[2025-04-21T04:23:40.091+0000] {logging_mixin.py:188} INFO - [2025-04-21T04:23:40.091+0000] {dag.py:3954} INFO - Setting next_dagrun for example_bash_operator to 2025-04-20 00:00:00+00:00, run_after=2025-04-21 00:00:00+00:00
[2025-04-21T04:23:40.099+0000] {processor.py:183} INFO - Processing /home/airflow/.local/lib/python3.12/site-packages/airflow/example_dags/example_bash_operator.py took 0.041 seconds
[2025-04-21T04:28:52.853+0000] {processor.py:161} INFO - Started process (PID=91723) to work on /home/airflow/.local/lib/python3.12/site-packages/airflow/example_dags/example_bash_operator.py
[2025-04-21T04:28:52.855+0000] {processor.py:830} INFO - Processing file /home/airflow/.local/lib/python3.12/site-packages/airflow/example_dags/example_bash_operator.py for tasks to queue
[2025-04-21T04:28:52.856+0000] {logging_mixin.py:188} INFO - [2025-04-21T04:28:52.856+0000] {dagbag.py:545} INFO - Filling up the DagBag from /home/airflow/.local/lib/python3.12/site-packages/airflow/example_dags/example_bash_operator.py
[2025-04-21T04:28:52.862+0000] {processor.py:840} INFO - DAG(s) 'example_bash_operator' retrieved from /home/airflow/.local/lib/python3.12/site-packages/airflow/example_dags/example_bash_operator.py
[2025-04-21T04:28:52.877+0000] {logging_mixin.py:188} INFO - [2025-04-21T04:28:52.876+0000] {dag.py:3096} INFO - Sync 1 DAGs
[2025-04-21T04:28:52.889+0000] {logging_mixin.py:188} INFO - [2025-04-21T04:28:52.889+0000] {dag.py:3954} INFO - Setting next_dagrun for example_bash_operator to 2025-04-20 00:00:00+00:00, run_after=2025-04-21 00:00:00+00:00
[2025-04-21T04:28:52.906+0000] {processor.py:183} INFO - Processing /home/airflow/.local/lib/python3.12/site-packages/airflow/example_dags/example_bash_operator.py took 0.056 seconds
[2025-04-21T04:29:23.438+0000] {processor.py:161} INFO - Started process (PID=91783) to work on /home/airflow/.local/lib/python3.12/site-packages/airflow/example_dags/example_bash_operator.py
[2025-04-21T04:29:23.439+0000] {processor.py:830} INFO - Processing file /home/airflow/.local/lib/python3.12/site-packages/airflow/example_dags/example_bash_operator.py for tasks to queue
[2025-04-21T04:29:23.440+0000] {logging_mixin.py:188} INFO - [2025-04-21T04:29:23.439+0000] {dagbag.py:545} INFO - Filling up the DagBag from /home/airflow/.local/lib/python3.12/site-packages/airflow/example_dags/example_bash_operator.py
[2025-04-21T04:29:23.450+0000] {processor.py:840} INFO - DAG(s) 'example_bash_operator' retrieved from /home/airflow/.local/lib/python3.12/site-packages/airflow/example_dags/example_bash_operator.py
[2025-04-21T04:29:23.464+0000] {logging_mixin.py:188} INFO - [2025-04-21T04:29:23.464+0000] {dag.py:3096} INFO - Sync 1 DAGs
[2025-04-21T04:29:23.478+0000] {logging_mixin.py:188} INFO - [2025-04-21T04:29:23.478+0000] {dag.py:3954} INFO - Setting next_dagrun for example_bash_operator to 2025-04-20 00:00:00+00:00, run_after=2025-04-21 00:00:00+00:00
[2025-04-21T04:29:23.489+0000] {processor.py:183} INFO - Processing /home/airflow/.local/lib/python3.12/site-packages/airflow/example_dags/example_bash_operator.py took 0.054 seconds
[2025-04-21T04:31:10.946+0000] {processor.py:161} INFO - Started process (PID=91843) to work on /home/airflow/.local/lib/python3.12/site-packages/airflow/example_dags/example_bash_operator.py
[2025-04-21T04:31:10.947+0000] {processor.py:830} INFO - Processing file /home/airflow/.local/lib/python3.12/site-packages/airflow/example_dags/example_bash_operator.py for tasks to queue
[2025-04-21T04:31:10.947+0000] {logging_mixin.py:188} INFO - [2025-04-21T04:31:10.947+0000] {dagbag.py:545} INFO - Filling up the DagBag from /home/airflow/.local/lib/python3.12/site-packages/airflow/example_dags/example_bash_operator.py
[2025-04-21T04:31:10.952+0000] {processor.py:840} INFO - DAG(s) 'example_bash_operator' retrieved from /home/airflow/.local/lib/python3.12/site-packages/airflow/example_dags/example_bash_operator.py
[2025-04-21T04:31:10.963+0000] {logging_mixin.py:188} INFO - [2025-04-21T04:31:10.963+0000] {dag.py:3096} INFO - Sync 1 DAGs
[2025-04-21T04:31:10.972+0000] {logging_mixin.py:188} INFO - [2025-04-21T04:31:10.972+0000] {dag.py:3954} INFO - Setting next_dagrun for example_bash_operator to 2025-04-20 00:00:00+00:00, run_after=2025-04-21 00:00:00+00:00
[2025-04-21T04:31:10.980+0000] {processor.py:183} INFO - Processing /home/airflow/.local/lib/python3.12/site-packages/airflow/example_dags/example_bash_operator.py took 0.036 seconds
[2025-04-21T04:36:24.155+0000] {processor.py:161} INFO - Started process (PID=91903) to work on /home/airflow/.local/lib/python3.12/site-packages/airflow/example_dags/example_bash_operator.py
[2025-04-21T04:36:24.158+0000] {processor.py:830} INFO - Processing file /home/airflow/.local/lib/python3.12/site-packages/airflow/example_dags/example_bash_operator.py for tasks to queue
[2025-04-21T04:36:24.160+0000] {logging_mixin.py:188} INFO - [2025-04-21T04:36:24.159+0000] {dagbag.py:545} INFO - Filling up the DagBag from /home/airflow/.local/lib/python3.12/site-packages/airflow/example_dags/example_bash_operator.py
[2025-04-21T04:36:24.165+0000] {processor.py:840} INFO - DAG(s) 'example_bash_operator' retrieved from /home/airflow/.local/lib/python3.12/site-packages/airflow/example_dags/example_bash_operator.py
[2025-04-21T04:36:24.182+0000] {logging_mixin.py:188} INFO - [2025-04-21T04:36:24.182+0000] {dag.py:3096} INFO - Sync 1 DAGs
[2025-04-21T04:36:24.193+0000] {logging_mixin.py:188} INFO - [2025-04-21T04:36:24.193+0000] {dag.py:3954} INFO - Setting next_dagrun for example_bash_operator to 2025-04-20 00:00:00+00:00, run_after=2025-04-21 00:00:00+00:00
[2025-04-21T04:36:24.207+0000] {processor.py:183} INFO - Processing /home/airflow/.local/lib/python3.12/site-packages/airflow/example_dags/example_bash_operator.py took 0.055 seconds
[2025-04-21T04:41:37.543+0000] {processor.py:161} INFO - Started process (PID=91963) to work on /home/airflow/.local/lib/python3.12/site-packages/airflow/example_dags/example_bash_operator.py
[2025-04-21T04:41:37.544+0000] {processor.py:830} INFO - Processing file /home/airflow/.local/lib/python3.12/site-packages/airflow/example_dags/example_bash_operator.py for tasks to queue
[2025-04-21T04:41:37.544+0000] {logging_mixin.py:188} INFO - [2025-04-21T04:41:37.544+0000] {dagbag.py:545} INFO - Filling up the DagBag from /home/airflow/.local/lib/python3.12/site-packages/airflow/example_dags/example_bash_operator.py
[2025-04-21T04:41:37.551+0000] {processor.py:840} INFO - DAG(s) 'example_bash_operator' retrieved from /home/airflow/.local/lib/python3.12/site-packages/airflow/example_dags/example_bash_operator.py
[2025-04-21T04:41:37.565+0000] {logging_mixin.py:188} INFO - [2025-04-21T04:41:37.565+0000] {dag.py:3096} INFO - Sync 1 DAGs
[2025-04-21T04:41:37.576+0000] {logging_mixin.py:188} INFO - [2025-04-21T04:41:37.575+0000] {dag.py:3954} INFO - Setting next_dagrun for example_bash_operator to 2025-04-20 00:00:00+00:00, run_after=2025-04-21 00:00:00+00:00
[2025-04-21T04:41:37.588+0000] {processor.py:183} INFO - Processing /home/airflow/.local/lib/python3.12/site-packages/airflow/example_dags/example_bash_operator.py took 0.048 seconds
[2025-04-21T04:46:50.466+0000] {processor.py:161} INFO - Started process (PID=92023) to work on /home/airflow/.local/lib/python3.12/site-packages/airflow/example_dags/example_bash_operator.py
[2025-04-21T04:46:50.466+0000] {processor.py:830} INFO - Processing file /home/airflow/.local/lib/python3.12/site-packages/airflow/example_dags/example_bash_operator.py for tasks to queue
[2025-04-21T04:46:50.467+0000] {logging_mixin.py:188} INFO - [2025-04-21T04:46:50.467+0000] {dagbag.py:545} INFO - Filling up the DagBag from /home/airflow/.local/lib/python3.12/site-packages/airflow/example_dags/example_bash_operator.py
[2025-04-21T04:46:50.473+0000] {processor.py:840} INFO - DAG(s) 'example_bash_operator' retrieved from /home/airflow/.local/lib/python3.12/site-packages/airflow/example_dags/example_bash_operator.py
[2025-04-21T04:46:50.490+0000] {logging_mixin.py:188} INFO - [2025-04-21T04:46:50.490+0000] {dag.py:3096} INFO - Sync 1 DAGs
[2025-04-21T04:46:50.501+0000] {logging_mixin.py:188} INFO - [2025-04-21T04:46:50.501+0000] {dag.py:3954} INFO - Setting next_dagrun for example_bash_operator to 2025-04-20 00:00:00+00:00, run_after=2025-04-21 00:00:00+00:00
[2025-04-21T04:46:50.510+0000] {processor.py:183} INFO - Processing /home/airflow/.local/lib/python3.12/site-packages/airflow/example_dags/example_bash_operator.py took 0.048 seconds
[2025-04-21T04:47:20.621+0000] {processor.py:161} INFO - Started process (PID=92083) to work on /home/airflow/.local/lib/python3.12/site-packages/airflow/example_dags/example_bash_operator.py
[2025-04-21T04:47:20.622+0000] {processor.py:830} INFO - Processing file /home/airflow/.local/lib/python3.12/site-packages/airflow/example_dags/example_bash_operator.py for tasks to queue
[2025-04-21T04:47:20.623+0000] {logging_mixin.py:188} INFO - [2025-04-21T04:47:20.623+0000] {dagbag.py:545} INFO - Filling up the DagBag from /home/airflow/.local/lib/python3.12/site-packages/airflow/example_dags/example_bash_operator.py
[2025-04-21T04:47:20.629+0000] {processor.py:840} INFO - DAG(s) 'example_bash_operator' retrieved from /home/airflow/.local/lib/python3.12/site-packages/airflow/example_dags/example_bash_operator.py
[2025-04-21T04:47:20.647+0000] {logging_mixin.py:188} INFO - [2025-04-21T04:47:20.647+0000] {dag.py:3096} INFO - Sync 1 DAGs
[2025-04-21T04:47:20.665+0000] {logging_mixin.py:188} INFO - [2025-04-21T04:47:20.665+0000] {dag.py:3954} INFO - Setting next_dagrun for example_bash_operator to 2025-04-20 00:00:00+00:00, run_after=2025-04-21 00:00:00+00:00
[2025-04-21T04:47:20.684+0000] {processor.py:183} INFO - Processing /home/airflow/.local/lib/python3.12/site-packages/airflow/example_dags/example_bash_operator.py took 0.067 seconds
[2025-04-21T04:52:33.673+0000] {processor.py:161} INFO - Started process (PID=92143) to work on /home/airflow/.local/lib/python3.12/site-packages/airflow/example_dags/example_bash_operator.py
[2025-04-21T04:52:33.673+0000] {processor.py:830} INFO - Processing file /home/airflow/.local/lib/python3.12/site-packages/airflow/example_dags/example_bash_operator.py for tasks to queue
[2025-04-21T04:52:33.674+0000] {logging_mixin.py:188} INFO - [2025-04-21T04:52:33.674+0000] {dagbag.py:545} INFO - Filling up the DagBag from /home/airflow/.local/lib/python3.12/site-packages/airflow/example_dags/example_bash_operator.py
[2025-04-21T04:52:33.680+0000] {processor.py:840} INFO - DAG(s) 'example_bash_operator' retrieved from /home/airflow/.local/lib/python3.12/site-packages/airflow/example_dags/example_bash_operator.py
[2025-04-21T04:52:33.696+0000] {logging_mixin.py:188} INFO - [2025-04-21T04:52:33.695+0000] {dag.py:3096} INFO - Sync 1 DAGs
[2025-04-21T04:52:33.705+0000] {logging_mixin.py:188} INFO - [2025-04-21T04:52:33.705+0000] {dag.py:3954} INFO - Setting next_dagrun for example_bash_operator to 2025-04-20 00:00:00+00:00, run_after=2025-04-21 00:00:00+00:00
[2025-04-21T04:52:33.717+0000] {processor.py:183} INFO - Processing /home/airflow/.local/lib/python3.12/site-packages/airflow/example_dags/example_bash_operator.py took 0.047 seconds
[2025-04-21T05:15:37.172+0000] {processor.py:161} INFO - Started process (PID=92203) to work on /home/airflow/.local/lib/python3.12/site-packages/airflow/example_dags/example_bash_operator.py
[2025-04-21T05:15:37.174+0000] {processor.py:830} INFO - Processing file /home/airflow/.local/lib/python3.12/site-packages/airflow/example_dags/example_bash_operator.py for tasks to queue
[2025-04-21T05:15:37.175+0000] {logging_mixin.py:188} INFO - [2025-04-21T05:15:37.175+0000] {dagbag.py:545} INFO - Filling up the DagBag from /home/airflow/.local/lib/python3.12/site-packages/airflow/example_dags/example_bash_operator.py
[2025-04-21T05:15:37.180+0000] {processor.py:840} INFO - DAG(s) 'example_bash_operator' retrieved from /home/airflow/.local/lib/python3.12/site-packages/airflow/example_dags/example_bash_operator.py
[2025-04-21T05:15:37.195+0000] {logging_mixin.py:188} INFO - [2025-04-21T05:15:37.195+0000] {dag.py:3096} INFO - Sync 1 DAGs
[2025-04-21T05:15:37.206+0000] {logging_mixin.py:188} INFO - [2025-04-21T05:15:37.205+0000] {dag.py:3954} INFO - Setting next_dagrun for example_bash_operator to 2025-04-20 00:00:00+00:00, run_after=2025-04-21 00:00:00+00:00
[2025-04-21T05:15:37.216+0000] {processor.py:183} INFO - Processing /home/airflow/.local/lib/python3.12/site-packages/airflow/example_dags/example_bash_operator.py took 0.047 seconds
[2025-04-21T05:20:50.756+0000] {processor.py:161} INFO - Started process (PID=92263) to work on /home/airflow/.local/lib/python3.12/site-packages/airflow/example_dags/example_bash_operator.py
[2025-04-21T05:20:50.756+0000] {processor.py:830} INFO - Processing file /home/airflow/.local/lib/python3.12/site-packages/airflow/example_dags/example_bash_operator.py for tasks to queue
[2025-04-21T05:20:50.757+0000] {logging_mixin.py:188} INFO - [2025-04-21T05:20:50.757+0000] {dagbag.py:545} INFO - Filling up the DagBag from /home/airflow/.local/lib/python3.12/site-packages/airflow/example_dags/example_bash_operator.py
[2025-04-21T05:20:50.763+0000] {processor.py:840} INFO - DAG(s) 'example_bash_operator' retrieved from /home/airflow/.local/lib/python3.12/site-packages/airflow/example_dags/example_bash_operator.py
[2025-04-21T05:20:50.776+0000] {logging_mixin.py:188} INFO - [2025-04-21T05:20:50.776+0000] {dag.py:3096} INFO - Sync 1 DAGs
[2025-04-21T05:20:50.788+0000] {logging_mixin.py:188} INFO - [2025-04-21T05:20:50.787+0000] {dag.py:3954} INFO - Setting next_dagrun for example_bash_operator to 2025-04-20 00:00:00+00:00, run_after=2025-04-21 00:00:00+00:00
[2025-04-21T05:20:50.799+0000] {processor.py:183} INFO - Processing /home/airflow/.local/lib/python3.12/site-packages/airflow/example_dags/example_bash_operator.py took 0.046 seconds
[2025-04-21T05:26:03.273+0000] {processor.py:161} INFO - Started process (PID=92323) to work on /home/airflow/.local/lib/python3.12/site-packages/airflow/example_dags/example_bash_operator.py
[2025-04-21T05:26:03.274+0000] {processor.py:830} INFO - Processing file /home/airflow/.local/lib/python3.12/site-packages/airflow/example_dags/example_bash_operator.py for tasks to queue
[2025-04-21T05:26:03.275+0000] {logging_mixin.py:188} INFO - [2025-04-21T05:26:03.275+0000] {dagbag.py:545} INFO - Filling up the DagBag from /home/airflow/.local/lib/python3.12/site-packages/airflow/example_dags/example_bash_operator.py
[2025-04-21T05:26:03.281+0000] {processor.py:840} INFO - DAG(s) 'example_bash_operator' retrieved from /home/airflow/.local/lib/python3.12/site-packages/airflow/example_dags/example_bash_operator.py
[2025-04-21T05:26:03.293+0000] {logging_mixin.py:188} INFO - [2025-04-21T05:26:03.293+0000] {dag.py:3096} INFO - Sync 1 DAGs
[2025-04-21T05:26:03.305+0000] {logging_mixin.py:188} INFO - [2025-04-21T05:26:03.305+0000] {dag.py:3954} INFO - Setting next_dagrun for example_bash_operator to 2025-04-20 00:00:00+00:00, run_after=2025-04-21 00:00:00+00:00
[2025-04-21T05:26:03.319+0000] {processor.py:183} INFO - Processing /home/airflow/.local/lib/python3.12/site-packages/airflow/example_dags/example_bash_operator.py took 0.049 seconds
[2025-04-21T05:59:57.784+0000] {processor.py:161} INFO - Started process (PID=92383) to work on /home/airflow/.local/lib/python3.12/site-packages/airflow/example_dags/example_bash_operator.py
[2025-04-21T05:59:57.785+0000] {processor.py:830} INFO - Processing file /home/airflow/.local/lib/python3.12/site-packages/airflow/example_dags/example_bash_operator.py for tasks to queue
[2025-04-21T05:59:57.787+0000] {logging_mixin.py:188} INFO - [2025-04-21T05:59:57.786+0000] {dagbag.py:545} INFO - Filling up the DagBag from /home/airflow/.local/lib/python3.12/site-packages/airflow/example_dags/example_bash_operator.py
[2025-04-21T05:59:57.792+0000] {processor.py:840} INFO - DAG(s) 'example_bash_operator' retrieved from /home/airflow/.local/lib/python3.12/site-packages/airflow/example_dags/example_bash_operator.py
[2025-04-21T05:59:57.807+0000] {logging_mixin.py:188} INFO - [2025-04-21T05:59:57.807+0000] {dag.py:3096} INFO - Sync 1 DAGs
[2025-04-21T05:59:57.818+0000] {logging_mixin.py:188} INFO - [2025-04-21T05:59:57.818+0000] {dag.py:3954} INFO - Setting next_dagrun for example_bash_operator to 2025-04-20 00:00:00+00:00, run_after=2025-04-21 00:00:00+00:00
[2025-04-21T05:59:57.830+0000] {processor.py:183} INFO - Processing /home/airflow/.local/lib/python3.12/site-packages/airflow/example_dags/example_bash_operator.py took 0.049 seconds
[2025-04-21T07:21:16.372+0000] {processor.py:161} INFO - Started process (PID=92443) to work on /home/airflow/.local/lib/python3.12/site-packages/airflow/example_dags/example_bash_operator.py
[2025-04-21T07:21:16.373+0000] {processor.py:830} INFO - Processing file /home/airflow/.local/lib/python3.12/site-packages/airflow/example_dags/example_bash_operator.py for tasks to queue
[2025-04-21T07:21:16.374+0000] {logging_mixin.py:188} INFO - [2025-04-21T07:21:16.374+0000] {dagbag.py:545} INFO - Filling up the DagBag from /home/airflow/.local/lib/python3.12/site-packages/airflow/example_dags/example_bash_operator.py
[2025-04-21T07:21:16.380+0000] {processor.py:840} INFO - DAG(s) 'example_bash_operator' retrieved from /home/airflow/.local/lib/python3.12/site-packages/airflow/example_dags/example_bash_operator.py
[2025-04-21T07:21:16.394+0000] {logging_mixin.py:188} INFO - [2025-04-21T07:21:16.394+0000] {dag.py:3096} INFO - Sync 1 DAGs
[2025-04-21T07:21:16.404+0000] {logging_mixin.py:188} INFO - [2025-04-21T07:21:16.404+0000] {dag.py:3954} INFO - Setting next_dagrun for example_bash_operator to 2025-04-20 00:00:00+00:00, run_after=2025-04-21 00:00:00+00:00
[2025-04-21T07:21:16.411+0000] {processor.py:183} INFO - Processing /home/airflow/.local/lib/python3.12/site-packages/airflow/example_dags/example_bash_operator.py took 0.043 seconds
[2025-04-21T09:02:20.782+0000] {processor.py:161} INFO - Started process (PID=92503) to work on /home/airflow/.local/lib/python3.12/site-packages/airflow/example_dags/example_bash_operator.py
[2025-04-21T09:02:20.784+0000] {processor.py:830} INFO - Processing file /home/airflow/.local/lib/python3.12/site-packages/airflow/example_dags/example_bash_operator.py for tasks to queue
[2025-04-21T09:02:20.786+0000] {logging_mixin.py:188} INFO - [2025-04-21T09:02:20.785+0000] {dagbag.py:545} INFO - Filling up the DagBag from /home/airflow/.local/lib/python3.12/site-packages/airflow/example_dags/example_bash_operator.py
[2025-04-21T09:02:20.794+0000] {processor.py:840} INFO - DAG(s) 'example_bash_operator' retrieved from /home/airflow/.local/lib/python3.12/site-packages/airflow/example_dags/example_bash_operator.py
[2025-04-21T09:02:20.811+0000] {logging_mixin.py:188} INFO - [2025-04-21T09:02:20.810+0000] {dag.py:3096} INFO - Sync 1 DAGs
[2025-04-21T09:02:20.822+0000] {logging_mixin.py:188} INFO - [2025-04-21T09:02:20.822+0000] {dag.py:3954} INFO - Setting next_dagrun for example_bash_operator to 2025-04-20 00:00:00+00:00, run_after=2025-04-21 00:00:00+00:00
[2025-04-21T09:02:20.838+0000] {processor.py:183} INFO - Processing /home/airflow/.local/lib/python3.12/site-packages/airflow/example_dags/example_bash_operator.py took 0.060 seconds
[2025-04-21T10:25:29.902+0000] {processor.py:161} INFO - Started process (PID=92563) to work on /home/airflow/.local/lib/python3.12/site-packages/airflow/example_dags/example_bash_operator.py
[2025-04-21T10:25:29.902+0000] {processor.py:830} INFO - Processing file /home/airflow/.local/lib/python3.12/site-packages/airflow/example_dags/example_bash_operator.py for tasks to queue
[2025-04-21T10:25:29.904+0000] {logging_mixin.py:188} INFO - [2025-04-21T10:25:29.904+0000] {dagbag.py:545} INFO - Filling up the DagBag from /home/airflow/.local/lib/python3.12/site-packages/airflow/example_dags/example_bash_operator.py
[2025-04-21T10:25:29.909+0000] {processor.py:840} INFO - DAG(s) 'example_bash_operator' retrieved from /home/airflow/.local/lib/python3.12/site-packages/airflow/example_dags/example_bash_operator.py
[2025-04-21T10:25:29.921+0000] {logging_mixin.py:188} INFO - [2025-04-21T10:25:29.921+0000] {dag.py:3096} INFO - Sync 1 DAGs
[2025-04-21T10:25:29.931+0000] {logging_mixin.py:188} INFO - [2025-04-21T10:25:29.931+0000] {dag.py:3954} INFO - Setting next_dagrun for example_bash_operator to 2025-04-20 00:00:00+00:00, run_after=2025-04-21 00:00:00+00:00
[2025-04-21T10:25:29.939+0000] {processor.py:183} INFO - Processing /home/airflow/.local/lib/python3.12/site-packages/airflow/example_dags/example_bash_operator.py took 0.039 seconds
[2025-04-21T12:02:27.523+0000] {processor.py:161} INFO - Started process (PID=92623) to work on /home/airflow/.local/lib/python3.12/site-packages/airflow/example_dags/example_bash_operator.py
[2025-04-21T12:02:27.523+0000] {processor.py:830} INFO - Processing file /home/airflow/.local/lib/python3.12/site-packages/airflow/example_dags/example_bash_operator.py for tasks to queue
[2025-04-21T12:02:27.525+0000] {logging_mixin.py:188} INFO - [2025-04-21T12:02:27.525+0000] {dagbag.py:545} INFO - Filling up the DagBag from /home/airflow/.local/lib/python3.12/site-packages/airflow/example_dags/example_bash_operator.py
[2025-04-21T12:02:27.531+0000] {processor.py:840} INFO - DAG(s) 'example_bash_operator' retrieved from /home/airflow/.local/lib/python3.12/site-packages/airflow/example_dags/example_bash_operator.py
[2025-04-21T12:02:27.548+0000] {logging_mixin.py:188} INFO - [2025-04-21T12:02:27.547+0000] {dag.py:3096} INFO - Sync 1 DAGs
[2025-04-21T12:02:27.559+0000] {logging_mixin.py:188} INFO - [2025-04-21T12:02:27.558+0000] {dag.py:3954} INFO - Setting next_dagrun for example_bash_operator to 2025-04-20 00:00:00+00:00, run_after=2025-04-21 00:00:00+00:00
[2025-04-21T12:02:27.567+0000] {processor.py:183} INFO - Processing /home/airflow/.local/lib/python3.12/site-packages/airflow/example_dags/example_bash_operator.py took 0.049 seconds
[2025-04-21T12:02:57.767+0000] {processor.py:161} INFO - Started process (PID=92683) to work on /home/airflow/.local/lib/python3.12/site-packages/airflow/example_dags/example_bash_operator.py
[2025-04-21T12:02:57.767+0000] {processor.py:830} INFO - Processing file /home/airflow/.local/lib/python3.12/site-packages/airflow/example_dags/example_bash_operator.py for tasks to queue
[2025-04-21T12:02:57.768+0000] {logging_mixin.py:188} INFO - [2025-04-21T12:02:57.768+0000] {dagbag.py:545} INFO - Filling up the DagBag from /home/airflow/.local/lib/python3.12/site-packages/airflow/example_dags/example_bash_operator.py
[2025-04-21T12:02:57.774+0000] {processor.py:840} INFO - DAG(s) 'example_bash_operator' retrieved from /home/airflow/.local/lib/python3.12/site-packages/airflow/example_dags/example_bash_operator.py
[2025-04-21T12:02:57.787+0000] {logging_mixin.py:188} INFO - [2025-04-21T12:02:57.787+0000] {dag.py:3096} INFO - Sync 1 DAGs
[2025-04-21T12:02:57.798+0000] {logging_mixin.py:188} INFO - [2025-04-21T12:02:57.798+0000] {dag.py:3954} INFO - Setting next_dagrun for example_bash_operator to 2025-04-20 00:00:00+00:00, run_after=2025-04-21 00:00:00+00:00
[2025-04-21T12:02:57.806+0000] {processor.py:183} INFO - Processing /home/airflow/.local/lib/python3.12/site-packages/airflow/example_dags/example_bash_operator.py took 0.043 seconds
[2025-04-21T12:08:10.531+0000] {processor.py:161} INFO - Started process (PID=92743) to work on /home/airflow/.local/lib/python3.12/site-packages/airflow/example_dags/example_bash_operator.py
[2025-04-21T12:08:10.531+0000] {processor.py:830} INFO - Processing file /home/airflow/.local/lib/python3.12/site-packages/airflow/example_dags/example_bash_operator.py for tasks to queue
[2025-04-21T12:08:10.532+0000] {logging_mixin.py:188} INFO - [2025-04-21T12:08:10.532+0000] {dagbag.py:545} INFO - Filling up the DagBag from /home/airflow/.local/lib/python3.12/site-packages/airflow/example_dags/example_bash_operator.py
[2025-04-21T12:08:10.538+0000] {processor.py:840} INFO - DAG(s) 'example_bash_operator' retrieved from /home/airflow/.local/lib/python3.12/site-packages/airflow/example_dags/example_bash_operator.py
[2025-04-21T12:08:10.554+0000] {logging_mixin.py:188} INFO - [2025-04-21T12:08:10.553+0000] {dag.py:3096} INFO - Sync 1 DAGs
[2025-04-21T12:08:10.566+0000] {logging_mixin.py:188} INFO - [2025-04-21T12:08:10.565+0000] {dag.py:3954} INFO - Setting next_dagrun for example_bash_operator to 2025-04-20 00:00:00+00:00, run_after=2025-04-21 00:00:00+00:00
[2025-04-21T12:08:10.580+0000] {processor.py:183} INFO - Processing /home/airflow/.local/lib/python3.12/site-packages/airflow/example_dags/example_bash_operator.py took 0.053 seconds
[2025-04-21T12:09:05.439+0000] {processor.py:161} INFO - Started process (PID=92803) to work on /home/airflow/.local/lib/python3.12/site-packages/airflow/example_dags/example_bash_operator.py
[2025-04-21T12:09:05.439+0000] {processor.py:830} INFO - Processing file /home/airflow/.local/lib/python3.12/site-packages/airflow/example_dags/example_bash_operator.py for tasks to queue
[2025-04-21T12:09:05.441+0000] {logging_mixin.py:188} INFO - [2025-04-21T12:09:05.441+0000] {dagbag.py:545} INFO - Filling up the DagBag from /home/airflow/.local/lib/python3.12/site-packages/airflow/example_dags/example_bash_operator.py
[2025-04-21T12:09:05.446+0000] {processor.py:840} INFO - DAG(s) 'example_bash_operator' retrieved from /home/airflow/.local/lib/python3.12/site-packages/airflow/example_dags/example_bash_operator.py
[2025-04-21T12:09:05.476+0000] {logging_mixin.py:188} INFO - [2025-04-21T12:09:05.476+0000] {dag.py:3096} INFO - Sync 1 DAGs
[2025-04-21T12:09:05.496+0000] {logging_mixin.py:188} INFO - [2025-04-21T12:09:05.495+0000] {dag.py:3954} INFO - Setting next_dagrun for example_bash_operator to 2025-04-20 00:00:00+00:00, run_after=2025-04-21 00:00:00+00:00
[2025-04-21T12:09:05.515+0000] {processor.py:183} INFO - Processing /home/airflow/.local/lib/python3.12/site-packages/airflow/example_dags/example_bash_operator.py took 0.081 seconds
[2025-04-21T12:14:18.402+0000] {processor.py:161} INFO - Started process (PID=92863) to work on /home/airflow/.local/lib/python3.12/site-packages/airflow/example_dags/example_bash_operator.py
[2025-04-21T12:14:18.403+0000] {processor.py:830} INFO - Processing file /home/airflow/.local/lib/python3.12/site-packages/airflow/example_dags/example_bash_operator.py for tasks to queue
[2025-04-21T12:14:18.404+0000] {logging_mixin.py:188} INFO - [2025-04-21T12:14:18.404+0000] {dagbag.py:545} INFO - Filling up the DagBag from /home/airflow/.local/lib/python3.12/site-packages/airflow/example_dags/example_bash_operator.py
[2025-04-21T12:14:18.411+0000] {processor.py:840} INFO - DAG(s) 'example_bash_operator' retrieved from /home/airflow/.local/lib/python3.12/site-packages/airflow/example_dags/example_bash_operator.py
[2025-04-21T12:14:18.424+0000] {logging_mixin.py:188} INFO - [2025-04-21T12:14:18.424+0000] {dag.py:3096} INFO - Sync 1 DAGs
[2025-04-21T12:14:18.435+0000] {logging_mixin.py:188} INFO - [2025-04-21T12:14:18.434+0000] {dag.py:3954} INFO - Setting next_dagrun for example_bash_operator to 2025-04-20 00:00:00+00:00, run_after=2025-04-21 00:00:00+00:00
[2025-04-21T12:14:18.443+0000] {processor.py:183} INFO - Processing /home/airflow/.local/lib/python3.12/site-packages/airflow/example_dags/example_bash_operator.py took 0.045 seconds
[2025-04-21T12:19:31.923+0000] {processor.py:161} INFO - Started process (PID=92923) to work on /home/airflow/.local/lib/python3.12/site-packages/airflow/example_dags/example_bash_operator.py
[2025-04-21T12:19:31.923+0000] {processor.py:830} INFO - Processing file /home/airflow/.local/lib/python3.12/site-packages/airflow/example_dags/example_bash_operator.py for tasks to queue
[2025-04-21T12:19:31.924+0000] {logging_mixin.py:188} INFO - [2025-04-21T12:19:31.924+0000] {dagbag.py:545} INFO - Filling up the DagBag from /home/airflow/.local/lib/python3.12/site-packages/airflow/example_dags/example_bash_operator.py
[2025-04-21T12:19:31.935+0000] {processor.py:840} INFO - DAG(s) 'example_bash_operator' retrieved from /home/airflow/.local/lib/python3.12/site-packages/airflow/example_dags/example_bash_operator.py
[2025-04-21T12:19:31.952+0000] {logging_mixin.py:188} INFO - [2025-04-21T12:19:31.952+0000] {dag.py:3096} INFO - Sync 1 DAGs
[2025-04-21T12:19:31.964+0000] {logging_mixin.py:188} INFO - [2025-04-21T12:19:31.964+0000] {dag.py:3954} INFO - Setting next_dagrun for example_bash_operator to 2025-04-20 00:00:00+00:00, run_after=2025-04-21 00:00:00+00:00
[2025-04-21T12:19:31.973+0000] {processor.py:183} INFO - Processing /home/airflow/.local/lib/python3.12/site-packages/airflow/example_dags/example_bash_operator.py took 0.053 seconds
[2025-04-21T12:24:44.504+0000] {processor.py:161} INFO - Started process (PID=92983) to work on /home/airflow/.local/lib/python3.12/site-packages/airflow/example_dags/example_bash_operator.py
[2025-04-21T12:24:44.508+0000] {processor.py:830} INFO - Processing file /home/airflow/.local/lib/python3.12/site-packages/airflow/example_dags/example_bash_operator.py for tasks to queue
[2025-04-21T12:24:44.509+0000] {logging_mixin.py:188} INFO - [2025-04-21T12:24:44.509+0000] {dagbag.py:545} INFO - Filling up the DagBag from /home/airflow/.local/lib/python3.12/site-packages/airflow/example_dags/example_bash_operator.py
[2025-04-21T12:24:44.516+0000] {processor.py:840} INFO - DAG(s) 'example_bash_operator' retrieved from /home/airflow/.local/lib/python3.12/site-packages/airflow/example_dags/example_bash_operator.py
[2025-04-21T12:24:44.528+0000] {logging_mixin.py:188} INFO - [2025-04-21T12:24:44.528+0000] {dag.py:3096} INFO - Sync 1 DAGs
[2025-04-21T12:24:44.541+0000] {logging_mixin.py:188} INFO - [2025-04-21T12:24:44.541+0000] {dag.py:3954} INFO - Setting next_dagrun for example_bash_operator to 2025-04-20 00:00:00+00:00, run_after=2025-04-21 00:00:00+00:00
[2025-04-21T12:24:44.553+0000] {processor.py:183} INFO - Processing /home/airflow/.local/lib/python3.12/site-packages/airflow/example_dags/example_bash_operator.py took 0.052 seconds
[2025-04-21T12:56:59.427+0000] {processor.py:161} INFO - Started process (PID=93043) to work on /home/airflow/.local/lib/python3.12/site-packages/airflow/example_dags/example_bash_operator.py
[2025-04-21T12:56:59.427+0000] {processor.py:830} INFO - Processing file /home/airflow/.local/lib/python3.12/site-packages/airflow/example_dags/example_bash_operator.py for tasks to queue
[2025-04-21T12:56:59.428+0000] {logging_mixin.py:188} INFO - [2025-04-21T12:56:59.428+0000] {dagbag.py:545} INFO - Filling up the DagBag from /home/airflow/.local/lib/python3.12/site-packages/airflow/example_dags/example_bash_operator.py
[2025-04-21T12:56:59.433+0000] {processor.py:840} INFO - DAG(s) 'example_bash_operator' retrieved from /home/airflow/.local/lib/python3.12/site-packages/airflow/example_dags/example_bash_operator.py
[2025-04-21T12:56:59.444+0000] {logging_mixin.py:188} INFO - [2025-04-21T12:56:59.444+0000] {dag.py:3096} INFO - Sync 1 DAGs
[2025-04-21T12:56:59.456+0000] {logging_mixin.py:188} INFO - [2025-04-21T12:56:59.455+0000] {dag.py:3954} INFO - Setting next_dagrun for example_bash_operator to 2025-04-20 00:00:00+00:00, run_after=2025-04-21 00:00:00+00:00
[2025-04-21T12:56:59.465+0000] {processor.py:183} INFO - Processing /home/airflow/.local/lib/python3.12/site-packages/airflow/example_dags/example_bash_operator.py took 0.041 seconds
[2025-04-21T14:21:25.526+0000] {processor.py:161} INFO - Started process (PID=93103) to work on /home/airflow/.local/lib/python3.12/site-packages/airflow/example_dags/example_bash_operator.py
[2025-04-21T14:21:25.527+0000] {processor.py:830} INFO - Processing file /home/airflow/.local/lib/python3.12/site-packages/airflow/example_dags/example_bash_operator.py for tasks to queue
[2025-04-21T14:21:25.528+0000] {logging_mixin.py:188} INFO - [2025-04-21T14:21:25.528+0000] {dagbag.py:545} INFO - Filling up the DagBag from /home/airflow/.local/lib/python3.12/site-packages/airflow/example_dags/example_bash_operator.py
[2025-04-21T14:21:25.534+0000] {processor.py:840} INFO - DAG(s) 'example_bash_operator' retrieved from /home/airflow/.local/lib/python3.12/site-packages/airflow/example_dags/example_bash_operator.py
[2025-04-21T14:21:25.549+0000] {logging_mixin.py:188} INFO - [2025-04-21T14:21:25.549+0000] {dag.py:3096} INFO - Sync 1 DAGs
[2025-04-21T14:21:25.561+0000] {logging_mixin.py:188} INFO - [2025-04-21T14:21:25.561+0000] {dag.py:3954} INFO - Setting next_dagrun for example_bash_operator to 2025-04-20 00:00:00+00:00, run_after=2025-04-21 00:00:00+00:00
[2025-04-21T14:21:26.051+0000] {processor.py:183} INFO - Processing /home/airflow/.local/lib/python3.12/site-packages/airflow/example_dags/example_bash_operator.py took 0.528 seconds
[2025-04-21T16:03:44.815+0000] {processor.py:161} INFO - Started process (PID=93163) to work on /home/airflow/.local/lib/python3.12/site-packages/airflow/example_dags/example_bash_operator.py
[2025-04-21T16:03:44.815+0000] {processor.py:830} INFO - Processing file /home/airflow/.local/lib/python3.12/site-packages/airflow/example_dags/example_bash_operator.py for tasks to queue
[2025-04-21T16:03:44.816+0000] {logging_mixin.py:188} INFO - [2025-04-21T16:03:44.816+0000] {dagbag.py:545} INFO - Filling up the DagBag from /home/airflow/.local/lib/python3.12/site-packages/airflow/example_dags/example_bash_operator.py
[2025-04-21T16:03:44.822+0000] {processor.py:840} INFO - DAG(s) 'example_bash_operator' retrieved from /home/airflow/.local/lib/python3.12/site-packages/airflow/example_dags/example_bash_operator.py
[2025-04-21T16:03:44.839+0000] {logging_mixin.py:188} INFO - [2025-04-21T16:03:44.839+0000] {dag.py:3096} INFO - Sync 1 DAGs
[2025-04-21T16:03:44.850+0000] {logging_mixin.py:188} INFO - [2025-04-21T16:03:44.850+0000] {dag.py:3954} INFO - Setting next_dagrun for example_bash_operator to 2025-04-20 00:00:00+00:00, run_after=2025-04-21 00:00:00+00:00
[2025-04-21T16:03:44.864+0000] {processor.py:183} INFO - Processing /home/airflow/.local/lib/python3.12/site-packages/airflow/example_dags/example_bash_operator.py took 0.052 seconds
[2025-04-21T17:25:31.568+0000] {processor.py:161} INFO - Started process (PID=93223) to work on /home/airflow/.local/lib/python3.12/site-packages/airflow/example_dags/example_bash_operator.py
[2025-04-21T17:25:31.569+0000] {processor.py:830} INFO - Processing file /home/airflow/.local/lib/python3.12/site-packages/airflow/example_dags/example_bash_operator.py for tasks to queue
[2025-04-21T17:25:31.569+0000] {logging_mixin.py:188} INFO - [2025-04-21T17:25:31.569+0000] {dagbag.py:545} INFO - Filling up the DagBag from /home/airflow/.local/lib/python3.12/site-packages/airflow/example_dags/example_bash_operator.py
[2025-04-21T17:25:31.574+0000] {processor.py:840} INFO - DAG(s) 'example_bash_operator' retrieved from /home/airflow/.local/lib/python3.12/site-packages/airflow/example_dags/example_bash_operator.py
[2025-04-21T17:25:31.586+0000] {logging_mixin.py:188} INFO - [2025-04-21T17:25:31.585+0000] {dag.py:3096} INFO - Sync 1 DAGs
[2025-04-21T17:25:31.594+0000] {logging_mixin.py:188} INFO - [2025-04-21T17:25:31.594+0000] {dag.py:3954} INFO - Setting next_dagrun for example_bash_operator to 2025-04-20 00:00:00+00:00, run_after=2025-04-21 00:00:00+00:00
[2025-04-21T17:25:31.602+0000] {processor.py:183} INFO - Processing /home/airflow/.local/lib/python3.12/site-packages/airflow/example_dags/example_bash_operator.py took 0.036 seconds
[2025-04-21T18:31:35.004+0000] {processor.py:161} INFO - Started process (PID=93283) to work on /home/airflow/.local/lib/python3.12/site-packages/airflow/example_dags/example_bash_operator.py
[2025-04-21T18:31:35.006+0000] {processor.py:830} INFO - Processing file /home/airflow/.local/lib/python3.12/site-packages/airflow/example_dags/example_bash_operator.py for tasks to queue
[2025-04-21T18:31:35.007+0000] {logging_mixin.py:188} INFO - [2025-04-21T18:31:35.006+0000] {dagbag.py:545} INFO - Filling up the DagBag from /home/airflow/.local/lib/python3.12/site-packages/airflow/example_dags/example_bash_operator.py
[2025-04-21T18:31:35.012+0000] {processor.py:840} INFO - DAG(s) 'example_bash_operator' retrieved from /home/airflow/.local/lib/python3.12/site-packages/airflow/example_dags/example_bash_operator.py
[2025-04-21T18:31:35.029+0000] {logging_mixin.py:188} INFO - [2025-04-21T18:31:35.029+0000] {dag.py:3096} INFO - Sync 1 DAGs
[2025-04-21T18:31:35.041+0000] {logging_mixin.py:188} INFO - [2025-04-21T18:31:35.041+0000] {dag.py:3954} INFO - Setting next_dagrun for example_bash_operator to 2025-04-20 00:00:00+00:00, run_after=2025-04-21 00:00:00+00:00
[2025-04-21T18:31:35.053+0000] {processor.py:183} INFO - Processing /home/airflow/.local/lib/python3.12/site-packages/airflow/example_dags/example_bash_operator.py took 0.053 seconds
[2025-04-21T18:32:05.753+0000] {processor.py:161} INFO - Started process (PID=93343) to work on /home/airflow/.local/lib/python3.12/site-packages/airflow/example_dags/example_bash_operator.py
[2025-04-21T18:32:05.754+0000] {processor.py:830} INFO - Processing file /home/airflow/.local/lib/python3.12/site-packages/airflow/example_dags/example_bash_operator.py for tasks to queue
[2025-04-21T18:32:05.754+0000] {logging_mixin.py:188} INFO - [2025-04-21T18:32:05.754+0000] {dagbag.py:545} INFO - Filling up the DagBag from /home/airflow/.local/lib/python3.12/site-packages/airflow/example_dags/example_bash_operator.py
[2025-04-21T18:32:05.760+0000] {processor.py:840} INFO - DAG(s) 'example_bash_operator' retrieved from /home/airflow/.local/lib/python3.12/site-packages/airflow/example_dags/example_bash_operator.py
[2025-04-21T18:32:05.771+0000] {logging_mixin.py:188} INFO - [2025-04-21T18:32:05.771+0000] {dag.py:3096} INFO - Sync 1 DAGs
[2025-04-21T18:32:05.781+0000] {logging_mixin.py:188} INFO - [2025-04-21T18:32:05.781+0000] {dag.py:3954} INFO - Setting next_dagrun for example_bash_operator to 2025-04-20 00:00:00+00:00, run_after=2025-04-21 00:00:00+00:00
[2025-04-21T18:32:05.788+0000] {processor.py:183} INFO - Processing /home/airflow/.local/lib/python3.12/site-packages/airflow/example_dags/example_bash_operator.py took 0.038 seconds
[2025-04-21T18:35:57.323+0000] {processor.py:161} INFO - Started process (PID=93403) to work on /home/airflow/.local/lib/python3.12/site-packages/airflow/example_dags/example_bash_operator.py
[2025-04-21T18:35:57.323+0000] {processor.py:830} INFO - Processing file /home/airflow/.local/lib/python3.12/site-packages/airflow/example_dags/example_bash_operator.py for tasks to queue
[2025-04-21T18:35:57.324+0000] {logging_mixin.py:188} INFO - [2025-04-21T18:35:57.324+0000] {dagbag.py:545} INFO - Filling up the DagBag from /home/airflow/.local/lib/python3.12/site-packages/airflow/example_dags/example_bash_operator.py
[2025-04-21T18:35:57.330+0000] {processor.py:840} INFO - DAG(s) 'example_bash_operator' retrieved from /home/airflow/.local/lib/python3.12/site-packages/airflow/example_dags/example_bash_operator.py
[2025-04-21T18:35:57.346+0000] {logging_mixin.py:188} INFO - [2025-04-21T18:35:57.345+0000] {dag.py:3096} INFO - Sync 1 DAGs
[2025-04-21T18:35:57.359+0000] {logging_mixin.py:188} INFO - [2025-04-21T18:35:57.359+0000] {dag.py:3954} INFO - Setting next_dagrun for example_bash_operator to 2025-04-20 00:00:00+00:00, run_after=2025-04-21 00:00:00+00:00
[2025-04-21T18:35:57.372+0000] {processor.py:183} INFO - Processing /home/airflow/.local/lib/python3.12/site-packages/airflow/example_dags/example_bash_operator.py took 0.054 seconds
[2025-04-21T18:41:10.137+0000] {processor.py:161} INFO - Started process (PID=93463) to work on /home/airflow/.local/lib/python3.12/site-packages/airflow/example_dags/example_bash_operator.py
[2025-04-21T18:41:10.138+0000] {processor.py:830} INFO - Processing file /home/airflow/.local/lib/python3.12/site-packages/airflow/example_dags/example_bash_operator.py for tasks to queue
[2025-04-21T18:41:10.139+0000] {logging_mixin.py:188} INFO - [2025-04-21T18:41:10.138+0000] {dagbag.py:545} INFO - Filling up the DagBag from /home/airflow/.local/lib/python3.12/site-packages/airflow/example_dags/example_bash_operator.py
[2025-04-21T18:41:10.145+0000] {processor.py:840} INFO - DAG(s) 'example_bash_operator' retrieved from /home/airflow/.local/lib/python3.12/site-packages/airflow/example_dags/example_bash_operator.py
[2025-04-21T18:41:10.170+0000] {logging_mixin.py:188} INFO - [2025-04-21T18:41:10.170+0000] {dag.py:3096} INFO - Sync 1 DAGs
[2025-04-21T18:41:10.181+0000] {logging_mixin.py:188} INFO - [2025-04-21T18:41:10.181+0000] {dag.py:3954} INFO - Setting next_dagrun for example_bash_operator to 2025-04-20 00:00:00+00:00, run_after=2025-04-21 00:00:00+00:00
[2025-04-21T18:41:10.190+0000] {processor.py:183} INFO - Processing /home/airflow/.local/lib/python3.12/site-packages/airflow/example_dags/example_bash_operator.py took 0.057 seconds
[2025-04-21T18:41:40.865+0000] {processor.py:161} INFO - Started process (PID=93523) to work on /home/airflow/.local/lib/python3.12/site-packages/airflow/example_dags/example_bash_operator.py
[2025-04-21T18:41:40.865+0000] {processor.py:830} INFO - Processing file /home/airflow/.local/lib/python3.12/site-packages/airflow/example_dags/example_bash_operator.py for tasks to queue
[2025-04-21T18:41:40.866+0000] {logging_mixin.py:188} INFO - [2025-04-21T18:41:40.866+0000] {dagbag.py:545} INFO - Filling up the DagBag from /home/airflow/.local/lib/python3.12/site-packages/airflow/example_dags/example_bash_operator.py
[2025-04-21T18:41:40.872+0000] {processor.py:840} INFO - DAG(s) 'example_bash_operator' retrieved from /home/airflow/.local/lib/python3.12/site-packages/airflow/example_dags/example_bash_operator.py
[2025-04-21T18:41:40.883+0000] {logging_mixin.py:188} INFO - [2025-04-21T18:41:40.883+0000] {dag.py:3096} INFO - Sync 1 DAGs
[2025-04-21T18:41:40.893+0000] {logging_mixin.py:188} INFO - [2025-04-21T18:41:40.893+0000] {dag.py:3954} INFO - Setting next_dagrun for example_bash_operator to 2025-04-20 00:00:00+00:00, run_after=2025-04-21 00:00:00+00:00
[2025-04-21T18:41:40.900+0000] {processor.py:183} INFO - Processing /home/airflow/.local/lib/python3.12/site-packages/airflow/example_dags/example_bash_operator.py took 0.038 seconds
[2025-04-21T18:46:53.135+0000] {processor.py:161} INFO - Started process (PID=93583) to work on /home/airflow/.local/lib/python3.12/site-packages/airflow/example_dags/example_bash_operator.py
[2025-04-21T18:46:53.136+0000] {processor.py:830} INFO - Processing file /home/airflow/.local/lib/python3.12/site-packages/airflow/example_dags/example_bash_operator.py for tasks to queue
[2025-04-21T18:46:53.137+0000] {logging_mixin.py:188} INFO - [2025-04-21T18:46:53.137+0000] {dagbag.py:545} INFO - Filling up the DagBag from /home/airflow/.local/lib/python3.12/site-packages/airflow/example_dags/example_bash_operator.py
[2025-04-21T18:46:53.144+0000] {processor.py:840} INFO - DAG(s) 'example_bash_operator' retrieved from /home/airflow/.local/lib/python3.12/site-packages/airflow/example_dags/example_bash_operator.py
[2025-04-21T18:46:53.156+0000] {logging_mixin.py:188} INFO - [2025-04-21T18:46:53.156+0000] {dag.py:3096} INFO - Sync 1 DAGs
[2025-04-21T18:46:53.166+0000] {logging_mixin.py:188} INFO - [2025-04-21T18:46:53.166+0000] {dag.py:3954} INFO - Setting next_dagrun for example_bash_operator to 2025-04-20 00:00:00+00:00, run_after=2025-04-21 00:00:00+00:00
[2025-04-21T18:46:53.177+0000] {processor.py:183} INFO - Processing /home/airflow/.local/lib/python3.12/site-packages/airflow/example_dags/example_bash_operator.py took 0.045 seconds
[2025-04-21T18:52:06.327+0000] {processor.py:161} INFO - Started process (PID=93643) to work on /home/airflow/.local/lib/python3.12/site-packages/airflow/example_dags/example_bash_operator.py
[2025-04-21T18:52:06.328+0000] {processor.py:830} INFO - Processing file /home/airflow/.local/lib/python3.12/site-packages/airflow/example_dags/example_bash_operator.py for tasks to queue
[2025-04-21T18:52:06.329+0000] {logging_mixin.py:188} INFO - [2025-04-21T18:52:06.329+0000] {dagbag.py:545} INFO - Filling up the DagBag from /home/airflow/.local/lib/python3.12/site-packages/airflow/example_dags/example_bash_operator.py
[2025-04-21T18:52:06.334+0000] {processor.py:840} INFO - DAG(s) 'example_bash_operator' retrieved from /home/airflow/.local/lib/python3.12/site-packages/airflow/example_dags/example_bash_operator.py
[2025-04-21T18:52:06.350+0000] {logging_mixin.py:188} INFO - [2025-04-21T18:52:06.350+0000] {dag.py:3096} INFO - Sync 1 DAGs
[2025-04-21T18:52:06.361+0000] {logging_mixin.py:188} INFO - [2025-04-21T18:52:06.361+0000] {dag.py:3954} INFO - Setting next_dagrun for example_bash_operator to 2025-04-20 00:00:00+00:00, run_after=2025-04-21 00:00:00+00:00
[2025-04-21T18:52:06.371+0000] {processor.py:183} INFO - Processing /home/airflow/.local/lib/python3.12/site-packages/airflow/example_dags/example_bash_operator.py took 0.047 seconds
[2025-04-21T18:52:37.338+0000] {processor.py:161} INFO - Started process (PID=93703) to work on /home/airflow/.local/lib/python3.12/site-packages/airflow/example_dags/example_bash_operator.py
[2025-04-21T18:52:37.339+0000] {processor.py:830} INFO - Processing file /home/airflow/.local/lib/python3.12/site-packages/airflow/example_dags/example_bash_operator.py for tasks to queue
[2025-04-21T18:52:37.340+0000] {logging_mixin.py:188} INFO - [2025-04-21T18:52:37.340+0000] {dagbag.py:545} INFO - Filling up the DagBag from /home/airflow/.local/lib/python3.12/site-packages/airflow/example_dags/example_bash_operator.py
[2025-04-21T18:52:37.346+0000] {processor.py:840} INFO - DAG(s) 'example_bash_operator' retrieved from /home/airflow/.local/lib/python3.12/site-packages/airflow/example_dags/example_bash_operator.py
[2025-04-21T18:52:37.448+0000] {logging_mixin.py:188} INFO - [2025-04-21T18:52:37.447+0000] {dag.py:3096} INFO - Sync 1 DAGs
[2025-04-21T18:52:37.456+0000] {logging_mixin.py:188} INFO - [2025-04-21T18:52:37.456+0000] {dag.py:3954} INFO - Setting next_dagrun for example_bash_operator to 2025-04-20 00:00:00+00:00, run_after=2025-04-21 00:00:00+00:00
[2025-04-21T18:52:37.464+0000] {processor.py:183} INFO - Processing /home/airflow/.local/lib/python3.12/site-packages/airflow/example_dags/example_bash_operator.py took 0.128 seconds
[2025-04-21T18:57:48.965+0000] {processor.py:161} INFO - Started process (PID=93763) to work on /home/airflow/.local/lib/python3.12/site-packages/airflow/example_dags/example_bash_operator.py
[2025-04-21T18:57:48.966+0000] {processor.py:830} INFO - Processing file /home/airflow/.local/lib/python3.12/site-packages/airflow/example_dags/example_bash_operator.py for tasks to queue
[2025-04-21T18:57:48.967+0000] {logging_mixin.py:188} INFO - [2025-04-21T18:57:48.966+0000] {dagbag.py:545} INFO - Filling up the DagBag from /home/airflow/.local/lib/python3.12/site-packages/airflow/example_dags/example_bash_operator.py
[2025-04-21T18:57:48.972+0000] {processor.py:840} INFO - DAG(s) 'example_bash_operator' retrieved from /home/airflow/.local/lib/python3.12/site-packages/airflow/example_dags/example_bash_operator.py
[2025-04-21T18:57:48.986+0000] {logging_mixin.py:188} INFO - [2025-04-21T18:57:48.986+0000] {dag.py:3096} INFO - Sync 1 DAGs
[2025-04-21T18:57:48.999+0000] {logging_mixin.py:188} INFO - [2025-04-21T18:57:48.998+0000] {dag.py:3954} INFO - Setting next_dagrun for example_bash_operator to 2025-04-20 00:00:00+00:00, run_after=2025-04-21 00:00:00+00:00
[2025-04-21T18:57:49.009+0000] {processor.py:183} INFO - Processing /home/airflow/.local/lib/python3.12/site-packages/airflow/example_dags/example_bash_operator.py took 0.047 seconds
[2025-04-21T20:03:23.951+0000] {processor.py:161} INFO - Started process (PID=93823) to work on /home/airflow/.local/lib/python3.12/site-packages/airflow/example_dags/example_bash_operator.py
[2025-04-21T20:03:23.952+0000] {processor.py:830} INFO - Processing file /home/airflow/.local/lib/python3.12/site-packages/airflow/example_dags/example_bash_operator.py for tasks to queue
[2025-04-21T20:03:23.953+0000] {logging_mixin.py:188} INFO - [2025-04-21T20:03:23.953+0000] {dagbag.py:545} INFO - Filling up the DagBag from /home/airflow/.local/lib/python3.12/site-packages/airflow/example_dags/example_bash_operator.py
[2025-04-21T20:03:23.959+0000] {processor.py:840} INFO - DAG(s) 'example_bash_operator' retrieved from /home/airflow/.local/lib/python3.12/site-packages/airflow/example_dags/example_bash_operator.py
[2025-04-21T20:03:23.975+0000] {logging_mixin.py:188} INFO - [2025-04-21T20:03:23.975+0000] {dag.py:3096} INFO - Sync 1 DAGs
[2025-04-21T20:03:23.985+0000] {logging_mixin.py:188} INFO - [2025-04-21T20:03:23.985+0000] {dag.py:3954} INFO - Setting next_dagrun for example_bash_operator to 2025-04-20 00:00:00+00:00, run_after=2025-04-21 00:00:00+00:00
[2025-04-21T20:03:23.997+0000] {processor.py:183} INFO - Processing /home/airflow/.local/lib/python3.12/site-packages/airflow/example_dags/example_bash_operator.py took 0.049 seconds
[2025-04-21T20:15:53.484+0000] {processor.py:161} INFO - Started process (PID=93883) to work on /home/airflow/.local/lib/python3.12/site-packages/airflow/example_dags/example_bash_operator.py
[2025-04-21T20:15:53.484+0000] {processor.py:830} INFO - Processing file /home/airflow/.local/lib/python3.12/site-packages/airflow/example_dags/example_bash_operator.py for tasks to queue
[2025-04-21T20:15:53.487+0000] {logging_mixin.py:188} INFO - [2025-04-21T20:15:53.485+0000] {dagbag.py:545} INFO - Filling up the DagBag from /home/airflow/.local/lib/python3.12/site-packages/airflow/example_dags/example_bash_operator.py
[2025-04-21T20:15:53.492+0000] {processor.py:840} INFO - DAG(s) 'example_bash_operator' retrieved from /home/airflow/.local/lib/python3.12/site-packages/airflow/example_dags/example_bash_operator.py
[2025-04-21T20:15:53.510+0000] {logging_mixin.py:188} INFO - [2025-04-21T20:15:53.509+0000] {dag.py:3096} INFO - Sync 1 DAGs
[2025-04-21T20:15:53.520+0000] {logging_mixin.py:188} INFO - [2025-04-21T20:15:53.520+0000] {dag.py:3954} INFO - Setting next_dagrun for example_bash_operator to 2025-04-20 00:00:00+00:00, run_after=2025-04-21 00:00:00+00:00
[2025-04-21T20:15:53.529+0000] {processor.py:183} INFO - Processing /home/airflow/.local/lib/python3.12/site-packages/airflow/example_dags/example_bash_operator.py took 0.048 seconds
[2025-04-21T20:21:06.946+0000] {processor.py:161} INFO - Started process (PID=93943) to work on /home/airflow/.local/lib/python3.12/site-packages/airflow/example_dags/example_bash_operator.py
[2025-04-21T20:21:06.947+0000] {processor.py:830} INFO - Processing file /home/airflow/.local/lib/python3.12/site-packages/airflow/example_dags/example_bash_operator.py for tasks to queue
[2025-04-21T20:21:06.948+0000] {logging_mixin.py:188} INFO - [2025-04-21T20:21:06.948+0000] {dagbag.py:545} INFO - Filling up the DagBag from /home/airflow/.local/lib/python3.12/site-packages/airflow/example_dags/example_bash_operator.py
[2025-04-21T20:21:06.954+0000] {processor.py:840} INFO - DAG(s) 'example_bash_operator' retrieved from /home/airflow/.local/lib/python3.12/site-packages/airflow/example_dags/example_bash_operator.py
[2025-04-21T20:21:06.974+0000] {logging_mixin.py:188} INFO - [2025-04-21T20:21:06.973+0000] {dag.py:3096} INFO - Sync 1 DAGs
[2025-04-21T20:21:06.990+0000] {logging_mixin.py:188} INFO - [2025-04-21T20:21:06.989+0000] {dag.py:3954} INFO - Setting next_dagrun for example_bash_operator to 2025-04-20 00:00:00+00:00, run_after=2025-04-21 00:00:00+00:00
[2025-04-21T20:21:07.001+0000] {processor.py:183} INFO - Processing /home/airflow/.local/lib/python3.12/site-packages/airflow/example_dags/example_bash_operator.py took 0.058 seconds
[2025-04-21T20:22:20.899+0000] {processor.py:161} INFO - Started process (PID=94003) to work on /home/airflow/.local/lib/python3.12/site-packages/airflow/example_dags/example_bash_operator.py
[2025-04-21T20:22:20.900+0000] {processor.py:830} INFO - Processing file /home/airflow/.local/lib/python3.12/site-packages/airflow/example_dags/example_bash_operator.py for tasks to queue
[2025-04-21T20:22:20.902+0000] {logging_mixin.py:188} INFO - [2025-04-21T20:22:20.902+0000] {dagbag.py:545} INFO - Filling up the DagBag from /home/airflow/.local/lib/python3.12/site-packages/airflow/example_dags/example_bash_operator.py
[2025-04-21T20:22:20.910+0000] {processor.py:840} INFO - DAG(s) 'example_bash_operator' retrieved from /home/airflow/.local/lib/python3.12/site-packages/airflow/example_dags/example_bash_operator.py
[2025-04-21T20:22:20.929+0000] {logging_mixin.py:188} INFO - [2025-04-21T20:22:20.928+0000] {dag.py:3096} INFO - Sync 1 DAGs
[2025-04-21T20:22:20.939+0000] {logging_mixin.py:188} INFO - [2025-04-21T20:22:20.939+0000] {dag.py:3954} INFO - Setting next_dagrun for example_bash_operator to 2025-04-20 00:00:00+00:00, run_after=2025-04-21 00:00:00+00:00
[2025-04-21T20:22:20.948+0000] {processor.py:183} INFO - Processing /home/airflow/.local/lib/python3.12/site-packages/airflow/example_dags/example_bash_operator.py took 0.052 seconds
[2025-04-21T20:27:34.423+0000] {processor.py:161} INFO - Started process (PID=94063) to work on /home/airflow/.local/lib/python3.12/site-packages/airflow/example_dags/example_bash_operator.py
[2025-04-21T20:27:34.424+0000] {processor.py:830} INFO - Processing file /home/airflow/.local/lib/python3.12/site-packages/airflow/example_dags/example_bash_operator.py for tasks to queue
[2025-04-21T20:27:34.424+0000] {logging_mixin.py:188} INFO - [2025-04-21T20:27:34.424+0000] {dagbag.py:545} INFO - Filling up the DagBag from /home/airflow/.local/lib/python3.12/site-packages/airflow/example_dags/example_bash_operator.py
[2025-04-21T20:27:34.429+0000] {processor.py:840} INFO - DAG(s) 'example_bash_operator' retrieved from /home/airflow/.local/lib/python3.12/site-packages/airflow/example_dags/example_bash_operator.py
[2025-04-21T20:27:34.441+0000] {logging_mixin.py:188} INFO - [2025-04-21T20:27:34.441+0000] {dag.py:3096} INFO - Sync 1 DAGs
[2025-04-21T20:27:34.450+0000] {logging_mixin.py:188} INFO - [2025-04-21T20:27:34.450+0000] {dag.py:3954} INFO - Setting next_dagrun for example_bash_operator to 2025-04-20 00:00:00+00:00, run_after=2025-04-21 00:00:00+00:00
[2025-04-21T20:27:34.457+0000] {processor.py:183} INFO - Processing /home/airflow/.local/lib/python3.12/site-packages/airflow/example_dags/example_bash_operator.py took 0.036 seconds
[2025-04-21T20:29:31.749+0000] {processor.py:161} INFO - Started process (PID=94123) to work on /home/airflow/.local/lib/python3.12/site-packages/airflow/example_dags/example_bash_operator.py
[2025-04-21T20:29:31.750+0000] {processor.py:830} INFO - Processing file /home/airflow/.local/lib/python3.12/site-packages/airflow/example_dags/example_bash_operator.py for tasks to queue
[2025-04-21T20:29:31.751+0000] {logging_mixin.py:188} INFO - [2025-04-21T20:29:31.751+0000] {dagbag.py:545} INFO - Filling up the DagBag from /home/airflow/.local/lib/python3.12/site-packages/airflow/example_dags/example_bash_operator.py
[2025-04-21T20:29:31.756+0000] {processor.py:840} INFO - DAG(s) 'example_bash_operator' retrieved from /home/airflow/.local/lib/python3.12/site-packages/airflow/example_dags/example_bash_operator.py
[2025-04-21T20:29:31.773+0000] {logging_mixin.py:188} INFO - [2025-04-21T20:29:31.772+0000] {dag.py:3096} INFO - Sync 1 DAGs
[2025-04-21T20:29:31.783+0000] {logging_mixin.py:188} INFO - [2025-04-21T20:29:31.783+0000] {dag.py:3954} INFO - Setting next_dagrun for example_bash_operator to 2025-04-20 00:00:00+00:00, run_after=2025-04-21 00:00:00+00:00
[2025-04-21T20:29:31.800+0000] {processor.py:183} INFO - Processing /home/airflow/.local/lib/python3.12/site-packages/airflow/example_dags/example_bash_operator.py took 0.054 seconds
[2025-04-21T20:30:51.182+0000] {processor.py:161} INFO - Started process (PID=94183) to work on /home/airflow/.local/lib/python3.12/site-packages/airflow/example_dags/example_bash_operator.py
[2025-04-21T20:30:51.182+0000] {processor.py:830} INFO - Processing file /home/airflow/.local/lib/python3.12/site-packages/airflow/example_dags/example_bash_operator.py for tasks to queue
[2025-04-21T20:30:51.185+0000] {logging_mixin.py:188} INFO - [2025-04-21T20:30:51.185+0000] {dagbag.py:545} INFO - Filling up the DagBag from /home/airflow/.local/lib/python3.12/site-packages/airflow/example_dags/example_bash_operator.py
[2025-04-21T20:30:51.191+0000] {processor.py:840} INFO - DAG(s) 'example_bash_operator' retrieved from /home/airflow/.local/lib/python3.12/site-packages/airflow/example_dags/example_bash_operator.py
[2025-04-21T20:30:51.204+0000] {logging_mixin.py:188} INFO - [2025-04-21T20:30:51.204+0000] {dag.py:3096} INFO - Sync 1 DAGs
[2025-04-21T20:30:51.217+0000] {logging_mixin.py:188} INFO - [2025-04-21T20:30:51.217+0000] {dag.py:3954} INFO - Setting next_dagrun for example_bash_operator to 2025-04-20 00:00:00+00:00, run_after=2025-04-21 00:00:00+00:00
[2025-04-21T20:30:51.228+0000] {processor.py:183} INFO - Processing /home/airflow/.local/lib/python3.12/site-packages/airflow/example_dags/example_bash_operator.py took 0.049 seconds
[2025-04-21T20:31:32.480+0000] {processor.py:161} INFO - Started process (PID=94243) to work on /home/airflow/.local/lib/python3.12/site-packages/airflow/example_dags/example_bash_operator.py
[2025-04-21T20:31:32.481+0000] {processor.py:830} INFO - Processing file /home/airflow/.local/lib/python3.12/site-packages/airflow/example_dags/example_bash_operator.py for tasks to queue
[2025-04-21T20:31:32.482+0000] {logging_mixin.py:188} INFO - [2025-04-21T20:31:32.482+0000] {dagbag.py:545} INFO - Filling up the DagBag from /home/airflow/.local/lib/python3.12/site-packages/airflow/example_dags/example_bash_operator.py
[2025-04-21T20:31:32.487+0000] {processor.py:840} INFO - DAG(s) 'example_bash_operator' retrieved from /home/airflow/.local/lib/python3.12/site-packages/airflow/example_dags/example_bash_operator.py
[2025-04-21T20:31:32.502+0000] {logging_mixin.py:188} INFO - [2025-04-21T20:31:32.502+0000] {dag.py:3096} INFO - Sync 1 DAGs
[2025-04-21T20:31:32.512+0000] {logging_mixin.py:188} INFO - [2025-04-21T20:31:32.512+0000] {dag.py:3954} INFO - Setting next_dagrun for example_bash_operator to 2025-04-20 00:00:00+00:00, run_after=2025-04-21 00:00:00+00:00
[2025-04-21T20:31:32.526+0000] {processor.py:183} INFO - Processing /home/airflow/.local/lib/python3.12/site-packages/airflow/example_dags/example_bash_operator.py took 0.049 seconds
[2025-04-21T20:32:07.753+0000] {processor.py:161} INFO - Started process (PID=94303) to work on /home/airflow/.local/lib/python3.12/site-packages/airflow/example_dags/example_bash_operator.py
[2025-04-21T20:32:07.753+0000] {processor.py:830} INFO - Processing file /home/airflow/.local/lib/python3.12/site-packages/airflow/example_dags/example_bash_operator.py for tasks to queue
[2025-04-21T20:32:07.754+0000] {logging_mixin.py:188} INFO - [2025-04-21T20:32:07.754+0000] {dagbag.py:545} INFO - Filling up the DagBag from /home/airflow/.local/lib/python3.12/site-packages/airflow/example_dags/example_bash_operator.py
[2025-04-21T20:32:07.760+0000] {processor.py:840} INFO - DAG(s) 'example_bash_operator' retrieved from /home/airflow/.local/lib/python3.12/site-packages/airflow/example_dags/example_bash_operator.py
[2025-04-21T20:32:07.774+0000] {logging_mixin.py:188} INFO - [2025-04-21T20:32:07.774+0000] {dag.py:3096} INFO - Sync 1 DAGs
[2025-04-21T20:32:07.785+0000] {logging_mixin.py:188} INFO - [2025-04-21T20:32:07.785+0000] {dag.py:3954} INFO - Setting next_dagrun for example_bash_operator to 2025-04-20 00:00:00+00:00, run_after=2025-04-21 00:00:00+00:00
[2025-04-21T20:32:07.795+0000] {processor.py:183} INFO - Processing /home/airflow/.local/lib/python3.12/site-packages/airflow/example_dags/example_bash_operator.py took 0.045 seconds
[2025-04-21T20:33:32.493+0000] {processor.py:161} INFO - Started process (PID=94363) to work on /home/airflow/.local/lib/python3.12/site-packages/airflow/example_dags/example_bash_operator.py
[2025-04-21T20:33:32.494+0000] {processor.py:830} INFO - Processing file /home/airflow/.local/lib/python3.12/site-packages/airflow/example_dags/example_bash_operator.py for tasks to queue
[2025-04-21T20:33:32.496+0000] {logging_mixin.py:188} INFO - [2025-04-21T20:33:32.495+0000] {dagbag.py:545} INFO - Filling up the DagBag from /home/airflow/.local/lib/python3.12/site-packages/airflow/example_dags/example_bash_operator.py
[2025-04-21T20:33:32.501+0000] {processor.py:840} INFO - DAG(s) 'example_bash_operator' retrieved from /home/airflow/.local/lib/python3.12/site-packages/airflow/example_dags/example_bash_operator.py
[2025-04-21T20:33:32.515+0000] {logging_mixin.py:188} INFO - [2025-04-21T20:33:32.515+0000] {dag.py:3096} INFO - Sync 1 DAGs
[2025-04-21T20:33:32.525+0000] {logging_mixin.py:188} INFO - [2025-04-21T20:33:32.525+0000] {dag.py:3954} INFO - Setting next_dagrun for example_bash_operator to 2025-04-20 00:00:00+00:00, run_after=2025-04-21 00:00:00+00:00
[2025-04-21T20:33:32.534+0000] {processor.py:183} INFO - Processing /home/airflow/.local/lib/python3.12/site-packages/airflow/example_dags/example_bash_operator.py took 0.044 seconds
[2025-04-21T20:34:54.890+0000] {processor.py:161} INFO - Started process (PID=94423) to work on /home/airflow/.local/lib/python3.12/site-packages/airflow/example_dags/example_bash_operator.py
[2025-04-21T20:34:54.890+0000] {processor.py:830} INFO - Processing file /home/airflow/.local/lib/python3.12/site-packages/airflow/example_dags/example_bash_operator.py for tasks to queue
[2025-04-21T20:34:54.891+0000] {logging_mixin.py:188} INFO - [2025-04-21T20:34:54.891+0000] {dagbag.py:545} INFO - Filling up the DagBag from /home/airflow/.local/lib/python3.12/site-packages/airflow/example_dags/example_bash_operator.py
[2025-04-21T20:34:54.896+0000] {processor.py:840} INFO - DAG(s) 'example_bash_operator' retrieved from /home/airflow/.local/lib/python3.12/site-packages/airflow/example_dags/example_bash_operator.py
[2025-04-21T20:34:54.908+0000] {logging_mixin.py:188} INFO - [2025-04-21T20:34:54.908+0000] {dag.py:3096} INFO - Sync 1 DAGs
[2025-04-21T20:34:54.917+0000] {logging_mixin.py:188} INFO - [2025-04-21T20:34:54.916+0000] {dag.py:3954} INFO - Setting next_dagrun for example_bash_operator to 2025-04-20 00:00:00+00:00, run_after=2025-04-21 00:00:00+00:00
[2025-04-21T20:34:54.923+0000] {processor.py:183} INFO - Processing /home/airflow/.local/lib/python3.12/site-packages/airflow/example_dags/example_bash_operator.py took 0.037 seconds
[2025-04-21T20:36:08.176+0000] {processor.py:161} INFO - Started process (PID=94483) to work on /home/airflow/.local/lib/python3.12/site-packages/airflow/example_dags/example_bash_operator.py
[2025-04-21T20:36:08.177+0000] {processor.py:830} INFO - Processing file /home/airflow/.local/lib/python3.12/site-packages/airflow/example_dags/example_bash_operator.py for tasks to queue
[2025-04-21T20:36:08.179+0000] {logging_mixin.py:188} INFO - [2025-04-21T20:36:08.179+0000] {dagbag.py:545} INFO - Filling up the DagBag from /home/airflow/.local/lib/python3.12/site-packages/airflow/example_dags/example_bash_operator.py
[2025-04-21T20:36:08.186+0000] {processor.py:840} INFO - DAG(s) 'example_bash_operator' retrieved from /home/airflow/.local/lib/python3.12/site-packages/airflow/example_dags/example_bash_operator.py
[2025-04-21T20:36:08.201+0000] {logging_mixin.py:188} INFO - [2025-04-21T20:36:08.200+0000] {dag.py:3096} INFO - Sync 1 DAGs
[2025-04-21T20:36:08.212+0000] {logging_mixin.py:188} INFO - [2025-04-21T20:36:08.212+0000] {dag.py:3954} INFO - Setting next_dagrun for example_bash_operator to 2025-04-20 00:00:00+00:00, run_after=2025-04-21 00:00:00+00:00
[2025-04-21T20:36:08.223+0000] {processor.py:183} INFO - Processing /home/airflow/.local/lib/python3.12/site-packages/airflow/example_dags/example_bash_operator.py took 0.050 seconds
[2025-04-21T20:37:29.679+0000] {processor.py:161} INFO - Started process (PID=94543) to work on /home/airflow/.local/lib/python3.12/site-packages/airflow/example_dags/example_bash_operator.py
[2025-04-21T20:37:29.680+0000] {processor.py:830} INFO - Processing file /home/airflow/.local/lib/python3.12/site-packages/airflow/example_dags/example_bash_operator.py for tasks to queue
[2025-04-21T20:37:29.681+0000] {logging_mixin.py:188} INFO - [2025-04-21T20:37:29.681+0000] {dagbag.py:545} INFO - Filling up the DagBag from /home/airflow/.local/lib/python3.12/site-packages/airflow/example_dags/example_bash_operator.py
[2025-04-21T20:37:29.685+0000] {processor.py:840} INFO - DAG(s) 'example_bash_operator' retrieved from /home/airflow/.local/lib/python3.12/site-packages/airflow/example_dags/example_bash_operator.py
[2025-04-21T20:37:29.697+0000] {logging_mixin.py:188} INFO - [2025-04-21T20:37:29.697+0000] {dag.py:3096} INFO - Sync 1 DAGs
[2025-04-21T20:37:29.706+0000] {logging_mixin.py:188} INFO - [2025-04-21T20:37:29.706+0000] {dag.py:3954} INFO - Setting next_dagrun for example_bash_operator to 2025-04-20 00:00:00+00:00, run_after=2025-04-21 00:00:00+00:00
[2025-04-21T20:37:29.713+0000] {processor.py:183} INFO - Processing /home/airflow/.local/lib/python3.12/site-packages/airflow/example_dags/example_bash_operator.py took 0.037 seconds
[2025-04-21T20:40:16.388+0000] {processor.py:161} INFO - Started process (PID=94603) to work on /home/airflow/.local/lib/python3.12/site-packages/airflow/example_dags/example_bash_operator.py
[2025-04-21T20:40:16.389+0000] {processor.py:830} INFO - Processing file /home/airflow/.local/lib/python3.12/site-packages/airflow/example_dags/example_bash_operator.py for tasks to queue
[2025-04-21T20:40:16.390+0000] {logging_mixin.py:188} INFO - [2025-04-21T20:40:16.390+0000] {dagbag.py:545} INFO - Filling up the DagBag from /home/airflow/.local/lib/python3.12/site-packages/airflow/example_dags/example_bash_operator.py
[2025-04-21T20:40:16.397+0000] {processor.py:840} INFO - DAG(s) 'example_bash_operator' retrieved from /home/airflow/.local/lib/python3.12/site-packages/airflow/example_dags/example_bash_operator.py
[2025-04-21T20:40:16.415+0000] {logging_mixin.py:188} INFO - [2025-04-21T20:40:16.414+0000] {dag.py:3096} INFO - Sync 1 DAGs
[2025-04-21T20:40:16.431+0000] {logging_mixin.py:188} INFO - [2025-04-21T20:40:16.431+0000] {dag.py:3954} INFO - Setting next_dagrun for example_bash_operator to 2025-04-20 00:00:00+00:00, run_after=2025-04-21 00:00:00+00:00
[2025-04-21T20:40:16.444+0000] {processor.py:183} INFO - Processing /home/airflow/.local/lib/python3.12/site-packages/airflow/example_dags/example_bash_operator.py took 0.060 seconds
[2025-04-21T20:41:06.247+0000] {processor.py:161} INFO - Started process (PID=94663) to work on /home/airflow/.local/lib/python3.12/site-packages/airflow/example_dags/example_bash_operator.py
[2025-04-21T20:41:06.248+0000] {processor.py:830} INFO - Processing file /home/airflow/.local/lib/python3.12/site-packages/airflow/example_dags/example_bash_operator.py for tasks to queue
[2025-04-21T20:41:06.248+0000] {logging_mixin.py:188} INFO - [2025-04-21T20:41:06.248+0000] {dagbag.py:545} INFO - Filling up the DagBag from /home/airflow/.local/lib/python3.12/site-packages/airflow/example_dags/example_bash_operator.py
[2025-04-21T20:41:06.253+0000] {processor.py:840} INFO - DAG(s) 'example_bash_operator' retrieved from /home/airflow/.local/lib/python3.12/site-packages/airflow/example_dags/example_bash_operator.py
[2025-04-21T20:41:06.265+0000] {logging_mixin.py:188} INFO - [2025-04-21T20:41:06.265+0000] {dag.py:3096} INFO - Sync 1 DAGs
[2025-04-21T20:41:06.274+0000] {logging_mixin.py:188} INFO - [2025-04-21T20:41:06.274+0000] {dag.py:3954} INFO - Setting next_dagrun for example_bash_operator to 2025-04-20 00:00:00+00:00, run_after=2025-04-21 00:00:00+00:00
[2025-04-21T20:41:06.281+0000] {processor.py:183} INFO - Processing /home/airflow/.local/lib/python3.12/site-packages/airflow/example_dags/example_bash_operator.py took 0.037 seconds
[2025-04-21T20:41:48.995+0000] {processor.py:161} INFO - Started process (PID=94723) to work on /home/airflow/.local/lib/python3.12/site-packages/airflow/example_dags/example_bash_operator.py
[2025-04-21T20:41:48.996+0000] {processor.py:830} INFO - Processing file /home/airflow/.local/lib/python3.12/site-packages/airflow/example_dags/example_bash_operator.py for tasks to queue
[2025-04-21T20:41:48.997+0000] {logging_mixin.py:188} INFO - [2025-04-21T20:41:48.997+0000] {dagbag.py:545} INFO - Filling up the DagBag from /home/airflow/.local/lib/python3.12/site-packages/airflow/example_dags/example_bash_operator.py
[2025-04-21T20:41:49.004+0000] {processor.py:840} INFO - DAG(s) 'example_bash_operator' retrieved from /home/airflow/.local/lib/python3.12/site-packages/airflow/example_dags/example_bash_operator.py
[2025-04-21T20:41:49.016+0000] {logging_mixin.py:188} INFO - [2025-04-21T20:41:49.016+0000] {dag.py:3096} INFO - Sync 1 DAGs
[2025-04-21T20:41:49.027+0000] {logging_mixin.py:188} INFO - [2025-04-21T20:41:49.027+0000] {dag.py:3954} INFO - Setting next_dagrun for example_bash_operator to 2025-04-20 00:00:00+00:00, run_after=2025-04-21 00:00:00+00:00
[2025-04-21T20:41:49.035+0000] {processor.py:183} INFO - Processing /home/airflow/.local/lib/python3.12/site-packages/airflow/example_dags/example_bash_operator.py took 0.044 seconds
[2025-04-21T20:42:34.117+0000] {processor.py:161} INFO - Started process (PID=94783) to work on /home/airflow/.local/lib/python3.12/site-packages/airflow/example_dags/example_bash_operator.py
[2025-04-21T20:42:34.118+0000] {processor.py:830} INFO - Processing file /home/airflow/.local/lib/python3.12/site-packages/airflow/example_dags/example_bash_operator.py for tasks to queue
[2025-04-21T20:42:34.121+0000] {logging_mixin.py:188} INFO - [2025-04-21T20:42:34.120+0000] {dagbag.py:545} INFO - Filling up the DagBag from /home/airflow/.local/lib/python3.12/site-packages/airflow/example_dags/example_bash_operator.py
[2025-04-21T20:42:34.126+0000] {processor.py:840} INFO - DAG(s) 'example_bash_operator' retrieved from /home/airflow/.local/lib/python3.12/site-packages/airflow/example_dags/example_bash_operator.py
[2025-04-21T20:42:34.138+0000] {logging_mixin.py:188} INFO - [2025-04-21T20:42:34.138+0000] {dag.py:3096} INFO - Sync 1 DAGs
[2025-04-21T20:42:34.149+0000] {logging_mixin.py:188} INFO - [2025-04-21T20:42:34.149+0000] {dag.py:3954} INFO - Setting next_dagrun for example_bash_operator to 2025-04-20 00:00:00+00:00, run_after=2025-04-21 00:00:00+00:00
[2025-04-21T20:42:34.161+0000] {processor.py:183} INFO - Processing /home/airflow/.local/lib/python3.12/site-packages/airflow/example_dags/example_bash_operator.py took 0.047 seconds
[2025-04-21T20:43:37.071+0000] {processor.py:161} INFO - Started process (PID=94843) to work on /home/airflow/.local/lib/python3.12/site-packages/airflow/example_dags/example_bash_operator.py
[2025-04-21T20:43:37.071+0000] {processor.py:830} INFO - Processing file /home/airflow/.local/lib/python3.12/site-packages/airflow/example_dags/example_bash_operator.py for tasks to queue
[2025-04-21T20:43:37.072+0000] {logging_mixin.py:188} INFO - [2025-04-21T20:43:37.072+0000] {dagbag.py:545} INFO - Filling up the DagBag from /home/airflow/.local/lib/python3.12/site-packages/airflow/example_dags/example_bash_operator.py
[2025-04-21T20:43:37.077+0000] {processor.py:840} INFO - DAG(s) 'example_bash_operator' retrieved from /home/airflow/.local/lib/python3.12/site-packages/airflow/example_dags/example_bash_operator.py
[2025-04-21T20:43:37.088+0000] {logging_mixin.py:188} INFO - [2025-04-21T20:43:37.088+0000] {dag.py:3096} INFO - Sync 1 DAGs
[2025-04-21T20:43:37.098+0000] {logging_mixin.py:188} INFO - [2025-04-21T20:43:37.098+0000] {dag.py:3954} INFO - Setting next_dagrun for example_bash_operator to 2025-04-20 00:00:00+00:00, run_after=2025-04-21 00:00:00+00:00
[2025-04-21T20:43:37.109+0000] {processor.py:183} INFO - Processing /home/airflow/.local/lib/python3.12/site-packages/airflow/example_dags/example_bash_operator.py took 0.042 seconds
[2025-04-21T20:44:41.035+0000] {processor.py:161} INFO - Started process (PID=94903) to work on /home/airflow/.local/lib/python3.12/site-packages/airflow/example_dags/example_bash_operator.py
[2025-04-21T20:44:41.038+0000] {processor.py:830} INFO - Processing file /home/airflow/.local/lib/python3.12/site-packages/airflow/example_dags/example_bash_operator.py for tasks to queue
[2025-04-21T20:44:41.039+0000] {logging_mixin.py:188} INFO - [2025-04-21T20:44:41.039+0000] {dagbag.py:545} INFO - Filling up the DagBag from /home/airflow/.local/lib/python3.12/site-packages/airflow/example_dags/example_bash_operator.py
[2025-04-21T20:44:41.049+0000] {processor.py:840} INFO - DAG(s) 'example_bash_operator' retrieved from /home/airflow/.local/lib/python3.12/site-packages/airflow/example_dags/example_bash_operator.py
[2025-04-21T20:44:41.065+0000] {logging_mixin.py:188} INFO - [2025-04-21T20:44:41.065+0000] {dag.py:3096} INFO - Sync 1 DAGs
[2025-04-21T20:44:41.076+0000] {logging_mixin.py:188} INFO - [2025-04-21T20:44:41.076+0000] {dag.py:3954} INFO - Setting next_dagrun for example_bash_operator to 2025-04-20 00:00:00+00:00, run_after=2025-04-21 00:00:00+00:00
[2025-04-21T20:44:41.089+0000] {processor.py:183} INFO - Processing /home/airflow/.local/lib/python3.12/site-packages/airflow/example_dags/example_bash_operator.py took 0.057 seconds
[2025-04-21T20:45:22.603+0000] {processor.py:161} INFO - Started process (PID=94963) to work on /home/airflow/.local/lib/python3.12/site-packages/airflow/example_dags/example_bash_operator.py
[2025-04-21T20:45:22.604+0000] {processor.py:830} INFO - Processing file /home/airflow/.local/lib/python3.12/site-packages/airflow/example_dags/example_bash_operator.py for tasks to queue
[2025-04-21T20:45:22.606+0000] {logging_mixin.py:188} INFO - [2025-04-21T20:45:22.605+0000] {dagbag.py:545} INFO - Filling up the DagBag from /home/airflow/.local/lib/python3.12/site-packages/airflow/example_dags/example_bash_operator.py
[2025-04-21T20:45:22.613+0000] {processor.py:840} INFO - DAG(s) 'example_bash_operator' retrieved from /home/airflow/.local/lib/python3.12/site-packages/airflow/example_dags/example_bash_operator.py
[2025-04-21T20:45:22.635+0000] {logging_mixin.py:188} INFO - [2025-04-21T20:45:22.635+0000] {dag.py:3096} INFO - Sync 1 DAGs
[2025-04-21T20:45:22.665+0000] {logging_mixin.py:188} INFO - [2025-04-21T20:45:22.665+0000] {dag.py:3954} INFO - Setting next_dagrun for example_bash_operator to 2025-04-20 00:00:00+00:00, run_after=2025-04-21 00:00:00+00:00
[2025-04-21T20:45:22.679+0000] {processor.py:183} INFO - Processing /home/airflow/.local/lib/python3.12/site-packages/airflow/example_dags/example_bash_operator.py took 0.093 seconds
[2025-04-21T20:50:35.218+0000] {processor.py:161} INFO - Started process (PID=95023) to work on /home/airflow/.local/lib/python3.12/site-packages/airflow/example_dags/example_bash_operator.py
[2025-04-21T20:50:35.218+0000] {processor.py:830} INFO - Processing file /home/airflow/.local/lib/python3.12/site-packages/airflow/example_dags/example_bash_operator.py for tasks to queue
[2025-04-21T20:50:35.219+0000] {logging_mixin.py:188} INFO - [2025-04-21T20:50:35.219+0000] {dagbag.py:545} INFO - Filling up the DagBag from /home/airflow/.local/lib/python3.12/site-packages/airflow/example_dags/example_bash_operator.py
[2025-04-21T20:50:35.226+0000] {processor.py:840} INFO - DAG(s) 'example_bash_operator' retrieved from /home/airflow/.local/lib/python3.12/site-packages/airflow/example_dags/example_bash_operator.py
[2025-04-21T20:50:35.241+0000] {logging_mixin.py:188} INFO - [2025-04-21T20:50:35.241+0000] {dag.py:3096} INFO - Sync 1 DAGs
[2025-04-21T20:50:35.254+0000] {logging_mixin.py:188} INFO - [2025-04-21T20:50:35.254+0000] {dag.py:3954} INFO - Setting next_dagrun for example_bash_operator to 2025-04-20 00:00:00+00:00, run_after=2025-04-21 00:00:00+00:00
[2025-04-21T20:50:35.265+0000] {processor.py:183} INFO - Processing /home/airflow/.local/lib/python3.12/site-packages/airflow/example_dags/example_bash_operator.py took 0.051 seconds
[2025-04-21T20:51:05.367+0000] {processor.py:161} INFO - Started process (PID=95081) to work on /home/airflow/.local/lib/python3.12/site-packages/airflow/example_dags/example_bash_operator.py
[2025-04-21T20:51:05.367+0000] {processor.py:830} INFO - Processing file /home/airflow/.local/lib/python3.12/site-packages/airflow/example_dags/example_bash_operator.py for tasks to queue
[2025-04-21T20:51:05.368+0000] {logging_mixin.py:188} INFO - [2025-04-21T20:51:05.368+0000] {dagbag.py:545} INFO - Filling up the DagBag from /home/airflow/.local/lib/python3.12/site-packages/airflow/example_dags/example_bash_operator.py
[2025-04-21T20:51:05.374+0000] {processor.py:840} INFO - DAG(s) 'example_bash_operator' retrieved from /home/airflow/.local/lib/python3.12/site-packages/airflow/example_dags/example_bash_operator.py
[2025-04-21T20:51:05.390+0000] {logging_mixin.py:188} INFO - [2025-04-21T20:51:05.390+0000] {dag.py:3096} INFO - Sync 1 DAGs
[2025-04-21T20:51:05.403+0000] {logging_mixin.py:188} INFO - [2025-04-21T20:51:05.402+0000] {dag.py:3954} INFO - Setting next_dagrun for example_bash_operator to 2025-04-20 00:00:00+00:00, run_after=2025-04-21 00:00:00+00:00
[2025-04-21T20:51:05.414+0000] {processor.py:183} INFO - Processing /home/airflow/.local/lib/python3.12/site-packages/airflow/example_dags/example_bash_operator.py took 0.051 seconds
[2025-04-21T20:56:18.822+0000] {processor.py:161} INFO - Started process (PID=95143) to work on /home/airflow/.local/lib/python3.12/site-packages/airflow/example_dags/example_bash_operator.py
[2025-04-21T20:56:18.823+0000] {processor.py:830} INFO - Processing file /home/airflow/.local/lib/python3.12/site-packages/airflow/example_dags/example_bash_operator.py for tasks to queue
[2025-04-21T20:56:18.824+0000] {logging_mixin.py:188} INFO - [2025-04-21T20:56:18.824+0000] {dagbag.py:545} INFO - Filling up the DagBag from /home/airflow/.local/lib/python3.12/site-packages/airflow/example_dags/example_bash_operator.py
[2025-04-21T20:56:18.829+0000] {processor.py:840} INFO - DAG(s) 'example_bash_operator' retrieved from /home/airflow/.local/lib/python3.12/site-packages/airflow/example_dags/example_bash_operator.py
[2025-04-21T20:56:18.843+0000] {logging_mixin.py:188} INFO - [2025-04-21T20:56:18.843+0000] {dag.py:3096} INFO - Sync 1 DAGs
[2025-04-21T20:56:18.853+0000] {logging_mixin.py:188} INFO - [2025-04-21T20:56:18.852+0000] {dag.py:3954} INFO - Setting next_dagrun for example_bash_operator to 2025-04-20 00:00:00+00:00, run_after=2025-04-21 00:00:00+00:00
[2025-04-21T20:56:18.860+0000] {processor.py:183} INFO - Processing /home/airflow/.local/lib/python3.12/site-packages/airflow/example_dags/example_bash_operator.py took 0.041 seconds
[2025-04-21T21:46:40.261+0000] {processor.py:161} INFO - Started process (PID=95203) to work on /home/airflow/.local/lib/python3.12/site-packages/airflow/example_dags/example_bash_operator.py
[2025-04-21T21:46:40.262+0000] {processor.py:830} INFO - Processing file /home/airflow/.local/lib/python3.12/site-packages/airflow/example_dags/example_bash_operator.py for tasks to queue
[2025-04-21T21:46:40.262+0000] {logging_mixin.py:188} INFO - [2025-04-21T21:46:40.262+0000] {dagbag.py:545} INFO - Filling up the DagBag from /home/airflow/.local/lib/python3.12/site-packages/airflow/example_dags/example_bash_operator.py
[2025-04-21T21:46:40.268+0000] {processor.py:840} INFO - DAG(s) 'example_bash_operator' retrieved from /home/airflow/.local/lib/python3.12/site-packages/airflow/example_dags/example_bash_operator.py
[2025-04-21T21:46:40.280+0000] {logging_mixin.py:188} INFO - [2025-04-21T21:46:40.279+0000] {dag.py:3096} INFO - Sync 1 DAGs
[2025-04-21T21:46:40.291+0000] {logging_mixin.py:188} INFO - [2025-04-21T21:46:40.291+0000] {dag.py:3954} INFO - Setting next_dagrun for example_bash_operator to 2025-04-20 00:00:00+00:00, run_after=2025-04-21 00:00:00+00:00
[2025-04-21T21:46:40.301+0000] {processor.py:183} INFO - Processing /home/airflow/.local/lib/python3.12/site-packages/airflow/example_dags/example_bash_operator.py took 0.043 seconds
[2025-04-21T21:47:10.543+0000] {processor.py:161} INFO - Started process (PID=95261) to work on /home/airflow/.local/lib/python3.12/site-packages/airflow/example_dags/example_bash_operator.py
[2025-04-21T21:47:10.547+0000] {processor.py:830} INFO - Processing file /home/airflow/.local/lib/python3.12/site-packages/airflow/example_dags/example_bash_operator.py for tasks to queue
[2025-04-21T21:47:10.548+0000] {logging_mixin.py:188} INFO - [2025-04-21T21:47:10.548+0000] {dagbag.py:545} INFO - Filling up the DagBag from /home/airflow/.local/lib/python3.12/site-packages/airflow/example_dags/example_bash_operator.py
[2025-04-21T21:47:10.554+0000] {processor.py:840} INFO - DAG(s) 'example_bash_operator' retrieved from /home/airflow/.local/lib/python3.12/site-packages/airflow/example_dags/example_bash_operator.py
[2025-04-21T21:47:10.576+0000] {logging_mixin.py:188} INFO - [2025-04-21T21:47:10.576+0000] {dag.py:3096} INFO - Sync 1 DAGs
[2025-04-21T21:47:10.588+0000] {logging_mixin.py:188} INFO - [2025-04-21T21:47:10.588+0000] {dag.py:3954} INFO - Setting next_dagrun for example_bash_operator to 2025-04-20 00:00:00+00:00, run_after=2025-04-21 00:00:00+00:00
[2025-04-21T21:47:10.600+0000] {processor.py:183} INFO - Processing /home/airflow/.local/lib/python3.12/site-packages/airflow/example_dags/example_bash_operator.py took 0.061 seconds
[2025-04-21T21:52:23.390+0000] {processor.py:161} INFO - Started process (PID=95323) to work on /home/airflow/.local/lib/python3.12/site-packages/airflow/example_dags/example_bash_operator.py
[2025-04-21T21:52:23.390+0000] {processor.py:830} INFO - Processing file /home/airflow/.local/lib/python3.12/site-packages/airflow/example_dags/example_bash_operator.py for tasks to queue
[2025-04-21T21:52:23.391+0000] {logging_mixin.py:188} INFO - [2025-04-21T21:52:23.391+0000] {dagbag.py:545} INFO - Filling up the DagBag from /home/airflow/.local/lib/python3.12/site-packages/airflow/example_dags/example_bash_operator.py
[2025-04-21T21:52:23.396+0000] {processor.py:840} INFO - DAG(s) 'example_bash_operator' retrieved from /home/airflow/.local/lib/python3.12/site-packages/airflow/example_dags/example_bash_operator.py
[2025-04-21T21:52:23.411+0000] {logging_mixin.py:188} INFO - [2025-04-21T21:52:23.410+0000] {dag.py:3096} INFO - Sync 1 DAGs
[2025-04-21T21:52:23.422+0000] {logging_mixin.py:188} INFO - [2025-04-21T21:52:23.422+0000] {dag.py:3954} INFO - Setting next_dagrun for example_bash_operator to 2025-04-20 00:00:00+00:00, run_after=2025-04-21 00:00:00+00:00
[2025-04-21T21:52:23.431+0000] {processor.py:183} INFO - Processing /home/airflow/.local/lib/python3.12/site-packages/airflow/example_dags/example_bash_operator.py took 0.045 seconds
[2025-04-21T21:57:36.044+0000] {processor.py:161} INFO - Started process (PID=95383) to work on /home/airflow/.local/lib/python3.12/site-packages/airflow/example_dags/example_bash_operator.py
[2025-04-21T21:57:36.045+0000] {processor.py:830} INFO - Processing file /home/airflow/.local/lib/python3.12/site-packages/airflow/example_dags/example_bash_operator.py for tasks to queue
[2025-04-21T21:57:36.046+0000] {logging_mixin.py:188} INFO - [2025-04-21T21:57:36.045+0000] {dagbag.py:545} INFO - Filling up the DagBag from /home/airflow/.local/lib/python3.12/site-packages/airflow/example_dags/example_bash_operator.py
[2025-04-21T21:57:36.051+0000] {processor.py:840} INFO - DAG(s) 'example_bash_operator' retrieved from /home/airflow/.local/lib/python3.12/site-packages/airflow/example_dags/example_bash_operator.py
[2025-04-21T21:57:36.067+0000] {logging_mixin.py:188} INFO - [2025-04-21T21:57:36.066+0000] {dag.py:3096} INFO - Sync 1 DAGs
[2025-04-21T21:57:36.085+0000] {logging_mixin.py:188} INFO - [2025-04-21T21:57:36.085+0000] {dag.py:3954} INFO - Setting next_dagrun for example_bash_operator to 2025-04-20 00:00:00+00:00, run_after=2025-04-21 00:00:00+00:00
[2025-04-21T21:57:36.105+0000] {processor.py:183} INFO - Processing /home/airflow/.local/lib/python3.12/site-packages/airflow/example_dags/example_bash_operator.py took 0.064 seconds
[2025-04-21T22:02:49.084+0000] {processor.py:161} INFO - Started process (PID=95443) to work on /home/airflow/.local/lib/python3.12/site-packages/airflow/example_dags/example_bash_operator.py
[2025-04-21T22:02:49.085+0000] {processor.py:830} INFO - Processing file /home/airflow/.local/lib/python3.12/site-packages/airflow/example_dags/example_bash_operator.py for tasks to queue
[2025-04-21T22:02:49.086+0000] {logging_mixin.py:188} INFO - [2025-04-21T22:02:49.086+0000] {dagbag.py:545} INFO - Filling up the DagBag from /home/airflow/.local/lib/python3.12/site-packages/airflow/example_dags/example_bash_operator.py
[2025-04-21T22:02:49.093+0000] {processor.py:840} INFO - DAG(s) 'example_bash_operator' retrieved from /home/airflow/.local/lib/python3.12/site-packages/airflow/example_dags/example_bash_operator.py
[2025-04-21T22:02:49.108+0000] {logging_mixin.py:188} INFO - [2025-04-21T22:02:49.108+0000] {dag.py:3096} INFO - Sync 1 DAGs
[2025-04-21T22:02:49.128+0000] {logging_mixin.py:188} INFO - [2025-04-21T22:02:49.128+0000] {dag.py:3954} INFO - Setting next_dagrun for example_bash_operator to 2025-04-20 00:00:00+00:00, run_after=2025-04-21 00:00:00+00:00
[2025-04-21T22:02:49.151+0000] {processor.py:183} INFO - Processing /home/airflow/.local/lib/python3.12/site-packages/airflow/example_dags/example_bash_operator.py took 0.070 seconds
[2025-04-21T22:03:19.792+0000] {processor.py:161} INFO - Started process (PID=95503) to work on /home/airflow/.local/lib/python3.12/site-packages/airflow/example_dags/example_bash_operator.py
[2025-04-21T22:03:19.793+0000] {processor.py:830} INFO - Processing file /home/airflow/.local/lib/python3.12/site-packages/airflow/example_dags/example_bash_operator.py for tasks to queue
[2025-04-21T22:03:19.795+0000] {logging_mixin.py:188} INFO - [2025-04-21T22:03:19.795+0000] {dagbag.py:545} INFO - Filling up the DagBag from /home/airflow/.local/lib/python3.12/site-packages/airflow/example_dags/example_bash_operator.py
[2025-04-21T22:03:19.807+0000] {processor.py:840} INFO - DAG(s) 'example_bash_operator' retrieved from /home/airflow/.local/lib/python3.12/site-packages/airflow/example_dags/example_bash_operator.py
[2025-04-21T22:03:19.828+0000] {logging_mixin.py:188} INFO - [2025-04-21T22:03:19.828+0000] {dag.py:3096} INFO - Sync 1 DAGs
[2025-04-21T22:03:19.840+0000] {logging_mixin.py:188} INFO - [2025-04-21T22:03:19.840+0000] {dag.py:3954} INFO - Setting next_dagrun for example_bash_operator to 2025-04-20 00:00:00+00:00, run_after=2025-04-21 00:00:00+00:00
[2025-04-21T22:03:19.849+0000] {processor.py:183} INFO - Processing /home/airflow/.local/lib/python3.12/site-packages/airflow/example_dags/example_bash_operator.py took 0.064 seconds
[2025-04-21T22:11:05.885+0000] {processor.py:161} INFO - Started process (PID=95563) to work on /home/airflow/.local/lib/python3.12/site-packages/airflow/example_dags/example_bash_operator.py
[2025-04-21T22:11:05.886+0000] {processor.py:830} INFO - Processing file /home/airflow/.local/lib/python3.12/site-packages/airflow/example_dags/example_bash_operator.py for tasks to queue
[2025-04-21T22:11:05.888+0000] {logging_mixin.py:188} INFO - [2025-04-21T22:11:05.888+0000] {dagbag.py:545} INFO - Filling up the DagBag from /home/airflow/.local/lib/python3.12/site-packages/airflow/example_dags/example_bash_operator.py
[2025-04-21T22:11:05.922+0000] {processor.py:840} INFO - DAG(s) 'example_bash_operator' retrieved from /home/airflow/.local/lib/python3.12/site-packages/airflow/example_dags/example_bash_operator.py
[2025-04-21T22:11:05.954+0000] {logging_mixin.py:188} INFO - [2025-04-21T22:11:05.954+0000] {dag.py:3096} INFO - Sync 1 DAGs
[2025-04-21T22:11:05.980+0000] {logging_mixin.py:188} INFO - [2025-04-21T22:11:05.980+0000] {dag.py:3954} INFO - Setting next_dagrun for example_bash_operator to 2025-04-20 00:00:00+00:00, run_after=2025-04-21 00:00:00+00:00
[2025-04-21T22:11:05.994+0000] {processor.py:183} INFO - Processing /home/airflow/.local/lib/python3.12/site-packages/airflow/example_dags/example_bash_operator.py took 0.114 seconds
[2025-04-21T22:16:18.881+0000] {processor.py:161} INFO - Started process (PID=95623) to work on /home/airflow/.local/lib/python3.12/site-packages/airflow/example_dags/example_bash_operator.py
[2025-04-21T22:16:18.885+0000] {processor.py:830} INFO - Processing file /home/airflow/.local/lib/python3.12/site-packages/airflow/example_dags/example_bash_operator.py for tasks to queue
[2025-04-21T22:16:18.891+0000] {logging_mixin.py:188} INFO - [2025-04-21T22:16:18.891+0000] {dagbag.py:545} INFO - Filling up the DagBag from /home/airflow/.local/lib/python3.12/site-packages/airflow/example_dags/example_bash_operator.py
[2025-04-21T22:16:18.901+0000] {processor.py:840} INFO - DAG(s) 'example_bash_operator' retrieved from /home/airflow/.local/lib/python3.12/site-packages/airflow/example_dags/example_bash_operator.py
[2025-04-21T22:16:18.918+0000] {logging_mixin.py:188} INFO - [2025-04-21T22:16:18.918+0000] {dag.py:3096} INFO - Sync 1 DAGs
[2025-04-21T22:16:18.932+0000] {logging_mixin.py:188} INFO - [2025-04-21T22:16:18.932+0000] {dag.py:3954} INFO - Setting next_dagrun for example_bash_operator to 2025-04-20 00:00:00+00:00, run_after=2025-04-21 00:00:00+00:00
[2025-04-21T22:16:18.989+0000] {processor.py:183} INFO - Processing /home/airflow/.local/lib/python3.12/site-packages/airflow/example_dags/example_bash_operator.py took 0.113 seconds
[2025-04-21T22:34:10.203+0000] {processor.py:161} INFO - Started process (PID=95683) to work on /home/airflow/.local/lib/python3.12/site-packages/airflow/example_dags/example_bash_operator.py
[2025-04-21T22:34:10.204+0000] {processor.py:830} INFO - Processing file /home/airflow/.local/lib/python3.12/site-packages/airflow/example_dags/example_bash_operator.py for tasks to queue
[2025-04-21T22:34:10.205+0000] {logging_mixin.py:188} INFO - [2025-04-21T22:34:10.205+0000] {dagbag.py:545} INFO - Filling up the DagBag from /home/airflow/.local/lib/python3.12/site-packages/airflow/example_dags/example_bash_operator.py
[2025-04-21T22:34:10.210+0000] {processor.py:840} INFO - DAG(s) 'example_bash_operator' retrieved from /home/airflow/.local/lib/python3.12/site-packages/airflow/example_dags/example_bash_operator.py
[2025-04-21T22:34:10.222+0000] {logging_mixin.py:188} INFO - [2025-04-21T22:34:10.222+0000] {dag.py:3096} INFO - Sync 1 DAGs
[2025-04-21T22:34:10.231+0000] {logging_mixin.py:188} INFO - [2025-04-21T22:34:10.231+0000] {dag.py:3954} INFO - Setting next_dagrun for example_bash_operator to 2025-04-20 00:00:00+00:00, run_after=2025-04-21 00:00:00+00:00
[2025-04-21T22:34:10.239+0000] {processor.py:183} INFO - Processing /home/airflow/.local/lib/python3.12/site-packages/airflow/example_dags/example_bash_operator.py took 0.039 seconds
[2025-04-21T22:39:23.083+0000] {processor.py:161} INFO - Started process (PID=95743) to work on /home/airflow/.local/lib/python3.12/site-packages/airflow/example_dags/example_bash_operator.py
[2025-04-21T22:39:23.084+0000] {processor.py:830} INFO - Processing file /home/airflow/.local/lib/python3.12/site-packages/airflow/example_dags/example_bash_operator.py for tasks to queue
[2025-04-21T22:39:23.085+0000] {logging_mixin.py:188} INFO - [2025-04-21T22:39:23.084+0000] {dagbag.py:545} INFO - Filling up the DagBag from /home/airflow/.local/lib/python3.12/site-packages/airflow/example_dags/example_bash_operator.py
[2025-04-21T22:39:23.091+0000] {processor.py:840} INFO - DAG(s) 'example_bash_operator' retrieved from /home/airflow/.local/lib/python3.12/site-packages/airflow/example_dags/example_bash_operator.py
[2025-04-21T22:39:23.110+0000] {logging_mixin.py:188} INFO - [2025-04-21T22:39:23.109+0000] {dag.py:3096} INFO - Sync 1 DAGs
[2025-04-21T22:39:23.157+0000] {logging_mixin.py:188} INFO - [2025-04-21T22:39:23.156+0000] {dag.py:3954} INFO - Setting next_dagrun for example_bash_operator to 2025-04-20 00:00:00+00:00, run_after=2025-04-21 00:00:00+00:00
[2025-04-21T22:39:23.170+0000] {processor.py:183} INFO - Processing /home/airflow/.local/lib/python3.12/site-packages/airflow/example_dags/example_bash_operator.py took 0.091 seconds
