[2025-04-21T00:38:23.887+0000] {processor.py:161} INFO - Started process (PID=91362) to work on /home/airflow/.local/lib/python3.12/site-packages/airflow/example_dags/example_params_ui_tutorial.py
[2025-04-21T00:38:23.888+0000] {processor.py:830} INFO - Processing file /home/airflow/.local/lib/python3.12/site-packages/airflow/example_dags/example_params_ui_tutorial.py for tasks to queue
[2025-04-21T00:38:23.889+0000] {logging_mixin.py:188} INFO - [2025-04-21T00:38:23.889+0000] {dagbag.py:545} INFO - Filling up the DagBag from /home/airflow/.local/lib/python3.12/site-packages/airflow/example_dags/example_params_ui_tutorial.py
[2025-04-21T00:38:23.897+0000] {processor.py:840} INFO - DAG(s) 'example_params_ui_tutorial' retrieved from /home/airflow/.local/lib/python3.12/site-packages/airflow/example_dags/example_params_ui_tutorial.py
[2025-04-21T00:38:23.992+0000] {logging_mixin.py:188} INFO - [2025-04-21T00:38:23.992+0000] {dag.py:3096} INFO - Sync 1 DAGs
[2025-04-21T00:38:23.998+0000] {logging_mixin.py:188} INFO - [2025-04-21T00:38:23.998+0000] {dag.py:3954} INFO - Setting next_dagrun for example_params_ui_tutorial to None, run_after=None
[2025-04-21T00:38:24.010+0000] {processor.py:183} INFO - Processing /home/airflow/.local/lib/python3.12/site-packages/airflow/example_dags/example_params_ui_tutorial.py took 0.127 seconds
[2025-04-21T01:37:14.055+0000] {processor.py:161} INFO - Started process (PID=91422) to work on /home/airflow/.local/lib/python3.12/site-packages/airflow/example_dags/example_params_ui_tutorial.py
[2025-04-21T01:37:14.060+0000] {processor.py:830} INFO - Processing file /home/airflow/.local/lib/python3.12/site-packages/airflow/example_dags/example_params_ui_tutorial.py for tasks to queue
[2025-04-21T01:37:14.063+0000] {logging_mixin.py:188} INFO - [2025-04-21T01:37:14.063+0000] {dagbag.py:545} INFO - Filling up the DagBag from /home/airflow/.local/lib/python3.12/site-packages/airflow/example_dags/example_params_ui_tutorial.py
[2025-04-21T01:37:14.070+0000] {processor.py:840} INFO - DAG(s) 'example_params_ui_tutorial' retrieved from /home/airflow/.local/lib/python3.12/site-packages/airflow/example_dags/example_params_ui_tutorial.py
[2025-04-21T01:37:14.100+0000] {logging_mixin.py:188} INFO - [2025-04-21T01:37:14.099+0000] {dag.py:3096} INFO - Sync 1 DAGs
[2025-04-21T01:37:14.108+0000] {logging_mixin.py:188} INFO - [2025-04-21T01:37:14.108+0000] {dag.py:3954} INFO - Setting next_dagrun for example_params_ui_tutorial to None, run_after=None
[2025-04-21T01:37:14.120+0000] {processor.py:183} INFO - Processing /home/airflow/.local/lib/python3.12/site-packages/airflow/example_dags/example_params_ui_tutorial.py took 0.068 seconds
[2025-04-21T01:37:44.268+0000] {processor.py:161} INFO - Started process (PID=91481) to work on /home/airflow/.local/lib/python3.12/site-packages/airflow/example_dags/example_params_ui_tutorial.py
[2025-04-21T01:37:44.268+0000] {processor.py:830} INFO - Processing file /home/airflow/.local/lib/python3.12/site-packages/airflow/example_dags/example_params_ui_tutorial.py for tasks to queue
[2025-04-21T01:37:44.269+0000] {logging_mixin.py:188} INFO - [2025-04-21T01:37:44.269+0000] {dagbag.py:545} INFO - Filling up the DagBag from /home/airflow/.local/lib/python3.12/site-packages/airflow/example_dags/example_params_ui_tutorial.py
[2025-04-21T01:37:44.276+0000] {processor.py:840} INFO - DAG(s) 'example_params_ui_tutorial' retrieved from /home/airflow/.local/lib/python3.12/site-packages/airflow/example_dags/example_params_ui_tutorial.py
[2025-04-21T01:37:44.298+0000] {logging_mixin.py:188} INFO - [2025-04-21T01:37:44.298+0000] {dag.py:3096} INFO - Sync 1 DAGs
[2025-04-21T01:37:44.304+0000] {logging_mixin.py:188} INFO - [2025-04-21T01:37:44.304+0000] {dag.py:3954} INFO - Setting next_dagrun for example_params_ui_tutorial to None, run_after=None
[2025-04-21T01:37:44.313+0000] {processor.py:183} INFO - Processing /home/airflow/.local/lib/python3.12/site-packages/airflow/example_dags/example_params_ui_tutorial.py took 0.049 seconds
[2025-04-21T02:58:43.540+0000] {processor.py:161} INFO - Started process (PID=91541) to work on /home/airflow/.local/lib/python3.12/site-packages/airflow/example_dags/example_params_ui_tutorial.py
[2025-04-21T02:58:43.541+0000] {processor.py:830} INFO - Processing file /home/airflow/.local/lib/python3.12/site-packages/airflow/example_dags/example_params_ui_tutorial.py for tasks to queue
[2025-04-21T02:58:43.542+0000] {logging_mixin.py:188} INFO - [2025-04-21T02:58:43.542+0000] {dagbag.py:545} INFO - Filling up the DagBag from /home/airflow/.local/lib/python3.12/site-packages/airflow/example_dags/example_params_ui_tutorial.py
[2025-04-21T02:58:43.548+0000] {processor.py:840} INFO - DAG(s) 'example_params_ui_tutorial' retrieved from /home/airflow/.local/lib/python3.12/site-packages/airflow/example_dags/example_params_ui_tutorial.py
[2025-04-21T02:58:43.576+0000] {logging_mixin.py:188} INFO - [2025-04-21T02:58:43.576+0000] {dag.py:3096} INFO - Sync 1 DAGs
[2025-04-21T02:58:43.583+0000] {logging_mixin.py:188} INFO - [2025-04-21T02:58:43.583+0000] {dag.py:3954} INFO - Setting next_dagrun for example_params_ui_tutorial to None, run_after=None
[2025-04-21T02:58:43.598+0000] {processor.py:183} INFO - Processing /home/airflow/.local/lib/python3.12/site-packages/airflow/example_dags/example_params_ui_tutorial.py took 0.061 seconds
[2025-04-21T04:23:09.527+0000] {processor.py:161} INFO - Started process (PID=91601) to work on /home/airflow/.local/lib/python3.12/site-packages/airflow/example_dags/example_params_ui_tutorial.py
[2025-04-21T04:23:09.529+0000] {processor.py:830} INFO - Processing file /home/airflow/.local/lib/python3.12/site-packages/airflow/example_dags/example_params_ui_tutorial.py for tasks to queue
[2025-04-21T04:23:09.533+0000] {logging_mixin.py:188} INFO - [2025-04-21T04:23:09.532+0000] {dagbag.py:545} INFO - Filling up the DagBag from /home/airflow/.local/lib/python3.12/site-packages/airflow/example_dags/example_params_ui_tutorial.py
[2025-04-21T04:23:09.545+0000] {processor.py:840} INFO - DAG(s) 'example_params_ui_tutorial' retrieved from /home/airflow/.local/lib/python3.12/site-packages/airflow/example_dags/example_params_ui_tutorial.py
[2025-04-21T04:23:09.573+0000] {logging_mixin.py:188} INFO - [2025-04-21T04:23:09.573+0000] {dag.py:3096} INFO - Sync 1 DAGs
[2025-04-21T04:23:09.579+0000] {logging_mixin.py:188} INFO - [2025-04-21T04:23:09.579+0000] {dag.py:3954} INFO - Setting next_dagrun for example_params_ui_tutorial to None, run_after=None
[2025-04-21T04:23:09.590+0000] {processor.py:183} INFO - Processing /home/airflow/.local/lib/python3.12/site-packages/airflow/example_dags/example_params_ui_tutorial.py took 0.066 seconds
[2025-04-21T04:23:39.939+0000] {processor.py:161} INFO - Started process (PID=91659) to work on /home/airflow/.local/lib/python3.12/site-packages/airflow/example_dags/example_params_ui_tutorial.py
[2025-04-21T04:23:39.939+0000] {processor.py:830} INFO - Processing file /home/airflow/.local/lib/python3.12/site-packages/airflow/example_dags/example_params_ui_tutorial.py for tasks to queue
[2025-04-21T04:23:39.941+0000] {logging_mixin.py:188} INFO - [2025-04-21T04:23:39.941+0000] {dagbag.py:545} INFO - Filling up the DagBag from /home/airflow/.local/lib/python3.12/site-packages/airflow/example_dags/example_params_ui_tutorial.py
[2025-04-21T04:23:39.947+0000] {processor.py:840} INFO - DAG(s) 'example_params_ui_tutorial' retrieved from /home/airflow/.local/lib/python3.12/site-packages/airflow/example_dags/example_params_ui_tutorial.py
[2025-04-21T04:23:39.972+0000] {logging_mixin.py:188} INFO - [2025-04-21T04:23:39.972+0000] {dag.py:3096} INFO - Sync 1 DAGs
[2025-04-21T04:23:39.977+0000] {logging_mixin.py:188} INFO - [2025-04-21T04:23:39.977+0000] {dag.py:3954} INFO - Setting next_dagrun for example_params_ui_tutorial to None, run_after=None
[2025-04-21T04:23:40.000+0000] {processor.py:183} INFO - Processing /home/airflow/.local/lib/python3.12/site-packages/airflow/example_dags/example_params_ui_tutorial.py took 0.065 seconds
[2025-04-21T04:28:52.780+0000] {processor.py:161} INFO - Started process (PID=91721) to work on /home/airflow/.local/lib/python3.12/site-packages/airflow/example_dags/example_params_ui_tutorial.py
[2025-04-21T04:28:52.782+0000] {processor.py:830} INFO - Processing file /home/airflow/.local/lib/python3.12/site-packages/airflow/example_dags/example_params_ui_tutorial.py for tasks to queue
[2025-04-21T04:28:52.784+0000] {logging_mixin.py:188} INFO - [2025-04-21T04:28:52.784+0000] {dagbag.py:545} INFO - Filling up the DagBag from /home/airflow/.local/lib/python3.12/site-packages/airflow/example_dags/example_params_ui_tutorial.py
[2025-04-21T04:28:52.796+0000] {processor.py:840} INFO - DAG(s) 'example_params_ui_tutorial' retrieved from /home/airflow/.local/lib/python3.12/site-packages/airflow/example_dags/example_params_ui_tutorial.py
[2025-04-21T04:28:52.821+0000] {logging_mixin.py:188} INFO - [2025-04-21T04:28:52.821+0000] {dag.py:3096} INFO - Sync 1 DAGs
[2025-04-21T04:28:52.827+0000] {logging_mixin.py:188} INFO - [2025-04-21T04:28:52.827+0000] {dag.py:3954} INFO - Setting next_dagrun for example_params_ui_tutorial to None, run_after=None
[2025-04-21T04:28:52.838+0000] {processor.py:183} INFO - Processing /home/airflow/.local/lib/python3.12/site-packages/airflow/example_dags/example_params_ui_tutorial.py took 0.061 seconds
[2025-04-21T04:29:23.304+0000] {processor.py:161} INFO - Started process (PID=91781) to work on /home/airflow/.local/lib/python3.12/site-packages/airflow/example_dags/example_params_ui_tutorial.py
[2025-04-21T04:29:23.304+0000] {processor.py:830} INFO - Processing file /home/airflow/.local/lib/python3.12/site-packages/airflow/example_dags/example_params_ui_tutorial.py for tasks to queue
[2025-04-21T04:29:23.305+0000] {logging_mixin.py:188} INFO - [2025-04-21T04:29:23.305+0000] {dagbag.py:545} INFO - Filling up the DagBag from /home/airflow/.local/lib/python3.12/site-packages/airflow/example_dags/example_params_ui_tutorial.py
[2025-04-21T04:29:23.312+0000] {processor.py:840} INFO - DAG(s) 'example_params_ui_tutorial' retrieved from /home/airflow/.local/lib/python3.12/site-packages/airflow/example_dags/example_params_ui_tutorial.py
[2025-04-21T04:29:23.358+0000] {logging_mixin.py:188} INFO - [2025-04-21T04:29:23.357+0000] {dag.py:3096} INFO - Sync 1 DAGs
[2025-04-21T04:29:23.368+0000] {logging_mixin.py:188} INFO - [2025-04-21T04:29:23.368+0000] {dag.py:3954} INFO - Setting next_dagrun for example_params_ui_tutorial to None, run_after=None
[2025-04-21T04:29:23.381+0000] {processor.py:183} INFO - Processing /home/airflow/.local/lib/python3.12/site-packages/airflow/example_dags/example_params_ui_tutorial.py took 0.080 seconds
[2025-04-21T04:31:10.841+0000] {processor.py:161} INFO - Started process (PID=91841) to work on /home/airflow/.local/lib/python3.12/site-packages/airflow/example_dags/example_params_ui_tutorial.py
[2025-04-21T04:31:10.842+0000] {processor.py:830} INFO - Processing file /home/airflow/.local/lib/python3.12/site-packages/airflow/example_dags/example_params_ui_tutorial.py for tasks to queue
[2025-04-21T04:31:10.843+0000] {logging_mixin.py:188} INFO - [2025-04-21T04:31:10.843+0000] {dagbag.py:545} INFO - Filling up the DagBag from /home/airflow/.local/lib/python3.12/site-packages/airflow/example_dags/example_params_ui_tutorial.py
[2025-04-21T04:31:10.849+0000] {processor.py:840} INFO - DAG(s) 'example_params_ui_tutorial' retrieved from /home/airflow/.local/lib/python3.12/site-packages/airflow/example_dags/example_params_ui_tutorial.py
[2025-04-21T04:31:10.884+0000] {logging_mixin.py:188} INFO - [2025-04-21T04:31:10.884+0000] {dag.py:3096} INFO - Sync 1 DAGs
[2025-04-21T04:31:10.889+0000] {logging_mixin.py:188} INFO - [2025-04-21T04:31:10.889+0000] {dag.py:3954} INFO - Setting next_dagrun for example_params_ui_tutorial to None, run_after=None
[2025-04-21T04:31:10.898+0000] {processor.py:183} INFO - Processing /home/airflow/.local/lib/python3.12/site-packages/airflow/example_dags/example_params_ui_tutorial.py took 0.060 seconds
[2025-04-21T04:36:24.087+0000] {processor.py:161} INFO - Started process (PID=91901) to work on /home/airflow/.local/lib/python3.12/site-packages/airflow/example_dags/example_params_ui_tutorial.py
[2025-04-21T04:36:24.088+0000] {processor.py:830} INFO - Processing file /home/airflow/.local/lib/python3.12/site-packages/airflow/example_dags/example_params_ui_tutorial.py for tasks to queue
[2025-04-21T04:36:24.089+0000] {logging_mixin.py:188} INFO - [2025-04-21T04:36:24.088+0000] {dagbag.py:545} INFO - Filling up the DagBag from /home/airflow/.local/lib/python3.12/site-packages/airflow/example_dags/example_params_ui_tutorial.py
[2025-04-21T04:36:24.095+0000] {processor.py:840} INFO - DAG(s) 'example_params_ui_tutorial' retrieved from /home/airflow/.local/lib/python3.12/site-packages/airflow/example_dags/example_params_ui_tutorial.py
[2025-04-21T04:36:24.125+0000] {logging_mixin.py:188} INFO - [2025-04-21T04:36:24.124+0000] {dag.py:3096} INFO - Sync 1 DAGs
[2025-04-21T04:36:24.132+0000] {logging_mixin.py:188} INFO - [2025-04-21T04:36:24.132+0000] {dag.py:3954} INFO - Setting next_dagrun for example_params_ui_tutorial to None, run_after=None
[2025-04-21T04:36:24.141+0000] {processor.py:183} INFO - Processing /home/airflow/.local/lib/python3.12/site-packages/airflow/example_dags/example_params_ui_tutorial.py took 0.058 seconds
[2025-04-21T04:41:37.489+0000] {processor.py:161} INFO - Started process (PID=91961) to work on /home/airflow/.local/lib/python3.12/site-packages/airflow/example_dags/example_params_ui_tutorial.py
[2025-04-21T04:41:37.490+0000] {processor.py:830} INFO - Processing file /home/airflow/.local/lib/python3.12/site-packages/airflow/example_dags/example_params_ui_tutorial.py for tasks to queue
[2025-04-21T04:41:37.490+0000] {logging_mixin.py:188} INFO - [2025-04-21T04:41:37.490+0000] {dagbag.py:545} INFO - Filling up the DagBag from /home/airflow/.local/lib/python3.12/site-packages/airflow/example_dags/example_params_ui_tutorial.py
[2025-04-21T04:41:37.496+0000] {processor.py:840} INFO - DAG(s) 'example_params_ui_tutorial' retrieved from /home/airflow/.local/lib/python3.12/site-packages/airflow/example_dags/example_params_ui_tutorial.py
[2025-04-21T04:41:37.518+0000] {logging_mixin.py:188} INFO - [2025-04-21T04:41:37.518+0000] {dag.py:3096} INFO - Sync 1 DAGs
[2025-04-21T04:41:37.523+0000] {logging_mixin.py:188} INFO - [2025-04-21T04:41:37.523+0000] {dag.py:3954} INFO - Setting next_dagrun for example_params_ui_tutorial to None, run_after=None
[2025-04-21T04:41:37.530+0000] {processor.py:183} INFO - Processing /home/airflow/.local/lib/python3.12/site-packages/airflow/example_dags/example_params_ui_tutorial.py took 0.044 seconds
[2025-04-21T04:46:50.356+0000] {processor.py:161} INFO - Started process (PID=92021) to work on /home/airflow/.local/lib/python3.12/site-packages/airflow/example_dags/example_params_ui_tutorial.py
[2025-04-21T04:46:50.357+0000] {processor.py:830} INFO - Processing file /home/airflow/.local/lib/python3.12/site-packages/airflow/example_dags/example_params_ui_tutorial.py for tasks to queue
[2025-04-21T04:46:50.357+0000] {logging_mixin.py:188} INFO - [2025-04-21T04:46:50.357+0000] {dagbag.py:545} INFO - Filling up the DagBag from /home/airflow/.local/lib/python3.12/site-packages/airflow/example_dags/example_params_ui_tutorial.py
[2025-04-21T04:46:50.363+0000] {processor.py:840} INFO - DAG(s) 'example_params_ui_tutorial' retrieved from /home/airflow/.local/lib/python3.12/site-packages/airflow/example_dags/example_params_ui_tutorial.py
[2025-04-21T04:46:50.388+0000] {logging_mixin.py:188} INFO - [2025-04-21T04:46:50.388+0000] {dag.py:3096} INFO - Sync 1 DAGs
[2025-04-21T04:46:50.395+0000] {logging_mixin.py:188} INFO - [2025-04-21T04:46:50.395+0000] {dag.py:3954} INFO - Setting next_dagrun for example_params_ui_tutorial to None, run_after=None
[2025-04-21T04:46:50.409+0000] {processor.py:183} INFO - Processing /home/airflow/.local/lib/python3.12/site-packages/airflow/example_dags/example_params_ui_tutorial.py took 0.056 seconds
[2025-04-21T04:47:20.506+0000] {processor.py:161} INFO - Started process (PID=92081) to work on /home/airflow/.local/lib/python3.12/site-packages/airflow/example_dags/example_params_ui_tutorial.py
[2025-04-21T04:47:20.506+0000] {processor.py:830} INFO - Processing file /home/airflow/.local/lib/python3.12/site-packages/airflow/example_dags/example_params_ui_tutorial.py for tasks to queue
[2025-04-21T04:47:20.508+0000] {logging_mixin.py:188} INFO - [2025-04-21T04:47:20.507+0000] {dagbag.py:545} INFO - Filling up the DagBag from /home/airflow/.local/lib/python3.12/site-packages/airflow/example_dags/example_params_ui_tutorial.py
[2025-04-21T04:47:20.514+0000] {processor.py:840} INFO - DAG(s) 'example_params_ui_tutorial' retrieved from /home/airflow/.local/lib/python3.12/site-packages/airflow/example_dags/example_params_ui_tutorial.py
[2025-04-21T04:47:20.549+0000] {logging_mixin.py:188} INFO - [2025-04-21T04:47:20.549+0000] {dag.py:3096} INFO - Sync 1 DAGs
[2025-04-21T04:47:20.557+0000] {logging_mixin.py:188} INFO - [2025-04-21T04:47:20.557+0000] {dag.py:3954} INFO - Setting next_dagrun for example_params_ui_tutorial to None, run_after=None
[2025-04-21T04:47:20.566+0000] {processor.py:183} INFO - Processing /home/airflow/.local/lib/python3.12/site-packages/airflow/example_dags/example_params_ui_tutorial.py took 0.063 seconds
[2025-04-21T04:52:33.566+0000] {processor.py:161} INFO - Started process (PID=92141) to work on /home/airflow/.local/lib/python3.12/site-packages/airflow/example_dags/example_params_ui_tutorial.py
[2025-04-21T04:52:33.566+0000] {processor.py:830} INFO - Processing file /home/airflow/.local/lib/python3.12/site-packages/airflow/example_dags/example_params_ui_tutorial.py for tasks to queue
[2025-04-21T04:52:33.567+0000] {logging_mixin.py:188} INFO - [2025-04-21T04:52:33.567+0000] {dagbag.py:545} INFO - Filling up the DagBag from /home/airflow/.local/lib/python3.12/site-packages/airflow/example_dags/example_params_ui_tutorial.py
[2025-04-21T04:52:33.573+0000] {processor.py:840} INFO - DAG(s) 'example_params_ui_tutorial' retrieved from /home/airflow/.local/lib/python3.12/site-packages/airflow/example_dags/example_params_ui_tutorial.py
[2025-04-21T04:52:33.596+0000] {logging_mixin.py:188} INFO - [2025-04-21T04:52:33.596+0000] {dag.py:3096} INFO - Sync 1 DAGs
[2025-04-21T04:52:33.606+0000] {logging_mixin.py:188} INFO - [2025-04-21T04:52:33.605+0000] {dag.py:3954} INFO - Setting next_dagrun for example_params_ui_tutorial to None, run_after=None
[2025-04-21T04:52:33.618+0000] {processor.py:183} INFO - Processing /home/airflow/.local/lib/python3.12/site-packages/airflow/example_dags/example_params_ui_tutorial.py took 0.056 seconds
[2025-04-21T05:15:37.056+0000] {processor.py:161} INFO - Started process (PID=92201) to work on /home/airflow/.local/lib/python3.12/site-packages/airflow/example_dags/example_params_ui_tutorial.py
[2025-04-21T05:15:37.058+0000] {processor.py:830} INFO - Processing file /home/airflow/.local/lib/python3.12/site-packages/airflow/example_dags/example_params_ui_tutorial.py for tasks to queue
[2025-04-21T05:15:37.059+0000] {logging_mixin.py:188} INFO - [2025-04-21T05:15:37.059+0000] {dagbag.py:545} INFO - Filling up the DagBag from /home/airflow/.local/lib/python3.12/site-packages/airflow/example_dags/example_params_ui_tutorial.py
[2025-04-21T05:15:37.066+0000] {processor.py:840} INFO - DAG(s) 'example_params_ui_tutorial' retrieved from /home/airflow/.local/lib/python3.12/site-packages/airflow/example_dags/example_params_ui_tutorial.py
[2025-04-21T05:15:37.093+0000] {logging_mixin.py:188} INFO - [2025-04-21T05:15:37.092+0000] {dag.py:3096} INFO - Sync 1 DAGs
[2025-04-21T05:15:37.098+0000] {logging_mixin.py:188} INFO - [2025-04-21T05:15:37.098+0000] {dag.py:3954} INFO - Setting next_dagrun for example_params_ui_tutorial to None, run_after=None
[2025-04-21T05:15:37.107+0000] {processor.py:183} INFO - Processing /home/airflow/.local/lib/python3.12/site-packages/airflow/example_dags/example_params_ui_tutorial.py took 0.054 seconds
[2025-04-21T05:20:50.655+0000] {processor.py:161} INFO - Started process (PID=92261) to work on /home/airflow/.local/lib/python3.12/site-packages/airflow/example_dags/example_params_ui_tutorial.py
[2025-04-21T05:20:50.655+0000] {processor.py:830} INFO - Processing file /home/airflow/.local/lib/python3.12/site-packages/airflow/example_dags/example_params_ui_tutorial.py for tasks to queue
[2025-04-21T05:20:50.656+0000] {logging_mixin.py:188} INFO - [2025-04-21T05:20:50.656+0000] {dagbag.py:545} INFO - Filling up the DagBag from /home/airflow/.local/lib/python3.12/site-packages/airflow/example_dags/example_params_ui_tutorial.py
[2025-04-21T05:20:50.662+0000] {processor.py:840} INFO - DAG(s) 'example_params_ui_tutorial' retrieved from /home/airflow/.local/lib/python3.12/site-packages/airflow/example_dags/example_params_ui_tutorial.py
[2025-04-21T05:20:50.684+0000] {logging_mixin.py:188} INFO - [2025-04-21T05:20:50.684+0000] {dag.py:3096} INFO - Sync 1 DAGs
[2025-04-21T05:20:50.690+0000] {logging_mixin.py:188} INFO - [2025-04-21T05:20:50.690+0000] {dag.py:3954} INFO - Setting next_dagrun for example_params_ui_tutorial to None, run_after=None
[2025-04-21T05:20:50.698+0000] {processor.py:183} INFO - Processing /home/airflow/.local/lib/python3.12/site-packages/airflow/example_dags/example_params_ui_tutorial.py took 0.047 seconds
[2025-04-21T05:26:03.163+0000] {processor.py:161} INFO - Started process (PID=92321) to work on /home/airflow/.local/lib/python3.12/site-packages/airflow/example_dags/example_params_ui_tutorial.py
[2025-04-21T05:26:03.163+0000] {processor.py:830} INFO - Processing file /home/airflow/.local/lib/python3.12/site-packages/airflow/example_dags/example_params_ui_tutorial.py for tasks to queue
[2025-04-21T05:26:03.164+0000] {logging_mixin.py:188} INFO - [2025-04-21T05:26:03.164+0000] {dagbag.py:545} INFO - Filling up the DagBag from /home/airflow/.local/lib/python3.12/site-packages/airflow/example_dags/example_params_ui_tutorial.py
[2025-04-21T05:26:03.170+0000] {processor.py:840} INFO - DAG(s) 'example_params_ui_tutorial' retrieved from /home/airflow/.local/lib/python3.12/site-packages/airflow/example_dags/example_params_ui_tutorial.py
[2025-04-21T05:26:03.191+0000] {logging_mixin.py:188} INFO - [2025-04-21T05:26:03.191+0000] {dag.py:3096} INFO - Sync 1 DAGs
[2025-04-21T05:26:03.200+0000] {logging_mixin.py:188} INFO - [2025-04-21T05:26:03.200+0000] {dag.py:3954} INFO - Setting next_dagrun for example_params_ui_tutorial to None, run_after=None
[2025-04-21T05:26:03.210+0000] {processor.py:183} INFO - Processing /home/airflow/.local/lib/python3.12/site-packages/airflow/example_dags/example_params_ui_tutorial.py took 0.051 seconds
[2025-04-21T05:59:57.661+0000] {processor.py:161} INFO - Started process (PID=92381) to work on /home/airflow/.local/lib/python3.12/site-packages/airflow/example_dags/example_params_ui_tutorial.py
[2025-04-21T05:59:57.661+0000] {processor.py:830} INFO - Processing file /home/airflow/.local/lib/python3.12/site-packages/airflow/example_dags/example_params_ui_tutorial.py for tasks to queue
[2025-04-21T05:59:57.662+0000] {logging_mixin.py:188} INFO - [2025-04-21T05:59:57.662+0000] {dagbag.py:545} INFO - Filling up the DagBag from /home/airflow/.local/lib/python3.12/site-packages/airflow/example_dags/example_params_ui_tutorial.py
[2025-04-21T05:59:57.668+0000] {processor.py:840} INFO - DAG(s) 'example_params_ui_tutorial' retrieved from /home/airflow/.local/lib/python3.12/site-packages/airflow/example_dags/example_params_ui_tutorial.py
[2025-04-21T05:59:57.690+0000] {logging_mixin.py:188} INFO - [2025-04-21T05:59:57.690+0000] {dag.py:3096} INFO - Sync 1 DAGs
[2025-04-21T05:59:57.696+0000] {logging_mixin.py:188} INFO - [2025-04-21T05:59:57.696+0000] {dag.py:3954} INFO - Setting next_dagrun for example_params_ui_tutorial to None, run_after=None
[2025-04-21T05:59:57.705+0000] {processor.py:183} INFO - Processing /home/airflow/.local/lib/python3.12/site-packages/airflow/example_dags/example_params_ui_tutorial.py took 0.046 seconds
[2025-04-21T07:21:16.271+0000] {processor.py:161} INFO - Started process (PID=92441) to work on /home/airflow/.local/lib/python3.12/site-packages/airflow/example_dags/example_params_ui_tutorial.py
[2025-04-21T07:21:16.272+0000] {processor.py:830} INFO - Processing file /home/airflow/.local/lib/python3.12/site-packages/airflow/example_dags/example_params_ui_tutorial.py for tasks to queue
[2025-04-21T07:21:16.273+0000] {logging_mixin.py:188} INFO - [2025-04-21T07:21:16.273+0000] {dagbag.py:545} INFO - Filling up the DagBag from /home/airflow/.local/lib/python3.12/site-packages/airflow/example_dags/example_params_ui_tutorial.py
[2025-04-21T07:21:16.281+0000] {processor.py:840} INFO - DAG(s) 'example_params_ui_tutorial' retrieved from /home/airflow/.local/lib/python3.12/site-packages/airflow/example_dags/example_params_ui_tutorial.py
[2025-04-21T07:21:16.304+0000] {logging_mixin.py:188} INFO - [2025-04-21T07:21:16.304+0000] {dag.py:3096} INFO - Sync 1 DAGs
[2025-04-21T07:21:16.310+0000] {logging_mixin.py:188} INFO - [2025-04-21T07:21:16.310+0000] {dag.py:3954} INFO - Setting next_dagrun for example_params_ui_tutorial to None, run_after=None
[2025-04-21T07:21:16.319+0000] {processor.py:183} INFO - Processing /home/airflow/.local/lib/python3.12/site-packages/airflow/example_dags/example_params_ui_tutorial.py took 0.051 seconds
[2025-04-21T09:02:20.675+0000] {processor.py:161} INFO - Started process (PID=92501) to work on /home/airflow/.local/lib/python3.12/site-packages/airflow/example_dags/example_params_ui_tutorial.py
[2025-04-21T09:02:20.676+0000] {processor.py:830} INFO - Processing file /home/airflow/.local/lib/python3.12/site-packages/airflow/example_dags/example_params_ui_tutorial.py for tasks to queue
[2025-04-21T09:02:20.677+0000] {logging_mixin.py:188} INFO - [2025-04-21T09:02:20.676+0000] {dagbag.py:545} INFO - Filling up the DagBag from /home/airflow/.local/lib/python3.12/site-packages/airflow/example_dags/example_params_ui_tutorial.py
[2025-04-21T09:02:20.685+0000] {processor.py:840} INFO - DAG(s) 'example_params_ui_tutorial' retrieved from /home/airflow/.local/lib/python3.12/site-packages/airflow/example_dags/example_params_ui_tutorial.py
[2025-04-21T09:02:20.712+0000] {logging_mixin.py:188} INFO - [2025-04-21T09:02:20.712+0000] {dag.py:3096} INFO - Sync 1 DAGs
[2025-04-21T09:02:20.727+0000] {logging_mixin.py:188} INFO - [2025-04-21T09:02:20.727+0000] {dag.py:3954} INFO - Setting next_dagrun for example_params_ui_tutorial to None, run_after=None
[2025-04-21T09:02:20.746+0000] {processor.py:183} INFO - Processing /home/airflow/.local/lib/python3.12/site-packages/airflow/example_dags/example_params_ui_tutorial.py took 0.074 seconds
[2025-04-21T10:25:29.788+0000] {processor.py:161} INFO - Started process (PID=92561) to work on /home/airflow/.local/lib/python3.12/site-packages/airflow/example_dags/example_params_ui_tutorial.py
[2025-04-21T10:25:29.788+0000] {processor.py:830} INFO - Processing file /home/airflow/.local/lib/python3.12/site-packages/airflow/example_dags/example_params_ui_tutorial.py for tasks to queue
[2025-04-21T10:25:29.789+0000] {logging_mixin.py:188} INFO - [2025-04-21T10:25:29.789+0000] {dagbag.py:545} INFO - Filling up the DagBag from /home/airflow/.local/lib/python3.12/site-packages/airflow/example_dags/example_params_ui_tutorial.py
[2025-04-21T10:25:29.795+0000] {processor.py:840} INFO - DAG(s) 'example_params_ui_tutorial' retrieved from /home/airflow/.local/lib/python3.12/site-packages/airflow/example_dags/example_params_ui_tutorial.py
[2025-04-21T10:25:29.817+0000] {logging_mixin.py:188} INFO - [2025-04-21T10:25:29.817+0000] {dag.py:3096} INFO - Sync 1 DAGs
[2025-04-21T10:25:29.822+0000] {logging_mixin.py:188} INFO - [2025-04-21T10:25:29.822+0000] {dag.py:3954} INFO - Setting next_dagrun for example_params_ui_tutorial to None, run_after=None
[2025-04-21T10:25:29.832+0000] {processor.py:183} INFO - Processing /home/airflow/.local/lib/python3.12/site-packages/airflow/example_dags/example_params_ui_tutorial.py took 0.047 seconds
[2025-04-21T12:02:27.464+0000] {processor.py:161} INFO - Started process (PID=92621) to work on /home/airflow/.local/lib/python3.12/site-packages/airflow/example_dags/example_params_ui_tutorial.py
[2025-04-21T12:02:27.464+0000] {processor.py:830} INFO - Processing file /home/airflow/.local/lib/python3.12/site-packages/airflow/example_dags/example_params_ui_tutorial.py for tasks to queue
[2025-04-21T12:02:27.465+0000] {logging_mixin.py:188} INFO - [2025-04-21T12:02:27.465+0000] {dagbag.py:545} INFO - Filling up the DagBag from /home/airflow/.local/lib/python3.12/site-packages/airflow/example_dags/example_params_ui_tutorial.py
[2025-04-21T12:02:27.471+0000] {processor.py:840} INFO - DAG(s) 'example_params_ui_tutorial' retrieved from /home/airflow/.local/lib/python3.12/site-packages/airflow/example_dags/example_params_ui_tutorial.py
[2025-04-21T12:02:27.492+0000] {logging_mixin.py:188} INFO - [2025-04-21T12:02:27.492+0000] {dag.py:3096} INFO - Sync 1 DAGs
[2025-04-21T12:02:27.498+0000] {logging_mixin.py:188} INFO - [2025-04-21T12:02:27.498+0000] {dag.py:3954} INFO - Setting next_dagrun for example_params_ui_tutorial to None, run_after=None
[2025-04-21T12:02:27.506+0000] {processor.py:183} INFO - Processing /home/airflow/.local/lib/python3.12/site-packages/airflow/example_dags/example_params_ui_tutorial.py took 0.046 seconds
[2025-04-21T12:02:57.655+0000] {processor.py:161} INFO - Started process (PID=92681) to work on /home/airflow/.local/lib/python3.12/site-packages/airflow/example_dags/example_params_ui_tutorial.py
[2025-04-21T12:02:57.655+0000] {processor.py:830} INFO - Processing file /home/airflow/.local/lib/python3.12/site-packages/airflow/example_dags/example_params_ui_tutorial.py for tasks to queue
[2025-04-21T12:02:57.656+0000] {logging_mixin.py:188} INFO - [2025-04-21T12:02:57.656+0000] {dagbag.py:545} INFO - Filling up the DagBag from /home/airflow/.local/lib/python3.12/site-packages/airflow/example_dags/example_params_ui_tutorial.py
[2025-04-21T12:02:57.663+0000] {processor.py:840} INFO - DAG(s) 'example_params_ui_tutorial' retrieved from /home/airflow/.local/lib/python3.12/site-packages/airflow/example_dags/example_params_ui_tutorial.py
[2025-04-21T12:02:57.688+0000] {logging_mixin.py:188} INFO - [2025-04-21T12:02:57.688+0000] {dag.py:3096} INFO - Sync 1 DAGs
[2025-04-21T12:02:57.696+0000] {logging_mixin.py:188} INFO - [2025-04-21T12:02:57.696+0000] {dag.py:3954} INFO - Setting next_dagrun for example_params_ui_tutorial to None, run_after=None
[2025-04-21T12:02:57.706+0000] {processor.py:183} INFO - Processing /home/airflow/.local/lib/python3.12/site-packages/airflow/example_dags/example_params_ui_tutorial.py took 0.055 seconds
[2025-04-21T12:08:10.426+0000] {processor.py:161} INFO - Started process (PID=92741) to work on /home/airflow/.local/lib/python3.12/site-packages/airflow/example_dags/example_params_ui_tutorial.py
[2025-04-21T12:08:10.427+0000] {processor.py:830} INFO - Processing file /home/airflow/.local/lib/python3.12/site-packages/airflow/example_dags/example_params_ui_tutorial.py for tasks to queue
[2025-04-21T12:08:10.429+0000] {logging_mixin.py:188} INFO - [2025-04-21T12:08:10.429+0000] {dagbag.py:545} INFO - Filling up the DagBag from /home/airflow/.local/lib/python3.12/site-packages/airflow/example_dags/example_params_ui_tutorial.py
[2025-04-21T12:08:10.435+0000] {processor.py:840} INFO - DAG(s) 'example_params_ui_tutorial' retrieved from /home/airflow/.local/lib/python3.12/site-packages/airflow/example_dags/example_params_ui_tutorial.py
[2025-04-21T12:08:10.462+0000] {logging_mixin.py:188} INFO - [2025-04-21T12:08:10.462+0000] {dag.py:3096} INFO - Sync 1 DAGs
[2025-04-21T12:08:10.469+0000] {logging_mixin.py:188} INFO - [2025-04-21T12:08:10.469+0000] {dag.py:3954} INFO - Setting next_dagrun for example_params_ui_tutorial to None, run_after=None
[2025-04-21T12:08:10.481+0000] {processor.py:183} INFO - Processing /home/airflow/.local/lib/python3.12/site-packages/airflow/example_dags/example_params_ui_tutorial.py took 0.058 seconds
[2025-04-21T12:09:05.361+0000] {processor.py:161} INFO - Started process (PID=92801) to work on /home/airflow/.local/lib/python3.12/site-packages/airflow/example_dags/example_params_ui_tutorial.py
[2025-04-21T12:09:05.362+0000] {processor.py:830} INFO - Processing file /home/airflow/.local/lib/python3.12/site-packages/airflow/example_dags/example_params_ui_tutorial.py for tasks to queue
[2025-04-21T12:09:05.364+0000] {logging_mixin.py:188} INFO - [2025-04-21T12:09:05.364+0000] {dagbag.py:545} INFO - Filling up the DagBag from /home/airflow/.local/lib/python3.12/site-packages/airflow/example_dags/example_params_ui_tutorial.py
[2025-04-21T12:09:05.370+0000] {processor.py:840} INFO - DAG(s) 'example_params_ui_tutorial' retrieved from /home/airflow/.local/lib/python3.12/site-packages/airflow/example_dags/example_params_ui_tutorial.py
[2025-04-21T12:09:05.400+0000] {logging_mixin.py:188} INFO - [2025-04-21T12:09:05.399+0000] {dag.py:3096} INFO - Sync 1 DAGs
[2025-04-21T12:09:05.407+0000] {logging_mixin.py:188} INFO - [2025-04-21T12:09:05.407+0000] {dag.py:3954} INFO - Setting next_dagrun for example_params_ui_tutorial to None, run_after=None
[2025-04-21T12:09:05.423+0000] {processor.py:183} INFO - Processing /home/airflow/.local/lib/python3.12/site-packages/airflow/example_dags/example_params_ui_tutorial.py took 0.065 seconds
[2025-04-21T12:14:18.240+0000] {processor.py:161} INFO - Started process (PID=92861) to work on /home/airflow/.local/lib/python3.12/site-packages/airflow/example_dags/example_params_ui_tutorial.py
[2025-04-21T12:14:18.242+0000] {processor.py:830} INFO - Processing file /home/airflow/.local/lib/python3.12/site-packages/airflow/example_dags/example_params_ui_tutorial.py for tasks to queue
[2025-04-21T12:14:18.243+0000] {logging_mixin.py:188} INFO - [2025-04-21T12:14:18.243+0000] {dagbag.py:545} INFO - Filling up the DagBag from /home/airflow/.local/lib/python3.12/site-packages/airflow/example_dags/example_params_ui_tutorial.py
[2025-04-21T12:14:18.249+0000] {processor.py:840} INFO - DAG(s) 'example_params_ui_tutorial' retrieved from /home/airflow/.local/lib/python3.12/site-packages/airflow/example_dags/example_params_ui_tutorial.py
[2025-04-21T12:14:18.274+0000] {logging_mixin.py:188} INFO - [2025-04-21T12:14:18.273+0000] {dag.py:3096} INFO - Sync 1 DAGs
[2025-04-21T12:14:18.286+0000] {logging_mixin.py:188} INFO - [2025-04-21T12:14:18.286+0000] {dag.py:3954} INFO - Setting next_dagrun for example_params_ui_tutorial to None, run_after=None
[2025-04-21T12:14:18.306+0000] {processor.py:183} INFO - Processing /home/airflow/.local/lib/python3.12/site-packages/airflow/example_dags/example_params_ui_tutorial.py took 0.069 seconds
[2025-04-21T12:19:31.837+0000] {processor.py:161} INFO - Started process (PID=92921) to work on /home/airflow/.local/lib/python3.12/site-packages/airflow/example_dags/example_params_ui_tutorial.py
[2025-04-21T12:19:31.838+0000] {processor.py:830} INFO - Processing file /home/airflow/.local/lib/python3.12/site-packages/airflow/example_dags/example_params_ui_tutorial.py for tasks to queue
[2025-04-21T12:19:31.839+0000] {logging_mixin.py:188} INFO - [2025-04-21T12:19:31.839+0000] {dagbag.py:545} INFO - Filling up the DagBag from /home/airflow/.local/lib/python3.12/site-packages/airflow/example_dags/example_params_ui_tutorial.py
[2025-04-21T12:19:31.850+0000] {processor.py:840} INFO - DAG(s) 'example_params_ui_tutorial' retrieved from /home/airflow/.local/lib/python3.12/site-packages/airflow/example_dags/example_params_ui_tutorial.py
[2025-04-21T12:19:31.890+0000] {logging_mixin.py:188} INFO - [2025-04-21T12:19:31.890+0000] {dag.py:3096} INFO - Sync 1 DAGs
[2025-04-21T12:19:31.896+0000] {logging_mixin.py:188} INFO - [2025-04-21T12:19:31.896+0000] {dag.py:3954} INFO - Setting next_dagrun for example_params_ui_tutorial to None, run_after=None
[2025-04-21T12:19:31.906+0000] {processor.py:183} INFO - Processing /home/airflow/.local/lib/python3.12/site-packages/airflow/example_dags/example_params_ui_tutorial.py took 0.073 seconds
[2025-04-21T12:24:44.397+0000] {processor.py:161} INFO - Started process (PID=92981) to work on /home/airflow/.local/lib/python3.12/site-packages/airflow/example_dags/example_params_ui_tutorial.py
[2025-04-21T12:24:44.397+0000] {processor.py:830} INFO - Processing file /home/airflow/.local/lib/python3.12/site-packages/airflow/example_dags/example_params_ui_tutorial.py for tasks to queue
[2025-04-21T12:24:44.398+0000] {logging_mixin.py:188} INFO - [2025-04-21T12:24:44.398+0000] {dagbag.py:545} INFO - Filling up the DagBag from /home/airflow/.local/lib/python3.12/site-packages/airflow/example_dags/example_params_ui_tutorial.py
[2025-04-21T12:24:44.404+0000] {processor.py:840} INFO - DAG(s) 'example_params_ui_tutorial' retrieved from /home/airflow/.local/lib/python3.12/site-packages/airflow/example_dags/example_params_ui_tutorial.py
[2025-04-21T12:24:44.427+0000] {logging_mixin.py:188} INFO - [2025-04-21T12:24:44.427+0000] {dag.py:3096} INFO - Sync 1 DAGs
[2025-04-21T12:24:44.433+0000] {logging_mixin.py:188} INFO - [2025-04-21T12:24:44.433+0000] {dag.py:3954} INFO - Setting next_dagrun for example_params_ui_tutorial to None, run_after=None
[2025-04-21T12:24:44.442+0000] {processor.py:183} INFO - Processing /home/airflow/.local/lib/python3.12/site-packages/airflow/example_dags/example_params_ui_tutorial.py took 0.047 seconds
[2025-04-21T12:56:59.340+0000] {processor.py:161} INFO - Started process (PID=93041) to work on /home/airflow/.local/lib/python3.12/site-packages/airflow/example_dags/example_params_ui_tutorial.py
[2025-04-21T12:56:59.341+0000] {processor.py:830} INFO - Processing file /home/airflow/.local/lib/python3.12/site-packages/airflow/example_dags/example_params_ui_tutorial.py for tasks to queue
[2025-04-21T12:56:59.342+0000] {logging_mixin.py:188} INFO - [2025-04-21T12:56:59.341+0000] {dagbag.py:545} INFO - Filling up the DagBag from /home/airflow/.local/lib/python3.12/site-packages/airflow/example_dags/example_params_ui_tutorial.py
[2025-04-21T12:56:59.347+0000] {processor.py:840} INFO - DAG(s) 'example_params_ui_tutorial' retrieved from /home/airflow/.local/lib/python3.12/site-packages/airflow/example_dags/example_params_ui_tutorial.py
[2025-04-21T12:56:59.368+0000] {logging_mixin.py:188} INFO - [2025-04-21T12:56:59.368+0000] {dag.py:3096} INFO - Sync 1 DAGs
[2025-04-21T12:56:59.373+0000] {logging_mixin.py:188} INFO - [2025-04-21T12:56:59.373+0000] {dag.py:3954} INFO - Setting next_dagrun for example_params_ui_tutorial to None, run_after=None
[2025-04-21T12:56:59.381+0000] {processor.py:183} INFO - Processing /home/airflow/.local/lib/python3.12/site-packages/airflow/example_dags/example_params_ui_tutorial.py took 0.043 seconds
[2025-04-21T14:21:25.457+0000] {processor.py:161} INFO - Started process (PID=93101) to work on /home/airflow/.local/lib/python3.12/site-packages/airflow/example_dags/example_params_ui_tutorial.py
[2025-04-21T14:21:25.458+0000] {processor.py:830} INFO - Processing file /home/airflow/.local/lib/python3.12/site-packages/airflow/example_dags/example_params_ui_tutorial.py for tasks to queue
[2025-04-21T14:21:25.459+0000] {logging_mixin.py:188} INFO - [2025-04-21T14:21:25.459+0000] {dagbag.py:545} INFO - Filling up the DagBag from /home/airflow/.local/lib/python3.12/site-packages/airflow/example_dags/example_params_ui_tutorial.py
[2025-04-21T14:21:25.467+0000] {processor.py:840} INFO - DAG(s) 'example_params_ui_tutorial' retrieved from /home/airflow/.local/lib/python3.12/site-packages/airflow/example_dags/example_params_ui_tutorial.py
[2025-04-21T14:21:25.494+0000] {logging_mixin.py:188} INFO - [2025-04-21T14:21:25.494+0000] {dag.py:3096} INFO - Sync 1 DAGs
[2025-04-21T14:21:25.500+0000] {logging_mixin.py:188} INFO - [2025-04-21T14:21:25.500+0000] {dag.py:3954} INFO - Setting next_dagrun for example_params_ui_tutorial to None, run_after=None
[2025-04-21T14:21:25.511+0000] {processor.py:183} INFO - Processing /home/airflow/.local/lib/python3.12/site-packages/airflow/example_dags/example_params_ui_tutorial.py took 0.057 seconds
[2025-04-21T16:03:44.750+0000] {processor.py:161} INFO - Started process (PID=93161) to work on /home/airflow/.local/lib/python3.12/site-packages/airflow/example_dags/example_params_ui_tutorial.py
[2025-04-21T16:03:44.753+0000] {processor.py:830} INFO - Processing file /home/airflow/.local/lib/python3.12/site-packages/airflow/example_dags/example_params_ui_tutorial.py for tasks to queue
[2025-04-21T16:03:44.754+0000] {logging_mixin.py:188} INFO - [2025-04-21T16:03:44.754+0000] {dagbag.py:545} INFO - Filling up the DagBag from /home/airflow/.local/lib/python3.12/site-packages/airflow/example_dags/example_params_ui_tutorial.py
[2025-04-21T16:03:44.760+0000] {processor.py:840} INFO - DAG(s) 'example_params_ui_tutorial' retrieved from /home/airflow/.local/lib/python3.12/site-packages/airflow/example_dags/example_params_ui_tutorial.py
[2025-04-21T16:03:44.784+0000] {logging_mixin.py:188} INFO - [2025-04-21T16:03:44.783+0000] {dag.py:3096} INFO - Sync 1 DAGs
[2025-04-21T16:03:44.791+0000] {logging_mixin.py:188} INFO - [2025-04-21T16:03:44.791+0000] {dag.py:3954} INFO - Setting next_dagrun for example_params_ui_tutorial to None, run_after=None
[2025-04-21T16:03:44.802+0000] {processor.py:183} INFO - Processing /home/airflow/.local/lib/python3.12/site-packages/airflow/example_dags/example_params_ui_tutorial.py took 0.056 seconds
[2025-04-21T17:25:31.477+0000] {processor.py:161} INFO - Started process (PID=93221) to work on /home/airflow/.local/lib/python3.12/site-packages/airflow/example_dags/example_params_ui_tutorial.py
[2025-04-21T17:25:31.478+0000] {processor.py:830} INFO - Processing file /home/airflow/.local/lib/python3.12/site-packages/airflow/example_dags/example_params_ui_tutorial.py for tasks to queue
[2025-04-21T17:25:31.479+0000] {logging_mixin.py:188} INFO - [2025-04-21T17:25:31.478+0000] {dagbag.py:545} INFO - Filling up the DagBag from /home/airflow/.local/lib/python3.12/site-packages/airflow/example_dags/example_params_ui_tutorial.py
[2025-04-21T17:25:31.484+0000] {processor.py:840} INFO - DAG(s) 'example_params_ui_tutorial' retrieved from /home/airflow/.local/lib/python3.12/site-packages/airflow/example_dags/example_params_ui_tutorial.py
[2025-04-21T17:25:31.507+0000] {logging_mixin.py:188} INFO - [2025-04-21T17:25:31.507+0000] {dag.py:3096} INFO - Sync 1 DAGs
[2025-04-21T17:25:31.513+0000] {logging_mixin.py:188} INFO - [2025-04-21T17:25:31.513+0000] {dag.py:3954} INFO - Setting next_dagrun for example_params_ui_tutorial to None, run_after=None
[2025-04-21T17:25:31.521+0000] {processor.py:183} INFO - Processing /home/airflow/.local/lib/python3.12/site-packages/airflow/example_dags/example_params_ui_tutorial.py took 0.049 seconds
[2025-04-21T18:31:34.880+0000] {processor.py:161} INFO - Started process (PID=93281) to work on /home/airflow/.local/lib/python3.12/site-packages/airflow/example_dags/example_params_ui_tutorial.py
[2025-04-21T18:31:34.881+0000] {processor.py:830} INFO - Processing file /home/airflow/.local/lib/python3.12/site-packages/airflow/example_dags/example_params_ui_tutorial.py for tasks to queue
[2025-04-21T18:31:34.881+0000] {logging_mixin.py:188} INFO - [2025-04-21T18:31:34.881+0000] {dagbag.py:545} INFO - Filling up the DagBag from /home/airflow/.local/lib/python3.12/site-packages/airflow/example_dags/example_params_ui_tutorial.py
[2025-04-21T18:31:34.888+0000] {processor.py:840} INFO - DAG(s) 'example_params_ui_tutorial' retrieved from /home/airflow/.local/lib/python3.12/site-packages/airflow/example_dags/example_params_ui_tutorial.py
[2025-04-21T18:31:34.929+0000] {logging_mixin.py:188} INFO - [2025-04-21T18:31:34.929+0000] {dag.py:3096} INFO - Sync 1 DAGs
[2025-04-21T18:31:34.936+0000] {logging_mixin.py:188} INFO - [2025-04-21T18:31:34.936+0000] {dag.py:3954} INFO - Setting next_dagrun for example_params_ui_tutorial to None, run_after=None
[2025-04-21T18:31:34.946+0000] {processor.py:183} INFO - Processing /home/airflow/.local/lib/python3.12/site-packages/airflow/example_dags/example_params_ui_tutorial.py took 0.069 seconds
[2025-04-21T18:32:05.663+0000] {processor.py:161} INFO - Started process (PID=93341) to work on /home/airflow/.local/lib/python3.12/site-packages/airflow/example_dags/example_params_ui_tutorial.py
[2025-04-21T18:32:05.663+0000] {processor.py:830} INFO - Processing file /home/airflow/.local/lib/python3.12/site-packages/airflow/example_dags/example_params_ui_tutorial.py for tasks to queue
[2025-04-21T18:32:05.664+0000] {logging_mixin.py:188} INFO - [2025-04-21T18:32:05.664+0000] {dagbag.py:545} INFO - Filling up the DagBag from /home/airflow/.local/lib/python3.12/site-packages/airflow/example_dags/example_params_ui_tutorial.py
[2025-04-21T18:32:05.672+0000] {processor.py:840} INFO - DAG(s) 'example_params_ui_tutorial' retrieved from /home/airflow/.local/lib/python3.12/site-packages/airflow/example_dags/example_params_ui_tutorial.py
[2025-04-21T18:32:05.693+0000] {logging_mixin.py:188} INFO - [2025-04-21T18:32:05.693+0000] {dag.py:3096} INFO - Sync 1 DAGs
[2025-04-21T18:32:05.698+0000] {logging_mixin.py:188} INFO - [2025-04-21T18:32:05.698+0000] {dag.py:3954} INFO - Setting next_dagrun for example_params_ui_tutorial to None, run_after=None
[2025-04-21T18:32:05.705+0000] {processor.py:183} INFO - Processing /home/airflow/.local/lib/python3.12/site-packages/airflow/example_dags/example_params_ui_tutorial.py took 0.046 seconds
[2025-04-21T18:35:57.227+0000] {processor.py:161} INFO - Started process (PID=93401) to work on /home/airflow/.local/lib/python3.12/site-packages/airflow/example_dags/example_params_ui_tutorial.py
[2025-04-21T18:35:57.229+0000] {processor.py:830} INFO - Processing file /home/airflow/.local/lib/python3.12/site-packages/airflow/example_dags/example_params_ui_tutorial.py for tasks to queue
[2025-04-21T18:35:57.230+0000] {logging_mixin.py:188} INFO - [2025-04-21T18:35:57.230+0000] {dagbag.py:545} INFO - Filling up the DagBag from /home/airflow/.local/lib/python3.12/site-packages/airflow/example_dags/example_params_ui_tutorial.py
[2025-04-21T18:35:57.236+0000] {processor.py:840} INFO - DAG(s) 'example_params_ui_tutorial' retrieved from /home/airflow/.local/lib/python3.12/site-packages/airflow/example_dags/example_params_ui_tutorial.py
[2025-04-21T18:35:57.259+0000] {logging_mixin.py:188} INFO - [2025-04-21T18:35:57.259+0000] {dag.py:3096} INFO - Sync 1 DAGs
[2025-04-21T18:35:57.265+0000] {logging_mixin.py:188} INFO - [2025-04-21T18:35:57.264+0000] {dag.py:3954} INFO - Setting next_dagrun for example_params_ui_tutorial to None, run_after=None
[2025-04-21T18:35:57.273+0000] {processor.py:183} INFO - Processing /home/airflow/.local/lib/python3.12/site-packages/airflow/example_dags/example_params_ui_tutorial.py took 0.049 seconds
[2025-04-21T18:41:10.064+0000] {processor.py:161} INFO - Started process (PID=93461) to work on /home/airflow/.local/lib/python3.12/site-packages/airflow/example_dags/example_params_ui_tutorial.py
[2025-04-21T18:41:10.065+0000] {processor.py:830} INFO - Processing file /home/airflow/.local/lib/python3.12/site-packages/airflow/example_dags/example_params_ui_tutorial.py for tasks to queue
[2025-04-21T18:41:10.066+0000] {logging_mixin.py:188} INFO - [2025-04-21T18:41:10.066+0000] {dagbag.py:545} INFO - Filling up the DagBag from /home/airflow/.local/lib/python3.12/site-packages/airflow/example_dags/example_params_ui_tutorial.py
[2025-04-21T18:41:10.074+0000] {processor.py:840} INFO - DAG(s) 'example_params_ui_tutorial' retrieved from /home/airflow/.local/lib/python3.12/site-packages/airflow/example_dags/example_params_ui_tutorial.py
[2025-04-21T18:41:10.104+0000] {logging_mixin.py:188} INFO - [2025-04-21T18:41:10.104+0000] {dag.py:3096} INFO - Sync 1 DAGs
[2025-04-21T18:41:10.112+0000] {logging_mixin.py:188} INFO - [2025-04-21T18:41:10.112+0000] {dag.py:3954} INFO - Setting next_dagrun for example_params_ui_tutorial to None, run_after=None
[2025-04-21T18:41:10.123+0000] {processor.py:183} INFO - Processing /home/airflow/.local/lib/python3.12/site-packages/airflow/example_dags/example_params_ui_tutorial.py took 0.062 seconds
[2025-04-21T18:41:40.770+0000] {processor.py:161} INFO - Started process (PID=93521) to work on /home/airflow/.local/lib/python3.12/site-packages/airflow/example_dags/example_params_ui_tutorial.py
[2025-04-21T18:41:40.771+0000] {processor.py:830} INFO - Processing file /home/airflow/.local/lib/python3.12/site-packages/airflow/example_dags/example_params_ui_tutorial.py for tasks to queue
[2025-04-21T18:41:40.771+0000] {logging_mixin.py:188} INFO - [2025-04-21T18:41:40.771+0000] {dagbag.py:545} INFO - Filling up the DagBag from /home/airflow/.local/lib/python3.12/site-packages/airflow/example_dags/example_params_ui_tutorial.py
[2025-04-21T18:41:40.777+0000] {processor.py:840} INFO - DAG(s) 'example_params_ui_tutorial' retrieved from /home/airflow/.local/lib/python3.12/site-packages/airflow/example_dags/example_params_ui_tutorial.py
[2025-04-21T18:41:40.798+0000] {logging_mixin.py:188} INFO - [2025-04-21T18:41:40.797+0000] {dag.py:3096} INFO - Sync 1 DAGs
[2025-04-21T18:41:40.803+0000] {logging_mixin.py:188} INFO - [2025-04-21T18:41:40.802+0000] {dag.py:3954} INFO - Setting next_dagrun for example_params_ui_tutorial to None, run_after=None
[2025-04-21T18:41:40.810+0000] {processor.py:183} INFO - Processing /home/airflow/.local/lib/python3.12/site-packages/airflow/example_dags/example_params_ui_tutorial.py took 0.042 seconds
[2025-04-21T18:46:53.071+0000] {processor.py:161} INFO - Started process (PID=93581) to work on /home/airflow/.local/lib/python3.12/site-packages/airflow/example_dags/example_params_ui_tutorial.py
[2025-04-21T18:46:53.072+0000] {processor.py:830} INFO - Processing file /home/airflow/.local/lib/python3.12/site-packages/airflow/example_dags/example_params_ui_tutorial.py for tasks to queue
[2025-04-21T18:46:53.074+0000] {logging_mixin.py:188} INFO - [2025-04-21T18:46:53.073+0000] {dagbag.py:545} INFO - Filling up the DagBag from /home/airflow/.local/lib/python3.12/site-packages/airflow/example_dags/example_params_ui_tutorial.py
[2025-04-21T18:46:53.080+0000] {processor.py:840} INFO - DAG(s) 'example_params_ui_tutorial' retrieved from /home/airflow/.local/lib/python3.12/site-packages/airflow/example_dags/example_params_ui_tutorial.py
[2025-04-21T18:46:53.108+0000] {logging_mixin.py:188} INFO - [2025-04-21T18:46:53.108+0000] {dag.py:3096} INFO - Sync 1 DAGs
[2025-04-21T18:46:53.114+0000] {logging_mixin.py:188} INFO - [2025-04-21T18:46:53.114+0000] {dag.py:3954} INFO - Setting next_dagrun for example_params_ui_tutorial to None, run_after=None
[2025-04-21T18:46:53.122+0000] {processor.py:183} INFO - Processing /home/airflow/.local/lib/python3.12/site-packages/airflow/example_dags/example_params_ui_tutorial.py took 0.054 seconds
[2025-04-21T18:52:06.250+0000] {processor.py:161} INFO - Started process (PID=93641) to work on /home/airflow/.local/lib/python3.12/site-packages/airflow/example_dags/example_params_ui_tutorial.py
[2025-04-21T18:52:06.251+0000] {processor.py:830} INFO - Processing file /home/airflow/.local/lib/python3.12/site-packages/airflow/example_dags/example_params_ui_tutorial.py for tasks to queue
[2025-04-21T18:52:06.259+0000] {logging_mixin.py:188} INFO - [2025-04-21T18:52:06.259+0000] {dagbag.py:545} INFO - Filling up the DagBag from /home/airflow/.local/lib/python3.12/site-packages/airflow/example_dags/example_params_ui_tutorial.py
[2025-04-21T18:52:06.273+0000] {processor.py:840} INFO - DAG(s) 'example_params_ui_tutorial' retrieved from /home/airflow/.local/lib/python3.12/site-packages/airflow/example_dags/example_params_ui_tutorial.py
[2025-04-21T18:52:06.300+0000] {logging_mixin.py:188} INFO - [2025-04-21T18:52:06.300+0000] {dag.py:3096} INFO - Sync 1 DAGs
[2025-04-21T18:52:06.306+0000] {logging_mixin.py:188} INFO - [2025-04-21T18:52:06.306+0000] {dag.py:3954} INFO - Setting next_dagrun for example_params_ui_tutorial to None, run_after=None
[2025-04-21T18:52:06.314+0000] {processor.py:183} INFO - Processing /home/airflow/.local/lib/python3.12/site-packages/airflow/example_dags/example_params_ui_tutorial.py took 0.067 seconds
[2025-04-21T18:52:37.183+0000] {processor.py:161} INFO - Started process (PID=93701) to work on /home/airflow/.local/lib/python3.12/site-packages/airflow/example_dags/example_params_ui_tutorial.py
[2025-04-21T18:52:37.184+0000] {processor.py:830} INFO - Processing file /home/airflow/.local/lib/python3.12/site-packages/airflow/example_dags/example_params_ui_tutorial.py for tasks to queue
[2025-04-21T18:52:37.186+0000] {logging_mixin.py:188} INFO - [2025-04-21T18:52:37.185+0000] {dagbag.py:545} INFO - Filling up the DagBag from /home/airflow/.local/lib/python3.12/site-packages/airflow/example_dags/example_params_ui_tutorial.py
[2025-04-21T18:52:37.192+0000] {processor.py:840} INFO - DAG(s) 'example_params_ui_tutorial' retrieved from /home/airflow/.local/lib/python3.12/site-packages/airflow/example_dags/example_params_ui_tutorial.py
[2025-04-21T18:52:37.300+0000] {logging_mixin.py:188} INFO - [2025-04-21T18:52:37.300+0000] {dag.py:3096} INFO - Sync 1 DAGs
[2025-04-21T18:52:37.306+0000] {logging_mixin.py:188} INFO - [2025-04-21T18:52:37.305+0000] {dag.py:3954} INFO - Setting next_dagrun for example_params_ui_tutorial to None, run_after=None
[2025-04-21T18:52:37.316+0000] {processor.py:183} INFO - Processing /home/airflow/.local/lib/python3.12/site-packages/airflow/example_dags/example_params_ui_tutorial.py took 0.137 seconds
[2025-04-21T18:57:48.896+0000] {processor.py:161} INFO - Started process (PID=93761) to work on /home/airflow/.local/lib/python3.12/site-packages/airflow/example_dags/example_params_ui_tutorial.py
[2025-04-21T18:57:48.897+0000] {processor.py:830} INFO - Processing file /home/airflow/.local/lib/python3.12/site-packages/airflow/example_dags/example_params_ui_tutorial.py for tasks to queue
[2025-04-21T18:57:48.899+0000] {logging_mixin.py:188} INFO - [2025-04-21T18:57:48.898+0000] {dagbag.py:545} INFO - Filling up the DagBag from /home/airflow/.local/lib/python3.12/site-packages/airflow/example_dags/example_params_ui_tutorial.py
[2025-04-21T18:57:48.906+0000] {processor.py:840} INFO - DAG(s) 'example_params_ui_tutorial' retrieved from /home/airflow/.local/lib/python3.12/site-packages/airflow/example_dags/example_params_ui_tutorial.py
[2025-04-21T18:57:48.934+0000] {logging_mixin.py:188} INFO - [2025-04-21T18:57:48.934+0000] {dag.py:3096} INFO - Sync 1 DAGs
[2025-04-21T18:57:48.941+0000] {logging_mixin.py:188} INFO - [2025-04-21T18:57:48.940+0000] {dag.py:3954} INFO - Setting next_dagrun for example_params_ui_tutorial to None, run_after=None
[2025-04-21T18:57:48.951+0000] {processor.py:183} INFO - Processing /home/airflow/.local/lib/python3.12/site-packages/airflow/example_dags/example_params_ui_tutorial.py took 0.059 seconds
[2025-04-21T20:03:23.883+0000] {processor.py:161} INFO - Started process (PID=93821) to work on /home/airflow/.local/lib/python3.12/site-packages/airflow/example_dags/example_params_ui_tutorial.py
[2025-04-21T20:03:23.884+0000] {processor.py:830} INFO - Processing file /home/airflow/.local/lib/python3.12/site-packages/airflow/example_dags/example_params_ui_tutorial.py for tasks to queue
[2025-04-21T20:03:23.885+0000] {logging_mixin.py:188} INFO - [2025-04-21T20:03:23.885+0000] {dagbag.py:545} INFO - Filling up the DagBag from /home/airflow/.local/lib/python3.12/site-packages/airflow/example_dags/example_params_ui_tutorial.py
[2025-04-21T20:03:23.891+0000] {processor.py:840} INFO - DAG(s) 'example_params_ui_tutorial' retrieved from /home/airflow/.local/lib/python3.12/site-packages/airflow/example_dags/example_params_ui_tutorial.py
[2025-04-21T20:03:23.920+0000] {logging_mixin.py:188} INFO - [2025-04-21T20:03:23.919+0000] {dag.py:3096} INFO - Sync 1 DAGs
[2025-04-21T20:03:23.926+0000] {logging_mixin.py:188} INFO - [2025-04-21T20:03:23.925+0000] {dag.py:3954} INFO - Setting next_dagrun for example_params_ui_tutorial to None, run_after=None
[2025-04-21T20:03:23.938+0000] {processor.py:183} INFO - Processing /home/airflow/.local/lib/python3.12/site-packages/airflow/example_dags/example_params_ui_tutorial.py took 0.058 seconds
[2025-04-21T20:15:53.406+0000] {processor.py:161} INFO - Started process (PID=93881) to work on /home/airflow/.local/lib/python3.12/site-packages/airflow/example_dags/example_params_ui_tutorial.py
[2025-04-21T20:15:53.407+0000] {processor.py:830} INFO - Processing file /home/airflow/.local/lib/python3.12/site-packages/airflow/example_dags/example_params_ui_tutorial.py for tasks to queue
[2025-04-21T20:15:53.408+0000] {logging_mixin.py:188} INFO - [2025-04-21T20:15:53.408+0000] {dagbag.py:545} INFO - Filling up the DagBag from /home/airflow/.local/lib/python3.12/site-packages/airflow/example_dags/example_params_ui_tutorial.py
[2025-04-21T20:15:53.414+0000] {processor.py:840} INFO - DAG(s) 'example_params_ui_tutorial' retrieved from /home/airflow/.local/lib/python3.12/site-packages/airflow/example_dags/example_params_ui_tutorial.py
[2025-04-21T20:15:53.438+0000] {logging_mixin.py:188} INFO - [2025-04-21T20:15:53.438+0000] {dag.py:3096} INFO - Sync 1 DAGs
[2025-04-21T20:15:53.445+0000] {logging_mixin.py:188} INFO - [2025-04-21T20:15:53.444+0000] {dag.py:3954} INFO - Setting next_dagrun for example_params_ui_tutorial to None, run_after=None
[2025-04-21T20:15:53.457+0000] {processor.py:183} INFO - Processing /home/airflow/.local/lib/python3.12/site-packages/airflow/example_dags/example_params_ui_tutorial.py took 0.054 seconds
[2025-04-21T20:21:06.878+0000] {processor.py:161} INFO - Started process (PID=93941) to work on /home/airflow/.local/lib/python3.12/site-packages/airflow/example_dags/example_params_ui_tutorial.py
[2025-04-21T20:21:06.880+0000] {processor.py:830} INFO - Processing file /home/airflow/.local/lib/python3.12/site-packages/airflow/example_dags/example_params_ui_tutorial.py for tasks to queue
[2025-04-21T20:21:06.881+0000] {logging_mixin.py:188} INFO - [2025-04-21T20:21:06.881+0000] {dagbag.py:545} INFO - Filling up the DagBag from /home/airflow/.local/lib/python3.12/site-packages/airflow/example_dags/example_params_ui_tutorial.py
[2025-04-21T20:21:06.888+0000] {processor.py:840} INFO - DAG(s) 'example_params_ui_tutorial' retrieved from /home/airflow/.local/lib/python3.12/site-packages/airflow/example_dags/example_params_ui_tutorial.py
[2025-04-21T20:21:06.920+0000] {logging_mixin.py:188} INFO - [2025-04-21T20:21:06.920+0000] {dag.py:3096} INFO - Sync 1 DAGs
[2025-04-21T20:21:06.929+0000] {logging_mixin.py:188} INFO - [2025-04-21T20:21:06.929+0000] {dag.py:3954} INFO - Setting next_dagrun for example_params_ui_tutorial to None, run_after=None
[2025-04-21T20:21:06.939+0000] {processor.py:183} INFO - Processing /home/airflow/.local/lib/python3.12/site-packages/airflow/example_dags/example_params_ui_tutorial.py took 0.064 seconds
[2025-04-21T20:22:20.824+0000] {processor.py:161} INFO - Started process (PID=94001) to work on /home/airflow/.local/lib/python3.12/site-packages/airflow/example_dags/example_params_ui_tutorial.py
[2025-04-21T20:22:20.826+0000] {processor.py:830} INFO - Processing file /home/airflow/.local/lib/python3.12/site-packages/airflow/example_dags/example_params_ui_tutorial.py for tasks to queue
[2025-04-21T20:22:20.827+0000] {logging_mixin.py:188} INFO - [2025-04-21T20:22:20.827+0000] {dagbag.py:545} INFO - Filling up the DagBag from /home/airflow/.local/lib/python3.12/site-packages/airflow/example_dags/example_params_ui_tutorial.py
[2025-04-21T20:22:20.833+0000] {processor.py:840} INFO - DAG(s) 'example_params_ui_tutorial' retrieved from /home/airflow/.local/lib/python3.12/site-packages/airflow/example_dags/example_params_ui_tutorial.py
[2025-04-21T20:22:20.861+0000] {logging_mixin.py:188} INFO - [2025-04-21T20:22:20.861+0000] {dag.py:3096} INFO - Sync 1 DAGs
[2025-04-21T20:22:20.867+0000] {logging_mixin.py:188} INFO - [2025-04-21T20:22:20.867+0000] {dag.py:3954} INFO - Setting next_dagrun for example_params_ui_tutorial to None, run_after=None
[2025-04-21T20:22:20.878+0000] {processor.py:183} INFO - Processing /home/airflow/.local/lib/python3.12/site-packages/airflow/example_dags/example_params_ui_tutorial.py took 0.057 seconds
[2025-04-21T20:27:34.336+0000] {processor.py:161} INFO - Started process (PID=94061) to work on /home/airflow/.local/lib/python3.12/site-packages/airflow/example_dags/example_params_ui_tutorial.py
[2025-04-21T20:27:34.336+0000] {processor.py:830} INFO - Processing file /home/airflow/.local/lib/python3.12/site-packages/airflow/example_dags/example_params_ui_tutorial.py for tasks to queue
[2025-04-21T20:27:34.337+0000] {logging_mixin.py:188} INFO - [2025-04-21T20:27:34.337+0000] {dagbag.py:545} INFO - Filling up the DagBag from /home/airflow/.local/lib/python3.12/site-packages/airflow/example_dags/example_params_ui_tutorial.py
[2025-04-21T20:27:34.343+0000] {processor.py:840} INFO - DAG(s) 'example_params_ui_tutorial' retrieved from /home/airflow/.local/lib/python3.12/site-packages/airflow/example_dags/example_params_ui_tutorial.py
[2025-04-21T20:27:34.364+0000] {logging_mixin.py:188} INFO - [2025-04-21T20:27:34.364+0000] {dag.py:3096} INFO - Sync 1 DAGs
[2025-04-21T20:27:34.369+0000] {logging_mixin.py:188} INFO - [2025-04-21T20:27:34.369+0000] {dag.py:3954} INFO - Setting next_dagrun for example_params_ui_tutorial to None, run_after=None
[2025-04-21T20:27:34.376+0000] {processor.py:183} INFO - Processing /home/airflow/.local/lib/python3.12/site-packages/airflow/example_dags/example_params_ui_tutorial.py took 0.043 seconds
[2025-04-21T20:29:31.673+0000] {processor.py:161} INFO - Started process (PID=94121) to work on /home/airflow/.local/lib/python3.12/site-packages/airflow/example_dags/example_params_ui_tutorial.py
[2025-04-21T20:29:31.673+0000] {processor.py:830} INFO - Processing file /home/airflow/.local/lib/python3.12/site-packages/airflow/example_dags/example_params_ui_tutorial.py for tasks to queue
[2025-04-21T20:29:31.674+0000] {logging_mixin.py:188} INFO - [2025-04-21T20:29:31.674+0000] {dagbag.py:545} INFO - Filling up the DagBag from /home/airflow/.local/lib/python3.12/site-packages/airflow/example_dags/example_params_ui_tutorial.py
[2025-04-21T20:29:31.687+0000] {processor.py:840} INFO - DAG(s) 'example_params_ui_tutorial' retrieved from /home/airflow/.local/lib/python3.12/site-packages/airflow/example_dags/example_params_ui_tutorial.py
[2025-04-21T20:29:31.720+0000] {logging_mixin.py:188} INFO - [2025-04-21T20:29:31.720+0000] {dag.py:3096} INFO - Sync 1 DAGs
[2025-04-21T20:29:31.726+0000] {logging_mixin.py:188} INFO - [2025-04-21T20:29:31.726+0000] {dag.py:3954} INFO - Setting next_dagrun for example_params_ui_tutorial to None, run_after=None
[2025-04-21T20:29:31.735+0000] {processor.py:183} INFO - Processing /home/airflow/.local/lib/python3.12/site-packages/airflow/example_dags/example_params_ui_tutorial.py took 0.065 seconds
[2025-04-21T20:30:51.084+0000] {processor.py:161} INFO - Started process (PID=94181) to work on /home/airflow/.local/lib/python3.12/site-packages/airflow/example_dags/example_params_ui_tutorial.py
[2025-04-21T20:30:51.085+0000] {processor.py:830} INFO - Processing file /home/airflow/.local/lib/python3.12/site-packages/airflow/example_dags/example_params_ui_tutorial.py for tasks to queue
[2025-04-21T20:30:51.086+0000] {logging_mixin.py:188} INFO - [2025-04-21T20:30:51.086+0000] {dagbag.py:545} INFO - Filling up the DagBag from /home/airflow/.local/lib/python3.12/site-packages/airflow/example_dags/example_params_ui_tutorial.py
[2025-04-21T20:30:51.092+0000] {processor.py:840} INFO - DAG(s) 'example_params_ui_tutorial' retrieved from /home/airflow/.local/lib/python3.12/site-packages/airflow/example_dags/example_params_ui_tutorial.py
[2025-04-21T20:30:51.114+0000] {logging_mixin.py:188} INFO - [2025-04-21T20:30:51.114+0000] {dag.py:3096} INFO - Sync 1 DAGs
[2025-04-21T20:30:51.122+0000] {logging_mixin.py:188} INFO - [2025-04-21T20:30:51.122+0000] {dag.py:3954} INFO - Setting next_dagrun for example_params_ui_tutorial to None, run_after=None
[2025-04-21T20:30:51.133+0000] {processor.py:183} INFO - Processing /home/airflow/.local/lib/python3.12/site-packages/airflow/example_dags/example_params_ui_tutorial.py took 0.053 seconds
[2025-04-21T20:31:32.408+0000] {processor.py:161} INFO - Started process (PID=94241) to work on /home/airflow/.local/lib/python3.12/site-packages/airflow/example_dags/example_params_ui_tutorial.py
[2025-04-21T20:31:32.409+0000] {processor.py:830} INFO - Processing file /home/airflow/.local/lib/python3.12/site-packages/airflow/example_dags/example_params_ui_tutorial.py for tasks to queue
[2025-04-21T20:31:32.410+0000] {logging_mixin.py:188} INFO - [2025-04-21T20:31:32.410+0000] {dagbag.py:545} INFO - Filling up the DagBag from /home/airflow/.local/lib/python3.12/site-packages/airflow/example_dags/example_params_ui_tutorial.py
[2025-04-21T20:31:32.423+0000] {processor.py:840} INFO - DAG(s) 'example_params_ui_tutorial' retrieved from /home/airflow/.local/lib/python3.12/site-packages/airflow/example_dags/example_params_ui_tutorial.py
[2025-04-21T20:31:32.448+0000] {logging_mixin.py:188} INFO - [2025-04-21T20:31:32.448+0000] {dag.py:3096} INFO - Sync 1 DAGs
[2025-04-21T20:31:32.455+0000] {logging_mixin.py:188} INFO - [2025-04-21T20:31:32.454+0000] {dag.py:3954} INFO - Setting next_dagrun for example_params_ui_tutorial to None, run_after=None
[2025-04-21T20:31:32.465+0000] {processor.py:183} INFO - Processing /home/airflow/.local/lib/python3.12/site-packages/airflow/example_dags/example_params_ui_tutorial.py took 0.060 seconds
[2025-04-21T20:32:07.661+0000] {processor.py:161} INFO - Started process (PID=94301) to work on /home/airflow/.local/lib/python3.12/site-packages/airflow/example_dags/example_params_ui_tutorial.py
[2025-04-21T20:32:07.661+0000] {processor.py:830} INFO - Processing file /home/airflow/.local/lib/python3.12/site-packages/airflow/example_dags/example_params_ui_tutorial.py for tasks to queue
[2025-04-21T20:32:07.662+0000] {logging_mixin.py:188} INFO - [2025-04-21T20:32:07.662+0000] {dagbag.py:545} INFO - Filling up the DagBag from /home/airflow/.local/lib/python3.12/site-packages/airflow/example_dags/example_params_ui_tutorial.py
[2025-04-21T20:32:07.668+0000] {processor.py:840} INFO - DAG(s) 'example_params_ui_tutorial' retrieved from /home/airflow/.local/lib/python3.12/site-packages/airflow/example_dags/example_params_ui_tutorial.py
[2025-04-21T20:32:07.692+0000] {logging_mixin.py:188} INFO - [2025-04-21T20:32:07.692+0000] {dag.py:3096} INFO - Sync 1 DAGs
[2025-04-21T20:32:07.698+0000] {logging_mixin.py:188} INFO - [2025-04-21T20:32:07.698+0000] {dag.py:3954} INFO - Setting next_dagrun for example_params_ui_tutorial to None, run_after=None
[2025-04-21T20:32:07.706+0000] {processor.py:183} INFO - Processing /home/airflow/.local/lib/python3.12/site-packages/airflow/example_dags/example_params_ui_tutorial.py took 0.049 seconds
[2025-04-21T20:33:32.430+0000] {processor.py:161} INFO - Started process (PID=94361) to work on /home/airflow/.local/lib/python3.12/site-packages/airflow/example_dags/example_params_ui_tutorial.py
[2025-04-21T20:33:32.430+0000] {processor.py:830} INFO - Processing file /home/airflow/.local/lib/python3.12/site-packages/airflow/example_dags/example_params_ui_tutorial.py for tasks to queue
[2025-04-21T20:33:32.431+0000] {logging_mixin.py:188} INFO - [2025-04-21T20:33:32.431+0000] {dagbag.py:545} INFO - Filling up the DagBag from /home/airflow/.local/lib/python3.12/site-packages/airflow/example_dags/example_params_ui_tutorial.py
[2025-04-21T20:33:32.437+0000] {processor.py:840} INFO - DAG(s) 'example_params_ui_tutorial' retrieved from /home/airflow/.local/lib/python3.12/site-packages/airflow/example_dags/example_params_ui_tutorial.py
[2025-04-21T20:33:32.464+0000] {logging_mixin.py:188} INFO - [2025-04-21T20:33:32.464+0000] {dag.py:3096} INFO - Sync 1 DAGs
[2025-04-21T20:33:32.472+0000] {logging_mixin.py:188} INFO - [2025-04-21T20:33:32.472+0000] {dag.py:3954} INFO - Setting next_dagrun for example_params_ui_tutorial to None, run_after=None
[2025-04-21T20:33:32.480+0000] {processor.py:183} INFO - Processing /home/airflow/.local/lib/python3.12/site-packages/airflow/example_dags/example_params_ui_tutorial.py took 0.053 seconds
[2025-04-21T20:34:54.792+0000] {processor.py:161} INFO - Started process (PID=94421) to work on /home/airflow/.local/lib/python3.12/site-packages/airflow/example_dags/example_params_ui_tutorial.py
[2025-04-21T20:34:54.792+0000] {processor.py:830} INFO - Processing file /home/airflow/.local/lib/python3.12/site-packages/airflow/example_dags/example_params_ui_tutorial.py for tasks to queue
[2025-04-21T20:34:54.793+0000] {logging_mixin.py:188} INFO - [2025-04-21T20:34:54.793+0000] {dagbag.py:545} INFO - Filling up the DagBag from /home/airflow/.local/lib/python3.12/site-packages/airflow/example_dags/example_params_ui_tutorial.py
[2025-04-21T20:34:54.799+0000] {processor.py:840} INFO - DAG(s) 'example_params_ui_tutorial' retrieved from /home/airflow/.local/lib/python3.12/site-packages/airflow/example_dags/example_params_ui_tutorial.py
[2025-04-21T20:34:54.821+0000] {logging_mixin.py:188} INFO - [2025-04-21T20:34:54.821+0000] {dag.py:3096} INFO - Sync 1 DAGs
[2025-04-21T20:34:54.828+0000] {logging_mixin.py:188} INFO - [2025-04-21T20:34:54.828+0000] {dag.py:3954} INFO - Setting next_dagrun for example_params_ui_tutorial to None, run_after=None
[2025-04-21T20:34:54.840+0000] {processor.py:183} INFO - Processing /home/airflow/.local/lib/python3.12/site-packages/airflow/example_dags/example_params_ui_tutorial.py took 0.051 seconds
[2025-04-21T20:36:08.082+0000] {processor.py:161} INFO - Started process (PID=94481) to work on /home/airflow/.local/lib/python3.12/site-packages/airflow/example_dags/example_params_ui_tutorial.py
[2025-04-21T20:36:08.083+0000] {processor.py:830} INFO - Processing file /home/airflow/.local/lib/python3.12/site-packages/airflow/example_dags/example_params_ui_tutorial.py for tasks to queue
[2025-04-21T20:36:08.084+0000] {logging_mixin.py:188} INFO - [2025-04-21T20:36:08.083+0000] {dagbag.py:545} INFO - Filling up the DagBag from /home/airflow/.local/lib/python3.12/site-packages/airflow/example_dags/example_params_ui_tutorial.py
[2025-04-21T20:36:08.090+0000] {processor.py:840} INFO - DAG(s) 'example_params_ui_tutorial' retrieved from /home/airflow/.local/lib/python3.12/site-packages/airflow/example_dags/example_params_ui_tutorial.py
[2025-04-21T20:36:08.114+0000] {logging_mixin.py:188} INFO - [2025-04-21T20:36:08.114+0000] {dag.py:3096} INFO - Sync 1 DAGs
[2025-04-21T20:36:08.119+0000] {logging_mixin.py:188} INFO - [2025-04-21T20:36:08.119+0000] {dag.py:3954} INFO - Setting next_dagrun for example_params_ui_tutorial to None, run_after=None
[2025-04-21T20:36:08.130+0000] {processor.py:183} INFO - Processing /home/airflow/.local/lib/python3.12/site-packages/airflow/example_dags/example_params_ui_tutorial.py took 0.051 seconds
[2025-04-21T20:37:29.588+0000] {processor.py:161} INFO - Started process (PID=94541) to work on /home/airflow/.local/lib/python3.12/site-packages/airflow/example_dags/example_params_ui_tutorial.py
[2025-04-21T20:37:29.588+0000] {processor.py:830} INFO - Processing file /home/airflow/.local/lib/python3.12/site-packages/airflow/example_dags/example_params_ui_tutorial.py for tasks to queue
[2025-04-21T20:37:29.589+0000] {logging_mixin.py:188} INFO - [2025-04-21T20:37:29.589+0000] {dagbag.py:545} INFO - Filling up the DagBag from /home/airflow/.local/lib/python3.12/site-packages/airflow/example_dags/example_params_ui_tutorial.py
[2025-04-21T20:37:29.595+0000] {processor.py:840} INFO - DAG(s) 'example_params_ui_tutorial' retrieved from /home/airflow/.local/lib/python3.12/site-packages/airflow/example_dags/example_params_ui_tutorial.py
[2025-04-21T20:37:29.618+0000] {logging_mixin.py:188} INFO - [2025-04-21T20:37:29.618+0000] {dag.py:3096} INFO - Sync 1 DAGs
[2025-04-21T20:37:29.624+0000] {logging_mixin.py:188} INFO - [2025-04-21T20:37:29.624+0000] {dag.py:3954} INFO - Setting next_dagrun for example_params_ui_tutorial to None, run_after=None
[2025-04-21T20:37:29.631+0000] {processor.py:183} INFO - Processing /home/airflow/.local/lib/python3.12/site-packages/airflow/example_dags/example_params_ui_tutorial.py took 0.047 seconds
[2025-04-21T20:40:16.228+0000] {processor.py:161} INFO - Started process (PID=94601) to work on /home/airflow/.local/lib/python3.12/site-packages/airflow/example_dags/example_params_ui_tutorial.py
[2025-04-21T20:40:16.229+0000] {processor.py:830} INFO - Processing file /home/airflow/.local/lib/python3.12/site-packages/airflow/example_dags/example_params_ui_tutorial.py for tasks to queue
[2025-04-21T20:40:16.229+0000] {logging_mixin.py:188} INFO - [2025-04-21T20:40:16.229+0000] {dagbag.py:545} INFO - Filling up the DagBag from /home/airflow/.local/lib/python3.12/site-packages/airflow/example_dags/example_params_ui_tutorial.py
[2025-04-21T20:40:16.236+0000] {processor.py:840} INFO - DAG(s) 'example_params_ui_tutorial' retrieved from /home/airflow/.local/lib/python3.12/site-packages/airflow/example_dags/example_params_ui_tutorial.py
[2025-04-21T20:40:16.262+0000] {logging_mixin.py:188} INFO - [2025-04-21T20:40:16.262+0000] {dag.py:3096} INFO - Sync 1 DAGs
[2025-04-21T20:40:16.268+0000] {logging_mixin.py:188} INFO - [2025-04-21T20:40:16.268+0000] {dag.py:3954} INFO - Setting next_dagrun for example_params_ui_tutorial to None, run_after=None
[2025-04-21T20:40:16.284+0000] {processor.py:183} INFO - Processing /home/airflow/.local/lib/python3.12/site-packages/airflow/example_dags/example_params_ui_tutorial.py took 0.059 seconds
[2025-04-21T20:41:06.159+0000] {processor.py:161} INFO - Started process (PID=94661) to work on /home/airflow/.local/lib/python3.12/site-packages/airflow/example_dags/example_params_ui_tutorial.py
[2025-04-21T20:41:06.160+0000] {processor.py:830} INFO - Processing file /home/airflow/.local/lib/python3.12/site-packages/airflow/example_dags/example_params_ui_tutorial.py for tasks to queue
[2025-04-21T20:41:06.160+0000] {logging_mixin.py:188} INFO - [2025-04-21T20:41:06.160+0000] {dagbag.py:545} INFO - Filling up the DagBag from /home/airflow/.local/lib/python3.12/site-packages/airflow/example_dags/example_params_ui_tutorial.py
[2025-04-21T20:41:06.166+0000] {processor.py:840} INFO - DAG(s) 'example_params_ui_tutorial' retrieved from /home/airflow/.local/lib/python3.12/site-packages/airflow/example_dags/example_params_ui_tutorial.py
[2025-04-21T20:41:06.187+0000] {logging_mixin.py:188} INFO - [2025-04-21T20:41:06.187+0000] {dag.py:3096} INFO - Sync 1 DAGs
[2025-04-21T20:41:06.192+0000] {logging_mixin.py:188} INFO - [2025-04-21T20:41:06.192+0000] {dag.py:3954} INFO - Setting next_dagrun for example_params_ui_tutorial to None, run_after=None
[2025-04-21T20:41:06.199+0000] {processor.py:183} INFO - Processing /home/airflow/.local/lib/python3.12/site-packages/airflow/example_dags/example_params_ui_tutorial.py took 0.043 seconds
[2025-04-21T20:41:48.925+0000] {processor.py:161} INFO - Started process (PID=94721) to work on /home/airflow/.local/lib/python3.12/site-packages/airflow/example_dags/example_params_ui_tutorial.py
[2025-04-21T20:41:48.925+0000] {processor.py:830} INFO - Processing file /home/airflow/.local/lib/python3.12/site-packages/airflow/example_dags/example_params_ui_tutorial.py for tasks to queue
[2025-04-21T20:41:48.926+0000] {logging_mixin.py:188} INFO - [2025-04-21T20:41:48.926+0000] {dagbag.py:545} INFO - Filling up the DagBag from /home/airflow/.local/lib/python3.12/site-packages/airflow/example_dags/example_params_ui_tutorial.py
[2025-04-21T20:41:48.933+0000] {processor.py:840} INFO - DAG(s) 'example_params_ui_tutorial' retrieved from /home/airflow/.local/lib/python3.12/site-packages/airflow/example_dags/example_params_ui_tutorial.py
[2025-04-21T20:41:48.960+0000] {logging_mixin.py:188} INFO - [2025-04-21T20:41:48.960+0000] {dag.py:3096} INFO - Sync 1 DAGs
[2025-04-21T20:41:48.967+0000] {logging_mixin.py:188} INFO - [2025-04-21T20:41:48.967+0000] {dag.py:3954} INFO - Setting next_dagrun for example_params_ui_tutorial to None, run_after=None
[2025-04-21T20:41:48.982+0000] {processor.py:183} INFO - Processing /home/airflow/.local/lib/python3.12/site-packages/airflow/example_dags/example_params_ui_tutorial.py took 0.060 seconds
[2025-04-21T20:42:34.016+0000] {processor.py:161} INFO - Started process (PID=94781) to work on /home/airflow/.local/lib/python3.12/site-packages/airflow/example_dags/example_params_ui_tutorial.py
[2025-04-21T20:42:34.017+0000] {processor.py:830} INFO - Processing file /home/airflow/.local/lib/python3.12/site-packages/airflow/example_dags/example_params_ui_tutorial.py for tasks to queue
[2025-04-21T20:42:34.018+0000] {logging_mixin.py:188} INFO - [2025-04-21T20:42:34.018+0000] {dagbag.py:545} INFO - Filling up the DagBag from /home/airflow/.local/lib/python3.12/site-packages/airflow/example_dags/example_params_ui_tutorial.py
[2025-04-21T20:42:34.025+0000] {processor.py:840} INFO - DAG(s) 'example_params_ui_tutorial' retrieved from /home/airflow/.local/lib/python3.12/site-packages/airflow/example_dags/example_params_ui_tutorial.py
[2025-04-21T20:42:34.050+0000] {logging_mixin.py:188} INFO - [2025-04-21T20:42:34.049+0000] {dag.py:3096} INFO - Sync 1 DAGs
[2025-04-21T20:42:34.057+0000] {logging_mixin.py:188} INFO - [2025-04-21T20:42:34.056+0000] {dag.py:3954} INFO - Setting next_dagrun for example_params_ui_tutorial to None, run_after=None
[2025-04-21T20:42:34.068+0000] {processor.py:183} INFO - Processing /home/airflow/.local/lib/python3.12/site-packages/airflow/example_dags/example_params_ui_tutorial.py took 0.055 seconds
[2025-04-21T20:43:36.979+0000] {processor.py:161} INFO - Started process (PID=94841) to work on /home/airflow/.local/lib/python3.12/site-packages/airflow/example_dags/example_params_ui_tutorial.py
[2025-04-21T20:43:36.979+0000] {processor.py:830} INFO - Processing file /home/airflow/.local/lib/python3.12/site-packages/airflow/example_dags/example_params_ui_tutorial.py for tasks to queue
[2025-04-21T20:43:36.980+0000] {logging_mixin.py:188} INFO - [2025-04-21T20:43:36.980+0000] {dagbag.py:545} INFO - Filling up the DagBag from /home/airflow/.local/lib/python3.12/site-packages/airflow/example_dags/example_params_ui_tutorial.py
[2025-04-21T20:43:36.987+0000] {processor.py:840} INFO - DAG(s) 'example_params_ui_tutorial' retrieved from /home/airflow/.local/lib/python3.12/site-packages/airflow/example_dags/example_params_ui_tutorial.py
[2025-04-21T20:43:37.010+0000] {logging_mixin.py:188} INFO - [2025-04-21T20:43:37.009+0000] {dag.py:3096} INFO - Sync 1 DAGs
[2025-04-21T20:43:37.015+0000] {logging_mixin.py:188} INFO - [2025-04-21T20:43:37.015+0000] {dag.py:3954} INFO - Setting next_dagrun for example_params_ui_tutorial to None, run_after=None
[2025-04-21T20:43:37.022+0000] {processor.py:183} INFO - Processing /home/airflow/.local/lib/python3.12/site-packages/airflow/example_dags/example_params_ui_tutorial.py took 0.046 seconds
[2025-04-21T20:44:40.968+0000] {processor.py:161} INFO - Started process (PID=94901) to work on /home/airflow/.local/lib/python3.12/site-packages/airflow/example_dags/example_params_ui_tutorial.py
[2025-04-21T20:44:40.969+0000] {processor.py:830} INFO - Processing file /home/airflow/.local/lib/python3.12/site-packages/airflow/example_dags/example_params_ui_tutorial.py for tasks to queue
[2025-04-21T20:44:40.970+0000] {logging_mixin.py:188} INFO - [2025-04-21T20:44:40.970+0000] {dagbag.py:545} INFO - Filling up the DagBag from /home/airflow/.local/lib/python3.12/site-packages/airflow/example_dags/example_params_ui_tutorial.py
[2025-04-21T20:44:40.976+0000] {processor.py:840} INFO - DAG(s) 'example_params_ui_tutorial' retrieved from /home/airflow/.local/lib/python3.12/site-packages/airflow/example_dags/example_params_ui_tutorial.py
[2025-04-21T20:44:41.003+0000] {logging_mixin.py:188} INFO - [2025-04-21T20:44:41.003+0000] {dag.py:3096} INFO - Sync 1 DAGs
[2025-04-21T20:44:41.009+0000] {logging_mixin.py:188} INFO - [2025-04-21T20:44:41.009+0000] {dag.py:3954} INFO - Setting next_dagrun for example_params_ui_tutorial to None, run_after=None
[2025-04-21T20:44:41.018+0000] {processor.py:183} INFO - Processing /home/airflow/.local/lib/python3.12/site-packages/airflow/example_dags/example_params_ui_tutorial.py took 0.054 seconds
[2025-04-21T20:45:22.454+0000] {processor.py:161} INFO - Started process (PID=94961) to work on /home/airflow/.local/lib/python3.12/site-packages/airflow/example_dags/example_params_ui_tutorial.py
[2025-04-21T20:45:22.454+0000] {processor.py:830} INFO - Processing file /home/airflow/.local/lib/python3.12/site-packages/airflow/example_dags/example_params_ui_tutorial.py for tasks to queue
[2025-04-21T20:45:22.456+0000] {logging_mixin.py:188} INFO - [2025-04-21T20:45:22.456+0000] {dagbag.py:545} INFO - Filling up the DagBag from /home/airflow/.local/lib/python3.12/site-packages/airflow/example_dags/example_params_ui_tutorial.py
[2025-04-21T20:45:22.462+0000] {processor.py:840} INFO - DAG(s) 'example_params_ui_tutorial' retrieved from /home/airflow/.local/lib/python3.12/site-packages/airflow/example_dags/example_params_ui_tutorial.py
[2025-04-21T20:45:22.491+0000] {logging_mixin.py:188} INFO - [2025-04-21T20:45:22.491+0000] {dag.py:3096} INFO - Sync 1 DAGs
[2025-04-21T20:45:22.502+0000] {logging_mixin.py:188} INFO - [2025-04-21T20:45:22.502+0000] {dag.py:3954} INFO - Setting next_dagrun for example_params_ui_tutorial to None, run_after=None
[2025-04-21T20:45:22.511+0000] {processor.py:183} INFO - Processing /home/airflow/.local/lib/python3.12/site-packages/airflow/example_dags/example_params_ui_tutorial.py took 0.061 seconds
[2025-04-21T20:50:35.102+0000] {processor.py:161} INFO - Started process (PID=95021) to work on /home/airflow/.local/lib/python3.12/site-packages/airflow/example_dags/example_params_ui_tutorial.py
[2025-04-21T20:50:35.102+0000] {processor.py:830} INFO - Processing file /home/airflow/.local/lib/python3.12/site-packages/airflow/example_dags/example_params_ui_tutorial.py for tasks to queue
[2025-04-21T20:50:35.103+0000] {logging_mixin.py:188} INFO - [2025-04-21T20:50:35.103+0000] {dagbag.py:545} INFO - Filling up the DagBag from /home/airflow/.local/lib/python3.12/site-packages/airflow/example_dags/example_params_ui_tutorial.py
[2025-04-21T20:50:35.110+0000] {processor.py:840} INFO - DAG(s) 'example_params_ui_tutorial' retrieved from /home/airflow/.local/lib/python3.12/site-packages/airflow/example_dags/example_params_ui_tutorial.py
[2025-04-21T20:50:35.138+0000] {logging_mixin.py:188} INFO - [2025-04-21T20:50:35.138+0000] {dag.py:3096} INFO - Sync 1 DAGs
[2025-04-21T20:50:35.144+0000] {logging_mixin.py:188} INFO - [2025-04-21T20:50:35.143+0000] {dag.py:3954} INFO - Setting next_dagrun for example_params_ui_tutorial to None, run_after=None
[2025-04-21T20:50:35.156+0000] {processor.py:183} INFO - Processing /home/airflow/.local/lib/python3.12/site-packages/airflow/example_dags/example_params_ui_tutorial.py took 0.056 seconds
[2025-04-21T20:51:05.301+0000] {processor.py:161} INFO - Started process (PID=95079) to work on /home/airflow/.local/lib/python3.12/site-packages/airflow/example_dags/example_params_ui_tutorial.py
[2025-04-21T20:51:05.303+0000] {processor.py:830} INFO - Processing file /home/airflow/.local/lib/python3.12/site-packages/airflow/example_dags/example_params_ui_tutorial.py for tasks to queue
[2025-04-21T20:51:05.305+0000] {logging_mixin.py:188} INFO - [2025-04-21T20:51:05.305+0000] {dagbag.py:545} INFO - Filling up the DagBag from /home/airflow/.local/lib/python3.12/site-packages/airflow/example_dags/example_params_ui_tutorial.py
[2025-04-21T20:51:05.312+0000] {processor.py:840} INFO - DAG(s) 'example_params_ui_tutorial' retrieved from /home/airflow/.local/lib/python3.12/site-packages/airflow/example_dags/example_params_ui_tutorial.py
[2025-04-21T20:51:05.343+0000] {logging_mixin.py:188} INFO - [2025-04-21T20:51:05.343+0000] {dag.py:3096} INFO - Sync 1 DAGs
[2025-04-21T20:51:05.350+0000] {logging_mixin.py:188} INFO - [2025-04-21T20:51:05.350+0000] {dag.py:3954} INFO - Setting next_dagrun for example_params_ui_tutorial to None, run_after=None
[2025-04-21T20:51:05.363+0000] {processor.py:183} INFO - Processing /home/airflow/.local/lib/python3.12/site-packages/airflow/example_dags/example_params_ui_tutorial.py took 0.066 seconds
[2025-04-21T20:56:18.732+0000] {processor.py:161} INFO - Started process (PID=95141) to work on /home/airflow/.local/lib/python3.12/site-packages/airflow/example_dags/example_params_ui_tutorial.py
[2025-04-21T20:56:18.733+0000] {processor.py:830} INFO - Processing file /home/airflow/.local/lib/python3.12/site-packages/airflow/example_dags/example_params_ui_tutorial.py for tasks to queue
[2025-04-21T20:56:18.734+0000] {logging_mixin.py:188} INFO - [2025-04-21T20:56:18.734+0000] {dagbag.py:545} INFO - Filling up the DagBag from /home/airflow/.local/lib/python3.12/site-packages/airflow/example_dags/example_params_ui_tutorial.py
[2025-04-21T20:56:18.740+0000] {processor.py:840} INFO - DAG(s) 'example_params_ui_tutorial' retrieved from /home/airflow/.local/lib/python3.12/site-packages/airflow/example_dags/example_params_ui_tutorial.py
[2025-04-21T20:56:18.761+0000] {logging_mixin.py:188} INFO - [2025-04-21T20:56:18.761+0000] {dag.py:3096} INFO - Sync 1 DAGs
[2025-04-21T20:56:18.766+0000] {logging_mixin.py:188} INFO - [2025-04-21T20:56:18.766+0000] {dag.py:3954} INFO - Setting next_dagrun for example_params_ui_tutorial to None, run_after=None
[2025-04-21T20:56:18.774+0000] {processor.py:183} INFO - Processing /home/airflow/.local/lib/python3.12/site-packages/airflow/example_dags/example_params_ui_tutorial.py took 0.045 seconds
[2025-04-21T21:46:40.173+0000] {processor.py:161} INFO - Started process (PID=95201) to work on /home/airflow/.local/lib/python3.12/site-packages/airflow/example_dags/example_params_ui_tutorial.py
[2025-04-21T21:46:40.173+0000] {processor.py:830} INFO - Processing file /home/airflow/.local/lib/python3.12/site-packages/airflow/example_dags/example_params_ui_tutorial.py for tasks to queue
[2025-04-21T21:46:40.174+0000] {logging_mixin.py:188} INFO - [2025-04-21T21:46:40.174+0000] {dagbag.py:545} INFO - Filling up the DagBag from /home/airflow/.local/lib/python3.12/site-packages/airflow/example_dags/example_params_ui_tutorial.py
[2025-04-21T21:46:40.180+0000] {processor.py:840} INFO - DAG(s) 'example_params_ui_tutorial' retrieved from /home/airflow/.local/lib/python3.12/site-packages/airflow/example_dags/example_params_ui_tutorial.py
[2025-04-21T21:46:40.201+0000] {logging_mixin.py:188} INFO - [2025-04-21T21:46:40.201+0000] {dag.py:3096} INFO - Sync 1 DAGs
[2025-04-21T21:46:40.206+0000] {logging_mixin.py:188} INFO - [2025-04-21T21:46:40.206+0000] {dag.py:3954} INFO - Setting next_dagrun for example_params_ui_tutorial to None, run_after=None
[2025-04-21T21:46:40.213+0000] {processor.py:183} INFO - Processing /home/airflow/.local/lib/python3.12/site-packages/airflow/example_dags/example_params_ui_tutorial.py took 0.043 seconds
[2025-04-21T21:47:10.462+0000] {processor.py:161} INFO - Started process (PID=95259) to work on /home/airflow/.local/lib/python3.12/site-packages/airflow/example_dags/example_params_ui_tutorial.py
[2025-04-21T21:47:10.465+0000] {processor.py:830} INFO - Processing file /home/airflow/.local/lib/python3.12/site-packages/airflow/example_dags/example_params_ui_tutorial.py for tasks to queue
[2025-04-21T21:47:10.467+0000] {logging_mixin.py:188} INFO - [2025-04-21T21:47:10.467+0000] {dagbag.py:545} INFO - Filling up the DagBag from /home/airflow/.local/lib/python3.12/site-packages/airflow/example_dags/example_params_ui_tutorial.py
[2025-04-21T21:47:10.476+0000] {processor.py:840} INFO - DAG(s) 'example_params_ui_tutorial' retrieved from /home/airflow/.local/lib/python3.12/site-packages/airflow/example_dags/example_params_ui_tutorial.py
[2025-04-21T21:47:10.519+0000] {logging_mixin.py:188} INFO - [2025-04-21T21:47:10.519+0000] {dag.py:3096} INFO - Sync 1 DAGs
[2025-04-21T21:47:10.529+0000] {logging_mixin.py:188} INFO - [2025-04-21T21:47:10.529+0000] {dag.py:3954} INFO - Setting next_dagrun for example_params_ui_tutorial to None, run_after=None
[2025-04-21T21:47:10.543+0000] {processor.py:183} INFO - Processing /home/airflow/.local/lib/python3.12/site-packages/airflow/example_dags/example_params_ui_tutorial.py took 0.085 seconds
[2025-04-21T21:52:23.285+0000] {processor.py:161} INFO - Started process (PID=95321) to work on /home/airflow/.local/lib/python3.12/site-packages/airflow/example_dags/example_params_ui_tutorial.py
[2025-04-21T21:52:23.286+0000] {processor.py:830} INFO - Processing file /home/airflow/.local/lib/python3.12/site-packages/airflow/example_dags/example_params_ui_tutorial.py for tasks to queue
[2025-04-21T21:52:23.288+0000] {logging_mixin.py:188} INFO - [2025-04-21T21:52:23.287+0000] {dagbag.py:545} INFO - Filling up the DagBag from /home/airflow/.local/lib/python3.12/site-packages/airflow/example_dags/example_params_ui_tutorial.py
[2025-04-21T21:52:23.294+0000] {processor.py:840} INFO - DAG(s) 'example_params_ui_tutorial' retrieved from /home/airflow/.local/lib/python3.12/site-packages/airflow/example_dags/example_params_ui_tutorial.py
[2025-04-21T21:52:23.319+0000] {logging_mixin.py:188} INFO - [2025-04-21T21:52:23.319+0000] {dag.py:3096} INFO - Sync 1 DAGs
[2025-04-21T21:52:23.325+0000] {logging_mixin.py:188} INFO - [2025-04-21T21:52:23.324+0000] {dag.py:3954} INFO - Setting next_dagrun for example_params_ui_tutorial to None, run_after=None
[2025-04-21T21:52:23.333+0000] {processor.py:183} INFO - Processing /home/airflow/.local/lib/python3.12/site-packages/airflow/example_dags/example_params_ui_tutorial.py took 0.051 seconds
[2025-04-21T21:57:35.941+0000] {processor.py:161} INFO - Started process (PID=95381) to work on /home/airflow/.local/lib/python3.12/site-packages/airflow/example_dags/example_params_ui_tutorial.py
[2025-04-21T21:57:35.942+0000] {processor.py:830} INFO - Processing file /home/airflow/.local/lib/python3.12/site-packages/airflow/example_dags/example_params_ui_tutorial.py for tasks to queue
[2025-04-21T21:57:35.943+0000] {logging_mixin.py:188} INFO - [2025-04-21T21:57:35.943+0000] {dagbag.py:545} INFO - Filling up the DagBag from /home/airflow/.local/lib/python3.12/site-packages/airflow/example_dags/example_params_ui_tutorial.py
[2025-04-21T21:57:35.949+0000] {processor.py:840} INFO - DAG(s) 'example_params_ui_tutorial' retrieved from /home/airflow/.local/lib/python3.12/site-packages/airflow/example_dags/example_params_ui_tutorial.py
[2025-04-21T21:57:35.972+0000] {logging_mixin.py:188} INFO - [2025-04-21T21:57:35.971+0000] {dag.py:3096} INFO - Sync 1 DAGs
[2025-04-21T21:57:35.977+0000] {logging_mixin.py:188} INFO - [2025-04-21T21:57:35.977+0000] {dag.py:3954} INFO - Setting next_dagrun for example_params_ui_tutorial to None, run_after=None
[2025-04-21T21:57:35.985+0000] {processor.py:183} INFO - Processing /home/airflow/.local/lib/python3.12/site-packages/airflow/example_dags/example_params_ui_tutorial.py took 0.046 seconds
[2025-04-21T22:02:48.966+0000] {processor.py:161} INFO - Started process (PID=95441) to work on /home/airflow/.local/lib/python3.12/site-packages/airflow/example_dags/example_params_ui_tutorial.py
[2025-04-21T22:02:48.969+0000] {processor.py:830} INFO - Processing file /home/airflow/.local/lib/python3.12/site-packages/airflow/example_dags/example_params_ui_tutorial.py for tasks to queue
[2025-04-21T22:02:48.973+0000] {logging_mixin.py:188} INFO - [2025-04-21T22:02:48.973+0000] {dagbag.py:545} INFO - Filling up the DagBag from /home/airflow/.local/lib/python3.12/site-packages/airflow/example_dags/example_params_ui_tutorial.py
[2025-04-21T22:02:48.985+0000] {processor.py:840} INFO - DAG(s) 'example_params_ui_tutorial' retrieved from /home/airflow/.local/lib/python3.12/site-packages/airflow/example_dags/example_params_ui_tutorial.py
[2025-04-21T22:02:49.031+0000] {logging_mixin.py:188} INFO - [2025-04-21T22:02:49.031+0000] {dag.py:3096} INFO - Sync 1 DAGs
[2025-04-21T22:02:49.038+0000] {logging_mixin.py:188} INFO - [2025-04-21T22:02:49.038+0000] {dag.py:3954} INFO - Setting next_dagrun for example_params_ui_tutorial to None, run_after=None
[2025-04-21T22:02:49.058+0000] {processor.py:183} INFO - Processing /home/airflow/.local/lib/python3.12/site-packages/airflow/example_dags/example_params_ui_tutorial.py took 0.100 seconds
[2025-04-21T22:03:19.600+0000] {processor.py:161} INFO - Started process (PID=95501) to work on /home/airflow/.local/lib/python3.12/site-packages/airflow/example_dags/example_params_ui_tutorial.py
[2025-04-21T22:03:19.600+0000] {processor.py:830} INFO - Processing file /home/airflow/.local/lib/python3.12/site-packages/airflow/example_dags/example_params_ui_tutorial.py for tasks to queue
[2025-04-21T22:03:19.601+0000] {logging_mixin.py:188} INFO - [2025-04-21T22:03:19.601+0000] {dagbag.py:545} INFO - Filling up the DagBag from /home/airflow/.local/lib/python3.12/site-packages/airflow/example_dags/example_params_ui_tutorial.py
[2025-04-21T22:03:19.609+0000] {processor.py:840} INFO - DAG(s) 'example_params_ui_tutorial' retrieved from /home/airflow/.local/lib/python3.12/site-packages/airflow/example_dags/example_params_ui_tutorial.py
[2025-04-21T22:03:19.676+0000] {logging_mixin.py:188} INFO - [2025-04-21T22:03:19.675+0000] {dag.py:3096} INFO - Sync 1 DAGs
[2025-04-21T22:03:19.690+0000] {logging_mixin.py:188} INFO - [2025-04-21T22:03:19.690+0000] {dag.py:3954} INFO - Setting next_dagrun for example_params_ui_tutorial to None, run_after=None
[2025-04-21T22:03:19.706+0000] {processor.py:183} INFO - Processing /home/airflow/.local/lib/python3.12/site-packages/airflow/example_dags/example_params_ui_tutorial.py took 0.111 seconds
[2025-04-21T22:11:05.537+0000] {processor.py:161} INFO - Started process (PID=95561) to work on /home/airflow/.local/lib/python3.12/site-packages/airflow/example_dags/example_params_ui_tutorial.py
[2025-04-21T22:11:05.538+0000] {processor.py:830} INFO - Processing file /home/airflow/.local/lib/python3.12/site-packages/airflow/example_dags/example_params_ui_tutorial.py for tasks to queue
[2025-04-21T22:11:05.540+0000] {logging_mixin.py:188} INFO - [2025-04-21T22:11:05.540+0000] {dagbag.py:545} INFO - Filling up the DagBag from /home/airflow/.local/lib/python3.12/site-packages/airflow/example_dags/example_params_ui_tutorial.py
[2025-04-21T22:11:05.551+0000] {processor.py:840} INFO - DAG(s) 'example_params_ui_tutorial' retrieved from /home/airflow/.local/lib/python3.12/site-packages/airflow/example_dags/example_params_ui_tutorial.py
[2025-04-21T22:11:05.635+0000] {logging_mixin.py:188} INFO - [2025-04-21T22:11:05.634+0000] {dag.py:3096} INFO - Sync 1 DAGs
[2025-04-21T22:11:05.671+0000] {logging_mixin.py:188} INFO - [2025-04-21T22:11:05.671+0000] {dag.py:3954} INFO - Setting next_dagrun for example_params_ui_tutorial to None, run_after=None
[2025-04-21T22:11:05.715+0000] {processor.py:183} INFO - Processing /home/airflow/.local/lib/python3.12/site-packages/airflow/example_dags/example_params_ui_tutorial.py took 0.188 seconds
[2025-04-21T22:16:18.734+0000] {processor.py:161} INFO - Started process (PID=95621) to work on /home/airflow/.local/lib/python3.12/site-packages/airflow/example_dags/example_params_ui_tutorial.py
[2025-04-21T22:16:18.735+0000] {processor.py:830} INFO - Processing file /home/airflow/.local/lib/python3.12/site-packages/airflow/example_dags/example_params_ui_tutorial.py for tasks to queue
[2025-04-21T22:16:18.737+0000] {logging_mixin.py:188} INFO - [2025-04-21T22:16:18.737+0000] {dagbag.py:545} INFO - Filling up the DagBag from /home/airflow/.local/lib/python3.12/site-packages/airflow/example_dags/example_params_ui_tutorial.py
[2025-04-21T22:16:18.752+0000] {processor.py:840} INFO - DAG(s) 'example_params_ui_tutorial' retrieved from /home/airflow/.local/lib/python3.12/site-packages/airflow/example_dags/example_params_ui_tutorial.py
[2025-04-21T22:16:18.812+0000] {logging_mixin.py:188} INFO - [2025-04-21T22:16:18.812+0000] {dag.py:3096} INFO - Sync 1 DAGs
[2025-04-21T22:16:18.829+0000] {logging_mixin.py:188} INFO - [2025-04-21T22:16:18.828+0000] {dag.py:3954} INFO - Setting next_dagrun for example_params_ui_tutorial to None, run_after=None
[2025-04-21T22:16:18.851+0000] {processor.py:183} INFO - Processing /home/airflow/.local/lib/python3.12/site-packages/airflow/example_dags/example_params_ui_tutorial.py took 0.125 seconds
[2025-04-21T22:34:10.107+0000] {processor.py:161} INFO - Started process (PID=95681) to work on /home/airflow/.local/lib/python3.12/site-packages/airflow/example_dags/example_params_ui_tutorial.py
[2025-04-21T22:34:10.107+0000] {processor.py:830} INFO - Processing file /home/airflow/.local/lib/python3.12/site-packages/airflow/example_dags/example_params_ui_tutorial.py for tasks to queue
[2025-04-21T22:34:10.108+0000] {logging_mixin.py:188} INFO - [2025-04-21T22:34:10.108+0000] {dagbag.py:545} INFO - Filling up the DagBag from /home/airflow/.local/lib/python3.12/site-packages/airflow/example_dags/example_params_ui_tutorial.py
[2025-04-21T22:34:10.114+0000] {processor.py:840} INFO - DAG(s) 'example_params_ui_tutorial' retrieved from /home/airflow/.local/lib/python3.12/site-packages/airflow/example_dags/example_params_ui_tutorial.py
[2025-04-21T22:34:10.138+0000] {logging_mixin.py:188} INFO - [2025-04-21T22:34:10.137+0000] {dag.py:3096} INFO - Sync 1 DAGs
[2025-04-21T22:34:10.145+0000] {logging_mixin.py:188} INFO - [2025-04-21T22:34:10.144+0000] {dag.py:3954} INFO - Setting next_dagrun for example_params_ui_tutorial to None, run_after=None
[2025-04-21T22:34:10.152+0000] {processor.py:183} INFO - Processing /home/airflow/.local/lib/python3.12/site-packages/airflow/example_dags/example_params_ui_tutorial.py took 0.048 seconds
[2025-04-21T22:39:22.643+0000] {processor.py:161} INFO - Started process (PID=95741) to work on /home/airflow/.local/lib/python3.12/site-packages/airflow/example_dags/example_params_ui_tutorial.py
[2025-04-21T22:39:22.646+0000] {processor.py:830} INFO - Processing file /home/airflow/.local/lib/python3.12/site-packages/airflow/example_dags/example_params_ui_tutorial.py for tasks to queue
[2025-04-21T22:39:22.649+0000] {logging_mixin.py:188} INFO - [2025-04-21T22:39:22.649+0000] {dagbag.py:545} INFO - Filling up the DagBag from /home/airflow/.local/lib/python3.12/site-packages/airflow/example_dags/example_params_ui_tutorial.py
[2025-04-21T22:39:22.709+0000] {processor.py:840} INFO - DAG(s) 'example_params_ui_tutorial' retrieved from /home/airflow/.local/lib/python3.12/site-packages/airflow/example_dags/example_params_ui_tutorial.py
[2025-04-21T22:39:22.919+0000] {logging_mixin.py:188} INFO - [2025-04-21T22:39:22.918+0000] {dag.py:3096} INFO - Sync 1 DAGs
[2025-04-21T22:39:22.939+0000] {logging_mixin.py:188} INFO - [2025-04-21T22:39:22.939+0000] {dag.py:3954} INFO - Setting next_dagrun for example_params_ui_tutorial to None, run_after=None
[2025-04-21T22:39:22.955+0000] {processor.py:183} INFO - Processing /home/airflow/.local/lib/python3.12/site-packages/airflow/example_dags/example_params_ui_tutorial.py took 0.317 seconds
