[2025-04-21T00:38:23.664+0000] {processor.py:161} INFO - Started process (PID=91359) to work on /home/airflow/.local/lib/python3.12/site-packages/airflow/example_dags/example_params_trigger_ui.py
[2025-04-21T00:38:23.665+0000] {processor.py:830} INFO - Processing file /home/airflow/.local/lib/python3.12/site-packages/airflow/example_dags/example_params_trigger_ui.py for tasks to queue
[2025-04-21T00:38:23.666+0000] {logging_mixin.py:188} INFO - [2025-04-21T00:38:23.666+0000] {dagbag.py:545} INFO - Filling up the DagBag from /home/airflow/.local/lib/python3.12/site-packages/airflow/example_dags/example_params_trigger_ui.py
[2025-04-21T00:38:23.673+0000] {processor.py:840} INFO - DAG(s) 'example_params_trigger_ui' retrieved from /home/airflow/.local/lib/python3.12/site-packages/airflow/example_dags/example_params_trigger_ui.py
[2025-04-21T00:38:23.691+0000] {logging_mixin.py:188} INFO - [2025-04-21T00:38:23.691+0000] {dag.py:3096} INFO - Sync 1 DAGs
[2025-04-21T00:38:23.696+0000] {logging_mixin.py:188} INFO - [2025-04-21T00:38:23.696+0000] {dag.py:3954} INFO - Setting next_dagrun for example_params_trigger_ui to None, run_after=None
[2025-04-21T00:38:23.705+0000] {processor.py:183} INFO - Processing /home/airflow/.local/lib/python3.12/site-packages/airflow/example_dags/example_params_trigger_ui.py took 0.044 seconds
[2025-04-21T01:37:13.876+0000] {processor.py:161} INFO - Started process (PID=91419) to work on /home/airflow/.local/lib/python3.12/site-packages/airflow/example_dags/example_params_trigger_ui.py
[2025-04-21T01:37:13.877+0000] {processor.py:830} INFO - Processing file /home/airflow/.local/lib/python3.12/site-packages/airflow/example_dags/example_params_trigger_ui.py for tasks to queue
[2025-04-21T01:37:13.878+0000] {logging_mixin.py:188} INFO - [2025-04-21T01:37:13.878+0000] {dagbag.py:545} INFO - Filling up the DagBag from /home/airflow/.local/lib/python3.12/site-packages/airflow/example_dags/example_params_trigger_ui.py
[2025-04-21T01:37:13.884+0000] {processor.py:840} INFO - DAG(s) 'example_params_trigger_ui' retrieved from /home/airflow/.local/lib/python3.12/site-packages/airflow/example_dags/example_params_trigger_ui.py
[2025-04-21T01:37:13.901+0000] {logging_mixin.py:188} INFO - [2025-04-21T01:37:13.901+0000] {dag.py:3096} INFO - Sync 1 DAGs
[2025-04-21T01:37:13.907+0000] {logging_mixin.py:188} INFO - [2025-04-21T01:37:13.907+0000] {dag.py:3954} INFO - Setting next_dagrun for example_params_trigger_ui to None, run_after=None
[2025-04-21T01:37:13.914+0000] {processor.py:183} INFO - Processing /home/airflow/.local/lib/python3.12/site-packages/airflow/example_dags/example_params_trigger_ui.py took 0.040 seconds
[2025-04-21T01:37:44.102+0000] {processor.py:161} INFO - Started process (PID=91476) to work on /home/airflow/.local/lib/python3.12/site-packages/airflow/example_dags/example_params_trigger_ui.py
[2025-04-21T01:37:44.102+0000] {processor.py:830} INFO - Processing file /home/airflow/.local/lib/python3.12/site-packages/airflow/example_dags/example_params_trigger_ui.py for tasks to queue
[2025-04-21T01:37:44.103+0000] {logging_mixin.py:188} INFO - [2025-04-21T01:37:44.103+0000] {dagbag.py:545} INFO - Filling up the DagBag from /home/airflow/.local/lib/python3.12/site-packages/airflow/example_dags/example_params_trigger_ui.py
[2025-04-21T01:37:44.110+0000] {processor.py:840} INFO - DAG(s) 'example_params_trigger_ui' retrieved from /home/airflow/.local/lib/python3.12/site-packages/airflow/example_dags/example_params_trigger_ui.py
[2025-04-21T01:37:44.133+0000] {logging_mixin.py:188} INFO - [2025-04-21T01:37:44.133+0000] {dag.py:3096} INFO - Sync 1 DAGs
[2025-04-21T01:37:44.139+0000] {logging_mixin.py:188} INFO - [2025-04-21T01:37:44.139+0000] {dag.py:3954} INFO - Setting next_dagrun for example_params_trigger_ui to None, run_after=None
[2025-04-21T01:37:44.152+0000] {processor.py:183} INFO - Processing /home/airflow/.local/lib/python3.12/site-packages/airflow/example_dags/example_params_trigger_ui.py took 0.053 seconds
[2025-04-21T02:58:43.301+0000] {processor.py:161} INFO - Started process (PID=91538) to work on /home/airflow/.local/lib/python3.12/site-packages/airflow/example_dags/example_params_trigger_ui.py
[2025-04-21T02:58:43.301+0000] {processor.py:830} INFO - Processing file /home/airflow/.local/lib/python3.12/site-packages/airflow/example_dags/example_params_trigger_ui.py for tasks to queue
[2025-04-21T02:58:43.302+0000] {logging_mixin.py:188} INFO - [2025-04-21T02:58:43.302+0000] {dagbag.py:545} INFO - Filling up the DagBag from /home/airflow/.local/lib/python3.12/site-packages/airflow/example_dags/example_params_trigger_ui.py
[2025-04-21T02:58:43.312+0000] {processor.py:840} INFO - DAG(s) 'example_params_trigger_ui' retrieved from /home/airflow/.local/lib/python3.12/site-packages/airflow/example_dags/example_params_trigger_ui.py
[2025-04-21T02:58:43.337+0000] {logging_mixin.py:188} INFO - [2025-04-21T02:58:43.337+0000] {dag.py:3096} INFO - Sync 1 DAGs
[2025-04-21T02:58:43.344+0000] {logging_mixin.py:188} INFO - [2025-04-21T02:58:43.344+0000] {dag.py:3954} INFO - Setting next_dagrun for example_params_trigger_ui to None, run_after=None
[2025-04-21T02:58:43.353+0000] {processor.py:183} INFO - Processing /home/airflow/.local/lib/python3.12/site-packages/airflow/example_dags/example_params_trigger_ui.py took 0.055 seconds
[2025-04-21T04:23:09.360+0000] {processor.py:161} INFO - Started process (PID=91598) to work on /home/airflow/.local/lib/python3.12/site-packages/airflow/example_dags/example_params_trigger_ui.py
[2025-04-21T04:23:09.360+0000] {processor.py:830} INFO - Processing file /home/airflow/.local/lib/python3.12/site-packages/airflow/example_dags/example_params_trigger_ui.py for tasks to queue
[2025-04-21T04:23:09.361+0000] {logging_mixin.py:188} INFO - [2025-04-21T04:23:09.361+0000] {dagbag.py:545} INFO - Filling up the DagBag from /home/airflow/.local/lib/python3.12/site-packages/airflow/example_dags/example_params_trigger_ui.py
[2025-04-21T04:23:09.367+0000] {processor.py:840} INFO - DAG(s) 'example_params_trigger_ui' retrieved from /home/airflow/.local/lib/python3.12/site-packages/airflow/example_dags/example_params_trigger_ui.py
[2025-04-21T04:23:09.385+0000] {logging_mixin.py:188} INFO - [2025-04-21T04:23:09.385+0000] {dag.py:3096} INFO - Sync 1 DAGs
[2025-04-21T04:23:09.390+0000] {logging_mixin.py:188} INFO - [2025-04-21T04:23:09.390+0000] {dag.py:3954} INFO - Setting next_dagrun for example_params_trigger_ui to None, run_after=None
[2025-04-21T04:23:09.398+0000] {processor.py:183} INFO - Processing /home/airflow/.local/lib/python3.12/site-packages/airflow/example_dags/example_params_trigger_ui.py took 0.041 seconds
[2025-04-21T04:23:39.815+0000] {processor.py:161} INFO - Started process (PID=91656) to work on /home/airflow/.local/lib/python3.12/site-packages/airflow/example_dags/example_params_trigger_ui.py
[2025-04-21T04:23:39.816+0000] {processor.py:830} INFO - Processing file /home/airflow/.local/lib/python3.12/site-packages/airflow/example_dags/example_params_trigger_ui.py for tasks to queue
[2025-04-21T04:23:39.818+0000] {logging_mixin.py:188} INFO - [2025-04-21T04:23:39.818+0000] {dagbag.py:545} INFO - Filling up the DagBag from /home/airflow/.local/lib/python3.12/site-packages/airflow/example_dags/example_params_trigger_ui.py
[2025-04-21T04:23:39.824+0000] {processor.py:840} INFO - DAG(s) 'example_params_trigger_ui' retrieved from /home/airflow/.local/lib/python3.12/site-packages/airflow/example_dags/example_params_trigger_ui.py
[2025-04-21T04:23:39.847+0000] {logging_mixin.py:188} INFO - [2025-04-21T04:23:39.847+0000] {dag.py:3096} INFO - Sync 1 DAGs
[2025-04-21T04:23:39.854+0000] {logging_mixin.py:188} INFO - [2025-04-21T04:23:39.854+0000] {dag.py:3954} INFO - Setting next_dagrun for example_params_trigger_ui to None, run_after=None
[2025-04-21T04:23:39.865+0000] {processor.py:183} INFO - Processing /home/airflow/.local/lib/python3.12/site-packages/airflow/example_dags/example_params_trigger_ui.py took 0.052 seconds
[2025-04-21T04:28:52.549+0000] {processor.py:161} INFO - Started process (PID=91718) to work on /home/airflow/.local/lib/python3.12/site-packages/airflow/example_dags/example_params_trigger_ui.py
[2025-04-21T04:28:52.550+0000] {processor.py:830} INFO - Processing file /home/airflow/.local/lib/python3.12/site-packages/airflow/example_dags/example_params_trigger_ui.py for tasks to queue
[2025-04-21T04:28:52.550+0000] {logging_mixin.py:188} INFO - [2025-04-21T04:28:52.550+0000] {dagbag.py:545} INFO - Filling up the DagBag from /home/airflow/.local/lib/python3.12/site-packages/airflow/example_dags/example_params_trigger_ui.py
[2025-04-21T04:28:52.559+0000] {processor.py:840} INFO - DAG(s) 'example_params_trigger_ui' retrieved from /home/airflow/.local/lib/python3.12/site-packages/airflow/example_dags/example_params_trigger_ui.py
[2025-04-21T04:28:52.601+0000] {logging_mixin.py:188} INFO - [2025-04-21T04:28:52.601+0000] {dag.py:3096} INFO - Sync 1 DAGs
[2025-04-21T04:28:52.613+0000] {logging_mixin.py:188} INFO - [2025-04-21T04:28:52.613+0000] {dag.py:3954} INFO - Setting next_dagrun for example_params_trigger_ui to None, run_after=None
[2025-04-21T04:28:52.625+0000] {processor.py:183} INFO - Processing /home/airflow/.local/lib/python3.12/site-packages/airflow/example_dags/example_params_trigger_ui.py took 0.079 seconds
[2025-04-21T04:29:23.085+0000] {processor.py:161} INFO - Started process (PID=91778) to work on /home/airflow/.local/lib/python3.12/site-packages/airflow/example_dags/example_params_trigger_ui.py
[2025-04-21T04:29:23.086+0000] {processor.py:830} INFO - Processing file /home/airflow/.local/lib/python3.12/site-packages/airflow/example_dags/example_params_trigger_ui.py for tasks to queue
[2025-04-21T04:29:23.087+0000] {logging_mixin.py:188} INFO - [2025-04-21T04:29:23.086+0000] {dagbag.py:545} INFO - Filling up the DagBag from /home/airflow/.local/lib/python3.12/site-packages/airflow/example_dags/example_params_trigger_ui.py
[2025-04-21T04:29:23.093+0000] {processor.py:840} INFO - DAG(s) 'example_params_trigger_ui' retrieved from /home/airflow/.local/lib/python3.12/site-packages/airflow/example_dags/example_params_trigger_ui.py
[2025-04-21T04:29:23.112+0000] {logging_mixin.py:188} INFO - [2025-04-21T04:29:23.112+0000] {dag.py:3096} INFO - Sync 1 DAGs
[2025-04-21T04:29:23.118+0000] {logging_mixin.py:188} INFO - [2025-04-21T04:29:23.118+0000] {dag.py:3954} INFO - Setting next_dagrun for example_params_trigger_ui to None, run_after=None
[2025-04-21T04:29:23.129+0000] {processor.py:183} INFO - Processing /home/airflow/.local/lib/python3.12/site-packages/airflow/example_dags/example_params_trigger_ui.py took 0.047 seconds
[2025-04-21T04:31:10.675+0000] {processor.py:161} INFO - Started process (PID=91838) to work on /home/airflow/.local/lib/python3.12/site-packages/airflow/example_dags/example_params_trigger_ui.py
[2025-04-21T04:31:10.676+0000] {processor.py:830} INFO - Processing file /home/airflow/.local/lib/python3.12/site-packages/airflow/example_dags/example_params_trigger_ui.py for tasks to queue
[2025-04-21T04:31:10.677+0000] {logging_mixin.py:188} INFO - [2025-04-21T04:31:10.677+0000] {dagbag.py:545} INFO - Filling up the DagBag from /home/airflow/.local/lib/python3.12/site-packages/airflow/example_dags/example_params_trigger_ui.py
[2025-04-21T04:31:10.683+0000] {processor.py:840} INFO - DAG(s) 'example_params_trigger_ui' retrieved from /home/airflow/.local/lib/python3.12/site-packages/airflow/example_dags/example_params_trigger_ui.py
[2025-04-21T04:31:10.701+0000] {logging_mixin.py:188} INFO - [2025-04-21T04:31:10.701+0000] {dag.py:3096} INFO - Sync 1 DAGs
[2025-04-21T04:31:10.707+0000] {logging_mixin.py:188} INFO - [2025-04-21T04:31:10.706+0000] {dag.py:3954} INFO - Setting next_dagrun for example_params_trigger_ui to None, run_after=None
[2025-04-21T04:31:10.714+0000] {processor.py:183} INFO - Processing /home/airflow/.local/lib/python3.12/site-packages/airflow/example_dags/example_params_trigger_ui.py took 0.041 seconds
[2025-04-21T04:36:23.902+0000] {processor.py:161} INFO - Started process (PID=91898) to work on /home/airflow/.local/lib/python3.12/site-packages/airflow/example_dags/example_params_trigger_ui.py
[2025-04-21T04:36:23.903+0000] {processor.py:830} INFO - Processing file /home/airflow/.local/lib/python3.12/site-packages/airflow/example_dags/example_params_trigger_ui.py for tasks to queue
[2025-04-21T04:36:23.904+0000] {logging_mixin.py:188} INFO - [2025-04-21T04:36:23.904+0000] {dagbag.py:545} INFO - Filling up the DagBag from /home/airflow/.local/lib/python3.12/site-packages/airflow/example_dags/example_params_trigger_ui.py
[2025-04-21T04:36:23.910+0000] {processor.py:840} INFO - DAG(s) 'example_params_trigger_ui' retrieved from /home/airflow/.local/lib/python3.12/site-packages/airflow/example_dags/example_params_trigger_ui.py
[2025-04-21T04:36:23.927+0000] {logging_mixin.py:188} INFO - [2025-04-21T04:36:23.927+0000] {dag.py:3096} INFO - Sync 1 DAGs
[2025-04-21T04:36:23.932+0000] {logging_mixin.py:188} INFO - [2025-04-21T04:36:23.932+0000] {dag.py:3954} INFO - Setting next_dagrun for example_params_trigger_ui to None, run_after=None
[2025-04-21T04:36:23.941+0000] {processor.py:183} INFO - Processing /home/airflow/.local/lib/python3.12/site-packages/airflow/example_dags/example_params_trigger_ui.py took 0.042 seconds
[2025-04-21T04:41:37.264+0000] {processor.py:161} INFO - Started process (PID=91958) to work on /home/airflow/.local/lib/python3.12/site-packages/airflow/example_dags/example_params_trigger_ui.py
[2025-04-21T04:41:37.264+0000] {processor.py:830} INFO - Processing file /home/airflow/.local/lib/python3.12/site-packages/airflow/example_dags/example_params_trigger_ui.py for tasks to queue
[2025-04-21T04:41:37.265+0000] {logging_mixin.py:188} INFO - [2025-04-21T04:41:37.265+0000] {dagbag.py:545} INFO - Filling up the DagBag from /home/airflow/.local/lib/python3.12/site-packages/airflow/example_dags/example_params_trigger_ui.py
[2025-04-21T04:41:37.272+0000] {processor.py:840} INFO - DAG(s) 'example_params_trigger_ui' retrieved from /home/airflow/.local/lib/python3.12/site-packages/airflow/example_dags/example_params_trigger_ui.py
[2025-04-21T04:41:37.290+0000] {logging_mixin.py:188} INFO - [2025-04-21T04:41:37.290+0000] {dag.py:3096} INFO - Sync 1 DAGs
[2025-04-21T04:41:37.297+0000] {logging_mixin.py:188} INFO - [2025-04-21T04:41:37.297+0000] {dag.py:3954} INFO - Setting next_dagrun for example_params_trigger_ui to None, run_after=None
[2025-04-21T04:41:37.309+0000] {processor.py:183} INFO - Processing /home/airflow/.local/lib/python3.12/site-packages/airflow/example_dags/example_params_trigger_ui.py took 0.048 seconds
[2025-04-21T04:46:50.171+0000] {processor.py:161} INFO - Started process (PID=92018) to work on /home/airflow/.local/lib/python3.12/site-packages/airflow/example_dags/example_params_trigger_ui.py
[2025-04-21T04:46:50.171+0000] {processor.py:830} INFO - Processing file /home/airflow/.local/lib/python3.12/site-packages/airflow/example_dags/example_params_trigger_ui.py for tasks to queue
[2025-04-21T04:46:50.172+0000] {logging_mixin.py:188} INFO - [2025-04-21T04:46:50.172+0000] {dagbag.py:545} INFO - Filling up the DagBag from /home/airflow/.local/lib/python3.12/site-packages/airflow/example_dags/example_params_trigger_ui.py
[2025-04-21T04:46:50.178+0000] {processor.py:840} INFO - DAG(s) 'example_params_trigger_ui' retrieved from /home/airflow/.local/lib/python3.12/site-packages/airflow/example_dags/example_params_trigger_ui.py
[2025-04-21T04:46:50.195+0000] {logging_mixin.py:188} INFO - [2025-04-21T04:46:50.195+0000] {dag.py:3096} INFO - Sync 1 DAGs
[2025-04-21T04:46:50.200+0000] {logging_mixin.py:188} INFO - [2025-04-21T04:46:50.200+0000] {dag.py:3954} INFO - Setting next_dagrun for example_params_trigger_ui to None, run_after=None
[2025-04-21T04:46:50.207+0000] {processor.py:183} INFO - Processing /home/airflow/.local/lib/python3.12/site-packages/airflow/example_dags/example_params_trigger_ui.py took 0.039 seconds
[2025-04-21T04:47:20.349+0000] {processor.py:161} INFO - Started process (PID=92076) to work on /home/airflow/.local/lib/python3.12/site-packages/airflow/example_dags/example_params_trigger_ui.py
[2025-04-21T04:47:20.351+0000] {processor.py:830} INFO - Processing file /home/airflow/.local/lib/python3.12/site-packages/airflow/example_dags/example_params_trigger_ui.py for tasks to queue
[2025-04-21T04:47:20.353+0000] {logging_mixin.py:188} INFO - [2025-04-21T04:47:20.353+0000] {dagbag.py:545} INFO - Filling up the DagBag from /home/airflow/.local/lib/python3.12/site-packages/airflow/example_dags/example_params_trigger_ui.py
[2025-04-21T04:47:20.361+0000] {processor.py:840} INFO - DAG(s) 'example_params_trigger_ui' retrieved from /home/airflow/.local/lib/python3.12/site-packages/airflow/example_dags/example_params_trigger_ui.py
[2025-04-21T04:47:20.383+0000] {logging_mixin.py:188} INFO - [2025-04-21T04:47:20.382+0000] {dag.py:3096} INFO - Sync 1 DAGs
[2025-04-21T04:47:20.389+0000] {logging_mixin.py:188} INFO - [2025-04-21T04:47:20.389+0000] {dag.py:3954} INFO - Setting next_dagrun for example_params_trigger_ui to None, run_after=None
[2025-04-21T04:47:20.400+0000] {processor.py:183} INFO - Processing /home/airflow/.local/lib/python3.12/site-packages/airflow/example_dags/example_params_trigger_ui.py took 0.054 seconds
[2025-04-21T04:52:33.395+0000] {processor.py:161} INFO - Started process (PID=92138) to work on /home/airflow/.local/lib/python3.12/site-packages/airflow/example_dags/example_params_trigger_ui.py
[2025-04-21T04:52:33.395+0000] {processor.py:830} INFO - Processing file /home/airflow/.local/lib/python3.12/site-packages/airflow/example_dags/example_params_trigger_ui.py for tasks to queue
[2025-04-21T04:52:33.396+0000] {logging_mixin.py:188} INFO - [2025-04-21T04:52:33.396+0000] {dagbag.py:545} INFO - Filling up the DagBag from /home/airflow/.local/lib/python3.12/site-packages/airflow/example_dags/example_params_trigger_ui.py
[2025-04-21T04:52:33.402+0000] {processor.py:840} INFO - DAG(s) 'example_params_trigger_ui' retrieved from /home/airflow/.local/lib/python3.12/site-packages/airflow/example_dags/example_params_trigger_ui.py
[2025-04-21T04:52:33.420+0000] {logging_mixin.py:188} INFO - [2025-04-21T04:52:33.420+0000] {dag.py:3096} INFO - Sync 1 DAGs
[2025-04-21T04:52:33.425+0000] {logging_mixin.py:188} INFO - [2025-04-21T04:52:33.425+0000] {dag.py:3954} INFO - Setting next_dagrun for example_params_trigger_ui to None, run_after=None
[2025-04-21T04:52:33.435+0000] {processor.py:183} INFO - Processing /home/airflow/.local/lib/python3.12/site-packages/airflow/example_dags/example_params_trigger_ui.py took 0.043 seconds
[2025-04-21T05:15:36.892+0000] {processor.py:161} INFO - Started process (PID=92198) to work on /home/airflow/.local/lib/python3.12/site-packages/airflow/example_dags/example_params_trigger_ui.py
[2025-04-21T05:15:36.892+0000] {processor.py:830} INFO - Processing file /home/airflow/.local/lib/python3.12/site-packages/airflow/example_dags/example_params_trigger_ui.py for tasks to queue
[2025-04-21T05:15:36.893+0000] {logging_mixin.py:188} INFO - [2025-04-21T05:15:36.893+0000] {dagbag.py:545} INFO - Filling up the DagBag from /home/airflow/.local/lib/python3.12/site-packages/airflow/example_dags/example_params_trigger_ui.py
[2025-04-21T05:15:36.899+0000] {processor.py:840} INFO - DAG(s) 'example_params_trigger_ui' retrieved from /home/airflow/.local/lib/python3.12/site-packages/airflow/example_dags/example_params_trigger_ui.py
[2025-04-21T05:15:36.916+0000] {logging_mixin.py:188} INFO - [2025-04-21T05:15:36.916+0000] {dag.py:3096} INFO - Sync 1 DAGs
[2025-04-21T05:15:36.921+0000] {logging_mixin.py:188} INFO - [2025-04-21T05:15:36.921+0000] {dag.py:3954} INFO - Setting next_dagrun for example_params_trigger_ui to None, run_after=None
[2025-04-21T05:15:36.928+0000] {processor.py:183} INFO - Processing /home/airflow/.local/lib/python3.12/site-packages/airflow/example_dags/example_params_trigger_ui.py took 0.039 seconds
[2025-04-21T05:20:50.479+0000] {processor.py:161} INFO - Started process (PID=92258) to work on /home/airflow/.local/lib/python3.12/site-packages/airflow/example_dags/example_params_trigger_ui.py
[2025-04-21T05:20:50.480+0000] {processor.py:830} INFO - Processing file /home/airflow/.local/lib/python3.12/site-packages/airflow/example_dags/example_params_trigger_ui.py for tasks to queue
[2025-04-21T05:20:50.480+0000] {logging_mixin.py:188} INFO - [2025-04-21T05:20:50.480+0000] {dagbag.py:545} INFO - Filling up the DagBag from /home/airflow/.local/lib/python3.12/site-packages/airflow/example_dags/example_params_trigger_ui.py
[2025-04-21T05:20:50.487+0000] {processor.py:840} INFO - DAG(s) 'example_params_trigger_ui' retrieved from /home/airflow/.local/lib/python3.12/site-packages/airflow/example_dags/example_params_trigger_ui.py
[2025-04-21T05:20:50.506+0000] {logging_mixin.py:188} INFO - [2025-04-21T05:20:50.506+0000] {dag.py:3096} INFO - Sync 1 DAGs
[2025-04-21T05:20:50.512+0000] {logging_mixin.py:188} INFO - [2025-04-21T05:20:50.511+0000] {dag.py:3954} INFO - Setting next_dagrun for example_params_trigger_ui to None, run_after=None
[2025-04-21T05:20:50.524+0000] {processor.py:183} INFO - Processing /home/airflow/.local/lib/python3.12/site-packages/airflow/example_dags/example_params_trigger_ui.py took 0.047 seconds
[2025-04-21T05:26:02.989+0000] {processor.py:161} INFO - Started process (PID=92318) to work on /home/airflow/.local/lib/python3.12/site-packages/airflow/example_dags/example_params_trigger_ui.py
[2025-04-21T05:26:02.990+0000] {processor.py:830} INFO - Processing file /home/airflow/.local/lib/python3.12/site-packages/airflow/example_dags/example_params_trigger_ui.py for tasks to queue
[2025-04-21T05:26:02.991+0000] {logging_mixin.py:188} INFO - [2025-04-21T05:26:02.991+0000] {dagbag.py:545} INFO - Filling up the DagBag from /home/airflow/.local/lib/python3.12/site-packages/airflow/example_dags/example_params_trigger_ui.py
[2025-04-21T05:26:03.000+0000] {processor.py:840} INFO - DAG(s) 'example_params_trigger_ui' retrieved from /home/airflow/.local/lib/python3.12/site-packages/airflow/example_dags/example_params_trigger_ui.py
[2025-04-21T05:26:03.018+0000] {logging_mixin.py:188} INFO - [2025-04-21T05:26:03.018+0000] {dag.py:3096} INFO - Sync 1 DAGs
[2025-04-21T05:26:03.023+0000] {logging_mixin.py:188} INFO - [2025-04-21T05:26:03.023+0000] {dag.py:3954} INFO - Setting next_dagrun for example_params_trigger_ui to None, run_after=None
[2025-04-21T05:26:03.035+0000] {processor.py:183} INFO - Processing /home/airflow/.local/lib/python3.12/site-packages/airflow/example_dags/example_params_trigger_ui.py took 0.049 seconds
[2025-04-21T05:59:57.483+0000] {processor.py:161} INFO - Started process (PID=92378) to work on /home/airflow/.local/lib/python3.12/site-packages/airflow/example_dags/example_params_trigger_ui.py
[2025-04-21T05:59:57.484+0000] {processor.py:830} INFO - Processing file /home/airflow/.local/lib/python3.12/site-packages/airflow/example_dags/example_params_trigger_ui.py for tasks to queue
[2025-04-21T05:59:57.485+0000] {logging_mixin.py:188} INFO - [2025-04-21T05:59:57.485+0000] {dagbag.py:545} INFO - Filling up the DagBag from /home/airflow/.local/lib/python3.12/site-packages/airflow/example_dags/example_params_trigger_ui.py
[2025-04-21T05:59:57.491+0000] {processor.py:840} INFO - DAG(s) 'example_params_trigger_ui' retrieved from /home/airflow/.local/lib/python3.12/site-packages/airflow/example_dags/example_params_trigger_ui.py
[2025-04-21T05:59:57.508+0000] {logging_mixin.py:188} INFO - [2025-04-21T05:59:57.508+0000] {dag.py:3096} INFO - Sync 1 DAGs
[2025-04-21T05:59:57.514+0000] {logging_mixin.py:188} INFO - [2025-04-21T05:59:57.514+0000] {dag.py:3954} INFO - Setting next_dagrun for example_params_trigger_ui to None, run_after=None
[2025-04-21T05:59:57.521+0000] {processor.py:183} INFO - Processing /home/airflow/.local/lib/python3.12/site-packages/airflow/example_dags/example_params_trigger_ui.py took 0.041 seconds
[2025-04-21T07:21:15.541+0000] {processor.py:161} INFO - Started process (PID=92438) to work on /home/airflow/.local/lib/python3.12/site-packages/airflow/example_dags/example_params_trigger_ui.py
[2025-04-21T07:21:15.541+0000] {processor.py:830} INFO - Processing file /home/airflow/.local/lib/python3.12/site-packages/airflow/example_dags/example_params_trigger_ui.py for tasks to queue
[2025-04-21T07:21:15.542+0000] {logging_mixin.py:188} INFO - [2025-04-21T07:21:15.542+0000] {dagbag.py:545} INFO - Filling up the DagBag from /home/airflow/.local/lib/python3.12/site-packages/airflow/example_dags/example_params_trigger_ui.py
[2025-04-21T07:21:15.549+0000] {processor.py:840} INFO - DAG(s) 'example_params_trigger_ui' retrieved from /home/airflow/.local/lib/python3.12/site-packages/airflow/example_dags/example_params_trigger_ui.py
[2025-04-21T07:21:15.876+0000] {logging_mixin.py:188} INFO - [2025-04-21T07:21:15.876+0000] {dag.py:3096} INFO - Sync 1 DAGs
[2025-04-21T07:21:15.919+0000] {logging_mixin.py:188} INFO - [2025-04-21T07:21:15.918+0000] {dag.py:3954} INFO - Setting next_dagrun for example_params_trigger_ui to None, run_after=None
[2025-04-21T07:21:15.977+0000] {processor.py:183} INFO - Processing /home/airflow/.local/lib/python3.12/site-packages/airflow/example_dags/example_params_trigger_ui.py took 0.439 seconds
[2025-04-21T09:02:20.481+0000] {processor.py:161} INFO - Started process (PID=92498) to work on /home/airflow/.local/lib/python3.12/site-packages/airflow/example_dags/example_params_trigger_ui.py
[2025-04-21T09:02:20.482+0000] {processor.py:830} INFO - Processing file /home/airflow/.local/lib/python3.12/site-packages/airflow/example_dags/example_params_trigger_ui.py for tasks to queue
[2025-04-21T09:02:20.483+0000] {logging_mixin.py:188} INFO - [2025-04-21T09:02:20.483+0000] {dagbag.py:545} INFO - Filling up the DagBag from /home/airflow/.local/lib/python3.12/site-packages/airflow/example_dags/example_params_trigger_ui.py
[2025-04-21T09:02:20.489+0000] {processor.py:840} INFO - DAG(s) 'example_params_trigger_ui' retrieved from /home/airflow/.local/lib/python3.12/site-packages/airflow/example_dags/example_params_trigger_ui.py
[2025-04-21T09:02:20.508+0000] {logging_mixin.py:188} INFO - [2025-04-21T09:02:20.508+0000] {dag.py:3096} INFO - Sync 1 DAGs
[2025-04-21T09:02:20.513+0000] {logging_mixin.py:188} INFO - [2025-04-21T09:02:20.513+0000] {dag.py:3954} INFO - Setting next_dagrun for example_params_trigger_ui to None, run_after=None
[2025-04-21T09:02:20.521+0000] {processor.py:183} INFO - Processing /home/airflow/.local/lib/python3.12/site-packages/airflow/example_dags/example_params_trigger_ui.py took 0.042 seconds
[2025-04-21T10:25:29.604+0000] {processor.py:161} INFO - Started process (PID=92558) to work on /home/airflow/.local/lib/python3.12/site-packages/airflow/example_dags/example_params_trigger_ui.py
[2025-04-21T10:25:29.605+0000] {processor.py:830} INFO - Processing file /home/airflow/.local/lib/python3.12/site-packages/airflow/example_dags/example_params_trigger_ui.py for tasks to queue
[2025-04-21T10:25:29.606+0000] {logging_mixin.py:188} INFO - [2025-04-21T10:25:29.606+0000] {dagbag.py:545} INFO - Filling up the DagBag from /home/airflow/.local/lib/python3.12/site-packages/airflow/example_dags/example_params_trigger_ui.py
[2025-04-21T10:25:29.615+0000] {processor.py:840} INFO - DAG(s) 'example_params_trigger_ui' retrieved from /home/airflow/.local/lib/python3.12/site-packages/airflow/example_dags/example_params_trigger_ui.py
[2025-04-21T10:25:29.637+0000] {logging_mixin.py:188} INFO - [2025-04-21T10:25:29.637+0000] {dag.py:3096} INFO - Sync 1 DAGs
[2025-04-21T10:25:29.644+0000] {logging_mixin.py:188} INFO - [2025-04-21T10:25:29.644+0000] {dag.py:3954} INFO - Setting next_dagrun for example_params_trigger_ui to None, run_after=None
[2025-04-21T10:25:29.654+0000] {processor.py:183} INFO - Processing /home/airflow/.local/lib/python3.12/site-packages/airflow/example_dags/example_params_trigger_ui.py took 0.053 seconds
[2025-04-21T12:02:27.214+0000] {processor.py:161} INFO - Started process (PID=92618) to work on /home/airflow/.local/lib/python3.12/site-packages/airflow/example_dags/example_params_trigger_ui.py
[2025-04-21T12:02:27.215+0000] {processor.py:830} INFO - Processing file /home/airflow/.local/lib/python3.12/site-packages/airflow/example_dags/example_params_trigger_ui.py for tasks to queue
[2025-04-21T12:02:27.215+0000] {logging_mixin.py:188} INFO - [2025-04-21T12:02:27.215+0000] {dagbag.py:545} INFO - Filling up the DagBag from /home/airflow/.local/lib/python3.12/site-packages/airflow/example_dags/example_params_trigger_ui.py
[2025-04-21T12:02:27.222+0000] {processor.py:840} INFO - DAG(s) 'example_params_trigger_ui' retrieved from /home/airflow/.local/lib/python3.12/site-packages/airflow/example_dags/example_params_trigger_ui.py
[2025-04-21T12:02:27.239+0000] {logging_mixin.py:188} INFO - [2025-04-21T12:02:27.239+0000] {dag.py:3096} INFO - Sync 1 DAGs
[2025-04-21T12:02:27.248+0000] {logging_mixin.py:188} INFO - [2025-04-21T12:02:27.248+0000] {dag.py:3954} INFO - Setting next_dagrun for example_params_trigger_ui to None, run_after=None
[2025-04-21T12:02:27.257+0000] {processor.py:183} INFO - Processing /home/airflow/.local/lib/python3.12/site-packages/airflow/example_dags/example_params_trigger_ui.py took 0.045 seconds
[2025-04-21T12:02:57.443+0000] {processor.py:161} INFO - Started process (PID=92676) to work on /home/airflow/.local/lib/python3.12/site-packages/airflow/example_dags/example_params_trigger_ui.py
[2025-04-21T12:02:57.447+0000] {processor.py:830} INFO - Processing file /home/airflow/.local/lib/python3.12/site-packages/airflow/example_dags/example_params_trigger_ui.py for tasks to queue
[2025-04-21T12:02:57.448+0000] {logging_mixin.py:188} INFO - [2025-04-21T12:02:57.448+0000] {dagbag.py:545} INFO - Filling up the DagBag from /home/airflow/.local/lib/python3.12/site-packages/airflow/example_dags/example_params_trigger_ui.py
[2025-04-21T12:02:57.455+0000] {processor.py:840} INFO - DAG(s) 'example_params_trigger_ui' retrieved from /home/airflow/.local/lib/python3.12/site-packages/airflow/example_dags/example_params_trigger_ui.py
[2025-04-21T12:02:57.477+0000] {logging_mixin.py:188} INFO - [2025-04-21T12:02:57.477+0000] {dag.py:3096} INFO - Sync 1 DAGs
[2025-04-21T12:02:57.484+0000] {logging_mixin.py:188} INFO - [2025-04-21T12:02:57.483+0000] {dag.py:3954} INFO - Setting next_dagrun for example_params_trigger_ui to None, run_after=None
[2025-04-21T12:02:57.501+0000] {processor.py:183} INFO - Processing /home/airflow/.local/lib/python3.12/site-packages/airflow/example_dags/example_params_trigger_ui.py took 0.061 seconds
[2025-04-21T12:08:10.218+0000] {processor.py:161} INFO - Started process (PID=92738) to work on /home/airflow/.local/lib/python3.12/site-packages/airflow/example_dags/example_params_trigger_ui.py
[2025-04-21T12:08:10.219+0000] {processor.py:830} INFO - Processing file /home/airflow/.local/lib/python3.12/site-packages/airflow/example_dags/example_params_trigger_ui.py for tasks to queue
[2025-04-21T12:08:10.220+0000] {logging_mixin.py:188} INFO - [2025-04-21T12:08:10.220+0000] {dagbag.py:545} INFO - Filling up the DagBag from /home/airflow/.local/lib/python3.12/site-packages/airflow/example_dags/example_params_trigger_ui.py
[2025-04-21T12:08:10.226+0000] {processor.py:840} INFO - DAG(s) 'example_params_trigger_ui' retrieved from /home/airflow/.local/lib/python3.12/site-packages/airflow/example_dags/example_params_trigger_ui.py
[2025-04-21T12:08:10.243+0000] {logging_mixin.py:188} INFO - [2025-04-21T12:08:10.243+0000] {dag.py:3096} INFO - Sync 1 DAGs
[2025-04-21T12:08:10.248+0000] {logging_mixin.py:188} INFO - [2025-04-21T12:08:10.248+0000] {dag.py:3954} INFO - Setting next_dagrun for example_params_trigger_ui to None, run_after=None
[2025-04-21T12:08:10.256+0000] {processor.py:183} INFO - Processing /home/airflow/.local/lib/python3.12/site-packages/airflow/example_dags/example_params_trigger_ui.py took 0.041 seconds
[2025-04-21T12:09:05.215+0000] {processor.py:161} INFO - Started process (PID=92798) to work on /home/airflow/.local/lib/python3.12/site-packages/airflow/example_dags/example_params_trigger_ui.py
[2025-04-21T12:09:05.215+0000] {processor.py:830} INFO - Processing file /home/airflow/.local/lib/python3.12/site-packages/airflow/example_dags/example_params_trigger_ui.py for tasks to queue
[2025-04-21T12:09:05.216+0000] {logging_mixin.py:188} INFO - [2025-04-21T12:09:05.216+0000] {dagbag.py:545} INFO - Filling up the DagBag from /home/airflow/.local/lib/python3.12/site-packages/airflow/example_dags/example_params_trigger_ui.py
[2025-04-21T12:09:05.224+0000] {processor.py:840} INFO - DAG(s) 'example_params_trigger_ui' retrieved from /home/airflow/.local/lib/python3.12/site-packages/airflow/example_dags/example_params_trigger_ui.py
[2025-04-21T12:09:05.246+0000] {logging_mixin.py:188} INFO - [2025-04-21T12:09:05.245+0000] {dag.py:3096} INFO - Sync 1 DAGs
[2025-04-21T12:09:05.254+0000] {logging_mixin.py:188} INFO - [2025-04-21T12:09:05.254+0000] {dag.py:3954} INFO - Setting next_dagrun for example_params_trigger_ui to None, run_after=None
[2025-04-21T12:09:05.270+0000] {processor.py:183} INFO - Processing /home/airflow/.local/lib/python3.12/site-packages/airflow/example_dags/example_params_trigger_ui.py took 0.059 seconds
[2025-04-21T12:14:18.074+0000] {processor.py:161} INFO - Started process (PID=92858) to work on /home/airflow/.local/lib/python3.12/site-packages/airflow/example_dags/example_params_trigger_ui.py
[2025-04-21T12:14:18.074+0000] {processor.py:830} INFO - Processing file /home/airflow/.local/lib/python3.12/site-packages/airflow/example_dags/example_params_trigger_ui.py for tasks to queue
[2025-04-21T12:14:18.075+0000] {logging_mixin.py:188} INFO - [2025-04-21T12:14:18.075+0000] {dagbag.py:545} INFO - Filling up the DagBag from /home/airflow/.local/lib/python3.12/site-packages/airflow/example_dags/example_params_trigger_ui.py
[2025-04-21T12:14:18.081+0000] {processor.py:840} INFO - DAG(s) 'example_params_trigger_ui' retrieved from /home/airflow/.local/lib/python3.12/site-packages/airflow/example_dags/example_params_trigger_ui.py
[2025-04-21T12:14:18.098+0000] {logging_mixin.py:188} INFO - [2025-04-21T12:14:18.098+0000] {dag.py:3096} INFO - Sync 1 DAGs
[2025-04-21T12:14:18.103+0000] {logging_mixin.py:188} INFO - [2025-04-21T12:14:18.103+0000] {dag.py:3954} INFO - Setting next_dagrun for example_params_trigger_ui to None, run_after=None
[2025-04-21T12:14:18.110+0000] {processor.py:183} INFO - Processing /home/airflow/.local/lib/python3.12/site-packages/airflow/example_dags/example_params_trigger_ui.py took 0.040 seconds
[2025-04-21T12:19:31.638+0000] {processor.py:161} INFO - Started process (PID=92918) to work on /home/airflow/.local/lib/python3.12/site-packages/airflow/example_dags/example_params_trigger_ui.py
[2025-04-21T12:19:31.639+0000] {processor.py:830} INFO - Processing file /home/airflow/.local/lib/python3.12/site-packages/airflow/example_dags/example_params_trigger_ui.py for tasks to queue
[2025-04-21T12:19:31.639+0000] {logging_mixin.py:188} INFO - [2025-04-21T12:19:31.639+0000] {dagbag.py:545} INFO - Filling up the DagBag from /home/airflow/.local/lib/python3.12/site-packages/airflow/example_dags/example_params_trigger_ui.py
[2025-04-21T12:19:31.645+0000] {processor.py:840} INFO - DAG(s) 'example_params_trigger_ui' retrieved from /home/airflow/.local/lib/python3.12/site-packages/airflow/example_dags/example_params_trigger_ui.py
[2025-04-21T12:19:31.663+0000] {logging_mixin.py:188} INFO - [2025-04-21T12:19:31.663+0000] {dag.py:3096} INFO - Sync 1 DAGs
[2025-04-21T12:19:31.668+0000] {logging_mixin.py:188} INFO - [2025-04-21T12:19:31.668+0000] {dag.py:3954} INFO - Setting next_dagrun for example_params_trigger_ui to None, run_after=None
[2025-04-21T12:19:31.676+0000] {processor.py:183} INFO - Processing /home/airflow/.local/lib/python3.12/site-packages/airflow/example_dags/example_params_trigger_ui.py took 0.042 seconds
[2025-04-21T12:24:44.229+0000] {processor.py:161} INFO - Started process (PID=92978) to work on /home/airflow/.local/lib/python3.12/site-packages/airflow/example_dags/example_params_trigger_ui.py
[2025-04-21T12:24:44.229+0000] {processor.py:830} INFO - Processing file /home/airflow/.local/lib/python3.12/site-packages/airflow/example_dags/example_params_trigger_ui.py for tasks to queue
[2025-04-21T12:24:44.230+0000] {logging_mixin.py:188} INFO - [2025-04-21T12:24:44.230+0000] {dagbag.py:545} INFO - Filling up the DagBag from /home/airflow/.local/lib/python3.12/site-packages/airflow/example_dags/example_params_trigger_ui.py
[2025-04-21T12:24:44.237+0000] {processor.py:840} INFO - DAG(s) 'example_params_trigger_ui' retrieved from /home/airflow/.local/lib/python3.12/site-packages/airflow/example_dags/example_params_trigger_ui.py
[2025-04-21T12:24:44.257+0000] {logging_mixin.py:188} INFO - [2025-04-21T12:24:44.257+0000] {dag.py:3096} INFO - Sync 1 DAGs
[2025-04-21T12:24:44.263+0000] {logging_mixin.py:188} INFO - [2025-04-21T12:24:44.263+0000] {dag.py:3954} INFO - Setting next_dagrun for example_params_trigger_ui to None, run_after=None
[2025-04-21T12:24:44.271+0000] {processor.py:183} INFO - Processing /home/airflow/.local/lib/python3.12/site-packages/airflow/example_dags/example_params_trigger_ui.py took 0.045 seconds
[2025-04-21T12:56:59.176+0000] {processor.py:161} INFO - Started process (PID=93038) to work on /home/airflow/.local/lib/python3.12/site-packages/airflow/example_dags/example_params_trigger_ui.py
[2025-04-21T12:56:59.177+0000] {processor.py:830} INFO - Processing file /home/airflow/.local/lib/python3.12/site-packages/airflow/example_dags/example_params_trigger_ui.py for tasks to queue
[2025-04-21T12:56:59.178+0000] {logging_mixin.py:188} INFO - [2025-04-21T12:56:59.178+0000] {dagbag.py:545} INFO - Filling up the DagBag from /home/airflow/.local/lib/python3.12/site-packages/airflow/example_dags/example_params_trigger_ui.py
[2025-04-21T12:56:59.184+0000] {processor.py:840} INFO - DAG(s) 'example_params_trigger_ui' retrieved from /home/airflow/.local/lib/python3.12/site-packages/airflow/example_dags/example_params_trigger_ui.py
[2025-04-21T12:56:59.202+0000] {logging_mixin.py:188} INFO - [2025-04-21T12:56:59.202+0000] {dag.py:3096} INFO - Sync 1 DAGs
[2025-04-21T12:56:59.208+0000] {logging_mixin.py:188} INFO - [2025-04-21T12:56:59.208+0000] {dag.py:3954} INFO - Setting next_dagrun for example_params_trigger_ui to None, run_after=None
[2025-04-21T12:56:59.216+0000] {processor.py:183} INFO - Processing /home/airflow/.local/lib/python3.12/site-packages/airflow/example_dags/example_params_trigger_ui.py took 0.043 seconds
[2025-04-21T14:21:25.291+0000] {processor.py:161} INFO - Started process (PID=93098) to work on /home/airflow/.local/lib/python3.12/site-packages/airflow/example_dags/example_params_trigger_ui.py
[2025-04-21T14:21:25.292+0000] {processor.py:830} INFO - Processing file /home/airflow/.local/lib/python3.12/site-packages/airflow/example_dags/example_params_trigger_ui.py for tasks to queue
[2025-04-21T14:21:25.293+0000] {logging_mixin.py:188} INFO - [2025-04-21T14:21:25.293+0000] {dagbag.py:545} INFO - Filling up the DagBag from /home/airflow/.local/lib/python3.12/site-packages/airflow/example_dags/example_params_trigger_ui.py
[2025-04-21T14:21:25.299+0000] {processor.py:840} INFO - DAG(s) 'example_params_trigger_ui' retrieved from /home/airflow/.local/lib/python3.12/site-packages/airflow/example_dags/example_params_trigger_ui.py
[2025-04-21T14:21:25.317+0000] {logging_mixin.py:188} INFO - [2025-04-21T14:21:25.317+0000] {dag.py:3096} INFO - Sync 1 DAGs
[2025-04-21T14:21:25.323+0000] {logging_mixin.py:188} INFO - [2025-04-21T14:21:25.323+0000] {dag.py:3954} INFO - Setting next_dagrun for example_params_trigger_ui to None, run_after=None
[2025-04-21T14:21:25.331+0000] {processor.py:183} INFO - Processing /home/airflow/.local/lib/python3.12/site-packages/airflow/example_dags/example_params_trigger_ui.py took 0.042 seconds
[2025-04-21T16:03:44.562+0000] {processor.py:161} INFO - Started process (PID=93158) to work on /home/airflow/.local/lib/python3.12/site-packages/airflow/example_dags/example_params_trigger_ui.py
[2025-04-21T16:03:44.562+0000] {processor.py:830} INFO - Processing file /home/airflow/.local/lib/python3.12/site-packages/airflow/example_dags/example_params_trigger_ui.py for tasks to queue
[2025-04-21T16:03:44.563+0000] {logging_mixin.py:188} INFO - [2025-04-21T16:03:44.563+0000] {dagbag.py:545} INFO - Filling up the DagBag from /home/airflow/.local/lib/python3.12/site-packages/airflow/example_dags/example_params_trigger_ui.py
[2025-04-21T16:03:44.570+0000] {processor.py:840} INFO - DAG(s) 'example_params_trigger_ui' retrieved from /home/airflow/.local/lib/python3.12/site-packages/airflow/example_dags/example_params_trigger_ui.py
[2025-04-21T16:03:44.587+0000] {logging_mixin.py:188} INFO - [2025-04-21T16:03:44.587+0000] {dag.py:3096} INFO - Sync 1 DAGs
[2025-04-21T16:03:44.592+0000] {logging_mixin.py:188} INFO - [2025-04-21T16:03:44.592+0000] {dag.py:3954} INFO - Setting next_dagrun for example_params_trigger_ui to None, run_after=None
[2025-04-21T16:03:44.600+0000] {processor.py:183} INFO - Processing /home/airflow/.local/lib/python3.12/site-packages/airflow/example_dags/example_params_trigger_ui.py took 0.041 seconds
[2025-04-21T17:25:31.302+0000] {processor.py:161} INFO - Started process (PID=93218) to work on /home/airflow/.local/lib/python3.12/site-packages/airflow/example_dags/example_params_trigger_ui.py
[2025-04-21T17:25:31.302+0000] {processor.py:830} INFO - Processing file /home/airflow/.local/lib/python3.12/site-packages/airflow/example_dags/example_params_trigger_ui.py for tasks to queue
[2025-04-21T17:25:31.303+0000] {logging_mixin.py:188} INFO - [2025-04-21T17:25:31.303+0000] {dagbag.py:545} INFO - Filling up the DagBag from /home/airflow/.local/lib/python3.12/site-packages/airflow/example_dags/example_params_trigger_ui.py
[2025-04-21T17:25:31.310+0000] {processor.py:840} INFO - DAG(s) 'example_params_trigger_ui' retrieved from /home/airflow/.local/lib/python3.12/site-packages/airflow/example_dags/example_params_trigger_ui.py
[2025-04-21T17:25:31.333+0000] {logging_mixin.py:188} INFO - [2025-04-21T17:25:31.333+0000] {dag.py:3096} INFO - Sync 1 DAGs
[2025-04-21T17:25:31.338+0000] {logging_mixin.py:188} INFO - [2025-04-21T17:25:31.338+0000] {dag.py:3954} INFO - Setting next_dagrun for example_params_trigger_ui to None, run_after=None
[2025-04-21T17:25:31.346+0000] {processor.py:183} INFO - Processing /home/airflow/.local/lib/python3.12/site-packages/airflow/example_dags/example_params_trigger_ui.py took 0.047 seconds
[2025-04-21T18:31:34.712+0000] {processor.py:161} INFO - Started process (PID=93278) to work on /home/airflow/.local/lib/python3.12/site-packages/airflow/example_dags/example_params_trigger_ui.py
[2025-04-21T18:31:34.713+0000] {processor.py:830} INFO - Processing file /home/airflow/.local/lib/python3.12/site-packages/airflow/example_dags/example_params_trigger_ui.py for tasks to queue
[2025-04-21T18:31:34.714+0000] {logging_mixin.py:188} INFO - [2025-04-21T18:31:34.714+0000] {dagbag.py:545} INFO - Filling up the DagBag from /home/airflow/.local/lib/python3.12/site-packages/airflow/example_dags/example_params_trigger_ui.py
[2025-04-21T18:31:34.720+0000] {processor.py:840} INFO - DAG(s) 'example_params_trigger_ui' retrieved from /home/airflow/.local/lib/python3.12/site-packages/airflow/example_dags/example_params_trigger_ui.py
[2025-04-21T18:31:34.738+0000] {logging_mixin.py:188} INFO - [2025-04-21T18:31:34.738+0000] {dag.py:3096} INFO - Sync 1 DAGs
[2025-04-21T18:31:34.745+0000] {logging_mixin.py:188} INFO - [2025-04-21T18:31:34.744+0000] {dag.py:3954} INFO - Setting next_dagrun for example_params_trigger_ui to None, run_after=None
[2025-04-21T18:31:34.755+0000] {processor.py:183} INFO - Processing /home/airflow/.local/lib/python3.12/site-packages/airflow/example_dags/example_params_trigger_ui.py took 0.046 seconds
[2025-04-21T18:32:05.308+0000] {processor.py:161} INFO - Started process (PID=93338) to work on /home/airflow/.local/lib/python3.12/site-packages/airflow/example_dags/example_params_trigger_ui.py
[2025-04-21T18:32:05.308+0000] {processor.py:830} INFO - Processing file /home/airflow/.local/lib/python3.12/site-packages/airflow/example_dags/example_params_trigger_ui.py for tasks to queue
[2025-04-21T18:32:05.309+0000] {logging_mixin.py:188} INFO - [2025-04-21T18:32:05.309+0000] {dagbag.py:545} INFO - Filling up the DagBag from /home/airflow/.local/lib/python3.12/site-packages/airflow/example_dags/example_params_trigger_ui.py
[2025-04-21T18:32:05.316+0000] {processor.py:840} INFO - DAG(s) 'example_params_trigger_ui' retrieved from /home/airflow/.local/lib/python3.12/site-packages/airflow/example_dags/example_params_trigger_ui.py
[2025-04-21T18:32:05.336+0000] {logging_mixin.py:188} INFO - [2025-04-21T18:32:05.336+0000] {dag.py:3096} INFO - Sync 1 DAGs
[2025-04-21T18:32:05.342+0000] {logging_mixin.py:188} INFO - [2025-04-21T18:32:05.342+0000] {dag.py:3954} INFO - Setting next_dagrun for example_params_trigger_ui to None, run_after=None
[2025-04-21T18:32:05.356+0000] {processor.py:183} INFO - Processing /home/airflow/.local/lib/python3.12/site-packages/airflow/example_dags/example_params_trigger_ui.py took 0.051 seconds
[2025-04-21T18:35:57.090+0000] {processor.py:161} INFO - Started process (PID=93398) to work on /home/airflow/.local/lib/python3.12/site-packages/airflow/example_dags/example_params_trigger_ui.py
[2025-04-21T18:35:57.090+0000] {processor.py:830} INFO - Processing file /home/airflow/.local/lib/python3.12/site-packages/airflow/example_dags/example_params_trigger_ui.py for tasks to queue
[2025-04-21T18:35:57.091+0000] {logging_mixin.py:188} INFO - [2025-04-21T18:35:57.091+0000] {dagbag.py:545} INFO - Filling up the DagBag from /home/airflow/.local/lib/python3.12/site-packages/airflow/example_dags/example_params_trigger_ui.py
[2025-04-21T18:35:57.098+0000] {processor.py:840} INFO - DAG(s) 'example_params_trigger_ui' retrieved from /home/airflow/.local/lib/python3.12/site-packages/airflow/example_dags/example_params_trigger_ui.py
[2025-04-21T18:35:57.118+0000] {logging_mixin.py:188} INFO - [2025-04-21T18:35:57.118+0000] {dag.py:3096} INFO - Sync 1 DAGs
[2025-04-21T18:35:57.124+0000] {logging_mixin.py:188} INFO - [2025-04-21T18:35:57.123+0000] {dag.py:3954} INFO - Setting next_dagrun for example_params_trigger_ui to None, run_after=None
[2025-04-21T18:35:57.132+0000] {processor.py:183} INFO - Processing /home/airflow/.local/lib/python3.12/site-packages/airflow/example_dags/example_params_trigger_ui.py took 0.046 seconds
[2025-04-21T18:41:09.909+0000] {processor.py:161} INFO - Started process (PID=93458) to work on /home/airflow/.local/lib/python3.12/site-packages/airflow/example_dags/example_params_trigger_ui.py
[2025-04-21T18:41:09.909+0000] {processor.py:830} INFO - Processing file /home/airflow/.local/lib/python3.12/site-packages/airflow/example_dags/example_params_trigger_ui.py for tasks to queue
[2025-04-21T18:41:09.910+0000] {logging_mixin.py:188} INFO - [2025-04-21T18:41:09.910+0000] {dagbag.py:545} INFO - Filling up the DagBag from /home/airflow/.local/lib/python3.12/site-packages/airflow/example_dags/example_params_trigger_ui.py
[2025-04-21T18:41:09.917+0000] {processor.py:840} INFO - DAG(s) 'example_params_trigger_ui' retrieved from /home/airflow/.local/lib/python3.12/site-packages/airflow/example_dags/example_params_trigger_ui.py
[2025-04-21T18:41:09.939+0000] {logging_mixin.py:188} INFO - [2025-04-21T18:41:09.939+0000] {dag.py:3096} INFO - Sync 1 DAGs
[2025-04-21T18:41:09.947+0000] {logging_mixin.py:188} INFO - [2025-04-21T18:41:09.947+0000] {dag.py:3954} INFO - Setting next_dagrun for example_params_trigger_ui to None, run_after=None
[2025-04-21T18:41:09.956+0000] {processor.py:183} INFO - Processing /home/airflow/.local/lib/python3.12/site-packages/airflow/example_dags/example_params_trigger_ui.py took 0.050 seconds
[2025-04-21T18:41:40.594+0000] {processor.py:161} INFO - Started process (PID=93518) to work on /home/airflow/.local/lib/python3.12/site-packages/airflow/example_dags/example_params_trigger_ui.py
[2025-04-21T18:41:40.594+0000] {processor.py:830} INFO - Processing file /home/airflow/.local/lib/python3.12/site-packages/airflow/example_dags/example_params_trigger_ui.py for tasks to queue
[2025-04-21T18:41:40.595+0000] {logging_mixin.py:188} INFO - [2025-04-21T18:41:40.595+0000] {dagbag.py:545} INFO - Filling up the DagBag from /home/airflow/.local/lib/python3.12/site-packages/airflow/example_dags/example_params_trigger_ui.py
[2025-04-21T18:41:40.602+0000] {processor.py:840} INFO - DAG(s) 'example_params_trigger_ui' retrieved from /home/airflow/.local/lib/python3.12/site-packages/airflow/example_dags/example_params_trigger_ui.py
[2025-04-21T18:41:40.621+0000] {logging_mixin.py:188} INFO - [2025-04-21T18:41:40.621+0000] {dag.py:3096} INFO - Sync 1 DAGs
[2025-04-21T18:41:40.627+0000] {logging_mixin.py:188} INFO - [2025-04-21T18:41:40.627+0000] {dag.py:3954} INFO - Setting next_dagrun for example_params_trigger_ui to None, run_after=None
[2025-04-21T18:41:40.636+0000] {processor.py:183} INFO - Processing /home/airflow/.local/lib/python3.12/site-packages/airflow/example_dags/example_params_trigger_ui.py took 0.046 seconds
[2025-04-21T18:46:52.826+0000] {processor.py:161} INFO - Started process (PID=93578) to work on /home/airflow/.local/lib/python3.12/site-packages/airflow/example_dags/example_params_trigger_ui.py
[2025-04-21T18:46:52.828+0000] {processor.py:830} INFO - Processing file /home/airflow/.local/lib/python3.12/site-packages/airflow/example_dags/example_params_trigger_ui.py for tasks to queue
[2025-04-21T18:46:52.829+0000] {logging_mixin.py:188} INFO - [2025-04-21T18:46:52.829+0000] {dagbag.py:545} INFO - Filling up the DagBag from /home/airflow/.local/lib/python3.12/site-packages/airflow/example_dags/example_params_trigger_ui.py
[2025-04-21T18:46:52.835+0000] {processor.py:840} INFO - DAG(s) 'example_params_trigger_ui' retrieved from /home/airflow/.local/lib/python3.12/site-packages/airflow/example_dags/example_params_trigger_ui.py
[2025-04-21T18:46:52.944+0000] {logging_mixin.py:188} INFO - [2025-04-21T18:46:52.944+0000] {dag.py:3096} INFO - Sync 1 DAGs
[2025-04-21T18:46:52.952+0000] {logging_mixin.py:188} INFO - [2025-04-21T18:46:52.952+0000] {dag.py:3954} INFO - Setting next_dagrun for example_params_trigger_ui to None, run_after=None
[2025-04-21T18:46:52.959+0000] {processor.py:183} INFO - Processing /home/airflow/.local/lib/python3.12/site-packages/airflow/example_dags/example_params_trigger_ui.py took 0.136 seconds
[2025-04-21T18:52:05.976+0000] {processor.py:161} INFO - Started process (PID=93638) to work on /home/airflow/.local/lib/python3.12/site-packages/airflow/example_dags/example_params_trigger_ui.py
[2025-04-21T18:52:05.976+0000] {processor.py:830} INFO - Processing file /home/airflow/.local/lib/python3.12/site-packages/airflow/example_dags/example_params_trigger_ui.py for tasks to queue
[2025-04-21T18:52:05.977+0000] {logging_mixin.py:188} INFO - [2025-04-21T18:52:05.977+0000] {dagbag.py:545} INFO - Filling up the DagBag from /home/airflow/.local/lib/python3.12/site-packages/airflow/example_dags/example_params_trigger_ui.py
[2025-04-21T18:52:05.983+0000] {processor.py:840} INFO - DAG(s) 'example_params_trigger_ui' retrieved from /home/airflow/.local/lib/python3.12/site-packages/airflow/example_dags/example_params_trigger_ui.py
[2025-04-21T18:52:06.084+0000] {logging_mixin.py:188} INFO - [2025-04-21T18:52:06.084+0000] {dag.py:3096} INFO - Sync 1 DAGs
[2025-04-21T18:52:06.089+0000] {logging_mixin.py:188} INFO - [2025-04-21T18:52:06.088+0000] {dag.py:3954} INFO - Setting next_dagrun for example_params_trigger_ui to None, run_after=None
[2025-04-21T18:52:06.097+0000] {processor.py:183} INFO - Processing /home/airflow/.local/lib/python3.12/site-packages/airflow/example_dags/example_params_trigger_ui.py took 0.124 seconds
[2025-04-21T18:52:37.007+0000] {processor.py:161} INFO - Started process (PID=93698) to work on /home/airflow/.local/lib/python3.12/site-packages/airflow/example_dags/example_params_trigger_ui.py
[2025-04-21T18:52:37.007+0000] {processor.py:830} INFO - Processing file /home/airflow/.local/lib/python3.12/site-packages/airflow/example_dags/example_params_trigger_ui.py for tasks to queue
[2025-04-21T18:52:37.008+0000] {logging_mixin.py:188} INFO - [2025-04-21T18:52:37.008+0000] {dagbag.py:545} INFO - Filling up the DagBag from /home/airflow/.local/lib/python3.12/site-packages/airflow/example_dags/example_params_trigger_ui.py
[2025-04-21T18:52:37.016+0000] {processor.py:840} INFO - DAG(s) 'example_params_trigger_ui' retrieved from /home/airflow/.local/lib/python3.12/site-packages/airflow/example_dags/example_params_trigger_ui.py
[2025-04-21T18:52:37.038+0000] {logging_mixin.py:188} INFO - [2025-04-21T18:52:37.038+0000] {dag.py:3096} INFO - Sync 1 DAGs
[2025-04-21T18:52:37.133+0000] {logging_mixin.py:188} INFO - [2025-04-21T18:52:37.133+0000] {dag.py:3954} INFO - Setting next_dagrun for example_params_trigger_ui to None, run_after=None
[2025-04-21T18:52:37.146+0000] {processor.py:183} INFO - Processing /home/airflow/.local/lib/python3.12/site-packages/airflow/example_dags/example_params_trigger_ui.py took 0.143 seconds
[2025-04-21T18:57:48.711+0000] {processor.py:161} INFO - Started process (PID=93758) to work on /home/airflow/.local/lib/python3.12/site-packages/airflow/example_dags/example_params_trigger_ui.py
[2025-04-21T18:57:48.711+0000] {processor.py:830} INFO - Processing file /home/airflow/.local/lib/python3.12/site-packages/airflow/example_dags/example_params_trigger_ui.py for tasks to queue
[2025-04-21T18:57:48.712+0000] {logging_mixin.py:188} INFO - [2025-04-21T18:57:48.712+0000] {dagbag.py:545} INFO - Filling up the DagBag from /home/airflow/.local/lib/python3.12/site-packages/airflow/example_dags/example_params_trigger_ui.py
[2025-04-21T18:57:48.719+0000] {processor.py:840} INFO - DAG(s) 'example_params_trigger_ui' retrieved from /home/airflow/.local/lib/python3.12/site-packages/airflow/example_dags/example_params_trigger_ui.py
[2025-04-21T18:57:48.743+0000] {logging_mixin.py:188} INFO - [2025-04-21T18:57:48.743+0000] {dag.py:3096} INFO - Sync 1 DAGs
[2025-04-21T18:57:48.750+0000] {logging_mixin.py:188} INFO - [2025-04-21T18:57:48.750+0000] {dag.py:3954} INFO - Setting next_dagrun for example_params_trigger_ui to None, run_after=None
[2025-04-21T18:57:48.757+0000] {processor.py:183} INFO - Processing /home/airflow/.local/lib/python3.12/site-packages/airflow/example_dags/example_params_trigger_ui.py took 0.049 seconds
[2025-04-21T20:03:23.679+0000] {processor.py:161} INFO - Started process (PID=93818) to work on /home/airflow/.local/lib/python3.12/site-packages/airflow/example_dags/example_params_trigger_ui.py
[2025-04-21T20:03:23.679+0000] {processor.py:830} INFO - Processing file /home/airflow/.local/lib/python3.12/site-packages/airflow/example_dags/example_params_trigger_ui.py for tasks to queue
[2025-04-21T20:03:23.680+0000] {logging_mixin.py:188} INFO - [2025-04-21T20:03:23.680+0000] {dagbag.py:545} INFO - Filling up the DagBag from /home/airflow/.local/lib/python3.12/site-packages/airflow/example_dags/example_params_trigger_ui.py
[2025-04-21T20:03:23.687+0000] {processor.py:840} INFO - DAG(s) 'example_params_trigger_ui' retrieved from /home/airflow/.local/lib/python3.12/site-packages/airflow/example_dags/example_params_trigger_ui.py
[2025-04-21T20:03:23.704+0000] {logging_mixin.py:188} INFO - [2025-04-21T20:03:23.704+0000] {dag.py:3096} INFO - Sync 1 DAGs
[2025-04-21T20:03:23.717+0000] {logging_mixin.py:188} INFO - [2025-04-21T20:03:23.717+0000] {dag.py:3954} INFO - Setting next_dagrun for example_params_trigger_ui to None, run_after=None
[2025-04-21T20:03:23.725+0000] {processor.py:183} INFO - Processing /home/airflow/.local/lib/python3.12/site-packages/airflow/example_dags/example_params_trigger_ui.py took 0.048 seconds
[2025-04-21T20:15:53.268+0000] {processor.py:161} INFO - Started process (PID=93878) to work on /home/airflow/.local/lib/python3.12/site-packages/airflow/example_dags/example_params_trigger_ui.py
[2025-04-21T20:15:53.269+0000] {processor.py:830} INFO - Processing file /home/airflow/.local/lib/python3.12/site-packages/airflow/example_dags/example_params_trigger_ui.py for tasks to queue
[2025-04-21T20:15:53.270+0000] {logging_mixin.py:188} INFO - [2025-04-21T20:15:53.270+0000] {dagbag.py:545} INFO - Filling up the DagBag from /home/airflow/.local/lib/python3.12/site-packages/airflow/example_dags/example_params_trigger_ui.py
[2025-04-21T20:15:53.277+0000] {processor.py:840} INFO - DAG(s) 'example_params_trigger_ui' retrieved from /home/airflow/.local/lib/python3.12/site-packages/airflow/example_dags/example_params_trigger_ui.py
[2025-04-21T20:15:53.296+0000] {logging_mixin.py:188} INFO - [2025-04-21T20:15:53.295+0000] {dag.py:3096} INFO - Sync 1 DAGs
[2025-04-21T20:15:53.301+0000] {logging_mixin.py:188} INFO - [2025-04-21T20:15:53.301+0000] {dag.py:3954} INFO - Setting next_dagrun for example_params_trigger_ui to None, run_after=None
[2025-04-21T20:15:53.309+0000] {processor.py:183} INFO - Processing /home/airflow/.local/lib/python3.12/site-packages/airflow/example_dags/example_params_trigger_ui.py took 0.043 seconds
[2025-04-21T20:21:06.630+0000] {processor.py:161} INFO - Started process (PID=93938) to work on /home/airflow/.local/lib/python3.12/site-packages/airflow/example_dags/example_params_trigger_ui.py
[2025-04-21T20:21:06.631+0000] {processor.py:830} INFO - Processing file /home/airflow/.local/lib/python3.12/site-packages/airflow/example_dags/example_params_trigger_ui.py for tasks to queue
[2025-04-21T20:21:06.632+0000] {logging_mixin.py:188} INFO - [2025-04-21T20:21:06.632+0000] {dagbag.py:545} INFO - Filling up the DagBag from /home/airflow/.local/lib/python3.12/site-packages/airflow/example_dags/example_params_trigger_ui.py
[2025-04-21T20:21:06.639+0000] {processor.py:840} INFO - DAG(s) 'example_params_trigger_ui' retrieved from /home/airflow/.local/lib/python3.12/site-packages/airflow/example_dags/example_params_trigger_ui.py
[2025-04-21T20:21:06.659+0000] {logging_mixin.py:188} INFO - [2025-04-21T20:21:06.659+0000] {dag.py:3096} INFO - Sync 1 DAGs
[2025-04-21T20:21:06.665+0000] {logging_mixin.py:188} INFO - [2025-04-21T20:21:06.665+0000] {dag.py:3954} INFO - Setting next_dagrun for example_params_trigger_ui to None, run_after=None
[2025-04-21T20:21:06.678+0000] {processor.py:183} INFO - Processing /home/airflow/.local/lib/python3.12/site-packages/airflow/example_dags/example_params_trigger_ui.py took 0.053 seconds
[2025-04-21T20:22:20.666+0000] {processor.py:161} INFO - Started process (PID=93998) to work on /home/airflow/.local/lib/python3.12/site-packages/airflow/example_dags/example_params_trigger_ui.py
[2025-04-21T20:22:20.667+0000] {processor.py:830} INFO - Processing file /home/airflow/.local/lib/python3.12/site-packages/airflow/example_dags/example_params_trigger_ui.py for tasks to queue
[2025-04-21T20:22:20.667+0000] {logging_mixin.py:188} INFO - [2025-04-21T20:22:20.667+0000] {dagbag.py:545} INFO - Filling up the DagBag from /home/airflow/.local/lib/python3.12/site-packages/airflow/example_dags/example_params_trigger_ui.py
[2025-04-21T20:22:20.679+0000] {processor.py:840} INFO - DAG(s) 'example_params_trigger_ui' retrieved from /home/airflow/.local/lib/python3.12/site-packages/airflow/example_dags/example_params_trigger_ui.py
[2025-04-21T20:22:20.698+0000] {logging_mixin.py:188} INFO - [2025-04-21T20:22:20.698+0000] {dag.py:3096} INFO - Sync 1 DAGs
[2025-04-21T20:22:20.708+0000] {logging_mixin.py:188} INFO - [2025-04-21T20:22:20.708+0000] {dag.py:3954} INFO - Setting next_dagrun for example_params_trigger_ui to None, run_after=None
[2025-04-21T20:22:20.718+0000] {processor.py:183} INFO - Processing /home/airflow/.local/lib/python3.12/site-packages/airflow/example_dags/example_params_trigger_ui.py took 0.055 seconds
[2025-04-21T20:27:34.166+0000] {processor.py:161} INFO - Started process (PID=94058) to work on /home/airflow/.local/lib/python3.12/site-packages/airflow/example_dags/example_params_trigger_ui.py
[2025-04-21T20:27:34.166+0000] {processor.py:830} INFO - Processing file /home/airflow/.local/lib/python3.12/site-packages/airflow/example_dags/example_params_trigger_ui.py for tasks to queue
[2025-04-21T20:27:34.167+0000] {logging_mixin.py:188} INFO - [2025-04-21T20:27:34.167+0000] {dagbag.py:545} INFO - Filling up the DagBag from /home/airflow/.local/lib/python3.12/site-packages/airflow/example_dags/example_params_trigger_ui.py
[2025-04-21T20:27:34.175+0000] {processor.py:840} INFO - DAG(s) 'example_params_trigger_ui' retrieved from /home/airflow/.local/lib/python3.12/site-packages/airflow/example_dags/example_params_trigger_ui.py
[2025-04-21T20:27:34.196+0000] {logging_mixin.py:188} INFO - [2025-04-21T20:27:34.196+0000] {dag.py:3096} INFO - Sync 1 DAGs
[2025-04-21T20:27:34.202+0000] {logging_mixin.py:188} INFO - [2025-04-21T20:27:34.202+0000] {dag.py:3954} INFO - Setting next_dagrun for example_params_trigger_ui to None, run_after=None
[2025-04-21T20:27:34.210+0000] {processor.py:183} INFO - Processing /home/airflow/.local/lib/python3.12/site-packages/airflow/example_dags/example_params_trigger_ui.py took 0.047 seconds
[2025-04-21T20:29:31.502+0000] {processor.py:161} INFO - Started process (PID=94118) to work on /home/airflow/.local/lib/python3.12/site-packages/airflow/example_dags/example_params_trigger_ui.py
[2025-04-21T20:29:31.503+0000] {processor.py:830} INFO - Processing file /home/airflow/.local/lib/python3.12/site-packages/airflow/example_dags/example_params_trigger_ui.py for tasks to queue
[2025-04-21T20:29:31.504+0000] {logging_mixin.py:188} INFO - [2025-04-21T20:29:31.504+0000] {dagbag.py:545} INFO - Filling up the DagBag from /home/airflow/.local/lib/python3.12/site-packages/airflow/example_dags/example_params_trigger_ui.py
[2025-04-21T20:29:31.511+0000] {processor.py:840} INFO - DAG(s) 'example_params_trigger_ui' retrieved from /home/airflow/.local/lib/python3.12/site-packages/airflow/example_dags/example_params_trigger_ui.py
[2025-04-21T20:29:31.528+0000] {logging_mixin.py:188} INFO - [2025-04-21T20:29:31.528+0000] {dag.py:3096} INFO - Sync 1 DAGs
[2025-04-21T20:29:31.534+0000] {logging_mixin.py:188} INFO - [2025-04-21T20:29:31.534+0000] {dag.py:3954} INFO - Setting next_dagrun for example_params_trigger_ui to None, run_after=None
[2025-04-21T20:29:31.543+0000] {processor.py:183} INFO - Processing /home/airflow/.local/lib/python3.12/site-packages/airflow/example_dags/example_params_trigger_ui.py took 0.044 seconds
[2025-04-21T20:30:50.937+0000] {processor.py:161} INFO - Started process (PID=94178) to work on /home/airflow/.local/lib/python3.12/site-packages/airflow/example_dags/example_params_trigger_ui.py
[2025-04-21T20:30:50.938+0000] {processor.py:830} INFO - Processing file /home/airflow/.local/lib/python3.12/site-packages/airflow/example_dags/example_params_trigger_ui.py for tasks to queue
[2025-04-21T20:30:50.939+0000] {logging_mixin.py:188} INFO - [2025-04-21T20:30:50.939+0000] {dagbag.py:545} INFO - Filling up the DagBag from /home/airflow/.local/lib/python3.12/site-packages/airflow/example_dags/example_params_trigger_ui.py
[2025-04-21T20:30:50.946+0000] {processor.py:840} INFO - DAG(s) 'example_params_trigger_ui' retrieved from /home/airflow/.local/lib/python3.12/site-packages/airflow/example_dags/example_params_trigger_ui.py
[2025-04-21T20:30:50.967+0000] {logging_mixin.py:188} INFO - [2025-04-21T20:30:50.967+0000] {dag.py:3096} INFO - Sync 1 DAGs
[2025-04-21T20:30:50.976+0000] {logging_mixin.py:188} INFO - [2025-04-21T20:30:50.976+0000] {dag.py:3954} INFO - Setting next_dagrun for example_params_trigger_ui to None, run_after=None
[2025-04-21T20:30:50.985+0000] {processor.py:183} INFO - Processing /home/airflow/.local/lib/python3.12/site-packages/airflow/example_dags/example_params_trigger_ui.py took 0.051 seconds
[2025-04-21T20:31:32.250+0000] {processor.py:161} INFO - Started process (PID=94238) to work on /home/airflow/.local/lib/python3.12/site-packages/airflow/example_dags/example_params_trigger_ui.py
[2025-04-21T20:31:32.250+0000] {processor.py:830} INFO - Processing file /home/airflow/.local/lib/python3.12/site-packages/airflow/example_dags/example_params_trigger_ui.py for tasks to queue
[2025-04-21T20:31:32.251+0000] {logging_mixin.py:188} INFO - [2025-04-21T20:31:32.251+0000] {dagbag.py:545} INFO - Filling up the DagBag from /home/airflow/.local/lib/python3.12/site-packages/airflow/example_dags/example_params_trigger_ui.py
[2025-04-21T20:31:32.258+0000] {processor.py:840} INFO - DAG(s) 'example_params_trigger_ui' retrieved from /home/airflow/.local/lib/python3.12/site-packages/airflow/example_dags/example_params_trigger_ui.py
[2025-04-21T20:31:32.277+0000] {logging_mixin.py:188} INFO - [2025-04-21T20:31:32.277+0000] {dag.py:3096} INFO - Sync 1 DAGs
[2025-04-21T20:31:32.284+0000] {logging_mixin.py:188} INFO - [2025-04-21T20:31:32.284+0000] {dag.py:3954} INFO - Setting next_dagrun for example_params_trigger_ui to None, run_after=None
[2025-04-21T20:31:32.296+0000] {processor.py:183} INFO - Processing /home/airflow/.local/lib/python3.12/site-packages/airflow/example_dags/example_params_trigger_ui.py took 0.049 seconds
[2025-04-21T20:32:07.497+0000] {processor.py:161} INFO - Started process (PID=94298) to work on /home/airflow/.local/lib/python3.12/site-packages/airflow/example_dags/example_params_trigger_ui.py
[2025-04-21T20:32:07.498+0000] {processor.py:830} INFO - Processing file /home/airflow/.local/lib/python3.12/site-packages/airflow/example_dags/example_params_trigger_ui.py for tasks to queue
[2025-04-21T20:32:07.499+0000] {logging_mixin.py:188} INFO - [2025-04-21T20:32:07.499+0000] {dagbag.py:545} INFO - Filling up the DagBag from /home/airflow/.local/lib/python3.12/site-packages/airflow/example_dags/example_params_trigger_ui.py
[2025-04-21T20:32:07.506+0000] {processor.py:840} INFO - DAG(s) 'example_params_trigger_ui' retrieved from /home/airflow/.local/lib/python3.12/site-packages/airflow/example_dags/example_params_trigger_ui.py
[2025-04-21T20:32:07.524+0000] {logging_mixin.py:188} INFO - [2025-04-21T20:32:07.524+0000] {dag.py:3096} INFO - Sync 1 DAGs
[2025-04-21T20:32:07.530+0000] {logging_mixin.py:188} INFO - [2025-04-21T20:32:07.530+0000] {dag.py:3954} INFO - Setting next_dagrun for example_params_trigger_ui to None, run_after=None
[2025-04-21T20:32:07.544+0000] {processor.py:183} INFO - Processing /home/airflow/.local/lib/python3.12/site-packages/airflow/example_dags/example_params_trigger_ui.py took 0.049 seconds
[2025-04-21T20:33:32.280+0000] {processor.py:161} INFO - Started process (PID=94358) to work on /home/airflow/.local/lib/python3.12/site-packages/airflow/example_dags/example_params_trigger_ui.py
[2025-04-21T20:33:32.281+0000] {processor.py:830} INFO - Processing file /home/airflow/.local/lib/python3.12/site-packages/airflow/example_dags/example_params_trigger_ui.py for tasks to queue
[2025-04-21T20:33:32.281+0000] {logging_mixin.py:188} INFO - [2025-04-21T20:33:32.281+0000] {dagbag.py:545} INFO - Filling up the DagBag from /home/airflow/.local/lib/python3.12/site-packages/airflow/example_dags/example_params_trigger_ui.py
[2025-04-21T20:33:32.288+0000] {processor.py:840} INFO - DAG(s) 'example_params_trigger_ui' retrieved from /home/airflow/.local/lib/python3.12/site-packages/airflow/example_dags/example_params_trigger_ui.py
[2025-04-21T20:33:32.309+0000] {logging_mixin.py:188} INFO - [2025-04-21T20:33:32.309+0000] {dag.py:3096} INFO - Sync 1 DAGs
[2025-04-21T20:33:32.315+0000] {logging_mixin.py:188} INFO - [2025-04-21T20:33:32.315+0000] {dag.py:3954} INFO - Setting next_dagrun for example_params_trigger_ui to None, run_after=None
[2025-04-21T20:33:32.324+0000] {processor.py:183} INFO - Processing /home/airflow/.local/lib/python3.12/site-packages/airflow/example_dags/example_params_trigger_ui.py took 0.046 seconds
[2025-04-21T20:34:54.625+0000] {processor.py:161} INFO - Started process (PID=94418) to work on /home/airflow/.local/lib/python3.12/site-packages/airflow/example_dags/example_params_trigger_ui.py
[2025-04-21T20:34:54.626+0000] {processor.py:830} INFO - Processing file /home/airflow/.local/lib/python3.12/site-packages/airflow/example_dags/example_params_trigger_ui.py for tasks to queue
[2025-04-21T20:34:54.627+0000] {logging_mixin.py:188} INFO - [2025-04-21T20:34:54.627+0000] {dagbag.py:545} INFO - Filling up the DagBag from /home/airflow/.local/lib/python3.12/site-packages/airflow/example_dags/example_params_trigger_ui.py
[2025-04-21T20:34:54.635+0000] {processor.py:840} INFO - DAG(s) 'example_params_trigger_ui' retrieved from /home/airflow/.local/lib/python3.12/site-packages/airflow/example_dags/example_params_trigger_ui.py
[2025-04-21T20:34:54.654+0000] {logging_mixin.py:188} INFO - [2025-04-21T20:34:54.653+0000] {dag.py:3096} INFO - Sync 1 DAGs
[2025-04-21T20:34:54.659+0000] {logging_mixin.py:188} INFO - [2025-04-21T20:34:54.659+0000] {dag.py:3954} INFO - Setting next_dagrun for example_params_trigger_ui to None, run_after=None
[2025-04-21T20:34:54.667+0000] {processor.py:183} INFO - Processing /home/airflow/.local/lib/python3.12/site-packages/airflow/example_dags/example_params_trigger_ui.py took 0.046 seconds
[2025-04-21T20:36:07.935+0000] {processor.py:161} INFO - Started process (PID=94478) to work on /home/airflow/.local/lib/python3.12/site-packages/airflow/example_dags/example_params_trigger_ui.py
[2025-04-21T20:36:07.936+0000] {processor.py:830} INFO - Processing file /home/airflow/.local/lib/python3.12/site-packages/airflow/example_dags/example_params_trigger_ui.py for tasks to queue
[2025-04-21T20:36:07.937+0000] {logging_mixin.py:188} INFO - [2025-04-21T20:36:07.937+0000] {dagbag.py:545} INFO - Filling up the DagBag from /home/airflow/.local/lib/python3.12/site-packages/airflow/example_dags/example_params_trigger_ui.py
[2025-04-21T20:36:07.944+0000] {processor.py:840} INFO - DAG(s) 'example_params_trigger_ui' retrieved from /home/airflow/.local/lib/python3.12/site-packages/airflow/example_dags/example_params_trigger_ui.py
[2025-04-21T20:36:07.963+0000] {logging_mixin.py:188} INFO - [2025-04-21T20:36:07.963+0000] {dag.py:3096} INFO - Sync 1 DAGs
[2025-04-21T20:36:07.968+0000] {logging_mixin.py:188} INFO - [2025-04-21T20:36:07.968+0000] {dag.py:3954} INFO - Setting next_dagrun for example_params_trigger_ui to None, run_after=None
[2025-04-21T20:36:07.977+0000] {processor.py:183} INFO - Processing /home/airflow/.local/lib/python3.12/site-packages/airflow/example_dags/example_params_trigger_ui.py took 0.044 seconds
[2025-04-21T20:37:29.414+0000] {processor.py:161} INFO - Started process (PID=94538) to work on /home/airflow/.local/lib/python3.12/site-packages/airflow/example_dags/example_params_trigger_ui.py
[2025-04-21T20:37:29.415+0000] {processor.py:830} INFO - Processing file /home/airflow/.local/lib/python3.12/site-packages/airflow/example_dags/example_params_trigger_ui.py for tasks to queue
[2025-04-21T20:37:29.415+0000] {logging_mixin.py:188} INFO - [2025-04-21T20:37:29.415+0000] {dagbag.py:545} INFO - Filling up the DagBag from /home/airflow/.local/lib/python3.12/site-packages/airflow/example_dags/example_params_trigger_ui.py
[2025-04-21T20:37:29.422+0000] {processor.py:840} INFO - DAG(s) 'example_params_trigger_ui' retrieved from /home/airflow/.local/lib/python3.12/site-packages/airflow/example_dags/example_params_trigger_ui.py
[2025-04-21T20:37:29.439+0000] {logging_mixin.py:188} INFO - [2025-04-21T20:37:29.439+0000] {dag.py:3096} INFO - Sync 1 DAGs
[2025-04-21T20:37:29.445+0000] {logging_mixin.py:188} INFO - [2025-04-21T20:37:29.445+0000] {dag.py:3954} INFO - Setting next_dagrun for example_params_trigger_ui to None, run_after=None
[2025-04-21T20:37:29.452+0000] {processor.py:183} INFO - Processing /home/airflow/.local/lib/python3.12/site-packages/airflow/example_dags/example_params_trigger_ui.py took 0.041 seconds
[2025-04-21T20:40:16.049+0000] {processor.py:161} INFO - Started process (PID=94598) to work on /home/airflow/.local/lib/python3.12/site-packages/airflow/example_dags/example_params_trigger_ui.py
[2025-04-21T20:40:16.050+0000] {processor.py:830} INFO - Processing file /home/airflow/.local/lib/python3.12/site-packages/airflow/example_dags/example_params_trigger_ui.py for tasks to queue
[2025-04-21T20:40:16.051+0000] {logging_mixin.py:188} INFO - [2025-04-21T20:40:16.050+0000] {dagbag.py:545} INFO - Filling up the DagBag from /home/airflow/.local/lib/python3.12/site-packages/airflow/example_dags/example_params_trigger_ui.py
[2025-04-21T20:40:16.057+0000] {processor.py:840} INFO - DAG(s) 'example_params_trigger_ui' retrieved from /home/airflow/.local/lib/python3.12/site-packages/airflow/example_dags/example_params_trigger_ui.py
[2025-04-21T20:40:16.074+0000] {logging_mixin.py:188} INFO - [2025-04-21T20:40:16.074+0000] {dag.py:3096} INFO - Sync 1 DAGs
[2025-04-21T20:40:16.079+0000] {logging_mixin.py:188} INFO - [2025-04-21T20:40:16.079+0000] {dag.py:3954} INFO - Setting next_dagrun for example_params_trigger_ui to None, run_after=None
[2025-04-21T20:40:16.088+0000] {processor.py:183} INFO - Processing /home/airflow/.local/lib/python3.12/site-packages/airflow/example_dags/example_params_trigger_ui.py took 0.041 seconds
[2025-04-21T20:41:05.996+0000] {processor.py:161} INFO - Started process (PID=94658) to work on /home/airflow/.local/lib/python3.12/site-packages/airflow/example_dags/example_params_trigger_ui.py
[2025-04-21T20:41:05.996+0000] {processor.py:830} INFO - Processing file /home/airflow/.local/lib/python3.12/site-packages/airflow/example_dags/example_params_trigger_ui.py for tasks to queue
[2025-04-21T20:41:05.997+0000] {logging_mixin.py:188} INFO - [2025-04-21T20:41:05.997+0000] {dagbag.py:545} INFO - Filling up the DagBag from /home/airflow/.local/lib/python3.12/site-packages/airflow/example_dags/example_params_trigger_ui.py
[2025-04-21T20:41:06.004+0000] {processor.py:840} INFO - DAG(s) 'example_params_trigger_ui' retrieved from /home/airflow/.local/lib/python3.12/site-packages/airflow/example_dags/example_params_trigger_ui.py
[2025-04-21T20:41:06.021+0000] {logging_mixin.py:188} INFO - [2025-04-21T20:41:06.021+0000] {dag.py:3096} INFO - Sync 1 DAGs
[2025-04-21T20:41:06.026+0000] {logging_mixin.py:188} INFO - [2025-04-21T20:41:06.026+0000] {dag.py:3954} INFO - Setting next_dagrun for example_params_trigger_ui to None, run_after=None
[2025-04-21T20:41:06.034+0000] {processor.py:183} INFO - Processing /home/airflow/.local/lib/python3.12/site-packages/airflow/example_dags/example_params_trigger_ui.py took 0.041 seconds
[2025-04-21T20:41:48.746+0000] {processor.py:161} INFO - Started process (PID=94718) to work on /home/airflow/.local/lib/python3.12/site-packages/airflow/example_dags/example_params_trigger_ui.py
[2025-04-21T20:41:48.746+0000] {processor.py:830} INFO - Processing file /home/airflow/.local/lib/python3.12/site-packages/airflow/example_dags/example_params_trigger_ui.py for tasks to queue
[2025-04-21T20:41:48.747+0000] {logging_mixin.py:188} INFO - [2025-04-21T20:41:48.747+0000] {dagbag.py:545} INFO - Filling up the DagBag from /home/airflow/.local/lib/python3.12/site-packages/airflow/example_dags/example_params_trigger_ui.py
[2025-04-21T20:41:48.754+0000] {processor.py:840} INFO - DAG(s) 'example_params_trigger_ui' retrieved from /home/airflow/.local/lib/python3.12/site-packages/airflow/example_dags/example_params_trigger_ui.py
[2025-04-21T20:41:48.772+0000] {logging_mixin.py:188} INFO - [2025-04-21T20:41:48.772+0000] {dag.py:3096} INFO - Sync 1 DAGs
[2025-04-21T20:41:48.777+0000] {logging_mixin.py:188} INFO - [2025-04-21T20:41:48.777+0000] {dag.py:3954} INFO - Setting next_dagrun for example_params_trigger_ui to None, run_after=None
[2025-04-21T20:41:48.785+0000] {processor.py:183} INFO - Processing /home/airflow/.local/lib/python3.12/site-packages/airflow/example_dags/example_params_trigger_ui.py took 0.042 seconds
[2025-04-21T20:42:33.861+0000] {processor.py:161} INFO - Started process (PID=94778) to work on /home/airflow/.local/lib/python3.12/site-packages/airflow/example_dags/example_params_trigger_ui.py
[2025-04-21T20:42:33.862+0000] {processor.py:830} INFO - Processing file /home/airflow/.local/lib/python3.12/site-packages/airflow/example_dags/example_params_trigger_ui.py for tasks to queue
[2025-04-21T20:42:33.863+0000] {logging_mixin.py:188} INFO - [2025-04-21T20:42:33.863+0000] {dagbag.py:545} INFO - Filling up the DagBag from /home/airflow/.local/lib/python3.12/site-packages/airflow/example_dags/example_params_trigger_ui.py
[2025-04-21T20:42:33.869+0000] {processor.py:840} INFO - DAG(s) 'example_params_trigger_ui' retrieved from /home/airflow/.local/lib/python3.12/site-packages/airflow/example_dags/example_params_trigger_ui.py
[2025-04-21T20:42:33.892+0000] {logging_mixin.py:188} INFO - [2025-04-21T20:42:33.892+0000] {dag.py:3096} INFO - Sync 1 DAGs
[2025-04-21T20:42:33.899+0000] {logging_mixin.py:188} INFO - [2025-04-21T20:42:33.899+0000] {dag.py:3954} INFO - Setting next_dagrun for example_params_trigger_ui to None, run_after=None
[2025-04-21T20:42:33.909+0000] {processor.py:183} INFO - Processing /home/airflow/.local/lib/python3.12/site-packages/airflow/example_dags/example_params_trigger_ui.py took 0.051 seconds
[2025-04-21T20:43:36.622+0000] {processor.py:161} INFO - Started process (PID=94838) to work on /home/airflow/.local/lib/python3.12/site-packages/airflow/example_dags/example_params_trigger_ui.py
[2025-04-21T20:43:36.623+0000] {processor.py:830} INFO - Processing file /home/airflow/.local/lib/python3.12/site-packages/airflow/example_dags/example_params_trigger_ui.py for tasks to queue
[2025-04-21T20:43:36.623+0000] {logging_mixin.py:188} INFO - [2025-04-21T20:43:36.623+0000] {dagbag.py:545} INFO - Filling up the DagBag from /home/airflow/.local/lib/python3.12/site-packages/airflow/example_dags/example_params_trigger_ui.py
[2025-04-21T20:43:36.630+0000] {processor.py:840} INFO - DAG(s) 'example_params_trigger_ui' retrieved from /home/airflow/.local/lib/python3.12/site-packages/airflow/example_dags/example_params_trigger_ui.py
[2025-04-21T20:43:36.697+0000] {logging_mixin.py:188} INFO - [2025-04-21T20:43:36.697+0000] {dag.py:3096} INFO - Sync 1 DAGs
[2025-04-21T20:43:36.756+0000] {logging_mixin.py:188} INFO - [2025-04-21T20:43:36.755+0000] {dag.py:3954} INFO - Setting next_dagrun for example_params_trigger_ui to None, run_after=None
[2025-04-21T20:43:36.803+0000] {processor.py:183} INFO - Processing /home/airflow/.local/lib/python3.12/site-packages/airflow/example_dags/example_params_trigger_ui.py took 0.184 seconds
[2025-04-21T20:44:40.810+0000] {processor.py:161} INFO - Started process (PID=94898) to work on /home/airflow/.local/lib/python3.12/site-packages/airflow/example_dags/example_params_trigger_ui.py
[2025-04-21T20:44:40.810+0000] {processor.py:830} INFO - Processing file /home/airflow/.local/lib/python3.12/site-packages/airflow/example_dags/example_params_trigger_ui.py for tasks to queue
[2025-04-21T20:44:40.811+0000] {logging_mixin.py:188} INFO - [2025-04-21T20:44:40.811+0000] {dagbag.py:545} INFO - Filling up the DagBag from /home/airflow/.local/lib/python3.12/site-packages/airflow/example_dags/example_params_trigger_ui.py
[2025-04-21T20:44:40.818+0000] {processor.py:840} INFO - DAG(s) 'example_params_trigger_ui' retrieved from /home/airflow/.local/lib/python3.12/site-packages/airflow/example_dags/example_params_trigger_ui.py
[2025-04-21T20:44:40.836+0000] {logging_mixin.py:188} INFO - [2025-04-21T20:44:40.836+0000] {dag.py:3096} INFO - Sync 1 DAGs
[2025-04-21T20:44:40.842+0000] {logging_mixin.py:188} INFO - [2025-04-21T20:44:40.842+0000] {dag.py:3954} INFO - Setting next_dagrun for example_params_trigger_ui to None, run_after=None
[2025-04-21T20:44:40.855+0000] {processor.py:183} INFO - Processing /home/airflow/.local/lib/python3.12/site-packages/airflow/example_dags/example_params_trigger_ui.py took 0.048 seconds
[2025-04-21T20:45:22.288+0000] {processor.py:161} INFO - Started process (PID=94958) to work on /home/airflow/.local/lib/python3.12/site-packages/airflow/example_dags/example_params_trigger_ui.py
[2025-04-21T20:45:22.288+0000] {processor.py:830} INFO - Processing file /home/airflow/.local/lib/python3.12/site-packages/airflow/example_dags/example_params_trigger_ui.py for tasks to queue
[2025-04-21T20:45:22.289+0000] {logging_mixin.py:188} INFO - [2025-04-21T20:45:22.289+0000] {dagbag.py:545} INFO - Filling up the DagBag from /home/airflow/.local/lib/python3.12/site-packages/airflow/example_dags/example_params_trigger_ui.py
[2025-04-21T20:45:22.295+0000] {processor.py:840} INFO - DAG(s) 'example_params_trigger_ui' retrieved from /home/airflow/.local/lib/python3.12/site-packages/airflow/example_dags/example_params_trigger_ui.py
[2025-04-21T20:45:22.312+0000] {logging_mixin.py:188} INFO - [2025-04-21T20:45:22.312+0000] {dag.py:3096} INFO - Sync 1 DAGs
[2025-04-21T20:45:22.317+0000] {logging_mixin.py:188} INFO - [2025-04-21T20:45:22.317+0000] {dag.py:3954} INFO - Setting next_dagrun for example_params_trigger_ui to None, run_after=None
[2025-04-21T20:45:22.325+0000] {processor.py:183} INFO - Processing /home/airflow/.local/lib/python3.12/site-packages/airflow/example_dags/example_params_trigger_ui.py took 0.040 seconds
[2025-04-21T20:50:34.940+0000] {processor.py:161} INFO - Started process (PID=95018) to work on /home/airflow/.local/lib/python3.12/site-packages/airflow/example_dags/example_params_trigger_ui.py
[2025-04-21T20:50:34.941+0000] {processor.py:830} INFO - Processing file /home/airflow/.local/lib/python3.12/site-packages/airflow/example_dags/example_params_trigger_ui.py for tasks to queue
[2025-04-21T20:50:34.942+0000] {logging_mixin.py:188} INFO - [2025-04-21T20:50:34.942+0000] {dagbag.py:545} INFO - Filling up the DagBag from /home/airflow/.local/lib/python3.12/site-packages/airflow/example_dags/example_params_trigger_ui.py
[2025-04-21T20:50:34.949+0000] {processor.py:840} INFO - DAG(s) 'example_params_trigger_ui' retrieved from /home/airflow/.local/lib/python3.12/site-packages/airflow/example_dags/example_params_trigger_ui.py
[2025-04-21T20:50:34.966+0000] {logging_mixin.py:188} INFO - [2025-04-21T20:50:34.966+0000] {dag.py:3096} INFO - Sync 1 DAGs
[2025-04-21T20:50:34.971+0000] {logging_mixin.py:188} INFO - [2025-04-21T20:50:34.971+0000] {dag.py:3954} INFO - Setting next_dagrun for example_params_trigger_ui to None, run_after=None
[2025-04-21T20:50:34.978+0000] {processor.py:183} INFO - Processing /home/airflow/.local/lib/python3.12/site-packages/airflow/example_dags/example_params_trigger_ui.py took 0.040 seconds
[2025-04-21T20:51:05.160+0000] {processor.py:161} INFO - Started process (PID=95076) to work on /home/airflow/.local/lib/python3.12/site-packages/airflow/example_dags/example_params_trigger_ui.py
[2025-04-21T20:51:05.162+0000] {processor.py:830} INFO - Processing file /home/airflow/.local/lib/python3.12/site-packages/airflow/example_dags/example_params_trigger_ui.py for tasks to queue
[2025-04-21T20:51:05.164+0000] {logging_mixin.py:188} INFO - [2025-04-21T20:51:05.164+0000] {dagbag.py:545} INFO - Filling up the DagBag from /home/airflow/.local/lib/python3.12/site-packages/airflow/example_dags/example_params_trigger_ui.py
[2025-04-21T20:51:05.171+0000] {processor.py:840} INFO - DAG(s) 'example_params_trigger_ui' retrieved from /home/airflow/.local/lib/python3.12/site-packages/airflow/example_dags/example_params_trigger_ui.py
[2025-04-21T20:51:05.192+0000] {logging_mixin.py:188} INFO - [2025-04-21T20:51:05.192+0000] {dag.py:3096} INFO - Sync 1 DAGs
[2025-04-21T20:51:05.199+0000] {logging_mixin.py:188} INFO - [2025-04-21T20:51:05.199+0000] {dag.py:3954} INFO - Setting next_dagrun for example_params_trigger_ui to None, run_after=None
[2025-04-21T20:51:05.211+0000] {processor.py:183} INFO - Processing /home/airflow/.local/lib/python3.12/site-packages/airflow/example_dags/example_params_trigger_ui.py took 0.056 seconds
[2025-04-21T20:56:18.570+0000] {processor.py:161} INFO - Started process (PID=95138) to work on /home/airflow/.local/lib/python3.12/site-packages/airflow/example_dags/example_params_trigger_ui.py
[2025-04-21T20:56:18.570+0000] {processor.py:830} INFO - Processing file /home/airflow/.local/lib/python3.12/site-packages/airflow/example_dags/example_params_trigger_ui.py for tasks to queue
[2025-04-21T20:56:18.571+0000] {logging_mixin.py:188} INFO - [2025-04-21T20:56:18.571+0000] {dagbag.py:545} INFO - Filling up the DagBag from /home/airflow/.local/lib/python3.12/site-packages/airflow/example_dags/example_params_trigger_ui.py
[2025-04-21T20:56:18.577+0000] {processor.py:840} INFO - DAG(s) 'example_params_trigger_ui' retrieved from /home/airflow/.local/lib/python3.12/site-packages/airflow/example_dags/example_params_trigger_ui.py
[2025-04-21T20:56:18.594+0000] {logging_mixin.py:188} INFO - [2025-04-21T20:56:18.594+0000] {dag.py:3096} INFO - Sync 1 DAGs
[2025-04-21T20:56:18.599+0000] {logging_mixin.py:188} INFO - [2025-04-21T20:56:18.599+0000] {dag.py:3954} INFO - Setting next_dagrun for example_params_trigger_ui to None, run_after=None
[2025-04-21T20:56:18.606+0000] {processor.py:183} INFO - Processing /home/airflow/.local/lib/python3.12/site-packages/airflow/example_dags/example_params_trigger_ui.py took 0.040 seconds
[2025-04-21T21:46:40.007+0000] {processor.py:161} INFO - Started process (PID=95198) to work on /home/airflow/.local/lib/python3.12/site-packages/airflow/example_dags/example_params_trigger_ui.py
[2025-04-21T21:46:40.008+0000] {processor.py:830} INFO - Processing file /home/airflow/.local/lib/python3.12/site-packages/airflow/example_dags/example_params_trigger_ui.py for tasks to queue
[2025-04-21T21:46:40.008+0000] {logging_mixin.py:188} INFO - [2025-04-21T21:46:40.008+0000] {dagbag.py:545} INFO - Filling up the DagBag from /home/airflow/.local/lib/python3.12/site-packages/airflow/example_dags/example_params_trigger_ui.py
[2025-04-21T21:46:40.015+0000] {processor.py:840} INFO - DAG(s) 'example_params_trigger_ui' retrieved from /home/airflow/.local/lib/python3.12/site-packages/airflow/example_dags/example_params_trigger_ui.py
[2025-04-21T21:46:40.032+0000] {logging_mixin.py:188} INFO - [2025-04-21T21:46:40.032+0000] {dag.py:3096} INFO - Sync 1 DAGs
[2025-04-21T21:46:40.038+0000] {logging_mixin.py:188} INFO - [2025-04-21T21:46:40.037+0000] {dag.py:3954} INFO - Setting next_dagrun for example_params_trigger_ui to None, run_after=None
[2025-04-21T21:46:40.045+0000] {processor.py:183} INFO - Processing /home/airflow/.local/lib/python3.12/site-packages/airflow/example_dags/example_params_trigger_ui.py took 0.041 seconds
[2025-04-21T21:47:10.323+0000] {processor.py:161} INFO - Started process (PID=95256) to work on /home/airflow/.local/lib/python3.12/site-packages/airflow/example_dags/example_params_trigger_ui.py
[2025-04-21T21:47:10.323+0000] {processor.py:830} INFO - Processing file /home/airflow/.local/lib/python3.12/site-packages/airflow/example_dags/example_params_trigger_ui.py for tasks to queue
[2025-04-21T21:47:10.324+0000] {logging_mixin.py:188} INFO - [2025-04-21T21:47:10.324+0000] {dagbag.py:545} INFO - Filling up the DagBag from /home/airflow/.local/lib/python3.12/site-packages/airflow/example_dags/example_params_trigger_ui.py
[2025-04-21T21:47:10.335+0000] {processor.py:840} INFO - DAG(s) 'example_params_trigger_ui' retrieved from /home/airflow/.local/lib/python3.12/site-packages/airflow/example_dags/example_params_trigger_ui.py
[2025-04-21T21:47:10.359+0000] {logging_mixin.py:188} INFO - [2025-04-21T21:47:10.359+0000] {dag.py:3096} INFO - Sync 1 DAGs
[2025-04-21T21:47:10.366+0000] {logging_mixin.py:188} INFO - [2025-04-21T21:47:10.366+0000] {dag.py:3954} INFO - Setting next_dagrun for example_params_trigger_ui to None, run_after=None
[2025-04-21T21:47:10.381+0000] {processor.py:183} INFO - Processing /home/airflow/.local/lib/python3.12/site-packages/airflow/example_dags/example_params_trigger_ui.py took 0.062 seconds
[2025-04-21T21:52:23.090+0000] {processor.py:161} INFO - Started process (PID=95318) to work on /home/airflow/.local/lib/python3.12/site-packages/airflow/example_dags/example_params_trigger_ui.py
[2025-04-21T21:52:23.091+0000] {processor.py:830} INFO - Processing file /home/airflow/.local/lib/python3.12/site-packages/airflow/example_dags/example_params_trigger_ui.py for tasks to queue
[2025-04-21T21:52:23.092+0000] {logging_mixin.py:188} INFO - [2025-04-21T21:52:23.092+0000] {dagbag.py:545} INFO - Filling up the DagBag from /home/airflow/.local/lib/python3.12/site-packages/airflow/example_dags/example_params_trigger_ui.py
[2025-04-21T21:52:23.098+0000] {processor.py:840} INFO - DAG(s) 'example_params_trigger_ui' retrieved from /home/airflow/.local/lib/python3.12/site-packages/airflow/example_dags/example_params_trigger_ui.py
[2025-04-21T21:52:23.119+0000] {logging_mixin.py:188} INFO - [2025-04-21T21:52:23.119+0000] {dag.py:3096} INFO - Sync 1 DAGs
[2025-04-21T21:52:23.126+0000] {logging_mixin.py:188} INFO - [2025-04-21T21:52:23.126+0000] {dag.py:3954} INFO - Setting next_dagrun for example_params_trigger_ui to None, run_after=None
[2025-04-21T21:52:23.134+0000] {processor.py:183} INFO - Processing /home/airflow/.local/lib/python3.12/site-packages/airflow/example_dags/example_params_trigger_ui.py took 0.048 seconds
[2025-04-21T21:57:35.755+0000] {processor.py:161} INFO - Started process (PID=95378) to work on /home/airflow/.local/lib/python3.12/site-packages/airflow/example_dags/example_params_trigger_ui.py
[2025-04-21T21:57:35.756+0000] {processor.py:830} INFO - Processing file /home/airflow/.local/lib/python3.12/site-packages/airflow/example_dags/example_params_trigger_ui.py for tasks to queue
[2025-04-21T21:57:35.756+0000] {logging_mixin.py:188} INFO - [2025-04-21T21:57:35.756+0000] {dagbag.py:545} INFO - Filling up the DagBag from /home/airflow/.local/lib/python3.12/site-packages/airflow/example_dags/example_params_trigger_ui.py
[2025-04-21T21:57:35.763+0000] {processor.py:840} INFO - DAG(s) 'example_params_trigger_ui' retrieved from /home/airflow/.local/lib/python3.12/site-packages/airflow/example_dags/example_params_trigger_ui.py
[2025-04-21T21:57:35.781+0000] {logging_mixin.py:188} INFO - [2025-04-21T21:57:35.781+0000] {dag.py:3096} INFO - Sync 1 DAGs
[2025-04-21T21:57:35.786+0000] {logging_mixin.py:188} INFO - [2025-04-21T21:57:35.786+0000] {dag.py:3954} INFO - Setting next_dagrun for example_params_trigger_ui to None, run_after=None
[2025-04-21T21:57:35.794+0000] {processor.py:183} INFO - Processing /home/airflow/.local/lib/python3.12/site-packages/airflow/example_dags/example_params_trigger_ui.py took 0.042 seconds
[2025-04-21T22:02:48.649+0000] {processor.py:161} INFO - Started process (PID=95438) to work on /home/airflow/.local/lib/python3.12/site-packages/airflow/example_dags/example_params_trigger_ui.py
[2025-04-21T22:02:48.650+0000] {processor.py:830} INFO - Processing file /home/airflow/.local/lib/python3.12/site-packages/airflow/example_dags/example_params_trigger_ui.py for tasks to queue
[2025-04-21T22:02:48.651+0000] {logging_mixin.py:188} INFO - [2025-04-21T22:02:48.651+0000] {dagbag.py:545} INFO - Filling up the DagBag from /home/airflow/.local/lib/python3.12/site-packages/airflow/example_dags/example_params_trigger_ui.py
[2025-04-21T22:02:48.658+0000] {processor.py:840} INFO - DAG(s) 'example_params_trigger_ui' retrieved from /home/airflow/.local/lib/python3.12/site-packages/airflow/example_dags/example_params_trigger_ui.py
[2025-04-21T22:02:48.678+0000] {logging_mixin.py:188} INFO - [2025-04-21T22:02:48.678+0000] {dag.py:3096} INFO - Sync 1 DAGs
[2025-04-21T22:02:48.684+0000] {logging_mixin.py:188} INFO - [2025-04-21T22:02:48.684+0000] {dag.py:3954} INFO - Setting next_dagrun for example_params_trigger_ui to None, run_after=None
[2025-04-21T22:02:48.692+0000] {processor.py:183} INFO - Processing /home/airflow/.local/lib/python3.12/site-packages/airflow/example_dags/example_params_trigger_ui.py took 0.047 seconds
[2025-04-21T22:03:19.410+0000] {processor.py:161} INFO - Started process (PID=95498) to work on /home/airflow/.local/lib/python3.12/site-packages/airflow/example_dags/example_params_trigger_ui.py
[2025-04-21T22:03:19.410+0000] {processor.py:830} INFO - Processing file /home/airflow/.local/lib/python3.12/site-packages/airflow/example_dags/example_params_trigger_ui.py for tasks to queue
[2025-04-21T22:03:19.411+0000] {logging_mixin.py:188} INFO - [2025-04-21T22:03:19.411+0000] {dagbag.py:545} INFO - Filling up the DagBag from /home/airflow/.local/lib/python3.12/site-packages/airflow/example_dags/example_params_trigger_ui.py
[2025-04-21T22:03:19.418+0000] {processor.py:840} INFO - DAG(s) 'example_params_trigger_ui' retrieved from /home/airflow/.local/lib/python3.12/site-packages/airflow/example_dags/example_params_trigger_ui.py
[2025-04-21T22:03:19.438+0000] {logging_mixin.py:188} INFO - [2025-04-21T22:03:19.438+0000] {dag.py:3096} INFO - Sync 1 DAGs
[2025-04-21T22:03:19.444+0000] {logging_mixin.py:188} INFO - [2025-04-21T22:03:19.444+0000] {dag.py:3954} INFO - Setting next_dagrun for example_params_trigger_ui to None, run_after=None
[2025-04-21T22:03:19.456+0000] {processor.py:183} INFO - Processing /home/airflow/.local/lib/python3.12/site-packages/airflow/example_dags/example_params_trigger_ui.py took 0.049 seconds
[2025-04-21T22:11:05.342+0000] {processor.py:161} INFO - Started process (PID=95558) to work on /home/airflow/.local/lib/python3.12/site-packages/airflow/example_dags/example_params_trigger_ui.py
[2025-04-21T22:11:05.342+0000] {processor.py:830} INFO - Processing file /home/airflow/.local/lib/python3.12/site-packages/airflow/example_dags/example_params_trigger_ui.py for tasks to queue
[2025-04-21T22:11:05.343+0000] {logging_mixin.py:188} INFO - [2025-04-21T22:11:05.343+0000] {dagbag.py:545} INFO - Filling up the DagBag from /home/airflow/.local/lib/python3.12/site-packages/airflow/example_dags/example_params_trigger_ui.py
[2025-04-21T22:11:05.350+0000] {processor.py:840} INFO - DAG(s) 'example_params_trigger_ui' retrieved from /home/airflow/.local/lib/python3.12/site-packages/airflow/example_dags/example_params_trigger_ui.py
[2025-04-21T22:11:05.373+0000] {logging_mixin.py:188} INFO - [2025-04-21T22:11:05.373+0000] {dag.py:3096} INFO - Sync 1 DAGs
[2025-04-21T22:11:05.381+0000] {logging_mixin.py:188} INFO - [2025-04-21T22:11:05.381+0000] {dag.py:3954} INFO - Setting next_dagrun for example_params_trigger_ui to None, run_after=None
[2025-04-21T22:11:05.392+0000] {processor.py:183} INFO - Processing /home/airflow/.local/lib/python3.12/site-packages/airflow/example_dags/example_params_trigger_ui.py took 0.054 seconds
[2025-04-21T22:16:18.449+0000] {processor.py:161} INFO - Started process (PID=95618) to work on /home/airflow/.local/lib/python3.12/site-packages/airflow/example_dags/example_params_trigger_ui.py
[2025-04-21T22:16:18.450+0000] {processor.py:830} INFO - Processing file /home/airflow/.local/lib/python3.12/site-packages/airflow/example_dags/example_params_trigger_ui.py for tasks to queue
[2025-04-21T22:16:18.452+0000] {logging_mixin.py:188} INFO - [2025-04-21T22:16:18.451+0000] {dagbag.py:545} INFO - Filling up the DagBag from /home/airflow/.local/lib/python3.12/site-packages/airflow/example_dags/example_params_trigger_ui.py
[2025-04-21T22:16:18.460+0000] {processor.py:840} INFO - DAG(s) 'example_params_trigger_ui' retrieved from /home/airflow/.local/lib/python3.12/site-packages/airflow/example_dags/example_params_trigger_ui.py
[2025-04-21T22:16:18.479+0000] {logging_mixin.py:188} INFO - [2025-04-21T22:16:18.479+0000] {dag.py:3096} INFO - Sync 1 DAGs
[2025-04-21T22:16:18.485+0000] {logging_mixin.py:188} INFO - [2025-04-21T22:16:18.485+0000] {dag.py:3954} INFO - Setting next_dagrun for example_params_trigger_ui to None, run_after=None
[2025-04-21T22:16:18.492+0000] {processor.py:183} INFO - Processing /home/airflow/.local/lib/python3.12/site-packages/airflow/example_dags/example_params_trigger_ui.py took 0.047 seconds
[2025-04-21T22:34:09.901+0000] {processor.py:161} INFO - Started process (PID=95678) to work on /home/airflow/.local/lib/python3.12/site-packages/airflow/example_dags/example_params_trigger_ui.py
[2025-04-21T22:34:09.902+0000] {processor.py:830} INFO - Processing file /home/airflow/.local/lib/python3.12/site-packages/airflow/example_dags/example_params_trigger_ui.py for tasks to queue
[2025-04-21T22:34:09.904+0000] {logging_mixin.py:188} INFO - [2025-04-21T22:34:09.904+0000] {dagbag.py:545} INFO - Filling up the DagBag from /home/airflow/.local/lib/python3.12/site-packages/airflow/example_dags/example_params_trigger_ui.py
[2025-04-21T22:34:09.919+0000] {processor.py:840} INFO - DAG(s) 'example_params_trigger_ui' retrieved from /home/airflow/.local/lib/python3.12/site-packages/airflow/example_dags/example_params_trigger_ui.py
[2025-04-21T22:34:09.948+0000] {logging_mixin.py:188} INFO - [2025-04-21T22:34:09.947+0000] {dag.py:3096} INFO - Sync 1 DAGs
[2025-04-21T22:34:09.957+0000] {logging_mixin.py:188} INFO - [2025-04-21T22:34:09.957+0000] {dag.py:3954} INFO - Setting next_dagrun for example_params_trigger_ui to None, run_after=None
[2025-04-21T22:34:09.973+0000] {processor.py:183} INFO - Processing /home/airflow/.local/lib/python3.12/site-packages/airflow/example_dags/example_params_trigger_ui.py took 0.080 seconds
[2025-04-21T22:39:22.456+0000] {processor.py:161} INFO - Started process (PID=95738) to work on /home/airflow/.local/lib/python3.12/site-packages/airflow/example_dags/example_params_trigger_ui.py
[2025-04-21T22:39:22.457+0000] {processor.py:830} INFO - Processing file /home/airflow/.local/lib/python3.12/site-packages/airflow/example_dags/example_params_trigger_ui.py for tasks to queue
[2025-04-21T22:39:22.458+0000] {logging_mixin.py:188} INFO - [2025-04-21T22:39:22.457+0000] {dagbag.py:545} INFO - Filling up the DagBag from /home/airflow/.local/lib/python3.12/site-packages/airflow/example_dags/example_params_trigger_ui.py
[2025-04-21T22:39:22.465+0000] {processor.py:840} INFO - DAG(s) 'example_params_trigger_ui' retrieved from /home/airflow/.local/lib/python3.12/site-packages/airflow/example_dags/example_params_trigger_ui.py
[2025-04-21T22:39:22.482+0000] {logging_mixin.py:188} INFO - [2025-04-21T22:39:22.482+0000] {dag.py:3096} INFO - Sync 1 DAGs
[2025-04-21T22:39:22.487+0000] {logging_mixin.py:188} INFO - [2025-04-21T22:39:22.487+0000] {dag.py:3954} INFO - Setting next_dagrun for example_params_trigger_ui to None, run_after=None
[2025-04-21T22:39:22.495+0000] {processor.py:183} INFO - Processing /home/airflow/.local/lib/python3.12/site-packages/airflow/example_dags/example_params_trigger_ui.py took 0.042 seconds
