[2025-04-21T00:38:23.375+0000] {processor.py:161} INFO - Started process (PID=91353) to work on /home/airflow/.local/lib/python3.12/site-packages/airflow/example_dags/example_skip_dag.py
[2025-04-21T00:38:23.376+0000] {processor.py:830} INFO - Processing file /home/airflow/.local/lib/python3.12/site-packages/airflow/example_dags/example_skip_dag.py for tasks to queue
[2025-04-21T00:38:23.376+0000] {logging_mixin.py:188} INFO - [2025-04-21T00:38:23.376+0000] {dagbag.py:545} INFO - Filling up the DagBag from /home/airflow/.local/lib/python3.12/site-packages/airflow/example_dags/example_skip_dag.py
[2025-04-21T00:38:23.380+0000] {processor.py:840} INFO - DAG(s) 'example_skip_dag' retrieved from /home/airflow/.local/lib/python3.12/site-packages/airflow/example_dags/example_skip_dag.py
[2025-04-21T00:38:23.391+0000] {logging_mixin.py:188} INFO - [2025-04-21T00:38:23.391+0000] {dag.py:3096} INFO - Sync 1 DAGs
[2025-04-21T00:38:23.403+0000] {logging_mixin.py:188} INFO - [2025-04-21T00:38:23.403+0000] {dag.py:3954} INFO - Setting next_dagrun for example_skip_dag to 2025-04-20 00:00:00+00:00, run_after=2025-04-21 00:00:00+00:00
[2025-04-21T00:38:23.416+0000] {processor.py:183} INFO - Processing /home/airflow/.local/lib/python3.12/site-packages/airflow/example_dags/example_skip_dag.py took 0.045 seconds
[2025-04-21T01:37:13.583+0000] {processor.py:161} INFO - Started process (PID=91413) to work on /home/airflow/.local/lib/python3.12/site-packages/airflow/example_dags/example_skip_dag.py
[2025-04-21T01:37:13.584+0000] {processor.py:830} INFO - Processing file /home/airflow/.local/lib/python3.12/site-packages/airflow/example_dags/example_skip_dag.py for tasks to queue
[2025-04-21T01:37:13.586+0000] {logging_mixin.py:188} INFO - [2025-04-21T01:37:13.586+0000] {dagbag.py:545} INFO - Filling up the DagBag from /home/airflow/.local/lib/python3.12/site-packages/airflow/example_dags/example_skip_dag.py
[2025-04-21T01:37:13.591+0000] {processor.py:840} INFO - DAG(s) 'example_skip_dag' retrieved from /home/airflow/.local/lib/python3.12/site-packages/airflow/example_dags/example_skip_dag.py
[2025-04-21T01:37:13.604+0000] {logging_mixin.py:188} INFO - [2025-04-21T01:37:13.604+0000] {dag.py:3096} INFO - Sync 1 DAGs
[2025-04-21T01:37:13.615+0000] {logging_mixin.py:188} INFO - [2025-04-21T01:37:13.615+0000] {dag.py:3954} INFO - Setting next_dagrun for example_skip_dag to 2025-04-20 00:00:00+00:00, run_after=2025-04-21 00:00:00+00:00
[2025-04-21T01:37:13.624+0000] {processor.py:183} INFO - Processing /home/airflow/.local/lib/python3.12/site-packages/airflow/example_dags/example_skip_dag.py took 0.044 seconds
[2025-04-21T01:37:43.911+0000] {processor.py:161} INFO - Started process (PID=91470) to work on /home/airflow/.local/lib/python3.12/site-packages/airflow/example_dags/example_skip_dag.py
[2025-04-21T01:37:43.911+0000] {processor.py:830} INFO - Processing file /home/airflow/.local/lib/python3.12/site-packages/airflow/example_dags/example_skip_dag.py for tasks to queue
[2025-04-21T01:37:43.912+0000] {logging_mixin.py:188} INFO - [2025-04-21T01:37:43.912+0000] {dagbag.py:545} INFO - Filling up the DagBag from /home/airflow/.local/lib/python3.12/site-packages/airflow/example_dags/example_skip_dag.py
[2025-04-21T01:37:43.915+0000] {processor.py:840} INFO - DAG(s) 'example_skip_dag' retrieved from /home/airflow/.local/lib/python3.12/site-packages/airflow/example_dags/example_skip_dag.py
[2025-04-21T01:37:43.924+0000] {logging_mixin.py:188} INFO - [2025-04-21T01:37:43.924+0000] {dag.py:3096} INFO - Sync 1 DAGs
[2025-04-21T01:37:43.933+0000] {logging_mixin.py:188} INFO - [2025-04-21T01:37:43.933+0000] {dag.py:3954} INFO - Setting next_dagrun for example_skip_dag to 2025-04-20 00:00:00+00:00, run_after=2025-04-21 00:00:00+00:00
[2025-04-21T01:37:43.941+0000] {processor.py:183} INFO - Processing /home/airflow/.local/lib/python3.12/site-packages/airflow/example_dags/example_skip_dag.py took 0.033 seconds
[2025-04-21T02:58:43.015+0000] {processor.py:161} INFO - Started process (PID=91532) to work on /home/airflow/.local/lib/python3.12/site-packages/airflow/example_dags/example_skip_dag.py
[2025-04-21T02:58:43.016+0000] {processor.py:830} INFO - Processing file /home/airflow/.local/lib/python3.12/site-packages/airflow/example_dags/example_skip_dag.py for tasks to queue
[2025-04-21T02:58:43.017+0000] {logging_mixin.py:188} INFO - [2025-04-21T02:58:43.017+0000] {dagbag.py:545} INFO - Filling up the DagBag from /home/airflow/.local/lib/python3.12/site-packages/airflow/example_dags/example_skip_dag.py
[2025-04-21T02:58:43.020+0000] {processor.py:840} INFO - DAG(s) 'example_skip_dag' retrieved from /home/airflow/.local/lib/python3.12/site-packages/airflow/example_dags/example_skip_dag.py
[2025-04-21T02:58:43.032+0000] {logging_mixin.py:188} INFO - [2025-04-21T02:58:43.032+0000] {dag.py:3096} INFO - Sync 1 DAGs
[2025-04-21T02:58:43.042+0000] {logging_mixin.py:188} INFO - [2025-04-21T02:58:43.042+0000] {dag.py:3954} INFO - Setting next_dagrun for example_skip_dag to 2025-04-20 00:00:00+00:00, run_after=2025-04-21 00:00:00+00:00
[2025-04-21T02:58:43.051+0000] {processor.py:183} INFO - Processing /home/airflow/.local/lib/python3.12/site-packages/airflow/example_dags/example_skip_dag.py took 0.040 seconds
[2025-04-21T04:23:09.088+0000] {processor.py:161} INFO - Started process (PID=91592) to work on /home/airflow/.local/lib/python3.12/site-packages/airflow/example_dags/example_skip_dag.py
[2025-04-21T04:23:09.089+0000] {processor.py:830} INFO - Processing file /home/airflow/.local/lib/python3.12/site-packages/airflow/example_dags/example_skip_dag.py for tasks to queue
[2025-04-21T04:23:09.090+0000] {logging_mixin.py:188} INFO - [2025-04-21T04:23:09.089+0000] {dagbag.py:545} INFO - Filling up the DagBag from /home/airflow/.local/lib/python3.12/site-packages/airflow/example_dags/example_skip_dag.py
[2025-04-21T04:23:09.093+0000] {processor.py:840} INFO - DAG(s) 'example_skip_dag' retrieved from /home/airflow/.local/lib/python3.12/site-packages/airflow/example_dags/example_skip_dag.py
[2025-04-21T04:23:09.104+0000] {logging_mixin.py:188} INFO - [2025-04-21T04:23:09.104+0000] {dag.py:3096} INFO - Sync 1 DAGs
[2025-04-21T04:23:09.118+0000] {logging_mixin.py:188} INFO - [2025-04-21T04:23:09.118+0000] {dag.py:3954} INFO - Setting next_dagrun for example_skip_dag to 2025-04-20 00:00:00+00:00, run_after=2025-04-21 00:00:00+00:00
[2025-04-21T04:23:09.134+0000] {processor.py:183} INFO - Processing /home/airflow/.local/lib/python3.12/site-packages/airflow/example_dags/example_skip_dag.py took 0.049 seconds
[2025-04-21T04:23:39.556+0000] {processor.py:161} INFO - Started process (PID=91650) to work on /home/airflow/.local/lib/python3.12/site-packages/airflow/example_dags/example_skip_dag.py
[2025-04-21T04:23:39.558+0000] {processor.py:830} INFO - Processing file /home/airflow/.local/lib/python3.12/site-packages/airflow/example_dags/example_skip_dag.py for tasks to queue
[2025-04-21T04:23:39.559+0000] {logging_mixin.py:188} INFO - [2025-04-21T04:23:39.559+0000] {dagbag.py:545} INFO - Filling up the DagBag from /home/airflow/.local/lib/python3.12/site-packages/airflow/example_dags/example_skip_dag.py
[2025-04-21T04:23:39.566+0000] {processor.py:840} INFO - DAG(s) 'example_skip_dag' retrieved from /home/airflow/.local/lib/python3.12/site-packages/airflow/example_dags/example_skip_dag.py
[2025-04-21T04:23:39.589+0000] {logging_mixin.py:188} INFO - [2025-04-21T04:23:39.589+0000] {dag.py:3096} INFO - Sync 1 DAGs
[2025-04-21T04:23:39.603+0000] {logging_mixin.py:188} INFO - [2025-04-21T04:23:39.603+0000] {dag.py:3954} INFO - Setting next_dagrun for example_skip_dag to 2025-04-20 00:00:00+00:00, run_after=2025-04-21 00:00:00+00:00
[2025-04-21T04:23:39.618+0000] {processor.py:183} INFO - Processing /home/airflow/.local/lib/python3.12/site-packages/airflow/example_dags/example_skip_dag.py took 0.066 seconds
[2025-04-21T04:28:52.273+0000] {processor.py:161} INFO - Started process (PID=91712) to work on /home/airflow/.local/lib/python3.12/site-packages/airflow/example_dags/example_skip_dag.py
[2025-04-21T04:28:52.274+0000] {processor.py:830} INFO - Processing file /home/airflow/.local/lib/python3.12/site-packages/airflow/example_dags/example_skip_dag.py for tasks to queue
[2025-04-21T04:28:52.275+0000] {logging_mixin.py:188} INFO - [2025-04-21T04:28:52.275+0000] {dagbag.py:545} INFO - Filling up the DagBag from /home/airflow/.local/lib/python3.12/site-packages/airflow/example_dags/example_skip_dag.py
[2025-04-21T04:28:52.278+0000] {processor.py:840} INFO - DAG(s) 'example_skip_dag' retrieved from /home/airflow/.local/lib/python3.12/site-packages/airflow/example_dags/example_skip_dag.py
[2025-04-21T04:28:52.289+0000] {logging_mixin.py:188} INFO - [2025-04-21T04:28:52.289+0000] {dag.py:3096} INFO - Sync 1 DAGs
[2025-04-21T04:28:52.299+0000] {logging_mixin.py:188} INFO - [2025-04-21T04:28:52.299+0000] {dag.py:3954} INFO - Setting next_dagrun for example_skip_dag to 2025-04-20 00:00:00+00:00, run_after=2025-04-21 00:00:00+00:00
[2025-04-21T04:28:52.308+0000] {processor.py:183} INFO - Processing /home/airflow/.local/lib/python3.12/site-packages/airflow/example_dags/example_skip_dag.py took 0.038 seconds
[2025-04-21T04:29:22.828+0000] {processor.py:161} INFO - Started process (PID=91770) to work on /home/airflow/.local/lib/python3.12/site-packages/airflow/example_dags/example_skip_dag.py
[2025-04-21T04:29:22.829+0000] {processor.py:830} INFO - Processing file /home/airflow/.local/lib/python3.12/site-packages/airflow/example_dags/example_skip_dag.py for tasks to queue
[2025-04-21T04:29:22.831+0000] {logging_mixin.py:188} INFO - [2025-04-21T04:29:22.831+0000] {dagbag.py:545} INFO - Filling up the DagBag from /home/airflow/.local/lib/python3.12/site-packages/airflow/example_dags/example_skip_dag.py
[2025-04-21T04:29:22.835+0000] {processor.py:840} INFO - DAG(s) 'example_skip_dag' retrieved from /home/airflow/.local/lib/python3.12/site-packages/airflow/example_dags/example_skip_dag.py
[2025-04-21T04:29:22.847+0000] {logging_mixin.py:188} INFO - [2025-04-21T04:29:22.847+0000] {dag.py:3096} INFO - Sync 1 DAGs
[2025-04-21T04:29:22.860+0000] {logging_mixin.py:188} INFO - [2025-04-21T04:29:22.860+0000] {dag.py:3954} INFO - Setting next_dagrun for example_skip_dag to 2025-04-20 00:00:00+00:00, run_after=2025-04-21 00:00:00+00:00
[2025-04-21T04:29:22.871+0000] {processor.py:183} INFO - Processing /home/airflow/.local/lib/python3.12/site-packages/airflow/example_dags/example_skip_dag.py took 0.046 seconds
[2025-04-21T04:31:10.384+0000] {processor.py:161} INFO - Started process (PID=91832) to work on /home/airflow/.local/lib/python3.12/site-packages/airflow/example_dags/example_skip_dag.py
[2025-04-21T04:31:10.385+0000] {processor.py:830} INFO - Processing file /home/airflow/.local/lib/python3.12/site-packages/airflow/example_dags/example_skip_dag.py for tasks to queue
[2025-04-21T04:31:10.386+0000] {logging_mixin.py:188} INFO - [2025-04-21T04:31:10.386+0000] {dagbag.py:545} INFO - Filling up the DagBag from /home/airflow/.local/lib/python3.12/site-packages/airflow/example_dags/example_skip_dag.py
[2025-04-21T04:31:10.390+0000] {processor.py:840} INFO - DAG(s) 'example_skip_dag' retrieved from /home/airflow/.local/lib/python3.12/site-packages/airflow/example_dags/example_skip_dag.py
[2025-04-21T04:31:10.400+0000] {logging_mixin.py:188} INFO - [2025-04-21T04:31:10.400+0000] {dag.py:3096} INFO - Sync 1 DAGs
[2025-04-21T04:31:10.411+0000] {logging_mixin.py:188} INFO - [2025-04-21T04:31:10.410+0000] {dag.py:3954} INFO - Setting next_dagrun for example_skip_dag to 2025-04-20 00:00:00+00:00, run_after=2025-04-21 00:00:00+00:00
[2025-04-21T04:31:10.419+0000] {processor.py:183} INFO - Processing /home/airflow/.local/lib/python3.12/site-packages/airflow/example_dags/example_skip_dag.py took 0.038 seconds
[2025-04-21T04:36:23.625+0000] {processor.py:161} INFO - Started process (PID=91892) to work on /home/airflow/.local/lib/python3.12/site-packages/airflow/example_dags/example_skip_dag.py
[2025-04-21T04:36:23.626+0000] {processor.py:830} INFO - Processing file /home/airflow/.local/lib/python3.12/site-packages/airflow/example_dags/example_skip_dag.py for tasks to queue
[2025-04-21T04:36:23.627+0000] {logging_mixin.py:188} INFO - [2025-04-21T04:36:23.627+0000] {dagbag.py:545} INFO - Filling up the DagBag from /home/airflow/.local/lib/python3.12/site-packages/airflow/example_dags/example_skip_dag.py
[2025-04-21T04:36:23.630+0000] {processor.py:840} INFO - DAG(s) 'example_skip_dag' retrieved from /home/airflow/.local/lib/python3.12/site-packages/airflow/example_dags/example_skip_dag.py
[2025-04-21T04:36:23.642+0000] {logging_mixin.py:188} INFO - [2025-04-21T04:36:23.641+0000] {dag.py:3096} INFO - Sync 1 DAGs
[2025-04-21T04:36:23.652+0000] {logging_mixin.py:188} INFO - [2025-04-21T04:36:23.652+0000] {dag.py:3954} INFO - Setting next_dagrun for example_skip_dag to 2025-04-20 00:00:00+00:00, run_after=2025-04-21 00:00:00+00:00
[2025-04-21T04:36:23.662+0000] {processor.py:183} INFO - Processing /home/airflow/.local/lib/python3.12/site-packages/airflow/example_dags/example_skip_dag.py took 0.040 seconds
[2025-04-21T04:41:36.976+0000] {processor.py:161} INFO - Started process (PID=91952) to work on /home/airflow/.local/lib/python3.12/site-packages/airflow/example_dags/example_skip_dag.py
[2025-04-21T04:41:36.976+0000] {processor.py:830} INFO - Processing file /home/airflow/.local/lib/python3.12/site-packages/airflow/example_dags/example_skip_dag.py for tasks to queue
[2025-04-21T04:41:36.977+0000] {logging_mixin.py:188} INFO - [2025-04-21T04:41:36.977+0000] {dagbag.py:545} INFO - Filling up the DagBag from /home/airflow/.local/lib/python3.12/site-packages/airflow/example_dags/example_skip_dag.py
[2025-04-21T04:41:36.980+0000] {processor.py:840} INFO - DAG(s) 'example_skip_dag' retrieved from /home/airflow/.local/lib/python3.12/site-packages/airflow/example_dags/example_skip_dag.py
[2025-04-21T04:41:36.992+0000] {logging_mixin.py:188} INFO - [2025-04-21T04:41:36.992+0000] {dag.py:3096} INFO - Sync 1 DAGs
[2025-04-21T04:41:37.003+0000] {logging_mixin.py:188} INFO - [2025-04-21T04:41:37.003+0000] {dag.py:3954} INFO - Setting next_dagrun for example_skip_dag to 2025-04-20 00:00:00+00:00, run_after=2025-04-21 00:00:00+00:00
[2025-04-21T04:41:37.011+0000] {processor.py:183} INFO - Processing /home/airflow/.local/lib/python3.12/site-packages/airflow/example_dags/example_skip_dag.py took 0.038 seconds
[2025-04-21T04:46:49.892+0000] {processor.py:161} INFO - Started process (PID=92012) to work on /home/airflow/.local/lib/python3.12/site-packages/airflow/example_dags/example_skip_dag.py
[2025-04-21T04:46:49.892+0000] {processor.py:830} INFO - Processing file /home/airflow/.local/lib/python3.12/site-packages/airflow/example_dags/example_skip_dag.py for tasks to queue
[2025-04-21T04:46:49.893+0000] {logging_mixin.py:188} INFO - [2025-04-21T04:46:49.893+0000] {dagbag.py:545} INFO - Filling up the DagBag from /home/airflow/.local/lib/python3.12/site-packages/airflow/example_dags/example_skip_dag.py
[2025-04-21T04:46:49.897+0000] {processor.py:840} INFO - DAG(s) 'example_skip_dag' retrieved from /home/airflow/.local/lib/python3.12/site-packages/airflow/example_dags/example_skip_dag.py
[2025-04-21T04:46:49.912+0000] {logging_mixin.py:188} INFO - [2025-04-21T04:46:49.912+0000] {dag.py:3096} INFO - Sync 1 DAGs
[2025-04-21T04:46:49.923+0000] {logging_mixin.py:188} INFO - [2025-04-21T04:46:49.922+0000] {dag.py:3954} INFO - Setting next_dagrun for example_skip_dag to 2025-04-20 00:00:00+00:00, run_after=2025-04-21 00:00:00+00:00
[2025-04-21T04:46:49.935+0000] {processor.py:183} INFO - Processing /home/airflow/.local/lib/python3.12/site-packages/airflow/example_dags/example_skip_dag.py took 0.046 seconds
[2025-04-21T04:47:20.203+0000] {processor.py:161} INFO - Started process (PID=92070) to work on /home/airflow/.local/lib/python3.12/site-packages/airflow/example_dags/example_skip_dag.py
[2025-04-21T04:47:20.204+0000] {processor.py:830} INFO - Processing file /home/airflow/.local/lib/python3.12/site-packages/airflow/example_dags/example_skip_dag.py for tasks to queue
[2025-04-21T04:47:20.205+0000] {logging_mixin.py:188} INFO - [2025-04-21T04:47:20.205+0000] {dagbag.py:545} INFO - Filling up the DagBag from /home/airflow/.local/lib/python3.12/site-packages/airflow/example_dags/example_skip_dag.py
[2025-04-21T04:47:20.208+0000] {processor.py:840} INFO - DAG(s) 'example_skip_dag' retrieved from /home/airflow/.local/lib/python3.12/site-packages/airflow/example_dags/example_skip_dag.py
[2025-04-21T04:47:20.221+0000] {logging_mixin.py:188} INFO - [2025-04-21T04:47:20.221+0000] {dag.py:3096} INFO - Sync 1 DAGs
[2025-04-21T04:47:20.231+0000] {logging_mixin.py:188} INFO - [2025-04-21T04:47:20.231+0000] {dag.py:3954} INFO - Setting next_dagrun for example_skip_dag to 2025-04-20 00:00:00+00:00, run_after=2025-04-21 00:00:00+00:00
[2025-04-21T04:47:20.241+0000] {processor.py:183} INFO - Processing /home/airflow/.local/lib/python3.12/site-packages/airflow/example_dags/example_skip_dag.py took 0.042 seconds
[2025-04-21T04:52:33.132+0000] {processor.py:161} INFO - Started process (PID=92132) to work on /home/airflow/.local/lib/python3.12/site-packages/airflow/example_dags/example_skip_dag.py
[2025-04-21T04:52:33.133+0000] {processor.py:830} INFO - Processing file /home/airflow/.local/lib/python3.12/site-packages/airflow/example_dags/example_skip_dag.py for tasks to queue
[2025-04-21T04:52:33.134+0000] {logging_mixin.py:188} INFO - [2025-04-21T04:52:33.133+0000] {dagbag.py:545} INFO - Filling up the DagBag from /home/airflow/.local/lib/python3.12/site-packages/airflow/example_dags/example_skip_dag.py
[2025-04-21T04:52:33.137+0000] {processor.py:840} INFO - DAG(s) 'example_skip_dag' retrieved from /home/airflow/.local/lib/python3.12/site-packages/airflow/example_dags/example_skip_dag.py
[2025-04-21T04:52:33.147+0000] {logging_mixin.py:188} INFO - [2025-04-21T04:52:33.147+0000] {dag.py:3096} INFO - Sync 1 DAGs
[2025-04-21T04:52:33.157+0000] {logging_mixin.py:188} INFO - [2025-04-21T04:52:33.157+0000] {dag.py:3954} INFO - Setting next_dagrun for example_skip_dag to 2025-04-20 00:00:00+00:00, run_after=2025-04-21 00:00:00+00:00
[2025-04-21T04:52:33.166+0000] {processor.py:183} INFO - Processing /home/airflow/.local/lib/python3.12/site-packages/airflow/example_dags/example_skip_dag.py took 0.037 seconds
[2025-04-21T05:15:36.610+0000] {processor.py:161} INFO - Started process (PID=92192) to work on /home/airflow/.local/lib/python3.12/site-packages/airflow/example_dags/example_skip_dag.py
[2025-04-21T05:15:36.610+0000] {processor.py:830} INFO - Processing file /home/airflow/.local/lib/python3.12/site-packages/airflow/example_dags/example_skip_dag.py for tasks to queue
[2025-04-21T05:15:36.611+0000] {logging_mixin.py:188} INFO - [2025-04-21T05:15:36.611+0000] {dagbag.py:545} INFO - Filling up the DagBag from /home/airflow/.local/lib/python3.12/site-packages/airflow/example_dags/example_skip_dag.py
[2025-04-21T05:15:36.615+0000] {processor.py:840} INFO - DAG(s) 'example_skip_dag' retrieved from /home/airflow/.local/lib/python3.12/site-packages/airflow/example_dags/example_skip_dag.py
[2025-04-21T05:15:36.627+0000] {logging_mixin.py:188} INFO - [2025-04-21T05:15:36.626+0000] {dag.py:3096} INFO - Sync 1 DAGs
[2025-04-21T05:15:36.642+0000] {logging_mixin.py:188} INFO - [2025-04-21T05:15:36.641+0000] {dag.py:3954} INFO - Setting next_dagrun for example_skip_dag to 2025-04-20 00:00:00+00:00, run_after=2025-04-21 00:00:00+00:00
[2025-04-21T05:15:36.653+0000] {processor.py:183} INFO - Processing /home/airflow/.local/lib/python3.12/site-packages/airflow/example_dags/example_skip_dag.py took 0.047 seconds
[2025-04-21T05:20:50.191+0000] {processor.py:161} INFO - Started process (PID=92252) to work on /home/airflow/.local/lib/python3.12/site-packages/airflow/example_dags/example_skip_dag.py
[2025-04-21T05:20:50.191+0000] {processor.py:830} INFO - Processing file /home/airflow/.local/lib/python3.12/site-packages/airflow/example_dags/example_skip_dag.py for tasks to queue
[2025-04-21T05:20:50.192+0000] {logging_mixin.py:188} INFO - [2025-04-21T05:20:50.192+0000] {dagbag.py:545} INFO - Filling up the DagBag from /home/airflow/.local/lib/python3.12/site-packages/airflow/example_dags/example_skip_dag.py
[2025-04-21T05:20:50.196+0000] {processor.py:840} INFO - DAG(s) 'example_skip_dag' retrieved from /home/airflow/.local/lib/python3.12/site-packages/airflow/example_dags/example_skip_dag.py
[2025-04-21T05:20:50.206+0000] {logging_mixin.py:188} INFO - [2025-04-21T05:20:50.206+0000] {dag.py:3096} INFO - Sync 1 DAGs
[2025-04-21T05:20:50.217+0000] {logging_mixin.py:188} INFO - [2025-04-21T05:20:50.216+0000] {dag.py:3954} INFO - Setting next_dagrun for example_skip_dag to 2025-04-20 00:00:00+00:00, run_after=2025-04-21 00:00:00+00:00
[2025-04-21T05:20:50.232+0000] {processor.py:183} INFO - Processing /home/airflow/.local/lib/python3.12/site-packages/airflow/example_dags/example_skip_dag.py took 0.044 seconds
[2025-04-21T05:26:02.698+0000] {processor.py:161} INFO - Started process (PID=92312) to work on /home/airflow/.local/lib/python3.12/site-packages/airflow/example_dags/example_skip_dag.py
[2025-04-21T05:26:02.698+0000] {processor.py:830} INFO - Processing file /home/airflow/.local/lib/python3.12/site-packages/airflow/example_dags/example_skip_dag.py for tasks to queue
[2025-04-21T05:26:02.699+0000] {logging_mixin.py:188} INFO - [2025-04-21T05:26:02.699+0000] {dagbag.py:545} INFO - Filling up the DagBag from /home/airflow/.local/lib/python3.12/site-packages/airflow/example_dags/example_skip_dag.py
[2025-04-21T05:26:02.703+0000] {processor.py:840} INFO - DAG(s) 'example_skip_dag' retrieved from /home/airflow/.local/lib/python3.12/site-packages/airflow/example_dags/example_skip_dag.py
[2025-04-21T05:26:02.717+0000] {logging_mixin.py:188} INFO - [2025-04-21T05:26:02.717+0000] {dag.py:3096} INFO - Sync 1 DAGs
[2025-04-21T05:26:02.728+0000] {logging_mixin.py:188} INFO - [2025-04-21T05:26:02.728+0000] {dag.py:3954} INFO - Setting next_dagrun for example_skip_dag to 2025-04-20 00:00:00+00:00, run_after=2025-04-21 00:00:00+00:00
[2025-04-21T05:26:02.737+0000] {processor.py:183} INFO - Processing /home/airflow/.local/lib/python3.12/site-packages/airflow/example_dags/example_skip_dag.py took 0.042 seconds
[2025-04-21T05:59:57.220+0000] {processor.py:161} INFO - Started process (PID=92372) to work on /home/airflow/.local/lib/python3.12/site-packages/airflow/example_dags/example_skip_dag.py
[2025-04-21T05:59:57.220+0000] {processor.py:830} INFO - Processing file /home/airflow/.local/lib/python3.12/site-packages/airflow/example_dags/example_skip_dag.py for tasks to queue
[2025-04-21T05:59:57.221+0000] {logging_mixin.py:188} INFO - [2025-04-21T05:59:57.221+0000] {dagbag.py:545} INFO - Filling up the DagBag from /home/airflow/.local/lib/python3.12/site-packages/airflow/example_dags/example_skip_dag.py
[2025-04-21T05:59:57.225+0000] {processor.py:840} INFO - DAG(s) 'example_skip_dag' retrieved from /home/airflow/.local/lib/python3.12/site-packages/airflow/example_dags/example_skip_dag.py
[2025-04-21T05:59:57.236+0000] {logging_mixin.py:188} INFO - [2025-04-21T05:59:57.236+0000] {dag.py:3096} INFO - Sync 1 DAGs
[2025-04-21T05:59:57.249+0000] {logging_mixin.py:188} INFO - [2025-04-21T05:59:57.249+0000] {dag.py:3954} INFO - Setting next_dagrun for example_skip_dag to 2025-04-20 00:00:00+00:00, run_after=2025-04-21 00:00:00+00:00
[2025-04-21T05:59:57.258+0000] {processor.py:183} INFO - Processing /home/airflow/.local/lib/python3.12/site-packages/airflow/example_dags/example_skip_dag.py took 0.042 seconds
[2025-04-21T07:21:15.255+0000] {processor.py:161} INFO - Started process (PID=92432) to work on /home/airflow/.local/lib/python3.12/site-packages/airflow/example_dags/example_skip_dag.py
[2025-04-21T07:21:15.256+0000] {processor.py:830} INFO - Processing file /home/airflow/.local/lib/python3.12/site-packages/airflow/example_dags/example_skip_dag.py for tasks to queue
[2025-04-21T07:21:15.256+0000] {logging_mixin.py:188} INFO - [2025-04-21T07:21:15.256+0000] {dagbag.py:545} INFO - Filling up the DagBag from /home/airflow/.local/lib/python3.12/site-packages/airflow/example_dags/example_skip_dag.py
[2025-04-21T07:21:15.260+0000] {processor.py:840} INFO - DAG(s) 'example_skip_dag' retrieved from /home/airflow/.local/lib/python3.12/site-packages/airflow/example_dags/example_skip_dag.py
[2025-04-21T07:21:15.271+0000] {logging_mixin.py:188} INFO - [2025-04-21T07:21:15.271+0000] {dag.py:3096} INFO - Sync 1 DAGs
[2025-04-21T07:21:15.282+0000] {logging_mixin.py:188} INFO - [2025-04-21T07:21:15.282+0000] {dag.py:3954} INFO - Setting next_dagrun for example_skip_dag to 2025-04-20 00:00:00+00:00, run_after=2025-04-21 00:00:00+00:00
[2025-04-21T07:21:15.290+0000] {processor.py:183} INFO - Processing /home/airflow/.local/lib/python3.12/site-packages/airflow/example_dags/example_skip_dag.py took 0.040 seconds
[2025-04-21T09:02:20.194+0000] {processor.py:161} INFO - Started process (PID=92492) to work on /home/airflow/.local/lib/python3.12/site-packages/airflow/example_dags/example_skip_dag.py
[2025-04-21T09:02:20.195+0000] {processor.py:830} INFO - Processing file /home/airflow/.local/lib/python3.12/site-packages/airflow/example_dags/example_skip_dag.py for tasks to queue
[2025-04-21T09:02:20.196+0000] {logging_mixin.py:188} INFO - [2025-04-21T09:02:20.196+0000] {dagbag.py:545} INFO - Filling up the DagBag from /home/airflow/.local/lib/python3.12/site-packages/airflow/example_dags/example_skip_dag.py
[2025-04-21T09:02:20.199+0000] {processor.py:840} INFO - DAG(s) 'example_skip_dag' retrieved from /home/airflow/.local/lib/python3.12/site-packages/airflow/example_dags/example_skip_dag.py
[2025-04-21T09:02:20.211+0000] {logging_mixin.py:188} INFO - [2025-04-21T09:02:20.211+0000] {dag.py:3096} INFO - Sync 1 DAGs
[2025-04-21T09:02:20.222+0000] {logging_mixin.py:188} INFO - [2025-04-21T09:02:20.222+0000] {dag.py:3954} INFO - Setting next_dagrun for example_skip_dag to 2025-04-20 00:00:00+00:00, run_after=2025-04-21 00:00:00+00:00
[2025-04-21T09:02:20.231+0000] {processor.py:183} INFO - Processing /home/airflow/.local/lib/python3.12/site-packages/airflow/example_dags/example_skip_dag.py took 0.040 seconds
[2025-04-21T10:25:29.302+0000] {processor.py:161} INFO - Started process (PID=92552) to work on /home/airflow/.local/lib/python3.12/site-packages/airflow/example_dags/example_skip_dag.py
[2025-04-21T10:25:29.302+0000] {processor.py:830} INFO - Processing file /home/airflow/.local/lib/python3.12/site-packages/airflow/example_dags/example_skip_dag.py for tasks to queue
[2025-04-21T10:25:29.303+0000] {logging_mixin.py:188} INFO - [2025-04-21T10:25:29.303+0000] {dagbag.py:545} INFO - Filling up the DagBag from /home/airflow/.local/lib/python3.12/site-packages/airflow/example_dags/example_skip_dag.py
[2025-04-21T10:25:29.307+0000] {processor.py:840} INFO - DAG(s) 'example_skip_dag' retrieved from /home/airflow/.local/lib/python3.12/site-packages/airflow/example_dags/example_skip_dag.py
[2025-04-21T10:25:29.319+0000] {logging_mixin.py:188} INFO - [2025-04-21T10:25:29.319+0000] {dag.py:3096} INFO - Sync 1 DAGs
[2025-04-21T10:25:29.331+0000] {logging_mixin.py:188} INFO - [2025-04-21T10:25:29.331+0000] {dag.py:3954} INFO - Setting next_dagrun for example_skip_dag to 2025-04-20 00:00:00+00:00, run_after=2025-04-21 00:00:00+00:00
[2025-04-21T10:25:29.343+0000] {processor.py:183} INFO - Processing /home/airflow/.local/lib/python3.12/site-packages/airflow/example_dags/example_skip_dag.py took 0.045 seconds
[2025-04-21T12:02:26.907+0000] {processor.py:161} INFO - Started process (PID=92612) to work on /home/airflow/.local/lib/python3.12/site-packages/airflow/example_dags/example_skip_dag.py
[2025-04-21T12:02:26.908+0000] {processor.py:830} INFO - Processing file /home/airflow/.local/lib/python3.12/site-packages/airflow/example_dags/example_skip_dag.py for tasks to queue
[2025-04-21T12:02:26.909+0000] {logging_mixin.py:188} INFO - [2025-04-21T12:02:26.909+0000] {dagbag.py:545} INFO - Filling up the DagBag from /home/airflow/.local/lib/python3.12/site-packages/airflow/example_dags/example_skip_dag.py
[2025-04-21T12:02:26.913+0000] {processor.py:840} INFO - DAG(s) 'example_skip_dag' retrieved from /home/airflow/.local/lib/python3.12/site-packages/airflow/example_dags/example_skip_dag.py
[2025-04-21T12:02:26.924+0000] {logging_mixin.py:188} INFO - [2025-04-21T12:02:26.924+0000] {dag.py:3096} INFO - Sync 1 DAGs
[2025-04-21T12:02:26.943+0000] {logging_mixin.py:188} INFO - [2025-04-21T12:02:26.943+0000] {dag.py:3954} INFO - Setting next_dagrun for example_skip_dag to 2025-04-20 00:00:00+00:00, run_after=2025-04-21 00:00:00+00:00
[2025-04-21T12:02:26.966+0000] {processor.py:183} INFO - Processing /home/airflow/.local/lib/python3.12/site-packages/airflow/example_dags/example_skip_dag.py took 0.062 seconds
[2025-04-21T12:02:57.277+0000] {processor.py:161} INFO - Started process (PID=92670) to work on /home/airflow/.local/lib/python3.12/site-packages/airflow/example_dags/example_skip_dag.py
[2025-04-21T12:02:57.278+0000] {processor.py:830} INFO - Processing file /home/airflow/.local/lib/python3.12/site-packages/airflow/example_dags/example_skip_dag.py for tasks to queue
[2025-04-21T12:02:57.282+0000] {logging_mixin.py:188} INFO - [2025-04-21T12:02:57.281+0000] {dagbag.py:545} INFO - Filling up the DagBag from /home/airflow/.local/lib/python3.12/site-packages/airflow/example_dags/example_skip_dag.py
[2025-04-21T12:02:57.285+0000] {processor.py:840} INFO - DAG(s) 'example_skip_dag' retrieved from /home/airflow/.local/lib/python3.12/site-packages/airflow/example_dags/example_skip_dag.py
[2025-04-21T12:02:57.299+0000] {logging_mixin.py:188} INFO - [2025-04-21T12:02:57.299+0000] {dag.py:3096} INFO - Sync 1 DAGs
[2025-04-21T12:02:57.311+0000] {logging_mixin.py:188} INFO - [2025-04-21T12:02:57.311+0000] {dag.py:3954} INFO - Setting next_dagrun for example_skip_dag to 2025-04-20 00:00:00+00:00, run_after=2025-04-21 00:00:00+00:00
[2025-04-21T12:02:57.319+0000] {processor.py:183} INFO - Processing /home/airflow/.local/lib/python3.12/site-packages/airflow/example_dags/example_skip_dag.py took 0.045 seconds
[2025-04-21T12:08:09.963+0000] {processor.py:161} INFO - Started process (PID=92732) to work on /home/airflow/.local/lib/python3.12/site-packages/airflow/example_dags/example_skip_dag.py
[2025-04-21T12:08:09.963+0000] {processor.py:830} INFO - Processing file /home/airflow/.local/lib/python3.12/site-packages/airflow/example_dags/example_skip_dag.py for tasks to queue
[2025-04-21T12:08:09.964+0000] {logging_mixin.py:188} INFO - [2025-04-21T12:08:09.964+0000] {dagbag.py:545} INFO - Filling up the DagBag from /home/airflow/.local/lib/python3.12/site-packages/airflow/example_dags/example_skip_dag.py
[2025-04-21T12:08:09.967+0000] {processor.py:840} INFO - DAG(s) 'example_skip_dag' retrieved from /home/airflow/.local/lib/python3.12/site-packages/airflow/example_dags/example_skip_dag.py
[2025-04-21T12:08:09.978+0000] {logging_mixin.py:188} INFO - [2025-04-21T12:08:09.978+0000] {dag.py:3096} INFO - Sync 1 DAGs
[2025-04-21T12:08:09.989+0000] {logging_mixin.py:188} INFO - [2025-04-21T12:08:09.989+0000] {dag.py:3954} INFO - Setting next_dagrun for example_skip_dag to 2025-04-20 00:00:00+00:00, run_after=2025-04-21 00:00:00+00:00
[2025-04-21T12:08:09.997+0000] {processor.py:183} INFO - Processing /home/airflow/.local/lib/python3.12/site-packages/airflow/example_dags/example_skip_dag.py took 0.038 seconds
[2025-04-21T12:09:04.929+0000] {processor.py:161} INFO - Started process (PID=92792) to work on /home/airflow/.local/lib/python3.12/site-packages/airflow/example_dags/example_skip_dag.py
[2025-04-21T12:09:04.929+0000] {processor.py:830} INFO - Processing file /home/airflow/.local/lib/python3.12/site-packages/airflow/example_dags/example_skip_dag.py for tasks to queue
[2025-04-21T12:09:04.930+0000] {logging_mixin.py:188} INFO - [2025-04-21T12:09:04.930+0000] {dagbag.py:545} INFO - Filling up the DagBag from /home/airflow/.local/lib/python3.12/site-packages/airflow/example_dags/example_skip_dag.py
[2025-04-21T12:09:04.933+0000] {processor.py:840} INFO - DAG(s) 'example_skip_dag' retrieved from /home/airflow/.local/lib/python3.12/site-packages/airflow/example_dags/example_skip_dag.py
[2025-04-21T12:09:04.947+0000] {logging_mixin.py:188} INFO - [2025-04-21T12:09:04.947+0000] {dag.py:3096} INFO - Sync 1 DAGs
[2025-04-21T12:09:04.957+0000] {logging_mixin.py:188} INFO - [2025-04-21T12:09:04.957+0000] {dag.py:3954} INFO - Setting next_dagrun for example_skip_dag to 2025-04-20 00:00:00+00:00, run_after=2025-04-21 00:00:00+00:00
[2025-04-21T12:09:04.966+0000] {processor.py:183} INFO - Processing /home/airflow/.local/lib/python3.12/site-packages/airflow/example_dags/example_skip_dag.py took 0.041 seconds
[2025-04-21T12:14:17.819+0000] {processor.py:161} INFO - Started process (PID=92852) to work on /home/airflow/.local/lib/python3.12/site-packages/airflow/example_dags/example_skip_dag.py
[2025-04-21T12:14:17.820+0000] {processor.py:830} INFO - Processing file /home/airflow/.local/lib/python3.12/site-packages/airflow/example_dags/example_skip_dag.py for tasks to queue
[2025-04-21T12:14:17.821+0000] {logging_mixin.py:188} INFO - [2025-04-21T12:14:17.820+0000] {dagbag.py:545} INFO - Filling up the DagBag from /home/airflow/.local/lib/python3.12/site-packages/airflow/example_dags/example_skip_dag.py
[2025-04-21T12:14:17.823+0000] {processor.py:840} INFO - DAG(s) 'example_skip_dag' retrieved from /home/airflow/.local/lib/python3.12/site-packages/airflow/example_dags/example_skip_dag.py
[2025-04-21T12:14:17.833+0000] {logging_mixin.py:188} INFO - [2025-04-21T12:14:17.833+0000] {dag.py:3096} INFO - Sync 1 DAGs
[2025-04-21T12:14:17.843+0000] {logging_mixin.py:188} INFO - [2025-04-21T12:14:17.843+0000] {dag.py:3954} INFO - Setting next_dagrun for example_skip_dag to 2025-04-20 00:00:00+00:00, run_after=2025-04-21 00:00:00+00:00
[2025-04-21T12:14:17.851+0000] {processor.py:183} INFO - Processing /home/airflow/.local/lib/python3.12/site-packages/airflow/example_dags/example_skip_dag.py took 0.034 seconds
[2025-04-21T12:19:31.328+0000] {processor.py:161} INFO - Started process (PID=92912) to work on /home/airflow/.local/lib/python3.12/site-packages/airflow/example_dags/example_skip_dag.py
[2025-04-21T12:19:31.328+0000] {processor.py:830} INFO - Processing file /home/airflow/.local/lib/python3.12/site-packages/airflow/example_dags/example_skip_dag.py for tasks to queue
[2025-04-21T12:19:31.329+0000] {logging_mixin.py:188} INFO - [2025-04-21T12:19:31.329+0000] {dagbag.py:545} INFO - Filling up the DagBag from /home/airflow/.local/lib/python3.12/site-packages/airflow/example_dags/example_skip_dag.py
[2025-04-21T12:19:31.332+0000] {processor.py:840} INFO - DAG(s) 'example_skip_dag' retrieved from /home/airflow/.local/lib/python3.12/site-packages/airflow/example_dags/example_skip_dag.py
[2025-04-21T12:19:31.344+0000] {logging_mixin.py:188} INFO - [2025-04-21T12:19:31.344+0000] {dag.py:3096} INFO - Sync 1 DAGs
[2025-04-21T12:19:31.354+0000] {logging_mixin.py:188} INFO - [2025-04-21T12:19:31.354+0000] {dag.py:3954} INFO - Setting next_dagrun for example_skip_dag to 2025-04-20 00:00:00+00:00, run_after=2025-04-21 00:00:00+00:00
[2025-04-21T12:19:31.362+0000] {processor.py:183} INFO - Processing /home/airflow/.local/lib/python3.12/site-packages/airflow/example_dags/example_skip_dag.py took 0.038 seconds
[2025-04-21T12:24:43.974+0000] {processor.py:161} INFO - Started process (PID=92972) to work on /home/airflow/.local/lib/python3.12/site-packages/airflow/example_dags/example_skip_dag.py
[2025-04-21T12:24:43.974+0000] {processor.py:830} INFO - Processing file /home/airflow/.local/lib/python3.12/site-packages/airflow/example_dags/example_skip_dag.py for tasks to queue
[2025-04-21T12:24:43.975+0000] {logging_mixin.py:188} INFO - [2025-04-21T12:24:43.975+0000] {dagbag.py:545} INFO - Filling up the DagBag from /home/airflow/.local/lib/python3.12/site-packages/airflow/example_dags/example_skip_dag.py
[2025-04-21T12:24:43.977+0000] {processor.py:840} INFO - DAG(s) 'example_skip_dag' retrieved from /home/airflow/.local/lib/python3.12/site-packages/airflow/example_dags/example_skip_dag.py
[2025-04-21T12:24:43.988+0000] {logging_mixin.py:188} INFO - [2025-04-21T12:24:43.988+0000] {dag.py:3096} INFO - Sync 1 DAGs
[2025-04-21T12:24:43.997+0000] {logging_mixin.py:188} INFO - [2025-04-21T12:24:43.997+0000] {dag.py:3954} INFO - Setting next_dagrun for example_skip_dag to 2025-04-20 00:00:00+00:00, run_after=2025-04-21 00:00:00+00:00
[2025-04-21T12:24:44.004+0000] {processor.py:183} INFO - Processing /home/airflow/.local/lib/python3.12/site-packages/airflow/example_dags/example_skip_dag.py took 0.034 seconds
[2025-04-21T12:56:58.866+0000] {processor.py:161} INFO - Started process (PID=93032) to work on /home/airflow/.local/lib/python3.12/site-packages/airflow/example_dags/example_skip_dag.py
[2025-04-21T12:56:58.867+0000] {processor.py:830} INFO - Processing file /home/airflow/.local/lib/python3.12/site-packages/airflow/example_dags/example_skip_dag.py for tasks to queue
[2025-04-21T12:56:58.868+0000] {logging_mixin.py:188} INFO - [2025-04-21T12:56:58.868+0000] {dagbag.py:545} INFO - Filling up the DagBag from /home/airflow/.local/lib/python3.12/site-packages/airflow/example_dags/example_skip_dag.py
[2025-04-21T12:56:58.871+0000] {processor.py:840} INFO - DAG(s) 'example_skip_dag' retrieved from /home/airflow/.local/lib/python3.12/site-packages/airflow/example_dags/example_skip_dag.py
[2025-04-21T12:56:58.884+0000] {logging_mixin.py:188} INFO - [2025-04-21T12:56:58.884+0000] {dag.py:3096} INFO - Sync 1 DAGs
[2025-04-21T12:56:58.901+0000] {logging_mixin.py:188} INFO - [2025-04-21T12:56:58.901+0000] {dag.py:3954} INFO - Setting next_dagrun for example_skip_dag to 2025-04-20 00:00:00+00:00, run_after=2025-04-21 00:00:00+00:00
[2025-04-21T12:56:58.912+0000] {processor.py:183} INFO - Processing /home/airflow/.local/lib/python3.12/site-packages/airflow/example_dags/example_skip_dag.py took 0.049 seconds
[2025-04-21T14:21:25.035+0000] {processor.py:161} INFO - Started process (PID=93092) to work on /home/airflow/.local/lib/python3.12/site-packages/airflow/example_dags/example_skip_dag.py
[2025-04-21T14:21:25.035+0000] {processor.py:830} INFO - Processing file /home/airflow/.local/lib/python3.12/site-packages/airflow/example_dags/example_skip_dag.py for tasks to queue
[2025-04-21T14:21:25.036+0000] {logging_mixin.py:188} INFO - [2025-04-21T14:21:25.036+0000] {dagbag.py:545} INFO - Filling up the DagBag from /home/airflow/.local/lib/python3.12/site-packages/airflow/example_dags/example_skip_dag.py
[2025-04-21T14:21:25.039+0000] {processor.py:840} INFO - DAG(s) 'example_skip_dag' retrieved from /home/airflow/.local/lib/python3.12/site-packages/airflow/example_dags/example_skip_dag.py
[2025-04-21T14:21:25.051+0000] {logging_mixin.py:188} INFO - [2025-04-21T14:21:25.050+0000] {dag.py:3096} INFO - Sync 1 DAGs
[2025-04-21T14:21:25.060+0000] {logging_mixin.py:188} INFO - [2025-04-21T14:21:25.060+0000] {dag.py:3954} INFO - Setting next_dagrun for example_skip_dag to 2025-04-20 00:00:00+00:00, run_after=2025-04-21 00:00:00+00:00
[2025-04-21T14:21:25.067+0000] {processor.py:183} INFO - Processing /home/airflow/.local/lib/python3.12/site-packages/airflow/example_dags/example_skip_dag.py took 0.035 seconds
[2025-04-21T16:03:44.317+0000] {processor.py:161} INFO - Started process (PID=93152) to work on /home/airflow/.local/lib/python3.12/site-packages/airflow/example_dags/example_skip_dag.py
[2025-04-21T16:03:44.317+0000] {processor.py:830} INFO - Processing file /home/airflow/.local/lib/python3.12/site-packages/airflow/example_dags/example_skip_dag.py for tasks to queue
[2025-04-21T16:03:44.318+0000] {logging_mixin.py:188} INFO - [2025-04-21T16:03:44.318+0000] {dagbag.py:545} INFO - Filling up the DagBag from /home/airflow/.local/lib/python3.12/site-packages/airflow/example_dags/example_skip_dag.py
[2025-04-21T16:03:44.321+0000] {processor.py:840} INFO - DAG(s) 'example_skip_dag' retrieved from /home/airflow/.local/lib/python3.12/site-packages/airflow/example_dags/example_skip_dag.py
[2025-04-21T16:03:44.331+0000] {logging_mixin.py:188} INFO - [2025-04-21T16:03:44.331+0000] {dag.py:3096} INFO - Sync 1 DAGs
[2025-04-21T16:03:44.342+0000] {logging_mixin.py:188} INFO - [2025-04-21T16:03:44.341+0000] {dag.py:3954} INFO - Setting next_dagrun for example_skip_dag to 2025-04-20 00:00:00+00:00, run_after=2025-04-21 00:00:00+00:00
[2025-04-21T16:03:44.349+0000] {processor.py:183} INFO - Processing /home/airflow/.local/lib/python3.12/site-packages/airflow/example_dags/example_skip_dag.py took 0.035 seconds
[2025-04-21T17:25:31.004+0000] {processor.py:161} INFO - Started process (PID=93212) to work on /home/airflow/.local/lib/python3.12/site-packages/airflow/example_dags/example_skip_dag.py
[2025-04-21T17:25:31.005+0000] {processor.py:830} INFO - Processing file /home/airflow/.local/lib/python3.12/site-packages/airflow/example_dags/example_skip_dag.py for tasks to queue
[2025-04-21T17:25:31.006+0000] {logging_mixin.py:188} INFO - [2025-04-21T17:25:31.006+0000] {dagbag.py:545} INFO - Filling up the DagBag from /home/airflow/.local/lib/python3.12/site-packages/airflow/example_dags/example_skip_dag.py
[2025-04-21T17:25:31.009+0000] {processor.py:840} INFO - DAG(s) 'example_skip_dag' retrieved from /home/airflow/.local/lib/python3.12/site-packages/airflow/example_dags/example_skip_dag.py
[2025-04-21T17:25:31.019+0000] {logging_mixin.py:188} INFO - [2025-04-21T17:25:31.019+0000] {dag.py:3096} INFO - Sync 1 DAGs
[2025-04-21T17:25:31.029+0000] {logging_mixin.py:188} INFO - [2025-04-21T17:25:31.029+0000] {dag.py:3954} INFO - Setting next_dagrun for example_skip_dag to 2025-04-20 00:00:00+00:00, run_after=2025-04-21 00:00:00+00:00
[2025-04-21T17:25:31.038+0000] {processor.py:183} INFO - Processing /home/airflow/.local/lib/python3.12/site-packages/airflow/example_dags/example_skip_dag.py took 0.037 seconds
[2025-04-21T18:31:34.466+0000] {processor.py:161} INFO - Started process (PID=93272) to work on /home/airflow/.local/lib/python3.12/site-packages/airflow/example_dags/example_skip_dag.py
[2025-04-21T18:31:34.466+0000] {processor.py:830} INFO - Processing file /home/airflow/.local/lib/python3.12/site-packages/airflow/example_dags/example_skip_dag.py for tasks to queue
[2025-04-21T18:31:34.467+0000] {logging_mixin.py:188} INFO - [2025-04-21T18:31:34.467+0000] {dagbag.py:545} INFO - Filling up the DagBag from /home/airflow/.local/lib/python3.12/site-packages/airflow/example_dags/example_skip_dag.py
[2025-04-21T18:31:34.470+0000] {processor.py:840} INFO - DAG(s) 'example_skip_dag' retrieved from /home/airflow/.local/lib/python3.12/site-packages/airflow/example_dags/example_skip_dag.py
[2025-04-21T18:31:34.481+0000] {logging_mixin.py:188} INFO - [2025-04-21T18:31:34.481+0000] {dag.py:3096} INFO - Sync 1 DAGs
[2025-04-21T18:31:34.490+0000] {logging_mixin.py:188} INFO - [2025-04-21T18:31:34.490+0000] {dag.py:3954} INFO - Setting next_dagrun for example_skip_dag to 2025-04-20 00:00:00+00:00, run_after=2025-04-21 00:00:00+00:00
[2025-04-21T18:31:34.498+0000] {processor.py:183} INFO - Processing /home/airflow/.local/lib/python3.12/site-packages/airflow/example_dags/example_skip_dag.py took 0.035 seconds
[2025-04-21T18:32:04.980+0000] {processor.py:161} INFO - Started process (PID=93330) to work on /home/airflow/.local/lib/python3.12/site-packages/airflow/example_dags/example_skip_dag.py
[2025-04-21T18:32:04.980+0000] {processor.py:830} INFO - Processing file /home/airflow/.local/lib/python3.12/site-packages/airflow/example_dags/example_skip_dag.py for tasks to queue
[2025-04-21T18:32:04.982+0000] {logging_mixin.py:188} INFO - [2025-04-21T18:32:04.982+0000] {dagbag.py:545} INFO - Filling up the DagBag from /home/airflow/.local/lib/python3.12/site-packages/airflow/example_dags/example_skip_dag.py
[2025-04-21T18:32:04.986+0000] {processor.py:840} INFO - DAG(s) 'example_skip_dag' retrieved from /home/airflow/.local/lib/python3.12/site-packages/airflow/example_dags/example_skip_dag.py
[2025-04-21T18:32:05.000+0000] {logging_mixin.py:188} INFO - [2025-04-21T18:32:04.999+0000] {dag.py:3096} INFO - Sync 1 DAGs
[2025-04-21T18:32:05.012+0000] {logging_mixin.py:188} INFO - [2025-04-21T18:32:05.011+0000] {dag.py:3954} INFO - Setting next_dagrun for example_skip_dag to 2025-04-20 00:00:00+00:00, run_after=2025-04-21 00:00:00+00:00
[2025-04-21T18:32:05.022+0000] {processor.py:183} INFO - Processing /home/airflow/.local/lib/python3.12/site-packages/airflow/example_dags/example_skip_dag.py took 0.046 seconds
[2025-04-21T18:35:56.815+0000] {processor.py:161} INFO - Started process (PID=93392) to work on /home/airflow/.local/lib/python3.12/site-packages/airflow/example_dags/example_skip_dag.py
[2025-04-21T18:35:56.816+0000] {processor.py:830} INFO - Processing file /home/airflow/.local/lib/python3.12/site-packages/airflow/example_dags/example_skip_dag.py for tasks to queue
[2025-04-21T18:35:56.817+0000] {logging_mixin.py:188} INFO - [2025-04-21T18:35:56.817+0000] {dagbag.py:545} INFO - Filling up the DagBag from /home/airflow/.local/lib/python3.12/site-packages/airflow/example_dags/example_skip_dag.py
[2025-04-21T18:35:56.820+0000] {processor.py:840} INFO - DAG(s) 'example_skip_dag' retrieved from /home/airflow/.local/lib/python3.12/site-packages/airflow/example_dags/example_skip_dag.py
[2025-04-21T18:35:56.830+0000] {logging_mixin.py:188} INFO - [2025-04-21T18:35:56.830+0000] {dag.py:3096} INFO - Sync 1 DAGs
[2025-04-21T18:35:56.840+0000] {logging_mixin.py:188} INFO - [2025-04-21T18:35:56.840+0000] {dag.py:3954} INFO - Setting next_dagrun for example_skip_dag to 2025-04-20 00:00:00+00:00, run_after=2025-04-21 00:00:00+00:00
[2025-04-21T18:35:56.847+0000] {processor.py:183} INFO - Processing /home/airflow/.local/lib/python3.12/site-packages/airflow/example_dags/example_skip_dag.py took 0.035 seconds
[2025-04-21T18:41:09.643+0000] {processor.py:161} INFO - Started process (PID=93452) to work on /home/airflow/.local/lib/python3.12/site-packages/airflow/example_dags/example_skip_dag.py
[2025-04-21T18:41:09.643+0000] {processor.py:830} INFO - Processing file /home/airflow/.local/lib/python3.12/site-packages/airflow/example_dags/example_skip_dag.py for tasks to queue
[2025-04-21T18:41:09.644+0000] {logging_mixin.py:188} INFO - [2025-04-21T18:41:09.644+0000] {dagbag.py:545} INFO - Filling up the DagBag from /home/airflow/.local/lib/python3.12/site-packages/airflow/example_dags/example_skip_dag.py
[2025-04-21T18:41:09.647+0000] {processor.py:840} INFO - DAG(s) 'example_skip_dag' retrieved from /home/airflow/.local/lib/python3.12/site-packages/airflow/example_dags/example_skip_dag.py
[2025-04-21T18:41:09.658+0000] {logging_mixin.py:188} INFO - [2025-04-21T18:41:09.658+0000] {dag.py:3096} INFO - Sync 1 DAGs
[2025-04-21T18:41:09.668+0000] {logging_mixin.py:188} INFO - [2025-04-21T18:41:09.668+0000] {dag.py:3954} INFO - Setting next_dagrun for example_skip_dag to 2025-04-20 00:00:00+00:00, run_after=2025-04-21 00:00:00+00:00
[2025-04-21T18:41:09.675+0000] {processor.py:183} INFO - Processing /home/airflow/.local/lib/python3.12/site-packages/airflow/example_dags/example_skip_dag.py took 0.035 seconds
[2025-04-21T18:41:40.290+0000] {processor.py:161} INFO - Started process (PID=93511) to work on /home/airflow/.local/lib/python3.12/site-packages/airflow/example_dags/example_skip_dag.py
[2025-04-21T18:41:40.292+0000] {processor.py:830} INFO - Processing file /home/airflow/.local/lib/python3.12/site-packages/airflow/example_dags/example_skip_dag.py for tasks to queue
[2025-04-21T18:41:40.293+0000] {logging_mixin.py:188} INFO - [2025-04-21T18:41:40.293+0000] {dagbag.py:545} INFO - Filling up the DagBag from /home/airflow/.local/lib/python3.12/site-packages/airflow/example_dags/example_skip_dag.py
[2025-04-21T18:41:40.299+0000] {processor.py:840} INFO - DAG(s) 'example_skip_dag' retrieved from /home/airflow/.local/lib/python3.12/site-packages/airflow/example_dags/example_skip_dag.py
[2025-04-21T18:41:40.316+0000] {logging_mixin.py:188} INFO - [2025-04-21T18:41:40.316+0000] {dag.py:3096} INFO - Sync 1 DAGs
[2025-04-21T18:41:40.327+0000] {logging_mixin.py:188} INFO - [2025-04-21T18:41:40.327+0000] {dag.py:3954} INFO - Setting next_dagrun for example_skip_dag to 2025-04-20 00:00:00+00:00, run_after=2025-04-21 00:00:00+00:00
[2025-04-21T18:41:40.336+0000] {processor.py:183} INFO - Processing /home/airflow/.local/lib/python3.12/site-packages/airflow/example_dags/example_skip_dag.py took 0.051 seconds
[2025-04-21T18:46:52.427+0000] {processor.py:161} INFO - Started process (PID=93572) to work on /home/airflow/.local/lib/python3.12/site-packages/airflow/example_dags/example_skip_dag.py
[2025-04-21T18:46:52.428+0000] {processor.py:830} INFO - Processing file /home/airflow/.local/lib/python3.12/site-packages/airflow/example_dags/example_skip_dag.py for tasks to queue
[2025-04-21T18:46:52.430+0000] {logging_mixin.py:188} INFO - [2025-04-21T18:46:52.430+0000] {dagbag.py:545} INFO - Filling up the DagBag from /home/airflow/.local/lib/python3.12/site-packages/airflow/example_dags/example_skip_dag.py
[2025-04-21T18:46:52.435+0000] {processor.py:840} INFO - DAG(s) 'example_skip_dag' retrieved from /home/airflow/.local/lib/python3.12/site-packages/airflow/example_dags/example_skip_dag.py
[2025-04-21T18:46:52.446+0000] {logging_mixin.py:188} INFO - [2025-04-21T18:46:52.446+0000] {dag.py:3096} INFO - Sync 1 DAGs
[2025-04-21T18:46:52.552+0000] {logging_mixin.py:188} INFO - [2025-04-21T18:46:52.552+0000] {dag.py:3954} INFO - Setting next_dagrun for example_skip_dag to 2025-04-20 00:00:00+00:00, run_after=2025-04-21 00:00:00+00:00
[2025-04-21T18:46:52.565+0000] {processor.py:183} INFO - Processing /home/airflow/.local/lib/python3.12/site-packages/airflow/example_dags/example_skip_dag.py took 0.142 seconds
[2025-04-21T18:52:05.560+0000] {processor.py:161} INFO - Started process (PID=93632) to work on /home/airflow/.local/lib/python3.12/site-packages/airflow/example_dags/example_skip_dag.py
[2025-04-21T18:52:05.563+0000] {processor.py:830} INFO - Processing file /home/airflow/.local/lib/python3.12/site-packages/airflow/example_dags/example_skip_dag.py for tasks to queue
[2025-04-21T18:52:05.565+0000] {logging_mixin.py:188} INFO - [2025-04-21T18:52:05.564+0000] {dagbag.py:545} INFO - Filling up the DagBag from /home/airflow/.local/lib/python3.12/site-packages/airflow/example_dags/example_skip_dag.py
[2025-04-21T18:52:05.568+0000] {processor.py:840} INFO - DAG(s) 'example_skip_dag' retrieved from /home/airflow/.local/lib/python3.12/site-packages/airflow/example_dags/example_skip_dag.py
[2025-04-21T18:52:05.581+0000] {logging_mixin.py:188} INFO - [2025-04-21T18:52:05.581+0000] {dag.py:3096} INFO - Sync 1 DAGs
[2025-04-21T18:52:05.682+0000] {logging_mixin.py:188} INFO - [2025-04-21T18:52:05.682+0000] {dag.py:3954} INFO - Setting next_dagrun for example_skip_dag to 2025-04-20 00:00:00+00:00, run_after=2025-04-21 00:00:00+00:00
[2025-04-21T18:52:05.691+0000] {processor.py:183} INFO - Processing /home/airflow/.local/lib/python3.12/site-packages/airflow/example_dags/example_skip_dag.py took 0.134 seconds
[2025-04-21T18:52:36.150+0000] {processor.py:161} INFO - Started process (PID=93692) to work on /home/airflow/.local/lib/python3.12/site-packages/airflow/example_dags/example_skip_dag.py
[2025-04-21T18:52:36.150+0000] {processor.py:830} INFO - Processing file /home/airflow/.local/lib/python3.12/site-packages/airflow/example_dags/example_skip_dag.py for tasks to queue
[2025-04-21T18:52:36.152+0000] {logging_mixin.py:188} INFO - [2025-04-21T18:52:36.152+0000] {dagbag.py:545} INFO - Filling up the DagBag from /home/airflow/.local/lib/python3.12/site-packages/airflow/example_dags/example_skip_dag.py
[2025-04-21T18:52:36.156+0000] {processor.py:840} INFO - DAG(s) 'example_skip_dag' retrieved from /home/airflow/.local/lib/python3.12/site-packages/airflow/example_dags/example_skip_dag.py
[2025-04-21T18:52:36.168+0000] {logging_mixin.py:188} INFO - [2025-04-21T18:52:36.168+0000] {dag.py:3096} INFO - Sync 1 DAGs
[2025-04-21T18:52:36.181+0000] {logging_mixin.py:188} INFO - [2025-04-21T18:52:36.180+0000] {dag.py:3954} INFO - Setting next_dagrun for example_skip_dag to 2025-04-20 00:00:00+00:00, run_after=2025-04-21 00:00:00+00:00
[2025-04-21T18:52:36.369+0000] {processor.py:183} INFO - Processing /home/airflow/.local/lib/python3.12/site-packages/airflow/example_dags/example_skip_dag.py took 0.223 seconds
[2025-04-21T18:57:48.458+0000] {processor.py:161} INFO - Started process (PID=93752) to work on /home/airflow/.local/lib/python3.12/site-packages/airflow/example_dags/example_skip_dag.py
[2025-04-21T18:57:48.458+0000] {processor.py:830} INFO - Processing file /home/airflow/.local/lib/python3.12/site-packages/airflow/example_dags/example_skip_dag.py for tasks to queue
[2025-04-21T18:57:48.459+0000] {logging_mixin.py:188} INFO - [2025-04-21T18:57:48.459+0000] {dagbag.py:545} INFO - Filling up the DagBag from /home/airflow/.local/lib/python3.12/site-packages/airflow/example_dags/example_skip_dag.py
[2025-04-21T18:57:48.462+0000] {processor.py:840} INFO - DAG(s) 'example_skip_dag' retrieved from /home/airflow/.local/lib/python3.12/site-packages/airflow/example_dags/example_skip_dag.py
[2025-04-21T18:57:48.472+0000] {logging_mixin.py:188} INFO - [2025-04-21T18:57:48.472+0000] {dag.py:3096} INFO - Sync 1 DAGs
[2025-04-21T18:57:48.481+0000] {logging_mixin.py:188} INFO - [2025-04-21T18:57:48.481+0000] {dag.py:3954} INFO - Setting next_dagrun for example_skip_dag to 2025-04-20 00:00:00+00:00, run_after=2025-04-21 00:00:00+00:00
[2025-04-21T18:57:48.489+0000] {processor.py:183} INFO - Processing /home/airflow/.local/lib/python3.12/site-packages/airflow/example_dags/example_skip_dag.py took 0.034 seconds
[2025-04-21T20:03:23.406+0000] {processor.py:161} INFO - Started process (PID=93812) to work on /home/airflow/.local/lib/python3.12/site-packages/airflow/example_dags/example_skip_dag.py
[2025-04-21T20:03:23.406+0000] {processor.py:830} INFO - Processing file /home/airflow/.local/lib/python3.12/site-packages/airflow/example_dags/example_skip_dag.py for tasks to queue
[2025-04-21T20:03:23.407+0000] {logging_mixin.py:188} INFO - [2025-04-21T20:03:23.407+0000] {dagbag.py:545} INFO - Filling up the DagBag from /home/airflow/.local/lib/python3.12/site-packages/airflow/example_dags/example_skip_dag.py
[2025-04-21T20:03:23.410+0000] {processor.py:840} INFO - DAG(s) 'example_skip_dag' retrieved from /home/airflow/.local/lib/python3.12/site-packages/airflow/example_dags/example_skip_dag.py
[2025-04-21T20:03:23.421+0000] {logging_mixin.py:188} INFO - [2025-04-21T20:03:23.421+0000] {dag.py:3096} INFO - Sync 1 DAGs
[2025-04-21T20:03:23.430+0000] {logging_mixin.py:188} INFO - [2025-04-21T20:03:23.430+0000] {dag.py:3954} INFO - Setting next_dagrun for example_skip_dag to 2025-04-20 00:00:00+00:00, run_after=2025-04-21 00:00:00+00:00
[2025-04-21T20:03:23.437+0000] {processor.py:183} INFO - Processing /home/airflow/.local/lib/python3.12/site-packages/airflow/example_dags/example_skip_dag.py took 0.034 seconds
[2025-04-21T20:15:53.012+0000] {processor.py:161} INFO - Started process (PID=93872) to work on /home/airflow/.local/lib/python3.12/site-packages/airflow/example_dags/example_skip_dag.py
[2025-04-21T20:15:53.013+0000] {processor.py:830} INFO - Processing file /home/airflow/.local/lib/python3.12/site-packages/airflow/example_dags/example_skip_dag.py for tasks to queue
[2025-04-21T20:15:53.014+0000] {logging_mixin.py:188} INFO - [2025-04-21T20:15:53.014+0000] {dagbag.py:545} INFO - Filling up the DagBag from /home/airflow/.local/lib/python3.12/site-packages/airflow/example_dags/example_skip_dag.py
[2025-04-21T20:15:53.017+0000] {processor.py:840} INFO - DAG(s) 'example_skip_dag' retrieved from /home/airflow/.local/lib/python3.12/site-packages/airflow/example_dags/example_skip_dag.py
[2025-04-21T20:15:53.029+0000] {logging_mixin.py:188} INFO - [2025-04-21T20:15:53.029+0000] {dag.py:3096} INFO - Sync 1 DAGs
[2025-04-21T20:15:53.043+0000] {logging_mixin.py:188} INFO - [2025-04-21T20:15:53.043+0000] {dag.py:3954} INFO - Setting next_dagrun for example_skip_dag to 2025-04-20 00:00:00+00:00, run_after=2025-04-21 00:00:00+00:00
[2025-04-21T20:15:53.051+0000] {processor.py:183} INFO - Processing /home/airflow/.local/lib/python3.12/site-packages/airflow/example_dags/example_skip_dag.py took 0.044 seconds
[2025-04-21T20:21:06.309+0000] {processor.py:161} INFO - Started process (PID=93932) to work on /home/airflow/.local/lib/python3.12/site-packages/airflow/example_dags/example_skip_dag.py
[2025-04-21T20:21:06.309+0000] {processor.py:830} INFO - Processing file /home/airflow/.local/lib/python3.12/site-packages/airflow/example_dags/example_skip_dag.py for tasks to queue
[2025-04-21T20:21:06.310+0000] {logging_mixin.py:188} INFO - [2025-04-21T20:21:06.310+0000] {dagbag.py:545} INFO - Filling up the DagBag from /home/airflow/.local/lib/python3.12/site-packages/airflow/example_dags/example_skip_dag.py
[2025-04-21T20:21:06.313+0000] {processor.py:840} INFO - DAG(s) 'example_skip_dag' retrieved from /home/airflow/.local/lib/python3.12/site-packages/airflow/example_dags/example_skip_dag.py
[2025-04-21T20:21:06.324+0000] {logging_mixin.py:188} INFO - [2025-04-21T20:21:06.323+0000] {dag.py:3096} INFO - Sync 1 DAGs
[2025-04-21T20:21:06.334+0000] {logging_mixin.py:188} INFO - [2025-04-21T20:21:06.334+0000] {dag.py:3954} INFO - Setting next_dagrun for example_skip_dag to 2025-04-20 00:00:00+00:00, run_after=2025-04-21 00:00:00+00:00
[2025-04-21T20:21:06.342+0000] {processor.py:183} INFO - Processing /home/airflow/.local/lib/python3.12/site-packages/airflow/example_dags/example_skip_dag.py took 0.036 seconds
[2025-04-21T20:22:20.418+0000] {processor.py:161} INFO - Started process (PID=93992) to work on /home/airflow/.local/lib/python3.12/site-packages/airflow/example_dags/example_skip_dag.py
[2025-04-21T20:22:20.419+0000] {processor.py:830} INFO - Processing file /home/airflow/.local/lib/python3.12/site-packages/airflow/example_dags/example_skip_dag.py for tasks to queue
[2025-04-21T20:22:20.420+0000] {logging_mixin.py:188} INFO - [2025-04-21T20:22:20.419+0000] {dagbag.py:545} INFO - Filling up the DagBag from /home/airflow/.local/lib/python3.12/site-packages/airflow/example_dags/example_skip_dag.py
[2025-04-21T20:22:20.423+0000] {processor.py:840} INFO - DAG(s) 'example_skip_dag' retrieved from /home/airflow/.local/lib/python3.12/site-packages/airflow/example_dags/example_skip_dag.py
[2025-04-21T20:22:20.432+0000] {logging_mixin.py:188} INFO - [2025-04-21T20:22:20.432+0000] {dag.py:3096} INFO - Sync 1 DAGs
[2025-04-21T20:22:20.441+0000] {logging_mixin.py:188} INFO - [2025-04-21T20:22:20.441+0000] {dag.py:3954} INFO - Setting next_dagrun for example_skip_dag to 2025-04-20 00:00:00+00:00, run_after=2025-04-21 00:00:00+00:00
[2025-04-21T20:22:20.449+0000] {processor.py:183} INFO - Processing /home/airflow/.local/lib/python3.12/site-packages/airflow/example_dags/example_skip_dag.py took 0.034 seconds
[2025-04-21T20:27:33.915+0000] {processor.py:161} INFO - Started process (PID=94052) to work on /home/airflow/.local/lib/python3.12/site-packages/airflow/example_dags/example_skip_dag.py
[2025-04-21T20:27:33.916+0000] {processor.py:830} INFO - Processing file /home/airflow/.local/lib/python3.12/site-packages/airflow/example_dags/example_skip_dag.py for tasks to queue
[2025-04-21T20:27:33.916+0000] {logging_mixin.py:188} INFO - [2025-04-21T20:27:33.916+0000] {dagbag.py:545} INFO - Filling up the DagBag from /home/airflow/.local/lib/python3.12/site-packages/airflow/example_dags/example_skip_dag.py
[2025-04-21T20:27:33.919+0000] {processor.py:840} INFO - DAG(s) 'example_skip_dag' retrieved from /home/airflow/.local/lib/python3.12/site-packages/airflow/example_dags/example_skip_dag.py
[2025-04-21T20:27:33.929+0000] {logging_mixin.py:188} INFO - [2025-04-21T20:27:33.929+0000] {dag.py:3096} INFO - Sync 1 DAGs
[2025-04-21T20:27:33.938+0000] {logging_mixin.py:188} INFO - [2025-04-21T20:27:33.938+0000] {dag.py:3954} INFO - Setting next_dagrun for example_skip_dag to 2025-04-20 00:00:00+00:00, run_after=2025-04-21 00:00:00+00:00
[2025-04-21T20:27:33.945+0000] {processor.py:183} INFO - Processing /home/airflow/.local/lib/python3.12/site-packages/airflow/example_dags/example_skip_dag.py took 0.033 seconds
[2025-04-21T20:29:31.256+0000] {processor.py:161} INFO - Started process (PID=94112) to work on /home/airflow/.local/lib/python3.12/site-packages/airflow/example_dags/example_skip_dag.py
[2025-04-21T20:29:31.257+0000] {processor.py:830} INFO - Processing file /home/airflow/.local/lib/python3.12/site-packages/airflow/example_dags/example_skip_dag.py for tasks to queue
[2025-04-21T20:29:31.258+0000] {logging_mixin.py:188} INFO - [2025-04-21T20:29:31.258+0000] {dagbag.py:545} INFO - Filling up the DagBag from /home/airflow/.local/lib/python3.12/site-packages/airflow/example_dags/example_skip_dag.py
[2025-04-21T20:29:31.261+0000] {processor.py:840} INFO - DAG(s) 'example_skip_dag' retrieved from /home/airflow/.local/lib/python3.12/site-packages/airflow/example_dags/example_skip_dag.py
[2025-04-21T20:29:31.271+0000] {logging_mixin.py:188} INFO - [2025-04-21T20:29:31.271+0000] {dag.py:3096} INFO - Sync 1 DAGs
[2025-04-21T20:29:31.280+0000] {logging_mixin.py:188} INFO - [2025-04-21T20:29:31.280+0000] {dag.py:3954} INFO - Setting next_dagrun for example_skip_dag to 2025-04-20 00:00:00+00:00, run_after=2025-04-21 00:00:00+00:00
[2025-04-21T20:29:31.287+0000] {processor.py:183} INFO - Processing /home/airflow/.local/lib/python3.12/site-packages/airflow/example_dags/example_skip_dag.py took 0.034 seconds
[2025-04-21T20:30:50.679+0000] {processor.py:161} INFO - Started process (PID=94172) to work on /home/airflow/.local/lib/python3.12/site-packages/airflow/example_dags/example_skip_dag.py
[2025-04-21T20:30:50.679+0000] {processor.py:830} INFO - Processing file /home/airflow/.local/lib/python3.12/site-packages/airflow/example_dags/example_skip_dag.py for tasks to queue
[2025-04-21T20:30:50.680+0000] {logging_mixin.py:188} INFO - [2025-04-21T20:30:50.680+0000] {dagbag.py:545} INFO - Filling up the DagBag from /home/airflow/.local/lib/python3.12/site-packages/airflow/example_dags/example_skip_dag.py
[2025-04-21T20:30:50.683+0000] {processor.py:840} INFO - DAG(s) 'example_skip_dag' retrieved from /home/airflow/.local/lib/python3.12/site-packages/airflow/example_dags/example_skip_dag.py
[2025-04-21T20:30:50.693+0000] {logging_mixin.py:188} INFO - [2025-04-21T20:30:50.693+0000] {dag.py:3096} INFO - Sync 1 DAGs
[2025-04-21T20:30:50.702+0000] {logging_mixin.py:188} INFO - [2025-04-21T20:30:50.702+0000] {dag.py:3954} INFO - Setting next_dagrun for example_skip_dag to 2025-04-20 00:00:00+00:00, run_after=2025-04-21 00:00:00+00:00
[2025-04-21T20:30:50.711+0000] {processor.py:183} INFO - Processing /home/airflow/.local/lib/python3.12/site-packages/airflow/example_dags/example_skip_dag.py took 0.036 seconds
[2025-04-21T20:31:32.002+0000] {processor.py:161} INFO - Started process (PID=94232) to work on /home/airflow/.local/lib/python3.12/site-packages/airflow/example_dags/example_skip_dag.py
[2025-04-21T20:31:32.002+0000] {processor.py:830} INFO - Processing file /home/airflow/.local/lib/python3.12/site-packages/airflow/example_dags/example_skip_dag.py for tasks to queue
[2025-04-21T20:31:32.003+0000] {logging_mixin.py:188} INFO - [2025-04-21T20:31:32.003+0000] {dagbag.py:545} INFO - Filling up the DagBag from /home/airflow/.local/lib/python3.12/site-packages/airflow/example_dags/example_skip_dag.py
[2025-04-21T20:31:32.006+0000] {processor.py:840} INFO - DAG(s) 'example_skip_dag' retrieved from /home/airflow/.local/lib/python3.12/site-packages/airflow/example_dags/example_skip_dag.py
[2025-04-21T20:31:32.016+0000] {logging_mixin.py:188} INFO - [2025-04-21T20:31:32.016+0000] {dag.py:3096} INFO - Sync 1 DAGs
[2025-04-21T20:31:32.025+0000] {logging_mixin.py:188} INFO - [2025-04-21T20:31:32.025+0000] {dag.py:3954} INFO - Setting next_dagrun for example_skip_dag to 2025-04-20 00:00:00+00:00, run_after=2025-04-21 00:00:00+00:00
[2025-04-21T20:31:32.034+0000] {processor.py:183} INFO - Processing /home/airflow/.local/lib/python3.12/site-packages/airflow/example_dags/example_skip_dag.py took 0.035 seconds
[2025-04-21T20:32:07.242+0000] {processor.py:161} INFO - Started process (PID=94292) to work on /home/airflow/.local/lib/python3.12/site-packages/airflow/example_dags/example_skip_dag.py
[2025-04-21T20:32:07.243+0000] {processor.py:830} INFO - Processing file /home/airflow/.local/lib/python3.12/site-packages/airflow/example_dags/example_skip_dag.py for tasks to queue
[2025-04-21T20:32:07.244+0000] {logging_mixin.py:188} INFO - [2025-04-21T20:32:07.244+0000] {dagbag.py:545} INFO - Filling up the DagBag from /home/airflow/.local/lib/python3.12/site-packages/airflow/example_dags/example_skip_dag.py
[2025-04-21T20:32:07.247+0000] {processor.py:840} INFO - DAG(s) 'example_skip_dag' retrieved from /home/airflow/.local/lib/python3.12/site-packages/airflow/example_dags/example_skip_dag.py
[2025-04-21T20:32:07.256+0000] {logging_mixin.py:188} INFO - [2025-04-21T20:32:07.256+0000] {dag.py:3096} INFO - Sync 1 DAGs
[2025-04-21T20:32:07.265+0000] {logging_mixin.py:188} INFO - [2025-04-21T20:32:07.265+0000] {dag.py:3954} INFO - Setting next_dagrun for example_skip_dag to 2025-04-20 00:00:00+00:00, run_after=2025-04-21 00:00:00+00:00
[2025-04-21T20:32:07.274+0000] {processor.py:183} INFO - Processing /home/airflow/.local/lib/python3.12/site-packages/airflow/example_dags/example_skip_dag.py took 0.034 seconds
[2025-04-21T20:33:32.029+0000] {processor.py:161} INFO - Started process (PID=94352) to work on /home/airflow/.local/lib/python3.12/site-packages/airflow/example_dags/example_skip_dag.py
[2025-04-21T20:33:32.029+0000] {processor.py:830} INFO - Processing file /home/airflow/.local/lib/python3.12/site-packages/airflow/example_dags/example_skip_dag.py for tasks to queue
[2025-04-21T20:33:32.030+0000] {logging_mixin.py:188} INFO - [2025-04-21T20:33:32.030+0000] {dagbag.py:545} INFO - Filling up the DagBag from /home/airflow/.local/lib/python3.12/site-packages/airflow/example_dags/example_skip_dag.py
[2025-04-21T20:33:32.033+0000] {processor.py:840} INFO - DAG(s) 'example_skip_dag' retrieved from /home/airflow/.local/lib/python3.12/site-packages/airflow/example_dags/example_skip_dag.py
[2025-04-21T20:33:32.044+0000] {logging_mixin.py:188} INFO - [2025-04-21T20:33:32.044+0000] {dag.py:3096} INFO - Sync 1 DAGs
[2025-04-21T20:33:32.054+0000] {logging_mixin.py:188} INFO - [2025-04-21T20:33:32.054+0000] {dag.py:3954} INFO - Setting next_dagrun for example_skip_dag to 2025-04-20 00:00:00+00:00, run_after=2025-04-21 00:00:00+00:00
[2025-04-21T20:33:32.061+0000] {processor.py:183} INFO - Processing /home/airflow/.local/lib/python3.12/site-packages/airflow/example_dags/example_skip_dag.py took 0.035 seconds
[2025-04-21T20:34:53.995+0000] {processor.py:161} INFO - Started process (PID=94412) to work on /home/airflow/.local/lib/python3.12/site-packages/airflow/example_dags/example_skip_dag.py
[2025-04-21T20:34:53.995+0000] {processor.py:830} INFO - Processing file /home/airflow/.local/lib/python3.12/site-packages/airflow/example_dags/example_skip_dag.py for tasks to queue
[2025-04-21T20:34:53.996+0000] {logging_mixin.py:188} INFO - [2025-04-21T20:34:53.996+0000] {dagbag.py:545} INFO - Filling up the DagBag from /home/airflow/.local/lib/python3.12/site-packages/airflow/example_dags/example_skip_dag.py
[2025-04-21T20:34:53.999+0000] {processor.py:840} INFO - DAG(s) 'example_skip_dag' retrieved from /home/airflow/.local/lib/python3.12/site-packages/airflow/example_dags/example_skip_dag.py
[2025-04-21T20:34:54.009+0000] {logging_mixin.py:188} INFO - [2025-04-21T20:34:54.008+0000] {dag.py:3096} INFO - Sync 1 DAGs
[2025-04-21T20:34:54.018+0000] {logging_mixin.py:188} INFO - [2025-04-21T20:34:54.018+0000] {dag.py:3954} INFO - Setting next_dagrun for example_skip_dag to 2025-04-20 00:00:00+00:00, run_after=2025-04-21 00:00:00+00:00
[2025-04-21T20:34:54.025+0000] {processor.py:183} INFO - Processing /home/airflow/.local/lib/python3.12/site-packages/airflow/example_dags/example_skip_dag.py took 0.034 seconds
[2025-04-21T20:36:07.686+0000] {processor.py:161} INFO - Started process (PID=94472) to work on /home/airflow/.local/lib/python3.12/site-packages/airflow/example_dags/example_skip_dag.py
[2025-04-21T20:36:07.686+0000] {processor.py:830} INFO - Processing file /home/airflow/.local/lib/python3.12/site-packages/airflow/example_dags/example_skip_dag.py for tasks to queue
[2025-04-21T20:36:07.687+0000] {logging_mixin.py:188} INFO - [2025-04-21T20:36:07.687+0000] {dagbag.py:545} INFO - Filling up the DagBag from /home/airflow/.local/lib/python3.12/site-packages/airflow/example_dags/example_skip_dag.py
[2025-04-21T20:36:07.690+0000] {processor.py:840} INFO - DAG(s) 'example_skip_dag' retrieved from /home/airflow/.local/lib/python3.12/site-packages/airflow/example_dags/example_skip_dag.py
[2025-04-21T20:36:07.700+0000] {logging_mixin.py:188} INFO - [2025-04-21T20:36:07.700+0000] {dag.py:3096} INFO - Sync 1 DAGs
[2025-04-21T20:36:07.709+0000] {logging_mixin.py:188} INFO - [2025-04-21T20:36:07.709+0000] {dag.py:3954} INFO - Setting next_dagrun for example_skip_dag to 2025-04-20 00:00:00+00:00, run_after=2025-04-21 00:00:00+00:00
[2025-04-21T20:36:07.716+0000] {processor.py:183} INFO - Processing /home/airflow/.local/lib/python3.12/site-packages/airflow/example_dags/example_skip_dag.py took 0.033 seconds
[2025-04-21T20:37:29.095+0000] {processor.py:161} INFO - Started process (PID=94532) to work on /home/airflow/.local/lib/python3.12/site-packages/airflow/example_dags/example_skip_dag.py
[2025-04-21T20:37:29.096+0000] {processor.py:830} INFO - Processing file /home/airflow/.local/lib/python3.12/site-packages/airflow/example_dags/example_skip_dag.py for tasks to queue
[2025-04-21T20:37:29.097+0000] {logging_mixin.py:188} INFO - [2025-04-21T20:37:29.097+0000] {dagbag.py:545} INFO - Filling up the DagBag from /home/airflow/.local/lib/python3.12/site-packages/airflow/example_dags/example_skip_dag.py
[2025-04-21T20:37:29.102+0000] {processor.py:840} INFO - DAG(s) 'example_skip_dag' retrieved from /home/airflow/.local/lib/python3.12/site-packages/airflow/example_dags/example_skip_dag.py
[2025-04-21T20:37:29.127+0000] {logging_mixin.py:188} INFO - [2025-04-21T20:37:29.127+0000] {dag.py:3096} INFO - Sync 1 DAGs
[2025-04-21T20:37:29.142+0000] {logging_mixin.py:188} INFO - [2025-04-21T20:37:29.142+0000] {dag.py:3954} INFO - Setting next_dagrun for example_skip_dag to 2025-04-20 00:00:00+00:00, run_after=2025-04-21 00:00:00+00:00
[2025-04-21T20:37:29.153+0000] {processor.py:183} INFO - Processing /home/airflow/.local/lib/python3.12/site-packages/airflow/example_dags/example_skip_dag.py took 0.062 seconds
[2025-04-21T20:40:15.797+0000] {processor.py:161} INFO - Started process (PID=94592) to work on /home/airflow/.local/lib/python3.12/site-packages/airflow/example_dags/example_skip_dag.py
[2025-04-21T20:40:15.798+0000] {processor.py:830} INFO - Processing file /home/airflow/.local/lib/python3.12/site-packages/airflow/example_dags/example_skip_dag.py for tasks to queue
[2025-04-21T20:40:15.799+0000] {logging_mixin.py:188} INFO - [2025-04-21T20:40:15.798+0000] {dagbag.py:545} INFO - Filling up the DagBag from /home/airflow/.local/lib/python3.12/site-packages/airflow/example_dags/example_skip_dag.py
[2025-04-21T20:40:15.801+0000] {processor.py:840} INFO - DAG(s) 'example_skip_dag' retrieved from /home/airflow/.local/lib/python3.12/site-packages/airflow/example_dags/example_skip_dag.py
[2025-04-21T20:40:15.811+0000] {logging_mixin.py:188} INFO - [2025-04-21T20:40:15.811+0000] {dag.py:3096} INFO - Sync 1 DAGs
[2025-04-21T20:40:15.819+0000] {logging_mixin.py:188} INFO - [2025-04-21T20:40:15.819+0000] {dag.py:3954} INFO - Setting next_dagrun for example_skip_dag to 2025-04-20 00:00:00+00:00, run_after=2025-04-21 00:00:00+00:00
[2025-04-21T20:40:15.827+0000] {processor.py:183} INFO - Processing /home/airflow/.local/lib/python3.12/site-packages/airflow/example_dags/example_skip_dag.py took 0.033 seconds
[2025-04-21T20:41:05.749+0000] {processor.py:161} INFO - Started process (PID=94652) to work on /home/airflow/.local/lib/python3.12/site-packages/airflow/example_dags/example_skip_dag.py
[2025-04-21T20:41:05.749+0000] {processor.py:830} INFO - Processing file /home/airflow/.local/lib/python3.12/site-packages/airflow/example_dags/example_skip_dag.py for tasks to queue
[2025-04-21T20:41:05.750+0000] {logging_mixin.py:188} INFO - [2025-04-21T20:41:05.750+0000] {dagbag.py:545} INFO - Filling up the DagBag from /home/airflow/.local/lib/python3.12/site-packages/airflow/example_dags/example_skip_dag.py
[2025-04-21T20:41:05.753+0000] {processor.py:840} INFO - DAG(s) 'example_skip_dag' retrieved from /home/airflow/.local/lib/python3.12/site-packages/airflow/example_dags/example_skip_dag.py
[2025-04-21T20:41:05.763+0000] {logging_mixin.py:188} INFO - [2025-04-21T20:41:05.763+0000] {dag.py:3096} INFO - Sync 1 DAGs
[2025-04-21T20:41:05.772+0000] {logging_mixin.py:188} INFO - [2025-04-21T20:41:05.772+0000] {dag.py:3954} INFO - Setting next_dagrun for example_skip_dag to 2025-04-20 00:00:00+00:00, run_after=2025-04-21 00:00:00+00:00
[2025-04-21T20:41:05.779+0000] {processor.py:183} INFO - Processing /home/airflow/.local/lib/python3.12/site-packages/airflow/example_dags/example_skip_dag.py took 0.034 seconds
[2025-04-21T20:41:48.489+0000] {processor.py:161} INFO - Started process (PID=94712) to work on /home/airflow/.local/lib/python3.12/site-packages/airflow/example_dags/example_skip_dag.py
[2025-04-21T20:41:48.490+0000] {processor.py:830} INFO - Processing file /home/airflow/.local/lib/python3.12/site-packages/airflow/example_dags/example_skip_dag.py for tasks to queue
[2025-04-21T20:41:48.491+0000] {logging_mixin.py:188} INFO - [2025-04-21T20:41:48.491+0000] {dagbag.py:545} INFO - Filling up the DagBag from /home/airflow/.local/lib/python3.12/site-packages/airflow/example_dags/example_skip_dag.py
[2025-04-21T20:41:48.494+0000] {processor.py:840} INFO - DAG(s) 'example_skip_dag' retrieved from /home/airflow/.local/lib/python3.12/site-packages/airflow/example_dags/example_skip_dag.py
[2025-04-21T20:41:48.506+0000] {logging_mixin.py:188} INFO - [2025-04-21T20:41:48.506+0000] {dag.py:3096} INFO - Sync 1 DAGs
[2025-04-21T20:41:48.519+0000] {logging_mixin.py:188} INFO - [2025-04-21T20:41:48.519+0000] {dag.py:3954} INFO - Setting next_dagrun for example_skip_dag to 2025-04-20 00:00:00+00:00, run_after=2025-04-21 00:00:00+00:00
[2025-04-21T20:41:48.529+0000] {processor.py:183} INFO - Processing /home/airflow/.local/lib/python3.12/site-packages/airflow/example_dags/example_skip_dag.py took 0.044 seconds
[2025-04-21T20:42:33.622+0000] {processor.py:161} INFO - Started process (PID=94772) to work on /home/airflow/.local/lib/python3.12/site-packages/airflow/example_dags/example_skip_dag.py
[2025-04-21T20:42:33.623+0000] {processor.py:830} INFO - Processing file /home/airflow/.local/lib/python3.12/site-packages/airflow/example_dags/example_skip_dag.py for tasks to queue
[2025-04-21T20:42:33.624+0000] {logging_mixin.py:188} INFO - [2025-04-21T20:42:33.623+0000] {dagbag.py:545} INFO - Filling up the DagBag from /home/airflow/.local/lib/python3.12/site-packages/airflow/example_dags/example_skip_dag.py
[2025-04-21T20:42:33.626+0000] {processor.py:840} INFO - DAG(s) 'example_skip_dag' retrieved from /home/airflow/.local/lib/python3.12/site-packages/airflow/example_dags/example_skip_dag.py
[2025-04-21T20:42:33.636+0000] {logging_mixin.py:188} INFO - [2025-04-21T20:42:33.636+0000] {dag.py:3096} INFO - Sync 1 DAGs
[2025-04-21T20:42:33.645+0000] {logging_mixin.py:188} INFO - [2025-04-21T20:42:33.645+0000] {dag.py:3954} INFO - Setting next_dagrun for example_skip_dag to 2025-04-20 00:00:00+00:00, run_after=2025-04-21 00:00:00+00:00
[2025-04-21T20:42:33.652+0000] {processor.py:183} INFO - Processing /home/airflow/.local/lib/python3.12/site-packages/airflow/example_dags/example_skip_dag.py took 0.032 seconds
[2025-04-21T20:43:36.236+0000] {processor.py:161} INFO - Started process (PID=94832) to work on /home/airflow/.local/lib/python3.12/site-packages/airflow/example_dags/example_skip_dag.py
[2025-04-21T20:43:36.237+0000] {processor.py:830} INFO - Processing file /home/airflow/.local/lib/python3.12/site-packages/airflow/example_dags/example_skip_dag.py for tasks to queue
[2025-04-21T20:43:36.238+0000] {logging_mixin.py:188} INFO - [2025-04-21T20:43:36.238+0000] {dagbag.py:545} INFO - Filling up the DagBag from /home/airflow/.local/lib/python3.12/site-packages/airflow/example_dags/example_skip_dag.py
[2025-04-21T20:43:36.241+0000] {processor.py:840} INFO - DAG(s) 'example_skip_dag' retrieved from /home/airflow/.local/lib/python3.12/site-packages/airflow/example_dags/example_skip_dag.py
[2025-04-21T20:43:36.250+0000] {logging_mixin.py:188} INFO - [2025-04-21T20:43:36.250+0000] {dag.py:3096} INFO - Sync 1 DAGs
[2025-04-21T20:43:36.259+0000] {logging_mixin.py:188} INFO - [2025-04-21T20:43:36.259+0000] {dag.py:3954} INFO - Setting next_dagrun for example_skip_dag to 2025-04-20 00:00:00+00:00, run_after=2025-04-21 00:00:00+00:00
[2025-04-21T20:43:36.266+0000] {processor.py:183} INFO - Processing /home/airflow/.local/lib/python3.12/site-packages/airflow/example_dags/example_skip_dag.py took 0.034 seconds
[2025-04-21T20:44:40.563+0000] {processor.py:161} INFO - Started process (PID=94892) to work on /home/airflow/.local/lib/python3.12/site-packages/airflow/example_dags/example_skip_dag.py
[2025-04-21T20:44:40.564+0000] {processor.py:830} INFO - Processing file /home/airflow/.local/lib/python3.12/site-packages/airflow/example_dags/example_skip_dag.py for tasks to queue
[2025-04-21T20:44:40.565+0000] {logging_mixin.py:188} INFO - [2025-04-21T20:44:40.565+0000] {dagbag.py:545} INFO - Filling up the DagBag from /home/airflow/.local/lib/python3.12/site-packages/airflow/example_dags/example_skip_dag.py
[2025-04-21T20:44:40.569+0000] {processor.py:840} INFO - DAG(s) 'example_skip_dag' retrieved from /home/airflow/.local/lib/python3.12/site-packages/airflow/example_dags/example_skip_dag.py
[2025-04-21T20:44:40.579+0000] {logging_mixin.py:188} INFO - [2025-04-21T20:44:40.579+0000] {dag.py:3096} INFO - Sync 1 DAGs
[2025-04-21T20:44:40.588+0000] {logging_mixin.py:188} INFO - [2025-04-21T20:44:40.588+0000] {dag.py:3954} INFO - Setting next_dagrun for example_skip_dag to 2025-04-20 00:00:00+00:00, run_after=2025-04-21 00:00:00+00:00
[2025-04-21T20:44:40.596+0000] {processor.py:183} INFO - Processing /home/airflow/.local/lib/python3.12/site-packages/airflow/example_dags/example_skip_dag.py took 0.038 seconds
[2025-04-21T20:45:22.045+0000] {processor.py:161} INFO - Started process (PID=94952) to work on /home/airflow/.local/lib/python3.12/site-packages/airflow/example_dags/example_skip_dag.py
[2025-04-21T20:45:22.046+0000] {processor.py:830} INFO - Processing file /home/airflow/.local/lib/python3.12/site-packages/airflow/example_dags/example_skip_dag.py for tasks to queue
[2025-04-21T20:45:22.047+0000] {logging_mixin.py:188} INFO - [2025-04-21T20:45:22.046+0000] {dagbag.py:545} INFO - Filling up the DagBag from /home/airflow/.local/lib/python3.12/site-packages/airflow/example_dags/example_skip_dag.py
[2025-04-21T20:45:22.049+0000] {processor.py:840} INFO - DAG(s) 'example_skip_dag' retrieved from /home/airflow/.local/lib/python3.12/site-packages/airflow/example_dags/example_skip_dag.py
[2025-04-21T20:45:22.059+0000] {logging_mixin.py:188} INFO - [2025-04-21T20:45:22.059+0000] {dag.py:3096} INFO - Sync 1 DAGs
[2025-04-21T20:45:22.069+0000] {logging_mixin.py:188} INFO - [2025-04-21T20:45:22.069+0000] {dag.py:3954} INFO - Setting next_dagrun for example_skip_dag to 2025-04-20 00:00:00+00:00, run_after=2025-04-21 00:00:00+00:00
[2025-04-21T20:45:22.076+0000] {processor.py:183} INFO - Processing /home/airflow/.local/lib/python3.12/site-packages/airflow/example_dags/example_skip_dag.py took 0.034 seconds
[2025-04-21T20:50:34.649+0000] {processor.py:161} INFO - Started process (PID=95012) to work on /home/airflow/.local/lib/python3.12/site-packages/airflow/example_dags/example_skip_dag.py
[2025-04-21T20:50:34.651+0000] {processor.py:830} INFO - Processing file /home/airflow/.local/lib/python3.12/site-packages/airflow/example_dags/example_skip_dag.py for tasks to queue
[2025-04-21T20:50:34.652+0000] {logging_mixin.py:188} INFO - [2025-04-21T20:50:34.652+0000] {dagbag.py:545} INFO - Filling up the DagBag from /home/airflow/.local/lib/python3.12/site-packages/airflow/example_dags/example_skip_dag.py
[2025-04-21T20:50:34.658+0000] {processor.py:840} INFO - DAG(s) 'example_skip_dag' retrieved from /home/airflow/.local/lib/python3.12/site-packages/airflow/example_dags/example_skip_dag.py
[2025-04-21T20:50:34.672+0000] {logging_mixin.py:188} INFO - [2025-04-21T20:50:34.672+0000] {dag.py:3096} INFO - Sync 1 DAGs
[2025-04-21T20:50:34.685+0000] {logging_mixin.py:188} INFO - [2025-04-21T20:50:34.684+0000] {dag.py:3954} INFO - Setting next_dagrun for example_skip_dag to 2025-04-20 00:00:00+00:00, run_after=2025-04-21 00:00:00+00:00
[2025-04-21T20:50:34.695+0000] {processor.py:183} INFO - Processing /home/airflow/.local/lib/python3.12/site-packages/airflow/example_dags/example_skip_dag.py took 0.054 seconds
[2025-04-21T20:51:04.955+0000] {processor.py:161} INFO - Started process (PID=95070) to work on /home/airflow/.local/lib/python3.12/site-packages/airflow/example_dags/example_skip_dag.py
[2025-04-21T20:51:04.955+0000] {processor.py:830} INFO - Processing file /home/airflow/.local/lib/python3.12/site-packages/airflow/example_dags/example_skip_dag.py for tasks to queue
[2025-04-21T20:51:04.956+0000] {logging_mixin.py:188} INFO - [2025-04-21T20:51:04.956+0000] {dagbag.py:545} INFO - Filling up the DagBag from /home/airflow/.local/lib/python3.12/site-packages/airflow/example_dags/example_skip_dag.py
[2025-04-21T20:51:04.960+0000] {processor.py:840} INFO - DAG(s) 'example_skip_dag' retrieved from /home/airflow/.local/lib/python3.12/site-packages/airflow/example_dags/example_skip_dag.py
[2025-04-21T20:51:04.971+0000] {logging_mixin.py:188} INFO - [2025-04-21T20:51:04.971+0000] {dag.py:3096} INFO - Sync 1 DAGs
[2025-04-21T20:51:04.982+0000] {logging_mixin.py:188} INFO - [2025-04-21T20:51:04.982+0000] {dag.py:3954} INFO - Setting next_dagrun for example_skip_dag to 2025-04-20 00:00:00+00:00, run_after=2025-04-21 00:00:00+00:00
[2025-04-21T20:51:04.991+0000] {processor.py:183} INFO - Processing /home/airflow/.local/lib/python3.12/site-packages/airflow/example_dags/example_skip_dag.py took 0.040 seconds
[2025-04-21T20:56:18.275+0000] {processor.py:161} INFO - Started process (PID=95132) to work on /home/airflow/.local/lib/python3.12/site-packages/airflow/example_dags/example_skip_dag.py
[2025-04-21T20:56:18.275+0000] {processor.py:830} INFO - Processing file /home/airflow/.local/lib/python3.12/site-packages/airflow/example_dags/example_skip_dag.py for tasks to queue
[2025-04-21T20:56:18.277+0000] {logging_mixin.py:188} INFO - [2025-04-21T20:56:18.276+0000] {dagbag.py:545} INFO - Filling up the DagBag from /home/airflow/.local/lib/python3.12/site-packages/airflow/example_dags/example_skip_dag.py
[2025-04-21T20:56:18.281+0000] {processor.py:840} INFO - DAG(s) 'example_skip_dag' retrieved from /home/airflow/.local/lib/python3.12/site-packages/airflow/example_dags/example_skip_dag.py
[2025-04-21T20:56:18.296+0000] {logging_mixin.py:188} INFO - [2025-04-21T20:56:18.296+0000] {dag.py:3096} INFO - Sync 1 DAGs
[2025-04-21T20:56:18.317+0000] {logging_mixin.py:188} INFO - [2025-04-21T20:56:18.317+0000] {dag.py:3954} INFO - Setting next_dagrun for example_skip_dag to 2025-04-20 00:00:00+00:00, run_after=2025-04-21 00:00:00+00:00
[2025-04-21T20:56:18.327+0000] {processor.py:183} INFO - Processing /home/airflow/.local/lib/python3.12/site-packages/airflow/example_dags/example_skip_dag.py took 0.056 seconds
[2025-04-21T21:46:39.701+0000] {processor.py:161} INFO - Started process (PID=95192) to work on /home/airflow/.local/lib/python3.12/site-packages/airflow/example_dags/example_skip_dag.py
[2025-04-21T21:46:39.702+0000] {processor.py:830} INFO - Processing file /home/airflow/.local/lib/python3.12/site-packages/airflow/example_dags/example_skip_dag.py for tasks to queue
[2025-04-21T21:46:39.703+0000] {logging_mixin.py:188} INFO - [2025-04-21T21:46:39.703+0000] {dagbag.py:545} INFO - Filling up the DagBag from /home/airflow/.local/lib/python3.12/site-packages/airflow/example_dags/example_skip_dag.py
[2025-04-21T21:46:39.707+0000] {processor.py:840} INFO - DAG(s) 'example_skip_dag' retrieved from /home/airflow/.local/lib/python3.12/site-packages/airflow/example_dags/example_skip_dag.py
[2025-04-21T21:46:39.721+0000] {logging_mixin.py:188} INFO - [2025-04-21T21:46:39.720+0000] {dag.py:3096} INFO - Sync 1 DAGs
[2025-04-21T21:46:39.733+0000] {logging_mixin.py:188} INFO - [2025-04-21T21:46:39.733+0000] {dag.py:3954} INFO - Setting next_dagrun for example_skip_dag to 2025-04-20 00:00:00+00:00, run_after=2025-04-21 00:00:00+00:00
[2025-04-21T21:46:39.744+0000] {processor.py:183} INFO - Processing /home/airflow/.local/lib/python3.12/site-packages/airflow/example_dags/example_skip_dag.py took 0.047 seconds
[2025-04-21T21:47:10.131+0000] {processor.py:161} INFO - Started process (PID=95250) to work on /home/airflow/.local/lib/python3.12/site-packages/airflow/example_dags/example_skip_dag.py
[2025-04-21T21:47:10.134+0000] {processor.py:830} INFO - Processing file /home/airflow/.local/lib/python3.12/site-packages/airflow/example_dags/example_skip_dag.py for tasks to queue
[2025-04-21T21:47:10.135+0000] {logging_mixin.py:188} INFO - [2025-04-21T21:47:10.135+0000] {dagbag.py:545} INFO - Filling up the DagBag from /home/airflow/.local/lib/python3.12/site-packages/airflow/example_dags/example_skip_dag.py
[2025-04-21T21:47:10.139+0000] {processor.py:840} INFO - DAG(s) 'example_skip_dag' retrieved from /home/airflow/.local/lib/python3.12/site-packages/airflow/example_dags/example_skip_dag.py
[2025-04-21T21:47:10.150+0000] {logging_mixin.py:188} INFO - [2025-04-21T21:47:10.149+0000] {dag.py:3096} INFO - Sync 1 DAGs
[2025-04-21T21:47:10.159+0000] {logging_mixin.py:188} INFO - [2025-04-21T21:47:10.159+0000] {dag.py:3954} INFO - Setting next_dagrun for example_skip_dag to 2025-04-20 00:00:00+00:00, run_after=2025-04-21 00:00:00+00:00
[2025-04-21T21:47:10.170+0000] {processor.py:183} INFO - Processing /home/airflow/.local/lib/python3.12/site-packages/airflow/example_dags/example_skip_dag.py took 0.043 seconds
[2025-04-21T21:52:22.794+0000] {processor.py:161} INFO - Started process (PID=95312) to work on /home/airflow/.local/lib/python3.12/site-packages/airflow/example_dags/example_skip_dag.py
[2025-04-21T21:52:22.795+0000] {processor.py:830} INFO - Processing file /home/airflow/.local/lib/python3.12/site-packages/airflow/example_dags/example_skip_dag.py for tasks to queue
[2025-04-21T21:52:22.796+0000] {logging_mixin.py:188} INFO - [2025-04-21T21:52:22.795+0000] {dagbag.py:545} INFO - Filling up the DagBag from /home/airflow/.local/lib/python3.12/site-packages/airflow/example_dags/example_skip_dag.py
[2025-04-21T21:52:22.799+0000] {processor.py:840} INFO - DAG(s) 'example_skip_dag' retrieved from /home/airflow/.local/lib/python3.12/site-packages/airflow/example_dags/example_skip_dag.py
[2025-04-21T21:52:22.812+0000] {logging_mixin.py:188} INFO - [2025-04-21T21:52:22.812+0000] {dag.py:3096} INFO - Sync 1 DAGs
[2025-04-21T21:52:22.825+0000] {logging_mixin.py:188} INFO - [2025-04-21T21:52:22.825+0000] {dag.py:3954} INFO - Setting next_dagrun for example_skip_dag to 2025-04-20 00:00:00+00:00, run_after=2025-04-21 00:00:00+00:00
[2025-04-21T21:52:22.835+0000] {processor.py:183} INFO - Processing /home/airflow/.local/lib/python3.12/site-packages/airflow/example_dags/example_skip_dag.py took 0.045 seconds
[2025-04-21T21:57:35.453+0000] {processor.py:161} INFO - Started process (PID=95372) to work on /home/airflow/.local/lib/python3.12/site-packages/airflow/example_dags/example_skip_dag.py
[2025-04-21T21:57:35.453+0000] {processor.py:830} INFO - Processing file /home/airflow/.local/lib/python3.12/site-packages/airflow/example_dags/example_skip_dag.py for tasks to queue
[2025-04-21T21:57:35.455+0000] {logging_mixin.py:188} INFO - [2025-04-21T21:57:35.455+0000] {dagbag.py:545} INFO - Filling up the DagBag from /home/airflow/.local/lib/python3.12/site-packages/airflow/example_dags/example_skip_dag.py
[2025-04-21T21:57:35.461+0000] {processor.py:840} INFO - DAG(s) 'example_skip_dag' retrieved from /home/airflow/.local/lib/python3.12/site-packages/airflow/example_dags/example_skip_dag.py
[2025-04-21T21:57:35.473+0000] {logging_mixin.py:188} INFO - [2025-04-21T21:57:35.473+0000] {dag.py:3096} INFO - Sync 1 DAGs
[2025-04-21T21:57:35.485+0000] {logging_mixin.py:188} INFO - [2025-04-21T21:57:35.485+0000] {dag.py:3954} INFO - Setting next_dagrun for example_skip_dag to 2025-04-20 00:00:00+00:00, run_after=2025-04-21 00:00:00+00:00
[2025-04-21T21:57:35.493+0000] {processor.py:183} INFO - Processing /home/airflow/.local/lib/python3.12/site-packages/airflow/example_dags/example_skip_dag.py took 0.046 seconds
[2025-04-21T22:02:48.205+0000] {processor.py:161} INFO - Started process (PID=95432) to work on /home/airflow/.local/lib/python3.12/site-packages/airflow/example_dags/example_skip_dag.py
[2025-04-21T22:02:48.206+0000] {processor.py:830} INFO - Processing file /home/airflow/.local/lib/python3.12/site-packages/airflow/example_dags/example_skip_dag.py for tasks to queue
[2025-04-21T22:02:48.207+0000] {logging_mixin.py:188} INFO - [2025-04-21T22:02:48.207+0000] {dagbag.py:545} INFO - Filling up the DagBag from /home/airflow/.local/lib/python3.12/site-packages/airflow/example_dags/example_skip_dag.py
[2025-04-21T22:02:48.211+0000] {processor.py:840} INFO - DAG(s) 'example_skip_dag' retrieved from /home/airflow/.local/lib/python3.12/site-packages/airflow/example_dags/example_skip_dag.py
[2025-04-21T22:02:48.223+0000] {logging_mixin.py:188} INFO - [2025-04-21T22:02:48.223+0000] {dag.py:3096} INFO - Sync 1 DAGs
[2025-04-21T22:02:48.236+0000] {logging_mixin.py:188} INFO - [2025-04-21T22:02:48.236+0000] {dag.py:3954} INFO - Setting next_dagrun for example_skip_dag to 2025-04-20 00:00:00+00:00, run_after=2025-04-21 00:00:00+00:00
[2025-04-21T22:02:48.245+0000] {processor.py:183} INFO - Processing /home/airflow/.local/lib/python3.12/site-packages/airflow/example_dags/example_skip_dag.py took 0.043 seconds
[2025-04-21T22:03:19.031+0000] {processor.py:161} INFO - Started process (PID=95490) to work on /home/airflow/.local/lib/python3.12/site-packages/airflow/example_dags/example_skip_dag.py
[2025-04-21T22:03:19.034+0000] {processor.py:830} INFO - Processing file /home/airflow/.local/lib/python3.12/site-packages/airflow/example_dags/example_skip_dag.py for tasks to queue
[2025-04-21T22:03:19.035+0000] {logging_mixin.py:188} INFO - [2025-04-21T22:03:19.035+0000] {dagbag.py:545} INFO - Filling up the DagBag from /home/airflow/.local/lib/python3.12/site-packages/airflow/example_dags/example_skip_dag.py
[2025-04-21T22:03:19.038+0000] {processor.py:840} INFO - DAG(s) 'example_skip_dag' retrieved from /home/airflow/.local/lib/python3.12/site-packages/airflow/example_dags/example_skip_dag.py
[2025-04-21T22:03:19.057+0000] {logging_mixin.py:188} INFO - [2025-04-21T22:03:19.057+0000] {dag.py:3096} INFO - Sync 1 DAGs
[2025-04-21T22:03:19.102+0000] {logging_mixin.py:188} INFO - [2025-04-21T22:03:19.101+0000] {dag.py:3954} INFO - Setting next_dagrun for example_skip_dag to 2025-04-20 00:00:00+00:00, run_after=2025-04-21 00:00:00+00:00
[2025-04-21T22:03:19.137+0000] {processor.py:183} INFO - Processing /home/airflow/.local/lib/python3.12/site-packages/airflow/example_dags/example_skip_dag.py took 0.108 seconds
[2025-04-21T22:11:05.032+0000] {processor.py:161} INFO - Started process (PID=95552) to work on /home/airflow/.local/lib/python3.12/site-packages/airflow/example_dags/example_skip_dag.py
[2025-04-21T22:11:05.033+0000] {processor.py:830} INFO - Processing file /home/airflow/.local/lib/python3.12/site-packages/airflow/example_dags/example_skip_dag.py for tasks to queue
[2025-04-21T22:11:05.034+0000] {logging_mixin.py:188} INFO - [2025-04-21T22:11:05.034+0000] {dagbag.py:545} INFO - Filling up the DagBag from /home/airflow/.local/lib/python3.12/site-packages/airflow/example_dags/example_skip_dag.py
[2025-04-21T22:11:05.038+0000] {processor.py:840} INFO - DAG(s) 'example_skip_dag' retrieved from /home/airflow/.local/lib/python3.12/site-packages/airflow/example_dags/example_skip_dag.py
[2025-04-21T22:11:05.054+0000] {logging_mixin.py:188} INFO - [2025-04-21T22:11:05.054+0000] {dag.py:3096} INFO - Sync 1 DAGs
[2025-04-21T22:11:05.065+0000] {logging_mixin.py:188} INFO - [2025-04-21T22:11:05.065+0000] {dag.py:3954} INFO - Setting next_dagrun for example_skip_dag to 2025-04-20 00:00:00+00:00, run_after=2025-04-21 00:00:00+00:00
[2025-04-21T22:11:05.074+0000] {processor.py:183} INFO - Processing /home/airflow/.local/lib/python3.12/site-packages/airflow/example_dags/example_skip_dag.py took 0.045 seconds
[2025-04-21T22:16:18.147+0000] {processor.py:161} INFO - Started process (PID=95612) to work on /home/airflow/.local/lib/python3.12/site-packages/airflow/example_dags/example_skip_dag.py
[2025-04-21T22:16:18.148+0000] {processor.py:830} INFO - Processing file /home/airflow/.local/lib/python3.12/site-packages/airflow/example_dags/example_skip_dag.py for tasks to queue
[2025-04-21T22:16:18.149+0000] {logging_mixin.py:188} INFO - [2025-04-21T22:16:18.149+0000] {dagbag.py:545} INFO - Filling up the DagBag from /home/airflow/.local/lib/python3.12/site-packages/airflow/example_dags/example_skip_dag.py
[2025-04-21T22:16:18.153+0000] {processor.py:840} INFO - DAG(s) 'example_skip_dag' retrieved from /home/airflow/.local/lib/python3.12/site-packages/airflow/example_dags/example_skip_dag.py
[2025-04-21T22:16:18.168+0000] {logging_mixin.py:188} INFO - [2025-04-21T22:16:18.168+0000] {dag.py:3096} INFO - Sync 1 DAGs
[2025-04-21T22:16:18.179+0000] {logging_mixin.py:188} INFO - [2025-04-21T22:16:18.179+0000] {dag.py:3954} INFO - Setting next_dagrun for example_skip_dag to 2025-04-20 00:00:00+00:00, run_after=2025-04-21 00:00:00+00:00
[2025-04-21T22:16:18.188+0000] {processor.py:183} INFO - Processing /home/airflow/.local/lib/python3.12/site-packages/airflow/example_dags/example_skip_dag.py took 0.045 seconds
[2025-04-21T22:34:09.537+0000] {processor.py:161} INFO - Started process (PID=95672) to work on /home/airflow/.local/lib/python3.12/site-packages/airflow/example_dags/example_skip_dag.py
[2025-04-21T22:34:09.538+0000] {processor.py:830} INFO - Processing file /home/airflow/.local/lib/python3.12/site-packages/airflow/example_dags/example_skip_dag.py for tasks to queue
[2025-04-21T22:34:09.540+0000] {logging_mixin.py:188} INFO - [2025-04-21T22:34:09.540+0000] {dagbag.py:545} INFO - Filling up the DagBag from /home/airflow/.local/lib/python3.12/site-packages/airflow/example_dags/example_skip_dag.py
[2025-04-21T22:34:09.551+0000] {processor.py:840} INFO - DAG(s) 'example_skip_dag' retrieved from /home/airflow/.local/lib/python3.12/site-packages/airflow/example_dags/example_skip_dag.py
[2025-04-21T22:34:09.578+0000] {logging_mixin.py:188} INFO - [2025-04-21T22:34:09.578+0000] {dag.py:3096} INFO - Sync 1 DAGs
[2025-04-21T22:34:09.592+0000] {logging_mixin.py:188} INFO - [2025-04-21T22:34:09.591+0000] {dag.py:3954} INFO - Setting next_dagrun for example_skip_dag to 2025-04-20 00:00:00+00:00, run_after=2025-04-21 00:00:00+00:00
[2025-04-21T22:34:09.603+0000] {processor.py:183} INFO - Processing /home/airflow/.local/lib/python3.12/site-packages/airflow/example_dags/example_skip_dag.py took 0.071 seconds
[2025-04-21T22:39:22.183+0000] {processor.py:161} INFO - Started process (PID=95732) to work on /home/airflow/.local/lib/python3.12/site-packages/airflow/example_dags/example_skip_dag.py
[2025-04-21T22:39:22.184+0000] {processor.py:830} INFO - Processing file /home/airflow/.local/lib/python3.12/site-packages/airflow/example_dags/example_skip_dag.py for tasks to queue
[2025-04-21T22:39:22.185+0000] {logging_mixin.py:188} INFO - [2025-04-21T22:39:22.185+0000] {dagbag.py:545} INFO - Filling up the DagBag from /home/airflow/.local/lib/python3.12/site-packages/airflow/example_dags/example_skip_dag.py
[2025-04-21T22:39:22.189+0000] {processor.py:840} INFO - DAG(s) 'example_skip_dag' retrieved from /home/airflow/.local/lib/python3.12/site-packages/airflow/example_dags/example_skip_dag.py
[2025-04-21T22:39:22.200+0000] {logging_mixin.py:188} INFO - [2025-04-21T22:39:22.200+0000] {dag.py:3096} INFO - Sync 1 DAGs
[2025-04-21T22:39:22.211+0000] {logging_mixin.py:188} INFO - [2025-04-21T22:39:22.211+0000] {dag.py:3954} INFO - Setting next_dagrun for example_skip_dag to 2025-04-20 00:00:00+00:00, run_after=2025-04-21 00:00:00+00:00
[2025-04-21T22:39:22.219+0000] {processor.py:183} INFO - Processing /home/airflow/.local/lib/python3.12/site-packages/airflow/example_dags/example_skip_dag.py took 0.039 seconds
