[2025-04-21T00:38:23.615+0000] {processor.py:161} INFO - Started process (PID=91358) to work on /home/airflow/.local/lib/python3.12/site-packages/airflow/example_dags/example_python_operator.py
[2025-04-21T00:38:23.615+0000] {processor.py:830} INFO - Processing file /home/airflow/.local/lib/python3.12/site-packages/airflow/example_dags/example_python_operator.py for tasks to queue
[2025-04-21T00:38:23.616+0000] {logging_mixin.py:188} INFO - [2025-04-21T00:38:23.616+0000] {dagbag.py:545} INFO - Filling up the DagBag from /home/airflow/.local/lib/python3.12/site-packages/airflow/example_dags/example_python_operator.py
[2025-04-21T00:38:23.623+0000] {processor.py:840} INFO - DAG(s) 'example_python_operator' retrieved from /home/airflow/.local/lib/python3.12/site-packages/airflow/example_dags/example_python_operator.py
[2025-04-21T00:38:23.636+0000] {logging_mixin.py:188} INFO - [2025-04-21T00:38:23.636+0000] {dag.py:3096} INFO - Sync 1 DAGs
[2025-04-21T00:38:23.642+0000] {logging_mixin.py:188} INFO - [2025-04-21T00:38:23.642+0000] {dag.py:3954} INFO - Setting next_dagrun for example_python_operator to None, run_after=None
[2025-04-21T00:38:23.651+0000] {processor.py:183} INFO - Processing /home/airflow/.local/lib/python3.12/site-packages/airflow/example_dags/example_python_operator.py took 0.039 seconds
[2025-04-21T01:37:13.828+0000] {processor.py:161} INFO - Started process (PID=91418) to work on /home/airflow/.local/lib/python3.12/site-packages/airflow/example_dags/example_python_operator.py
[2025-04-21T01:37:13.829+0000] {processor.py:830} INFO - Processing file /home/airflow/.local/lib/python3.12/site-packages/airflow/example_dags/example_python_operator.py for tasks to queue
[2025-04-21T01:37:13.830+0000] {logging_mixin.py:188} INFO - [2025-04-21T01:37:13.829+0000] {dagbag.py:545} INFO - Filling up the DagBag from /home/airflow/.local/lib/python3.12/site-packages/airflow/example_dags/example_python_operator.py
[2025-04-21T01:37:13.839+0000] {processor.py:840} INFO - DAG(s) 'example_python_operator' retrieved from /home/airflow/.local/lib/python3.12/site-packages/airflow/example_dags/example_python_operator.py
[2025-04-21T01:37:13.850+0000] {logging_mixin.py:188} INFO - [2025-04-21T01:37:13.850+0000] {dag.py:3096} INFO - Sync 1 DAGs
[2025-04-21T01:37:13.855+0000] {logging_mixin.py:188} INFO - [2025-04-21T01:37:13.855+0000] {dag.py:3954} INFO - Setting next_dagrun for example_python_operator to None, run_after=None
[2025-04-21T01:37:13.865+0000] {processor.py:183} INFO - Processing /home/airflow/.local/lib/python3.12/site-packages/airflow/example_dags/example_python_operator.py took 0.041 seconds
[2025-04-21T01:37:44.061+0000] {processor.py:161} INFO - Started process (PID=91475) to work on /home/airflow/.local/lib/python3.12/site-packages/airflow/example_dags/example_python_operator.py
[2025-04-21T01:37:44.062+0000] {processor.py:830} INFO - Processing file /home/airflow/.local/lib/python3.12/site-packages/airflow/example_dags/example_python_operator.py for tasks to queue
[2025-04-21T01:37:44.062+0000] {logging_mixin.py:188} INFO - [2025-04-21T01:37:44.062+0000] {dagbag.py:545} INFO - Filling up the DagBag from /home/airflow/.local/lib/python3.12/site-packages/airflow/example_dags/example_python_operator.py
[2025-04-21T01:37:44.068+0000] {processor.py:840} INFO - DAG(s) 'example_python_operator' retrieved from /home/airflow/.local/lib/python3.12/site-packages/airflow/example_dags/example_python_operator.py
[2025-04-21T01:37:44.077+0000] {logging_mixin.py:188} INFO - [2025-04-21T01:37:44.077+0000] {dag.py:3096} INFO - Sync 1 DAGs
[2025-04-21T01:37:44.083+0000] {logging_mixin.py:188} INFO - [2025-04-21T01:37:44.083+0000] {dag.py:3954} INFO - Setting next_dagrun for example_python_operator to None, run_after=None
[2025-04-21T01:37:44.090+0000] {processor.py:183} INFO - Processing /home/airflow/.local/lib/python3.12/site-packages/airflow/example_dags/example_python_operator.py took 0.032 seconds
[2025-04-21T02:58:43.259+0000] {processor.py:161} INFO - Started process (PID=91537) to work on /home/airflow/.local/lib/python3.12/site-packages/airflow/example_dags/example_python_operator.py
[2025-04-21T02:58:43.260+0000] {processor.py:830} INFO - Processing file /home/airflow/.local/lib/python3.12/site-packages/airflow/example_dags/example_python_operator.py for tasks to queue
[2025-04-21T02:58:43.261+0000] {logging_mixin.py:188} INFO - [2025-04-21T02:58:43.260+0000] {dagbag.py:545} INFO - Filling up the DagBag from /home/airflow/.local/lib/python3.12/site-packages/airflow/example_dags/example_python_operator.py
[2025-04-21T02:58:43.265+0000] {processor.py:840} INFO - DAG(s) 'example_python_operator' retrieved from /home/airflow/.local/lib/python3.12/site-packages/airflow/example_dags/example_python_operator.py
[2025-04-21T02:58:43.276+0000] {logging_mixin.py:188} INFO - [2025-04-21T02:58:43.276+0000] {dag.py:3096} INFO - Sync 1 DAGs
[2025-04-21T02:58:43.282+0000] {logging_mixin.py:188} INFO - [2025-04-21T02:58:43.282+0000] {dag.py:3954} INFO - Setting next_dagrun for example_python_operator to None, run_after=None
[2025-04-21T02:58:43.290+0000] {processor.py:183} INFO - Processing /home/airflow/.local/lib/python3.12/site-packages/airflow/example_dags/example_python_operator.py took 0.033 seconds
[2025-04-21T04:23:09.319+0000] {processor.py:161} INFO - Started process (PID=91597) to work on /home/airflow/.local/lib/python3.12/site-packages/airflow/example_dags/example_python_operator.py
[2025-04-21T04:23:09.320+0000] {processor.py:830} INFO - Processing file /home/airflow/.local/lib/python3.12/site-packages/airflow/example_dags/example_python_operator.py for tasks to queue
[2025-04-21T04:23:09.321+0000] {logging_mixin.py:188} INFO - [2025-04-21T04:23:09.321+0000] {dagbag.py:545} INFO - Filling up the DagBag from /home/airflow/.local/lib/python3.12/site-packages/airflow/example_dags/example_python_operator.py
[2025-04-21T04:23:09.325+0000] {processor.py:840} INFO - DAG(s) 'example_python_operator' retrieved from /home/airflow/.local/lib/python3.12/site-packages/airflow/example_dags/example_python_operator.py
[2025-04-21T04:23:09.335+0000] {logging_mixin.py:188} INFO - [2025-04-21T04:23:09.335+0000] {dag.py:3096} INFO - Sync 1 DAGs
[2025-04-21T04:23:09.341+0000] {logging_mixin.py:188} INFO - [2025-04-21T04:23:09.341+0000] {dag.py:3954} INFO - Setting next_dagrun for example_python_operator to None, run_after=None
[2025-04-21T04:23:09.349+0000] {processor.py:183} INFO - Processing /home/airflow/.local/lib/python3.12/site-packages/airflow/example_dags/example_python_operator.py took 0.032 seconds
[2025-04-21T04:23:39.813+0000] {processor.py:161} INFO - Started process (PID=91655) to work on /home/airflow/.local/lib/python3.12/site-packages/airflow/example_dags/example_python_operator.py
[2025-04-21T04:23:39.816+0000] {processor.py:830} INFO - Processing file /home/airflow/.local/lib/python3.12/site-packages/airflow/example_dags/example_python_operator.py for tasks to queue
[2025-04-21T04:23:39.817+0000] {logging_mixin.py:188} INFO - [2025-04-21T04:23:39.817+0000] {dagbag.py:545} INFO - Filling up the DagBag from /home/airflow/.local/lib/python3.12/site-packages/airflow/example_dags/example_python_operator.py
[2025-04-21T04:23:39.824+0000] {processor.py:840} INFO - DAG(s) 'example_python_operator' retrieved from /home/airflow/.local/lib/python3.12/site-packages/airflow/example_dags/example_python_operator.py
[2025-04-21T04:23:39.839+0000] {logging_mixin.py:188} INFO - [2025-04-21T04:23:39.839+0000] {dag.py:3096} INFO - Sync 1 DAGs
[2025-04-21T04:23:39.847+0000] {logging_mixin.py:188} INFO - [2025-04-21T04:23:39.847+0000] {dag.py:3954} INFO - Setting next_dagrun for example_python_operator to None, run_after=None
[2025-04-21T04:23:39.860+0000] {processor.py:183} INFO - Processing /home/airflow/.local/lib/python3.12/site-packages/airflow/example_dags/example_python_operator.py took 0.050 seconds
[2025-04-21T04:28:52.507+0000] {processor.py:161} INFO - Started process (PID=91717) to work on /home/airflow/.local/lib/python3.12/site-packages/airflow/example_dags/example_python_operator.py
[2025-04-21T04:28:52.507+0000] {processor.py:830} INFO - Processing file /home/airflow/.local/lib/python3.12/site-packages/airflow/example_dags/example_python_operator.py for tasks to queue
[2025-04-21T04:28:52.508+0000] {logging_mixin.py:188} INFO - [2025-04-21T04:28:52.508+0000] {dagbag.py:545} INFO - Filling up the DagBag from /home/airflow/.local/lib/python3.12/site-packages/airflow/example_dags/example_python_operator.py
[2025-04-21T04:28:52.513+0000] {processor.py:840} INFO - DAG(s) 'example_python_operator' retrieved from /home/airflow/.local/lib/python3.12/site-packages/airflow/example_dags/example_python_operator.py
[2025-04-21T04:28:52.523+0000] {logging_mixin.py:188} INFO - [2025-04-21T04:28:52.523+0000] {dag.py:3096} INFO - Sync 1 DAGs
[2025-04-21T04:28:52.528+0000] {logging_mixin.py:188} INFO - [2025-04-21T04:28:52.528+0000] {dag.py:3954} INFO - Setting next_dagrun for example_python_operator to None, run_after=None
[2025-04-21T04:28:52.538+0000] {processor.py:183} INFO - Processing /home/airflow/.local/lib/python3.12/site-packages/airflow/example_dags/example_python_operator.py took 0.034 seconds
[2025-04-21T04:29:23.040+0000] {processor.py:161} INFO - Started process (PID=91777) to work on /home/airflow/.local/lib/python3.12/site-packages/airflow/example_dags/example_python_operator.py
[2025-04-21T04:29:23.041+0000] {processor.py:830} INFO - Processing file /home/airflow/.local/lib/python3.12/site-packages/airflow/example_dags/example_python_operator.py for tasks to queue
[2025-04-21T04:29:23.042+0000] {logging_mixin.py:188} INFO - [2025-04-21T04:29:23.042+0000] {dagbag.py:545} INFO - Filling up the DagBag from /home/airflow/.local/lib/python3.12/site-packages/airflow/example_dags/example_python_operator.py
[2025-04-21T04:29:23.047+0000] {processor.py:840} INFO - DAG(s) 'example_python_operator' retrieved from /home/airflow/.local/lib/python3.12/site-packages/airflow/example_dags/example_python_operator.py
[2025-04-21T04:29:23.058+0000] {logging_mixin.py:188} INFO - [2025-04-21T04:29:23.058+0000] {dag.py:3096} INFO - Sync 1 DAGs
[2025-04-21T04:29:23.064+0000] {logging_mixin.py:188} INFO - [2025-04-21T04:29:23.064+0000] {dag.py:3954} INFO - Setting next_dagrun for example_python_operator to None, run_after=None
[2025-04-21T04:29:23.073+0000] {processor.py:183} INFO - Processing /home/airflow/.local/lib/python3.12/site-packages/airflow/example_dags/example_python_operator.py took 0.035 seconds
[2025-04-21T04:31:10.633+0000] {processor.py:161} INFO - Started process (PID=91837) to work on /home/airflow/.local/lib/python3.12/site-packages/airflow/example_dags/example_python_operator.py
[2025-04-21T04:31:10.634+0000] {processor.py:830} INFO - Processing file /home/airflow/.local/lib/python3.12/site-packages/airflow/example_dags/example_python_operator.py for tasks to queue
[2025-04-21T04:31:10.635+0000] {logging_mixin.py:188} INFO - [2025-04-21T04:31:10.635+0000] {dagbag.py:545} INFO - Filling up the DagBag from /home/airflow/.local/lib/python3.12/site-packages/airflow/example_dags/example_python_operator.py
[2025-04-21T04:31:10.641+0000] {processor.py:840} INFO - DAG(s) 'example_python_operator' retrieved from /home/airflow/.local/lib/python3.12/site-packages/airflow/example_dags/example_python_operator.py
[2025-04-21T04:31:10.651+0000] {logging_mixin.py:188} INFO - [2025-04-21T04:31:10.651+0000] {dag.py:3096} INFO - Sync 1 DAGs
[2025-04-21T04:31:10.656+0000] {logging_mixin.py:188} INFO - [2025-04-21T04:31:10.656+0000] {dag.py:3954} INFO - Setting next_dagrun for example_python_operator to None, run_after=None
[2025-04-21T04:31:10.664+0000] {processor.py:183} INFO - Processing /home/airflow/.local/lib/python3.12/site-packages/airflow/example_dags/example_python_operator.py took 0.034 seconds
[2025-04-21T04:36:23.860+0000] {processor.py:161} INFO - Started process (PID=91897) to work on /home/airflow/.local/lib/python3.12/site-packages/airflow/example_dags/example_python_operator.py
[2025-04-21T04:36:23.861+0000] {processor.py:830} INFO - Processing file /home/airflow/.local/lib/python3.12/site-packages/airflow/example_dags/example_python_operator.py for tasks to queue
[2025-04-21T04:36:23.862+0000] {logging_mixin.py:188} INFO - [2025-04-21T04:36:23.862+0000] {dagbag.py:545} INFO - Filling up the DagBag from /home/airflow/.local/lib/python3.12/site-packages/airflow/example_dags/example_python_operator.py
[2025-04-21T04:36:23.867+0000] {processor.py:840} INFO - DAG(s) 'example_python_operator' retrieved from /home/airflow/.local/lib/python3.12/site-packages/airflow/example_dags/example_python_operator.py
[2025-04-21T04:36:23.877+0000] {logging_mixin.py:188} INFO - [2025-04-21T04:36:23.877+0000] {dag.py:3096} INFO - Sync 1 DAGs
[2025-04-21T04:36:23.883+0000] {logging_mixin.py:188} INFO - [2025-04-21T04:36:23.883+0000] {dag.py:3954} INFO - Setting next_dagrun for example_python_operator to None, run_after=None
[2025-04-21T04:36:23.890+0000] {processor.py:183} INFO - Processing /home/airflow/.local/lib/python3.12/site-packages/airflow/example_dags/example_python_operator.py took 0.032 seconds
[2025-04-21T04:41:37.222+0000] {processor.py:161} INFO - Started process (PID=91957) to work on /home/airflow/.local/lib/python3.12/site-packages/airflow/example_dags/example_python_operator.py
[2025-04-21T04:41:37.222+0000] {processor.py:830} INFO - Processing file /home/airflow/.local/lib/python3.12/site-packages/airflow/example_dags/example_python_operator.py for tasks to queue
[2025-04-21T04:41:37.223+0000] {logging_mixin.py:188} INFO - [2025-04-21T04:41:37.223+0000] {dagbag.py:545} INFO - Filling up the DagBag from /home/airflow/.local/lib/python3.12/site-packages/airflow/example_dags/example_python_operator.py
[2025-04-21T04:41:37.228+0000] {processor.py:840} INFO - DAG(s) 'example_python_operator' retrieved from /home/airflow/.local/lib/python3.12/site-packages/airflow/example_dags/example_python_operator.py
[2025-04-21T04:41:37.239+0000] {logging_mixin.py:188} INFO - [2025-04-21T04:41:37.239+0000] {dag.py:3096} INFO - Sync 1 DAGs
[2025-04-21T04:41:37.244+0000] {logging_mixin.py:188} INFO - [2025-04-21T04:41:37.244+0000] {dag.py:3954} INFO - Setting next_dagrun for example_python_operator to None, run_after=None
[2025-04-21T04:41:37.252+0000] {processor.py:183} INFO - Processing /home/airflow/.local/lib/python3.12/site-packages/airflow/example_dags/example_python_operator.py took 0.033 seconds
[2025-04-21T04:46:50.132+0000] {processor.py:161} INFO - Started process (PID=92017) to work on /home/airflow/.local/lib/python3.12/site-packages/airflow/example_dags/example_python_operator.py
[2025-04-21T04:46:50.133+0000] {processor.py:830} INFO - Processing file /home/airflow/.local/lib/python3.12/site-packages/airflow/example_dags/example_python_operator.py for tasks to queue
[2025-04-21T04:46:50.133+0000] {logging_mixin.py:188} INFO - [2025-04-21T04:46:50.133+0000] {dagbag.py:545} INFO - Filling up the DagBag from /home/airflow/.local/lib/python3.12/site-packages/airflow/example_dags/example_python_operator.py
[2025-04-21T04:46:50.138+0000] {processor.py:840} INFO - DAG(s) 'example_python_operator' retrieved from /home/airflow/.local/lib/python3.12/site-packages/airflow/example_dags/example_python_operator.py
[2025-04-21T04:46:50.148+0000] {logging_mixin.py:188} INFO - [2025-04-21T04:46:50.148+0000] {dag.py:3096} INFO - Sync 1 DAGs
[2025-04-21T04:46:50.153+0000] {logging_mixin.py:188} INFO - [2025-04-21T04:46:50.153+0000] {dag.py:3954} INFO - Setting next_dagrun for example_python_operator to None, run_after=None
[2025-04-21T04:46:50.160+0000] {processor.py:183} INFO - Processing /home/airflow/.local/lib/python3.12/site-packages/airflow/example_dags/example_python_operator.py took 0.031 seconds
[2025-04-21T04:47:20.315+0000] {processor.py:161} INFO - Started process (PID=92075) to work on /home/airflow/.local/lib/python3.12/site-packages/airflow/example_dags/example_python_operator.py
[2025-04-21T04:47:20.319+0000] {processor.py:830} INFO - Processing file /home/airflow/.local/lib/python3.12/site-packages/airflow/example_dags/example_python_operator.py for tasks to queue
[2025-04-21T04:47:20.321+0000] {logging_mixin.py:188} INFO - [2025-04-21T04:47:20.320+0000] {dagbag.py:545} INFO - Filling up the DagBag from /home/airflow/.local/lib/python3.12/site-packages/airflow/example_dags/example_python_operator.py
[2025-04-21T04:47:20.343+0000] {processor.py:840} INFO - DAG(s) 'example_python_operator' retrieved from /home/airflow/.local/lib/python3.12/site-packages/airflow/example_dags/example_python_operator.py
[2025-04-21T04:47:20.356+0000] {logging_mixin.py:188} INFO - [2025-04-21T04:47:20.355+0000] {dag.py:3096} INFO - Sync 1 DAGs
[2025-04-21T04:47:20.362+0000] {logging_mixin.py:188} INFO - [2025-04-21T04:47:20.362+0000] {dag.py:3954} INFO - Setting next_dagrun for example_python_operator to None, run_after=None
[2025-04-21T04:47:20.376+0000] {processor.py:183} INFO - Processing /home/airflow/.local/lib/python3.12/site-packages/airflow/example_dags/example_python_operator.py took 0.063 seconds
[2025-04-21T04:52:33.355+0000] {processor.py:161} INFO - Started process (PID=92137) to work on /home/airflow/.local/lib/python3.12/site-packages/airflow/example_dags/example_python_operator.py
[2025-04-21T04:52:33.356+0000] {processor.py:830} INFO - Processing file /home/airflow/.local/lib/python3.12/site-packages/airflow/example_dags/example_python_operator.py for tasks to queue
[2025-04-21T04:52:33.357+0000] {logging_mixin.py:188} INFO - [2025-04-21T04:52:33.356+0000] {dagbag.py:545} INFO - Filling up the DagBag from /home/airflow/.local/lib/python3.12/site-packages/airflow/example_dags/example_python_operator.py
[2025-04-21T04:52:33.361+0000] {processor.py:840} INFO - DAG(s) 'example_python_operator' retrieved from /home/airflow/.local/lib/python3.12/site-packages/airflow/example_dags/example_python_operator.py
[2025-04-21T04:52:33.371+0000] {logging_mixin.py:188} INFO - [2025-04-21T04:52:33.371+0000] {dag.py:3096} INFO - Sync 1 DAGs
[2025-04-21T04:52:33.377+0000] {logging_mixin.py:188} INFO - [2025-04-21T04:52:33.377+0000] {dag.py:3954} INFO - Setting next_dagrun for example_python_operator to None, run_after=None
[2025-04-21T04:52:33.384+0000] {processor.py:183} INFO - Processing /home/airflow/.local/lib/python3.12/site-packages/airflow/example_dags/example_python_operator.py took 0.031 seconds
[2025-04-21T05:15:36.850+0000] {processor.py:161} INFO - Started process (PID=92197) to work on /home/airflow/.local/lib/python3.12/site-packages/airflow/example_dags/example_python_operator.py
[2025-04-21T05:15:36.851+0000] {processor.py:830} INFO - Processing file /home/airflow/.local/lib/python3.12/site-packages/airflow/example_dags/example_python_operator.py for tasks to queue
[2025-04-21T05:15:36.852+0000] {logging_mixin.py:188} INFO - [2025-04-21T05:15:36.851+0000] {dagbag.py:545} INFO - Filling up the DagBag from /home/airflow/.local/lib/python3.12/site-packages/airflow/example_dags/example_python_operator.py
[2025-04-21T05:15:36.856+0000] {processor.py:840} INFO - DAG(s) 'example_python_operator' retrieved from /home/airflow/.local/lib/python3.12/site-packages/airflow/example_dags/example_python_operator.py
[2025-04-21T05:15:36.867+0000] {logging_mixin.py:188} INFO - [2025-04-21T05:15:36.867+0000] {dag.py:3096} INFO - Sync 1 DAGs
[2025-04-21T05:15:36.873+0000] {logging_mixin.py:188} INFO - [2025-04-21T05:15:36.873+0000] {dag.py:3954} INFO - Setting next_dagrun for example_python_operator to None, run_after=None
[2025-04-21T05:15:36.881+0000] {processor.py:183} INFO - Processing /home/airflow/.local/lib/python3.12/site-packages/airflow/example_dags/example_python_operator.py took 0.033 seconds
[2025-04-21T05:20:50.432+0000] {processor.py:161} INFO - Started process (PID=92257) to work on /home/airflow/.local/lib/python3.12/site-packages/airflow/example_dags/example_python_operator.py
[2025-04-21T05:20:50.433+0000] {processor.py:830} INFO - Processing file /home/airflow/.local/lib/python3.12/site-packages/airflow/example_dags/example_python_operator.py for tasks to queue
[2025-04-21T05:20:50.434+0000] {logging_mixin.py:188} INFO - [2025-04-21T05:20:50.434+0000] {dagbag.py:545} INFO - Filling up the DagBag from /home/airflow/.local/lib/python3.12/site-packages/airflow/example_dags/example_python_operator.py
[2025-04-21T05:20:50.440+0000] {processor.py:840} INFO - DAG(s) 'example_python_operator' retrieved from /home/airflow/.local/lib/python3.12/site-packages/airflow/example_dags/example_python_operator.py
[2025-04-21T05:20:50.452+0000] {logging_mixin.py:188} INFO - [2025-04-21T05:20:50.452+0000] {dag.py:3096} INFO - Sync 1 DAGs
[2025-04-21T05:20:50.457+0000] {logging_mixin.py:188} INFO - [2025-04-21T05:20:50.457+0000] {dag.py:3954} INFO - Setting next_dagrun for example_python_operator to None, run_after=None
[2025-04-21T05:20:50.467+0000] {processor.py:183} INFO - Processing /home/airflow/.local/lib/python3.12/site-packages/airflow/example_dags/example_python_operator.py took 0.039 seconds
[2025-04-21T05:26:02.948+0000] {processor.py:161} INFO - Started process (PID=92317) to work on /home/airflow/.local/lib/python3.12/site-packages/airflow/example_dags/example_python_operator.py
[2025-04-21T05:26:02.949+0000] {processor.py:830} INFO - Processing file /home/airflow/.local/lib/python3.12/site-packages/airflow/example_dags/example_python_operator.py for tasks to queue
[2025-04-21T05:26:02.950+0000] {logging_mixin.py:188} INFO - [2025-04-21T05:26:02.950+0000] {dagbag.py:545} INFO - Filling up the DagBag from /home/airflow/.local/lib/python3.12/site-packages/airflow/example_dags/example_python_operator.py
[2025-04-21T05:26:02.954+0000] {processor.py:840} INFO - DAG(s) 'example_python_operator' retrieved from /home/airflow/.local/lib/python3.12/site-packages/airflow/example_dags/example_python_operator.py
[2025-04-21T05:26:02.964+0000] {logging_mixin.py:188} INFO - [2025-04-21T05:26:02.964+0000] {dag.py:3096} INFO - Sync 1 DAGs
[2025-04-21T05:26:02.970+0000] {logging_mixin.py:188} INFO - [2025-04-21T05:26:02.970+0000] {dag.py:3954} INFO - Setting next_dagrun for example_python_operator to None, run_after=None
[2025-04-21T05:26:02.977+0000] {processor.py:183} INFO - Processing /home/airflow/.local/lib/python3.12/site-packages/airflow/example_dags/example_python_operator.py took 0.031 seconds
[2025-04-21T05:59:57.444+0000] {processor.py:161} INFO - Started process (PID=92377) to work on /home/airflow/.local/lib/python3.12/site-packages/airflow/example_dags/example_python_operator.py
[2025-04-21T05:59:57.444+0000] {processor.py:830} INFO - Processing file /home/airflow/.local/lib/python3.12/site-packages/airflow/example_dags/example_python_operator.py for tasks to queue
[2025-04-21T05:59:57.445+0000] {logging_mixin.py:188} INFO - [2025-04-21T05:59:57.445+0000] {dagbag.py:545} INFO - Filling up the DagBag from /home/airflow/.local/lib/python3.12/site-packages/airflow/example_dags/example_python_operator.py
[2025-04-21T05:59:57.450+0000] {processor.py:840} INFO - DAG(s) 'example_python_operator' retrieved from /home/airflow/.local/lib/python3.12/site-packages/airflow/example_dags/example_python_operator.py
[2025-04-21T05:59:57.460+0000] {logging_mixin.py:188} INFO - [2025-04-21T05:59:57.460+0000] {dag.py:3096} INFO - Sync 1 DAGs
[2025-04-21T05:59:57.465+0000] {logging_mixin.py:188} INFO - [2025-04-21T05:59:57.465+0000] {dag.py:3954} INFO - Setting next_dagrun for example_python_operator to None, run_after=None
[2025-04-21T05:59:57.473+0000] {processor.py:183} INFO - Processing /home/airflow/.local/lib/python3.12/site-packages/airflow/example_dags/example_python_operator.py took 0.032 seconds
[2025-04-21T07:21:15.496+0000] {processor.py:161} INFO - Started process (PID=92437) to work on /home/airflow/.local/lib/python3.12/site-packages/airflow/example_dags/example_python_operator.py
[2025-04-21T07:21:15.497+0000] {processor.py:830} INFO - Processing file /home/airflow/.local/lib/python3.12/site-packages/airflow/example_dags/example_python_operator.py for tasks to queue
[2025-04-21T07:21:15.498+0000] {logging_mixin.py:188} INFO - [2025-04-21T07:21:15.497+0000] {dagbag.py:545} INFO - Filling up the DagBag from /home/airflow/.local/lib/python3.12/site-packages/airflow/example_dags/example_python_operator.py
[2025-04-21T07:21:15.502+0000] {processor.py:840} INFO - DAG(s) 'example_python_operator' retrieved from /home/airflow/.local/lib/python3.12/site-packages/airflow/example_dags/example_python_operator.py
[2025-04-21T07:21:15.513+0000] {logging_mixin.py:188} INFO - [2025-04-21T07:21:15.513+0000] {dag.py:3096} INFO - Sync 1 DAGs
[2025-04-21T07:21:15.518+0000] {logging_mixin.py:188} INFO - [2025-04-21T07:21:15.518+0000] {dag.py:3954} INFO - Setting next_dagrun for example_python_operator to None, run_after=None
[2025-04-21T07:21:15.529+0000] {processor.py:183} INFO - Processing /home/airflow/.local/lib/python3.12/site-packages/airflow/example_dags/example_python_operator.py took 0.035 seconds
[2025-04-21T09:02:20.437+0000] {processor.py:161} INFO - Started process (PID=92497) to work on /home/airflow/.local/lib/python3.12/site-packages/airflow/example_dags/example_python_operator.py
[2025-04-21T09:02:20.437+0000] {processor.py:830} INFO - Processing file /home/airflow/.local/lib/python3.12/site-packages/airflow/example_dags/example_python_operator.py for tasks to queue
[2025-04-21T09:02:20.438+0000] {logging_mixin.py:188} INFO - [2025-04-21T09:02:20.438+0000] {dagbag.py:545} INFO - Filling up the DagBag from /home/airflow/.local/lib/python3.12/site-packages/airflow/example_dags/example_python_operator.py
[2025-04-21T09:02:20.443+0000] {processor.py:840} INFO - DAG(s) 'example_python_operator' retrieved from /home/airflow/.local/lib/python3.12/site-packages/airflow/example_dags/example_python_operator.py
[2025-04-21T09:02:20.455+0000] {logging_mixin.py:188} INFO - [2025-04-21T09:02:20.455+0000] {dag.py:3096} INFO - Sync 1 DAGs
[2025-04-21T09:02:20.462+0000] {logging_mixin.py:188} INFO - [2025-04-21T09:02:20.462+0000] {dag.py:3954} INFO - Setting next_dagrun for example_python_operator to None, run_after=None
[2025-04-21T09:02:20.470+0000] {processor.py:183} INFO - Processing /home/airflow/.local/lib/python3.12/site-packages/airflow/example_dags/example_python_operator.py took 0.036 seconds
[2025-04-21T10:25:29.558+0000] {processor.py:161} INFO - Started process (PID=92557) to work on /home/airflow/.local/lib/python3.12/site-packages/airflow/example_dags/example_python_operator.py
[2025-04-21T10:25:29.559+0000] {processor.py:830} INFO - Processing file /home/airflow/.local/lib/python3.12/site-packages/airflow/example_dags/example_python_operator.py for tasks to queue
[2025-04-21T10:25:29.559+0000] {logging_mixin.py:188} INFO - [2025-04-21T10:25:29.559+0000] {dagbag.py:545} INFO - Filling up the DagBag from /home/airflow/.local/lib/python3.12/site-packages/airflow/example_dags/example_python_operator.py
[2025-04-21T10:25:29.564+0000] {processor.py:840} INFO - DAG(s) 'example_python_operator' retrieved from /home/airflow/.local/lib/python3.12/site-packages/airflow/example_dags/example_python_operator.py
[2025-04-21T10:25:29.575+0000] {logging_mixin.py:188} INFO - [2025-04-21T10:25:29.575+0000] {dag.py:3096} INFO - Sync 1 DAGs
[2025-04-21T10:25:29.581+0000] {logging_mixin.py:188} INFO - [2025-04-21T10:25:29.581+0000] {dag.py:3954} INFO - Setting next_dagrun for example_python_operator to None, run_after=None
[2025-04-21T10:25:29.589+0000] {processor.py:183} INFO - Processing /home/airflow/.local/lib/python3.12/site-packages/airflow/example_dags/example_python_operator.py took 0.033 seconds
[2025-04-21T12:02:27.174+0000] {processor.py:161} INFO - Started process (PID=92617) to work on /home/airflow/.local/lib/python3.12/site-packages/airflow/example_dags/example_python_operator.py
[2025-04-21T12:02:27.174+0000] {processor.py:830} INFO - Processing file /home/airflow/.local/lib/python3.12/site-packages/airflow/example_dags/example_python_operator.py for tasks to queue
[2025-04-21T12:02:27.175+0000] {logging_mixin.py:188} INFO - [2025-04-21T12:02:27.175+0000] {dagbag.py:545} INFO - Filling up the DagBag from /home/airflow/.local/lib/python3.12/site-packages/airflow/example_dags/example_python_operator.py
[2025-04-21T12:02:27.180+0000] {processor.py:840} INFO - DAG(s) 'example_python_operator' retrieved from /home/airflow/.local/lib/python3.12/site-packages/airflow/example_dags/example_python_operator.py
[2025-04-21T12:02:27.190+0000] {logging_mixin.py:188} INFO - [2025-04-21T12:02:27.190+0000] {dag.py:3096} INFO - Sync 1 DAGs
[2025-04-21T12:02:27.196+0000] {logging_mixin.py:188} INFO - [2025-04-21T12:02:27.195+0000] {dag.py:3954} INFO - Setting next_dagrun for example_python_operator to None, run_after=None
[2025-04-21T12:02:27.203+0000] {processor.py:183} INFO - Processing /home/airflow/.local/lib/python3.12/site-packages/airflow/example_dags/example_python_operator.py took 0.032 seconds
[2025-04-21T12:02:57.428+0000] {processor.py:161} INFO - Started process (PID=92675) to work on /home/airflow/.local/lib/python3.12/site-packages/airflow/example_dags/example_python_operator.py
[2025-04-21T12:02:57.429+0000] {processor.py:830} INFO - Processing file /home/airflow/.local/lib/python3.12/site-packages/airflow/example_dags/example_python_operator.py for tasks to queue
[2025-04-21T12:02:57.431+0000] {logging_mixin.py:188} INFO - [2025-04-21T12:02:57.431+0000] {dagbag.py:545} INFO - Filling up the DagBag from /home/airflow/.local/lib/python3.12/site-packages/airflow/example_dags/example_python_operator.py
[2025-04-21T12:02:57.437+0000] {processor.py:840} INFO - DAG(s) 'example_python_operator' retrieved from /home/airflow/.local/lib/python3.12/site-packages/airflow/example_dags/example_python_operator.py
[2025-04-21T12:02:57.448+0000] {logging_mixin.py:188} INFO - [2025-04-21T12:02:57.448+0000] {dag.py:3096} INFO - Sync 1 DAGs
[2025-04-21T12:02:57.454+0000] {logging_mixin.py:188} INFO - [2025-04-21T12:02:57.454+0000] {dag.py:3954} INFO - Setting next_dagrun for example_python_operator to None, run_after=None
[2025-04-21T12:02:57.467+0000] {processor.py:183} INFO - Processing /home/airflow/.local/lib/python3.12/site-packages/airflow/example_dags/example_python_operator.py took 0.042 seconds
[2025-04-21T12:08:10.179+0000] {processor.py:161} INFO - Started process (PID=92737) to work on /home/airflow/.local/lib/python3.12/site-packages/airflow/example_dags/example_python_operator.py
[2025-04-21T12:08:10.180+0000] {processor.py:830} INFO - Processing file /home/airflow/.local/lib/python3.12/site-packages/airflow/example_dags/example_python_operator.py for tasks to queue
[2025-04-21T12:08:10.181+0000] {logging_mixin.py:188} INFO - [2025-04-21T12:08:10.181+0000] {dagbag.py:545} INFO - Filling up the DagBag from /home/airflow/.local/lib/python3.12/site-packages/airflow/example_dags/example_python_operator.py
[2025-04-21T12:08:10.186+0000] {processor.py:840} INFO - DAG(s) 'example_python_operator' retrieved from /home/airflow/.local/lib/python3.12/site-packages/airflow/example_dags/example_python_operator.py
[2025-04-21T12:08:10.195+0000] {logging_mixin.py:188} INFO - [2025-04-21T12:08:10.195+0000] {dag.py:3096} INFO - Sync 1 DAGs
[2025-04-21T12:08:10.200+0000] {logging_mixin.py:188} INFO - [2025-04-21T12:08:10.200+0000] {dag.py:3954} INFO - Setting next_dagrun for example_python_operator to None, run_after=None
[2025-04-21T12:08:10.208+0000] {processor.py:183} INFO - Processing /home/airflow/.local/lib/python3.12/site-packages/airflow/example_dags/example_python_operator.py took 0.031 seconds
[2025-04-21T12:09:05.162+0000] {processor.py:161} INFO - Started process (PID=92797) to work on /home/airflow/.local/lib/python3.12/site-packages/airflow/example_dags/example_python_operator.py
[2025-04-21T12:09:05.162+0000] {processor.py:830} INFO - Processing file /home/airflow/.local/lib/python3.12/site-packages/airflow/example_dags/example_python_operator.py for tasks to queue
[2025-04-21T12:09:05.163+0000] {logging_mixin.py:188} INFO - [2025-04-21T12:09:05.163+0000] {dagbag.py:545} INFO - Filling up the DagBag from /home/airflow/.local/lib/python3.12/site-packages/airflow/example_dags/example_python_operator.py
[2025-04-21T12:09:05.169+0000] {processor.py:840} INFO - DAG(s) 'example_python_operator' retrieved from /home/airflow/.local/lib/python3.12/site-packages/airflow/example_dags/example_python_operator.py
[2025-04-21T12:09:05.181+0000] {logging_mixin.py:188} INFO - [2025-04-21T12:09:05.181+0000] {dag.py:3096} INFO - Sync 1 DAGs
[2025-04-21T12:09:05.190+0000] {logging_mixin.py:188} INFO - [2025-04-21T12:09:05.190+0000] {dag.py:3954} INFO - Setting next_dagrun for example_python_operator to None, run_after=None
[2025-04-21T12:09:05.201+0000] {processor.py:183} INFO - Processing /home/airflow/.local/lib/python3.12/site-packages/airflow/example_dags/example_python_operator.py took 0.042 seconds
[2025-04-21T12:14:18.032+0000] {processor.py:161} INFO - Started process (PID=92857) to work on /home/airflow/.local/lib/python3.12/site-packages/airflow/example_dags/example_python_operator.py
[2025-04-21T12:14:18.033+0000] {processor.py:830} INFO - Processing file /home/airflow/.local/lib/python3.12/site-packages/airflow/example_dags/example_python_operator.py for tasks to queue
[2025-04-21T12:14:18.034+0000] {logging_mixin.py:188} INFO - [2025-04-21T12:14:18.034+0000] {dagbag.py:545} INFO - Filling up the DagBag from /home/airflow/.local/lib/python3.12/site-packages/airflow/example_dags/example_python_operator.py
[2025-04-21T12:14:18.039+0000] {processor.py:840} INFO - DAG(s) 'example_python_operator' retrieved from /home/airflow/.local/lib/python3.12/site-packages/airflow/example_dags/example_python_operator.py
[2025-04-21T12:14:18.049+0000] {logging_mixin.py:188} INFO - [2025-04-21T12:14:18.049+0000] {dag.py:3096} INFO - Sync 1 DAGs
[2025-04-21T12:14:18.054+0000] {logging_mixin.py:188} INFO - [2025-04-21T12:14:18.054+0000] {dag.py:3954} INFO - Setting next_dagrun for example_python_operator to None, run_after=None
[2025-04-21T12:14:18.063+0000] {processor.py:183} INFO - Processing /home/airflow/.local/lib/python3.12/site-packages/airflow/example_dags/example_python_operator.py took 0.033 seconds
[2025-04-21T12:19:31.593+0000] {processor.py:161} INFO - Started process (PID=92917) to work on /home/airflow/.local/lib/python3.12/site-packages/airflow/example_dags/example_python_operator.py
[2025-04-21T12:19:31.594+0000] {processor.py:830} INFO - Processing file /home/airflow/.local/lib/python3.12/site-packages/airflow/example_dags/example_python_operator.py for tasks to queue
[2025-04-21T12:19:31.594+0000] {logging_mixin.py:188} INFO - [2025-04-21T12:19:31.594+0000] {dagbag.py:545} INFO - Filling up the DagBag from /home/airflow/.local/lib/python3.12/site-packages/airflow/example_dags/example_python_operator.py
[2025-04-21T12:19:31.599+0000] {processor.py:840} INFO - DAG(s) 'example_python_operator' retrieved from /home/airflow/.local/lib/python3.12/site-packages/airflow/example_dags/example_python_operator.py
[2025-04-21T12:19:31.610+0000] {logging_mixin.py:188} INFO - [2025-04-21T12:19:31.610+0000] {dag.py:3096} INFO - Sync 1 DAGs
[2025-04-21T12:19:31.615+0000] {logging_mixin.py:188} INFO - [2025-04-21T12:19:31.615+0000] {dag.py:3954} INFO - Setting next_dagrun for example_python_operator to None, run_after=None
[2025-04-21T12:19:31.625+0000] {processor.py:183} INFO - Processing /home/airflow/.local/lib/python3.12/site-packages/airflow/example_dags/example_python_operator.py took 0.035 seconds
[2025-04-21T12:24:44.183+0000] {processor.py:161} INFO - Started process (PID=92977) to work on /home/airflow/.local/lib/python3.12/site-packages/airflow/example_dags/example_python_operator.py
[2025-04-21T12:24:44.183+0000] {processor.py:830} INFO - Processing file /home/airflow/.local/lib/python3.12/site-packages/airflow/example_dags/example_python_operator.py for tasks to queue
[2025-04-21T12:24:44.184+0000] {logging_mixin.py:188} INFO - [2025-04-21T12:24:44.184+0000] {dagbag.py:545} INFO - Filling up the DagBag from /home/airflow/.local/lib/python3.12/site-packages/airflow/example_dags/example_python_operator.py
[2025-04-21T12:24:44.189+0000] {processor.py:840} INFO - DAG(s) 'example_python_operator' retrieved from /home/airflow/.local/lib/python3.12/site-packages/airflow/example_dags/example_python_operator.py
[2025-04-21T12:24:44.204+0000] {logging_mixin.py:188} INFO - [2025-04-21T12:24:44.204+0000] {dag.py:3096} INFO - Sync 1 DAGs
[2025-04-21T12:24:44.210+0000] {logging_mixin.py:188} INFO - [2025-04-21T12:24:44.210+0000] {dag.py:3954} INFO - Setting next_dagrun for example_python_operator to None, run_after=None
[2025-04-21T12:24:44.217+0000] {processor.py:183} INFO - Processing /home/airflow/.local/lib/python3.12/site-packages/airflow/example_dags/example_python_operator.py took 0.037 seconds
[2025-04-21T12:56:59.136+0000] {processor.py:161} INFO - Started process (PID=93037) to work on /home/airflow/.local/lib/python3.12/site-packages/airflow/example_dags/example_python_operator.py
[2025-04-21T12:56:59.136+0000] {processor.py:830} INFO - Processing file /home/airflow/.local/lib/python3.12/site-packages/airflow/example_dags/example_python_operator.py for tasks to queue
[2025-04-21T12:56:59.137+0000] {logging_mixin.py:188} INFO - [2025-04-21T12:56:59.137+0000] {dagbag.py:545} INFO - Filling up the DagBag from /home/airflow/.local/lib/python3.12/site-packages/airflow/example_dags/example_python_operator.py
[2025-04-21T12:56:59.142+0000] {processor.py:840} INFO - DAG(s) 'example_python_operator' retrieved from /home/airflow/.local/lib/python3.12/site-packages/airflow/example_dags/example_python_operator.py
[2025-04-21T12:56:59.152+0000] {logging_mixin.py:188} INFO - [2025-04-21T12:56:59.152+0000] {dag.py:3096} INFO - Sync 1 DAGs
[2025-04-21T12:56:59.157+0000] {logging_mixin.py:188} INFO - [2025-04-21T12:56:59.157+0000] {dag.py:3954} INFO - Setting next_dagrun for example_python_operator to None, run_after=None
[2025-04-21T12:56:59.165+0000] {processor.py:183} INFO - Processing /home/airflow/.local/lib/python3.12/site-packages/airflow/example_dags/example_python_operator.py took 0.033 seconds
[2025-04-21T14:21:25.244+0000] {processor.py:161} INFO - Started process (PID=93097) to work on /home/airflow/.local/lib/python3.12/site-packages/airflow/example_dags/example_python_operator.py
[2025-04-21T14:21:25.245+0000] {processor.py:830} INFO - Processing file /home/airflow/.local/lib/python3.12/site-packages/airflow/example_dags/example_python_operator.py for tasks to queue
[2025-04-21T14:21:25.245+0000] {logging_mixin.py:188} INFO - [2025-04-21T14:21:25.245+0000] {dagbag.py:545} INFO - Filling up the DagBag from /home/airflow/.local/lib/python3.12/site-packages/airflow/example_dags/example_python_operator.py
[2025-04-21T14:21:25.253+0000] {processor.py:840} INFO - DAG(s) 'example_python_operator' retrieved from /home/airflow/.local/lib/python3.12/site-packages/airflow/example_dags/example_python_operator.py
[2025-04-21T14:21:25.266+0000] {logging_mixin.py:188} INFO - [2025-04-21T14:21:25.266+0000] {dag.py:3096} INFO - Sync 1 DAGs
[2025-04-21T14:21:25.272+0000] {logging_mixin.py:188} INFO - [2025-04-21T14:21:25.272+0000] {dag.py:3954} INFO - Setting next_dagrun for example_python_operator to None, run_after=None
[2025-04-21T14:21:25.280+0000] {processor.py:183} INFO - Processing /home/airflow/.local/lib/python3.12/site-packages/airflow/example_dags/example_python_operator.py took 0.038 seconds
[2025-04-21T16:03:44.517+0000] {processor.py:161} INFO - Started process (PID=93157) to work on /home/airflow/.local/lib/python3.12/site-packages/airflow/example_dags/example_python_operator.py
[2025-04-21T16:03:44.518+0000] {processor.py:830} INFO - Processing file /home/airflow/.local/lib/python3.12/site-packages/airflow/example_dags/example_python_operator.py for tasks to queue
[2025-04-21T16:03:44.519+0000] {logging_mixin.py:188} INFO - [2025-04-21T16:03:44.519+0000] {dagbag.py:545} INFO - Filling up the DagBag from /home/airflow/.local/lib/python3.12/site-packages/airflow/example_dags/example_python_operator.py
[2025-04-21T16:03:44.524+0000] {processor.py:840} INFO - DAG(s) 'example_python_operator' retrieved from /home/airflow/.local/lib/python3.12/site-packages/airflow/example_dags/example_python_operator.py
[2025-04-21T16:03:44.535+0000] {logging_mixin.py:188} INFO - [2025-04-21T16:03:44.535+0000] {dag.py:3096} INFO - Sync 1 DAGs
[2025-04-21T16:03:44.541+0000] {logging_mixin.py:188} INFO - [2025-04-21T16:03:44.541+0000] {dag.py:3954} INFO - Setting next_dagrun for example_python_operator to None, run_after=None
[2025-04-21T16:03:44.550+0000] {processor.py:183} INFO - Processing /home/airflow/.local/lib/python3.12/site-packages/airflow/example_dags/example_python_operator.py took 0.036 seconds
[2025-04-21T17:25:31.260+0000] {processor.py:161} INFO - Started process (PID=93217) to work on /home/airflow/.local/lib/python3.12/site-packages/airflow/example_dags/example_python_operator.py
[2025-04-21T17:25:31.260+0000] {processor.py:830} INFO - Processing file /home/airflow/.local/lib/python3.12/site-packages/airflow/example_dags/example_python_operator.py for tasks to queue
[2025-04-21T17:25:31.261+0000] {logging_mixin.py:188} INFO - [2025-04-21T17:25:31.261+0000] {dagbag.py:545} INFO - Filling up the DagBag from /home/airflow/.local/lib/python3.12/site-packages/airflow/example_dags/example_python_operator.py
[2025-04-21T17:25:31.267+0000] {processor.py:840} INFO - DAG(s) 'example_python_operator' retrieved from /home/airflow/.local/lib/python3.12/site-packages/airflow/example_dags/example_python_operator.py
[2025-04-21T17:25:31.278+0000] {logging_mixin.py:188} INFO - [2025-04-21T17:25:31.277+0000] {dag.py:3096} INFO - Sync 1 DAGs
[2025-04-21T17:25:31.283+0000] {logging_mixin.py:188} INFO - [2025-04-21T17:25:31.283+0000] {dag.py:3954} INFO - Setting next_dagrun for example_python_operator to None, run_after=None
[2025-04-21T17:25:31.290+0000] {processor.py:183} INFO - Processing /home/airflow/.local/lib/python3.12/site-packages/airflow/example_dags/example_python_operator.py took 0.033 seconds
[2025-04-21T18:31:34.671+0000] {processor.py:161} INFO - Started process (PID=93277) to work on /home/airflow/.local/lib/python3.12/site-packages/airflow/example_dags/example_python_operator.py
[2025-04-21T18:31:34.672+0000] {processor.py:830} INFO - Processing file /home/airflow/.local/lib/python3.12/site-packages/airflow/example_dags/example_python_operator.py for tasks to queue
[2025-04-21T18:31:34.672+0000] {logging_mixin.py:188} INFO - [2025-04-21T18:31:34.672+0000] {dagbag.py:545} INFO - Filling up the DagBag from /home/airflow/.local/lib/python3.12/site-packages/airflow/example_dags/example_python_operator.py
[2025-04-21T18:31:34.678+0000] {processor.py:840} INFO - DAG(s) 'example_python_operator' retrieved from /home/airflow/.local/lib/python3.12/site-packages/airflow/example_dags/example_python_operator.py
[2025-04-21T18:31:34.689+0000] {logging_mixin.py:188} INFO - [2025-04-21T18:31:34.689+0000] {dag.py:3096} INFO - Sync 1 DAGs
[2025-04-21T18:31:34.694+0000] {logging_mixin.py:188} INFO - [2025-04-21T18:31:34.694+0000] {dag.py:3954} INFO - Setting next_dagrun for example_python_operator to None, run_after=None
[2025-04-21T18:31:34.701+0000] {processor.py:183} INFO - Processing /home/airflow/.local/lib/python3.12/site-packages/airflow/example_dags/example_python_operator.py took 0.035 seconds
[2025-04-21T18:32:05.257+0000] {processor.py:161} INFO - Started process (PID=93337) to work on /home/airflow/.local/lib/python3.12/site-packages/airflow/example_dags/example_python_operator.py
[2025-04-21T18:32:05.258+0000] {processor.py:830} INFO - Processing file /home/airflow/.local/lib/python3.12/site-packages/airflow/example_dags/example_python_operator.py for tasks to queue
[2025-04-21T18:32:05.259+0000] {logging_mixin.py:188} INFO - [2025-04-21T18:32:05.259+0000] {dagbag.py:545} INFO - Filling up the DagBag from /home/airflow/.local/lib/python3.12/site-packages/airflow/example_dags/example_python_operator.py
[2025-04-21T18:32:05.264+0000] {processor.py:840} INFO - DAG(s) 'example_python_operator' retrieved from /home/airflow/.local/lib/python3.12/site-packages/airflow/example_dags/example_python_operator.py
[2025-04-21T18:32:05.276+0000] {logging_mixin.py:188} INFO - [2025-04-21T18:32:05.276+0000] {dag.py:3096} INFO - Sync 1 DAGs
[2025-04-21T18:32:05.283+0000] {logging_mixin.py:188} INFO - [2025-04-21T18:32:05.283+0000] {dag.py:3954} INFO - Setting next_dagrun for example_python_operator to None, run_after=None
[2025-04-21T18:32:05.295+0000] {processor.py:183} INFO - Processing /home/airflow/.local/lib/python3.12/site-packages/airflow/example_dags/example_python_operator.py took 0.042 seconds
[2025-04-21T18:35:57.047+0000] {processor.py:161} INFO - Started process (PID=93397) to work on /home/airflow/.local/lib/python3.12/site-packages/airflow/example_dags/example_python_operator.py
[2025-04-21T18:35:57.048+0000] {processor.py:830} INFO - Processing file /home/airflow/.local/lib/python3.12/site-packages/airflow/example_dags/example_python_operator.py for tasks to queue
[2025-04-21T18:35:57.049+0000] {logging_mixin.py:188} INFO - [2025-04-21T18:35:57.048+0000] {dagbag.py:545} INFO - Filling up the DagBag from /home/airflow/.local/lib/python3.12/site-packages/airflow/example_dags/example_python_operator.py
[2025-04-21T18:35:57.054+0000] {processor.py:840} INFO - DAG(s) 'example_python_operator' retrieved from /home/airflow/.local/lib/python3.12/site-packages/airflow/example_dags/example_python_operator.py
[2025-04-21T18:35:57.064+0000] {logging_mixin.py:188} INFO - [2025-04-21T18:35:57.064+0000] {dag.py:3096} INFO - Sync 1 DAGs
[2025-04-21T18:35:57.070+0000] {logging_mixin.py:188} INFO - [2025-04-21T18:35:57.070+0000] {dag.py:3954} INFO - Setting next_dagrun for example_python_operator to None, run_after=None
[2025-04-21T18:35:57.078+0000] {processor.py:183} INFO - Processing /home/airflow/.local/lib/python3.12/site-packages/airflow/example_dags/example_python_operator.py took 0.034 seconds
[2025-04-21T18:41:09.867+0000] {processor.py:161} INFO - Started process (PID=93457) to work on /home/airflow/.local/lib/python3.12/site-packages/airflow/example_dags/example_python_operator.py
[2025-04-21T18:41:09.868+0000] {processor.py:830} INFO - Processing file /home/airflow/.local/lib/python3.12/site-packages/airflow/example_dags/example_python_operator.py for tasks to queue
[2025-04-21T18:41:09.869+0000] {logging_mixin.py:188} INFO - [2025-04-21T18:41:09.869+0000] {dagbag.py:545} INFO - Filling up the DagBag from /home/airflow/.local/lib/python3.12/site-packages/airflow/example_dags/example_python_operator.py
[2025-04-21T18:41:09.874+0000] {processor.py:840} INFO - DAG(s) 'example_python_operator' retrieved from /home/airflow/.local/lib/python3.12/site-packages/airflow/example_dags/example_python_operator.py
[2025-04-21T18:41:09.884+0000] {logging_mixin.py:188} INFO - [2025-04-21T18:41:09.884+0000] {dag.py:3096} INFO - Sync 1 DAGs
[2025-04-21T18:41:09.889+0000] {logging_mixin.py:188} INFO - [2025-04-21T18:41:09.889+0000] {dag.py:3954} INFO - Setting next_dagrun for example_python_operator to None, run_after=None
[2025-04-21T18:41:09.897+0000] {processor.py:183} INFO - Processing /home/airflow/.local/lib/python3.12/site-packages/airflow/example_dags/example_python_operator.py took 0.033 seconds
[2025-04-21T18:41:40.548+0000] {processor.py:161} INFO - Started process (PID=93517) to work on /home/airflow/.local/lib/python3.12/site-packages/airflow/example_dags/example_python_operator.py
[2025-04-21T18:41:40.549+0000] {processor.py:830} INFO - Processing file /home/airflow/.local/lib/python3.12/site-packages/airflow/example_dags/example_python_operator.py for tasks to queue
[2025-04-21T18:41:40.550+0000] {logging_mixin.py:188} INFO - [2025-04-21T18:41:40.550+0000] {dagbag.py:545} INFO - Filling up the DagBag from /home/airflow/.local/lib/python3.12/site-packages/airflow/example_dags/example_python_operator.py
[2025-04-21T18:41:40.555+0000] {processor.py:840} INFO - DAG(s) 'example_python_operator' retrieved from /home/airflow/.local/lib/python3.12/site-packages/airflow/example_dags/example_python_operator.py
[2025-04-21T18:41:40.567+0000] {logging_mixin.py:188} INFO - [2025-04-21T18:41:40.567+0000] {dag.py:3096} INFO - Sync 1 DAGs
[2025-04-21T18:41:40.573+0000] {logging_mixin.py:188} INFO - [2025-04-21T18:41:40.573+0000] {dag.py:3954} INFO - Setting next_dagrun for example_python_operator to None, run_after=None
[2025-04-21T18:41:40.582+0000] {processor.py:183} INFO - Processing /home/airflow/.local/lib/python3.12/site-packages/airflow/example_dags/example_python_operator.py took 0.037 seconds
[2025-04-21T18:46:52.823+0000] {processor.py:161} INFO - Started process (PID=93577) to work on /home/airflow/.local/lib/python3.12/site-packages/airflow/example_dags/example_python_operator.py
[2025-04-21T18:46:52.823+0000] {processor.py:830} INFO - Processing file /home/airflow/.local/lib/python3.12/site-packages/airflow/example_dags/example_python_operator.py for tasks to queue
[2025-04-21T18:46:52.824+0000] {logging_mixin.py:188} INFO - [2025-04-21T18:46:52.824+0000] {dagbag.py:545} INFO - Filling up the DagBag from /home/airflow/.local/lib/python3.12/site-packages/airflow/example_dags/example_python_operator.py
[2025-04-21T18:46:52.829+0000] {processor.py:840} INFO - DAG(s) 'example_python_operator' retrieved from /home/airflow/.local/lib/python3.12/site-packages/airflow/example_dags/example_python_operator.py
[2025-04-21T18:46:52.843+0000] {logging_mixin.py:188} INFO - [2025-04-21T18:46:52.843+0000] {dag.py:3096} INFO - Sync 1 DAGs
[2025-04-21T18:46:52.934+0000] {logging_mixin.py:188} INFO - [2025-04-21T18:46:52.934+0000] {dag.py:3954} INFO - Setting next_dagrun for example_python_operator to None, run_after=None
[2025-04-21T18:46:52.943+0000] {processor.py:183} INFO - Processing /home/airflow/.local/lib/python3.12/site-packages/airflow/example_dags/example_python_operator.py took 0.123 seconds
[2025-04-21T18:52:05.967+0000] {processor.py:161} INFO - Started process (PID=93637) to work on /home/airflow/.local/lib/python3.12/site-packages/airflow/example_dags/example_python_operator.py
[2025-04-21T18:52:05.967+0000] {processor.py:830} INFO - Processing file /home/airflow/.local/lib/python3.12/site-packages/airflow/example_dags/example_python_operator.py for tasks to queue
[2025-04-21T18:52:05.969+0000] {logging_mixin.py:188} INFO - [2025-04-21T18:52:05.969+0000] {dagbag.py:545} INFO - Filling up the DagBag from /home/airflow/.local/lib/python3.12/site-packages/airflow/example_dags/example_python_operator.py
[2025-04-21T18:52:05.975+0000] {processor.py:840} INFO - DAG(s) 'example_python_operator' retrieved from /home/airflow/.local/lib/python3.12/site-packages/airflow/example_dags/example_python_operator.py
[2025-04-21T18:52:05.986+0000] {logging_mixin.py:188} INFO - [2025-04-21T18:52:05.985+0000] {dag.py:3096} INFO - Sync 1 DAGs
[2025-04-21T18:52:06.074+0000] {logging_mixin.py:188} INFO - [2025-04-21T18:52:06.074+0000] {dag.py:3954} INFO - Setting next_dagrun for example_python_operator to None, run_after=None
[2025-04-21T18:52:06.088+0000] {processor.py:183} INFO - Processing /home/airflow/.local/lib/python3.12/site-packages/airflow/example_dags/example_python_operator.py took 0.124 seconds
[2025-04-21T18:52:36.865+0000] {processor.py:161} INFO - Started process (PID=93697) to work on /home/airflow/.local/lib/python3.12/site-packages/airflow/example_dags/example_python_operator.py
[2025-04-21T18:52:36.866+0000] {processor.py:830} INFO - Processing file /home/airflow/.local/lib/python3.12/site-packages/airflow/example_dags/example_python_operator.py for tasks to queue
[2025-04-21T18:52:36.867+0000] {logging_mixin.py:188} INFO - [2025-04-21T18:52:36.866+0000] {dagbag.py:545} INFO - Filling up the DagBag from /home/airflow/.local/lib/python3.12/site-packages/airflow/example_dags/example_python_operator.py
[2025-04-21T18:52:36.872+0000] {processor.py:840} INFO - DAG(s) 'example_python_operator' retrieved from /home/airflow/.local/lib/python3.12/site-packages/airflow/example_dags/example_python_operator.py
[2025-04-21T18:52:36.886+0000] {logging_mixin.py:188} INFO - [2025-04-21T18:52:36.885+0000] {dag.py:3096} INFO - Sync 1 DAGs
[2025-04-21T18:52:36.893+0000] {logging_mixin.py:188} INFO - [2025-04-21T18:52:36.892+0000] {dag.py:3954} INFO - Setting next_dagrun for example_python_operator to None, run_after=None
[2025-04-21T18:52:36.986+0000] {processor.py:183} INFO - Processing /home/airflow/.local/lib/python3.12/site-packages/airflow/example_dags/example_python_operator.py took 0.124 seconds
[2025-04-21T18:57:48.669+0000] {processor.py:161} INFO - Started process (PID=93757) to work on /home/airflow/.local/lib/python3.12/site-packages/airflow/example_dags/example_python_operator.py
[2025-04-21T18:57:48.670+0000] {processor.py:830} INFO - Processing file /home/airflow/.local/lib/python3.12/site-packages/airflow/example_dags/example_python_operator.py for tasks to queue
[2025-04-21T18:57:48.671+0000] {logging_mixin.py:188} INFO - [2025-04-21T18:57:48.671+0000] {dagbag.py:545} INFO - Filling up the DagBag from /home/airflow/.local/lib/python3.12/site-packages/airflow/example_dags/example_python_operator.py
[2025-04-21T18:57:48.676+0000] {processor.py:840} INFO - DAG(s) 'example_python_operator' retrieved from /home/airflow/.local/lib/python3.12/site-packages/airflow/example_dags/example_python_operator.py
[2025-04-21T18:57:48.686+0000] {logging_mixin.py:188} INFO - [2025-04-21T18:57:48.686+0000] {dag.py:3096} INFO - Sync 1 DAGs
[2025-04-21T18:57:48.691+0000] {logging_mixin.py:188} INFO - [2025-04-21T18:57:48.691+0000] {dag.py:3954} INFO - Setting next_dagrun for example_python_operator to None, run_after=None
[2025-04-21T18:57:48.699+0000] {processor.py:183} INFO - Processing /home/airflow/.local/lib/python3.12/site-packages/airflow/example_dags/example_python_operator.py took 0.032 seconds
[2025-04-21T20:03:23.637+0000] {processor.py:161} INFO - Started process (PID=93817) to work on /home/airflow/.local/lib/python3.12/site-packages/airflow/example_dags/example_python_operator.py
[2025-04-21T20:03:23.638+0000] {processor.py:830} INFO - Processing file /home/airflow/.local/lib/python3.12/site-packages/airflow/example_dags/example_python_operator.py for tasks to queue
[2025-04-21T20:03:23.639+0000] {logging_mixin.py:188} INFO - [2025-04-21T20:03:23.639+0000] {dagbag.py:545} INFO - Filling up the DagBag from /home/airflow/.local/lib/python3.12/site-packages/airflow/example_dags/example_python_operator.py
[2025-04-21T20:03:23.644+0000] {processor.py:840} INFO - DAG(s) 'example_python_operator' retrieved from /home/airflow/.local/lib/python3.12/site-packages/airflow/example_dags/example_python_operator.py
[2025-04-21T20:03:23.654+0000] {logging_mixin.py:188} INFO - [2025-04-21T20:03:23.654+0000] {dag.py:3096} INFO - Sync 1 DAGs
[2025-04-21T20:03:23.660+0000] {logging_mixin.py:188} INFO - [2025-04-21T20:03:23.660+0000] {dag.py:3954} INFO - Setting next_dagrun for example_python_operator to None, run_after=None
[2025-04-21T20:03:23.667+0000] {processor.py:183} INFO - Processing /home/airflow/.local/lib/python3.12/site-packages/airflow/example_dags/example_python_operator.py took 0.033 seconds
[2025-04-21T20:15:53.227+0000] {processor.py:161} INFO - Started process (PID=93877) to work on /home/airflow/.local/lib/python3.12/site-packages/airflow/example_dags/example_python_operator.py
[2025-04-21T20:15:53.228+0000] {processor.py:830} INFO - Processing file /home/airflow/.local/lib/python3.12/site-packages/airflow/example_dags/example_python_operator.py for tasks to queue
[2025-04-21T20:15:53.229+0000] {logging_mixin.py:188} INFO - [2025-04-21T20:15:53.229+0000] {dagbag.py:545} INFO - Filling up the DagBag from /home/airflow/.local/lib/python3.12/site-packages/airflow/example_dags/example_python_operator.py
[2025-04-21T20:15:53.234+0000] {processor.py:840} INFO - DAG(s) 'example_python_operator' retrieved from /home/airflow/.local/lib/python3.12/site-packages/airflow/example_dags/example_python_operator.py
[2025-04-21T20:15:53.244+0000] {logging_mixin.py:188} INFO - [2025-04-21T20:15:53.244+0000] {dag.py:3096} INFO - Sync 1 DAGs
[2025-04-21T20:15:53.249+0000] {logging_mixin.py:188} INFO - [2025-04-21T20:15:53.249+0000] {dag.py:3954} INFO - Setting next_dagrun for example_python_operator to None, run_after=None
[2025-04-21T20:15:53.257+0000] {processor.py:183} INFO - Processing /home/airflow/.local/lib/python3.12/site-packages/airflow/example_dags/example_python_operator.py took 0.032 seconds
[2025-04-21T20:21:06.580+0000] {processor.py:161} INFO - Started process (PID=93937) to work on /home/airflow/.local/lib/python3.12/site-packages/airflow/example_dags/example_python_operator.py
[2025-04-21T20:21:06.581+0000] {processor.py:830} INFO - Processing file /home/airflow/.local/lib/python3.12/site-packages/airflow/example_dags/example_python_operator.py for tasks to queue
[2025-04-21T20:21:06.581+0000] {logging_mixin.py:188} INFO - [2025-04-21T20:21:06.581+0000] {dagbag.py:545} INFO - Filling up the DagBag from /home/airflow/.local/lib/python3.12/site-packages/airflow/example_dags/example_python_operator.py
[2025-04-21T20:21:06.587+0000] {processor.py:840} INFO - DAG(s) 'example_python_operator' retrieved from /home/airflow/.local/lib/python3.12/site-packages/airflow/example_dags/example_python_operator.py
[2025-04-21T20:21:06.598+0000] {logging_mixin.py:188} INFO - [2025-04-21T20:21:06.598+0000] {dag.py:3096} INFO - Sync 1 DAGs
[2025-04-21T20:21:06.606+0000] {logging_mixin.py:188} INFO - [2025-04-21T20:21:06.605+0000] {dag.py:3954} INFO - Setting next_dagrun for example_python_operator to None, run_after=None
[2025-04-21T20:21:06.614+0000] {processor.py:183} INFO - Processing /home/airflow/.local/lib/python3.12/site-packages/airflow/example_dags/example_python_operator.py took 0.037 seconds
[2025-04-21T20:22:20.625+0000] {processor.py:161} INFO - Started process (PID=93997) to work on /home/airflow/.local/lib/python3.12/site-packages/airflow/example_dags/example_python_operator.py
[2025-04-21T20:22:20.625+0000] {processor.py:830} INFO - Processing file /home/airflow/.local/lib/python3.12/site-packages/airflow/example_dags/example_python_operator.py for tasks to queue
[2025-04-21T20:22:20.626+0000] {logging_mixin.py:188} INFO - [2025-04-21T20:22:20.626+0000] {dagbag.py:545} INFO - Filling up the DagBag from /home/airflow/.local/lib/python3.12/site-packages/airflow/example_dags/example_python_operator.py
[2025-04-21T20:22:20.631+0000] {processor.py:840} INFO - DAG(s) 'example_python_operator' retrieved from /home/airflow/.local/lib/python3.12/site-packages/airflow/example_dags/example_python_operator.py
[2025-04-21T20:22:20.641+0000] {logging_mixin.py:188} INFO - [2025-04-21T20:22:20.641+0000] {dag.py:3096} INFO - Sync 1 DAGs
[2025-04-21T20:22:20.646+0000] {logging_mixin.py:188} INFO - [2025-04-21T20:22:20.646+0000] {dag.py:3954} INFO - Setting next_dagrun for example_python_operator to None, run_after=None
[2025-04-21T20:22:20.654+0000] {processor.py:183} INFO - Processing /home/airflow/.local/lib/python3.12/site-packages/airflow/example_dags/example_python_operator.py took 0.032 seconds
[2025-04-21T20:27:34.125+0000] {processor.py:161} INFO - Started process (PID=94057) to work on /home/airflow/.local/lib/python3.12/site-packages/airflow/example_dags/example_python_operator.py
[2025-04-21T20:27:34.125+0000] {processor.py:830} INFO - Processing file /home/airflow/.local/lib/python3.12/site-packages/airflow/example_dags/example_python_operator.py for tasks to queue
[2025-04-21T20:27:34.126+0000] {logging_mixin.py:188} INFO - [2025-04-21T20:27:34.126+0000] {dagbag.py:545} INFO - Filling up the DagBag from /home/airflow/.local/lib/python3.12/site-packages/airflow/example_dags/example_python_operator.py
[2025-04-21T20:27:34.131+0000] {processor.py:840} INFO - DAG(s) 'example_python_operator' retrieved from /home/airflow/.local/lib/python3.12/site-packages/airflow/example_dags/example_python_operator.py
[2025-04-21T20:27:34.141+0000] {logging_mixin.py:188} INFO - [2025-04-21T20:27:34.141+0000] {dag.py:3096} INFO - Sync 1 DAGs
[2025-04-21T20:27:34.146+0000] {logging_mixin.py:188} INFO - [2025-04-21T20:27:34.146+0000] {dag.py:3954} INFO - Setting next_dagrun for example_python_operator to None, run_after=None
[2025-04-21T20:27:34.154+0000] {processor.py:183} INFO - Processing /home/airflow/.local/lib/python3.12/site-packages/airflow/example_dags/example_python_operator.py took 0.032 seconds
[2025-04-21T20:29:31.461+0000] {processor.py:161} INFO - Started process (PID=94117) to work on /home/airflow/.local/lib/python3.12/site-packages/airflow/example_dags/example_python_operator.py
[2025-04-21T20:29:31.462+0000] {processor.py:830} INFO - Processing file /home/airflow/.local/lib/python3.12/site-packages/airflow/example_dags/example_python_operator.py for tasks to queue
[2025-04-21T20:29:31.462+0000] {logging_mixin.py:188} INFO - [2025-04-21T20:29:31.462+0000] {dagbag.py:545} INFO - Filling up the DagBag from /home/airflow/.local/lib/python3.12/site-packages/airflow/example_dags/example_python_operator.py
[2025-04-21T20:29:31.467+0000] {processor.py:840} INFO - DAG(s) 'example_python_operator' retrieved from /home/airflow/.local/lib/python3.12/site-packages/airflow/example_dags/example_python_operator.py
[2025-04-21T20:29:31.477+0000] {logging_mixin.py:188} INFO - [2025-04-21T20:29:31.477+0000] {dag.py:3096} INFO - Sync 1 DAGs
[2025-04-21T20:29:31.483+0000] {logging_mixin.py:188} INFO - [2025-04-21T20:29:31.483+0000] {dag.py:3954} INFO - Setting next_dagrun for example_python_operator to None, run_after=None
[2025-04-21T20:29:31.491+0000] {processor.py:183} INFO - Processing /home/airflow/.local/lib/python3.12/site-packages/airflow/example_dags/example_python_operator.py took 0.032 seconds
[2025-04-21T20:30:50.894+0000] {processor.py:161} INFO - Started process (PID=94177) to work on /home/airflow/.local/lib/python3.12/site-packages/airflow/example_dags/example_python_operator.py
[2025-04-21T20:30:50.894+0000] {processor.py:830} INFO - Processing file /home/airflow/.local/lib/python3.12/site-packages/airflow/example_dags/example_python_operator.py for tasks to queue
[2025-04-21T20:30:50.895+0000] {logging_mixin.py:188} INFO - [2025-04-21T20:30:50.895+0000] {dagbag.py:545} INFO - Filling up the DagBag from /home/airflow/.local/lib/python3.12/site-packages/airflow/example_dags/example_python_operator.py
[2025-04-21T20:30:50.900+0000] {processor.py:840} INFO - DAG(s) 'example_python_operator' retrieved from /home/airflow/.local/lib/python3.12/site-packages/airflow/example_dags/example_python_operator.py
[2025-04-21T20:30:50.911+0000] {logging_mixin.py:188} INFO - [2025-04-21T20:30:50.911+0000] {dag.py:3096} INFO - Sync 1 DAGs
[2025-04-21T20:30:50.918+0000] {logging_mixin.py:188} INFO - [2025-04-21T20:30:50.918+0000] {dag.py:3954} INFO - Setting next_dagrun for example_python_operator to None, run_after=None
[2025-04-21T20:30:50.926+0000] {processor.py:183} INFO - Processing /home/airflow/.local/lib/python3.12/site-packages/airflow/example_dags/example_python_operator.py took 0.035 seconds
[2025-04-21T20:31:32.209+0000] {processor.py:161} INFO - Started process (PID=94237) to work on /home/airflow/.local/lib/python3.12/site-packages/airflow/example_dags/example_python_operator.py
[2025-04-21T20:31:32.209+0000] {processor.py:830} INFO - Processing file /home/airflow/.local/lib/python3.12/site-packages/airflow/example_dags/example_python_operator.py for tasks to queue
[2025-04-21T20:31:32.210+0000] {logging_mixin.py:188} INFO - [2025-04-21T20:31:32.210+0000] {dagbag.py:545} INFO - Filling up the DagBag from /home/airflow/.local/lib/python3.12/site-packages/airflow/example_dags/example_python_operator.py
[2025-04-21T20:31:32.215+0000] {processor.py:840} INFO - DAG(s) 'example_python_operator' retrieved from /home/airflow/.local/lib/python3.12/site-packages/airflow/example_dags/example_python_operator.py
[2025-04-21T20:31:32.226+0000] {logging_mixin.py:188} INFO - [2025-04-21T20:31:32.226+0000] {dag.py:3096} INFO - Sync 1 DAGs
[2025-04-21T20:31:32.231+0000] {logging_mixin.py:188} INFO - [2025-04-21T20:31:32.231+0000] {dag.py:3954} INFO - Setting next_dagrun for example_python_operator to None, run_after=None
[2025-04-21T20:31:32.239+0000] {processor.py:183} INFO - Processing /home/airflow/.local/lib/python3.12/site-packages/airflow/example_dags/example_python_operator.py took 0.033 seconds
[2025-04-21T20:32:07.456+0000] {processor.py:161} INFO - Started process (PID=94297) to work on /home/airflow/.local/lib/python3.12/site-packages/airflow/example_dags/example_python_operator.py
[2025-04-21T20:32:07.456+0000] {processor.py:830} INFO - Processing file /home/airflow/.local/lib/python3.12/site-packages/airflow/example_dags/example_python_operator.py for tasks to queue
[2025-04-21T20:32:07.457+0000] {logging_mixin.py:188} INFO - [2025-04-21T20:32:07.457+0000] {dagbag.py:545} INFO - Filling up the DagBag from /home/airflow/.local/lib/python3.12/site-packages/airflow/example_dags/example_python_operator.py
[2025-04-21T20:32:07.462+0000] {processor.py:840} INFO - DAG(s) 'example_python_operator' retrieved from /home/airflow/.local/lib/python3.12/site-packages/airflow/example_dags/example_python_operator.py
[2025-04-21T20:32:07.473+0000] {logging_mixin.py:188} INFO - [2025-04-21T20:32:07.473+0000] {dag.py:3096} INFO - Sync 1 DAGs
[2025-04-21T20:32:07.478+0000] {logging_mixin.py:188} INFO - [2025-04-21T20:32:07.478+0000] {dag.py:3954} INFO - Setting next_dagrun for example_python_operator to None, run_after=None
[2025-04-21T20:32:07.486+0000] {processor.py:183} INFO - Processing /home/airflow/.local/lib/python3.12/site-packages/airflow/example_dags/example_python_operator.py took 0.033 seconds
[2025-04-21T20:33:32.239+0000] {processor.py:161} INFO - Started process (PID=94357) to work on /home/airflow/.local/lib/python3.12/site-packages/airflow/example_dags/example_python_operator.py
[2025-04-21T20:33:32.240+0000] {processor.py:830} INFO - Processing file /home/airflow/.local/lib/python3.12/site-packages/airflow/example_dags/example_python_operator.py for tasks to queue
[2025-04-21T20:33:32.241+0000] {logging_mixin.py:188} INFO - [2025-04-21T20:33:32.240+0000] {dagbag.py:545} INFO - Filling up the DagBag from /home/airflow/.local/lib/python3.12/site-packages/airflow/example_dags/example_python_operator.py
[2025-04-21T20:33:32.245+0000] {processor.py:840} INFO - DAG(s) 'example_python_operator' retrieved from /home/airflow/.local/lib/python3.12/site-packages/airflow/example_dags/example_python_operator.py
[2025-04-21T20:33:32.256+0000] {logging_mixin.py:188} INFO - [2025-04-21T20:33:32.256+0000] {dag.py:3096} INFO - Sync 1 DAGs
[2025-04-21T20:33:32.261+0000] {logging_mixin.py:188} INFO - [2025-04-21T20:33:32.261+0000] {dag.py:3954} INFO - Setting next_dagrun for example_python_operator to None, run_after=None
[2025-04-21T20:33:32.269+0000] {processor.py:183} INFO - Processing /home/airflow/.local/lib/python3.12/site-packages/airflow/example_dags/example_python_operator.py took 0.032 seconds
[2025-04-21T20:34:54.548+0000] {processor.py:161} INFO - Started process (PID=94417) to work on /home/airflow/.local/lib/python3.12/site-packages/airflow/example_dags/example_python_operator.py
[2025-04-21T20:34:54.548+0000] {processor.py:830} INFO - Processing file /home/airflow/.local/lib/python3.12/site-packages/airflow/example_dags/example_python_operator.py for tasks to queue
[2025-04-21T20:34:54.549+0000] {logging_mixin.py:188} INFO - [2025-04-21T20:34:54.549+0000] {dagbag.py:545} INFO - Filling up the DagBag from /home/airflow/.local/lib/python3.12/site-packages/airflow/example_dags/example_python_operator.py
[2025-04-21T20:34:54.554+0000] {processor.py:840} INFO - DAG(s) 'example_python_operator' retrieved from /home/airflow/.local/lib/python3.12/site-packages/airflow/example_dags/example_python_operator.py
[2025-04-21T20:34:54.568+0000] {logging_mixin.py:188} INFO - [2025-04-21T20:34:54.568+0000] {dag.py:3096} INFO - Sync 1 DAGs
[2025-04-21T20:34:54.588+0000] {logging_mixin.py:188} INFO - [2025-04-21T20:34:54.588+0000] {dag.py:3954} INFO - Setting next_dagrun for example_python_operator to None, run_after=None
[2025-04-21T20:34:54.606+0000] {processor.py:183} INFO - Processing /home/airflow/.local/lib/python3.12/site-packages/airflow/example_dags/example_python_operator.py took 0.061 seconds
[2025-04-21T20:36:07.895+0000] {processor.py:161} INFO - Started process (PID=94477) to work on /home/airflow/.local/lib/python3.12/site-packages/airflow/example_dags/example_python_operator.py
[2025-04-21T20:36:07.895+0000] {processor.py:830} INFO - Processing file /home/airflow/.local/lib/python3.12/site-packages/airflow/example_dags/example_python_operator.py for tasks to queue
[2025-04-21T20:36:07.896+0000] {logging_mixin.py:188} INFO - [2025-04-21T20:36:07.896+0000] {dagbag.py:545} INFO - Filling up the DagBag from /home/airflow/.local/lib/python3.12/site-packages/airflow/example_dags/example_python_operator.py
[2025-04-21T20:36:07.901+0000] {processor.py:840} INFO - DAG(s) 'example_python_operator' retrieved from /home/airflow/.local/lib/python3.12/site-packages/airflow/example_dags/example_python_operator.py
[2025-04-21T20:36:07.911+0000] {logging_mixin.py:188} INFO - [2025-04-21T20:36:07.911+0000] {dag.py:3096} INFO - Sync 1 DAGs
[2025-04-21T20:36:07.917+0000] {logging_mixin.py:188} INFO - [2025-04-21T20:36:07.917+0000] {dag.py:3954} INFO - Setting next_dagrun for example_python_operator to None, run_after=None
[2025-04-21T20:36:07.924+0000] {processor.py:183} INFO - Processing /home/airflow/.local/lib/python3.12/site-packages/airflow/example_dags/example_python_operator.py took 0.032 seconds
[2025-04-21T20:37:29.373+0000] {processor.py:161} INFO - Started process (PID=94537) to work on /home/airflow/.local/lib/python3.12/site-packages/airflow/example_dags/example_python_operator.py
[2025-04-21T20:37:29.373+0000] {processor.py:830} INFO - Processing file /home/airflow/.local/lib/python3.12/site-packages/airflow/example_dags/example_python_operator.py for tasks to queue
[2025-04-21T20:37:29.374+0000] {logging_mixin.py:188} INFO - [2025-04-21T20:37:29.374+0000] {dagbag.py:545} INFO - Filling up the DagBag from /home/airflow/.local/lib/python3.12/site-packages/airflow/example_dags/example_python_operator.py
[2025-04-21T20:37:29.379+0000] {processor.py:840} INFO - DAG(s) 'example_python_operator' retrieved from /home/airflow/.local/lib/python3.12/site-packages/airflow/example_dags/example_python_operator.py
[2025-04-21T20:37:29.389+0000] {logging_mixin.py:188} INFO - [2025-04-21T20:37:29.389+0000] {dag.py:3096} INFO - Sync 1 DAGs
[2025-04-21T20:37:29.394+0000] {logging_mixin.py:188} INFO - [2025-04-21T20:37:29.394+0000] {dag.py:3954} INFO - Setting next_dagrun for example_python_operator to None, run_after=None
[2025-04-21T20:37:29.403+0000] {processor.py:183} INFO - Processing /home/airflow/.local/lib/python3.12/site-packages/airflow/example_dags/example_python_operator.py took 0.033 seconds
[2025-04-21T20:40:16.008+0000] {processor.py:161} INFO - Started process (PID=94597) to work on /home/airflow/.local/lib/python3.12/site-packages/airflow/example_dags/example_python_operator.py
[2025-04-21T20:40:16.008+0000] {processor.py:830} INFO - Processing file /home/airflow/.local/lib/python3.12/site-packages/airflow/example_dags/example_python_operator.py for tasks to queue
[2025-04-21T20:40:16.009+0000] {logging_mixin.py:188} INFO - [2025-04-21T20:40:16.009+0000] {dagbag.py:545} INFO - Filling up the DagBag from /home/airflow/.local/lib/python3.12/site-packages/airflow/example_dags/example_python_operator.py
[2025-04-21T20:40:16.014+0000] {processor.py:840} INFO - DAG(s) 'example_python_operator' retrieved from /home/airflow/.local/lib/python3.12/site-packages/airflow/example_dags/example_python_operator.py
[2025-04-21T20:40:16.024+0000] {logging_mixin.py:188} INFO - [2025-04-21T20:40:16.024+0000] {dag.py:3096} INFO - Sync 1 DAGs
[2025-04-21T20:40:16.029+0000] {logging_mixin.py:188} INFO - [2025-04-21T20:40:16.029+0000] {dag.py:3954} INFO - Setting next_dagrun for example_python_operator to None, run_after=None
[2025-04-21T20:40:16.037+0000] {processor.py:183} INFO - Processing /home/airflow/.local/lib/python3.12/site-packages/airflow/example_dags/example_python_operator.py took 0.032 seconds
[2025-04-21T20:41:05.954+0000] {processor.py:161} INFO - Started process (PID=94657) to work on /home/airflow/.local/lib/python3.12/site-packages/airflow/example_dags/example_python_operator.py
[2025-04-21T20:41:05.955+0000] {processor.py:830} INFO - Processing file /home/airflow/.local/lib/python3.12/site-packages/airflow/example_dags/example_python_operator.py for tasks to queue
[2025-04-21T20:41:05.956+0000] {logging_mixin.py:188} INFO - [2025-04-21T20:41:05.955+0000] {dagbag.py:545} INFO - Filling up the DagBag from /home/airflow/.local/lib/python3.12/site-packages/airflow/example_dags/example_python_operator.py
[2025-04-21T20:41:05.961+0000] {processor.py:840} INFO - DAG(s) 'example_python_operator' retrieved from /home/airflow/.local/lib/python3.12/site-packages/airflow/example_dags/example_python_operator.py
[2025-04-21T20:41:05.971+0000] {logging_mixin.py:188} INFO - [2025-04-21T20:41:05.971+0000] {dag.py:3096} INFO - Sync 1 DAGs
[2025-04-21T20:41:05.976+0000] {logging_mixin.py:188} INFO - [2025-04-21T20:41:05.976+0000] {dag.py:3954} INFO - Setting next_dagrun for example_python_operator to None, run_after=None
[2025-04-21T20:41:05.984+0000] {processor.py:183} INFO - Processing /home/airflow/.local/lib/python3.12/site-packages/airflow/example_dags/example_python_operator.py took 0.033 seconds
[2025-04-21T20:41:48.705+0000] {processor.py:161} INFO - Started process (PID=94717) to work on /home/airflow/.local/lib/python3.12/site-packages/airflow/example_dags/example_python_operator.py
[2025-04-21T20:41:48.706+0000] {processor.py:830} INFO - Processing file /home/airflow/.local/lib/python3.12/site-packages/airflow/example_dags/example_python_operator.py for tasks to queue
[2025-04-21T20:41:48.707+0000] {logging_mixin.py:188} INFO - [2025-04-21T20:41:48.707+0000] {dagbag.py:545} INFO - Filling up the DagBag from /home/airflow/.local/lib/python3.12/site-packages/airflow/example_dags/example_python_operator.py
[2025-04-21T20:41:48.712+0000] {processor.py:840} INFO - DAG(s) 'example_python_operator' retrieved from /home/airflow/.local/lib/python3.12/site-packages/airflow/example_dags/example_python_operator.py
[2025-04-21T20:41:48.721+0000] {logging_mixin.py:188} INFO - [2025-04-21T20:41:48.721+0000] {dag.py:3096} INFO - Sync 1 DAGs
[2025-04-21T20:41:48.727+0000] {logging_mixin.py:188} INFO - [2025-04-21T20:41:48.727+0000] {dag.py:3954} INFO - Setting next_dagrun for example_python_operator to None, run_after=None
[2025-04-21T20:41:48.735+0000] {processor.py:183} INFO - Processing /home/airflow/.local/lib/python3.12/site-packages/airflow/example_dags/example_python_operator.py took 0.032 seconds
[2025-04-21T20:42:33.820+0000] {processor.py:161} INFO - Started process (PID=94777) to work on /home/airflow/.local/lib/python3.12/site-packages/airflow/example_dags/example_python_operator.py
[2025-04-21T20:42:33.820+0000] {processor.py:830} INFO - Processing file /home/airflow/.local/lib/python3.12/site-packages/airflow/example_dags/example_python_operator.py for tasks to queue
[2025-04-21T20:42:33.821+0000] {logging_mixin.py:188} INFO - [2025-04-21T20:42:33.821+0000] {dagbag.py:545} INFO - Filling up the DagBag from /home/airflow/.local/lib/python3.12/site-packages/airflow/example_dags/example_python_operator.py
[2025-04-21T20:42:33.826+0000] {processor.py:840} INFO - DAG(s) 'example_python_operator' retrieved from /home/airflow/.local/lib/python3.12/site-packages/airflow/example_dags/example_python_operator.py
[2025-04-21T20:42:33.837+0000] {logging_mixin.py:188} INFO - [2025-04-21T20:42:33.837+0000] {dag.py:3096} INFO - Sync 1 DAGs
[2025-04-21T20:42:33.842+0000] {logging_mixin.py:188} INFO - [2025-04-21T20:42:33.842+0000] {dag.py:3954} INFO - Setting next_dagrun for example_python_operator to None, run_after=None
[2025-04-21T20:42:33.850+0000] {processor.py:183} INFO - Processing /home/airflow/.local/lib/python3.12/site-packages/airflow/example_dags/example_python_operator.py took 0.032 seconds
[2025-04-21T20:43:36.581+0000] {processor.py:161} INFO - Started process (PID=94837) to work on /home/airflow/.local/lib/python3.12/site-packages/airflow/example_dags/example_python_operator.py
[2025-04-21T20:43:36.582+0000] {processor.py:830} INFO - Processing file /home/airflow/.local/lib/python3.12/site-packages/airflow/example_dags/example_python_operator.py for tasks to queue
[2025-04-21T20:43:36.582+0000] {logging_mixin.py:188} INFO - [2025-04-21T20:43:36.582+0000] {dagbag.py:545} INFO - Filling up the DagBag from /home/airflow/.local/lib/python3.12/site-packages/airflow/example_dags/example_python_operator.py
[2025-04-21T20:43:36.587+0000] {processor.py:840} INFO - DAG(s) 'example_python_operator' retrieved from /home/airflow/.local/lib/python3.12/site-packages/airflow/example_dags/example_python_operator.py
[2025-04-21T20:43:36.598+0000] {logging_mixin.py:188} INFO - [2025-04-21T20:43:36.598+0000] {dag.py:3096} INFO - Sync 1 DAGs
[2025-04-21T20:43:36.603+0000] {logging_mixin.py:188} INFO - [2025-04-21T20:43:36.603+0000] {dag.py:3954} INFO - Setting next_dagrun for example_python_operator to None, run_after=None
[2025-04-21T20:43:36.610+0000] {processor.py:183} INFO - Processing /home/airflow/.local/lib/python3.12/site-packages/airflow/example_dags/example_python_operator.py took 0.032 seconds
[2025-04-21T20:44:40.769+0000] {processor.py:161} INFO - Started process (PID=94897) to work on /home/airflow/.local/lib/python3.12/site-packages/airflow/example_dags/example_python_operator.py
[2025-04-21T20:44:40.770+0000] {processor.py:830} INFO - Processing file /home/airflow/.local/lib/python3.12/site-packages/airflow/example_dags/example_python_operator.py for tasks to queue
[2025-04-21T20:44:40.770+0000] {logging_mixin.py:188} INFO - [2025-04-21T20:44:40.770+0000] {dagbag.py:545} INFO - Filling up the DagBag from /home/airflow/.local/lib/python3.12/site-packages/airflow/example_dags/example_python_operator.py
[2025-04-21T20:44:40.775+0000] {processor.py:840} INFO - DAG(s) 'example_python_operator' retrieved from /home/airflow/.local/lib/python3.12/site-packages/airflow/example_dags/example_python_operator.py
[2025-04-21T20:44:40.786+0000] {logging_mixin.py:188} INFO - [2025-04-21T20:44:40.785+0000] {dag.py:3096} INFO - Sync 1 DAGs
[2025-04-21T20:44:40.791+0000] {logging_mixin.py:188} INFO - [2025-04-21T20:44:40.791+0000] {dag.py:3954} INFO - Setting next_dagrun for example_python_operator to None, run_after=None
[2025-04-21T20:44:40.798+0000] {processor.py:183} INFO - Processing /home/airflow/.local/lib/python3.12/site-packages/airflow/example_dags/example_python_operator.py took 0.032 seconds
[2025-04-21T20:45:22.248+0000] {processor.py:161} INFO - Started process (PID=94957) to work on /home/airflow/.local/lib/python3.12/site-packages/airflow/example_dags/example_python_operator.py
[2025-04-21T20:45:22.248+0000] {processor.py:830} INFO - Processing file /home/airflow/.local/lib/python3.12/site-packages/airflow/example_dags/example_python_operator.py for tasks to queue
[2025-04-21T20:45:22.249+0000] {logging_mixin.py:188} INFO - [2025-04-21T20:45:22.249+0000] {dagbag.py:545} INFO - Filling up the DagBag from /home/airflow/.local/lib/python3.12/site-packages/airflow/example_dags/example_python_operator.py
[2025-04-21T20:45:22.254+0000] {processor.py:840} INFO - DAG(s) 'example_python_operator' retrieved from /home/airflow/.local/lib/python3.12/site-packages/airflow/example_dags/example_python_operator.py
[2025-04-21T20:45:22.264+0000] {logging_mixin.py:188} INFO - [2025-04-21T20:45:22.264+0000] {dag.py:3096} INFO - Sync 1 DAGs
[2025-04-21T20:45:22.269+0000] {logging_mixin.py:188} INFO - [2025-04-21T20:45:22.269+0000] {dag.py:3954} INFO - Setting next_dagrun for example_python_operator to None, run_after=None
[2025-04-21T20:45:22.276+0000] {processor.py:183} INFO - Processing /home/airflow/.local/lib/python3.12/site-packages/airflow/example_dags/example_python_operator.py took 0.031 seconds
[2025-04-21T20:50:34.900+0000] {processor.py:161} INFO - Started process (PID=95017) to work on /home/airflow/.local/lib/python3.12/site-packages/airflow/example_dags/example_python_operator.py
[2025-04-21T20:50:34.900+0000] {processor.py:830} INFO - Processing file /home/airflow/.local/lib/python3.12/site-packages/airflow/example_dags/example_python_operator.py for tasks to queue
[2025-04-21T20:50:34.901+0000] {logging_mixin.py:188} INFO - [2025-04-21T20:50:34.901+0000] {dagbag.py:545} INFO - Filling up the DagBag from /home/airflow/.local/lib/python3.12/site-packages/airflow/example_dags/example_python_operator.py
[2025-04-21T20:50:34.906+0000] {processor.py:840} INFO - DAG(s) 'example_python_operator' retrieved from /home/airflow/.local/lib/python3.12/site-packages/airflow/example_dags/example_python_operator.py
[2025-04-21T20:50:34.916+0000] {logging_mixin.py:188} INFO - [2025-04-21T20:50:34.916+0000] {dag.py:3096} INFO - Sync 1 DAGs
[2025-04-21T20:50:34.921+0000] {logging_mixin.py:188} INFO - [2025-04-21T20:50:34.921+0000] {dag.py:3954} INFO - Setting next_dagrun for example_python_operator to None, run_after=None
[2025-04-21T20:50:34.928+0000] {processor.py:183} INFO - Processing /home/airflow/.local/lib/python3.12/site-packages/airflow/example_dags/example_python_operator.py took 0.031 seconds
[2025-04-21T20:51:05.111+0000] {processor.py:161} INFO - Started process (PID=95075) to work on /home/airflow/.local/lib/python3.12/site-packages/airflow/example_dags/example_python_operator.py
[2025-04-21T20:51:05.112+0000] {processor.py:830} INFO - Processing file /home/airflow/.local/lib/python3.12/site-packages/airflow/example_dags/example_python_operator.py for tasks to queue
[2025-04-21T20:51:05.112+0000] {logging_mixin.py:188} INFO - [2025-04-21T20:51:05.112+0000] {dagbag.py:545} INFO - Filling up the DagBag from /home/airflow/.local/lib/python3.12/site-packages/airflow/example_dags/example_python_operator.py
[2025-04-21T20:51:05.118+0000] {processor.py:840} INFO - DAG(s) 'example_python_operator' retrieved from /home/airflow/.local/lib/python3.12/site-packages/airflow/example_dags/example_python_operator.py
[2025-04-21T20:51:05.130+0000] {logging_mixin.py:188} INFO - [2025-04-21T20:51:05.130+0000] {dag.py:3096} INFO - Sync 1 DAGs
[2025-04-21T20:51:05.137+0000] {logging_mixin.py:188} INFO - [2025-04-21T20:51:05.136+0000] {dag.py:3954} INFO - Setting next_dagrun for example_python_operator to None, run_after=None
[2025-04-21T20:51:05.145+0000] {processor.py:183} INFO - Processing /home/airflow/.local/lib/python3.12/site-packages/airflow/example_dags/example_python_operator.py took 0.037 seconds
[2025-04-21T20:56:18.529+0000] {processor.py:161} INFO - Started process (PID=95137) to work on /home/airflow/.local/lib/python3.12/site-packages/airflow/example_dags/example_python_operator.py
[2025-04-21T20:56:18.530+0000] {processor.py:830} INFO - Processing file /home/airflow/.local/lib/python3.12/site-packages/airflow/example_dags/example_python_operator.py for tasks to queue
[2025-04-21T20:56:18.531+0000] {logging_mixin.py:188} INFO - [2025-04-21T20:56:18.530+0000] {dagbag.py:545} INFO - Filling up the DagBag from /home/airflow/.local/lib/python3.12/site-packages/airflow/example_dags/example_python_operator.py
[2025-04-21T20:56:18.535+0000] {processor.py:840} INFO - DAG(s) 'example_python_operator' retrieved from /home/airflow/.local/lib/python3.12/site-packages/airflow/example_dags/example_python_operator.py
[2025-04-21T20:56:18.547+0000] {logging_mixin.py:188} INFO - [2025-04-21T20:56:18.547+0000] {dag.py:3096} INFO - Sync 1 DAGs
[2025-04-21T20:56:18.552+0000] {logging_mixin.py:188} INFO - [2025-04-21T20:56:18.552+0000] {dag.py:3954} INFO - Setting next_dagrun for example_python_operator to None, run_after=None
[2025-04-21T20:56:18.559+0000] {processor.py:183} INFO - Processing /home/airflow/.local/lib/python3.12/site-packages/airflow/example_dags/example_python_operator.py took 0.032 seconds
[2025-04-21T21:46:39.961+0000] {processor.py:161} INFO - Started process (PID=95197) to work on /home/airflow/.local/lib/python3.12/site-packages/airflow/example_dags/example_python_operator.py
[2025-04-21T21:46:39.962+0000] {processor.py:830} INFO - Processing file /home/airflow/.local/lib/python3.12/site-packages/airflow/example_dags/example_python_operator.py for tasks to queue
[2025-04-21T21:46:39.963+0000] {logging_mixin.py:188} INFO - [2025-04-21T21:46:39.963+0000] {dagbag.py:545} INFO - Filling up the DagBag from /home/airflow/.local/lib/python3.12/site-packages/airflow/example_dags/example_python_operator.py
[2025-04-21T21:46:39.970+0000] {processor.py:840} INFO - DAG(s) 'example_python_operator' retrieved from /home/airflow/.local/lib/python3.12/site-packages/airflow/example_dags/example_python_operator.py
[2025-04-21T21:46:39.983+0000] {logging_mixin.py:188} INFO - [2025-04-21T21:46:39.983+0000] {dag.py:3096} INFO - Sync 1 DAGs
[2025-04-21T21:46:39.988+0000] {logging_mixin.py:188} INFO - [2025-04-21T21:46:39.988+0000] {dag.py:3954} INFO - Setting next_dagrun for example_python_operator to None, run_after=None
[2025-04-21T21:46:39.995+0000] {processor.py:183} INFO - Processing /home/airflow/.local/lib/python3.12/site-packages/airflow/example_dags/example_python_operator.py took 0.040 seconds
[2025-04-21T21:47:10.282+0000] {processor.py:161} INFO - Started process (PID=95255) to work on /home/airflow/.local/lib/python3.12/site-packages/airflow/example_dags/example_python_operator.py
[2025-04-21T21:47:10.283+0000] {processor.py:830} INFO - Processing file /home/airflow/.local/lib/python3.12/site-packages/airflow/example_dags/example_python_operator.py for tasks to queue
[2025-04-21T21:47:10.284+0000] {logging_mixin.py:188} INFO - [2025-04-21T21:47:10.284+0000] {dagbag.py:545} INFO - Filling up the DagBag from /home/airflow/.local/lib/python3.12/site-packages/airflow/example_dags/example_python_operator.py
[2025-04-21T21:47:10.289+0000] {processor.py:840} INFO - DAG(s) 'example_python_operator' retrieved from /home/airflow/.local/lib/python3.12/site-packages/airflow/example_dags/example_python_operator.py
[2025-04-21T21:47:10.299+0000] {logging_mixin.py:188} INFO - [2025-04-21T21:47:10.299+0000] {dag.py:3096} INFO - Sync 1 DAGs
[2025-04-21T21:47:10.304+0000] {logging_mixin.py:188} INFO - [2025-04-21T21:47:10.304+0000] {dag.py:3954} INFO - Setting next_dagrun for example_python_operator to None, run_after=None
[2025-04-21T21:47:10.311+0000] {processor.py:183} INFO - Processing /home/airflow/.local/lib/python3.12/site-packages/airflow/example_dags/example_python_operator.py took 0.031 seconds
[2025-04-21T21:52:23.039+0000] {processor.py:161} INFO - Started process (PID=95317) to work on /home/airflow/.local/lib/python3.12/site-packages/airflow/example_dags/example_python_operator.py
[2025-04-21T21:52:23.039+0000] {processor.py:830} INFO - Processing file /home/airflow/.local/lib/python3.12/site-packages/airflow/example_dags/example_python_operator.py for tasks to queue
[2025-04-21T21:52:23.040+0000] {logging_mixin.py:188} INFO - [2025-04-21T21:52:23.040+0000] {dagbag.py:545} INFO - Filling up the DagBag from /home/airflow/.local/lib/python3.12/site-packages/airflow/example_dags/example_python_operator.py
[2025-04-21T21:52:23.045+0000] {processor.py:840} INFO - DAG(s) 'example_python_operator' retrieved from /home/airflow/.local/lib/python3.12/site-packages/airflow/example_dags/example_python_operator.py
[2025-04-21T21:52:23.057+0000] {logging_mixin.py:188} INFO - [2025-04-21T21:52:23.056+0000] {dag.py:3096} INFO - Sync 1 DAGs
[2025-04-21T21:52:23.062+0000] {logging_mixin.py:188} INFO - [2025-04-21T21:52:23.062+0000] {dag.py:3954} INFO - Setting next_dagrun for example_python_operator to None, run_after=None
[2025-04-21T21:52:23.075+0000] {processor.py:183} INFO - Processing /home/airflow/.local/lib/python3.12/site-packages/airflow/example_dags/example_python_operator.py took 0.039 seconds
[2025-04-21T21:57:35.705+0000] {processor.py:161} INFO - Started process (PID=95377) to work on /home/airflow/.local/lib/python3.12/site-packages/airflow/example_dags/example_python_operator.py
[2025-04-21T21:57:35.705+0000] {processor.py:830} INFO - Processing file /home/airflow/.local/lib/python3.12/site-packages/airflow/example_dags/example_python_operator.py for tasks to queue
[2025-04-21T21:57:35.706+0000] {logging_mixin.py:188} INFO - [2025-04-21T21:57:35.706+0000] {dagbag.py:545} INFO - Filling up the DagBag from /home/airflow/.local/lib/python3.12/site-packages/airflow/example_dags/example_python_operator.py
[2025-04-21T21:57:35.711+0000] {processor.py:840} INFO - DAG(s) 'example_python_operator' retrieved from /home/airflow/.local/lib/python3.12/site-packages/airflow/example_dags/example_python_operator.py
[2025-04-21T21:57:35.723+0000] {logging_mixin.py:188} INFO - [2025-04-21T21:57:35.723+0000] {dag.py:3096} INFO - Sync 1 DAGs
[2025-04-21T21:57:35.734+0000] {logging_mixin.py:188} INFO - [2025-04-21T21:57:35.734+0000] {dag.py:3954} INFO - Setting next_dagrun for example_python_operator to None, run_after=None
[2025-04-21T21:57:35.743+0000] {processor.py:183} INFO - Processing /home/airflow/.local/lib/python3.12/site-packages/airflow/example_dags/example_python_operator.py took 0.041 seconds
[2025-04-21T22:02:48.586+0000] {processor.py:161} INFO - Started process (PID=95437) to work on /home/airflow/.local/lib/python3.12/site-packages/airflow/example_dags/example_python_operator.py
[2025-04-21T22:02:48.587+0000] {processor.py:830} INFO - Processing file /home/airflow/.local/lib/python3.12/site-packages/airflow/example_dags/example_python_operator.py for tasks to queue
[2025-04-21T22:02:48.588+0000] {logging_mixin.py:188} INFO - [2025-04-21T22:02:48.588+0000] {dagbag.py:545} INFO - Filling up the DagBag from /home/airflow/.local/lib/python3.12/site-packages/airflow/example_dags/example_python_operator.py
[2025-04-21T22:02:48.601+0000] {processor.py:840} INFO - DAG(s) 'example_python_operator' retrieved from /home/airflow/.local/lib/python3.12/site-packages/airflow/example_dags/example_python_operator.py
[2025-04-21T22:02:48.619+0000] {logging_mixin.py:188} INFO - [2025-04-21T22:02:48.619+0000] {dag.py:3096} INFO - Sync 1 DAGs
[2025-04-21T22:02:48.626+0000] {logging_mixin.py:188} INFO - [2025-04-21T22:02:48.626+0000] {dag.py:3954} INFO - Setting next_dagrun for example_python_operator to None, run_after=None
[2025-04-21T22:02:48.634+0000] {processor.py:183} INFO - Processing /home/airflow/.local/lib/python3.12/site-packages/airflow/example_dags/example_python_operator.py took 0.052 seconds
[2025-04-21T22:03:19.356+0000] {processor.py:161} INFO - Started process (PID=95497) to work on /home/airflow/.local/lib/python3.12/site-packages/airflow/example_dags/example_python_operator.py
[2025-04-21T22:03:19.357+0000] {processor.py:830} INFO - Processing file /home/airflow/.local/lib/python3.12/site-packages/airflow/example_dags/example_python_operator.py for tasks to queue
[2025-04-21T22:03:19.358+0000] {logging_mixin.py:188} INFO - [2025-04-21T22:03:19.358+0000] {dagbag.py:545} INFO - Filling up the DagBag from /home/airflow/.local/lib/python3.12/site-packages/airflow/example_dags/example_python_operator.py
[2025-04-21T22:03:19.364+0000] {processor.py:840} INFO - DAG(s) 'example_python_operator' retrieved from /home/airflow/.local/lib/python3.12/site-packages/airflow/example_dags/example_python_operator.py
[2025-04-21T22:03:19.379+0000] {logging_mixin.py:188} INFO - [2025-04-21T22:03:19.379+0000] {dag.py:3096} INFO - Sync 1 DAGs
[2025-04-21T22:03:19.387+0000] {logging_mixin.py:188} INFO - [2025-04-21T22:03:19.387+0000] {dag.py:3954} INFO - Setting next_dagrun for example_python_operator to None, run_after=None
[2025-04-21T22:03:19.396+0000] {processor.py:183} INFO - Processing /home/airflow/.local/lib/python3.12/site-packages/airflow/example_dags/example_python_operator.py took 0.044 seconds
[2025-04-21T22:11:05.292+0000] {processor.py:161} INFO - Started process (PID=95557) to work on /home/airflow/.local/lib/python3.12/site-packages/airflow/example_dags/example_python_operator.py
[2025-04-21T22:11:05.293+0000] {processor.py:830} INFO - Processing file /home/airflow/.local/lib/python3.12/site-packages/airflow/example_dags/example_python_operator.py for tasks to queue
[2025-04-21T22:11:05.293+0000] {logging_mixin.py:188} INFO - [2025-04-21T22:11:05.293+0000] {dagbag.py:545} INFO - Filling up the DagBag from /home/airflow/.local/lib/python3.12/site-packages/airflow/example_dags/example_python_operator.py
[2025-04-21T22:11:05.298+0000] {processor.py:840} INFO - DAG(s) 'example_python_operator' retrieved from /home/airflow/.local/lib/python3.12/site-packages/airflow/example_dags/example_python_operator.py
[2025-04-21T22:11:05.309+0000] {logging_mixin.py:188} INFO - [2025-04-21T22:11:05.308+0000] {dag.py:3096} INFO - Sync 1 DAGs
[2025-04-21T22:11:05.314+0000] {logging_mixin.py:188} INFO - [2025-04-21T22:11:05.314+0000] {dag.py:3954} INFO - Setting next_dagrun for example_python_operator to None, run_after=None
[2025-04-21T22:11:05.323+0000] {processor.py:183} INFO - Processing /home/airflow/.local/lib/python3.12/site-packages/airflow/example_dags/example_python_operator.py took 0.034 seconds
[2025-04-21T22:16:18.396+0000] {processor.py:161} INFO - Started process (PID=95617) to work on /home/airflow/.local/lib/python3.12/site-packages/airflow/example_dags/example_python_operator.py
[2025-04-21T22:16:18.397+0000] {processor.py:830} INFO - Processing file /home/airflow/.local/lib/python3.12/site-packages/airflow/example_dags/example_python_operator.py for tasks to queue
[2025-04-21T22:16:18.398+0000] {logging_mixin.py:188} INFO - [2025-04-21T22:16:18.398+0000] {dagbag.py:545} INFO - Filling up the DagBag from /home/airflow/.local/lib/python3.12/site-packages/airflow/example_dags/example_python_operator.py
[2025-04-21T22:16:18.403+0000] {processor.py:840} INFO - DAG(s) 'example_python_operator' retrieved from /home/airflow/.local/lib/python3.12/site-packages/airflow/example_dags/example_python_operator.py
[2025-04-21T22:16:18.414+0000] {logging_mixin.py:188} INFO - [2025-04-21T22:16:18.414+0000] {dag.py:3096} INFO - Sync 1 DAGs
[2025-04-21T22:16:18.423+0000] {logging_mixin.py:188} INFO - [2025-04-21T22:16:18.423+0000] {dag.py:3954} INFO - Setting next_dagrun for example_python_operator to None, run_after=None
[2025-04-21T22:16:18.436+0000] {processor.py:183} INFO - Processing /home/airflow/.local/lib/python3.12/site-packages/airflow/example_dags/example_python_operator.py took 0.044 seconds
[2025-04-21T22:34:09.821+0000] {processor.py:161} INFO - Started process (PID=95677) to work on /home/airflow/.local/lib/python3.12/site-packages/airflow/example_dags/example_python_operator.py
[2025-04-21T22:34:09.822+0000] {processor.py:830} INFO - Processing file /home/airflow/.local/lib/python3.12/site-packages/airflow/example_dags/example_python_operator.py for tasks to queue
[2025-04-21T22:34:09.823+0000] {logging_mixin.py:188} INFO - [2025-04-21T22:34:09.823+0000] {dagbag.py:545} INFO - Filling up the DagBag from /home/airflow/.local/lib/python3.12/site-packages/airflow/example_dags/example_python_operator.py
[2025-04-21T22:34:09.831+0000] {processor.py:840} INFO - DAG(s) 'example_python_operator' retrieved from /home/airflow/.local/lib/python3.12/site-packages/airflow/example_dags/example_python_operator.py
[2025-04-21T22:34:09.848+0000] {logging_mixin.py:188} INFO - [2025-04-21T22:34:09.848+0000] {dag.py:3096} INFO - Sync 1 DAGs
[2025-04-21T22:34:09.859+0000] {logging_mixin.py:188} INFO - [2025-04-21T22:34:09.859+0000] {dag.py:3954} INFO - Setting next_dagrun for example_python_operator to None, run_after=None
[2025-04-21T22:34:09.873+0000] {processor.py:183} INFO - Processing /home/airflow/.local/lib/python3.12/site-packages/airflow/example_dags/example_python_operator.py took 0.056 seconds
[2025-04-21T22:39:22.409+0000] {processor.py:161} INFO - Started process (PID=95737) to work on /home/airflow/.local/lib/python3.12/site-packages/airflow/example_dags/example_python_operator.py
[2025-04-21T22:39:22.410+0000] {processor.py:830} INFO - Processing file /home/airflow/.local/lib/python3.12/site-packages/airflow/example_dags/example_python_operator.py for tasks to queue
[2025-04-21T22:39:22.410+0000] {logging_mixin.py:188} INFO - [2025-04-21T22:39:22.410+0000] {dagbag.py:545} INFO - Filling up the DagBag from /home/airflow/.local/lib/python3.12/site-packages/airflow/example_dags/example_python_operator.py
[2025-04-21T22:39:22.415+0000] {processor.py:840} INFO - DAG(s) 'example_python_operator' retrieved from /home/airflow/.local/lib/python3.12/site-packages/airflow/example_dags/example_python_operator.py
[2025-04-21T22:39:22.426+0000] {logging_mixin.py:188} INFO - [2025-04-21T22:39:22.426+0000] {dag.py:3096} INFO - Sync 1 DAGs
[2025-04-21T22:39:22.433+0000] {logging_mixin.py:188} INFO - [2025-04-21T22:39:22.433+0000] {dag.py:3954} INFO - Setting next_dagrun for example_python_operator to None, run_after=None
[2025-04-21T22:39:22.443+0000] {processor.py:183} INFO - Processing /home/airflow/.local/lib/python3.12/site-packages/airflow/example_dags/example_python_operator.py took 0.037 seconds
