[2025-04-21T00:38:23.535+0000] {processor.py:161} INFO - Started process (PID=91356) to work on /home/airflow/.local/lib/python3.12/site-packages/airflow/example_dags/example_python_decorator.py
[2025-04-21T00:38:23.536+0000] {processor.py:830} INFO - Processing file /home/airflow/.local/lib/python3.12/site-packages/airflow/example_dags/example_python_decorator.py for tasks to queue
[2025-04-21T00:38:23.537+0000] {logging_mixin.py:188} INFO - [2025-04-21T00:38:23.537+0000] {dagbag.py:545} INFO - Filling up the DagBag from /home/airflow/.local/lib/python3.12/site-packages/airflow/example_dags/example_python_decorator.py
[2025-04-21T00:38:23.543+0000] {processor.py:840} INFO - DAG(s) 'example_python_decorator' retrieved from /home/airflow/.local/lib/python3.12/site-packages/airflow/example_dags/example_python_decorator.py
[2025-04-21T00:38:23.553+0000] {logging_mixin.py:188} INFO - [2025-04-21T00:38:23.553+0000] {dag.py:3096} INFO - Sync 1 DAGs
[2025-04-21T00:38:23.558+0000] {logging_mixin.py:188} INFO - [2025-04-21T00:38:23.558+0000] {dag.py:3954} INFO - Setting next_dagrun for example_python_decorator to None, run_after=None
[2025-04-21T00:38:23.566+0000] {processor.py:183} INFO - Processing /home/airflow/.local/lib/python3.12/site-packages/airflow/example_dags/example_python_decorator.py took 0.033 seconds
[2025-04-21T01:37:13.748+0000] {processor.py:161} INFO - Started process (PID=91416) to work on /home/airflow/.local/lib/python3.12/site-packages/airflow/example_dags/example_python_decorator.py
[2025-04-21T01:37:13.748+0000] {processor.py:830} INFO - Processing file /home/airflow/.local/lib/python3.12/site-packages/airflow/example_dags/example_python_decorator.py for tasks to queue
[2025-04-21T01:37:13.749+0000] {logging_mixin.py:188} INFO - [2025-04-21T01:37:13.749+0000] {dagbag.py:545} INFO - Filling up the DagBag from /home/airflow/.local/lib/python3.12/site-packages/airflow/example_dags/example_python_decorator.py
[2025-04-21T01:37:13.755+0000] {processor.py:840} INFO - DAG(s) 'example_python_decorator' retrieved from /home/airflow/.local/lib/python3.12/site-packages/airflow/example_dags/example_python_decorator.py
[2025-04-21T01:37:13.765+0000] {logging_mixin.py:188} INFO - [2025-04-21T01:37:13.765+0000] {dag.py:3096} INFO - Sync 1 DAGs
[2025-04-21T01:37:13.770+0000] {logging_mixin.py:188} INFO - [2025-04-21T01:37:13.770+0000] {dag.py:3954} INFO - Setting next_dagrun for example_python_decorator to None, run_after=None
[2025-04-21T01:37:13.778+0000] {processor.py:183} INFO - Processing /home/airflow/.local/lib/python3.12/site-packages/airflow/example_dags/example_python_decorator.py took 0.033 seconds
[2025-04-21T01:37:44.006+0000] {processor.py:161} INFO - Started process (PID=91473) to work on /home/airflow/.local/lib/python3.12/site-packages/airflow/example_dags/example_python_decorator.py
[2025-04-21T01:37:44.008+0000] {processor.py:830} INFO - Processing file /home/airflow/.local/lib/python3.12/site-packages/airflow/example_dags/example_python_decorator.py for tasks to queue
[2025-04-21T01:37:44.009+0000] {logging_mixin.py:188} INFO - [2025-04-21T01:37:44.009+0000] {dagbag.py:545} INFO - Filling up the DagBag from /home/airflow/.local/lib/python3.12/site-packages/airflow/example_dags/example_python_decorator.py
[2025-04-21T01:37:44.015+0000] {processor.py:840} INFO - DAG(s) 'example_python_decorator' retrieved from /home/airflow/.local/lib/python3.12/site-packages/airflow/example_dags/example_python_decorator.py
[2025-04-21T01:37:44.029+0000] {logging_mixin.py:188} INFO - [2025-04-21T01:37:44.029+0000] {dag.py:3096} INFO - Sync 1 DAGs
[2025-04-21T01:37:44.040+0000] {logging_mixin.py:188} INFO - [2025-04-21T01:37:44.040+0000] {dag.py:3954} INFO - Setting next_dagrun for example_python_decorator to None, run_after=None
[2025-04-21T01:37:44.052+0000] {processor.py:183} INFO - Processing /home/airflow/.local/lib/python3.12/site-packages/airflow/example_dags/example_python_decorator.py took 0.050 seconds
[2025-04-21T02:58:43.181+0000] {processor.py:161} INFO - Started process (PID=91535) to work on /home/airflow/.local/lib/python3.12/site-packages/airflow/example_dags/example_python_decorator.py
[2025-04-21T02:58:43.182+0000] {processor.py:830} INFO - Processing file /home/airflow/.local/lib/python3.12/site-packages/airflow/example_dags/example_python_decorator.py for tasks to queue
[2025-04-21T02:58:43.182+0000] {logging_mixin.py:188} INFO - [2025-04-21T02:58:43.182+0000] {dagbag.py:545} INFO - Filling up the DagBag from /home/airflow/.local/lib/python3.12/site-packages/airflow/example_dags/example_python_decorator.py
[2025-04-21T02:58:43.188+0000] {processor.py:840} INFO - DAG(s) 'example_python_decorator' retrieved from /home/airflow/.local/lib/python3.12/site-packages/airflow/example_dags/example_python_decorator.py
[2025-04-21T02:58:43.198+0000] {logging_mixin.py:188} INFO - [2025-04-21T02:58:43.198+0000] {dag.py:3096} INFO - Sync 1 DAGs
[2025-04-21T02:58:43.203+0000] {logging_mixin.py:188} INFO - [2025-04-21T02:58:43.203+0000] {dag.py:3954} INFO - Setting next_dagrun for example_python_decorator to None, run_after=None
[2025-04-21T02:58:43.211+0000] {processor.py:183} INFO - Processing /home/airflow/.local/lib/python3.12/site-packages/airflow/example_dags/example_python_decorator.py took 0.033 seconds
[2025-04-21T04:23:09.238+0000] {processor.py:161} INFO - Started process (PID=91595) to work on /home/airflow/.local/lib/python3.12/site-packages/airflow/example_dags/example_python_decorator.py
[2025-04-21T04:23:09.239+0000] {processor.py:830} INFO - Processing file /home/airflow/.local/lib/python3.12/site-packages/airflow/example_dags/example_python_decorator.py for tasks to queue
[2025-04-21T04:23:09.240+0000] {logging_mixin.py:188} INFO - [2025-04-21T04:23:09.240+0000] {dagbag.py:545} INFO - Filling up the DagBag from /home/airflow/.local/lib/python3.12/site-packages/airflow/example_dags/example_python_decorator.py
[2025-04-21T04:23:09.246+0000] {processor.py:840} INFO - DAG(s) 'example_python_decorator' retrieved from /home/airflow/.local/lib/python3.12/site-packages/airflow/example_dags/example_python_decorator.py
[2025-04-21T04:23:09.256+0000] {logging_mixin.py:188} INFO - [2025-04-21T04:23:09.255+0000] {dag.py:3096} INFO - Sync 1 DAGs
[2025-04-21T04:23:09.260+0000] {logging_mixin.py:188} INFO - [2025-04-21T04:23:09.260+0000] {dag.py:3954} INFO - Setting next_dagrun for example_python_decorator to None, run_after=None
[2025-04-21T04:23:09.269+0000] {processor.py:183} INFO - Processing /home/airflow/.local/lib/python3.12/site-packages/airflow/example_dags/example_python_decorator.py took 0.033 seconds
[2025-04-21T04:23:39.691+0000] {processor.py:161} INFO - Started process (PID=91653) to work on /home/airflow/.local/lib/python3.12/site-packages/airflow/example_dags/example_python_decorator.py
[2025-04-21T04:23:39.691+0000] {processor.py:830} INFO - Processing file /home/airflow/.local/lib/python3.12/site-packages/airflow/example_dags/example_python_decorator.py for tasks to queue
[2025-04-21T04:23:39.693+0000] {logging_mixin.py:188} INFO - [2025-04-21T04:23:39.692+0000] {dagbag.py:545} INFO - Filling up the DagBag from /home/airflow/.local/lib/python3.12/site-packages/airflow/example_dags/example_python_decorator.py
[2025-04-21T04:23:39.704+0000] {processor.py:840} INFO - DAG(s) 'example_python_decorator' retrieved from /home/airflow/.local/lib/python3.12/site-packages/airflow/example_dags/example_python_decorator.py
[2025-04-21T04:23:39.725+0000] {logging_mixin.py:188} INFO - [2025-04-21T04:23:39.725+0000] {dag.py:3096} INFO - Sync 1 DAGs
[2025-04-21T04:23:39.733+0000] {logging_mixin.py:188} INFO - [2025-04-21T04:23:39.733+0000] {dag.py:3954} INFO - Setting next_dagrun for example_python_decorator to None, run_after=None
[2025-04-21T04:23:39.752+0000] {processor.py:183} INFO - Processing /home/airflow/.local/lib/python3.12/site-packages/airflow/example_dags/example_python_decorator.py took 0.065 seconds
[2025-04-21T04:28:52.426+0000] {processor.py:161} INFO - Started process (PID=91715) to work on /home/airflow/.local/lib/python3.12/site-packages/airflow/example_dags/example_python_decorator.py
[2025-04-21T04:28:52.427+0000] {processor.py:830} INFO - Processing file /home/airflow/.local/lib/python3.12/site-packages/airflow/example_dags/example_python_decorator.py for tasks to queue
[2025-04-21T04:28:52.428+0000] {logging_mixin.py:188} INFO - [2025-04-21T04:28:52.427+0000] {dagbag.py:545} INFO - Filling up the DagBag from /home/airflow/.local/lib/python3.12/site-packages/airflow/example_dags/example_python_decorator.py
[2025-04-21T04:28:52.433+0000] {processor.py:840} INFO - DAG(s) 'example_python_decorator' retrieved from /home/airflow/.local/lib/python3.12/site-packages/airflow/example_dags/example_python_decorator.py
[2025-04-21T04:28:52.444+0000] {logging_mixin.py:188} INFO - [2025-04-21T04:28:52.443+0000] {dag.py:3096} INFO - Sync 1 DAGs
[2025-04-21T04:28:52.449+0000] {logging_mixin.py:188} INFO - [2025-04-21T04:28:52.448+0000] {dag.py:3954} INFO - Setting next_dagrun for example_python_decorator to None, run_after=None
[2025-04-21T04:28:52.458+0000] {processor.py:183} INFO - Processing /home/airflow/.local/lib/python3.12/site-packages/airflow/example_dags/example_python_decorator.py took 0.034 seconds
[2025-04-21T04:29:22.946+0000] {processor.py:161} INFO - Started process (PID=91774) to work on /home/airflow/.local/lib/python3.12/site-packages/airflow/example_dags/example_python_decorator.py
[2025-04-21T04:29:22.947+0000] {processor.py:830} INFO - Processing file /home/airflow/.local/lib/python3.12/site-packages/airflow/example_dags/example_python_decorator.py for tasks to queue
[2025-04-21T04:29:22.949+0000] {logging_mixin.py:188} INFO - [2025-04-21T04:29:22.948+0000] {dagbag.py:545} INFO - Filling up the DagBag from /home/airflow/.local/lib/python3.12/site-packages/airflow/example_dags/example_python_decorator.py
[2025-04-21T04:29:22.956+0000] {processor.py:840} INFO - DAG(s) 'example_python_decorator' retrieved from /home/airflow/.local/lib/python3.12/site-packages/airflow/example_dags/example_python_decorator.py
[2025-04-21T04:29:22.967+0000] {logging_mixin.py:188} INFO - [2025-04-21T04:29:22.967+0000] {dag.py:3096} INFO - Sync 1 DAGs
[2025-04-21T04:29:22.973+0000] {logging_mixin.py:188} INFO - [2025-04-21T04:29:22.973+0000] {dag.py:3954} INFO - Setting next_dagrun for example_python_decorator to None, run_after=None
[2025-04-21T04:29:22.982+0000] {processor.py:183} INFO - Processing /home/airflow/.local/lib/python3.12/site-packages/airflow/example_dags/example_python_decorator.py took 0.039 seconds
[2025-04-21T04:31:10.550+0000] {processor.py:161} INFO - Started process (PID=91835) to work on /home/airflow/.local/lib/python3.12/site-packages/airflow/example_dags/example_python_decorator.py
[2025-04-21T04:31:10.551+0000] {processor.py:830} INFO - Processing file /home/airflow/.local/lib/python3.12/site-packages/airflow/example_dags/example_python_decorator.py for tasks to queue
[2025-04-21T04:31:10.552+0000] {logging_mixin.py:188} INFO - [2025-04-21T04:31:10.552+0000] {dagbag.py:545} INFO - Filling up the DagBag from /home/airflow/.local/lib/python3.12/site-packages/airflow/example_dags/example_python_decorator.py
[2025-04-21T04:31:10.561+0000] {processor.py:840} INFO - DAG(s) 'example_python_decorator' retrieved from /home/airflow/.local/lib/python3.12/site-packages/airflow/example_dags/example_python_decorator.py
[2025-04-21T04:31:10.574+0000] {logging_mixin.py:188} INFO - [2025-04-21T04:31:10.574+0000] {dag.py:3096} INFO - Sync 1 DAGs
[2025-04-21T04:31:10.579+0000] {logging_mixin.py:188} INFO - [2025-04-21T04:31:10.579+0000] {dag.py:3954} INFO - Setting next_dagrun for example_python_decorator to None, run_after=None
[2025-04-21T04:31:10.586+0000] {processor.py:183} INFO - Processing /home/airflow/.local/lib/python3.12/site-packages/airflow/example_dags/example_python_decorator.py took 0.039 seconds
[2025-04-21T04:36:23.783+0000] {processor.py:161} INFO - Started process (PID=91895) to work on /home/airflow/.local/lib/python3.12/site-packages/airflow/example_dags/example_python_decorator.py
[2025-04-21T04:36:23.783+0000] {processor.py:830} INFO - Processing file /home/airflow/.local/lib/python3.12/site-packages/airflow/example_dags/example_python_decorator.py for tasks to queue
[2025-04-21T04:36:23.784+0000] {logging_mixin.py:188} INFO - [2025-04-21T04:36:23.784+0000] {dagbag.py:545} INFO - Filling up the DagBag from /home/airflow/.local/lib/python3.12/site-packages/airflow/example_dags/example_python_decorator.py
[2025-04-21T04:36:23.791+0000] {processor.py:840} INFO - DAG(s) 'example_python_decorator' retrieved from /home/airflow/.local/lib/python3.12/site-packages/airflow/example_dags/example_python_decorator.py
[2025-04-21T04:36:23.801+0000] {logging_mixin.py:188} INFO - [2025-04-21T04:36:23.801+0000] {dag.py:3096} INFO - Sync 1 DAGs
[2025-04-21T04:36:23.806+0000] {logging_mixin.py:188} INFO - [2025-04-21T04:36:23.806+0000] {dag.py:3954} INFO - Setting next_dagrun for example_python_decorator to None, run_after=None
[2025-04-21T04:36:23.813+0000] {processor.py:183} INFO - Processing /home/airflow/.local/lib/python3.12/site-packages/airflow/example_dags/example_python_decorator.py took 0.033 seconds
[2025-04-21T04:41:37.125+0000] {processor.py:161} INFO - Started process (PID=91955) to work on /home/airflow/.local/lib/python3.12/site-packages/airflow/example_dags/example_python_decorator.py
[2025-04-21T04:41:37.125+0000] {processor.py:830} INFO - Processing file /home/airflow/.local/lib/python3.12/site-packages/airflow/example_dags/example_python_decorator.py for tasks to queue
[2025-04-21T04:41:37.126+0000] {logging_mixin.py:188} INFO - [2025-04-21T04:41:37.126+0000] {dagbag.py:545} INFO - Filling up the DagBag from /home/airflow/.local/lib/python3.12/site-packages/airflow/example_dags/example_python_decorator.py
[2025-04-21T04:41:37.132+0000] {processor.py:840} INFO - DAG(s) 'example_python_decorator' retrieved from /home/airflow/.local/lib/python3.12/site-packages/airflow/example_dags/example_python_decorator.py
[2025-04-21T04:41:37.144+0000] {logging_mixin.py:188} INFO - [2025-04-21T04:41:37.143+0000] {dag.py:3096} INFO - Sync 1 DAGs
[2025-04-21T04:41:37.153+0000] {logging_mixin.py:188} INFO - [2025-04-21T04:41:37.153+0000] {dag.py:3954} INFO - Setting next_dagrun for example_python_decorator to None, run_after=None
[2025-04-21T04:41:37.168+0000] {processor.py:183} INFO - Processing /home/airflow/.local/lib/python3.12/site-packages/airflow/example_dags/example_python_decorator.py took 0.046 seconds
[2025-04-21T04:46:50.056+0000] {processor.py:161} INFO - Started process (PID=92015) to work on /home/airflow/.local/lib/python3.12/site-packages/airflow/example_dags/example_python_decorator.py
[2025-04-21T04:46:50.056+0000] {processor.py:830} INFO - Processing file /home/airflow/.local/lib/python3.12/site-packages/airflow/example_dags/example_python_decorator.py for tasks to queue
[2025-04-21T04:46:50.057+0000] {logging_mixin.py:188} INFO - [2025-04-21T04:46:50.057+0000] {dagbag.py:545} INFO - Filling up the DagBag from /home/airflow/.local/lib/python3.12/site-packages/airflow/example_dags/example_python_decorator.py
[2025-04-21T04:46:50.063+0000] {processor.py:840} INFO - DAG(s) 'example_python_decorator' retrieved from /home/airflow/.local/lib/python3.12/site-packages/airflow/example_dags/example_python_decorator.py
[2025-04-21T04:46:50.073+0000] {logging_mixin.py:188} INFO - [2025-04-21T04:46:50.073+0000] {dag.py:3096} INFO - Sync 1 DAGs
[2025-04-21T04:46:50.078+0000] {logging_mixin.py:188} INFO - [2025-04-21T04:46:50.078+0000] {dag.py:3954} INFO - Setting next_dagrun for example_python_decorator to None, run_after=None
[2025-04-21T04:46:50.086+0000] {processor.py:183} INFO - Processing /home/airflow/.local/lib/python3.12/site-packages/airflow/example_dags/example_python_decorator.py took 0.033 seconds
[2025-04-21T04:47:20.263+0000] {processor.py:161} INFO - Started process (PID=92073) to work on /home/airflow/.local/lib/python3.12/site-packages/airflow/example_dags/example_python_decorator.py
[2025-04-21T04:47:20.264+0000] {processor.py:830} INFO - Processing file /home/airflow/.local/lib/python3.12/site-packages/airflow/example_dags/example_python_decorator.py for tasks to queue
[2025-04-21T04:47:20.265+0000] {logging_mixin.py:188} INFO - [2025-04-21T04:47:20.265+0000] {dagbag.py:545} INFO - Filling up the DagBag from /home/airflow/.local/lib/python3.12/site-packages/airflow/example_dags/example_python_decorator.py
[2025-04-21T04:47:20.275+0000] {processor.py:840} INFO - DAG(s) 'example_python_decorator' retrieved from /home/airflow/.local/lib/python3.12/site-packages/airflow/example_dags/example_python_decorator.py
[2025-04-21T04:47:20.285+0000] {logging_mixin.py:188} INFO - [2025-04-21T04:47:20.285+0000] {dag.py:3096} INFO - Sync 1 DAGs
[2025-04-21T04:47:20.291+0000] {logging_mixin.py:188} INFO - [2025-04-21T04:47:20.291+0000] {dag.py:3954} INFO - Setting next_dagrun for example_python_decorator to None, run_after=None
[2025-04-21T04:47:20.302+0000] {processor.py:183} INFO - Processing /home/airflow/.local/lib/python3.12/site-packages/airflow/example_dags/example_python_decorator.py took 0.042 seconds
[2025-04-21T04:52:33.277+0000] {processor.py:161} INFO - Started process (PID=92135) to work on /home/airflow/.local/lib/python3.12/site-packages/airflow/example_dags/example_python_decorator.py
[2025-04-21T04:52:33.277+0000] {processor.py:830} INFO - Processing file /home/airflow/.local/lib/python3.12/site-packages/airflow/example_dags/example_python_decorator.py for tasks to queue
[2025-04-21T04:52:33.278+0000] {logging_mixin.py:188} INFO - [2025-04-21T04:52:33.278+0000] {dagbag.py:545} INFO - Filling up the DagBag from /home/airflow/.local/lib/python3.12/site-packages/airflow/example_dags/example_python_decorator.py
[2025-04-21T04:52:33.284+0000] {processor.py:840} INFO - DAG(s) 'example_python_decorator' retrieved from /home/airflow/.local/lib/python3.12/site-packages/airflow/example_dags/example_python_decorator.py
[2025-04-21T04:52:33.295+0000] {logging_mixin.py:188} INFO - [2025-04-21T04:52:33.294+0000] {dag.py:3096} INFO - Sync 1 DAGs
[2025-04-21T04:52:33.301+0000] {logging_mixin.py:188} INFO - [2025-04-21T04:52:33.301+0000] {dag.py:3954} INFO - Setting next_dagrun for example_python_decorator to None, run_after=None
[2025-04-21T04:52:33.309+0000] {processor.py:183} INFO - Processing /home/airflow/.local/lib/python3.12/site-packages/airflow/example_dags/example_python_decorator.py took 0.035 seconds
[2025-04-21T05:15:36.771+0000] {processor.py:161} INFO - Started process (PID=92195) to work on /home/airflow/.local/lib/python3.12/site-packages/airflow/example_dags/example_python_decorator.py
[2025-04-21T05:15:36.772+0000] {processor.py:830} INFO - Processing file /home/airflow/.local/lib/python3.12/site-packages/airflow/example_dags/example_python_decorator.py for tasks to queue
[2025-04-21T05:15:36.773+0000] {logging_mixin.py:188} INFO - [2025-04-21T05:15:36.772+0000] {dagbag.py:545} INFO - Filling up the DagBag from /home/airflow/.local/lib/python3.12/site-packages/airflow/example_dags/example_python_decorator.py
[2025-04-21T05:15:36.778+0000] {processor.py:840} INFO - DAG(s) 'example_python_decorator' retrieved from /home/airflow/.local/lib/python3.12/site-packages/airflow/example_dags/example_python_decorator.py
[2025-04-21T05:15:36.789+0000] {logging_mixin.py:188} INFO - [2025-04-21T05:15:36.788+0000] {dag.py:3096} INFO - Sync 1 DAGs
[2025-04-21T05:15:36.794+0000] {logging_mixin.py:188} INFO - [2025-04-21T05:15:36.794+0000] {dag.py:3954} INFO - Setting next_dagrun for example_python_decorator to None, run_after=None
[2025-04-21T05:15:36.802+0000] {processor.py:183} INFO - Processing /home/airflow/.local/lib/python3.12/site-packages/airflow/example_dags/example_python_decorator.py took 0.033 seconds
[2025-04-21T05:20:50.339+0000] {processor.py:161} INFO - Started process (PID=92255) to work on /home/airflow/.local/lib/python3.12/site-packages/airflow/example_dags/example_python_decorator.py
[2025-04-21T05:20:50.340+0000] {processor.py:830} INFO - Processing file /home/airflow/.local/lib/python3.12/site-packages/airflow/example_dags/example_python_decorator.py for tasks to queue
[2025-04-21T05:20:50.341+0000] {logging_mixin.py:188} INFO - [2025-04-21T05:20:50.340+0000] {dagbag.py:545} INFO - Filling up the DagBag from /home/airflow/.local/lib/python3.12/site-packages/airflow/example_dags/example_python_decorator.py
[2025-04-21T05:20:50.347+0000] {processor.py:840} INFO - DAG(s) 'example_python_decorator' retrieved from /home/airflow/.local/lib/python3.12/site-packages/airflow/example_dags/example_python_decorator.py
[2025-04-21T05:20:50.357+0000] {logging_mixin.py:188} INFO - [2025-04-21T05:20:50.357+0000] {dag.py:3096} INFO - Sync 1 DAGs
[2025-04-21T05:20:50.366+0000] {logging_mixin.py:188} INFO - [2025-04-21T05:20:50.366+0000] {dag.py:3954} INFO - Setting next_dagrun for example_python_decorator to None, run_after=None
[2025-04-21T05:20:50.377+0000] {processor.py:183} INFO - Processing /home/airflow/.local/lib/python3.12/site-packages/airflow/example_dags/example_python_decorator.py took 0.042 seconds
[2025-04-21T05:26:02.871+0000] {processor.py:161} INFO - Started process (PID=92315) to work on /home/airflow/.local/lib/python3.12/site-packages/airflow/example_dags/example_python_decorator.py
[2025-04-21T05:26:02.871+0000] {processor.py:830} INFO - Processing file /home/airflow/.local/lib/python3.12/site-packages/airflow/example_dags/example_python_decorator.py for tasks to queue
[2025-04-21T05:26:02.872+0000] {logging_mixin.py:188} INFO - [2025-04-21T05:26:02.872+0000] {dagbag.py:545} INFO - Filling up the DagBag from /home/airflow/.local/lib/python3.12/site-packages/airflow/example_dags/example_python_decorator.py
[2025-04-21T05:26:02.878+0000] {processor.py:840} INFO - DAG(s) 'example_python_decorator' retrieved from /home/airflow/.local/lib/python3.12/site-packages/airflow/example_dags/example_python_decorator.py
[2025-04-21T05:26:02.888+0000] {logging_mixin.py:188} INFO - [2025-04-21T05:26:02.888+0000] {dag.py:3096} INFO - Sync 1 DAGs
[2025-04-21T05:26:02.894+0000] {logging_mixin.py:188} INFO - [2025-04-21T05:26:02.894+0000] {dag.py:3954} INFO - Setting next_dagrun for example_python_decorator to None, run_after=None
[2025-04-21T05:26:02.902+0000] {processor.py:183} INFO - Processing /home/airflow/.local/lib/python3.12/site-packages/airflow/example_dags/example_python_decorator.py took 0.034 seconds
[2025-04-21T05:59:57.364+0000] {processor.py:161} INFO - Started process (PID=92375) to work on /home/airflow/.local/lib/python3.12/site-packages/airflow/example_dags/example_python_decorator.py
[2025-04-21T05:59:57.365+0000] {processor.py:830} INFO - Processing file /home/airflow/.local/lib/python3.12/site-packages/airflow/example_dags/example_python_decorator.py for tasks to queue
[2025-04-21T05:59:57.366+0000] {logging_mixin.py:188} INFO - [2025-04-21T05:59:57.366+0000] {dagbag.py:545} INFO - Filling up the DagBag from /home/airflow/.local/lib/python3.12/site-packages/airflow/example_dags/example_python_decorator.py
[2025-04-21T05:59:57.372+0000] {processor.py:840} INFO - DAG(s) 'example_python_decorator' retrieved from /home/airflow/.local/lib/python3.12/site-packages/airflow/example_dags/example_python_decorator.py
[2025-04-21T05:59:57.382+0000] {logging_mixin.py:188} INFO - [2025-04-21T05:59:57.382+0000] {dag.py:3096} INFO - Sync 1 DAGs
[2025-04-21T05:59:57.388+0000] {logging_mixin.py:188} INFO - [2025-04-21T05:59:57.388+0000] {dag.py:3954} INFO - Setting next_dagrun for example_python_decorator to None, run_after=None
[2025-04-21T05:59:57.395+0000] {processor.py:183} INFO - Processing /home/airflow/.local/lib/python3.12/site-packages/airflow/example_dags/example_python_decorator.py took 0.033 seconds
[2025-04-21T07:21:15.412+0000] {processor.py:161} INFO - Started process (PID=92435) to work on /home/airflow/.local/lib/python3.12/site-packages/airflow/example_dags/example_python_decorator.py
[2025-04-21T07:21:15.413+0000] {processor.py:830} INFO - Processing file /home/airflow/.local/lib/python3.12/site-packages/airflow/example_dags/example_python_decorator.py for tasks to queue
[2025-04-21T07:21:15.414+0000] {logging_mixin.py:188} INFO - [2025-04-21T07:21:15.414+0000] {dagbag.py:545} INFO - Filling up the DagBag from /home/airflow/.local/lib/python3.12/site-packages/airflow/example_dags/example_python_decorator.py
[2025-04-21T07:21:15.420+0000] {processor.py:840} INFO - DAG(s) 'example_python_decorator' retrieved from /home/airflow/.local/lib/python3.12/site-packages/airflow/example_dags/example_python_decorator.py
[2025-04-21T07:21:15.430+0000] {logging_mixin.py:188} INFO - [2025-04-21T07:21:15.430+0000] {dag.py:3096} INFO - Sync 1 DAGs
[2025-04-21T07:21:15.436+0000] {logging_mixin.py:188} INFO - [2025-04-21T07:21:15.435+0000] {dag.py:3954} INFO - Setting next_dagrun for example_python_decorator to None, run_after=None
[2025-04-21T07:21:15.443+0000] {processor.py:183} INFO - Processing /home/airflow/.local/lib/python3.12/site-packages/airflow/example_dags/example_python_decorator.py took 0.034 seconds
[2025-04-21T09:02:20.351+0000] {processor.py:161} INFO - Started process (PID=92495) to work on /home/airflow/.local/lib/python3.12/site-packages/airflow/example_dags/example_python_decorator.py
[2025-04-21T09:02:20.351+0000] {processor.py:830} INFO - Processing file /home/airflow/.local/lib/python3.12/site-packages/airflow/example_dags/example_python_decorator.py for tasks to queue
[2025-04-21T09:02:20.352+0000] {logging_mixin.py:188} INFO - [2025-04-21T09:02:20.352+0000] {dagbag.py:545} INFO - Filling up the DagBag from /home/airflow/.local/lib/python3.12/site-packages/airflow/example_dags/example_python_decorator.py
[2025-04-21T09:02:20.358+0000] {processor.py:840} INFO - DAG(s) 'example_python_decorator' retrieved from /home/airflow/.local/lib/python3.12/site-packages/airflow/example_dags/example_python_decorator.py
[2025-04-21T09:02:20.368+0000] {logging_mixin.py:188} INFO - [2025-04-21T09:02:20.368+0000] {dag.py:3096} INFO - Sync 1 DAGs
[2025-04-21T09:02:20.373+0000] {logging_mixin.py:188} INFO - [2025-04-21T09:02:20.373+0000] {dag.py:3954} INFO - Setting next_dagrun for example_python_decorator to None, run_after=None
[2025-04-21T09:02:20.381+0000] {processor.py:183} INFO - Processing /home/airflow/.local/lib/python3.12/site-packages/airflow/example_dags/example_python_decorator.py took 0.033 seconds
[2025-04-21T10:25:29.476+0000] {processor.py:161} INFO - Started process (PID=92555) to work on /home/airflow/.local/lib/python3.12/site-packages/airflow/example_dags/example_python_decorator.py
[2025-04-21T10:25:29.476+0000] {processor.py:830} INFO - Processing file /home/airflow/.local/lib/python3.12/site-packages/airflow/example_dags/example_python_decorator.py for tasks to queue
[2025-04-21T10:25:29.477+0000] {logging_mixin.py:188} INFO - [2025-04-21T10:25:29.477+0000] {dagbag.py:545} INFO - Filling up the DagBag from /home/airflow/.local/lib/python3.12/site-packages/airflow/example_dags/example_python_decorator.py
[2025-04-21T10:25:29.484+0000] {processor.py:840} INFO - DAG(s) 'example_python_decorator' retrieved from /home/airflow/.local/lib/python3.12/site-packages/airflow/example_dags/example_python_decorator.py
[2025-04-21T10:25:29.494+0000] {logging_mixin.py:188} INFO - [2025-04-21T10:25:29.494+0000] {dag.py:3096} INFO - Sync 1 DAGs
[2025-04-21T10:25:29.499+0000] {logging_mixin.py:188} INFO - [2025-04-21T10:25:29.499+0000] {dag.py:3954} INFO - Setting next_dagrun for example_python_decorator to None, run_after=None
[2025-04-21T10:25:29.507+0000] {processor.py:183} INFO - Processing /home/airflow/.local/lib/python3.12/site-packages/airflow/example_dags/example_python_decorator.py took 0.034 seconds
[2025-04-21T12:02:27.080+0000] {processor.py:161} INFO - Started process (PID=92615) to work on /home/airflow/.local/lib/python3.12/site-packages/airflow/example_dags/example_python_decorator.py
[2025-04-21T12:02:27.081+0000] {processor.py:830} INFO - Processing file /home/airflow/.local/lib/python3.12/site-packages/airflow/example_dags/example_python_decorator.py for tasks to queue
[2025-04-21T12:02:27.082+0000] {logging_mixin.py:188} INFO - [2025-04-21T12:02:27.082+0000] {dagbag.py:545} INFO - Filling up the DagBag from /home/airflow/.local/lib/python3.12/site-packages/airflow/example_dags/example_python_decorator.py
[2025-04-21T12:02:27.089+0000] {processor.py:840} INFO - DAG(s) 'example_python_decorator' retrieved from /home/airflow/.local/lib/python3.12/site-packages/airflow/example_dags/example_python_decorator.py
[2025-04-21T12:02:27.100+0000] {logging_mixin.py:188} INFO - [2025-04-21T12:02:27.099+0000] {dag.py:3096} INFO - Sync 1 DAGs
[2025-04-21T12:02:27.106+0000] {logging_mixin.py:188} INFO - [2025-04-21T12:02:27.106+0000] {dag.py:3954} INFO - Setting next_dagrun for example_python_decorator to None, run_after=None
[2025-04-21T12:02:27.118+0000] {processor.py:183} INFO - Processing /home/airflow/.local/lib/python3.12/site-packages/airflow/example_dags/example_python_decorator.py took 0.042 seconds
[2025-04-21T12:02:57.372+0000] {processor.py:161} INFO - Started process (PID=92673) to work on /home/airflow/.local/lib/python3.12/site-packages/airflow/example_dags/example_python_decorator.py
[2025-04-21T12:02:57.373+0000] {processor.py:830} INFO - Processing file /home/airflow/.local/lib/python3.12/site-packages/airflow/example_dags/example_python_decorator.py for tasks to queue
[2025-04-21T12:02:57.374+0000] {logging_mixin.py:188} INFO - [2025-04-21T12:02:57.374+0000] {dagbag.py:545} INFO - Filling up the DagBag from /home/airflow/.local/lib/python3.12/site-packages/airflow/example_dags/example_python_decorator.py
[2025-04-21T12:02:57.381+0000] {processor.py:840} INFO - DAG(s) 'example_python_decorator' retrieved from /home/airflow/.local/lib/python3.12/site-packages/airflow/example_dags/example_python_decorator.py
[2025-04-21T12:02:57.393+0000] {logging_mixin.py:188} INFO - [2025-04-21T12:02:57.393+0000] {dag.py:3096} INFO - Sync 1 DAGs
[2025-04-21T12:02:57.399+0000] {logging_mixin.py:188} INFO - [2025-04-21T12:02:57.399+0000] {dag.py:3954} INFO - Setting next_dagrun for example_python_decorator to None, run_after=None
[2025-04-21T12:02:57.413+0000] {processor.py:183} INFO - Processing /home/airflow/.local/lib/python3.12/site-packages/airflow/example_dags/example_python_decorator.py took 0.045 seconds
[2025-04-21T12:08:10.097+0000] {processor.py:161} INFO - Started process (PID=92735) to work on /home/airflow/.local/lib/python3.12/site-packages/airflow/example_dags/example_python_decorator.py
[2025-04-21T12:08:10.098+0000] {processor.py:830} INFO - Processing file /home/airflow/.local/lib/python3.12/site-packages/airflow/example_dags/example_python_decorator.py for tasks to queue
[2025-04-21T12:08:10.099+0000] {logging_mixin.py:188} INFO - [2025-04-21T12:08:10.098+0000] {dagbag.py:545} INFO - Filling up the DagBag from /home/airflow/.local/lib/python3.12/site-packages/airflow/example_dags/example_python_decorator.py
[2025-04-21T12:08:10.104+0000] {processor.py:840} INFO - DAG(s) 'example_python_decorator' retrieved from /home/airflow/.local/lib/python3.12/site-packages/airflow/example_dags/example_python_decorator.py
[2025-04-21T12:08:10.116+0000] {logging_mixin.py:188} INFO - [2025-04-21T12:08:10.116+0000] {dag.py:3096} INFO - Sync 1 DAGs
[2025-04-21T12:08:10.122+0000] {logging_mixin.py:188} INFO - [2025-04-21T12:08:10.122+0000] {dag.py:3954} INFO - Setting next_dagrun for example_python_decorator to None, run_after=None
[2025-04-21T12:08:10.133+0000] {processor.py:183} INFO - Processing /home/airflow/.local/lib/python3.12/site-packages/airflow/example_dags/example_python_decorator.py took 0.038 seconds
[2025-04-21T12:09:05.076+0000] {processor.py:161} INFO - Started process (PID=92795) to work on /home/airflow/.local/lib/python3.12/site-packages/airflow/example_dags/example_python_decorator.py
[2025-04-21T12:09:05.077+0000] {processor.py:830} INFO - Processing file /home/airflow/.local/lib/python3.12/site-packages/airflow/example_dags/example_python_decorator.py for tasks to queue
[2025-04-21T12:09:05.077+0000] {logging_mixin.py:188} INFO - [2025-04-21T12:09:05.077+0000] {dagbag.py:545} INFO - Filling up the DagBag from /home/airflow/.local/lib/python3.12/site-packages/airflow/example_dags/example_python_decorator.py
[2025-04-21T12:09:05.084+0000] {processor.py:840} INFO - DAG(s) 'example_python_decorator' retrieved from /home/airflow/.local/lib/python3.12/site-packages/airflow/example_dags/example_python_decorator.py
[2025-04-21T12:09:05.095+0000] {logging_mixin.py:188} INFO - [2025-04-21T12:09:05.095+0000] {dag.py:3096} INFO - Sync 1 DAGs
[2025-04-21T12:09:05.101+0000] {logging_mixin.py:188} INFO - [2025-04-21T12:09:05.100+0000] {dag.py:3954} INFO - Setting next_dagrun for example_python_decorator to None, run_after=None
[2025-04-21T12:09:05.108+0000] {processor.py:183} INFO - Processing /home/airflow/.local/lib/python3.12/site-packages/airflow/example_dags/example_python_decorator.py took 0.036 seconds
[2025-04-21T12:14:17.944+0000] {processor.py:161} INFO - Started process (PID=92855) to work on /home/airflow/.local/lib/python3.12/site-packages/airflow/example_dags/example_python_decorator.py
[2025-04-21T12:14:17.944+0000] {processor.py:830} INFO - Processing file /home/airflow/.local/lib/python3.12/site-packages/airflow/example_dags/example_python_decorator.py for tasks to queue
[2025-04-21T12:14:17.945+0000] {logging_mixin.py:188} INFO - [2025-04-21T12:14:17.945+0000] {dagbag.py:545} INFO - Filling up the DagBag from /home/airflow/.local/lib/python3.12/site-packages/airflow/example_dags/example_python_decorator.py
[2025-04-21T12:14:17.951+0000] {processor.py:840} INFO - DAG(s) 'example_python_decorator' retrieved from /home/airflow/.local/lib/python3.12/site-packages/airflow/example_dags/example_python_decorator.py
[2025-04-21T12:14:17.961+0000] {logging_mixin.py:188} INFO - [2025-04-21T12:14:17.960+0000] {dag.py:3096} INFO - Sync 1 DAGs
[2025-04-21T12:14:17.966+0000] {logging_mixin.py:188} INFO - [2025-04-21T12:14:17.966+0000] {dag.py:3954} INFO - Setting next_dagrun for example_python_decorator to None, run_after=None
[2025-04-21T12:14:17.975+0000] {processor.py:183} INFO - Processing /home/airflow/.local/lib/python3.12/site-packages/airflow/example_dags/example_python_decorator.py took 0.034 seconds
[2025-04-21T12:19:31.498+0000] {processor.py:161} INFO - Started process (PID=92915) to work on /home/airflow/.local/lib/python3.12/site-packages/airflow/example_dags/example_python_decorator.py
[2025-04-21T12:19:31.498+0000] {processor.py:830} INFO - Processing file /home/airflow/.local/lib/python3.12/site-packages/airflow/example_dags/example_python_decorator.py for tasks to queue
[2025-04-21T12:19:31.499+0000] {logging_mixin.py:188} INFO - [2025-04-21T12:19:31.499+0000] {dagbag.py:545} INFO - Filling up the DagBag from /home/airflow/.local/lib/python3.12/site-packages/airflow/example_dags/example_python_decorator.py
[2025-04-21T12:19:31.506+0000] {processor.py:840} INFO - DAG(s) 'example_python_decorator' retrieved from /home/airflow/.local/lib/python3.12/site-packages/airflow/example_dags/example_python_decorator.py
[2025-04-21T12:19:31.517+0000] {logging_mixin.py:188} INFO - [2025-04-21T12:19:31.517+0000] {dag.py:3096} INFO - Sync 1 DAGs
[2025-04-21T12:19:31.523+0000] {logging_mixin.py:188} INFO - [2025-04-21T12:19:31.523+0000] {dag.py:3954} INFO - Setting next_dagrun for example_python_decorator to None, run_after=None
[2025-04-21T12:19:31.534+0000] {processor.py:183} INFO - Processing /home/airflow/.local/lib/python3.12/site-packages/airflow/example_dags/example_python_decorator.py took 0.039 seconds
[2025-04-21T12:24:44.106+0000] {processor.py:161} INFO - Started process (PID=92975) to work on /home/airflow/.local/lib/python3.12/site-packages/airflow/example_dags/example_python_decorator.py
[2025-04-21T12:24:44.107+0000] {processor.py:830} INFO - Processing file /home/airflow/.local/lib/python3.12/site-packages/airflow/example_dags/example_python_decorator.py for tasks to queue
[2025-04-21T12:24:44.108+0000] {logging_mixin.py:188} INFO - [2025-04-21T12:24:44.107+0000] {dagbag.py:545} INFO - Filling up the DagBag from /home/airflow/.local/lib/python3.12/site-packages/airflow/example_dags/example_python_decorator.py
[2025-04-21T12:24:44.114+0000] {processor.py:840} INFO - DAG(s) 'example_python_decorator' retrieved from /home/airflow/.local/lib/python3.12/site-packages/airflow/example_dags/example_python_decorator.py
[2025-04-21T12:24:44.124+0000] {logging_mixin.py:188} INFO - [2025-04-21T12:24:44.123+0000] {dag.py:3096} INFO - Sync 1 DAGs
[2025-04-21T12:24:44.128+0000] {logging_mixin.py:188} INFO - [2025-04-21T12:24:44.128+0000] {dag.py:3954} INFO - Setting next_dagrun for example_python_decorator to None, run_after=None
[2025-04-21T12:24:44.136+0000] {processor.py:183} INFO - Processing /home/airflow/.local/lib/python3.12/site-packages/airflow/example_dags/example_python_decorator.py took 0.033 seconds
[2025-04-21T12:56:59.048+0000] {processor.py:161} INFO - Started process (PID=93035) to work on /home/airflow/.local/lib/python3.12/site-packages/airflow/example_dags/example_python_decorator.py
[2025-04-21T12:56:59.049+0000] {processor.py:830} INFO - Processing file /home/airflow/.local/lib/python3.12/site-packages/airflow/example_dags/example_python_decorator.py for tasks to queue
[2025-04-21T12:56:59.050+0000] {logging_mixin.py:188} INFO - [2025-04-21T12:56:59.050+0000] {dagbag.py:545} INFO - Filling up the DagBag from /home/airflow/.local/lib/python3.12/site-packages/airflow/example_dags/example_python_decorator.py
[2025-04-21T12:56:59.056+0000] {processor.py:840} INFO - DAG(s) 'example_python_decorator' retrieved from /home/airflow/.local/lib/python3.12/site-packages/airflow/example_dags/example_python_decorator.py
[2025-04-21T12:56:59.066+0000] {logging_mixin.py:188} INFO - [2025-04-21T12:56:59.066+0000] {dag.py:3096} INFO - Sync 1 DAGs
[2025-04-21T12:56:59.071+0000] {logging_mixin.py:188} INFO - [2025-04-21T12:56:59.071+0000] {dag.py:3954} INFO - Setting next_dagrun for example_python_decorator to None, run_after=None
[2025-04-21T12:56:59.078+0000] {processor.py:183} INFO - Processing /home/airflow/.local/lib/python3.12/site-packages/airflow/example_dags/example_python_decorator.py took 0.033 seconds
[2025-04-21T14:21:25.166+0000] {processor.py:161} INFO - Started process (PID=93095) to work on /home/airflow/.local/lib/python3.12/site-packages/airflow/example_dags/example_python_decorator.py
[2025-04-21T14:21:25.166+0000] {processor.py:830} INFO - Processing file /home/airflow/.local/lib/python3.12/site-packages/airflow/example_dags/example_python_decorator.py for tasks to queue
[2025-04-21T14:21:25.167+0000] {logging_mixin.py:188} INFO - [2025-04-21T14:21:25.167+0000] {dagbag.py:545} INFO - Filling up the DagBag from /home/airflow/.local/lib/python3.12/site-packages/airflow/example_dags/example_python_decorator.py
[2025-04-21T14:21:25.173+0000] {processor.py:840} INFO - DAG(s) 'example_python_decorator' retrieved from /home/airflow/.local/lib/python3.12/site-packages/airflow/example_dags/example_python_decorator.py
[2025-04-21T14:21:25.183+0000] {logging_mixin.py:188} INFO - [2025-04-21T14:21:25.182+0000] {dag.py:3096} INFO - Sync 1 DAGs
[2025-04-21T14:21:25.188+0000] {logging_mixin.py:188} INFO - [2025-04-21T14:21:25.188+0000] {dag.py:3954} INFO - Setting next_dagrun for example_python_decorator to None, run_after=None
[2025-04-21T14:21:25.196+0000] {processor.py:183} INFO - Processing /home/airflow/.local/lib/python3.12/site-packages/airflow/example_dags/example_python_decorator.py took 0.033 seconds
[2025-04-21T16:03:44.442+0000] {processor.py:161} INFO - Started process (PID=93155) to work on /home/airflow/.local/lib/python3.12/site-packages/airflow/example_dags/example_python_decorator.py
[2025-04-21T16:03:44.442+0000] {processor.py:830} INFO - Processing file /home/airflow/.local/lib/python3.12/site-packages/airflow/example_dags/example_python_decorator.py for tasks to queue
[2025-04-21T16:03:44.443+0000] {logging_mixin.py:188} INFO - [2025-04-21T16:03:44.443+0000] {dagbag.py:545} INFO - Filling up the DagBag from /home/airflow/.local/lib/python3.12/site-packages/airflow/example_dags/example_python_decorator.py
[2025-04-21T16:03:44.449+0000] {processor.py:840} INFO - DAG(s) 'example_python_decorator' retrieved from /home/airflow/.local/lib/python3.12/site-packages/airflow/example_dags/example_python_decorator.py
[2025-04-21T16:03:44.459+0000] {logging_mixin.py:188} INFO - [2025-04-21T16:03:44.459+0000] {dag.py:3096} INFO - Sync 1 DAGs
[2025-04-21T16:03:44.464+0000] {logging_mixin.py:188} INFO - [2025-04-21T16:03:44.464+0000] {dag.py:3954} INFO - Setting next_dagrun for example_python_decorator to None, run_after=None
[2025-04-21T16:03:44.471+0000] {processor.py:183} INFO - Processing /home/airflow/.local/lib/python3.12/site-packages/airflow/example_dags/example_python_decorator.py took 0.032 seconds
[2025-04-21T17:25:31.159+0000] {processor.py:161} INFO - Started process (PID=93215) to work on /home/airflow/.local/lib/python3.12/site-packages/airflow/example_dags/example_python_decorator.py
[2025-04-21T17:25:31.160+0000] {processor.py:830} INFO - Processing file /home/airflow/.local/lib/python3.12/site-packages/airflow/example_dags/example_python_decorator.py for tasks to queue
[2025-04-21T17:25:31.161+0000] {logging_mixin.py:188} INFO - [2025-04-21T17:25:31.161+0000] {dagbag.py:545} INFO - Filling up the DagBag from /home/airflow/.local/lib/python3.12/site-packages/airflow/example_dags/example_python_decorator.py
[2025-04-21T17:25:31.168+0000] {processor.py:840} INFO - DAG(s) 'example_python_decorator' retrieved from /home/airflow/.local/lib/python3.12/site-packages/airflow/example_dags/example_python_decorator.py
[2025-04-21T17:25:31.178+0000] {logging_mixin.py:188} INFO - [2025-04-21T17:25:31.178+0000] {dag.py:3096} INFO - Sync 1 DAGs
[2025-04-21T17:25:31.186+0000] {logging_mixin.py:188} INFO - [2025-04-21T17:25:31.186+0000] {dag.py:3954} INFO - Setting next_dagrun for example_python_decorator to None, run_after=None
[2025-04-21T17:25:31.198+0000] {processor.py:183} INFO - Processing /home/airflow/.local/lib/python3.12/site-packages/airflow/example_dags/example_python_decorator.py took 0.042 seconds
[2025-04-21T18:31:34.593+0000] {processor.py:161} INFO - Started process (PID=93275) to work on /home/airflow/.local/lib/python3.12/site-packages/airflow/example_dags/example_python_decorator.py
[2025-04-21T18:31:34.593+0000] {processor.py:830} INFO - Processing file /home/airflow/.local/lib/python3.12/site-packages/airflow/example_dags/example_python_decorator.py for tasks to queue
[2025-04-21T18:31:34.594+0000] {logging_mixin.py:188} INFO - [2025-04-21T18:31:34.594+0000] {dagbag.py:545} INFO - Filling up the DagBag from /home/airflow/.local/lib/python3.12/site-packages/airflow/example_dags/example_python_decorator.py
[2025-04-21T18:31:34.600+0000] {processor.py:840} INFO - DAG(s) 'example_python_decorator' retrieved from /home/airflow/.local/lib/python3.12/site-packages/airflow/example_dags/example_python_decorator.py
[2025-04-21T18:31:34.610+0000] {logging_mixin.py:188} INFO - [2025-04-21T18:31:34.610+0000] {dag.py:3096} INFO - Sync 1 DAGs
[2025-04-21T18:31:34.615+0000] {logging_mixin.py:188} INFO - [2025-04-21T18:31:34.615+0000] {dag.py:3954} INFO - Setting next_dagrun for example_python_decorator to None, run_after=None
[2025-04-21T18:31:34.622+0000] {processor.py:183} INFO - Processing /home/airflow/.local/lib/python3.12/site-packages/airflow/example_dags/example_python_decorator.py took 0.032 seconds
[2025-04-21T18:32:05.155+0000] {processor.py:161} INFO - Started process (PID=93335) to work on /home/airflow/.local/lib/python3.12/site-packages/airflow/example_dags/example_python_decorator.py
[2025-04-21T18:32:05.156+0000] {processor.py:830} INFO - Processing file /home/airflow/.local/lib/python3.12/site-packages/airflow/example_dags/example_python_decorator.py for tasks to queue
[2025-04-21T18:32:05.157+0000] {logging_mixin.py:188} INFO - [2025-04-21T18:32:05.157+0000] {dagbag.py:545} INFO - Filling up the DagBag from /home/airflow/.local/lib/python3.12/site-packages/airflow/example_dags/example_python_decorator.py
[2025-04-21T18:32:05.165+0000] {processor.py:840} INFO - DAG(s) 'example_python_decorator' retrieved from /home/airflow/.local/lib/python3.12/site-packages/airflow/example_dags/example_python_decorator.py
[2025-04-21T18:32:05.179+0000] {logging_mixin.py:188} INFO - [2025-04-21T18:32:05.179+0000] {dag.py:3096} INFO - Sync 1 DAGs
[2025-04-21T18:32:05.186+0000] {logging_mixin.py:188} INFO - [2025-04-21T18:32:05.186+0000] {dag.py:3954} INFO - Setting next_dagrun for example_python_decorator to None, run_after=None
[2025-04-21T18:32:05.196+0000] {processor.py:183} INFO - Processing /home/airflow/.local/lib/python3.12/site-packages/airflow/example_dags/example_python_decorator.py took 0.050 seconds
[2025-04-21T18:35:56.948+0000] {processor.py:161} INFO - Started process (PID=93395) to work on /home/airflow/.local/lib/python3.12/site-packages/airflow/example_dags/example_python_decorator.py
[2025-04-21T18:35:56.948+0000] {processor.py:830} INFO - Processing file /home/airflow/.local/lib/python3.12/site-packages/airflow/example_dags/example_python_decorator.py for tasks to queue
[2025-04-21T18:35:56.949+0000] {logging_mixin.py:188} INFO - [2025-04-21T18:35:56.949+0000] {dagbag.py:545} INFO - Filling up the DagBag from /home/airflow/.local/lib/python3.12/site-packages/airflow/example_dags/example_python_decorator.py
[2025-04-21T18:35:56.956+0000] {processor.py:840} INFO - DAG(s) 'example_python_decorator' retrieved from /home/airflow/.local/lib/python3.12/site-packages/airflow/example_dags/example_python_decorator.py
[2025-04-21T18:35:56.966+0000] {logging_mixin.py:188} INFO - [2025-04-21T18:35:56.966+0000] {dag.py:3096} INFO - Sync 1 DAGs
[2025-04-21T18:35:56.971+0000] {logging_mixin.py:188} INFO - [2025-04-21T18:35:56.971+0000] {dag.py:3954} INFO - Setting next_dagrun for example_python_decorator to None, run_after=None
[2025-04-21T18:35:56.978+0000] {processor.py:183} INFO - Processing /home/airflow/.local/lib/python3.12/site-packages/airflow/example_dags/example_python_decorator.py took 0.033 seconds
[2025-04-21T18:41:09.772+0000] {processor.py:161} INFO - Started process (PID=93455) to work on /home/airflow/.local/lib/python3.12/site-packages/airflow/example_dags/example_python_decorator.py
[2025-04-21T18:41:09.772+0000] {processor.py:830} INFO - Processing file /home/airflow/.local/lib/python3.12/site-packages/airflow/example_dags/example_python_decorator.py for tasks to queue
[2025-04-21T18:41:09.773+0000] {logging_mixin.py:188} INFO - [2025-04-21T18:41:09.773+0000] {dagbag.py:545} INFO - Filling up the DagBag from /home/airflow/.local/lib/python3.12/site-packages/airflow/example_dags/example_python_decorator.py
[2025-04-21T18:41:09.779+0000] {processor.py:840} INFO - DAG(s) 'example_python_decorator' retrieved from /home/airflow/.local/lib/python3.12/site-packages/airflow/example_dags/example_python_decorator.py
[2025-04-21T18:41:09.796+0000] {logging_mixin.py:188} INFO - [2025-04-21T18:41:09.796+0000] {dag.py:3096} INFO - Sync 1 DAGs
[2025-04-21T18:41:09.802+0000] {logging_mixin.py:188} INFO - [2025-04-21T18:41:09.802+0000] {dag.py:3954} INFO - Setting next_dagrun for example_python_decorator to None, run_after=None
[2025-04-21T18:41:09.811+0000] {processor.py:183} INFO - Processing /home/airflow/.local/lib/python3.12/site-packages/airflow/example_dags/example_python_decorator.py took 0.042 seconds
[2025-04-21T18:41:40.456+0000] {processor.py:161} INFO - Started process (PID=93515) to work on /home/airflow/.local/lib/python3.12/site-packages/airflow/example_dags/example_python_decorator.py
[2025-04-21T18:41:40.457+0000] {processor.py:830} INFO - Processing file /home/airflow/.local/lib/python3.12/site-packages/airflow/example_dags/example_python_decorator.py for tasks to queue
[2025-04-21T18:41:40.458+0000] {logging_mixin.py:188} INFO - [2025-04-21T18:41:40.457+0000] {dagbag.py:545} INFO - Filling up the DagBag from /home/airflow/.local/lib/python3.12/site-packages/airflow/example_dags/example_python_decorator.py
[2025-04-21T18:41:40.464+0000] {processor.py:840} INFO - DAG(s) 'example_python_decorator' retrieved from /home/airflow/.local/lib/python3.12/site-packages/airflow/example_dags/example_python_decorator.py
[2025-04-21T18:41:40.476+0000] {logging_mixin.py:188} INFO - [2025-04-21T18:41:40.475+0000] {dag.py:3096} INFO - Sync 1 DAGs
[2025-04-21T18:41:40.482+0000] {logging_mixin.py:188} INFO - [2025-04-21T18:41:40.482+0000] {dag.py:3954} INFO - Setting next_dagrun for example_python_decorator to None, run_after=None
[2025-04-21T18:41:40.492+0000] {processor.py:183} INFO - Processing /home/airflow/.local/lib/python3.12/site-packages/airflow/example_dags/example_python_decorator.py took 0.038 seconds
[2025-04-21T18:46:52.587+0000] {processor.py:161} INFO - Started process (PID=93575) to work on /home/airflow/.local/lib/python3.12/site-packages/airflow/example_dags/example_python_decorator.py
[2025-04-21T18:46:52.588+0000] {processor.py:830} INFO - Processing file /home/airflow/.local/lib/python3.12/site-packages/airflow/example_dags/example_python_decorator.py for tasks to queue
[2025-04-21T18:46:52.589+0000] {logging_mixin.py:188} INFO - [2025-04-21T18:46:52.589+0000] {dagbag.py:545} INFO - Filling up the DagBag from /home/airflow/.local/lib/python3.12/site-packages/airflow/example_dags/example_python_decorator.py
[2025-04-21T18:46:52.597+0000] {processor.py:840} INFO - DAG(s) 'example_python_decorator' retrieved from /home/airflow/.local/lib/python3.12/site-packages/airflow/example_dags/example_python_decorator.py
[2025-04-21T18:46:52.609+0000] {logging_mixin.py:188} INFO - [2025-04-21T18:46:52.609+0000] {dag.py:3096} INFO - Sync 1 DAGs
[2025-04-21T18:46:52.695+0000] {logging_mixin.py:188} INFO - [2025-04-21T18:46:52.695+0000] {dag.py:3954} INFO - Setting next_dagrun for example_python_decorator to None, run_after=None
[2025-04-21T18:46:52.707+0000] {processor.py:183} INFO - Processing /home/airflow/.local/lib/python3.12/site-packages/airflow/example_dags/example_python_decorator.py took 0.123 seconds
[2025-04-21T18:52:05.819+0000] {processor.py:161} INFO - Started process (PID=93635) to work on /home/airflow/.local/lib/python3.12/site-packages/airflow/example_dags/example_python_decorator.py
[2025-04-21T18:52:05.820+0000] {processor.py:830} INFO - Processing file /home/airflow/.local/lib/python3.12/site-packages/airflow/example_dags/example_python_decorator.py for tasks to queue
[2025-04-21T18:52:05.821+0000] {logging_mixin.py:188} INFO - [2025-04-21T18:52:05.821+0000] {dagbag.py:545} INFO - Filling up the DagBag from /home/airflow/.local/lib/python3.12/site-packages/airflow/example_dags/example_python_decorator.py
[2025-04-21T18:52:05.828+0000] {processor.py:840} INFO - DAG(s) 'example_python_decorator' retrieved from /home/airflow/.local/lib/python3.12/site-packages/airflow/example_dags/example_python_decorator.py
[2025-04-21T18:52:05.840+0000] {logging_mixin.py:188} INFO - [2025-04-21T18:52:05.840+0000] {dag.py:3096} INFO - Sync 1 DAGs
[2025-04-21T18:52:05.846+0000] {logging_mixin.py:188} INFO - [2025-04-21T18:52:05.846+0000] {dag.py:3954} INFO - Setting next_dagrun for example_python_decorator to None, run_after=None
[2025-04-21T18:52:05.943+0000] {processor.py:183} INFO - Processing /home/airflow/.local/lib/python3.12/site-packages/airflow/example_dags/example_python_decorator.py took 0.128 seconds
[2025-04-21T18:52:36.699+0000] {processor.py:161} INFO - Started process (PID=93695) to work on /home/airflow/.local/lib/python3.12/site-packages/airflow/example_dags/example_python_decorator.py
[2025-04-21T18:52:36.700+0000] {processor.py:830} INFO - Processing file /home/airflow/.local/lib/python3.12/site-packages/airflow/example_dags/example_python_decorator.py for tasks to queue
[2025-04-21T18:52:36.701+0000] {logging_mixin.py:188} INFO - [2025-04-21T18:52:36.701+0000] {dagbag.py:545} INFO - Filling up the DagBag from /home/airflow/.local/lib/python3.12/site-packages/airflow/example_dags/example_python_decorator.py
[2025-04-21T18:52:36.707+0000] {processor.py:840} INFO - DAG(s) 'example_python_decorator' retrieved from /home/airflow/.local/lib/python3.12/site-packages/airflow/example_dags/example_python_decorator.py
[2025-04-21T18:52:36.717+0000] {logging_mixin.py:188} INFO - [2025-04-21T18:52:36.717+0000] {dag.py:3096} INFO - Sync 1 DAGs
[2025-04-21T18:52:36.723+0000] {logging_mixin.py:188} INFO - [2025-04-21T18:52:36.723+0000] {dag.py:3954} INFO - Setting next_dagrun for example_python_decorator to None, run_after=None
[2025-04-21T18:52:36.800+0000] {processor.py:183} INFO - Processing /home/airflow/.local/lib/python3.12/site-packages/airflow/example_dags/example_python_decorator.py took 0.105 seconds
[2025-04-21T18:57:48.585+0000] {processor.py:161} INFO - Started process (PID=93755) to work on /home/airflow/.local/lib/python3.12/site-packages/airflow/example_dags/example_python_decorator.py
[2025-04-21T18:57:48.585+0000] {processor.py:830} INFO - Processing file /home/airflow/.local/lib/python3.12/site-packages/airflow/example_dags/example_python_decorator.py for tasks to queue
[2025-04-21T18:57:48.586+0000] {logging_mixin.py:188} INFO - [2025-04-21T18:57:48.586+0000] {dagbag.py:545} INFO - Filling up the DagBag from /home/airflow/.local/lib/python3.12/site-packages/airflow/example_dags/example_python_decorator.py
[2025-04-21T18:57:48.592+0000] {processor.py:840} INFO - DAG(s) 'example_python_decorator' retrieved from /home/airflow/.local/lib/python3.12/site-packages/airflow/example_dags/example_python_decorator.py
[2025-04-21T18:57:48.605+0000] {logging_mixin.py:188} INFO - [2025-04-21T18:57:48.604+0000] {dag.py:3096} INFO - Sync 1 DAGs
[2025-04-21T18:57:48.611+0000] {logging_mixin.py:188} INFO - [2025-04-21T18:57:48.611+0000] {dag.py:3954} INFO - Setting next_dagrun for example_python_decorator to None, run_after=None
[2025-04-21T18:57:48.620+0000] {processor.py:183} INFO - Processing /home/airflow/.local/lib/python3.12/site-packages/airflow/example_dags/example_python_decorator.py took 0.039 seconds
[2025-04-21T20:03:23.551+0000] {processor.py:161} INFO - Started process (PID=93815) to work on /home/airflow/.local/lib/python3.12/site-packages/airflow/example_dags/example_python_decorator.py
[2025-04-21T20:03:23.551+0000] {processor.py:830} INFO - Processing file /home/airflow/.local/lib/python3.12/site-packages/airflow/example_dags/example_python_decorator.py for tasks to queue
[2025-04-21T20:03:23.553+0000] {logging_mixin.py:188} INFO - [2025-04-21T20:03:23.553+0000] {dagbag.py:545} INFO - Filling up the DagBag from /home/airflow/.local/lib/python3.12/site-packages/airflow/example_dags/example_python_decorator.py
[2025-04-21T20:03:23.559+0000] {processor.py:840} INFO - DAG(s) 'example_python_decorator' retrieved from /home/airflow/.local/lib/python3.12/site-packages/airflow/example_dags/example_python_decorator.py
[2025-04-21T20:03:23.569+0000] {logging_mixin.py:188} INFO - [2025-04-21T20:03:23.569+0000] {dag.py:3096} INFO - Sync 1 DAGs
[2025-04-21T20:03:23.575+0000] {logging_mixin.py:188} INFO - [2025-04-21T20:03:23.575+0000] {dag.py:3954} INFO - Setting next_dagrun for example_python_decorator to None, run_after=None
[2025-04-21T20:03:23.585+0000] {processor.py:183} INFO - Processing /home/airflow/.local/lib/python3.12/site-packages/airflow/example_dags/example_python_decorator.py took 0.038 seconds
[2025-04-21T20:15:53.151+0000] {processor.py:161} INFO - Started process (PID=93875) to work on /home/airflow/.local/lib/python3.12/site-packages/airflow/example_dags/example_python_decorator.py
[2025-04-21T20:15:53.151+0000] {processor.py:830} INFO - Processing file /home/airflow/.local/lib/python3.12/site-packages/airflow/example_dags/example_python_decorator.py for tasks to queue
[2025-04-21T20:15:53.152+0000] {logging_mixin.py:188} INFO - [2025-04-21T20:15:53.152+0000] {dagbag.py:545} INFO - Filling up the DagBag from /home/airflow/.local/lib/python3.12/site-packages/airflow/example_dags/example_python_decorator.py
[2025-04-21T20:15:53.158+0000] {processor.py:840} INFO - DAG(s) 'example_python_decorator' retrieved from /home/airflow/.local/lib/python3.12/site-packages/airflow/example_dags/example_python_decorator.py
[2025-04-21T20:15:53.167+0000] {logging_mixin.py:188} INFO - [2025-04-21T20:15:53.167+0000] {dag.py:3096} INFO - Sync 1 DAGs
[2025-04-21T20:15:53.172+0000] {logging_mixin.py:188} INFO - [2025-04-21T20:15:53.172+0000] {dag.py:3954} INFO - Setting next_dagrun for example_python_decorator to None, run_after=None
[2025-04-21T20:15:53.180+0000] {processor.py:183} INFO - Processing /home/airflow/.local/lib/python3.12/site-packages/airflow/example_dags/example_python_decorator.py took 0.032 seconds
[2025-04-21T20:21:06.465+0000] {processor.py:161} INFO - Started process (PID=93935) to work on /home/airflow/.local/lib/python3.12/site-packages/airflow/example_dags/example_python_decorator.py
[2025-04-21T20:21:06.466+0000] {processor.py:830} INFO - Processing file /home/airflow/.local/lib/python3.12/site-packages/airflow/example_dags/example_python_decorator.py for tasks to queue
[2025-04-21T20:21:06.467+0000] {logging_mixin.py:188} INFO - [2025-04-21T20:21:06.467+0000] {dagbag.py:545} INFO - Filling up the DagBag from /home/airflow/.local/lib/python3.12/site-packages/airflow/example_dags/example_python_decorator.py
[2025-04-21T20:21:06.474+0000] {processor.py:840} INFO - DAG(s) 'example_python_decorator' retrieved from /home/airflow/.local/lib/python3.12/site-packages/airflow/example_dags/example_python_decorator.py
[2025-04-21T20:21:06.493+0000] {logging_mixin.py:188} INFO - [2025-04-21T20:21:06.493+0000] {dag.py:3096} INFO - Sync 1 DAGs
[2025-04-21T20:21:06.506+0000] {logging_mixin.py:188} INFO - [2025-04-21T20:21:06.506+0000] {dag.py:3954} INFO - Setting next_dagrun for example_python_decorator to None, run_after=None
[2025-04-21T20:21:06.518+0000] {processor.py:183} INFO - Processing /home/airflow/.local/lib/python3.12/site-packages/airflow/example_dags/example_python_decorator.py took 0.055 seconds
[2025-04-21T20:22:20.547+0000] {processor.py:161} INFO - Started process (PID=93995) to work on /home/airflow/.local/lib/python3.12/site-packages/airflow/example_dags/example_python_decorator.py
[2025-04-21T20:22:20.547+0000] {processor.py:830} INFO - Processing file /home/airflow/.local/lib/python3.12/site-packages/airflow/example_dags/example_python_decorator.py for tasks to queue
[2025-04-21T20:22:20.548+0000] {logging_mixin.py:188} INFO - [2025-04-21T20:22:20.548+0000] {dagbag.py:545} INFO - Filling up the DagBag from /home/airflow/.local/lib/python3.12/site-packages/airflow/example_dags/example_python_decorator.py
[2025-04-21T20:22:20.554+0000] {processor.py:840} INFO - DAG(s) 'example_python_decorator' retrieved from /home/airflow/.local/lib/python3.12/site-packages/airflow/example_dags/example_python_decorator.py
[2025-04-21T20:22:20.564+0000] {logging_mixin.py:188} INFO - [2025-04-21T20:22:20.564+0000] {dag.py:3096} INFO - Sync 1 DAGs
[2025-04-21T20:22:20.569+0000] {logging_mixin.py:188} INFO - [2025-04-21T20:22:20.569+0000] {dag.py:3954} INFO - Setting next_dagrun for example_python_decorator to None, run_after=None
[2025-04-21T20:22:20.577+0000] {processor.py:183} INFO - Processing /home/airflow/.local/lib/python3.12/site-packages/airflow/example_dags/example_python_decorator.py took 0.033 seconds
[2025-04-21T20:27:34.038+0000] {processor.py:161} INFO - Started process (PID=94055) to work on /home/airflow/.local/lib/python3.12/site-packages/airflow/example_dags/example_python_decorator.py
[2025-04-21T20:27:34.039+0000] {processor.py:830} INFO - Processing file /home/airflow/.local/lib/python3.12/site-packages/airflow/example_dags/example_python_decorator.py for tasks to queue
[2025-04-21T20:27:34.040+0000] {logging_mixin.py:188} INFO - [2025-04-21T20:27:34.040+0000] {dagbag.py:545} INFO - Filling up the DagBag from /home/airflow/.local/lib/python3.12/site-packages/airflow/example_dags/example_python_decorator.py
[2025-04-21T20:27:34.048+0000] {processor.py:840} INFO - DAG(s) 'example_python_decorator' retrieved from /home/airflow/.local/lib/python3.12/site-packages/airflow/example_dags/example_python_decorator.py
[2025-04-21T20:27:34.062+0000] {logging_mixin.py:188} INFO - [2025-04-21T20:27:34.062+0000] {dag.py:3096} INFO - Sync 1 DAGs
[2025-04-21T20:27:34.067+0000] {logging_mixin.py:188} INFO - [2025-04-21T20:27:34.067+0000] {dag.py:3954} INFO - Setting next_dagrun for example_python_decorator to None, run_after=None
[2025-04-21T20:27:34.075+0000] {processor.py:183} INFO - Processing /home/airflow/.local/lib/python3.12/site-packages/airflow/example_dags/example_python_decorator.py took 0.040 seconds
[2025-04-21T20:29:31.384+0000] {processor.py:161} INFO - Started process (PID=94115) to work on /home/airflow/.local/lib/python3.12/site-packages/airflow/example_dags/example_python_decorator.py
[2025-04-21T20:29:31.385+0000] {processor.py:830} INFO - Processing file /home/airflow/.local/lib/python3.12/site-packages/airflow/example_dags/example_python_decorator.py for tasks to queue
[2025-04-21T20:29:31.386+0000] {logging_mixin.py:188} INFO - [2025-04-21T20:29:31.385+0000] {dagbag.py:545} INFO - Filling up the DagBag from /home/airflow/.local/lib/python3.12/site-packages/airflow/example_dags/example_python_decorator.py
[2025-04-21T20:29:31.391+0000] {processor.py:840} INFO - DAG(s) 'example_python_decorator' retrieved from /home/airflow/.local/lib/python3.12/site-packages/airflow/example_dags/example_python_decorator.py
[2025-04-21T20:29:31.401+0000] {logging_mixin.py:188} INFO - [2025-04-21T20:29:31.401+0000] {dag.py:3096} INFO - Sync 1 DAGs
[2025-04-21T20:29:31.406+0000] {logging_mixin.py:188} INFO - [2025-04-21T20:29:31.406+0000] {dag.py:3954} INFO - Setting next_dagrun for example_python_decorator to None, run_after=None
[2025-04-21T20:29:31.413+0000] {processor.py:183} INFO - Processing /home/airflow/.local/lib/python3.12/site-packages/airflow/example_dags/example_python_decorator.py took 0.032 seconds
[2025-04-21T20:30:50.814+0000] {processor.py:161} INFO - Started process (PID=94175) to work on /home/airflow/.local/lib/python3.12/site-packages/airflow/example_dags/example_python_decorator.py
[2025-04-21T20:30:50.814+0000] {processor.py:830} INFO - Processing file /home/airflow/.local/lib/python3.12/site-packages/airflow/example_dags/example_python_decorator.py for tasks to queue
[2025-04-21T20:30:50.815+0000] {logging_mixin.py:188} INFO - [2025-04-21T20:30:50.815+0000] {dagbag.py:545} INFO - Filling up the DagBag from /home/airflow/.local/lib/python3.12/site-packages/airflow/example_dags/example_python_decorator.py
[2025-04-21T20:30:50.821+0000] {processor.py:840} INFO - DAG(s) 'example_python_decorator' retrieved from /home/airflow/.local/lib/python3.12/site-packages/airflow/example_dags/example_python_decorator.py
[2025-04-21T20:30:50.831+0000] {logging_mixin.py:188} INFO - [2025-04-21T20:30:50.831+0000] {dag.py:3096} INFO - Sync 1 DAGs
[2025-04-21T20:30:50.837+0000] {logging_mixin.py:188} INFO - [2025-04-21T20:30:50.837+0000] {dag.py:3954} INFO - Setting next_dagrun for example_python_decorator to None, run_after=None
[2025-04-21T20:30:50.845+0000] {processor.py:183} INFO - Processing /home/airflow/.local/lib/python3.12/site-packages/airflow/example_dags/example_python_decorator.py took 0.034 seconds
[2025-04-21T20:31:32.132+0000] {processor.py:161} INFO - Started process (PID=94235) to work on /home/airflow/.local/lib/python3.12/site-packages/airflow/example_dags/example_python_decorator.py
[2025-04-21T20:31:32.133+0000] {processor.py:830} INFO - Processing file /home/airflow/.local/lib/python3.12/site-packages/airflow/example_dags/example_python_decorator.py for tasks to queue
[2025-04-21T20:31:32.133+0000] {logging_mixin.py:188} INFO - [2025-04-21T20:31:32.133+0000] {dagbag.py:545} INFO - Filling up the DagBag from /home/airflow/.local/lib/python3.12/site-packages/airflow/example_dags/example_python_decorator.py
[2025-04-21T20:31:32.139+0000] {processor.py:840} INFO - DAG(s) 'example_python_decorator' retrieved from /home/airflow/.local/lib/python3.12/site-packages/airflow/example_dags/example_python_decorator.py
[2025-04-21T20:31:32.149+0000] {logging_mixin.py:188} INFO - [2025-04-21T20:31:32.149+0000] {dag.py:3096} INFO - Sync 1 DAGs
[2025-04-21T20:31:32.154+0000] {logging_mixin.py:188} INFO - [2025-04-21T20:31:32.154+0000] {dag.py:3954} INFO - Setting next_dagrun for example_python_decorator to None, run_after=None
[2025-04-21T20:31:32.162+0000] {processor.py:183} INFO - Processing /home/airflow/.local/lib/python3.12/site-packages/airflow/example_dags/example_python_decorator.py took 0.032 seconds
[2025-04-21T20:32:07.368+0000] {processor.py:161} INFO - Started process (PID=94295) to work on /home/airflow/.local/lib/python3.12/site-packages/airflow/example_dags/example_python_decorator.py
[2025-04-21T20:32:07.368+0000] {processor.py:830} INFO - Processing file /home/airflow/.local/lib/python3.12/site-packages/airflow/example_dags/example_python_decorator.py for tasks to queue
[2025-04-21T20:32:07.369+0000] {logging_mixin.py:188} INFO - [2025-04-21T20:32:07.369+0000] {dagbag.py:545} INFO - Filling up the DagBag from /home/airflow/.local/lib/python3.12/site-packages/airflow/example_dags/example_python_decorator.py
[2025-04-21T20:32:07.375+0000] {processor.py:840} INFO - DAG(s) 'example_python_decorator' retrieved from /home/airflow/.local/lib/python3.12/site-packages/airflow/example_dags/example_python_decorator.py
[2025-04-21T20:32:07.386+0000] {logging_mixin.py:188} INFO - [2025-04-21T20:32:07.386+0000] {dag.py:3096} INFO - Sync 1 DAGs
[2025-04-21T20:32:07.392+0000] {logging_mixin.py:188} INFO - [2025-04-21T20:32:07.392+0000] {dag.py:3954} INFO - Setting next_dagrun for example_python_decorator to None, run_after=None
[2025-04-21T20:32:07.399+0000] {processor.py:183} INFO - Processing /home/airflow/.local/lib/python3.12/site-packages/airflow/example_dags/example_python_decorator.py took 0.034 seconds
[2025-04-21T20:33:32.162+0000] {processor.py:161} INFO - Started process (PID=94355) to work on /home/airflow/.local/lib/python3.12/site-packages/airflow/example_dags/example_python_decorator.py
[2025-04-21T20:33:32.162+0000] {processor.py:830} INFO - Processing file /home/airflow/.local/lib/python3.12/site-packages/airflow/example_dags/example_python_decorator.py for tasks to queue
[2025-04-21T20:33:32.163+0000] {logging_mixin.py:188} INFO - [2025-04-21T20:33:32.163+0000] {dagbag.py:545} INFO - Filling up the DagBag from /home/airflow/.local/lib/python3.12/site-packages/airflow/example_dags/example_python_decorator.py
[2025-04-21T20:33:32.169+0000] {processor.py:840} INFO - DAG(s) 'example_python_decorator' retrieved from /home/airflow/.local/lib/python3.12/site-packages/airflow/example_dags/example_python_decorator.py
[2025-04-21T20:33:32.179+0000] {logging_mixin.py:188} INFO - [2025-04-21T20:33:32.179+0000] {dag.py:3096} INFO - Sync 1 DAGs
[2025-04-21T20:33:32.184+0000] {logging_mixin.py:188} INFO - [2025-04-21T20:33:32.184+0000] {dag.py:3954} INFO - Setting next_dagrun for example_python_decorator to None, run_after=None
[2025-04-21T20:33:32.192+0000] {processor.py:183} INFO - Processing /home/airflow/.local/lib/python3.12/site-packages/airflow/example_dags/example_python_decorator.py took 0.033 seconds
[2025-04-21T20:34:54.459+0000] {processor.py:161} INFO - Started process (PID=94415) to work on /home/airflow/.local/lib/python3.12/site-packages/airflow/example_dags/example_python_decorator.py
[2025-04-21T20:34:54.459+0000] {processor.py:830} INFO - Processing file /home/airflow/.local/lib/python3.12/site-packages/airflow/example_dags/example_python_decorator.py for tasks to queue
[2025-04-21T20:34:54.460+0000] {logging_mixin.py:188} INFO - [2025-04-21T20:34:54.460+0000] {dagbag.py:545} INFO - Filling up the DagBag from /home/airflow/.local/lib/python3.12/site-packages/airflow/example_dags/example_python_decorator.py
[2025-04-21T20:34:54.467+0000] {processor.py:840} INFO - DAG(s) 'example_python_decorator' retrieved from /home/airflow/.local/lib/python3.12/site-packages/airflow/example_dags/example_python_decorator.py
[2025-04-21T20:34:54.478+0000] {logging_mixin.py:188} INFO - [2025-04-21T20:34:54.478+0000] {dag.py:3096} INFO - Sync 1 DAGs
[2025-04-21T20:34:54.484+0000] {logging_mixin.py:188} INFO - [2025-04-21T20:34:54.484+0000] {dag.py:3954} INFO - Setting next_dagrun for example_python_decorator to None, run_after=None
[2025-04-21T20:34:54.495+0000] {processor.py:183} INFO - Processing /home/airflow/.local/lib/python3.12/site-packages/airflow/example_dags/example_python_decorator.py took 0.039 seconds
[2025-04-21T20:36:07.818+0000] {processor.py:161} INFO - Started process (PID=94475) to work on /home/airflow/.local/lib/python3.12/site-packages/airflow/example_dags/example_python_decorator.py
[2025-04-21T20:36:07.818+0000] {processor.py:830} INFO - Processing file /home/airflow/.local/lib/python3.12/site-packages/airflow/example_dags/example_python_decorator.py for tasks to queue
[2025-04-21T20:36:07.819+0000] {logging_mixin.py:188} INFO - [2025-04-21T20:36:07.819+0000] {dagbag.py:545} INFO - Filling up the DagBag from /home/airflow/.local/lib/python3.12/site-packages/airflow/example_dags/example_python_decorator.py
[2025-04-21T20:36:07.825+0000] {processor.py:840} INFO - DAG(s) 'example_python_decorator' retrieved from /home/airflow/.local/lib/python3.12/site-packages/airflow/example_dags/example_python_decorator.py
[2025-04-21T20:36:07.835+0000] {logging_mixin.py:188} INFO - [2025-04-21T20:36:07.835+0000] {dag.py:3096} INFO - Sync 1 DAGs
[2025-04-21T20:36:07.840+0000] {logging_mixin.py:188} INFO - [2025-04-21T20:36:07.840+0000] {dag.py:3954} INFO - Setting next_dagrun for example_python_decorator to None, run_after=None
[2025-04-21T20:36:07.848+0000] {processor.py:183} INFO - Processing /home/airflow/.local/lib/python3.12/site-packages/airflow/example_dags/example_python_decorator.py took 0.033 seconds
[2025-04-21T20:37:29.291+0000] {processor.py:161} INFO - Started process (PID=94535) to work on /home/airflow/.local/lib/python3.12/site-packages/airflow/example_dags/example_python_decorator.py
[2025-04-21T20:37:29.292+0000] {processor.py:830} INFO - Processing file /home/airflow/.local/lib/python3.12/site-packages/airflow/example_dags/example_python_decorator.py for tasks to queue
[2025-04-21T20:37:29.293+0000] {logging_mixin.py:188} INFO - [2025-04-21T20:37:29.292+0000] {dagbag.py:545} INFO - Filling up the DagBag from /home/airflow/.local/lib/python3.12/site-packages/airflow/example_dags/example_python_decorator.py
[2025-04-21T20:37:29.298+0000] {processor.py:840} INFO - DAG(s) 'example_python_decorator' retrieved from /home/airflow/.local/lib/python3.12/site-packages/airflow/example_dags/example_python_decorator.py
[2025-04-21T20:37:29.309+0000] {logging_mixin.py:188} INFO - [2025-04-21T20:37:29.309+0000] {dag.py:3096} INFO - Sync 1 DAGs
[2025-04-21T20:37:29.314+0000] {logging_mixin.py:188} INFO - [2025-04-21T20:37:29.314+0000] {dag.py:3954} INFO - Setting next_dagrun for example_python_decorator to None, run_after=None
[2025-04-21T20:37:29.322+0000] {processor.py:183} INFO - Processing /home/airflow/.local/lib/python3.12/site-packages/airflow/example_dags/example_python_decorator.py took 0.034 seconds
[2025-04-21T20:40:15.923+0000] {processor.py:161} INFO - Started process (PID=94595) to work on /home/airflow/.local/lib/python3.12/site-packages/airflow/example_dags/example_python_decorator.py
[2025-04-21T20:40:15.923+0000] {processor.py:830} INFO - Processing file /home/airflow/.local/lib/python3.12/site-packages/airflow/example_dags/example_python_decorator.py for tasks to queue
[2025-04-21T20:40:15.924+0000] {logging_mixin.py:188} INFO - [2025-04-21T20:40:15.924+0000] {dagbag.py:545} INFO - Filling up the DagBag from /home/airflow/.local/lib/python3.12/site-packages/airflow/example_dags/example_python_decorator.py
[2025-04-21T20:40:15.930+0000] {processor.py:840} INFO - DAG(s) 'example_python_decorator' retrieved from /home/airflow/.local/lib/python3.12/site-packages/airflow/example_dags/example_python_decorator.py
[2025-04-21T20:40:15.941+0000] {logging_mixin.py:188} INFO - [2025-04-21T20:40:15.940+0000] {dag.py:3096} INFO - Sync 1 DAGs
[2025-04-21T20:40:15.946+0000] {logging_mixin.py:188} INFO - [2025-04-21T20:40:15.946+0000] {dag.py:3954} INFO - Setting next_dagrun for example_python_decorator to None, run_after=None
[2025-04-21T20:40:15.958+0000] {processor.py:183} INFO - Processing /home/airflow/.local/lib/python3.12/site-packages/airflow/example_dags/example_python_decorator.py took 0.038 seconds
[2025-04-21T20:41:05.875+0000] {processor.py:161} INFO - Started process (PID=94655) to work on /home/airflow/.local/lib/python3.12/site-packages/airflow/example_dags/example_python_decorator.py
[2025-04-21T20:41:05.875+0000] {processor.py:830} INFO - Processing file /home/airflow/.local/lib/python3.12/site-packages/airflow/example_dags/example_python_decorator.py for tasks to queue
[2025-04-21T20:41:05.876+0000] {logging_mixin.py:188} INFO - [2025-04-21T20:41:05.876+0000] {dagbag.py:545} INFO - Filling up the DagBag from /home/airflow/.local/lib/python3.12/site-packages/airflow/example_dags/example_python_decorator.py
[2025-04-21T20:41:05.881+0000] {processor.py:840} INFO - DAG(s) 'example_python_decorator' retrieved from /home/airflow/.local/lib/python3.12/site-packages/airflow/example_dags/example_python_decorator.py
[2025-04-21T20:41:05.892+0000] {logging_mixin.py:188} INFO - [2025-04-21T20:41:05.891+0000] {dag.py:3096} INFO - Sync 1 DAGs
[2025-04-21T20:41:05.897+0000] {logging_mixin.py:188} INFO - [2025-04-21T20:41:05.896+0000] {dag.py:3954} INFO - Setting next_dagrun for example_python_decorator to None, run_after=None
[2025-04-21T20:41:05.904+0000] {processor.py:183} INFO - Processing /home/airflow/.local/lib/python3.12/site-packages/airflow/example_dags/example_python_decorator.py took 0.032 seconds
[2025-04-21T20:41:48.625+0000] {processor.py:161} INFO - Started process (PID=94715) to work on /home/airflow/.local/lib/python3.12/site-packages/airflow/example_dags/example_python_decorator.py
[2025-04-21T20:41:48.626+0000] {processor.py:830} INFO - Processing file /home/airflow/.local/lib/python3.12/site-packages/airflow/example_dags/example_python_decorator.py for tasks to queue
[2025-04-21T20:41:48.627+0000] {logging_mixin.py:188} INFO - [2025-04-21T20:41:48.626+0000] {dagbag.py:545} INFO - Filling up the DagBag from /home/airflow/.local/lib/python3.12/site-packages/airflow/example_dags/example_python_decorator.py
[2025-04-21T20:41:48.632+0000] {processor.py:840} INFO - DAG(s) 'example_python_decorator' retrieved from /home/airflow/.local/lib/python3.12/site-packages/airflow/example_dags/example_python_decorator.py
[2025-04-21T20:41:48.642+0000] {logging_mixin.py:188} INFO - [2025-04-21T20:41:48.642+0000] {dag.py:3096} INFO - Sync 1 DAGs
[2025-04-21T20:41:48.648+0000] {logging_mixin.py:188} INFO - [2025-04-21T20:41:48.648+0000] {dag.py:3954} INFO - Setting next_dagrun for example_python_decorator to None, run_after=None
[2025-04-21T20:41:48.656+0000] {processor.py:183} INFO - Processing /home/airflow/.local/lib/python3.12/site-packages/airflow/example_dags/example_python_decorator.py took 0.033 seconds
[2025-04-21T20:42:33.744+0000] {processor.py:161} INFO - Started process (PID=94775) to work on /home/airflow/.local/lib/python3.12/site-packages/airflow/example_dags/example_python_decorator.py
[2025-04-21T20:42:33.745+0000] {processor.py:830} INFO - Processing file /home/airflow/.local/lib/python3.12/site-packages/airflow/example_dags/example_python_decorator.py for tasks to queue
[2025-04-21T20:42:33.745+0000] {logging_mixin.py:188} INFO - [2025-04-21T20:42:33.745+0000] {dagbag.py:545} INFO - Filling up the DagBag from /home/airflow/.local/lib/python3.12/site-packages/airflow/example_dags/example_python_decorator.py
[2025-04-21T20:42:33.751+0000] {processor.py:840} INFO - DAG(s) 'example_python_decorator' retrieved from /home/airflow/.local/lib/python3.12/site-packages/airflow/example_dags/example_python_decorator.py
[2025-04-21T20:42:33.761+0000] {logging_mixin.py:188} INFO - [2025-04-21T20:42:33.761+0000] {dag.py:3096} INFO - Sync 1 DAGs
[2025-04-21T20:42:33.766+0000] {logging_mixin.py:188} INFO - [2025-04-21T20:42:33.766+0000] {dag.py:3954} INFO - Setting next_dagrun for example_python_decorator to None, run_after=None
[2025-04-21T20:42:33.774+0000] {processor.py:183} INFO - Processing /home/airflow/.local/lib/python3.12/site-packages/airflow/example_dags/example_python_decorator.py took 0.032 seconds
[2025-04-21T20:43:36.473+0000] {processor.py:161} INFO - Started process (PID=94835) to work on /home/airflow/.local/lib/python3.12/site-packages/airflow/example_dags/example_python_decorator.py
[2025-04-21T20:43:36.473+0000] {processor.py:830} INFO - Processing file /home/airflow/.local/lib/python3.12/site-packages/airflow/example_dags/example_python_decorator.py for tasks to queue
[2025-04-21T20:43:36.475+0000] {logging_mixin.py:188} INFO - [2025-04-21T20:43:36.475+0000] {dagbag.py:545} INFO - Filling up the DagBag from /home/airflow/.local/lib/python3.12/site-packages/airflow/example_dags/example_python_decorator.py
[2025-04-21T20:43:36.484+0000] {processor.py:840} INFO - DAG(s) 'example_python_decorator' retrieved from /home/airflow/.local/lib/python3.12/site-packages/airflow/example_dags/example_python_decorator.py
[2025-04-21T20:43:36.499+0000] {logging_mixin.py:188} INFO - [2025-04-21T20:43:36.499+0000] {dag.py:3096} INFO - Sync 1 DAGs
[2025-04-21T20:43:36.522+0000] {logging_mixin.py:188} INFO - [2025-04-21T20:43:36.522+0000] {dag.py:3954} INFO - Setting next_dagrun for example_python_decorator to None, run_after=None
[2025-04-21T20:43:36.532+0000] {processor.py:183} INFO - Processing /home/airflow/.local/lib/python3.12/site-packages/airflow/example_dags/example_python_decorator.py took 0.065 seconds
[2025-04-21T20:44:40.691+0000] {processor.py:161} INFO - Started process (PID=94895) to work on /home/airflow/.local/lib/python3.12/site-packages/airflow/example_dags/example_python_decorator.py
[2025-04-21T20:44:40.691+0000] {processor.py:830} INFO - Processing file /home/airflow/.local/lib/python3.12/site-packages/airflow/example_dags/example_python_decorator.py for tasks to queue
[2025-04-21T20:44:40.692+0000] {logging_mixin.py:188} INFO - [2025-04-21T20:44:40.692+0000] {dagbag.py:545} INFO - Filling up the DagBag from /home/airflow/.local/lib/python3.12/site-packages/airflow/example_dags/example_python_decorator.py
[2025-04-21T20:44:40.698+0000] {processor.py:840} INFO - DAG(s) 'example_python_decorator' retrieved from /home/airflow/.local/lib/python3.12/site-packages/airflow/example_dags/example_python_decorator.py
[2025-04-21T20:44:40.708+0000] {logging_mixin.py:188} INFO - [2025-04-21T20:44:40.708+0000] {dag.py:3096} INFO - Sync 1 DAGs
[2025-04-21T20:44:40.713+0000] {logging_mixin.py:188} INFO - [2025-04-21T20:44:40.713+0000] {dag.py:3954} INFO - Setting next_dagrun for example_python_decorator to None, run_after=None
[2025-04-21T20:44:40.720+0000] {processor.py:183} INFO - Processing /home/airflow/.local/lib/python3.12/site-packages/airflow/example_dags/example_python_decorator.py took 0.032 seconds
[2025-04-21T20:45:22.169+0000] {processor.py:161} INFO - Started process (PID=94955) to work on /home/airflow/.local/lib/python3.12/site-packages/airflow/example_dags/example_python_decorator.py
[2025-04-21T20:45:22.169+0000] {processor.py:830} INFO - Processing file /home/airflow/.local/lib/python3.12/site-packages/airflow/example_dags/example_python_decorator.py for tasks to queue
[2025-04-21T20:45:22.170+0000] {logging_mixin.py:188} INFO - [2025-04-21T20:45:22.170+0000] {dagbag.py:545} INFO - Filling up the DagBag from /home/airflow/.local/lib/python3.12/site-packages/airflow/example_dags/example_python_decorator.py
[2025-04-21T20:45:22.176+0000] {processor.py:840} INFO - DAG(s) 'example_python_decorator' retrieved from /home/airflow/.local/lib/python3.12/site-packages/airflow/example_dags/example_python_decorator.py
[2025-04-21T20:45:22.185+0000] {logging_mixin.py:188} INFO - [2025-04-21T20:45:22.185+0000] {dag.py:3096} INFO - Sync 1 DAGs
[2025-04-21T20:45:22.190+0000] {logging_mixin.py:188} INFO - [2025-04-21T20:45:22.190+0000] {dag.py:3954} INFO - Setting next_dagrun for example_python_decorator to None, run_after=None
[2025-04-21T20:45:22.198+0000] {processor.py:183} INFO - Processing /home/airflow/.local/lib/python3.12/site-packages/airflow/example_dags/example_python_decorator.py took 0.032 seconds
[2025-04-21T20:50:34.822+0000] {processor.py:161} INFO - Started process (PID=95015) to work on /home/airflow/.local/lib/python3.12/site-packages/airflow/example_dags/example_python_decorator.py
[2025-04-21T20:50:34.823+0000] {processor.py:830} INFO - Processing file /home/airflow/.local/lib/python3.12/site-packages/airflow/example_dags/example_python_decorator.py for tasks to queue
[2025-04-21T20:50:34.823+0000] {logging_mixin.py:188} INFO - [2025-04-21T20:50:34.823+0000] {dagbag.py:545} INFO - Filling up the DagBag from /home/airflow/.local/lib/python3.12/site-packages/airflow/example_dags/example_python_decorator.py
[2025-04-21T20:50:34.829+0000] {processor.py:840} INFO - DAG(s) 'example_python_decorator' retrieved from /home/airflow/.local/lib/python3.12/site-packages/airflow/example_dags/example_python_decorator.py
[2025-04-21T20:50:34.839+0000] {logging_mixin.py:188} INFO - [2025-04-21T20:50:34.839+0000] {dag.py:3096} INFO - Sync 1 DAGs
[2025-04-21T20:50:34.844+0000] {logging_mixin.py:188} INFO - [2025-04-21T20:50:34.844+0000] {dag.py:3954} INFO - Setting next_dagrun for example_python_decorator to None, run_after=None
[2025-04-21T20:50:34.852+0000] {processor.py:183} INFO - Processing /home/airflow/.local/lib/python3.12/site-packages/airflow/example_dags/example_python_decorator.py took 0.032 seconds
[2025-04-21T20:51:05.048+0000] {processor.py:161} INFO - Started process (PID=95073) to work on /home/airflow/.local/lib/python3.12/site-packages/airflow/example_dags/example_python_decorator.py
[2025-04-21T20:51:05.049+0000] {processor.py:830} INFO - Processing file /home/airflow/.local/lib/python3.12/site-packages/airflow/example_dags/example_python_decorator.py for tasks to queue
[2025-04-21T20:51:05.050+0000] {logging_mixin.py:188} INFO - [2025-04-21T20:51:05.050+0000] {dagbag.py:545} INFO - Filling up the DagBag from /home/airflow/.local/lib/python3.12/site-packages/airflow/example_dags/example_python_decorator.py
[2025-04-21T20:51:05.059+0000] {processor.py:840} INFO - DAG(s) 'example_python_decorator' retrieved from /home/airflow/.local/lib/python3.12/site-packages/airflow/example_dags/example_python_decorator.py
[2025-04-21T20:51:05.078+0000] {logging_mixin.py:188} INFO - [2025-04-21T20:51:05.078+0000] {dag.py:3096} INFO - Sync 1 DAGs
[2025-04-21T20:51:05.086+0000] {logging_mixin.py:188} INFO - [2025-04-21T20:51:05.086+0000] {dag.py:3954} INFO - Setting next_dagrun for example_python_decorator to None, run_after=None
[2025-04-21T20:51:05.098+0000] {processor.py:183} INFO - Processing /home/airflow/.local/lib/python3.12/site-packages/airflow/example_dags/example_python_decorator.py took 0.054 seconds
[2025-04-21T20:56:18.448+0000] {processor.py:161} INFO - Started process (PID=95135) to work on /home/airflow/.local/lib/python3.12/site-packages/airflow/example_dags/example_python_decorator.py
[2025-04-21T20:56:18.448+0000] {processor.py:830} INFO - Processing file /home/airflow/.local/lib/python3.12/site-packages/airflow/example_dags/example_python_decorator.py for tasks to queue
[2025-04-21T20:56:18.449+0000] {logging_mixin.py:188} INFO - [2025-04-21T20:56:18.449+0000] {dagbag.py:545} INFO - Filling up the DagBag from /home/airflow/.local/lib/python3.12/site-packages/airflow/example_dags/example_python_decorator.py
[2025-04-21T20:56:18.455+0000] {processor.py:840} INFO - DAG(s) 'example_python_decorator' retrieved from /home/airflow/.local/lib/python3.12/site-packages/airflow/example_dags/example_python_decorator.py
[2025-04-21T20:56:18.466+0000] {logging_mixin.py:188} INFO - [2025-04-21T20:56:18.466+0000] {dag.py:3096} INFO - Sync 1 DAGs
[2025-04-21T20:56:18.472+0000] {logging_mixin.py:188} INFO - [2025-04-21T20:56:18.471+0000] {dag.py:3954} INFO - Setting next_dagrun for example_python_decorator to None, run_after=None
[2025-04-21T20:56:18.479+0000] {processor.py:183} INFO - Processing /home/airflow/.local/lib/python3.12/site-packages/airflow/example_dags/example_python_decorator.py took 0.034 seconds
[2025-04-21T21:46:39.870+0000] {processor.py:161} INFO - Started process (PID=95195) to work on /home/airflow/.local/lib/python3.12/site-packages/airflow/example_dags/example_python_decorator.py
[2025-04-21T21:46:39.871+0000] {processor.py:830} INFO - Processing file /home/airflow/.local/lib/python3.12/site-packages/airflow/example_dags/example_python_decorator.py for tasks to queue
[2025-04-21T21:46:39.872+0000] {logging_mixin.py:188} INFO - [2025-04-21T21:46:39.871+0000] {dagbag.py:545} INFO - Filling up the DagBag from /home/airflow/.local/lib/python3.12/site-packages/airflow/example_dags/example_python_decorator.py
[2025-04-21T21:46:39.878+0000] {processor.py:840} INFO - DAG(s) 'example_python_decorator' retrieved from /home/airflow/.local/lib/python3.12/site-packages/airflow/example_dags/example_python_decorator.py
[2025-04-21T21:46:39.890+0000] {logging_mixin.py:188} INFO - [2025-04-21T21:46:39.890+0000] {dag.py:3096} INFO - Sync 1 DAGs
[2025-04-21T21:46:39.895+0000] {logging_mixin.py:188} INFO - [2025-04-21T21:46:39.895+0000] {dag.py:3954} INFO - Setting next_dagrun for example_python_decorator to None, run_after=None
[2025-04-21T21:46:39.903+0000] {processor.py:183} INFO - Processing /home/airflow/.local/lib/python3.12/site-packages/airflow/example_dags/example_python_decorator.py took 0.036 seconds
[2025-04-21T21:47:10.226+0000] {processor.py:161} INFO - Started process (PID=95253) to work on /home/airflow/.local/lib/python3.12/site-packages/airflow/example_dags/example_python_decorator.py
[2025-04-21T21:47:10.226+0000] {processor.py:830} INFO - Processing file /home/airflow/.local/lib/python3.12/site-packages/airflow/example_dags/example_python_decorator.py for tasks to queue
[2025-04-21T21:47:10.227+0000] {logging_mixin.py:188} INFO - [2025-04-21T21:47:10.227+0000] {dagbag.py:545} INFO - Filling up the DagBag from /home/airflow/.local/lib/python3.12/site-packages/airflow/example_dags/example_python_decorator.py
[2025-04-21T21:47:10.234+0000] {processor.py:840} INFO - DAG(s) 'example_python_decorator' retrieved from /home/airflow/.local/lib/python3.12/site-packages/airflow/example_dags/example_python_decorator.py
[2025-04-21T21:47:10.249+0000] {logging_mixin.py:188} INFO - [2025-04-21T21:47:10.249+0000] {dag.py:3096} INFO - Sync 1 DAGs
[2025-04-21T21:47:10.260+0000] {logging_mixin.py:188} INFO - [2025-04-21T21:47:10.260+0000] {dag.py:3954} INFO - Setting next_dagrun for example_python_decorator to None, run_after=None
[2025-04-21T21:47:10.270+0000] {processor.py:183} INFO - Processing /home/airflow/.local/lib/python3.12/site-packages/airflow/example_dags/example_python_decorator.py took 0.047 seconds
[2025-04-21T21:52:22.948+0000] {processor.py:161} INFO - Started process (PID=95315) to work on /home/airflow/.local/lib/python3.12/site-packages/airflow/example_dags/example_python_decorator.py
[2025-04-21T21:52:22.949+0000] {processor.py:830} INFO - Processing file /home/airflow/.local/lib/python3.12/site-packages/airflow/example_dags/example_python_decorator.py for tasks to queue
[2025-04-21T21:52:22.950+0000] {logging_mixin.py:188} INFO - [2025-04-21T21:52:22.950+0000] {dagbag.py:545} INFO - Filling up the DagBag from /home/airflow/.local/lib/python3.12/site-packages/airflow/example_dags/example_python_decorator.py
[2025-04-21T21:52:22.956+0000] {processor.py:840} INFO - DAG(s) 'example_python_decorator' retrieved from /home/airflow/.local/lib/python3.12/site-packages/airflow/example_dags/example_python_decorator.py
[2025-04-21T21:52:22.967+0000] {logging_mixin.py:188} INFO - [2025-04-21T21:52:22.967+0000] {dag.py:3096} INFO - Sync 1 DAGs
[2025-04-21T21:52:22.976+0000] {logging_mixin.py:188} INFO - [2025-04-21T21:52:22.976+0000] {dag.py:3954} INFO - Setting next_dagrun for example_python_decorator to None, run_after=None
[2025-04-21T21:52:22.985+0000] {processor.py:183} INFO - Processing /home/airflow/.local/lib/python3.12/site-packages/airflow/example_dags/example_python_decorator.py took 0.040 seconds
[2025-04-21T21:57:35.617+0000] {processor.py:161} INFO - Started process (PID=95375) to work on /home/airflow/.local/lib/python3.12/site-packages/airflow/example_dags/example_python_decorator.py
[2025-04-21T21:57:35.617+0000] {processor.py:830} INFO - Processing file /home/airflow/.local/lib/python3.12/site-packages/airflow/example_dags/example_python_decorator.py for tasks to queue
[2025-04-21T21:57:35.618+0000] {logging_mixin.py:188} INFO - [2025-04-21T21:57:35.618+0000] {dagbag.py:545} INFO - Filling up the DagBag from /home/airflow/.local/lib/python3.12/site-packages/airflow/example_dags/example_python_decorator.py
[2025-04-21T21:57:35.624+0000] {processor.py:840} INFO - DAG(s) 'example_python_decorator' retrieved from /home/airflow/.local/lib/python3.12/site-packages/airflow/example_dags/example_python_decorator.py
[2025-04-21T21:57:35.634+0000] {logging_mixin.py:188} INFO - [2025-04-21T21:57:35.634+0000] {dag.py:3096} INFO - Sync 1 DAGs
[2025-04-21T21:57:35.640+0000] {logging_mixin.py:188} INFO - [2025-04-21T21:57:35.640+0000] {dag.py:3954} INFO - Setting next_dagrun for example_python_decorator to None, run_after=None
[2025-04-21T21:57:35.651+0000] {processor.py:183} INFO - Processing /home/airflow/.local/lib/python3.12/site-packages/airflow/example_dags/example_python_decorator.py took 0.037 seconds
[2025-04-21T22:02:48.365+0000] {processor.py:161} INFO - Started process (PID=95435) to work on /home/airflow/.local/lib/python3.12/site-packages/airflow/example_dags/example_python_decorator.py
[2025-04-21T22:02:48.366+0000] {processor.py:830} INFO - Processing file /home/airflow/.local/lib/python3.12/site-packages/airflow/example_dags/example_python_decorator.py for tasks to queue
[2025-04-21T22:02:48.367+0000] {logging_mixin.py:188} INFO - [2025-04-21T22:02:48.367+0000] {dagbag.py:545} INFO - Filling up the DagBag from /home/airflow/.local/lib/python3.12/site-packages/airflow/example_dags/example_python_decorator.py
[2025-04-21T22:02:48.375+0000] {processor.py:840} INFO - DAG(s) 'example_python_decorator' retrieved from /home/airflow/.local/lib/python3.12/site-packages/airflow/example_dags/example_python_decorator.py
[2025-04-21T22:02:48.394+0000] {logging_mixin.py:188} INFO - [2025-04-21T22:02:48.393+0000] {dag.py:3096} INFO - Sync 1 DAGs
[2025-04-21T22:02:48.405+0000] {logging_mixin.py:188} INFO - [2025-04-21T22:02:48.405+0000] {dag.py:3954} INFO - Setting next_dagrun for example_python_decorator to None, run_after=None
[2025-04-21T22:02:48.443+0000] {processor.py:183} INFO - Processing /home/airflow/.local/lib/python3.12/site-packages/airflow/example_dags/example_python_decorator.py took 0.083 seconds
[2025-04-21T22:03:19.240+0000] {processor.py:161} INFO - Started process (PID=95493) to work on /home/airflow/.local/lib/python3.12/site-packages/airflow/example_dags/example_python_decorator.py
[2025-04-21T22:03:19.241+0000] {processor.py:830} INFO - Processing file /home/airflow/.local/lib/python3.12/site-packages/airflow/example_dags/example_python_decorator.py for tasks to queue
[2025-04-21T22:03:19.242+0000] {logging_mixin.py:188} INFO - [2025-04-21T22:03:19.242+0000] {dagbag.py:545} INFO - Filling up the DagBag from /home/airflow/.local/lib/python3.12/site-packages/airflow/example_dags/example_python_decorator.py
[2025-04-21T22:03:19.250+0000] {processor.py:840} INFO - DAG(s) 'example_python_decorator' retrieved from /home/airflow/.local/lib/python3.12/site-packages/airflow/example_dags/example_python_decorator.py
[2025-04-21T22:03:19.271+0000] {logging_mixin.py:188} INFO - [2025-04-21T22:03:19.271+0000] {dag.py:3096} INFO - Sync 1 DAGs
[2025-04-21T22:03:19.277+0000] {logging_mixin.py:188} INFO - [2025-04-21T22:03:19.277+0000] {dag.py:3954} INFO - Setting next_dagrun for example_python_decorator to None, run_after=None
[2025-04-21T22:03:19.285+0000] {processor.py:183} INFO - Processing /home/airflow/.local/lib/python3.12/site-packages/airflow/example_dags/example_python_decorator.py took 0.050 seconds
[2025-04-21T22:11:05.205+0000] {processor.py:161} INFO - Started process (PID=95555) to work on /home/airflow/.local/lib/python3.12/site-packages/airflow/example_dags/example_python_decorator.py
[2025-04-21T22:11:05.205+0000] {processor.py:830} INFO - Processing file /home/airflow/.local/lib/python3.12/site-packages/airflow/example_dags/example_python_decorator.py for tasks to queue
[2025-04-21T22:11:05.206+0000] {logging_mixin.py:188} INFO - [2025-04-21T22:11:05.206+0000] {dagbag.py:545} INFO - Filling up the DagBag from /home/airflow/.local/lib/python3.12/site-packages/airflow/example_dags/example_python_decorator.py
[2025-04-21T22:11:05.213+0000] {processor.py:840} INFO - DAG(s) 'example_python_decorator' retrieved from /home/airflow/.local/lib/python3.12/site-packages/airflow/example_dags/example_python_decorator.py
[2025-04-21T22:11:05.223+0000] {logging_mixin.py:188} INFO - [2025-04-21T22:11:05.223+0000] {dag.py:3096} INFO - Sync 1 DAGs
[2025-04-21T22:11:05.228+0000] {logging_mixin.py:188} INFO - [2025-04-21T22:11:05.228+0000] {dag.py:3954} INFO - Setting next_dagrun for example_python_decorator to None, run_after=None
[2025-04-21T22:11:05.236+0000] {processor.py:183} INFO - Processing /home/airflow/.local/lib/python3.12/site-packages/airflow/example_dags/example_python_decorator.py took 0.035 seconds
[2025-04-21T22:16:18.309+0000] {processor.py:161} INFO - Started process (PID=95615) to work on /home/airflow/.local/lib/python3.12/site-packages/airflow/example_dags/example_python_decorator.py
[2025-04-21T22:16:18.310+0000] {processor.py:830} INFO - Processing file /home/airflow/.local/lib/python3.12/site-packages/airflow/example_dags/example_python_decorator.py for tasks to queue
[2025-04-21T22:16:18.311+0000] {logging_mixin.py:188} INFO - [2025-04-21T22:16:18.311+0000] {dagbag.py:545} INFO - Filling up the DagBag from /home/airflow/.local/lib/python3.12/site-packages/airflow/example_dags/example_python_decorator.py
[2025-04-21T22:16:18.317+0000] {processor.py:840} INFO - DAG(s) 'example_python_decorator' retrieved from /home/airflow/.local/lib/python3.12/site-packages/airflow/example_dags/example_python_decorator.py
[2025-04-21T22:16:18.327+0000] {logging_mixin.py:188} INFO - [2025-04-21T22:16:18.327+0000] {dag.py:3096} INFO - Sync 1 DAGs
[2025-04-21T22:16:18.332+0000] {logging_mixin.py:188} INFO - [2025-04-21T22:16:18.332+0000] {dag.py:3954} INFO - Setting next_dagrun for example_python_decorator to None, run_after=None
[2025-04-21T22:16:18.340+0000] {processor.py:183} INFO - Processing /home/airflow/.local/lib/python3.12/site-packages/airflow/example_dags/example_python_decorator.py took 0.034 seconds
[2025-04-21T22:34:09.728+0000] {processor.py:161} INFO - Started process (PID=95675) to work on /home/airflow/.local/lib/python3.12/site-packages/airflow/example_dags/example_python_decorator.py
[2025-04-21T22:34:09.729+0000] {processor.py:830} INFO - Processing file /home/airflow/.local/lib/python3.12/site-packages/airflow/example_dags/example_python_decorator.py for tasks to queue
[2025-04-21T22:34:09.730+0000] {logging_mixin.py:188} INFO - [2025-04-21T22:34:09.729+0000] {dagbag.py:545} INFO - Filling up the DagBag from /home/airflow/.local/lib/python3.12/site-packages/airflow/example_dags/example_python_decorator.py
[2025-04-21T22:34:09.735+0000] {processor.py:840} INFO - DAG(s) 'example_python_decorator' retrieved from /home/airflow/.local/lib/python3.12/site-packages/airflow/example_dags/example_python_decorator.py
[2025-04-21T22:34:09.746+0000] {logging_mixin.py:188} INFO - [2025-04-21T22:34:09.745+0000] {dag.py:3096} INFO - Sync 1 DAGs
[2025-04-21T22:34:09.751+0000] {logging_mixin.py:188} INFO - [2025-04-21T22:34:09.751+0000] {dag.py:3954} INFO - Setting next_dagrun for example_python_decorator to None, run_after=None
[2025-04-21T22:34:09.761+0000] {processor.py:183} INFO - Processing /home/airflow/.local/lib/python3.12/site-packages/airflow/example_dags/example_python_decorator.py took 0.038 seconds
[2025-04-21T22:39:22.332+0000] {processor.py:161} INFO - Started process (PID=95735) to work on /home/airflow/.local/lib/python3.12/site-packages/airflow/example_dags/example_python_decorator.py
[2025-04-21T22:39:22.332+0000] {processor.py:830} INFO - Processing file /home/airflow/.local/lib/python3.12/site-packages/airflow/example_dags/example_python_decorator.py for tasks to queue
[2025-04-21T22:39:22.333+0000] {logging_mixin.py:188} INFO - [2025-04-21T22:39:22.333+0000] {dagbag.py:545} INFO - Filling up the DagBag from /home/airflow/.local/lib/python3.12/site-packages/airflow/example_dags/example_python_decorator.py
[2025-04-21T22:39:22.339+0000] {processor.py:840} INFO - DAG(s) 'example_python_decorator' retrieved from /home/airflow/.local/lib/python3.12/site-packages/airflow/example_dags/example_python_decorator.py
[2025-04-21T22:39:22.349+0000] {logging_mixin.py:188} INFO - [2025-04-21T22:39:22.349+0000] {dag.py:3096} INFO - Sync 1 DAGs
[2025-04-21T22:39:22.354+0000] {logging_mixin.py:188} INFO - [2025-04-21T22:39:22.354+0000] {dag.py:3954} INFO - Setting next_dagrun for example_python_decorator to None, run_after=None
[2025-04-21T22:39:22.362+0000] {processor.py:183} INFO - Processing /home/airflow/.local/lib/python3.12/site-packages/airflow/example_dags/example_python_decorator.py took 0.033 seconds
