[2025-04-21T00:38:24.354+0000] {processor.py:161} INFO - Started process (PID=91373) to work on /home/airflow/.local/lib/python3.12/site-packages/airflow/example_dags/example_display_name.py
[2025-04-21T00:38:24.356+0000] {processor.py:830} INFO - Processing file /home/airflow/.local/lib/python3.12/site-packages/airflow/example_dags/example_display_name.py for tasks to queue
[2025-04-21T00:38:24.358+0000] {logging_mixin.py:188} INFO - [2025-04-21T00:38:24.358+0000] {dagbag.py:545} INFO - Filling up the DagBag from /home/airflow/.local/lib/python3.12/site-packages/airflow/example_dags/example_display_name.py
[2025-04-21T00:38:24.362+0000] {processor.py:840} INFO - DAG(s) 'example_display_name' retrieved from /home/airflow/.local/lib/python3.12/site-packages/airflow/example_dags/example_display_name.py
[2025-04-21T00:38:24.376+0000] {logging_mixin.py:188} INFO - [2025-04-21T00:38:24.376+0000] {dag.py:3096} INFO - Sync 1 DAGs
[2025-04-21T00:38:24.384+0000] {logging_mixin.py:188} INFO - [2025-04-21T00:38:24.383+0000] {dag.py:3954} INFO - Setting next_dagrun for example_display_name to None, run_after=None
[2025-04-21T00:38:24.397+0000] {processor.py:183} INFO - Processing /home/airflow/.local/lib/python3.12/site-packages/airflow/example_dags/example_display_name.py took 0.054 seconds
[2025-04-21T01:37:14.443+0000] {processor.py:161} INFO - Started process (PID=91433) to work on /home/airflow/.local/lib/python3.12/site-packages/airflow/example_dags/example_display_name.py
[2025-04-21T01:37:14.444+0000] {processor.py:830} INFO - Processing file /home/airflow/.local/lib/python3.12/site-packages/airflow/example_dags/example_display_name.py for tasks to queue
[2025-04-21T01:37:14.446+0000] {logging_mixin.py:188} INFO - [2025-04-21T01:37:14.445+0000] {dagbag.py:545} INFO - Filling up the DagBag from /home/airflow/.local/lib/python3.12/site-packages/airflow/example_dags/example_display_name.py
[2025-04-21T01:37:14.449+0000] {processor.py:840} INFO - DAG(s) 'example_display_name' retrieved from /home/airflow/.local/lib/python3.12/site-packages/airflow/example_dags/example_display_name.py
[2025-04-21T01:37:14.469+0000] {logging_mixin.py:188} INFO - [2025-04-21T01:37:14.468+0000] {dag.py:3096} INFO - Sync 1 DAGs
[2025-04-21T01:37:14.480+0000] {logging_mixin.py:188} INFO - [2025-04-21T01:37:14.480+0000] {dag.py:3954} INFO - Setting next_dagrun for example_display_name to None, run_after=None
[2025-04-21T01:37:14.492+0000] {processor.py:183} INFO - Processing /home/airflow/.local/lib/python3.12/site-packages/airflow/example_dags/example_display_name.py took 0.052 seconds
[2025-04-21T01:37:44.818+0000] {processor.py:161} INFO - Started process (PID=91492) to work on /home/airflow/.local/lib/python3.12/site-packages/airflow/example_dags/example_display_name.py
[2025-04-21T01:37:44.819+0000] {processor.py:830} INFO - Processing file /home/airflow/.local/lib/python3.12/site-packages/airflow/example_dags/example_display_name.py for tasks to queue
[2025-04-21T01:37:44.820+0000] {logging_mixin.py:188} INFO - [2025-04-21T01:37:44.819+0000] {dagbag.py:545} INFO - Filling up the DagBag from /home/airflow/.local/lib/python3.12/site-packages/airflow/example_dags/example_display_name.py
[2025-04-21T01:37:44.822+0000] {processor.py:840} INFO - DAG(s) 'example_display_name' retrieved from /home/airflow/.local/lib/python3.12/site-packages/airflow/example_dags/example_display_name.py
[2025-04-21T01:37:44.834+0000] {logging_mixin.py:188} INFO - [2025-04-21T01:37:44.834+0000] {dag.py:3096} INFO - Sync 1 DAGs
[2025-04-21T01:37:44.840+0000] {logging_mixin.py:188} INFO - [2025-04-21T01:37:44.840+0000] {dag.py:3954} INFO - Setting next_dagrun for example_display_name to None, run_after=None
[2025-04-21T01:37:44.848+0000] {processor.py:183} INFO - Processing /home/airflow/.local/lib/python3.12/site-packages/airflow/example_dags/example_display_name.py took 0.033 seconds
[2025-04-21T02:58:43.895+0000] {processor.py:161} INFO - Started process (PID=91552) to work on /home/airflow/.local/lib/python3.12/site-packages/airflow/example_dags/example_display_name.py
[2025-04-21T02:58:43.895+0000] {processor.py:830} INFO - Processing file /home/airflow/.local/lib/python3.12/site-packages/airflow/example_dags/example_display_name.py for tasks to queue
[2025-04-21T02:58:43.896+0000] {logging_mixin.py:188} INFO - [2025-04-21T02:58:43.896+0000] {dagbag.py:545} INFO - Filling up the DagBag from /home/airflow/.local/lib/python3.12/site-packages/airflow/example_dags/example_display_name.py
[2025-04-21T02:58:43.899+0000] {processor.py:840} INFO - DAG(s) 'example_display_name' retrieved from /home/airflow/.local/lib/python3.12/site-packages/airflow/example_dags/example_display_name.py
[2025-04-21T02:58:43.911+0000] {logging_mixin.py:188} INFO - [2025-04-21T02:58:43.911+0000] {dag.py:3096} INFO - Sync 1 DAGs
[2025-04-21T02:58:43.916+0000] {logging_mixin.py:188} INFO - [2025-04-21T02:58:43.916+0000] {dag.py:3954} INFO - Setting next_dagrun for example_display_name to None, run_after=None
[2025-04-21T02:58:43.929+0000] {processor.py:183} INFO - Processing /home/airflow/.local/lib/python3.12/site-packages/airflow/example_dags/example_display_name.py took 0.038 seconds
[2025-04-21T04:23:09.968+0000] {processor.py:161} INFO - Started process (PID=91612) to work on /home/airflow/.local/lib/python3.12/site-packages/airflow/example_dags/example_display_name.py
[2025-04-21T04:23:09.969+0000] {processor.py:830} INFO - Processing file /home/airflow/.local/lib/python3.12/site-packages/airflow/example_dags/example_display_name.py for tasks to queue
[2025-04-21T04:23:09.970+0000] {logging_mixin.py:188} INFO - [2025-04-21T04:23:09.970+0000] {dagbag.py:545} INFO - Filling up the DagBag from /home/airflow/.local/lib/python3.12/site-packages/airflow/example_dags/example_display_name.py
[2025-04-21T04:23:09.974+0000] {processor.py:840} INFO - DAG(s) 'example_display_name' retrieved from /home/airflow/.local/lib/python3.12/site-packages/airflow/example_dags/example_display_name.py
[2025-04-21T04:23:09.987+0000] {logging_mixin.py:188} INFO - [2025-04-21T04:23:09.987+0000] {dag.py:3096} INFO - Sync 1 DAGs
[2025-04-21T04:23:09.995+0000] {logging_mixin.py:188} INFO - [2025-04-21T04:23:09.995+0000] {dag.py:3954} INFO - Setting next_dagrun for example_display_name to None, run_after=None
[2025-04-21T04:23:10.013+0000] {processor.py:183} INFO - Processing /home/airflow/.local/lib/python3.12/site-packages/airflow/example_dags/example_display_name.py took 0.049 seconds
[2025-04-21T04:23:40.504+0000] {processor.py:161} INFO - Started process (PID=91672) to work on /home/airflow/.local/lib/python3.12/site-packages/airflow/example_dags/example_display_name.py
[2025-04-21T04:23:40.505+0000] {processor.py:830} INFO - Processing file /home/airflow/.local/lib/python3.12/site-packages/airflow/example_dags/example_display_name.py for tasks to queue
[2025-04-21T04:23:40.506+0000] {logging_mixin.py:188} INFO - [2025-04-21T04:23:40.505+0000] {dagbag.py:545} INFO - Filling up the DagBag from /home/airflow/.local/lib/python3.12/site-packages/airflow/example_dags/example_display_name.py
[2025-04-21T04:23:40.508+0000] {processor.py:840} INFO - DAG(s) 'example_display_name' retrieved from /home/airflow/.local/lib/python3.12/site-packages/airflow/example_dags/example_display_name.py
[2025-04-21T04:23:40.517+0000] {logging_mixin.py:188} INFO - [2025-04-21T04:23:40.517+0000] {dag.py:3096} INFO - Sync 1 DAGs
[2025-04-21T04:23:40.523+0000] {logging_mixin.py:188} INFO - [2025-04-21T04:23:40.523+0000] {dag.py:3954} INFO - Setting next_dagrun for example_display_name to None, run_after=None
[2025-04-21T04:23:40.530+0000] {processor.py:183} INFO - Processing /home/airflow/.local/lib/python3.12/site-packages/airflow/example_dags/example_display_name.py took 0.029 seconds
[2025-04-21T04:28:53.137+0000] {processor.py:161} INFO - Started process (PID=91732) to work on /home/airflow/.local/lib/python3.12/site-packages/airflow/example_dags/example_display_name.py
[2025-04-21T04:28:53.139+0000] {processor.py:830} INFO - Processing file /home/airflow/.local/lib/python3.12/site-packages/airflow/example_dags/example_display_name.py for tasks to queue
[2025-04-21T04:28:53.140+0000] {logging_mixin.py:188} INFO - [2025-04-21T04:28:53.140+0000] {dagbag.py:545} INFO - Filling up the DagBag from /home/airflow/.local/lib/python3.12/site-packages/airflow/example_dags/example_display_name.py
[2025-04-21T04:28:53.145+0000] {processor.py:840} INFO - DAG(s) 'example_display_name' retrieved from /home/airflow/.local/lib/python3.12/site-packages/airflow/example_dags/example_display_name.py
[2025-04-21T04:28:53.165+0000] {logging_mixin.py:188} INFO - [2025-04-21T04:28:53.165+0000] {dag.py:3096} INFO - Sync 1 DAGs
[2025-04-21T04:28:53.173+0000] {logging_mixin.py:188} INFO - [2025-04-21T04:28:53.173+0000] {dag.py:3954} INFO - Setting next_dagrun for example_display_name to None, run_after=None
[2025-04-21T04:28:53.196+0000] {processor.py:183} INFO - Processing /home/airflow/.local/lib/python3.12/site-packages/airflow/example_dags/example_display_name.py took 0.063 seconds
[2025-04-21T04:29:23.860+0000] {processor.py:161} INFO - Started process (PID=91792) to work on /home/airflow/.local/lib/python3.12/site-packages/airflow/example_dags/example_display_name.py
[2025-04-21T04:29:23.860+0000] {processor.py:830} INFO - Processing file /home/airflow/.local/lib/python3.12/site-packages/airflow/example_dags/example_display_name.py for tasks to queue
[2025-04-21T04:29:23.861+0000] {logging_mixin.py:188} INFO - [2025-04-21T04:29:23.861+0000] {dagbag.py:545} INFO - Filling up the DagBag from /home/airflow/.local/lib/python3.12/site-packages/airflow/example_dags/example_display_name.py
[2025-04-21T04:29:23.865+0000] {processor.py:840} INFO - DAG(s) 'example_display_name' retrieved from /home/airflow/.local/lib/python3.12/site-packages/airflow/example_dags/example_display_name.py
[2025-04-21T04:29:23.876+0000] {logging_mixin.py:188} INFO - [2025-04-21T04:29:23.876+0000] {dag.py:3096} INFO - Sync 1 DAGs
[2025-04-21T04:29:23.882+0000] {logging_mixin.py:188} INFO - [2025-04-21T04:29:23.882+0000] {dag.py:3954} INFO - Setting next_dagrun for example_display_name to None, run_after=None
[2025-04-21T04:29:23.897+0000] {processor.py:183} INFO - Processing /home/airflow/.local/lib/python3.12/site-packages/airflow/example_dags/example_display_name.py took 0.041 seconds
[2025-04-21T04:31:11.314+0000] {processor.py:161} INFO - Started process (PID=91852) to work on /home/airflow/.local/lib/python3.12/site-packages/airflow/example_dags/example_display_name.py
[2025-04-21T04:31:11.315+0000] {processor.py:830} INFO - Processing file /home/airflow/.local/lib/python3.12/site-packages/airflow/example_dags/example_display_name.py for tasks to queue
[2025-04-21T04:31:11.316+0000] {logging_mixin.py:188} INFO - [2025-04-21T04:31:11.316+0000] {dagbag.py:545} INFO - Filling up the DagBag from /home/airflow/.local/lib/python3.12/site-packages/airflow/example_dags/example_display_name.py
[2025-04-21T04:31:11.319+0000] {processor.py:840} INFO - DAG(s) 'example_display_name' retrieved from /home/airflow/.local/lib/python3.12/site-packages/airflow/example_dags/example_display_name.py
[2025-04-21T04:31:11.327+0000] {logging_mixin.py:188} INFO - [2025-04-21T04:31:11.327+0000] {dag.py:3096} INFO - Sync 1 DAGs
[2025-04-21T04:31:11.332+0000] {logging_mixin.py:188} INFO - [2025-04-21T04:31:11.332+0000] {dag.py:3954} INFO - Setting next_dagrun for example_display_name to None, run_after=None
[2025-04-21T04:31:11.340+0000] {processor.py:183} INFO - Processing /home/airflow/.local/lib/python3.12/site-packages/airflow/example_dags/example_display_name.py took 0.028 seconds
[2025-04-21T04:36:24.417+0000] {processor.py:161} INFO - Started process (PID=91912) to work on /home/airflow/.local/lib/python3.12/site-packages/airflow/example_dags/example_display_name.py
[2025-04-21T04:36:24.417+0000] {processor.py:830} INFO - Processing file /home/airflow/.local/lib/python3.12/site-packages/airflow/example_dags/example_display_name.py for tasks to queue
[2025-04-21T04:36:24.418+0000] {logging_mixin.py:188} INFO - [2025-04-21T04:36:24.418+0000] {dagbag.py:545} INFO - Filling up the DagBag from /home/airflow/.local/lib/python3.12/site-packages/airflow/example_dags/example_display_name.py
[2025-04-21T04:36:24.421+0000] {processor.py:840} INFO - DAG(s) 'example_display_name' retrieved from /home/airflow/.local/lib/python3.12/site-packages/airflow/example_dags/example_display_name.py
[2025-04-21T04:36:24.432+0000] {logging_mixin.py:188} INFO - [2025-04-21T04:36:24.432+0000] {dag.py:3096} INFO - Sync 1 DAGs
[2025-04-21T04:36:24.438+0000] {logging_mixin.py:188} INFO - [2025-04-21T04:36:24.438+0000] {dag.py:3954} INFO - Setting next_dagrun for example_display_name to None, run_after=None
[2025-04-21T04:36:24.453+0000] {processor.py:183} INFO - Processing /home/airflow/.local/lib/python3.12/site-packages/airflow/example_dags/example_display_name.py took 0.040 seconds
[2025-04-21T04:41:37.798+0000] {processor.py:161} INFO - Started process (PID=91972) to work on /home/airflow/.local/lib/python3.12/site-packages/airflow/example_dags/example_display_name.py
[2025-04-21T04:41:37.799+0000] {processor.py:830} INFO - Processing file /home/airflow/.local/lib/python3.12/site-packages/airflow/example_dags/example_display_name.py for tasks to queue
[2025-04-21T04:41:37.801+0000] {logging_mixin.py:188} INFO - [2025-04-21T04:41:37.801+0000] {dagbag.py:545} INFO - Filling up the DagBag from /home/airflow/.local/lib/python3.12/site-packages/airflow/example_dags/example_display_name.py
[2025-04-21T04:41:37.804+0000] {processor.py:840} INFO - DAG(s) 'example_display_name' retrieved from /home/airflow/.local/lib/python3.12/site-packages/airflow/example_dags/example_display_name.py
[2025-04-21T04:41:37.816+0000] {logging_mixin.py:188} INFO - [2025-04-21T04:41:37.816+0000] {dag.py:3096} INFO - Sync 1 DAGs
[2025-04-21T04:41:37.824+0000] {logging_mixin.py:188} INFO - [2025-04-21T04:41:37.824+0000] {dag.py:3954} INFO - Setting next_dagrun for example_display_name to None, run_after=None
[2025-04-21T04:41:37.836+0000] {processor.py:183} INFO - Processing /home/airflow/.local/lib/python3.12/site-packages/airflow/example_dags/example_display_name.py took 0.041 seconds
[2025-04-21T04:46:50.714+0000] {processor.py:161} INFO - Started process (PID=92032) to work on /home/airflow/.local/lib/python3.12/site-packages/airflow/example_dags/example_display_name.py
[2025-04-21T04:46:50.715+0000] {processor.py:830} INFO - Processing file /home/airflow/.local/lib/python3.12/site-packages/airflow/example_dags/example_display_name.py for tasks to queue
[2025-04-21T04:46:50.716+0000] {logging_mixin.py:188} INFO - [2025-04-21T04:46:50.716+0000] {dagbag.py:545} INFO - Filling up the DagBag from /home/airflow/.local/lib/python3.12/site-packages/airflow/example_dags/example_display_name.py
[2025-04-21T04:46:50.719+0000] {processor.py:840} INFO - DAG(s) 'example_display_name' retrieved from /home/airflow/.local/lib/python3.12/site-packages/airflow/example_dags/example_display_name.py
[2025-04-21T04:46:50.729+0000] {logging_mixin.py:188} INFO - [2025-04-21T04:46:50.729+0000] {dag.py:3096} INFO - Sync 1 DAGs
[2025-04-21T04:46:50.734+0000] {logging_mixin.py:188} INFO - [2025-04-21T04:46:50.734+0000] {dag.py:3954} INFO - Setting next_dagrun for example_display_name to None, run_after=None
[2025-04-21T04:46:50.744+0000] {processor.py:183} INFO - Processing /home/airflow/.local/lib/python3.12/site-packages/airflow/example_dags/example_display_name.py took 0.033 seconds
[2025-04-21T04:47:21.129+0000] {processor.py:161} INFO - Started process (PID=92092) to work on /home/airflow/.local/lib/python3.12/site-packages/airflow/example_dags/example_display_name.py
[2025-04-21T04:47:21.130+0000] {processor.py:830} INFO - Processing file /home/airflow/.local/lib/python3.12/site-packages/airflow/example_dags/example_display_name.py for tasks to queue
[2025-04-21T04:47:21.131+0000] {logging_mixin.py:188} INFO - [2025-04-21T04:47:21.131+0000] {dagbag.py:545} INFO - Filling up the DagBag from /home/airflow/.local/lib/python3.12/site-packages/airflow/example_dags/example_display_name.py
[2025-04-21T04:47:21.134+0000] {processor.py:840} INFO - DAG(s) 'example_display_name' retrieved from /home/airflow/.local/lib/python3.12/site-packages/airflow/example_dags/example_display_name.py
[2025-04-21T04:47:21.143+0000] {logging_mixin.py:188} INFO - [2025-04-21T04:47:21.142+0000] {dag.py:3096} INFO - Sync 1 DAGs
[2025-04-21T04:47:21.148+0000] {logging_mixin.py:188} INFO - [2025-04-21T04:47:21.148+0000] {dag.py:3954} INFO - Setting next_dagrun for example_display_name to None, run_after=None
[2025-04-21T04:47:21.155+0000] {processor.py:183} INFO - Processing /home/airflow/.local/lib/python3.12/site-packages/airflow/example_dags/example_display_name.py took 0.030 seconds
[2025-04-21T04:52:33.922+0000] {processor.py:161} INFO - Started process (PID=92152) to work on /home/airflow/.local/lib/python3.12/site-packages/airflow/example_dags/example_display_name.py
[2025-04-21T04:52:33.924+0000] {processor.py:830} INFO - Processing file /home/airflow/.local/lib/python3.12/site-packages/airflow/example_dags/example_display_name.py for tasks to queue
[2025-04-21T04:52:33.925+0000] {logging_mixin.py:188} INFO - [2025-04-21T04:52:33.924+0000] {dagbag.py:545} INFO - Filling up the DagBag from /home/airflow/.local/lib/python3.12/site-packages/airflow/example_dags/example_display_name.py
[2025-04-21T04:52:33.928+0000] {processor.py:840} INFO - DAG(s) 'example_display_name' retrieved from /home/airflow/.local/lib/python3.12/site-packages/airflow/example_dags/example_display_name.py
[2025-04-21T04:52:33.939+0000] {logging_mixin.py:188} INFO - [2025-04-21T04:52:33.939+0000] {dag.py:3096} INFO - Sync 1 DAGs
[2025-04-21T04:52:33.945+0000] {logging_mixin.py:188} INFO - [2025-04-21T04:52:33.945+0000] {dag.py:3954} INFO - Setting next_dagrun for example_display_name to None, run_after=None
[2025-04-21T04:52:33.957+0000] {processor.py:183} INFO - Processing /home/airflow/.local/lib/python3.12/site-packages/airflow/example_dags/example_display_name.py took 0.038 seconds
[2025-04-21T05:15:37.435+0000] {processor.py:161} INFO - Started process (PID=92212) to work on /home/airflow/.local/lib/python3.12/site-packages/airflow/example_dags/example_display_name.py
[2025-04-21T05:15:37.436+0000] {processor.py:830} INFO - Processing file /home/airflow/.local/lib/python3.12/site-packages/airflow/example_dags/example_display_name.py for tasks to queue
[2025-04-21T05:15:37.437+0000] {logging_mixin.py:188} INFO - [2025-04-21T05:15:37.437+0000] {dagbag.py:545} INFO - Filling up the DagBag from /home/airflow/.local/lib/python3.12/site-packages/airflow/example_dags/example_display_name.py
[2025-04-21T05:15:37.441+0000] {processor.py:840} INFO - DAG(s) 'example_display_name' retrieved from /home/airflow/.local/lib/python3.12/site-packages/airflow/example_dags/example_display_name.py
[2025-04-21T05:15:37.450+0000] {logging_mixin.py:188} INFO - [2025-04-21T05:15:37.450+0000] {dag.py:3096} INFO - Sync 1 DAGs
[2025-04-21T05:15:37.457+0000] {logging_mixin.py:188} INFO - [2025-04-21T05:15:37.456+0000] {dag.py:3954} INFO - Setting next_dagrun for example_display_name to None, run_after=None
[2025-04-21T05:15:37.473+0000] {processor.py:183} INFO - Processing /home/airflow/.local/lib/python3.12/site-packages/airflow/example_dags/example_display_name.py took 0.042 seconds
[2025-04-21T05:20:51.080+0000] {processor.py:161} INFO - Started process (PID=92272) to work on /home/airflow/.local/lib/python3.12/site-packages/airflow/example_dags/example_display_name.py
[2025-04-21T05:20:51.081+0000] {processor.py:830} INFO - Processing file /home/airflow/.local/lib/python3.12/site-packages/airflow/example_dags/example_display_name.py for tasks to queue
[2025-04-21T05:20:51.084+0000] {logging_mixin.py:188} INFO - [2025-04-21T05:20:51.084+0000] {dagbag.py:545} INFO - Filling up the DagBag from /home/airflow/.local/lib/python3.12/site-packages/airflow/example_dags/example_display_name.py
[2025-04-21T05:20:51.088+0000] {processor.py:840} INFO - DAG(s) 'example_display_name' retrieved from /home/airflow/.local/lib/python3.12/site-packages/airflow/example_dags/example_display_name.py
[2025-04-21T05:20:51.101+0000] {logging_mixin.py:188} INFO - [2025-04-21T05:20:51.101+0000] {dag.py:3096} INFO - Sync 1 DAGs
[2025-04-21T05:20:51.109+0000] {logging_mixin.py:188} INFO - [2025-04-21T05:20:51.108+0000] {dag.py:3954} INFO - Setting next_dagrun for example_display_name to None, run_after=None
[2025-04-21T05:20:51.119+0000] {processor.py:183} INFO - Processing /home/airflow/.local/lib/python3.12/site-packages/airflow/example_dags/example_display_name.py took 0.043 seconds
[2025-04-21T05:26:03.579+0000] {processor.py:161} INFO - Started process (PID=92332) to work on /home/airflow/.local/lib/python3.12/site-packages/airflow/example_dags/example_display_name.py
[2025-04-21T05:26:03.579+0000] {processor.py:830} INFO - Processing file /home/airflow/.local/lib/python3.12/site-packages/airflow/example_dags/example_display_name.py for tasks to queue
[2025-04-21T05:26:03.580+0000] {logging_mixin.py:188} INFO - [2025-04-21T05:26:03.580+0000] {dagbag.py:545} INFO - Filling up the DagBag from /home/airflow/.local/lib/python3.12/site-packages/airflow/example_dags/example_display_name.py
[2025-04-21T05:26:03.583+0000] {processor.py:840} INFO - DAG(s) 'example_display_name' retrieved from /home/airflow/.local/lib/python3.12/site-packages/airflow/example_dags/example_display_name.py
[2025-04-21T05:26:03.597+0000] {logging_mixin.py:188} INFO - [2025-04-21T05:26:03.596+0000] {dag.py:3096} INFO - Sync 1 DAGs
[2025-04-21T05:26:03.602+0000] {logging_mixin.py:188} INFO - [2025-04-21T05:26:03.602+0000] {dag.py:3954} INFO - Setting next_dagrun for example_display_name to None, run_after=None
[2025-04-21T05:26:03.616+0000] {processor.py:183} INFO - Processing /home/airflow/.local/lib/python3.12/site-packages/airflow/example_dags/example_display_name.py took 0.041 seconds
[2025-04-21T05:59:58.101+0000] {processor.py:161} INFO - Started process (PID=92392) to work on /home/airflow/.local/lib/python3.12/site-packages/airflow/example_dags/example_display_name.py
[2025-04-21T05:59:58.102+0000] {processor.py:830} INFO - Processing file /home/airflow/.local/lib/python3.12/site-packages/airflow/example_dags/example_display_name.py for tasks to queue
[2025-04-21T05:59:58.103+0000] {logging_mixin.py:188} INFO - [2025-04-21T05:59:58.103+0000] {dagbag.py:545} INFO - Filling up the DagBag from /home/airflow/.local/lib/python3.12/site-packages/airflow/example_dags/example_display_name.py
[2025-04-21T05:59:58.106+0000] {processor.py:840} INFO - DAG(s) 'example_display_name' retrieved from /home/airflow/.local/lib/python3.12/site-packages/airflow/example_dags/example_display_name.py
[2025-04-21T05:59:58.117+0000] {logging_mixin.py:188} INFO - [2025-04-21T05:59:58.117+0000] {dag.py:3096} INFO - Sync 1 DAGs
[2025-04-21T05:59:58.123+0000] {logging_mixin.py:188} INFO - [2025-04-21T05:59:58.123+0000] {dag.py:3954} INFO - Setting next_dagrun for example_display_name to None, run_after=None
[2025-04-21T05:59:58.136+0000] {processor.py:183} INFO - Processing /home/airflow/.local/lib/python3.12/site-packages/airflow/example_dags/example_display_name.py took 0.038 seconds
[2025-04-21T07:21:16.760+0000] {processor.py:161} INFO - Started process (PID=92452) to work on /home/airflow/.local/lib/python3.12/site-packages/airflow/example_dags/example_display_name.py
[2025-04-21T07:21:16.761+0000] {processor.py:830} INFO - Processing file /home/airflow/.local/lib/python3.12/site-packages/airflow/example_dags/example_display_name.py for tasks to queue
[2025-04-21T07:21:16.762+0000] {logging_mixin.py:188} INFO - [2025-04-21T07:21:16.761+0000] {dagbag.py:545} INFO - Filling up the DagBag from /home/airflow/.local/lib/python3.12/site-packages/airflow/example_dags/example_display_name.py
[2025-04-21T07:21:16.764+0000] {processor.py:840} INFO - DAG(s) 'example_display_name' retrieved from /home/airflow/.local/lib/python3.12/site-packages/airflow/example_dags/example_display_name.py
[2025-04-21T07:21:16.774+0000] {logging_mixin.py:188} INFO - [2025-04-21T07:21:16.773+0000] {dag.py:3096} INFO - Sync 1 DAGs
[2025-04-21T07:21:16.779+0000] {logging_mixin.py:188} INFO - [2025-04-21T07:21:16.778+0000] {dag.py:3954} INFO - Setting next_dagrun for example_display_name to None, run_after=None
[2025-04-21T07:21:16.786+0000] {processor.py:183} INFO - Processing /home/airflow/.local/lib/python3.12/site-packages/airflow/example_dags/example_display_name.py took 0.028 seconds
[2025-04-21T09:02:21.031+0000] {processor.py:161} INFO - Started process (PID=92512) to work on /home/airflow/.local/lib/python3.12/site-packages/airflow/example_dags/example_display_name.py
[2025-04-21T09:02:21.031+0000] {processor.py:830} INFO - Processing file /home/airflow/.local/lib/python3.12/site-packages/airflow/example_dags/example_display_name.py for tasks to queue
[2025-04-21T09:02:21.032+0000] {logging_mixin.py:188} INFO - [2025-04-21T09:02:21.032+0000] {dagbag.py:545} INFO - Filling up the DagBag from /home/airflow/.local/lib/python3.12/site-packages/airflow/example_dags/example_display_name.py
[2025-04-21T09:02:21.035+0000] {processor.py:840} INFO - DAG(s) 'example_display_name' retrieved from /home/airflow/.local/lib/python3.12/site-packages/airflow/example_dags/example_display_name.py
[2025-04-21T09:02:21.045+0000] {logging_mixin.py:188} INFO - [2025-04-21T09:02:21.045+0000] {dag.py:3096} INFO - Sync 1 DAGs
[2025-04-21T09:02:21.053+0000] {logging_mixin.py:188} INFO - [2025-04-21T09:02:21.053+0000] {dag.py:3954} INFO - Setting next_dagrun for example_display_name to None, run_after=None
[2025-04-21T09:02:21.068+0000] {processor.py:183} INFO - Processing /home/airflow/.local/lib/python3.12/site-packages/airflow/example_dags/example_display_name.py took 0.041 seconds
[2025-04-21T10:25:30.287+0000] {processor.py:161} INFO - Started process (PID=92572) to work on /home/airflow/.local/lib/python3.12/site-packages/airflow/example_dags/example_display_name.py
[2025-04-21T10:25:30.291+0000] {processor.py:830} INFO - Processing file /home/airflow/.local/lib/python3.12/site-packages/airflow/example_dags/example_display_name.py for tasks to queue
[2025-04-21T10:25:30.292+0000] {logging_mixin.py:188} INFO - [2025-04-21T10:25:30.292+0000] {dagbag.py:545} INFO - Filling up the DagBag from /home/airflow/.local/lib/python3.12/site-packages/airflow/example_dags/example_display_name.py
[2025-04-21T10:25:30.296+0000] {processor.py:840} INFO - DAG(s) 'example_display_name' retrieved from /home/airflow/.local/lib/python3.12/site-packages/airflow/example_dags/example_display_name.py
[2025-04-21T10:25:30.308+0000] {logging_mixin.py:188} INFO - [2025-04-21T10:25:30.307+0000] {dag.py:3096} INFO - Sync 1 DAGs
[2025-04-21T10:25:30.313+0000] {logging_mixin.py:188} INFO - [2025-04-21T10:25:30.313+0000] {dag.py:3954} INFO - Setting next_dagrun for example_display_name to None, run_after=None
[2025-04-21T10:25:30.325+0000] {processor.py:183} INFO - Processing /home/airflow/.local/lib/python3.12/site-packages/airflow/example_dags/example_display_name.py took 0.042 seconds
[2025-04-21T12:02:27.792+0000] {processor.py:161} INFO - Started process (PID=92632) to work on /home/airflow/.local/lib/python3.12/site-packages/airflow/example_dags/example_display_name.py
[2025-04-21T12:02:27.793+0000] {processor.py:830} INFO - Processing file /home/airflow/.local/lib/python3.12/site-packages/airflow/example_dags/example_display_name.py for tasks to queue
[2025-04-21T12:02:27.794+0000] {logging_mixin.py:188} INFO - [2025-04-21T12:02:27.794+0000] {dagbag.py:545} INFO - Filling up the DagBag from /home/airflow/.local/lib/python3.12/site-packages/airflow/example_dags/example_display_name.py
[2025-04-21T12:02:27.799+0000] {processor.py:840} INFO - DAG(s) 'example_display_name' retrieved from /home/airflow/.local/lib/python3.12/site-packages/airflow/example_dags/example_display_name.py
[2025-04-21T12:02:27.809+0000] {logging_mixin.py:188} INFO - [2025-04-21T12:02:27.808+0000] {dag.py:3096} INFO - Sync 1 DAGs
[2025-04-21T12:02:27.815+0000] {logging_mixin.py:188} INFO - [2025-04-21T12:02:27.815+0000] {dag.py:3954} INFO - Setting next_dagrun for example_display_name to None, run_after=None
[2025-04-21T12:02:27.830+0000] {processor.py:183} INFO - Processing /home/airflow/.local/lib/python3.12/site-packages/airflow/example_dags/example_display_name.py took 0.041 seconds
[2025-04-21T12:02:58.206+0000] {processor.py:161} INFO - Started process (PID=92692) to work on /home/airflow/.local/lib/python3.12/site-packages/airflow/example_dags/example_display_name.py
[2025-04-21T12:02:58.206+0000] {processor.py:830} INFO - Processing file /home/airflow/.local/lib/python3.12/site-packages/airflow/example_dags/example_display_name.py for tasks to queue
[2025-04-21T12:02:58.207+0000] {logging_mixin.py:188} INFO - [2025-04-21T12:02:58.207+0000] {dagbag.py:545} INFO - Filling up the DagBag from /home/airflow/.local/lib/python3.12/site-packages/airflow/example_dags/example_display_name.py
[2025-04-21T12:02:58.210+0000] {processor.py:840} INFO - DAG(s) 'example_display_name' retrieved from /home/airflow/.local/lib/python3.12/site-packages/airflow/example_dags/example_display_name.py
[2025-04-21T12:02:58.220+0000] {logging_mixin.py:188} INFO - [2025-04-21T12:02:58.219+0000] {dag.py:3096} INFO - Sync 1 DAGs
[2025-04-21T12:02:58.226+0000] {logging_mixin.py:188} INFO - [2025-04-21T12:02:58.226+0000] {dag.py:3954} INFO - Setting next_dagrun for example_display_name to None, run_after=None
[2025-04-21T12:02:58.239+0000] {processor.py:183} INFO - Processing /home/airflow/.local/lib/python3.12/site-packages/airflow/example_dags/example_display_name.py took 0.036 seconds
[2025-04-21T12:08:10.794+0000] {processor.py:161} INFO - Started process (PID=92752) to work on /home/airflow/.local/lib/python3.12/site-packages/airflow/example_dags/example_display_name.py
[2025-04-21T12:08:10.796+0000] {processor.py:830} INFO - Processing file /home/airflow/.local/lib/python3.12/site-packages/airflow/example_dags/example_display_name.py for tasks to queue
[2025-04-21T12:08:10.797+0000] {logging_mixin.py:188} INFO - [2025-04-21T12:08:10.797+0000] {dagbag.py:545} INFO - Filling up the DagBag from /home/airflow/.local/lib/python3.12/site-packages/airflow/example_dags/example_display_name.py
[2025-04-21T12:08:10.801+0000] {processor.py:840} INFO - DAG(s) 'example_display_name' retrieved from /home/airflow/.local/lib/python3.12/site-packages/airflow/example_dags/example_display_name.py
[2025-04-21T12:08:10.812+0000] {logging_mixin.py:188} INFO - [2025-04-21T12:08:10.812+0000] {dag.py:3096} INFO - Sync 1 DAGs
[2025-04-21T12:08:10.819+0000] {logging_mixin.py:188} INFO - [2025-04-21T12:08:10.819+0000] {dag.py:3954} INFO - Setting next_dagrun for example_display_name to None, run_after=None
[2025-04-21T12:08:10.829+0000] {processor.py:183} INFO - Processing /home/airflow/.local/lib/python3.12/site-packages/airflow/example_dags/example_display_name.py took 0.038 seconds
[2025-04-21T12:09:05.749+0000] {processor.py:161} INFO - Started process (PID=92812) to work on /home/airflow/.local/lib/python3.12/site-packages/airflow/example_dags/example_display_name.py
[2025-04-21T12:09:05.750+0000] {processor.py:830} INFO - Processing file /home/airflow/.local/lib/python3.12/site-packages/airflow/example_dags/example_display_name.py for tasks to queue
[2025-04-21T12:09:05.751+0000] {logging_mixin.py:188} INFO - [2025-04-21T12:09:05.751+0000] {dagbag.py:545} INFO - Filling up the DagBag from /home/airflow/.local/lib/python3.12/site-packages/airflow/example_dags/example_display_name.py
[2025-04-21T12:09:05.755+0000] {processor.py:840} INFO - DAG(s) 'example_display_name' retrieved from /home/airflow/.local/lib/python3.12/site-packages/airflow/example_dags/example_display_name.py
[2025-04-21T12:09:05.766+0000] {logging_mixin.py:188} INFO - [2025-04-21T12:09:05.766+0000] {dag.py:3096} INFO - Sync 1 DAGs
[2025-04-21T12:09:05.774+0000] {logging_mixin.py:188} INFO - [2025-04-21T12:09:05.774+0000] {dag.py:3954} INFO - Setting next_dagrun for example_display_name to None, run_after=None
[2025-04-21T12:09:05.784+0000] {processor.py:183} INFO - Processing /home/airflow/.local/lib/python3.12/site-packages/airflow/example_dags/example_display_name.py took 0.042 seconds
[2025-04-21T12:14:18.670+0000] {processor.py:161} INFO - Started process (PID=92872) to work on /home/airflow/.local/lib/python3.12/site-packages/airflow/example_dags/example_display_name.py
[2025-04-21T12:14:18.671+0000] {processor.py:830} INFO - Processing file /home/airflow/.local/lib/python3.12/site-packages/airflow/example_dags/example_display_name.py for tasks to queue
[2025-04-21T12:14:18.673+0000] {logging_mixin.py:188} INFO - [2025-04-21T12:14:18.673+0000] {dagbag.py:545} INFO - Filling up the DagBag from /home/airflow/.local/lib/python3.12/site-packages/airflow/example_dags/example_display_name.py
[2025-04-21T12:14:18.678+0000] {processor.py:840} INFO - DAG(s) 'example_display_name' retrieved from /home/airflow/.local/lib/python3.12/site-packages/airflow/example_dags/example_display_name.py
[2025-04-21T12:14:18.697+0000] {logging_mixin.py:188} INFO - [2025-04-21T12:14:18.696+0000] {dag.py:3096} INFO - Sync 1 DAGs
[2025-04-21T12:14:18.706+0000] {logging_mixin.py:188} INFO - [2025-04-21T12:14:18.706+0000] {dag.py:3954} INFO - Setting next_dagrun for example_display_name to None, run_after=None
[2025-04-21T12:14:18.719+0000] {processor.py:183} INFO - Processing /home/airflow/.local/lib/python3.12/site-packages/airflow/example_dags/example_display_name.py took 0.052 seconds
[2025-04-21T12:19:32.167+0000] {processor.py:161} INFO - Started process (PID=92932) to work on /home/airflow/.local/lib/python3.12/site-packages/airflow/example_dags/example_display_name.py
[2025-04-21T12:19:32.168+0000] {processor.py:830} INFO - Processing file /home/airflow/.local/lib/python3.12/site-packages/airflow/example_dags/example_display_name.py for tasks to queue
[2025-04-21T12:19:32.169+0000] {logging_mixin.py:188} INFO - [2025-04-21T12:19:32.169+0000] {dagbag.py:545} INFO - Filling up the DagBag from /home/airflow/.local/lib/python3.12/site-packages/airflow/example_dags/example_display_name.py
[2025-04-21T12:19:32.172+0000] {processor.py:840} INFO - DAG(s) 'example_display_name' retrieved from /home/airflow/.local/lib/python3.12/site-packages/airflow/example_dags/example_display_name.py
[2025-04-21T12:19:32.182+0000] {logging_mixin.py:188} INFO - [2025-04-21T12:19:32.182+0000] {dag.py:3096} INFO - Sync 1 DAGs
[2025-04-21T12:19:32.188+0000] {logging_mixin.py:188} INFO - [2025-04-21T12:19:32.188+0000] {dag.py:3954} INFO - Setting next_dagrun for example_display_name to None, run_after=None
[2025-04-21T12:19:32.196+0000] {processor.py:183} INFO - Processing /home/airflow/.local/lib/python3.12/site-packages/airflow/example_dags/example_display_name.py took 0.032 seconds
[2025-04-21T12:24:44.741+0000] {processor.py:161} INFO - Started process (PID=92992) to work on /home/airflow/.local/lib/python3.12/site-packages/airflow/example_dags/example_display_name.py
[2025-04-21T12:24:44.742+0000] {processor.py:830} INFO - Processing file /home/airflow/.local/lib/python3.12/site-packages/airflow/example_dags/example_display_name.py for tasks to queue
[2025-04-21T12:24:44.743+0000] {logging_mixin.py:188} INFO - [2025-04-21T12:24:44.743+0000] {dagbag.py:545} INFO - Filling up the DagBag from /home/airflow/.local/lib/python3.12/site-packages/airflow/example_dags/example_display_name.py
[2025-04-21T12:24:44.747+0000] {processor.py:840} INFO - DAG(s) 'example_display_name' retrieved from /home/airflow/.local/lib/python3.12/site-packages/airflow/example_dags/example_display_name.py
[2025-04-21T12:24:44.757+0000] {logging_mixin.py:188} INFO - [2025-04-21T12:24:44.756+0000] {dag.py:3096} INFO - Sync 1 DAGs
[2025-04-21T12:24:44.763+0000] {logging_mixin.py:188} INFO - [2025-04-21T12:24:44.763+0000] {dag.py:3954} INFO - Setting next_dagrun for example_display_name to None, run_after=None
[2025-04-21T12:24:44.774+0000] {processor.py:183} INFO - Processing /home/airflow/.local/lib/python3.12/site-packages/airflow/example_dags/example_display_name.py took 0.036 seconds
[2025-04-21T12:56:59.811+0000] {processor.py:161} INFO - Started process (PID=93052) to work on /home/airflow/.local/lib/python3.12/site-packages/airflow/example_dags/example_display_name.py
[2025-04-21T12:56:59.815+0000] {processor.py:830} INFO - Processing file /home/airflow/.local/lib/python3.12/site-packages/airflow/example_dags/example_display_name.py for tasks to queue
[2025-04-21T12:56:59.817+0000] {logging_mixin.py:188} INFO - [2025-04-21T12:56:59.816+0000] {dagbag.py:545} INFO - Filling up the DagBag from /home/airflow/.local/lib/python3.12/site-packages/airflow/example_dags/example_display_name.py
[2025-04-21T12:56:59.823+0000] {processor.py:840} INFO - DAG(s) 'example_display_name' retrieved from /home/airflow/.local/lib/python3.12/site-packages/airflow/example_dags/example_display_name.py
[2025-04-21T12:56:59.834+0000] {logging_mixin.py:188} INFO - [2025-04-21T12:56:59.834+0000] {dag.py:3096} INFO - Sync 1 DAGs
[2025-04-21T12:56:59.844+0000] {logging_mixin.py:188} INFO - [2025-04-21T12:56:59.844+0000] {dag.py:3954} INFO - Setting next_dagrun for example_display_name to None, run_after=None
[2025-04-21T12:56:59.856+0000] {processor.py:183} INFO - Processing /home/airflow/.local/lib/python3.12/site-packages/airflow/example_dags/example_display_name.py took 0.050 seconds
[2025-04-21T14:21:26.546+0000] {processor.py:161} INFO - Started process (PID=93112) to work on /home/airflow/.local/lib/python3.12/site-packages/airflow/example_dags/example_display_name.py
[2025-04-21T14:21:26.547+0000] {processor.py:830} INFO - Processing file /home/airflow/.local/lib/python3.12/site-packages/airflow/example_dags/example_display_name.py for tasks to queue
[2025-04-21T14:21:26.550+0000] {logging_mixin.py:188} INFO - [2025-04-21T14:21:26.549+0000] {dagbag.py:545} INFO - Filling up the DagBag from /home/airflow/.local/lib/python3.12/site-packages/airflow/example_dags/example_display_name.py
[2025-04-21T14:21:26.553+0000] {processor.py:840} INFO - DAG(s) 'example_display_name' retrieved from /home/airflow/.local/lib/python3.12/site-packages/airflow/example_dags/example_display_name.py
[2025-04-21T14:21:26.564+0000] {logging_mixin.py:188} INFO - [2025-04-21T14:21:26.564+0000] {dag.py:3096} INFO - Sync 1 DAGs
[2025-04-21T14:21:26.571+0000] {logging_mixin.py:188} INFO - [2025-04-21T14:21:26.570+0000] {dag.py:3954} INFO - Setting next_dagrun for example_display_name to None, run_after=None
[2025-04-21T14:21:26.584+0000] {processor.py:183} INFO - Processing /home/airflow/.local/lib/python3.12/site-packages/airflow/example_dags/example_display_name.py took 0.041 seconds
[2025-04-21T16:03:45.087+0000] {processor.py:161} INFO - Started process (PID=93172) to work on /home/airflow/.local/lib/python3.12/site-packages/airflow/example_dags/example_display_name.py
[2025-04-21T16:03:45.087+0000] {processor.py:830} INFO - Processing file /home/airflow/.local/lib/python3.12/site-packages/airflow/example_dags/example_display_name.py for tasks to queue
[2025-04-21T16:03:45.088+0000] {logging_mixin.py:188} INFO - [2025-04-21T16:03:45.088+0000] {dagbag.py:545} INFO - Filling up the DagBag from /home/airflow/.local/lib/python3.12/site-packages/airflow/example_dags/example_display_name.py
[2025-04-21T16:03:45.095+0000] {processor.py:840} INFO - DAG(s) 'example_display_name' retrieved from /home/airflow/.local/lib/python3.12/site-packages/airflow/example_dags/example_display_name.py
[2025-04-21T16:03:45.106+0000] {logging_mixin.py:188} INFO - [2025-04-21T16:03:45.106+0000] {dag.py:3096} INFO - Sync 1 DAGs
[2025-04-21T16:03:45.111+0000] {logging_mixin.py:188} INFO - [2025-04-21T16:03:45.111+0000] {dag.py:3954} INFO - Setting next_dagrun for example_display_name to None, run_after=None
[2025-04-21T16:03:45.122+0000] {processor.py:183} INFO - Processing /home/airflow/.local/lib/python3.12/site-packages/airflow/example_dags/example_display_name.py took 0.039 seconds
[2025-04-21T17:25:31.986+0000] {processor.py:161} INFO - Started process (PID=93232) to work on /home/airflow/.local/lib/python3.12/site-packages/airflow/example_dags/example_display_name.py
[2025-04-21T17:25:31.986+0000] {processor.py:830} INFO - Processing file /home/airflow/.local/lib/python3.12/site-packages/airflow/example_dags/example_display_name.py for tasks to queue
[2025-04-21T17:25:31.987+0000] {logging_mixin.py:188} INFO - [2025-04-21T17:25:31.987+0000] {dagbag.py:545} INFO - Filling up the DagBag from /home/airflow/.local/lib/python3.12/site-packages/airflow/example_dags/example_display_name.py
[2025-04-21T17:25:31.990+0000] {processor.py:840} INFO - DAG(s) 'example_display_name' retrieved from /home/airflow/.local/lib/python3.12/site-packages/airflow/example_dags/example_display_name.py
[2025-04-21T17:25:32.001+0000] {logging_mixin.py:188} INFO - [2025-04-21T17:25:32.001+0000] {dag.py:3096} INFO - Sync 1 DAGs
[2025-04-21T17:25:32.007+0000] {logging_mixin.py:188} INFO - [2025-04-21T17:25:32.006+0000] {dag.py:3954} INFO - Setting next_dagrun for example_display_name to None, run_after=None
[2025-04-21T17:25:32.015+0000] {processor.py:183} INFO - Processing /home/airflow/.local/lib/python3.12/site-packages/airflow/example_dags/example_display_name.py took 0.032 seconds
[2025-04-21T18:31:35.253+0000] {processor.py:161} INFO - Started process (PID=93292) to work on /home/airflow/.local/lib/python3.12/site-packages/airflow/example_dags/example_display_name.py
[2025-04-21T18:31:35.254+0000] {processor.py:830} INFO - Processing file /home/airflow/.local/lib/python3.12/site-packages/airflow/example_dags/example_display_name.py for tasks to queue
[2025-04-21T18:31:35.255+0000] {logging_mixin.py:188} INFO - [2025-04-21T18:31:35.255+0000] {dagbag.py:545} INFO - Filling up the DagBag from /home/airflow/.local/lib/python3.12/site-packages/airflow/example_dags/example_display_name.py
[2025-04-21T18:31:35.258+0000] {processor.py:840} INFO - DAG(s) 'example_display_name' retrieved from /home/airflow/.local/lib/python3.12/site-packages/airflow/example_dags/example_display_name.py
[2025-04-21T18:31:35.273+0000] {logging_mixin.py:188} INFO - [2025-04-21T18:31:35.273+0000] {dag.py:3096} INFO - Sync 1 DAGs
[2025-04-21T18:31:35.280+0000] {logging_mixin.py:188} INFO - [2025-04-21T18:31:35.280+0000] {dag.py:3954} INFO - Setting next_dagrun for example_display_name to None, run_after=None
[2025-04-21T18:31:35.291+0000] {processor.py:183} INFO - Processing /home/airflow/.local/lib/python3.12/site-packages/airflow/example_dags/example_display_name.py took 0.041 seconds
[2025-04-21T18:32:06.068+0000] {processor.py:161} INFO - Started process (PID=93352) to work on /home/airflow/.local/lib/python3.12/site-packages/airflow/example_dags/example_display_name.py
[2025-04-21T18:32:06.069+0000] {processor.py:830} INFO - Processing file /home/airflow/.local/lib/python3.12/site-packages/airflow/example_dags/example_display_name.py for tasks to queue
[2025-04-21T18:32:06.071+0000] {logging_mixin.py:188} INFO - [2025-04-21T18:32:06.071+0000] {dagbag.py:545} INFO - Filling up the DagBag from /home/airflow/.local/lib/python3.12/site-packages/airflow/example_dags/example_display_name.py
[2025-04-21T18:32:06.074+0000] {processor.py:840} INFO - DAG(s) 'example_display_name' retrieved from /home/airflow/.local/lib/python3.12/site-packages/airflow/example_dags/example_display_name.py
[2025-04-21T18:32:06.089+0000] {logging_mixin.py:188} INFO - [2025-04-21T18:32:06.089+0000] {dag.py:3096} INFO - Sync 1 DAGs
[2025-04-21T18:32:06.095+0000] {logging_mixin.py:188} INFO - [2025-04-21T18:32:06.095+0000] {dag.py:3954} INFO - Setting next_dagrun for example_display_name to None, run_after=None
[2025-04-21T18:32:06.106+0000] {processor.py:183} INFO - Processing /home/airflow/.local/lib/python3.12/site-packages/airflow/example_dags/example_display_name.py took 0.041 seconds
[2025-04-21T18:35:57.622+0000] {processor.py:161} INFO - Started process (PID=93412) to work on /home/airflow/.local/lib/python3.12/site-packages/airflow/example_dags/example_display_name.py
[2025-04-21T18:35:57.623+0000] {processor.py:830} INFO - Processing file /home/airflow/.local/lib/python3.12/site-packages/airflow/example_dags/example_display_name.py for tasks to queue
[2025-04-21T18:35:57.624+0000] {logging_mixin.py:188} INFO - [2025-04-21T18:35:57.624+0000] {dagbag.py:545} INFO - Filling up the DagBag from /home/airflow/.local/lib/python3.12/site-packages/airflow/example_dags/example_display_name.py
[2025-04-21T18:35:57.626+0000] {processor.py:840} INFO - DAG(s) 'example_display_name' retrieved from /home/airflow/.local/lib/python3.12/site-packages/airflow/example_dags/example_display_name.py
[2025-04-21T18:35:57.636+0000] {logging_mixin.py:188} INFO - [2025-04-21T18:35:57.636+0000] {dag.py:3096} INFO - Sync 1 DAGs
[2025-04-21T18:35:57.641+0000] {logging_mixin.py:188} INFO - [2025-04-21T18:35:57.641+0000] {dag.py:3954} INFO - Setting next_dagrun for example_display_name to None, run_after=None
[2025-04-21T18:35:57.656+0000] {processor.py:183} INFO - Processing /home/airflow/.local/lib/python3.12/site-packages/airflow/example_dags/example_display_name.py took 0.037 seconds
[2025-04-21T18:41:10.444+0000] {processor.py:161} INFO - Started process (PID=93472) to work on /home/airflow/.local/lib/python3.12/site-packages/airflow/example_dags/example_display_name.py
[2025-04-21T18:41:10.446+0000] {processor.py:830} INFO - Processing file /home/airflow/.local/lib/python3.12/site-packages/airflow/example_dags/example_display_name.py for tasks to queue
[2025-04-21T18:41:10.447+0000] {logging_mixin.py:188} INFO - [2025-04-21T18:41:10.446+0000] {dagbag.py:545} INFO - Filling up the DagBag from /home/airflow/.local/lib/python3.12/site-packages/airflow/example_dags/example_display_name.py
[2025-04-21T18:41:10.450+0000] {processor.py:840} INFO - DAG(s) 'example_display_name' retrieved from /home/airflow/.local/lib/python3.12/site-packages/airflow/example_dags/example_display_name.py
[2025-04-21T18:41:10.460+0000] {logging_mixin.py:188} INFO - [2025-04-21T18:41:10.459+0000] {dag.py:3096} INFO - Sync 1 DAGs
[2025-04-21T18:41:10.466+0000] {logging_mixin.py:188} INFO - [2025-04-21T18:41:10.466+0000] {dag.py:3954} INFO - Setting next_dagrun for example_display_name to None, run_after=None
[2025-04-21T18:41:10.481+0000] {processor.py:183} INFO - Processing /home/airflow/.local/lib/python3.12/site-packages/airflow/example_dags/example_display_name.py took 0.040 seconds
[2025-04-21T18:41:41.247+0000] {processor.py:161} INFO - Started process (PID=93532) to work on /home/airflow/.local/lib/python3.12/site-packages/airflow/example_dags/example_display_name.py
[2025-04-21T18:41:41.249+0000] {processor.py:830} INFO - Processing file /home/airflow/.local/lib/python3.12/site-packages/airflow/example_dags/example_display_name.py for tasks to queue
[2025-04-21T18:41:41.250+0000] {logging_mixin.py:188} INFO - [2025-04-21T18:41:41.250+0000] {dagbag.py:545} INFO - Filling up the DagBag from /home/airflow/.local/lib/python3.12/site-packages/airflow/example_dags/example_display_name.py
[2025-04-21T18:41:41.253+0000] {processor.py:840} INFO - DAG(s) 'example_display_name' retrieved from /home/airflow/.local/lib/python3.12/site-packages/airflow/example_dags/example_display_name.py
[2025-04-21T18:41:41.263+0000] {logging_mixin.py:188} INFO - [2025-04-21T18:41:41.263+0000] {dag.py:3096} INFO - Sync 1 DAGs
[2025-04-21T18:41:41.270+0000] {logging_mixin.py:188} INFO - [2025-04-21T18:41:41.270+0000] {dag.py:3954} INFO - Setting next_dagrun for example_display_name to None, run_after=None
[2025-04-21T18:41:41.278+0000] {processor.py:183} INFO - Processing /home/airflow/.local/lib/python3.12/site-packages/airflow/example_dags/example_display_name.py took 0.034 seconds
[2025-04-21T18:46:53.398+0000] {processor.py:161} INFO - Started process (PID=93592) to work on /home/airflow/.local/lib/python3.12/site-packages/airflow/example_dags/example_display_name.py
[2025-04-21T18:46:53.399+0000] {processor.py:830} INFO - Processing file /home/airflow/.local/lib/python3.12/site-packages/airflow/example_dags/example_display_name.py for tasks to queue
[2025-04-21T18:46:53.401+0000] {logging_mixin.py:188} INFO - [2025-04-21T18:46:53.400+0000] {dagbag.py:545} INFO - Filling up the DagBag from /home/airflow/.local/lib/python3.12/site-packages/airflow/example_dags/example_display_name.py
[2025-04-21T18:46:53.404+0000] {processor.py:840} INFO - DAG(s) 'example_display_name' retrieved from /home/airflow/.local/lib/python3.12/site-packages/airflow/example_dags/example_display_name.py
[2025-04-21T18:46:53.417+0000] {logging_mixin.py:188} INFO - [2025-04-21T18:46:53.416+0000] {dag.py:3096} INFO - Sync 1 DAGs
[2025-04-21T18:46:53.422+0000] {logging_mixin.py:188} INFO - [2025-04-21T18:46:53.422+0000] {dag.py:3954} INFO - Setting next_dagrun for example_display_name to None, run_after=None
[2025-04-21T18:46:53.433+0000] {processor.py:183} INFO - Processing /home/airflow/.local/lib/python3.12/site-packages/airflow/example_dags/example_display_name.py took 0.038 seconds
[2025-04-21T18:52:06.583+0000] {processor.py:161} INFO - Started process (PID=93652) to work on /home/airflow/.local/lib/python3.12/site-packages/airflow/example_dags/example_display_name.py
[2025-04-21T18:52:06.585+0000] {processor.py:830} INFO - Processing file /home/airflow/.local/lib/python3.12/site-packages/airflow/example_dags/example_display_name.py for tasks to queue
[2025-04-21T18:52:06.586+0000] {logging_mixin.py:188} INFO - [2025-04-21T18:52:06.585+0000] {dagbag.py:545} INFO - Filling up the DagBag from /home/airflow/.local/lib/python3.12/site-packages/airflow/example_dags/example_display_name.py
[2025-04-21T18:52:06.589+0000] {processor.py:840} INFO - DAG(s) 'example_display_name' retrieved from /home/airflow/.local/lib/python3.12/site-packages/airflow/example_dags/example_display_name.py
[2025-04-21T18:52:06.599+0000] {logging_mixin.py:188} INFO - [2025-04-21T18:52:06.599+0000] {dag.py:3096} INFO - Sync 1 DAGs
[2025-04-21T18:52:06.606+0000] {logging_mixin.py:188} INFO - [2025-04-21T18:52:06.606+0000] {dag.py:3954} INFO - Setting next_dagrun for example_display_name to None, run_after=None
[2025-04-21T18:52:06.620+0000] {processor.py:183} INFO - Processing /home/airflow/.local/lib/python3.12/site-packages/airflow/example_dags/example_display_name.py took 0.040 seconds
[2025-04-21T18:52:38.029+0000] {processor.py:161} INFO - Started process (PID=93712) to work on /home/airflow/.local/lib/python3.12/site-packages/airflow/example_dags/example_display_name.py
[2025-04-21T18:52:38.030+0000] {processor.py:830} INFO - Processing file /home/airflow/.local/lib/python3.12/site-packages/airflow/example_dags/example_display_name.py for tasks to queue
[2025-04-21T18:52:38.032+0000] {logging_mixin.py:188} INFO - [2025-04-21T18:52:38.031+0000] {dagbag.py:545} INFO - Filling up the DagBag from /home/airflow/.local/lib/python3.12/site-packages/airflow/example_dags/example_display_name.py
[2025-04-21T18:52:38.035+0000] {processor.py:840} INFO - DAG(s) 'example_display_name' retrieved from /home/airflow/.local/lib/python3.12/site-packages/airflow/example_dags/example_display_name.py
[2025-04-21T18:52:38.129+0000] {logging_mixin.py:188} INFO - [2025-04-21T18:52:38.129+0000] {dag.py:3096} INFO - Sync 1 DAGs
[2025-04-21T18:52:38.135+0000] {logging_mixin.py:188} INFO - [2025-04-21T18:52:38.135+0000] {dag.py:3954} INFO - Setting next_dagrun for example_display_name to None, run_after=None
[2025-04-21T18:52:38.147+0000] {processor.py:183} INFO - Processing /home/airflow/.local/lib/python3.12/site-packages/airflow/example_dags/example_display_name.py took 0.122 seconds
[2025-04-21T18:57:49.253+0000] {processor.py:161} INFO - Started process (PID=93772) to work on /home/airflow/.local/lib/python3.12/site-packages/airflow/example_dags/example_display_name.py
[2025-04-21T18:57:49.255+0000] {processor.py:830} INFO - Processing file /home/airflow/.local/lib/python3.12/site-packages/airflow/example_dags/example_display_name.py for tasks to queue
[2025-04-21T18:57:49.257+0000] {logging_mixin.py:188} INFO - [2025-04-21T18:57:49.257+0000] {dagbag.py:545} INFO - Filling up the DagBag from /home/airflow/.local/lib/python3.12/site-packages/airflow/example_dags/example_display_name.py
[2025-04-21T18:57:49.260+0000] {processor.py:840} INFO - DAG(s) 'example_display_name' retrieved from /home/airflow/.local/lib/python3.12/site-packages/airflow/example_dags/example_display_name.py
[2025-04-21T18:57:49.271+0000] {logging_mixin.py:188} INFO - [2025-04-21T18:57:49.270+0000] {dag.py:3096} INFO - Sync 1 DAGs
[2025-04-21T18:57:49.276+0000] {logging_mixin.py:188} INFO - [2025-04-21T18:57:49.276+0000] {dag.py:3954} INFO - Setting next_dagrun for example_display_name to None, run_after=None
[2025-04-21T18:57:49.289+0000] {processor.py:183} INFO - Processing /home/airflow/.local/lib/python3.12/site-packages/airflow/example_dags/example_display_name.py took 0.039 seconds
[2025-04-21T20:03:24.227+0000] {processor.py:161} INFO - Started process (PID=93832) to work on /home/airflow/.local/lib/python3.12/site-packages/airflow/example_dags/example_display_name.py
[2025-04-21T20:03:24.228+0000] {processor.py:830} INFO - Processing file /home/airflow/.local/lib/python3.12/site-packages/airflow/example_dags/example_display_name.py for tasks to queue
[2025-04-21T20:03:24.230+0000] {logging_mixin.py:188} INFO - [2025-04-21T20:03:24.229+0000] {dagbag.py:545} INFO - Filling up the DagBag from /home/airflow/.local/lib/python3.12/site-packages/airflow/example_dags/example_display_name.py
[2025-04-21T20:03:24.233+0000] {processor.py:840} INFO - DAG(s) 'example_display_name' retrieved from /home/airflow/.local/lib/python3.12/site-packages/airflow/example_dags/example_display_name.py
[2025-04-21T20:03:24.242+0000] {logging_mixin.py:188} INFO - [2025-04-21T20:03:24.242+0000] {dag.py:3096} INFO - Sync 1 DAGs
[2025-04-21T20:03:24.248+0000] {logging_mixin.py:188} INFO - [2025-04-21T20:03:24.248+0000] {dag.py:3954} INFO - Setting next_dagrun for example_display_name to None, run_after=None
[2025-04-21T20:03:24.264+0000] {processor.py:183} INFO - Processing /home/airflow/.local/lib/python3.12/site-packages/airflow/example_dags/example_display_name.py took 0.039 seconds
[2025-04-21T20:15:53.742+0000] {processor.py:161} INFO - Started process (PID=93892) to work on /home/airflow/.local/lib/python3.12/site-packages/airflow/example_dags/example_display_name.py
[2025-04-21T20:15:53.742+0000] {processor.py:830} INFO - Processing file /home/airflow/.local/lib/python3.12/site-packages/airflow/example_dags/example_display_name.py for tasks to queue
[2025-04-21T20:15:53.744+0000] {logging_mixin.py:188} INFO - [2025-04-21T20:15:53.744+0000] {dagbag.py:545} INFO - Filling up the DagBag from /home/airflow/.local/lib/python3.12/site-packages/airflow/example_dags/example_display_name.py
[2025-04-21T20:15:53.748+0000] {processor.py:840} INFO - DAG(s) 'example_display_name' retrieved from /home/airflow/.local/lib/python3.12/site-packages/airflow/example_dags/example_display_name.py
[2025-04-21T20:15:53.760+0000] {logging_mixin.py:188} INFO - [2025-04-21T20:15:53.760+0000] {dag.py:3096} INFO - Sync 1 DAGs
[2025-04-21T20:15:53.766+0000] {logging_mixin.py:188} INFO - [2025-04-21T20:15:53.766+0000] {dag.py:3954} INFO - Setting next_dagrun for example_display_name to None, run_after=None
[2025-04-21T20:15:53.775+0000] {processor.py:183} INFO - Processing /home/airflow/.local/lib/python3.12/site-packages/airflow/example_dags/example_display_name.py took 0.036 seconds
[2025-04-21T20:21:07.286+0000] {processor.py:161} INFO - Started process (PID=93952) to work on /home/airflow/.local/lib/python3.12/site-packages/airflow/example_dags/example_display_name.py
[2025-04-21T20:21:07.287+0000] {processor.py:830} INFO - Processing file /home/airflow/.local/lib/python3.12/site-packages/airflow/example_dags/example_display_name.py for tasks to queue
[2025-04-21T20:21:07.288+0000] {logging_mixin.py:188} INFO - [2025-04-21T20:21:07.288+0000] {dagbag.py:545} INFO - Filling up the DagBag from /home/airflow/.local/lib/python3.12/site-packages/airflow/example_dags/example_display_name.py
[2025-04-21T20:21:07.291+0000] {processor.py:840} INFO - DAG(s) 'example_display_name' retrieved from /home/airflow/.local/lib/python3.12/site-packages/airflow/example_dags/example_display_name.py
[2025-04-21T20:21:07.306+0000] {logging_mixin.py:188} INFO - [2025-04-21T20:21:07.306+0000] {dag.py:3096} INFO - Sync 1 DAGs
[2025-04-21T20:21:07.315+0000] {logging_mixin.py:188} INFO - [2025-04-21T20:21:07.315+0000] {dag.py:3954} INFO - Setting next_dagrun for example_display_name to None, run_after=None
[2025-04-21T20:21:07.333+0000] {processor.py:183} INFO - Processing /home/airflow/.local/lib/python3.12/site-packages/airflow/example_dags/example_display_name.py took 0.049 seconds
[2025-04-21T20:22:21.148+0000] {processor.py:161} INFO - Started process (PID=94012) to work on /home/airflow/.local/lib/python3.12/site-packages/airflow/example_dags/example_display_name.py
[2025-04-21T20:22:21.150+0000] {processor.py:830} INFO - Processing file /home/airflow/.local/lib/python3.12/site-packages/airflow/example_dags/example_display_name.py for tasks to queue
[2025-04-21T20:22:21.151+0000] {logging_mixin.py:188} INFO - [2025-04-21T20:22:21.151+0000] {dagbag.py:545} INFO - Filling up the DagBag from /home/airflow/.local/lib/python3.12/site-packages/airflow/example_dags/example_display_name.py
[2025-04-21T20:22:21.154+0000] {processor.py:840} INFO - DAG(s) 'example_display_name' retrieved from /home/airflow/.local/lib/python3.12/site-packages/airflow/example_dags/example_display_name.py
[2025-04-21T20:22:21.164+0000] {logging_mixin.py:188} INFO - [2025-04-21T20:22:21.164+0000] {dag.py:3096} INFO - Sync 1 DAGs
[2025-04-21T20:22:21.170+0000] {logging_mixin.py:188} INFO - [2025-04-21T20:22:21.170+0000] {dag.py:3954} INFO - Setting next_dagrun for example_display_name to None, run_after=None
[2025-04-21T20:22:21.178+0000] {processor.py:183} INFO - Processing /home/airflow/.local/lib/python3.12/site-packages/airflow/example_dags/example_display_name.py took 0.033 seconds
[2025-04-21T20:27:34.794+0000] {processor.py:161} INFO - Started process (PID=94072) to work on /home/airflow/.local/lib/python3.12/site-packages/airflow/example_dags/example_display_name.py
[2025-04-21T20:27:34.795+0000] {processor.py:830} INFO - Processing file /home/airflow/.local/lib/python3.12/site-packages/airflow/example_dags/example_display_name.py for tasks to queue
[2025-04-21T20:27:34.796+0000] {logging_mixin.py:188} INFO - [2025-04-21T20:27:34.796+0000] {dagbag.py:545} INFO - Filling up the DagBag from /home/airflow/.local/lib/python3.12/site-packages/airflow/example_dags/example_display_name.py
[2025-04-21T20:27:34.799+0000] {processor.py:840} INFO - DAG(s) 'example_display_name' retrieved from /home/airflow/.local/lib/python3.12/site-packages/airflow/example_dags/example_display_name.py
[2025-04-21T20:27:34.808+0000] {logging_mixin.py:188} INFO - [2025-04-21T20:27:34.808+0000] {dag.py:3096} INFO - Sync 1 DAGs
[2025-04-21T20:27:34.813+0000] {logging_mixin.py:188} INFO - [2025-04-21T20:27:34.813+0000] {dag.py:3954} INFO - Setting next_dagrun for example_display_name to None, run_after=None
[2025-04-21T20:27:34.820+0000] {processor.py:183} INFO - Processing /home/airflow/.local/lib/python3.12/site-packages/airflow/example_dags/example_display_name.py took 0.029 seconds
[2025-04-21T20:29:31.998+0000] {processor.py:161} INFO - Started process (PID=94132) to work on /home/airflow/.local/lib/python3.12/site-packages/airflow/example_dags/example_display_name.py
[2025-04-21T20:29:32.000+0000] {processor.py:830} INFO - Processing file /home/airflow/.local/lib/python3.12/site-packages/airflow/example_dags/example_display_name.py for tasks to queue
[2025-04-21T20:29:32.001+0000] {logging_mixin.py:188} INFO - [2025-04-21T20:29:32.001+0000] {dagbag.py:545} INFO - Filling up the DagBag from /home/airflow/.local/lib/python3.12/site-packages/airflow/example_dags/example_display_name.py
[2025-04-21T20:29:32.004+0000] {processor.py:840} INFO - DAG(s) 'example_display_name' retrieved from /home/airflow/.local/lib/python3.12/site-packages/airflow/example_dags/example_display_name.py
[2025-04-21T20:29:32.014+0000] {logging_mixin.py:188} INFO - [2025-04-21T20:29:32.014+0000] {dag.py:3096} INFO - Sync 1 DAGs
[2025-04-21T20:29:32.020+0000] {logging_mixin.py:188} INFO - [2025-04-21T20:29:32.020+0000] {dag.py:3954} INFO - Setting next_dagrun for example_display_name to None, run_after=None
[2025-04-21T20:29:32.028+0000] {processor.py:183} INFO - Processing /home/airflow/.local/lib/python3.12/site-packages/airflow/example_dags/example_display_name.py took 0.033 seconds
[2025-04-21T20:30:51.440+0000] {processor.py:161} INFO - Started process (PID=94192) to work on /home/airflow/.local/lib/python3.12/site-packages/airflow/example_dags/example_display_name.py
[2025-04-21T20:30:51.441+0000] {processor.py:830} INFO - Processing file /home/airflow/.local/lib/python3.12/site-packages/airflow/example_dags/example_display_name.py for tasks to queue
[2025-04-21T20:30:51.442+0000] {logging_mixin.py:188} INFO - [2025-04-21T20:30:51.442+0000] {dagbag.py:545} INFO - Filling up the DagBag from /home/airflow/.local/lib/python3.12/site-packages/airflow/example_dags/example_display_name.py
[2025-04-21T20:30:51.445+0000] {processor.py:840} INFO - DAG(s) 'example_display_name' retrieved from /home/airflow/.local/lib/python3.12/site-packages/airflow/example_dags/example_display_name.py
[2025-04-21T20:30:51.459+0000] {logging_mixin.py:188} INFO - [2025-04-21T20:30:51.459+0000] {dag.py:3096} INFO - Sync 1 DAGs
[2025-04-21T20:30:51.465+0000] {logging_mixin.py:188} INFO - [2025-04-21T20:30:51.464+0000] {dag.py:3954} INFO - Setting next_dagrun for example_display_name to None, run_after=None
[2025-04-21T20:30:51.475+0000] {processor.py:183} INFO - Processing /home/airflow/.local/lib/python3.12/site-packages/airflow/example_dags/example_display_name.py took 0.038 seconds
[2025-04-21T20:31:32.711+0000] {processor.py:161} INFO - Started process (PID=94252) to work on /home/airflow/.local/lib/python3.12/site-packages/airflow/example_dags/example_display_name.py
[2025-04-21T20:31:32.712+0000] {processor.py:830} INFO - Processing file /home/airflow/.local/lib/python3.12/site-packages/airflow/example_dags/example_display_name.py for tasks to queue
[2025-04-21T20:31:32.713+0000] {logging_mixin.py:188} INFO - [2025-04-21T20:31:32.713+0000] {dagbag.py:545} INFO - Filling up the DagBag from /home/airflow/.local/lib/python3.12/site-packages/airflow/example_dags/example_display_name.py
[2025-04-21T20:31:32.717+0000] {processor.py:840} INFO - DAG(s) 'example_display_name' retrieved from /home/airflow/.local/lib/python3.12/site-packages/airflow/example_dags/example_display_name.py
[2025-04-21T20:31:32.726+0000] {logging_mixin.py:188} INFO - [2025-04-21T20:31:32.726+0000] {dag.py:3096} INFO - Sync 1 DAGs
[2025-04-21T20:31:32.732+0000] {logging_mixin.py:188} INFO - [2025-04-21T20:31:32.732+0000] {dag.py:3954} INFO - Setting next_dagrun for example_display_name to None, run_after=None
[2025-04-21T20:31:32.743+0000] {processor.py:183} INFO - Processing /home/airflow/.local/lib/python3.12/site-packages/airflow/example_dags/example_display_name.py took 0.035 seconds
[2025-04-21T20:32:08.004+0000] {processor.py:161} INFO - Started process (PID=94312) to work on /home/airflow/.local/lib/python3.12/site-packages/airflow/example_dags/example_display_name.py
[2025-04-21T20:32:08.004+0000] {processor.py:830} INFO - Processing file /home/airflow/.local/lib/python3.12/site-packages/airflow/example_dags/example_display_name.py for tasks to queue
[2025-04-21T20:32:08.007+0000] {logging_mixin.py:188} INFO - [2025-04-21T20:32:08.006+0000] {dagbag.py:545} INFO - Filling up the DagBag from /home/airflow/.local/lib/python3.12/site-packages/airflow/example_dags/example_display_name.py
[2025-04-21T20:32:08.010+0000] {processor.py:840} INFO - DAG(s) 'example_display_name' retrieved from /home/airflow/.local/lib/python3.12/site-packages/airflow/example_dags/example_display_name.py
[2025-04-21T20:32:08.020+0000] {logging_mixin.py:188} INFO - [2025-04-21T20:32:08.020+0000] {dag.py:3096} INFO - Sync 1 DAGs
[2025-04-21T20:32:08.027+0000] {logging_mixin.py:188} INFO - [2025-04-21T20:32:08.027+0000] {dag.py:3954} INFO - Setting next_dagrun for example_display_name to None, run_after=None
[2025-04-21T20:32:08.040+0000] {processor.py:183} INFO - Processing /home/airflow/.local/lib/python3.12/site-packages/airflow/example_dags/example_display_name.py took 0.039 seconds
[2025-04-21T20:33:32.739+0000] {processor.py:161} INFO - Started process (PID=94372) to work on /home/airflow/.local/lib/python3.12/site-packages/airflow/example_dags/example_display_name.py
[2025-04-21T20:33:32.741+0000] {processor.py:830} INFO - Processing file /home/airflow/.local/lib/python3.12/site-packages/airflow/example_dags/example_display_name.py for tasks to queue
[2025-04-21T20:33:32.742+0000] {logging_mixin.py:188} INFO - [2025-04-21T20:33:32.741+0000] {dagbag.py:545} INFO - Filling up the DagBag from /home/airflow/.local/lib/python3.12/site-packages/airflow/example_dags/example_display_name.py
[2025-04-21T20:33:32.745+0000] {processor.py:840} INFO - DAG(s) 'example_display_name' retrieved from /home/airflow/.local/lib/python3.12/site-packages/airflow/example_dags/example_display_name.py
[2025-04-21T20:33:32.754+0000] {logging_mixin.py:188} INFO - [2025-04-21T20:33:32.754+0000] {dag.py:3096} INFO - Sync 1 DAGs
[2025-04-21T20:33:32.760+0000] {logging_mixin.py:188} INFO - [2025-04-21T20:33:32.760+0000] {dag.py:3954} INFO - Setting next_dagrun for example_display_name to None, run_after=None
[2025-04-21T20:33:32.770+0000] {processor.py:183} INFO - Processing /home/airflow/.local/lib/python3.12/site-packages/airflow/example_dags/example_display_name.py took 0.034 seconds
[2025-04-21T20:34:55.326+0000] {processor.py:161} INFO - Started process (PID=94432) to work on /home/airflow/.local/lib/python3.12/site-packages/airflow/example_dags/example_display_name.py
[2025-04-21T20:34:55.326+0000] {processor.py:830} INFO - Processing file /home/airflow/.local/lib/python3.12/site-packages/airflow/example_dags/example_display_name.py for tasks to queue
[2025-04-21T20:34:55.327+0000] {logging_mixin.py:188} INFO - [2025-04-21T20:34:55.327+0000] {dagbag.py:545} INFO - Filling up the DagBag from /home/airflow/.local/lib/python3.12/site-packages/airflow/example_dags/example_display_name.py
[2025-04-21T20:34:55.330+0000] {processor.py:840} INFO - DAG(s) 'example_display_name' retrieved from /home/airflow/.local/lib/python3.12/site-packages/airflow/example_dags/example_display_name.py
[2025-04-21T20:34:55.339+0000] {logging_mixin.py:188} INFO - [2025-04-21T20:34:55.339+0000] {dag.py:3096} INFO - Sync 1 DAGs
[2025-04-21T20:34:55.345+0000] {logging_mixin.py:188} INFO - [2025-04-21T20:34:55.344+0000] {dag.py:3954} INFO - Setting next_dagrun for example_display_name to None, run_after=None
[2025-04-21T20:34:55.352+0000] {processor.py:183} INFO - Processing /home/airflow/.local/lib/python3.12/site-packages/airflow/example_dags/example_display_name.py took 0.029 seconds
[2025-04-21T20:36:08.429+0000] {processor.py:161} INFO - Started process (PID=94492) to work on /home/airflow/.local/lib/python3.12/site-packages/airflow/example_dags/example_display_name.py
[2025-04-21T20:36:08.430+0000] {processor.py:830} INFO - Processing file /home/airflow/.local/lib/python3.12/site-packages/airflow/example_dags/example_display_name.py for tasks to queue
[2025-04-21T20:36:08.431+0000] {logging_mixin.py:188} INFO - [2025-04-21T20:36:08.431+0000] {dagbag.py:545} INFO - Filling up the DagBag from /home/airflow/.local/lib/python3.12/site-packages/airflow/example_dags/example_display_name.py
[2025-04-21T20:36:08.434+0000] {processor.py:840} INFO - DAG(s) 'example_display_name' retrieved from /home/airflow/.local/lib/python3.12/site-packages/airflow/example_dags/example_display_name.py
[2025-04-21T20:36:08.444+0000] {logging_mixin.py:188} INFO - [2025-04-21T20:36:08.444+0000] {dag.py:3096} INFO - Sync 1 DAGs
[2025-04-21T20:36:08.449+0000] {logging_mixin.py:188} INFO - [2025-04-21T20:36:08.449+0000] {dag.py:3954} INFO - Setting next_dagrun for example_display_name to None, run_after=None
[2025-04-21T20:36:08.462+0000] {processor.py:183} INFO - Processing /home/airflow/.local/lib/python3.12/site-packages/airflow/example_dags/example_display_name.py took 0.036 seconds
[2025-04-21T20:37:30.264+0000] {processor.py:161} INFO - Started process (PID=94552) to work on /home/airflow/.local/lib/python3.12/site-packages/airflow/example_dags/example_display_name.py
[2025-04-21T20:37:30.266+0000] {processor.py:830} INFO - Processing file /home/airflow/.local/lib/python3.12/site-packages/airflow/example_dags/example_display_name.py for tasks to queue
[2025-04-21T20:37:30.267+0000] {logging_mixin.py:188} INFO - [2025-04-21T20:37:30.267+0000] {dagbag.py:545} INFO - Filling up the DagBag from /home/airflow/.local/lib/python3.12/site-packages/airflow/example_dags/example_display_name.py
[2025-04-21T20:37:30.271+0000] {processor.py:840} INFO - DAG(s) 'example_display_name' retrieved from /home/airflow/.local/lib/python3.12/site-packages/airflow/example_dags/example_display_name.py
[2025-04-21T20:37:30.280+0000] {logging_mixin.py:188} INFO - [2025-04-21T20:37:30.280+0000] {dag.py:3096} INFO - Sync 1 DAGs
[2025-04-21T20:37:30.286+0000] {logging_mixin.py:188} INFO - [2025-04-21T20:37:30.286+0000] {dag.py:3954} INFO - Setting next_dagrun for example_display_name to None, run_after=None
[2025-04-21T20:37:30.301+0000] {processor.py:183} INFO - Processing /home/airflow/.local/lib/python3.12/site-packages/airflow/example_dags/example_display_name.py took 0.040 seconds
[2025-04-21T20:40:16.689+0000] {processor.py:161} INFO - Started process (PID=94612) to work on /home/airflow/.local/lib/python3.12/site-packages/airflow/example_dags/example_display_name.py
[2025-04-21T20:40:16.691+0000] {processor.py:830} INFO - Processing file /home/airflow/.local/lib/python3.12/site-packages/airflow/example_dags/example_display_name.py for tasks to queue
[2025-04-21T20:40:16.692+0000] {logging_mixin.py:188} INFO - [2025-04-21T20:40:16.692+0000] {dagbag.py:545} INFO - Filling up the DagBag from /home/airflow/.local/lib/python3.12/site-packages/airflow/example_dags/example_display_name.py
[2025-04-21T20:40:16.695+0000] {processor.py:840} INFO - DAG(s) 'example_display_name' retrieved from /home/airflow/.local/lib/python3.12/site-packages/airflow/example_dags/example_display_name.py
[2025-04-21T20:40:16.705+0000] {logging_mixin.py:188} INFO - [2025-04-21T20:40:16.705+0000] {dag.py:3096} INFO - Sync 1 DAGs
[2025-04-21T20:40:16.711+0000] {logging_mixin.py:188} INFO - [2025-04-21T20:40:16.711+0000] {dag.py:3954} INFO - Setting next_dagrun for example_display_name to None, run_after=None
[2025-04-21T20:40:16.720+0000] {processor.py:183} INFO - Processing /home/airflow/.local/lib/python3.12/site-packages/airflow/example_dags/example_display_name.py took 0.034 seconds
[2025-04-21T20:41:06.634+0000] {processor.py:161} INFO - Started process (PID=94672) to work on /home/airflow/.local/lib/python3.12/site-packages/airflow/example_dags/example_display_name.py
[2025-04-21T20:41:06.635+0000] {processor.py:830} INFO - Processing file /home/airflow/.local/lib/python3.12/site-packages/airflow/example_dags/example_display_name.py for tasks to queue
[2025-04-21T20:41:06.635+0000] {logging_mixin.py:188} INFO - [2025-04-21T20:41:06.635+0000] {dagbag.py:545} INFO - Filling up the DagBag from /home/airflow/.local/lib/python3.12/site-packages/airflow/example_dags/example_display_name.py
[2025-04-21T20:41:06.638+0000] {processor.py:840} INFO - DAG(s) 'example_display_name' retrieved from /home/airflow/.local/lib/python3.12/site-packages/airflow/example_dags/example_display_name.py
[2025-04-21T20:41:06.647+0000] {logging_mixin.py:188} INFO - [2025-04-21T20:41:06.647+0000] {dag.py:3096} INFO - Sync 1 DAGs
[2025-04-21T20:41:06.652+0000] {logging_mixin.py:188} INFO - [2025-04-21T20:41:06.652+0000] {dag.py:3954} INFO - Setting next_dagrun for example_display_name to None, run_after=None
[2025-04-21T20:41:06.660+0000] {processor.py:183} INFO - Processing /home/airflow/.local/lib/python3.12/site-packages/airflow/example_dags/example_display_name.py took 0.029 seconds
[2025-04-21T20:41:49.224+0000] {processor.py:161} INFO - Started process (PID=94732) to work on /home/airflow/.local/lib/python3.12/site-packages/airflow/example_dags/example_display_name.py
[2025-04-21T20:41:49.226+0000] {processor.py:830} INFO - Processing file /home/airflow/.local/lib/python3.12/site-packages/airflow/example_dags/example_display_name.py for tasks to queue
[2025-04-21T20:41:49.228+0000] {logging_mixin.py:188} INFO - [2025-04-21T20:41:49.228+0000] {dagbag.py:545} INFO - Filling up the DagBag from /home/airflow/.local/lib/python3.12/site-packages/airflow/example_dags/example_display_name.py
[2025-04-21T20:41:49.231+0000] {processor.py:840} INFO - DAG(s) 'example_display_name' retrieved from /home/airflow/.local/lib/python3.12/site-packages/airflow/example_dags/example_display_name.py
[2025-04-21T20:41:49.241+0000] {logging_mixin.py:188} INFO - [2025-04-21T20:41:49.241+0000] {dag.py:3096} INFO - Sync 1 DAGs
[2025-04-21T20:41:49.247+0000] {logging_mixin.py:188} INFO - [2025-04-21T20:41:49.247+0000] {dag.py:3954} INFO - Setting next_dagrun for example_display_name to None, run_after=None
[2025-04-21T20:41:49.259+0000] {processor.py:183} INFO - Processing /home/airflow/.local/lib/python3.12/site-packages/airflow/example_dags/example_display_name.py took 0.038 seconds
[2025-04-21T20:42:34.358+0000] {processor.py:161} INFO - Started process (PID=94792) to work on /home/airflow/.local/lib/python3.12/site-packages/airflow/example_dags/example_display_name.py
[2025-04-21T20:42:34.362+0000] {processor.py:830} INFO - Processing file /home/airflow/.local/lib/python3.12/site-packages/airflow/example_dags/example_display_name.py for tasks to queue
[2025-04-21T20:42:34.364+0000] {logging_mixin.py:188} INFO - [2025-04-21T20:42:34.363+0000] {dagbag.py:545} INFO - Filling up the DagBag from /home/airflow/.local/lib/python3.12/site-packages/airflow/example_dags/example_display_name.py
[2025-04-21T20:42:34.367+0000] {processor.py:840} INFO - DAG(s) 'example_display_name' retrieved from /home/airflow/.local/lib/python3.12/site-packages/airflow/example_dags/example_display_name.py
[2025-04-21T20:42:34.380+0000] {logging_mixin.py:188} INFO - [2025-04-21T20:42:34.380+0000] {dag.py:3096} INFO - Sync 1 DAGs
[2025-04-21T20:42:34.385+0000] {logging_mixin.py:188} INFO - [2025-04-21T20:42:34.385+0000] {dag.py:3954} INFO - Setting next_dagrun for example_display_name to None, run_after=None
[2025-04-21T20:42:34.396+0000] {processor.py:183} INFO - Processing /home/airflow/.local/lib/python3.12/site-packages/airflow/example_dags/example_display_name.py took 0.041 seconds
[2025-04-21T20:43:37.456+0000] {processor.py:161} INFO - Started process (PID=94852) to work on /home/airflow/.local/lib/python3.12/site-packages/airflow/example_dags/example_display_name.py
[2025-04-21T20:43:37.456+0000] {processor.py:830} INFO - Processing file /home/airflow/.local/lib/python3.12/site-packages/airflow/example_dags/example_display_name.py for tasks to queue
[2025-04-21T20:43:37.457+0000] {logging_mixin.py:188} INFO - [2025-04-21T20:43:37.457+0000] {dagbag.py:545} INFO - Filling up the DagBag from /home/airflow/.local/lib/python3.12/site-packages/airflow/example_dags/example_display_name.py
[2025-04-21T20:43:37.460+0000] {processor.py:840} INFO - DAG(s) 'example_display_name' retrieved from /home/airflow/.local/lib/python3.12/site-packages/airflow/example_dags/example_display_name.py
[2025-04-21T20:43:37.468+0000] {logging_mixin.py:188} INFO - [2025-04-21T20:43:37.468+0000] {dag.py:3096} INFO - Sync 1 DAGs
[2025-04-21T20:43:37.473+0000] {logging_mixin.py:188} INFO - [2025-04-21T20:43:37.473+0000] {dag.py:3954} INFO - Setting next_dagrun for example_display_name to None, run_after=None
[2025-04-21T20:43:37.481+0000] {processor.py:183} INFO - Processing /home/airflow/.local/lib/python3.12/site-packages/airflow/example_dags/example_display_name.py took 0.028 seconds
[2025-04-21T20:44:41.283+0000] {processor.py:161} INFO - Started process (PID=94912) to work on /home/airflow/.local/lib/python3.12/site-packages/airflow/example_dags/example_display_name.py
[2025-04-21T20:44:41.286+0000] {processor.py:830} INFO - Processing file /home/airflow/.local/lib/python3.12/site-packages/airflow/example_dags/example_display_name.py for tasks to queue
[2025-04-21T20:44:41.288+0000] {logging_mixin.py:188} INFO - [2025-04-21T20:44:41.288+0000] {dagbag.py:545} INFO - Filling up the DagBag from /home/airflow/.local/lib/python3.12/site-packages/airflow/example_dags/example_display_name.py
[2025-04-21T20:44:41.291+0000] {processor.py:840} INFO - DAG(s) 'example_display_name' retrieved from /home/airflow/.local/lib/python3.12/site-packages/airflow/example_dags/example_display_name.py
[2025-04-21T20:44:41.301+0000] {logging_mixin.py:188} INFO - [2025-04-21T20:44:41.300+0000] {dag.py:3096} INFO - Sync 1 DAGs
[2025-04-21T20:44:41.307+0000] {logging_mixin.py:188} INFO - [2025-04-21T20:44:41.307+0000] {dag.py:3954} INFO - Setting next_dagrun for example_display_name to None, run_after=None
[2025-04-21T20:44:41.316+0000] {processor.py:183} INFO - Processing /home/airflow/.local/lib/python3.12/site-packages/airflow/example_dags/example_display_name.py took 0.035 seconds
[2025-04-21T20:45:22.920+0000] {processor.py:161} INFO - Started process (PID=94972) to work on /home/airflow/.local/lib/python3.12/site-packages/airflow/example_dags/example_display_name.py
[2025-04-21T20:45:22.921+0000] {processor.py:830} INFO - Processing file /home/airflow/.local/lib/python3.12/site-packages/airflow/example_dags/example_display_name.py for tasks to queue
[2025-04-21T20:45:22.922+0000] {logging_mixin.py:188} INFO - [2025-04-21T20:45:22.922+0000] {dagbag.py:545} INFO - Filling up the DagBag from /home/airflow/.local/lib/python3.12/site-packages/airflow/example_dags/example_display_name.py
[2025-04-21T20:45:22.927+0000] {processor.py:840} INFO - DAG(s) 'example_display_name' retrieved from /home/airflow/.local/lib/python3.12/site-packages/airflow/example_dags/example_display_name.py
[2025-04-21T20:45:22.941+0000] {logging_mixin.py:188} INFO - [2025-04-21T20:45:22.941+0000] {dag.py:3096} INFO - Sync 1 DAGs
[2025-04-21T20:45:22.946+0000] {logging_mixin.py:188} INFO - [2025-04-21T20:45:22.946+0000] {dag.py:3954} INFO - Setting next_dagrun for example_display_name to None, run_after=None
[2025-04-21T20:45:22.958+0000] {processor.py:183} INFO - Processing /home/airflow/.local/lib/python3.12/site-packages/airflow/example_dags/example_display_name.py took 0.040 seconds
[2025-04-21T20:50:35.539+0000] {processor.py:161} INFO - Started process (PID=95032) to work on /home/airflow/.local/lib/python3.12/site-packages/airflow/example_dags/example_display_name.py
[2025-04-21T20:50:35.540+0000] {processor.py:830} INFO - Processing file /home/airflow/.local/lib/python3.12/site-packages/airflow/example_dags/example_display_name.py for tasks to queue
[2025-04-21T20:50:35.542+0000] {logging_mixin.py:188} INFO - [2025-04-21T20:50:35.542+0000] {dagbag.py:545} INFO - Filling up the DagBag from /home/airflow/.local/lib/python3.12/site-packages/airflow/example_dags/example_display_name.py
[2025-04-21T20:50:35.545+0000] {processor.py:840} INFO - DAG(s) 'example_display_name' retrieved from /home/airflow/.local/lib/python3.12/site-packages/airflow/example_dags/example_display_name.py
[2025-04-21T20:50:35.554+0000] {logging_mixin.py:188} INFO - [2025-04-21T20:50:35.554+0000] {dag.py:3096} INFO - Sync 1 DAGs
[2025-04-21T20:50:35.560+0000] {logging_mixin.py:188} INFO - [2025-04-21T20:50:35.560+0000] {dag.py:3954} INFO - Setting next_dagrun for example_display_name to None, run_after=None
[2025-04-21T20:50:35.576+0000] {processor.py:183} INFO - Processing /home/airflow/.local/lib/python3.12/site-packages/airflow/example_dags/example_display_name.py took 0.039 seconds
[2025-04-21T20:51:06.030+0000] {processor.py:161} INFO - Started process (PID=95092) to work on /home/airflow/.local/lib/python3.12/site-packages/airflow/example_dags/example_display_name.py
[2025-04-21T20:51:06.030+0000] {processor.py:830} INFO - Processing file /home/airflow/.local/lib/python3.12/site-packages/airflow/example_dags/example_display_name.py for tasks to queue
[2025-04-21T20:51:06.031+0000] {logging_mixin.py:188} INFO - [2025-04-21T20:51:06.031+0000] {dagbag.py:545} INFO - Filling up the DagBag from /home/airflow/.local/lib/python3.12/site-packages/airflow/example_dags/example_display_name.py
[2025-04-21T20:51:06.035+0000] {processor.py:840} INFO - DAG(s) 'example_display_name' retrieved from /home/airflow/.local/lib/python3.12/site-packages/airflow/example_dags/example_display_name.py
[2025-04-21T20:51:06.047+0000] {logging_mixin.py:188} INFO - [2025-04-21T20:51:06.047+0000] {dag.py:3096} INFO - Sync 1 DAGs
[2025-04-21T20:51:06.055+0000] {logging_mixin.py:188} INFO - [2025-04-21T20:51:06.054+0000] {dag.py:3954} INFO - Setting next_dagrun for example_display_name to None, run_after=None
[2025-04-21T20:51:06.064+0000] {processor.py:183} INFO - Processing /home/airflow/.local/lib/python3.12/site-packages/airflow/example_dags/example_display_name.py took 0.041 seconds
[2025-04-21T20:56:19.183+0000] {processor.py:161} INFO - Started process (PID=95152) to work on /home/airflow/.local/lib/python3.12/site-packages/airflow/example_dags/example_display_name.py
[2025-04-21T20:56:19.183+0000] {processor.py:830} INFO - Processing file /home/airflow/.local/lib/python3.12/site-packages/airflow/example_dags/example_display_name.py for tasks to queue
[2025-04-21T20:56:19.185+0000] {logging_mixin.py:188} INFO - [2025-04-21T20:56:19.184+0000] {dagbag.py:545} INFO - Filling up the DagBag from /home/airflow/.local/lib/python3.12/site-packages/airflow/example_dags/example_display_name.py
[2025-04-21T20:56:19.188+0000] {processor.py:840} INFO - DAG(s) 'example_display_name' retrieved from /home/airflow/.local/lib/python3.12/site-packages/airflow/example_dags/example_display_name.py
[2025-04-21T20:56:19.197+0000] {logging_mixin.py:188} INFO - [2025-04-21T20:56:19.197+0000] {dag.py:3096} INFO - Sync 1 DAGs
[2025-04-21T20:56:19.202+0000] {logging_mixin.py:188} INFO - [2025-04-21T20:56:19.202+0000] {dag.py:3954} INFO - Setting next_dagrun for example_display_name to None, run_after=None
[2025-04-21T20:56:19.217+0000] {processor.py:183} INFO - Processing /home/airflow/.local/lib/python3.12/site-packages/airflow/example_dags/example_display_name.py took 0.038 seconds
[2025-04-21T21:46:40.654+0000] {processor.py:161} INFO - Started process (PID=95212) to work on /home/airflow/.local/lib/python3.12/site-packages/airflow/example_dags/example_display_name.py
[2025-04-21T21:46:40.654+0000] {processor.py:830} INFO - Processing file /home/airflow/.local/lib/python3.12/site-packages/airflow/example_dags/example_display_name.py for tasks to queue
[2025-04-21T21:46:40.655+0000] {logging_mixin.py:188} INFO - [2025-04-21T21:46:40.655+0000] {dagbag.py:545} INFO - Filling up the DagBag from /home/airflow/.local/lib/python3.12/site-packages/airflow/example_dags/example_display_name.py
[2025-04-21T21:46:40.659+0000] {processor.py:840} INFO - DAG(s) 'example_display_name' retrieved from /home/airflow/.local/lib/python3.12/site-packages/airflow/example_dags/example_display_name.py
[2025-04-21T21:46:40.671+0000] {logging_mixin.py:188} INFO - [2025-04-21T21:46:40.671+0000] {dag.py:3096} INFO - Sync 1 DAGs
[2025-04-21T21:46:40.678+0000] {logging_mixin.py:188} INFO - [2025-04-21T21:46:40.677+0000] {dag.py:3954} INFO - Setting next_dagrun for example_display_name to None, run_after=None
[2025-04-21T21:46:40.687+0000] {processor.py:183} INFO - Processing /home/airflow/.local/lib/python3.12/site-packages/airflow/example_dags/example_display_name.py took 0.037 seconds
[2025-04-21T21:47:11.050+0000] {processor.py:161} INFO - Started process (PID=95272) to work on /home/airflow/.local/lib/python3.12/site-packages/airflow/example_dags/example_display_name.py
[2025-04-21T21:47:11.051+0000] {processor.py:830} INFO - Processing file /home/airflow/.local/lib/python3.12/site-packages/airflow/example_dags/example_display_name.py for tasks to queue
[2025-04-21T21:47:11.054+0000] {logging_mixin.py:188} INFO - [2025-04-21T21:47:11.053+0000] {dagbag.py:545} INFO - Filling up the DagBag from /home/airflow/.local/lib/python3.12/site-packages/airflow/example_dags/example_display_name.py
[2025-04-21T21:47:11.061+0000] {processor.py:840} INFO - DAG(s) 'example_display_name' retrieved from /home/airflow/.local/lib/python3.12/site-packages/airflow/example_dags/example_display_name.py
[2025-04-21T21:47:11.076+0000] {logging_mixin.py:188} INFO - [2025-04-21T21:47:11.076+0000] {dag.py:3096} INFO - Sync 1 DAGs
[2025-04-21T21:47:11.084+0000] {logging_mixin.py:188} INFO - [2025-04-21T21:47:11.084+0000] {dag.py:3954} INFO - Setting next_dagrun for example_display_name to None, run_after=None
[2025-04-21T21:47:11.098+0000] {processor.py:183} INFO - Processing /home/airflow/.local/lib/python3.12/site-packages/airflow/example_dags/example_display_name.py took 0.068 seconds
[2025-04-21T21:52:23.678+0000] {processor.py:161} INFO - Started process (PID=95332) to work on /home/airflow/.local/lib/python3.12/site-packages/airflow/example_dags/example_display_name.py
[2025-04-21T21:52:23.678+0000] {processor.py:830} INFO - Processing file /home/airflow/.local/lib/python3.12/site-packages/airflow/example_dags/example_display_name.py for tasks to queue
[2025-04-21T21:52:23.679+0000] {logging_mixin.py:188} INFO - [2025-04-21T21:52:23.679+0000] {dagbag.py:545} INFO - Filling up the DagBag from /home/airflow/.local/lib/python3.12/site-packages/airflow/example_dags/example_display_name.py
[2025-04-21T21:52:23.682+0000] {processor.py:840} INFO - DAG(s) 'example_display_name' retrieved from /home/airflow/.local/lib/python3.12/site-packages/airflow/example_dags/example_display_name.py
[2025-04-21T21:52:23.692+0000] {logging_mixin.py:188} INFO - [2025-04-21T21:52:23.692+0000] {dag.py:3096} INFO - Sync 1 DAGs
[2025-04-21T21:52:23.698+0000] {logging_mixin.py:188} INFO - [2025-04-21T21:52:23.698+0000] {dag.py:3954} INFO - Setting next_dagrun for example_display_name to None, run_after=None
[2025-04-21T21:52:23.712+0000] {processor.py:183} INFO - Processing /home/airflow/.local/lib/python3.12/site-packages/airflow/example_dags/example_display_name.py took 0.037 seconds
[2025-04-21T21:57:36.364+0000] {processor.py:161} INFO - Started process (PID=95392) to work on /home/airflow/.local/lib/python3.12/site-packages/airflow/example_dags/example_display_name.py
[2025-04-21T21:57:36.366+0000] {processor.py:830} INFO - Processing file /home/airflow/.local/lib/python3.12/site-packages/airflow/example_dags/example_display_name.py for tasks to queue
[2025-04-21T21:57:36.367+0000] {logging_mixin.py:188} INFO - [2025-04-21T21:57:36.367+0000] {dagbag.py:545} INFO - Filling up the DagBag from /home/airflow/.local/lib/python3.12/site-packages/airflow/example_dags/example_display_name.py
[2025-04-21T21:57:36.370+0000] {processor.py:840} INFO - DAG(s) 'example_display_name' retrieved from /home/airflow/.local/lib/python3.12/site-packages/airflow/example_dags/example_display_name.py
[2025-04-21T21:57:36.380+0000] {logging_mixin.py:188} INFO - [2025-04-21T21:57:36.380+0000] {dag.py:3096} INFO - Sync 1 DAGs
[2025-04-21T21:57:36.386+0000] {logging_mixin.py:188} INFO - [2025-04-21T21:57:36.386+0000] {dag.py:3954} INFO - Setting next_dagrun for example_display_name to None, run_after=None
[2025-04-21T21:57:36.395+0000] {processor.py:183} INFO - Processing /home/airflow/.local/lib/python3.12/site-packages/airflow/example_dags/example_display_name.py took 0.034 seconds
[2025-04-21T22:02:49.396+0000] {processor.py:161} INFO - Started process (PID=95452) to work on /home/airflow/.local/lib/python3.12/site-packages/airflow/example_dags/example_display_name.py
[2025-04-21T22:02:49.397+0000] {processor.py:830} INFO - Processing file /home/airflow/.local/lib/python3.12/site-packages/airflow/example_dags/example_display_name.py for tasks to queue
[2025-04-21T22:02:49.397+0000] {logging_mixin.py:188} INFO - [2025-04-21T22:02:49.397+0000] {dagbag.py:545} INFO - Filling up the DagBag from /home/airflow/.local/lib/python3.12/site-packages/airflow/example_dags/example_display_name.py
[2025-04-21T22:02:49.400+0000] {processor.py:840} INFO - DAG(s) 'example_display_name' retrieved from /home/airflow/.local/lib/python3.12/site-packages/airflow/example_dags/example_display_name.py
[2025-04-21T22:02:49.411+0000] {logging_mixin.py:188} INFO - [2025-04-21T22:02:49.411+0000] {dag.py:3096} INFO - Sync 1 DAGs
[2025-04-21T22:02:49.418+0000] {logging_mixin.py:188} INFO - [2025-04-21T22:02:49.418+0000] {dag.py:3954} INFO - Setting next_dagrun for example_display_name to None, run_after=None
[2025-04-21T22:02:49.430+0000] {processor.py:183} INFO - Processing /home/airflow/.local/lib/python3.12/site-packages/airflow/example_dags/example_display_name.py took 0.037 seconds
[2025-04-21T22:03:20.235+0000] {processor.py:161} INFO - Started process (PID=95512) to work on /home/airflow/.local/lib/python3.12/site-packages/airflow/example_dags/example_display_name.py
[2025-04-21T22:03:20.235+0000] {processor.py:830} INFO - Processing file /home/airflow/.local/lib/python3.12/site-packages/airflow/example_dags/example_display_name.py for tasks to queue
[2025-04-21T22:03:20.236+0000] {logging_mixin.py:188} INFO - [2025-04-21T22:03:20.236+0000] {dagbag.py:545} INFO - Filling up the DagBag from /home/airflow/.local/lib/python3.12/site-packages/airflow/example_dags/example_display_name.py
[2025-04-21T22:03:20.239+0000] {processor.py:840} INFO - DAG(s) 'example_display_name' retrieved from /home/airflow/.local/lib/python3.12/site-packages/airflow/example_dags/example_display_name.py
[2025-04-21T22:03:20.253+0000] {logging_mixin.py:188} INFO - [2025-04-21T22:03:20.252+0000] {dag.py:3096} INFO - Sync 1 DAGs
[2025-04-21T22:03:20.263+0000] {logging_mixin.py:188} INFO - [2025-04-21T22:03:20.263+0000] {dag.py:3954} INFO - Setting next_dagrun for example_display_name to None, run_after=None
[2025-04-21T22:03:20.284+0000] {processor.py:183} INFO - Processing /home/airflow/.local/lib/python3.12/site-packages/airflow/example_dags/example_display_name.py took 0.052 seconds
[2025-04-21T22:11:06.336+0000] {processor.py:161} INFO - Started process (PID=95572) to work on /home/airflow/.local/lib/python3.12/site-packages/airflow/example_dags/example_display_name.py
[2025-04-21T22:11:06.338+0000] {processor.py:830} INFO - Processing file /home/airflow/.local/lib/python3.12/site-packages/airflow/example_dags/example_display_name.py for tasks to queue
[2025-04-21T22:11:06.340+0000] {logging_mixin.py:188} INFO - [2025-04-21T22:11:06.340+0000] {dagbag.py:545} INFO - Filling up the DagBag from /home/airflow/.local/lib/python3.12/site-packages/airflow/example_dags/example_display_name.py
[2025-04-21T22:11:06.343+0000] {processor.py:840} INFO - DAG(s) 'example_display_name' retrieved from /home/airflow/.local/lib/python3.12/site-packages/airflow/example_dags/example_display_name.py
[2025-04-21T22:11:06.354+0000] {logging_mixin.py:188} INFO - [2025-04-21T22:11:06.354+0000] {dag.py:3096} INFO - Sync 1 DAGs
[2025-04-21T22:11:06.362+0000] {logging_mixin.py:188} INFO - [2025-04-21T22:11:06.362+0000] {dag.py:3954} INFO - Setting next_dagrun for example_display_name to None, run_after=None
[2025-04-21T22:11:06.376+0000] {processor.py:183} INFO - Processing /home/airflow/.local/lib/python3.12/site-packages/airflow/example_dags/example_display_name.py took 0.043 seconds
[2025-04-21T22:16:19.298+0000] {processor.py:161} INFO - Started process (PID=95632) to work on /home/airflow/.local/lib/python3.12/site-packages/airflow/example_dags/example_display_name.py
[2025-04-21T22:16:19.299+0000] {processor.py:830} INFO - Processing file /home/airflow/.local/lib/python3.12/site-packages/airflow/example_dags/example_display_name.py for tasks to queue
[2025-04-21T22:16:19.300+0000] {logging_mixin.py:188} INFO - [2025-04-21T22:16:19.300+0000] {dagbag.py:545} INFO - Filling up the DagBag from /home/airflow/.local/lib/python3.12/site-packages/airflow/example_dags/example_display_name.py
[2025-04-21T22:16:19.304+0000] {processor.py:840} INFO - DAG(s) 'example_display_name' retrieved from /home/airflow/.local/lib/python3.12/site-packages/airflow/example_dags/example_display_name.py
[2025-04-21T22:16:19.318+0000] {logging_mixin.py:188} INFO - [2025-04-21T22:16:19.318+0000] {dag.py:3096} INFO - Sync 1 DAGs
[2025-04-21T22:16:19.326+0000] {logging_mixin.py:188} INFO - [2025-04-21T22:16:19.326+0000] {dag.py:3954} INFO - Setting next_dagrun for example_display_name to None, run_after=None
[2025-04-21T22:16:19.341+0000] {processor.py:183} INFO - Processing /home/airflow/.local/lib/python3.12/site-packages/airflow/example_dags/example_display_name.py took 0.047 seconds
[2025-04-21T22:34:10.600+0000] {processor.py:161} INFO - Started process (PID=95692) to work on /home/airflow/.local/lib/python3.12/site-packages/airflow/example_dags/example_display_name.py
[2025-04-21T22:34:10.600+0000] {processor.py:830} INFO - Processing file /home/airflow/.local/lib/python3.12/site-packages/airflow/example_dags/example_display_name.py for tasks to queue
[2025-04-21T22:34:10.601+0000] {logging_mixin.py:188} INFO - [2025-04-21T22:34:10.601+0000] {dagbag.py:545} INFO - Filling up the DagBag from /home/airflow/.local/lib/python3.12/site-packages/airflow/example_dags/example_display_name.py
[2025-04-21T22:34:10.604+0000] {processor.py:840} INFO - DAG(s) 'example_display_name' retrieved from /home/airflow/.local/lib/python3.12/site-packages/airflow/example_dags/example_display_name.py
[2025-04-21T22:34:10.615+0000] {logging_mixin.py:188} INFO - [2025-04-21T22:34:10.615+0000] {dag.py:3096} INFO - Sync 1 DAGs
[2025-04-21T22:34:10.621+0000] {logging_mixin.py:188} INFO - [2025-04-21T22:34:10.621+0000] {dag.py:3954} INFO - Setting next_dagrun for example_display_name to None, run_after=None
[2025-04-21T22:34:10.628+0000] {processor.py:183} INFO - Processing /home/airflow/.local/lib/python3.12/site-packages/airflow/example_dags/example_display_name.py took 0.031 seconds
[2025-04-21T22:39:23.630+0000] {processor.py:161} INFO - Started process (PID=95752) to work on /home/airflow/.local/lib/python3.12/site-packages/airflow/example_dags/example_display_name.py
[2025-04-21T22:39:23.631+0000] {processor.py:830} INFO - Processing file /home/airflow/.local/lib/python3.12/site-packages/airflow/example_dags/example_display_name.py for tasks to queue
[2025-04-21T22:39:23.632+0000] {logging_mixin.py:188} INFO - [2025-04-21T22:39:23.632+0000] {dagbag.py:545} INFO - Filling up the DagBag from /home/airflow/.local/lib/python3.12/site-packages/airflow/example_dags/example_display_name.py
[2025-04-21T22:39:23.639+0000] {processor.py:840} INFO - DAG(s) 'example_display_name' retrieved from /home/airflow/.local/lib/python3.12/site-packages/airflow/example_dags/example_display_name.py
[2025-04-21T22:39:23.674+0000] {logging_mixin.py:188} INFO - [2025-04-21T22:39:23.674+0000] {dag.py:3096} INFO - Sync 1 DAGs
[2025-04-21T22:39:23.687+0000] {logging_mixin.py:188} INFO - [2025-04-21T22:39:23.687+0000] {dag.py:3954} INFO - Setting next_dagrun for example_display_name to None, run_after=None
[2025-04-21T22:39:23.700+0000] {processor.py:183} INFO - Processing /home/airflow/.local/lib/python3.12/site-packages/airflow/example_dags/example_display_name.py took 0.072 seconds
