[2025-04-21T00:38:25.209+0000] {processor.py:161} INFO - Started process (PID=91387) to work on /home/airflow/.local/lib/python3.12/site-packages/airflow/example_dags/example_kubernetes_executor.py
[2025-04-21T00:38:25.225+0000] {processor.py:830} INFO - Processing file /home/airflow/.local/lib/python3.12/site-packages/airflow/example_dags/example_kubernetes_executor.py for tasks to queue
[2025-04-21T00:38:25.230+0000] {logging_mixin.py:188} INFO - [2025-04-21T00:38:25.230+0000] {dagbag.py:545} INFO - Filling up the DagBag from /home/airflow/.local/lib/python3.12/site-packages/airflow/example_dags/example_kubernetes_executor.py
[2025-04-21T00:38:25.262+0000] {processor.py:840} INFO - DAG(s) 'example_kubernetes_executor' retrieved from /home/airflow/.local/lib/python3.12/site-packages/airflow/example_dags/example_kubernetes_executor.py
[2025-04-21T00:38:25.312+0000] {logging_mixin.py:188} INFO - [2025-04-21T00:38:25.311+0000] {dag.py:3096} INFO - Sync 1 DAGs
[2025-04-21T00:38:25.328+0000] {logging_mixin.py:188} INFO - [2025-04-21T00:38:25.328+0000] {dag.py:3954} INFO - Setting next_dagrun for example_kubernetes_executor to None, run_after=None
[2025-04-21T00:38:25.349+0000] {processor.py:183} INFO - Processing /home/airflow/.local/lib/python3.12/site-packages/airflow/example_dags/example_kubernetes_executor.py took 0.190 seconds
[2025-04-21T01:37:14.873+0000] {processor.py:161} INFO - Started process (PID=91447) to work on /home/airflow/.local/lib/python3.12/site-packages/airflow/example_dags/example_kubernetes_executor.py
[2025-04-21T01:37:14.873+0000] {processor.py:830} INFO - Processing file /home/airflow/.local/lib/python3.12/site-packages/airflow/example_dags/example_kubernetes_executor.py for tasks to queue
[2025-04-21T01:37:14.876+0000] {logging_mixin.py:188} INFO - [2025-04-21T01:37:14.876+0000] {dagbag.py:545} INFO - Filling up the DagBag from /home/airflow/.local/lib/python3.12/site-packages/airflow/example_dags/example_kubernetes_executor.py
[2025-04-21T01:37:14.883+0000] {processor.py:840} INFO - DAG(s) 'example_kubernetes_executor' retrieved from /home/airflow/.local/lib/python3.12/site-packages/airflow/example_dags/example_kubernetes_executor.py
[2025-04-21T01:37:14.900+0000] {logging_mixin.py:188} INFO - [2025-04-21T01:37:14.900+0000] {dag.py:3096} INFO - Sync 1 DAGs
[2025-04-21T01:37:14.906+0000] {logging_mixin.py:188} INFO - [2025-04-21T01:37:14.906+0000] {dag.py:3954} INFO - Setting next_dagrun for example_kubernetes_executor to None, run_after=None
[2025-04-21T01:37:14.919+0000] {processor.py:183} INFO - Processing /home/airflow/.local/lib/python3.12/site-packages/airflow/example_dags/example_kubernetes_executor.py took 0.049 seconds
[2025-04-21T01:37:45.342+0000] {processor.py:161} INFO - Started process (PID=91506) to work on /home/airflow/.local/lib/python3.12/site-packages/airflow/example_dags/example_kubernetes_executor.py
[2025-04-21T01:37:45.344+0000] {processor.py:830} INFO - Processing file /home/airflow/.local/lib/python3.12/site-packages/airflow/example_dags/example_kubernetes_executor.py for tasks to queue
[2025-04-21T01:37:45.345+0000] {logging_mixin.py:188} INFO - [2025-04-21T01:37:45.345+0000] {dagbag.py:545} INFO - Filling up the DagBag from /home/airflow/.local/lib/python3.12/site-packages/airflow/example_dags/example_kubernetes_executor.py
[2025-04-21T01:37:45.351+0000] {processor.py:840} INFO - DAG(s) 'example_kubernetes_executor' retrieved from /home/airflow/.local/lib/python3.12/site-packages/airflow/example_dags/example_kubernetes_executor.py
[2025-04-21T01:37:45.372+0000] {logging_mixin.py:188} INFO - [2025-04-21T01:37:45.372+0000] {dag.py:3096} INFO - Sync 1 DAGs
[2025-04-21T01:37:45.378+0000] {logging_mixin.py:188} INFO - [2025-04-21T01:37:45.378+0000] {dag.py:3954} INFO - Setting next_dagrun for example_kubernetes_executor to None, run_after=None
[2025-04-21T01:37:45.393+0000] {processor.py:183} INFO - Processing /home/airflow/.local/lib/python3.12/site-packages/airflow/example_dags/example_kubernetes_executor.py took 0.054 seconds
[2025-04-21T02:58:44.325+0000] {processor.py:161} INFO - Started process (PID=91566) to work on /home/airflow/.local/lib/python3.12/site-packages/airflow/example_dags/example_kubernetes_executor.py
[2025-04-21T02:58:44.325+0000] {processor.py:830} INFO - Processing file /home/airflow/.local/lib/python3.12/site-packages/airflow/example_dags/example_kubernetes_executor.py for tasks to queue
[2025-04-21T02:58:44.326+0000] {logging_mixin.py:188} INFO - [2025-04-21T02:58:44.326+0000] {dagbag.py:545} INFO - Filling up the DagBag from /home/airflow/.local/lib/python3.12/site-packages/airflow/example_dags/example_kubernetes_executor.py
[2025-04-21T02:58:44.332+0000] {processor.py:840} INFO - DAG(s) 'example_kubernetes_executor' retrieved from /home/airflow/.local/lib/python3.12/site-packages/airflow/example_dags/example_kubernetes_executor.py
[2025-04-21T02:58:44.353+0000] {logging_mixin.py:188} INFO - [2025-04-21T02:58:44.353+0000] {dag.py:3096} INFO - Sync 1 DAGs
[2025-04-21T02:58:44.361+0000] {logging_mixin.py:188} INFO - [2025-04-21T02:58:44.361+0000] {dag.py:3954} INFO - Setting next_dagrun for example_kubernetes_executor to None, run_after=None
[2025-04-21T02:58:44.371+0000] {processor.py:183} INFO - Processing /home/airflow/.local/lib/python3.12/site-packages/airflow/example_dags/example_kubernetes_executor.py took 0.050 seconds
[2025-04-21T04:23:10.351+0000] {processor.py:161} INFO - Started process (PID=91626) to work on /home/airflow/.local/lib/python3.12/site-packages/airflow/example_dags/example_kubernetes_executor.py
[2025-04-21T04:23:10.352+0000] {processor.py:830} INFO - Processing file /home/airflow/.local/lib/python3.12/site-packages/airflow/example_dags/example_kubernetes_executor.py for tasks to queue
[2025-04-21T04:23:10.353+0000] {logging_mixin.py:188} INFO - [2025-04-21T04:23:10.353+0000] {dagbag.py:545} INFO - Filling up the DagBag from /home/airflow/.local/lib/python3.12/site-packages/airflow/example_dags/example_kubernetes_executor.py
[2025-04-21T04:23:10.358+0000] {processor.py:840} INFO - DAG(s) 'example_kubernetes_executor' retrieved from /home/airflow/.local/lib/python3.12/site-packages/airflow/example_dags/example_kubernetes_executor.py
[2025-04-21T04:23:10.378+0000] {logging_mixin.py:188} INFO - [2025-04-21T04:23:10.378+0000] {dag.py:3096} INFO - Sync 1 DAGs
[2025-04-21T04:23:10.386+0000] {logging_mixin.py:188} INFO - [2025-04-21T04:23:10.386+0000] {dag.py:3954} INFO - Setting next_dagrun for example_kubernetes_executor to None, run_after=None
[2025-04-21T04:23:10.399+0000] {processor.py:183} INFO - Processing /home/airflow/.local/lib/python3.12/site-packages/airflow/example_dags/example_kubernetes_executor.py took 0.051 seconds
[2025-04-21T04:23:41.006+0000] {processor.py:161} INFO - Started process (PID=91686) to work on /home/airflow/.local/lib/python3.12/site-packages/airflow/example_dags/example_kubernetes_executor.py
[2025-04-21T04:23:41.009+0000] {processor.py:830} INFO - Processing file /home/airflow/.local/lib/python3.12/site-packages/airflow/example_dags/example_kubernetes_executor.py for tasks to queue
[2025-04-21T04:23:41.010+0000] {logging_mixin.py:188} INFO - [2025-04-21T04:23:41.010+0000] {dagbag.py:545} INFO - Filling up the DagBag from /home/airflow/.local/lib/python3.12/site-packages/airflow/example_dags/example_kubernetes_executor.py
[2025-04-21T04:23:41.015+0000] {processor.py:840} INFO - DAG(s) 'example_kubernetes_executor' retrieved from /home/airflow/.local/lib/python3.12/site-packages/airflow/example_dags/example_kubernetes_executor.py
[2025-04-21T04:23:41.035+0000] {logging_mixin.py:188} INFO - [2025-04-21T04:23:41.034+0000] {dag.py:3096} INFO - Sync 1 DAGs
[2025-04-21T04:23:41.041+0000] {logging_mixin.py:188} INFO - [2025-04-21T04:23:41.040+0000] {dag.py:3954} INFO - Setting next_dagrun for example_kubernetes_executor to None, run_after=None
[2025-04-21T04:23:41.053+0000] {processor.py:183} INFO - Processing /home/airflow/.local/lib/python3.12/site-packages/airflow/example_dags/example_kubernetes_executor.py took 0.050 seconds
[2025-04-21T04:28:53.663+0000] {processor.py:161} INFO - Started process (PID=91746) to work on /home/airflow/.local/lib/python3.12/site-packages/airflow/example_dags/example_kubernetes_executor.py
[2025-04-21T04:28:53.665+0000] {processor.py:830} INFO - Processing file /home/airflow/.local/lib/python3.12/site-packages/airflow/example_dags/example_kubernetes_executor.py for tasks to queue
[2025-04-21T04:28:53.668+0000] {logging_mixin.py:188} INFO - [2025-04-21T04:28:53.667+0000] {dagbag.py:545} INFO - Filling up the DagBag from /home/airflow/.local/lib/python3.12/site-packages/airflow/example_dags/example_kubernetes_executor.py
[2025-04-21T04:28:53.678+0000] {processor.py:840} INFO - DAG(s) 'example_kubernetes_executor' retrieved from /home/airflow/.local/lib/python3.12/site-packages/airflow/example_dags/example_kubernetes_executor.py
[2025-04-21T04:28:53.704+0000] {logging_mixin.py:188} INFO - [2025-04-21T04:28:53.703+0000] {dag.py:3096} INFO - Sync 1 DAGs
[2025-04-21T04:28:53.710+0000] {logging_mixin.py:188} INFO - [2025-04-21T04:28:53.710+0000] {dag.py:3954} INFO - Setting next_dagrun for example_kubernetes_executor to None, run_after=None
[2025-04-21T04:28:53.725+0000] {processor.py:183} INFO - Processing /home/airflow/.local/lib/python3.12/site-packages/airflow/example_dags/example_kubernetes_executor.py took 0.066 seconds
[2025-04-21T04:29:24.276+0000] {processor.py:161} INFO - Started process (PID=91806) to work on /home/airflow/.local/lib/python3.12/site-packages/airflow/example_dags/example_kubernetes_executor.py
[2025-04-21T04:29:24.277+0000] {processor.py:830} INFO - Processing file /home/airflow/.local/lib/python3.12/site-packages/airflow/example_dags/example_kubernetes_executor.py for tasks to queue
[2025-04-21T04:29:24.279+0000] {logging_mixin.py:188} INFO - [2025-04-21T04:29:24.279+0000] {dagbag.py:545} INFO - Filling up the DagBag from /home/airflow/.local/lib/python3.12/site-packages/airflow/example_dags/example_kubernetes_executor.py
[2025-04-21T04:29:24.285+0000] {processor.py:840} INFO - DAG(s) 'example_kubernetes_executor' retrieved from /home/airflow/.local/lib/python3.12/site-packages/airflow/example_dags/example_kubernetes_executor.py
[2025-04-21T04:29:24.305+0000] {logging_mixin.py:188} INFO - [2025-04-21T04:29:24.305+0000] {dag.py:3096} INFO - Sync 1 DAGs
[2025-04-21T04:29:24.311+0000] {logging_mixin.py:188} INFO - [2025-04-21T04:29:24.311+0000] {dag.py:3954} INFO - Setting next_dagrun for example_kubernetes_executor to None, run_after=None
[2025-04-21T04:29:24.320+0000] {processor.py:183} INFO - Processing /home/airflow/.local/lib/python3.12/site-packages/airflow/example_dags/example_kubernetes_executor.py took 0.047 seconds
[2025-04-21T04:31:11.887+0000] {processor.py:161} INFO - Started process (PID=91866) to work on /home/airflow/.local/lib/python3.12/site-packages/airflow/example_dags/example_kubernetes_executor.py
[2025-04-21T04:31:11.888+0000] {processor.py:830} INFO - Processing file /home/airflow/.local/lib/python3.12/site-packages/airflow/example_dags/example_kubernetes_executor.py for tasks to queue
[2025-04-21T04:31:11.889+0000] {logging_mixin.py:188} INFO - [2025-04-21T04:31:11.888+0000] {dagbag.py:545} INFO - Filling up the DagBag from /home/airflow/.local/lib/python3.12/site-packages/airflow/example_dags/example_kubernetes_executor.py
[2025-04-21T04:31:11.894+0000] {processor.py:840} INFO - DAG(s) 'example_kubernetes_executor' retrieved from /home/airflow/.local/lib/python3.12/site-packages/airflow/example_dags/example_kubernetes_executor.py
[2025-04-21T04:31:11.910+0000] {logging_mixin.py:188} INFO - [2025-04-21T04:31:11.910+0000] {dag.py:3096} INFO - Sync 1 DAGs
[2025-04-21T04:31:11.915+0000] {logging_mixin.py:188} INFO - [2025-04-21T04:31:11.915+0000] {dag.py:3954} INFO - Setting next_dagrun for example_kubernetes_executor to None, run_after=None
[2025-04-21T04:31:11.922+0000] {processor.py:183} INFO - Processing /home/airflow/.local/lib/python3.12/site-packages/airflow/example_dags/example_kubernetes_executor.py took 0.037 seconds
[2025-04-21T04:36:24.801+0000] {processor.py:161} INFO - Started process (PID=91926) to work on /home/airflow/.local/lib/python3.12/site-packages/airflow/example_dags/example_kubernetes_executor.py
[2025-04-21T04:36:24.803+0000] {processor.py:830} INFO - Processing file /home/airflow/.local/lib/python3.12/site-packages/airflow/example_dags/example_kubernetes_executor.py for tasks to queue
[2025-04-21T04:36:24.804+0000] {logging_mixin.py:188} INFO - [2025-04-21T04:36:24.804+0000] {dagbag.py:545} INFO - Filling up the DagBag from /home/airflow/.local/lib/python3.12/site-packages/airflow/example_dags/example_kubernetes_executor.py
[2025-04-21T04:36:24.810+0000] {processor.py:840} INFO - DAG(s) 'example_kubernetes_executor' retrieved from /home/airflow/.local/lib/python3.12/site-packages/airflow/example_dags/example_kubernetes_executor.py
[2025-04-21T04:36:24.827+0000] {logging_mixin.py:188} INFO - [2025-04-21T04:36:24.827+0000] {dag.py:3096} INFO - Sync 1 DAGs
[2025-04-21T04:36:24.833+0000] {logging_mixin.py:188} INFO - [2025-04-21T04:36:24.833+0000] {dag.py:3954} INFO - Setting next_dagrun for example_kubernetes_executor to None, run_after=None
[2025-04-21T04:36:24.843+0000] {processor.py:183} INFO - Processing /home/airflow/.local/lib/python3.12/site-packages/airflow/example_dags/example_kubernetes_executor.py took 0.046 seconds
[2025-04-21T04:41:38.206+0000] {processor.py:161} INFO - Started process (PID=91986) to work on /home/airflow/.local/lib/python3.12/site-packages/airflow/example_dags/example_kubernetes_executor.py
[2025-04-21T04:41:38.207+0000] {processor.py:830} INFO - Processing file /home/airflow/.local/lib/python3.12/site-packages/airflow/example_dags/example_kubernetes_executor.py for tasks to queue
[2025-04-21T04:41:38.208+0000] {logging_mixin.py:188} INFO - [2025-04-21T04:41:38.208+0000] {dagbag.py:545} INFO - Filling up the DagBag from /home/airflow/.local/lib/python3.12/site-packages/airflow/example_dags/example_kubernetes_executor.py
[2025-04-21T04:41:38.214+0000] {processor.py:840} INFO - DAG(s) 'example_kubernetes_executor' retrieved from /home/airflow/.local/lib/python3.12/site-packages/airflow/example_dags/example_kubernetes_executor.py
[2025-04-21T04:41:38.232+0000] {logging_mixin.py:188} INFO - [2025-04-21T04:41:38.232+0000] {dag.py:3096} INFO - Sync 1 DAGs
[2025-04-21T04:41:38.238+0000] {logging_mixin.py:188} INFO - [2025-04-21T04:41:38.238+0000] {dag.py:3954} INFO - Setting next_dagrun for example_kubernetes_executor to None, run_after=None
[2025-04-21T04:41:38.252+0000] {processor.py:183} INFO - Processing /home/airflow/.local/lib/python3.12/site-packages/airflow/example_dags/example_kubernetes_executor.py took 0.049 seconds
[2025-04-21T04:46:51.106+0000] {processor.py:161} INFO - Started process (PID=92046) to work on /home/airflow/.local/lib/python3.12/site-packages/airflow/example_dags/example_kubernetes_executor.py
[2025-04-21T04:46:51.107+0000] {processor.py:830} INFO - Processing file /home/airflow/.local/lib/python3.12/site-packages/airflow/example_dags/example_kubernetes_executor.py for tasks to queue
[2025-04-21T04:46:51.108+0000] {logging_mixin.py:188} INFO - [2025-04-21T04:46:51.108+0000] {dagbag.py:545} INFO - Filling up the DagBag from /home/airflow/.local/lib/python3.12/site-packages/airflow/example_dags/example_kubernetes_executor.py
[2025-04-21T04:46:51.114+0000] {processor.py:840} INFO - DAG(s) 'example_kubernetes_executor' retrieved from /home/airflow/.local/lib/python3.12/site-packages/airflow/example_dags/example_kubernetes_executor.py
[2025-04-21T04:46:51.131+0000] {logging_mixin.py:188} INFO - [2025-04-21T04:46:51.131+0000] {dag.py:3096} INFO - Sync 1 DAGs
[2025-04-21T04:46:51.137+0000] {logging_mixin.py:188} INFO - [2025-04-21T04:46:51.137+0000] {dag.py:3954} INFO - Setting next_dagrun for example_kubernetes_executor to None, run_after=None
[2025-04-21T04:46:51.145+0000] {processor.py:183} INFO - Processing /home/airflow/.local/lib/python3.12/site-packages/airflow/example_dags/example_kubernetes_executor.py took 0.042 seconds
[2025-04-21T04:47:21.626+0000] {processor.py:161} INFO - Started process (PID=92106) to work on /home/airflow/.local/lib/python3.12/site-packages/airflow/example_dags/example_kubernetes_executor.py
[2025-04-21T04:47:21.629+0000] {processor.py:830} INFO - Processing file /home/airflow/.local/lib/python3.12/site-packages/airflow/example_dags/example_kubernetes_executor.py for tasks to queue
[2025-04-21T04:47:21.630+0000] {logging_mixin.py:188} INFO - [2025-04-21T04:47:21.630+0000] {dagbag.py:545} INFO - Filling up the DagBag from /home/airflow/.local/lib/python3.12/site-packages/airflow/example_dags/example_kubernetes_executor.py
[2025-04-21T04:47:21.636+0000] {processor.py:840} INFO - DAG(s) 'example_kubernetes_executor' retrieved from /home/airflow/.local/lib/python3.12/site-packages/airflow/example_dags/example_kubernetes_executor.py
[2025-04-21T04:47:21.656+0000] {logging_mixin.py:188} INFO - [2025-04-21T04:47:21.656+0000] {dag.py:3096} INFO - Sync 1 DAGs
[2025-04-21T04:47:21.663+0000] {logging_mixin.py:188} INFO - [2025-04-21T04:47:21.663+0000] {dag.py:3954} INFO - Setting next_dagrun for example_kubernetes_executor to None, run_after=None
[2025-04-21T04:47:21.674+0000] {processor.py:183} INFO - Processing /home/airflow/.local/lib/python3.12/site-packages/airflow/example_dags/example_kubernetes_executor.py took 0.053 seconds
[2025-04-21T04:52:34.261+0000] {processor.py:161} INFO - Started process (PID=92166) to work on /home/airflow/.local/lib/python3.12/site-packages/airflow/example_dags/example_kubernetes_executor.py
[2025-04-21T04:52:34.262+0000] {processor.py:830} INFO - Processing file /home/airflow/.local/lib/python3.12/site-packages/airflow/example_dags/example_kubernetes_executor.py for tasks to queue
[2025-04-21T04:52:34.262+0000] {logging_mixin.py:188} INFO - [2025-04-21T04:52:34.262+0000] {dagbag.py:545} INFO - Filling up the DagBag from /home/airflow/.local/lib/python3.12/site-packages/airflow/example_dags/example_kubernetes_executor.py
[2025-04-21T04:52:34.268+0000] {processor.py:840} INFO - DAG(s) 'example_kubernetes_executor' retrieved from /home/airflow/.local/lib/python3.12/site-packages/airflow/example_dags/example_kubernetes_executor.py
[2025-04-21T04:52:34.286+0000] {logging_mixin.py:188} INFO - [2025-04-21T04:52:34.286+0000] {dag.py:3096} INFO - Sync 1 DAGs
[2025-04-21T04:52:34.292+0000] {logging_mixin.py:188} INFO - [2025-04-21T04:52:34.292+0000] {dag.py:3954} INFO - Setting next_dagrun for example_kubernetes_executor to None, run_after=None
[2025-04-21T04:52:34.307+0000] {processor.py:183} INFO - Processing /home/airflow/.local/lib/python3.12/site-packages/airflow/example_dags/example_kubernetes_executor.py took 0.049 seconds
[2025-04-21T05:15:37.828+0000] {processor.py:161} INFO - Started process (PID=92226) to work on /home/airflow/.local/lib/python3.12/site-packages/airflow/example_dags/example_kubernetes_executor.py
[2025-04-21T05:15:37.830+0000] {processor.py:830} INFO - Processing file /home/airflow/.local/lib/python3.12/site-packages/airflow/example_dags/example_kubernetes_executor.py for tasks to queue
[2025-04-21T05:15:37.831+0000] {logging_mixin.py:188} INFO - [2025-04-21T05:15:37.831+0000] {dagbag.py:545} INFO - Filling up the DagBag from /home/airflow/.local/lib/python3.12/site-packages/airflow/example_dags/example_kubernetes_executor.py
[2025-04-21T05:15:37.837+0000] {processor.py:840} INFO - DAG(s) 'example_kubernetes_executor' retrieved from /home/airflow/.local/lib/python3.12/site-packages/airflow/example_dags/example_kubernetes_executor.py
[2025-04-21T05:15:37.858+0000] {logging_mixin.py:188} INFO - [2025-04-21T05:15:37.858+0000] {dag.py:3096} INFO - Sync 1 DAGs
[2025-04-21T05:15:37.864+0000] {logging_mixin.py:188} INFO - [2025-04-21T05:15:37.864+0000] {dag.py:3954} INFO - Setting next_dagrun for example_kubernetes_executor to None, run_after=None
[2025-04-21T05:15:37.873+0000] {processor.py:183} INFO - Processing /home/airflow/.local/lib/python3.12/site-packages/airflow/example_dags/example_kubernetes_executor.py took 0.048 seconds
[2025-04-21T05:20:51.499+0000] {processor.py:161} INFO - Started process (PID=92286) to work on /home/airflow/.local/lib/python3.12/site-packages/airflow/example_dags/example_kubernetes_executor.py
[2025-04-21T05:20:51.502+0000] {processor.py:830} INFO - Processing file /home/airflow/.local/lib/python3.12/site-packages/airflow/example_dags/example_kubernetes_executor.py for tasks to queue
[2025-04-21T05:20:51.504+0000] {logging_mixin.py:188} INFO - [2025-04-21T05:20:51.504+0000] {dagbag.py:545} INFO - Filling up the DagBag from /home/airflow/.local/lib/python3.12/site-packages/airflow/example_dags/example_kubernetes_executor.py
[2025-04-21T05:20:51.510+0000] {processor.py:840} INFO - DAG(s) 'example_kubernetes_executor' retrieved from /home/airflow/.local/lib/python3.12/site-packages/airflow/example_dags/example_kubernetes_executor.py
[2025-04-21T05:20:51.527+0000] {logging_mixin.py:188} INFO - [2025-04-21T05:20:51.527+0000] {dag.py:3096} INFO - Sync 1 DAGs
[2025-04-21T05:20:51.536+0000] {logging_mixin.py:188} INFO - [2025-04-21T05:20:51.536+0000] {dag.py:3954} INFO - Setting next_dagrun for example_kubernetes_executor to None, run_after=None
[2025-04-21T05:20:51.546+0000] {processor.py:183} INFO - Processing /home/airflow/.local/lib/python3.12/site-packages/airflow/example_dags/example_kubernetes_executor.py took 0.049 seconds
[2025-04-21T05:26:03.986+0000] {processor.py:161} INFO - Started process (PID=92346) to work on /home/airflow/.local/lib/python3.12/site-packages/airflow/example_dags/example_kubernetes_executor.py
[2025-04-21T05:26:03.987+0000] {processor.py:830} INFO - Processing file /home/airflow/.local/lib/python3.12/site-packages/airflow/example_dags/example_kubernetes_executor.py for tasks to queue
[2025-04-21T05:26:03.989+0000] {logging_mixin.py:188} INFO - [2025-04-21T05:26:03.988+0000] {dagbag.py:545} INFO - Filling up the DagBag from /home/airflow/.local/lib/python3.12/site-packages/airflow/example_dags/example_kubernetes_executor.py
[2025-04-21T05:26:03.995+0000] {processor.py:840} INFO - DAG(s) 'example_kubernetes_executor' retrieved from /home/airflow/.local/lib/python3.12/site-packages/airflow/example_dags/example_kubernetes_executor.py
[2025-04-21T05:26:04.014+0000] {logging_mixin.py:188} INFO - [2025-04-21T05:26:04.014+0000] {dag.py:3096} INFO - Sync 1 DAGs
[2025-04-21T05:26:04.020+0000] {logging_mixin.py:188} INFO - [2025-04-21T05:26:04.020+0000] {dag.py:3954} INFO - Setting next_dagrun for example_kubernetes_executor to None, run_after=None
[2025-04-21T05:26:04.031+0000] {processor.py:183} INFO - Processing /home/airflow/.local/lib/python3.12/site-packages/airflow/example_dags/example_kubernetes_executor.py took 0.048 seconds
[2025-04-21T05:59:58.538+0000] {processor.py:161} INFO - Started process (PID=92406) to work on /home/airflow/.local/lib/python3.12/site-packages/airflow/example_dags/example_kubernetes_executor.py
[2025-04-21T05:59:58.539+0000] {processor.py:830} INFO - Processing file /home/airflow/.local/lib/python3.12/site-packages/airflow/example_dags/example_kubernetes_executor.py for tasks to queue
[2025-04-21T05:59:58.540+0000] {logging_mixin.py:188} INFO - [2025-04-21T05:59:58.540+0000] {dagbag.py:545} INFO - Filling up the DagBag from /home/airflow/.local/lib/python3.12/site-packages/airflow/example_dags/example_kubernetes_executor.py
[2025-04-21T05:59:58.546+0000] {processor.py:840} INFO - DAG(s) 'example_kubernetes_executor' retrieved from /home/airflow/.local/lib/python3.12/site-packages/airflow/example_dags/example_kubernetes_executor.py
[2025-04-21T05:59:58.565+0000] {logging_mixin.py:188} INFO - [2025-04-21T05:59:58.565+0000] {dag.py:3096} INFO - Sync 1 DAGs
[2025-04-21T05:59:58.571+0000] {logging_mixin.py:188} INFO - [2025-04-21T05:59:58.571+0000] {dag.py:3954} INFO - Setting next_dagrun for example_kubernetes_executor to None, run_after=None
[2025-04-21T05:59:58.587+0000] {processor.py:183} INFO - Processing /home/airflow/.local/lib/python3.12/site-packages/airflow/example_dags/example_kubernetes_executor.py took 0.052 seconds
[2025-04-21T07:21:17.368+0000] {processor.py:161} INFO - Started process (PID=92466) to work on /home/airflow/.local/lib/python3.12/site-packages/airflow/example_dags/example_kubernetes_executor.py
[2025-04-21T07:21:17.368+0000] {processor.py:830} INFO - Processing file /home/airflow/.local/lib/python3.12/site-packages/airflow/example_dags/example_kubernetes_executor.py for tasks to queue
[2025-04-21T07:21:17.369+0000] {logging_mixin.py:188} INFO - [2025-04-21T07:21:17.369+0000] {dagbag.py:545} INFO - Filling up the DagBag from /home/airflow/.local/lib/python3.12/site-packages/airflow/example_dags/example_kubernetes_executor.py
[2025-04-21T07:21:17.376+0000] {processor.py:840} INFO - DAG(s) 'example_kubernetes_executor' retrieved from /home/airflow/.local/lib/python3.12/site-packages/airflow/example_dags/example_kubernetes_executor.py
[2025-04-21T07:21:17.392+0000] {logging_mixin.py:188} INFO - [2025-04-21T07:21:17.392+0000] {dag.py:3096} INFO - Sync 1 DAGs
[2025-04-21T07:21:17.399+0000] {logging_mixin.py:188} INFO - [2025-04-21T07:21:17.399+0000] {dag.py:3954} INFO - Setting next_dagrun for example_kubernetes_executor to None, run_after=None
[2025-04-21T07:21:17.408+0000] {processor.py:183} INFO - Processing /home/airflow/.local/lib/python3.12/site-packages/airflow/example_dags/example_kubernetes_executor.py took 0.043 seconds
[2025-04-21T09:02:21.464+0000] {processor.py:161} INFO - Started process (PID=92526) to work on /home/airflow/.local/lib/python3.12/site-packages/airflow/example_dags/example_kubernetes_executor.py
[2025-04-21T09:02:21.464+0000] {processor.py:830} INFO - Processing file /home/airflow/.local/lib/python3.12/site-packages/airflow/example_dags/example_kubernetes_executor.py for tasks to queue
[2025-04-21T09:02:21.466+0000] {logging_mixin.py:188} INFO - [2025-04-21T09:02:21.465+0000] {dagbag.py:545} INFO - Filling up the DagBag from /home/airflow/.local/lib/python3.12/site-packages/airflow/example_dags/example_kubernetes_executor.py
[2025-04-21T09:02:21.472+0000] {processor.py:840} INFO - DAG(s) 'example_kubernetes_executor' retrieved from /home/airflow/.local/lib/python3.12/site-packages/airflow/example_dags/example_kubernetes_executor.py
[2025-04-21T09:02:21.491+0000] {logging_mixin.py:188} INFO - [2025-04-21T09:02:21.491+0000] {dag.py:3096} INFO - Sync 1 DAGs
[2025-04-21T09:02:21.497+0000] {logging_mixin.py:188} INFO - [2025-04-21T09:02:21.497+0000] {dag.py:3954} INFO - Setting next_dagrun for example_kubernetes_executor to None, run_after=None
[2025-04-21T09:02:21.512+0000] {processor.py:183} INFO - Processing /home/airflow/.local/lib/python3.12/site-packages/airflow/example_dags/example_kubernetes_executor.py took 0.052 seconds
[2025-04-21T10:25:30.721+0000] {processor.py:161} INFO - Started process (PID=92586) to work on /home/airflow/.local/lib/python3.12/site-packages/airflow/example_dags/example_kubernetes_executor.py
[2025-04-21T10:25:30.723+0000] {processor.py:830} INFO - Processing file /home/airflow/.local/lib/python3.12/site-packages/airflow/example_dags/example_kubernetes_executor.py for tasks to queue
[2025-04-21T10:25:30.724+0000] {logging_mixin.py:188} INFO - [2025-04-21T10:25:30.724+0000] {dagbag.py:545} INFO - Filling up the DagBag from /home/airflow/.local/lib/python3.12/site-packages/airflow/example_dags/example_kubernetes_executor.py
[2025-04-21T10:25:30.731+0000] {processor.py:840} INFO - DAG(s) 'example_kubernetes_executor' retrieved from /home/airflow/.local/lib/python3.12/site-packages/airflow/example_dags/example_kubernetes_executor.py
[2025-04-21T10:25:30.752+0000] {logging_mixin.py:188} INFO - [2025-04-21T10:25:30.752+0000] {dag.py:3096} INFO - Sync 1 DAGs
[2025-04-21T10:25:30.759+0000] {logging_mixin.py:188} INFO - [2025-04-21T10:25:30.759+0000] {dag.py:3954} INFO - Setting next_dagrun for example_kubernetes_executor to None, run_after=None
[2025-04-21T10:25:30.775+0000] {processor.py:183} INFO - Processing /home/airflow/.local/lib/python3.12/site-packages/airflow/example_dags/example_kubernetes_executor.py took 0.057 seconds
[2025-04-21T12:02:28.222+0000] {processor.py:161} INFO - Started process (PID=92646) to work on /home/airflow/.local/lib/python3.12/site-packages/airflow/example_dags/example_kubernetes_executor.py
[2025-04-21T12:02:28.222+0000] {processor.py:830} INFO - Processing file /home/airflow/.local/lib/python3.12/site-packages/airflow/example_dags/example_kubernetes_executor.py for tasks to queue
[2025-04-21T12:02:28.223+0000] {logging_mixin.py:188} INFO - [2025-04-21T12:02:28.223+0000] {dagbag.py:545} INFO - Filling up the DagBag from /home/airflow/.local/lib/python3.12/site-packages/airflow/example_dags/example_kubernetes_executor.py
[2025-04-21T12:02:28.230+0000] {processor.py:840} INFO - DAG(s) 'example_kubernetes_executor' retrieved from /home/airflow/.local/lib/python3.12/site-packages/airflow/example_dags/example_kubernetes_executor.py
[2025-04-21T12:02:28.251+0000] {logging_mixin.py:188} INFO - [2025-04-21T12:02:28.251+0000] {dag.py:3096} INFO - Sync 1 DAGs
[2025-04-21T12:02:28.257+0000] {logging_mixin.py:188} INFO - [2025-04-21T12:02:28.257+0000] {dag.py:3954} INFO - Setting next_dagrun for example_kubernetes_executor to None, run_after=None
[2025-04-21T12:02:28.268+0000] {processor.py:183} INFO - Processing /home/airflow/.local/lib/python3.12/site-packages/airflow/example_dags/example_kubernetes_executor.py took 0.049 seconds
[2025-04-21T12:02:58.658+0000] {processor.py:161} INFO - Started process (PID=92706) to work on /home/airflow/.local/lib/python3.12/site-packages/airflow/example_dags/example_kubernetes_executor.py
[2025-04-21T12:02:58.659+0000] {processor.py:830} INFO - Processing file /home/airflow/.local/lib/python3.12/site-packages/airflow/example_dags/example_kubernetes_executor.py for tasks to queue
[2025-04-21T12:02:58.660+0000] {logging_mixin.py:188} INFO - [2025-04-21T12:02:58.660+0000] {dagbag.py:545} INFO - Filling up the DagBag from /home/airflow/.local/lib/python3.12/site-packages/airflow/example_dags/example_kubernetes_executor.py
[2025-04-21T12:02:58.666+0000] {processor.py:840} INFO - DAG(s) 'example_kubernetes_executor' retrieved from /home/airflow/.local/lib/python3.12/site-packages/airflow/example_dags/example_kubernetes_executor.py
[2025-04-21T12:02:58.685+0000] {logging_mixin.py:188} INFO - [2025-04-21T12:02:58.685+0000] {dag.py:3096} INFO - Sync 1 DAGs
[2025-04-21T12:02:58.691+0000] {logging_mixin.py:188} INFO - [2025-04-21T12:02:58.691+0000] {dag.py:3954} INFO - Setting next_dagrun for example_kubernetes_executor to None, run_after=None
[2025-04-21T12:02:58.701+0000] {processor.py:183} INFO - Processing /home/airflow/.local/lib/python3.12/site-packages/airflow/example_dags/example_kubernetes_executor.py took 0.046 seconds
[2025-04-21T12:08:11.180+0000] {processor.py:161} INFO - Started process (PID=92766) to work on /home/airflow/.local/lib/python3.12/site-packages/airflow/example_dags/example_kubernetes_executor.py
[2025-04-21T12:08:11.181+0000] {processor.py:830} INFO - Processing file /home/airflow/.local/lib/python3.12/site-packages/airflow/example_dags/example_kubernetes_executor.py for tasks to queue
[2025-04-21T12:08:11.182+0000] {logging_mixin.py:188} INFO - [2025-04-21T12:08:11.182+0000] {dagbag.py:545} INFO - Filling up the DagBag from /home/airflow/.local/lib/python3.12/site-packages/airflow/example_dags/example_kubernetes_executor.py
[2025-04-21T12:08:11.188+0000] {processor.py:840} INFO - DAG(s) 'example_kubernetes_executor' retrieved from /home/airflow/.local/lib/python3.12/site-packages/airflow/example_dags/example_kubernetes_executor.py
[2025-04-21T12:08:11.206+0000] {logging_mixin.py:188} INFO - [2025-04-21T12:08:11.206+0000] {dag.py:3096} INFO - Sync 1 DAGs
[2025-04-21T12:08:11.213+0000] {logging_mixin.py:188} INFO - [2025-04-21T12:08:11.212+0000] {dag.py:3954} INFO - Setting next_dagrun for example_kubernetes_executor to None, run_after=None
[2025-04-21T12:08:11.222+0000] {processor.py:183} INFO - Processing /home/airflow/.local/lib/python3.12/site-packages/airflow/example_dags/example_kubernetes_executor.py took 0.045 seconds
[2025-04-21T12:09:06.298+0000] {processor.py:161} INFO - Started process (PID=92826) to work on /home/airflow/.local/lib/python3.12/site-packages/airflow/example_dags/example_kubernetes_executor.py
[2025-04-21T12:09:06.299+0000] {processor.py:830} INFO - Processing file /home/airflow/.local/lib/python3.12/site-packages/airflow/example_dags/example_kubernetes_executor.py for tasks to queue
[2025-04-21T12:09:06.301+0000] {logging_mixin.py:188} INFO - [2025-04-21T12:09:06.301+0000] {dagbag.py:545} INFO - Filling up the DagBag from /home/airflow/.local/lib/python3.12/site-packages/airflow/example_dags/example_kubernetes_executor.py
[2025-04-21T12:09:06.309+0000] {processor.py:840} INFO - DAG(s) 'example_kubernetes_executor' retrieved from /home/airflow/.local/lib/python3.12/site-packages/airflow/example_dags/example_kubernetes_executor.py
[2025-04-21T12:09:06.334+0000] {logging_mixin.py:188} INFO - [2025-04-21T12:09:06.334+0000] {dag.py:3096} INFO - Sync 1 DAGs
[2025-04-21T12:09:06.341+0000] {logging_mixin.py:188} INFO - [2025-04-21T12:09:06.341+0000] {dag.py:3954} INFO - Setting next_dagrun for example_kubernetes_executor to None, run_after=None
[2025-04-21T12:09:06.349+0000] {processor.py:183} INFO - Processing /home/airflow/.local/lib/python3.12/site-packages/airflow/example_dags/example_kubernetes_executor.py took 0.057 seconds
[2025-04-21T12:14:19.075+0000] {processor.py:161} INFO - Started process (PID=92886) to work on /home/airflow/.local/lib/python3.12/site-packages/airflow/example_dags/example_kubernetes_executor.py
[2025-04-21T12:14:19.079+0000] {processor.py:830} INFO - Processing file /home/airflow/.local/lib/python3.12/site-packages/airflow/example_dags/example_kubernetes_executor.py for tasks to queue
[2025-04-21T12:14:19.083+0000] {logging_mixin.py:188} INFO - [2025-04-21T12:14:19.083+0000] {dagbag.py:545} INFO - Filling up the DagBag from /home/airflow/.local/lib/python3.12/site-packages/airflow/example_dags/example_kubernetes_executor.py
[2025-04-21T12:14:19.090+0000] {processor.py:840} INFO - DAG(s) 'example_kubernetes_executor' retrieved from /home/airflow/.local/lib/python3.12/site-packages/airflow/example_dags/example_kubernetes_executor.py
[2025-04-21T12:14:19.111+0000] {logging_mixin.py:188} INFO - [2025-04-21T12:14:19.110+0000] {dag.py:3096} INFO - Sync 1 DAGs
[2025-04-21T12:14:19.116+0000] {logging_mixin.py:188} INFO - [2025-04-21T12:14:19.116+0000] {dag.py:3954} INFO - Setting next_dagrun for example_kubernetes_executor to None, run_after=None
[2025-04-21T12:14:19.128+0000] {processor.py:183} INFO - Processing /home/airflow/.local/lib/python3.12/site-packages/airflow/example_dags/example_kubernetes_executor.py took 0.055 seconds
[2025-04-21T12:19:32.557+0000] {processor.py:161} INFO - Started process (PID=92946) to work on /home/airflow/.local/lib/python3.12/site-packages/airflow/example_dags/example_kubernetes_executor.py
[2025-04-21T12:19:32.559+0000] {processor.py:830} INFO - Processing file /home/airflow/.local/lib/python3.12/site-packages/airflow/example_dags/example_kubernetes_executor.py for tasks to queue
[2025-04-21T12:19:32.560+0000] {logging_mixin.py:188} INFO - [2025-04-21T12:19:32.560+0000] {dagbag.py:545} INFO - Filling up the DagBag from /home/airflow/.local/lib/python3.12/site-packages/airflow/example_dags/example_kubernetes_executor.py
[2025-04-21T12:19:32.567+0000] {processor.py:840} INFO - DAG(s) 'example_kubernetes_executor' retrieved from /home/airflow/.local/lib/python3.12/site-packages/airflow/example_dags/example_kubernetes_executor.py
[2025-04-21T12:19:32.588+0000] {logging_mixin.py:188} INFO - [2025-04-21T12:19:32.588+0000] {dag.py:3096} INFO - Sync 1 DAGs
[2025-04-21T12:19:32.593+0000] {logging_mixin.py:188} INFO - [2025-04-21T12:19:32.593+0000] {dag.py:3954} INFO - Setting next_dagrun for example_kubernetes_executor to None, run_after=None
[2025-04-21T12:19:32.604+0000] {processor.py:183} INFO - Processing /home/airflow/.local/lib/python3.12/site-packages/airflow/example_dags/example_kubernetes_executor.py took 0.050 seconds
[2025-04-21T12:24:45.151+0000] {processor.py:161} INFO - Started process (PID=93006) to work on /home/airflow/.local/lib/python3.12/site-packages/airflow/example_dags/example_kubernetes_executor.py
[2025-04-21T12:24:45.152+0000] {processor.py:830} INFO - Processing file /home/airflow/.local/lib/python3.12/site-packages/airflow/example_dags/example_kubernetes_executor.py for tasks to queue
[2025-04-21T12:24:45.154+0000] {logging_mixin.py:188} INFO - [2025-04-21T12:24:45.154+0000] {dagbag.py:545} INFO - Filling up the DagBag from /home/airflow/.local/lib/python3.12/site-packages/airflow/example_dags/example_kubernetes_executor.py
[2025-04-21T12:24:45.161+0000] {processor.py:840} INFO - DAG(s) 'example_kubernetes_executor' retrieved from /home/airflow/.local/lib/python3.12/site-packages/airflow/example_dags/example_kubernetes_executor.py
[2025-04-21T12:24:45.180+0000] {logging_mixin.py:188} INFO - [2025-04-21T12:24:45.180+0000] {dag.py:3096} INFO - Sync 1 DAGs
[2025-04-21T12:24:45.187+0000] {logging_mixin.py:188} INFO - [2025-04-21T12:24:45.187+0000] {dag.py:3954} INFO - Setting next_dagrun for example_kubernetes_executor to None, run_after=None
[2025-04-21T12:24:45.198+0000] {processor.py:183} INFO - Processing /home/airflow/.local/lib/python3.12/site-packages/airflow/example_dags/example_kubernetes_executor.py took 0.049 seconds
[2025-04-21T12:57:00.261+0000] {processor.py:161} INFO - Started process (PID=93066) to work on /home/airflow/.local/lib/python3.12/site-packages/airflow/example_dags/example_kubernetes_executor.py
[2025-04-21T12:57:00.262+0000] {processor.py:830} INFO - Processing file /home/airflow/.local/lib/python3.12/site-packages/airflow/example_dags/example_kubernetes_executor.py for tasks to queue
[2025-04-21T12:57:00.263+0000] {logging_mixin.py:188} INFO - [2025-04-21T12:57:00.263+0000] {dagbag.py:545} INFO - Filling up the DagBag from /home/airflow/.local/lib/python3.12/site-packages/airflow/example_dags/example_kubernetes_executor.py
[2025-04-21T12:57:00.272+0000] {processor.py:840} INFO - DAG(s) 'example_kubernetes_executor' retrieved from /home/airflow/.local/lib/python3.12/site-packages/airflow/example_dags/example_kubernetes_executor.py
[2025-04-21T12:57:00.295+0000] {logging_mixin.py:188} INFO - [2025-04-21T12:57:00.294+0000] {dag.py:3096} INFO - Sync 1 DAGs
[2025-04-21T12:57:00.301+0000] {logging_mixin.py:188} INFO - [2025-04-21T12:57:00.301+0000] {dag.py:3954} INFO - Setting next_dagrun for example_kubernetes_executor to None, run_after=None
[2025-04-21T12:57:00.311+0000] {processor.py:183} INFO - Processing /home/airflow/.local/lib/python3.12/site-packages/airflow/example_dags/example_kubernetes_executor.py took 0.054 seconds
[2025-04-21T14:21:26.981+0000] {processor.py:161} INFO - Started process (PID=93126) to work on /home/airflow/.local/lib/python3.12/site-packages/airflow/example_dags/example_kubernetes_executor.py
[2025-04-21T14:21:26.982+0000] {processor.py:830} INFO - Processing file /home/airflow/.local/lib/python3.12/site-packages/airflow/example_dags/example_kubernetes_executor.py for tasks to queue
[2025-04-21T14:21:26.983+0000] {logging_mixin.py:188} INFO - [2025-04-21T14:21:26.983+0000] {dagbag.py:545} INFO - Filling up the DagBag from /home/airflow/.local/lib/python3.12/site-packages/airflow/example_dags/example_kubernetes_executor.py
[2025-04-21T14:21:26.991+0000] {processor.py:840} INFO - DAG(s) 'example_kubernetes_executor' retrieved from /home/airflow/.local/lib/python3.12/site-packages/airflow/example_dags/example_kubernetes_executor.py
[2025-04-21T14:21:27.015+0000] {logging_mixin.py:188} INFO - [2025-04-21T14:21:27.015+0000] {dag.py:3096} INFO - Sync 1 DAGs
[2025-04-21T14:21:27.022+0000] {logging_mixin.py:188} INFO - [2025-04-21T14:21:27.021+0000] {dag.py:3954} INFO - Setting next_dagrun for example_kubernetes_executor to None, run_after=None
[2025-04-21T14:21:27.033+0000] {processor.py:183} INFO - Processing /home/airflow/.local/lib/python3.12/site-packages/airflow/example_dags/example_kubernetes_executor.py took 0.060 seconds
[2025-04-21T16:03:45.525+0000] {processor.py:161} INFO - Started process (PID=93186) to work on /home/airflow/.local/lib/python3.12/site-packages/airflow/example_dags/example_kubernetes_executor.py
[2025-04-21T16:03:45.525+0000] {processor.py:830} INFO - Processing file /home/airflow/.local/lib/python3.12/site-packages/airflow/example_dags/example_kubernetes_executor.py for tasks to queue
[2025-04-21T16:03:45.526+0000] {logging_mixin.py:188} INFO - [2025-04-21T16:03:45.526+0000] {dagbag.py:545} INFO - Filling up the DagBag from /home/airflow/.local/lib/python3.12/site-packages/airflow/example_dags/example_kubernetes_executor.py
[2025-04-21T16:03:45.534+0000] {processor.py:840} INFO - DAG(s) 'example_kubernetes_executor' retrieved from /home/airflow/.local/lib/python3.12/site-packages/airflow/example_dags/example_kubernetes_executor.py
[2025-04-21T16:03:45.554+0000] {logging_mixin.py:188} INFO - [2025-04-21T16:03:45.554+0000] {dag.py:3096} INFO - Sync 1 DAGs
[2025-04-21T16:03:45.559+0000] {logging_mixin.py:188} INFO - [2025-04-21T16:03:45.559+0000] {dag.py:3954} INFO - Setting next_dagrun for example_kubernetes_executor to None, run_after=None
[2025-04-21T16:03:45.576+0000] {processor.py:183} INFO - Processing /home/airflow/.local/lib/python3.12/site-packages/airflow/example_dags/example_kubernetes_executor.py took 0.055 seconds
[2025-04-21T17:25:32.508+0000] {processor.py:161} INFO - Started process (PID=93246) to work on /home/airflow/.local/lib/python3.12/site-packages/airflow/example_dags/example_kubernetes_executor.py
[2025-04-21T17:25:32.509+0000] {processor.py:830} INFO - Processing file /home/airflow/.local/lib/python3.12/site-packages/airflow/example_dags/example_kubernetes_executor.py for tasks to queue
[2025-04-21T17:25:32.510+0000] {logging_mixin.py:188} INFO - [2025-04-21T17:25:32.510+0000] {dagbag.py:545} INFO - Filling up the DagBag from /home/airflow/.local/lib/python3.12/site-packages/airflow/example_dags/example_kubernetes_executor.py
[2025-04-21T17:25:32.516+0000] {processor.py:840} INFO - DAG(s) 'example_kubernetes_executor' retrieved from /home/airflow/.local/lib/python3.12/site-packages/airflow/example_dags/example_kubernetes_executor.py
[2025-04-21T17:25:32.540+0000] {logging_mixin.py:188} INFO - [2025-04-21T17:25:32.540+0000] {dag.py:3096} INFO - Sync 1 DAGs
[2025-04-21T17:25:32.546+0000] {logging_mixin.py:188} INFO - [2025-04-21T17:25:32.546+0000] {dag.py:3954} INFO - Setting next_dagrun for example_kubernetes_executor to None, run_after=None
[2025-04-21T17:25:32.557+0000] {processor.py:183} INFO - Processing /home/airflow/.local/lib/python3.12/site-packages/airflow/example_dags/example_kubernetes_executor.py took 0.052 seconds
[2025-04-21T18:31:35.680+0000] {processor.py:161} INFO - Started process (PID=93306) to work on /home/airflow/.local/lib/python3.12/site-packages/airflow/example_dags/example_kubernetes_executor.py
[2025-04-21T18:31:35.682+0000] {processor.py:830} INFO - Processing file /home/airflow/.local/lib/python3.12/site-packages/airflow/example_dags/example_kubernetes_executor.py for tasks to queue
[2025-04-21T18:31:35.683+0000] {logging_mixin.py:188} INFO - [2025-04-21T18:31:35.683+0000] {dagbag.py:545} INFO - Filling up the DagBag from /home/airflow/.local/lib/python3.12/site-packages/airflow/example_dags/example_kubernetes_executor.py
[2025-04-21T18:31:35.688+0000] {processor.py:840} INFO - DAG(s) 'example_kubernetes_executor' retrieved from /home/airflow/.local/lib/python3.12/site-packages/airflow/example_dags/example_kubernetes_executor.py
[2025-04-21T18:31:35.709+0000] {logging_mixin.py:188} INFO - [2025-04-21T18:31:35.708+0000] {dag.py:3096} INFO - Sync 1 DAGs
[2025-04-21T18:31:35.717+0000] {logging_mixin.py:188} INFO - [2025-04-21T18:31:35.717+0000] {dag.py:3954} INFO - Setting next_dagrun for example_kubernetes_executor to None, run_after=None
[2025-04-21T18:31:35.730+0000] {processor.py:183} INFO - Processing /home/airflow/.local/lib/python3.12/site-packages/airflow/example_dags/example_kubernetes_executor.py took 0.053 seconds
[2025-04-21T18:32:06.500+0000] {processor.py:161} INFO - Started process (PID=93366) to work on /home/airflow/.local/lib/python3.12/site-packages/airflow/example_dags/example_kubernetes_executor.py
[2025-04-21T18:32:06.500+0000] {processor.py:830} INFO - Processing file /home/airflow/.local/lib/python3.12/site-packages/airflow/example_dags/example_kubernetes_executor.py for tasks to queue
[2025-04-21T18:32:06.502+0000] {logging_mixin.py:188} INFO - [2025-04-21T18:32:06.502+0000] {dagbag.py:545} INFO - Filling up the DagBag from /home/airflow/.local/lib/python3.12/site-packages/airflow/example_dags/example_kubernetes_executor.py
[2025-04-21T18:32:06.509+0000] {processor.py:840} INFO - DAG(s) 'example_kubernetes_executor' retrieved from /home/airflow/.local/lib/python3.12/site-packages/airflow/example_dags/example_kubernetes_executor.py
[2025-04-21T18:32:06.529+0000] {logging_mixin.py:188} INFO - [2025-04-21T18:32:06.529+0000] {dag.py:3096} INFO - Sync 1 DAGs
[2025-04-21T18:32:06.538+0000] {logging_mixin.py:188} INFO - [2025-04-21T18:32:06.538+0000] {dag.py:3954} INFO - Setting next_dagrun for example_kubernetes_executor to None, run_after=None
[2025-04-21T18:32:06.547+0000] {processor.py:183} INFO - Processing /home/airflow/.local/lib/python3.12/site-packages/airflow/example_dags/example_kubernetes_executor.py took 0.050 seconds
[2025-04-21T18:35:58.011+0000] {processor.py:161} INFO - Started process (PID=93426) to work on /home/airflow/.local/lib/python3.12/site-packages/airflow/example_dags/example_kubernetes_executor.py
[2025-04-21T18:35:58.011+0000] {processor.py:830} INFO - Processing file /home/airflow/.local/lib/python3.12/site-packages/airflow/example_dags/example_kubernetes_executor.py for tasks to queue
[2025-04-21T18:35:58.012+0000] {logging_mixin.py:188} INFO - [2025-04-21T18:35:58.012+0000] {dagbag.py:545} INFO - Filling up the DagBag from /home/airflow/.local/lib/python3.12/site-packages/airflow/example_dags/example_kubernetes_executor.py
[2025-04-21T18:35:58.017+0000] {processor.py:840} INFO - DAG(s) 'example_kubernetes_executor' retrieved from /home/airflow/.local/lib/python3.12/site-packages/airflow/example_dags/example_kubernetes_executor.py
[2025-04-21T18:35:58.046+0000] {logging_mixin.py:188} INFO - [2025-04-21T18:35:58.046+0000] {dag.py:3096} INFO - Sync 1 DAGs
[2025-04-21T18:35:58.052+0000] {logging_mixin.py:188} INFO - [2025-04-21T18:35:58.052+0000] {dag.py:3954} INFO - Setting next_dagrun for example_kubernetes_executor to None, run_after=None
[2025-04-21T18:35:58.145+0000] {processor.py:183} INFO - Processing /home/airflow/.local/lib/python3.12/site-packages/airflow/example_dags/example_kubernetes_executor.py took 0.138 seconds
[2025-04-21T18:41:10.859+0000] {processor.py:161} INFO - Started process (PID=93486) to work on /home/airflow/.local/lib/python3.12/site-packages/airflow/example_dags/example_kubernetes_executor.py
[2025-04-21T18:41:10.860+0000] {processor.py:830} INFO - Processing file /home/airflow/.local/lib/python3.12/site-packages/airflow/example_dags/example_kubernetes_executor.py for tasks to queue
[2025-04-21T18:41:10.861+0000] {logging_mixin.py:188} INFO - [2025-04-21T18:41:10.861+0000] {dagbag.py:545} INFO - Filling up the DagBag from /home/airflow/.local/lib/python3.12/site-packages/airflow/example_dags/example_kubernetes_executor.py
[2025-04-21T18:41:10.868+0000] {processor.py:840} INFO - DAG(s) 'example_kubernetes_executor' retrieved from /home/airflow/.local/lib/python3.12/site-packages/airflow/example_dags/example_kubernetes_executor.py
[2025-04-21T18:41:10.885+0000] {logging_mixin.py:188} INFO - [2025-04-21T18:41:10.885+0000] {dag.py:3096} INFO - Sync 1 DAGs
[2025-04-21T18:41:10.891+0000] {logging_mixin.py:188} INFO - [2025-04-21T18:41:10.891+0000] {dag.py:3954} INFO - Setting next_dagrun for example_kubernetes_executor to None, run_after=None
[2025-04-21T18:41:10.985+0000] {processor.py:183} INFO - Processing /home/airflow/.local/lib/python3.12/site-packages/airflow/example_dags/example_kubernetes_executor.py took 0.129 seconds
[2025-04-21T18:41:41.669+0000] {processor.py:161} INFO - Started process (PID=93548) to work on /home/airflow/.local/lib/python3.12/site-packages/airflow/example_dags/example_kubernetes_executor.py
[2025-04-21T18:41:41.669+0000] {processor.py:830} INFO - Processing file /home/airflow/.local/lib/python3.12/site-packages/airflow/example_dags/example_kubernetes_executor.py for tasks to queue
[2025-04-21T18:41:41.670+0000] {logging_mixin.py:188} INFO - [2025-04-21T18:41:41.670+0000] {dagbag.py:545} INFO - Filling up the DagBag from /home/airflow/.local/lib/python3.12/site-packages/airflow/example_dags/example_kubernetes_executor.py
[2025-04-21T18:41:41.676+0000] {processor.py:840} INFO - DAG(s) 'example_kubernetes_executor' retrieved from /home/airflow/.local/lib/python3.12/site-packages/airflow/example_dags/example_kubernetes_executor.py
[2025-04-21T18:41:41.697+0000] {logging_mixin.py:188} INFO - [2025-04-21T18:41:41.697+0000] {dag.py:3096} INFO - Sync 1 DAGs
[2025-04-21T18:41:41.704+0000] {logging_mixin.py:188} INFO - [2025-04-21T18:41:41.704+0000] {dag.py:3954} INFO - Setting next_dagrun for example_kubernetes_executor to None, run_after=None
[2025-04-21T18:41:41.716+0000] {processor.py:183} INFO - Processing /home/airflow/.local/lib/python3.12/site-packages/airflow/example_dags/example_kubernetes_executor.py took 0.050 seconds
[2025-04-21T18:46:53.793+0000] {processor.py:161} INFO - Started process (PID=93606) to work on /home/airflow/.local/lib/python3.12/site-packages/airflow/example_dags/example_kubernetes_executor.py
[2025-04-21T18:46:53.793+0000] {processor.py:830} INFO - Processing file /home/airflow/.local/lib/python3.12/site-packages/airflow/example_dags/example_kubernetes_executor.py for tasks to queue
[2025-04-21T18:46:53.795+0000] {logging_mixin.py:188} INFO - [2025-04-21T18:46:53.795+0000] {dagbag.py:545} INFO - Filling up the DagBag from /home/airflow/.local/lib/python3.12/site-packages/airflow/example_dags/example_kubernetes_executor.py
[2025-04-21T18:46:53.801+0000] {processor.py:840} INFO - DAG(s) 'example_kubernetes_executor' retrieved from /home/airflow/.local/lib/python3.12/site-packages/airflow/example_dags/example_kubernetes_executor.py
[2025-04-21T18:46:53.823+0000] {logging_mixin.py:188} INFO - [2025-04-21T18:46:53.822+0000] {dag.py:3096} INFO - Sync 1 DAGs
[2025-04-21T18:46:53.830+0000] {logging_mixin.py:188} INFO - [2025-04-21T18:46:53.830+0000] {dag.py:3954} INFO - Setting next_dagrun for example_kubernetes_executor to None, run_after=None
[2025-04-21T18:46:53.838+0000] {processor.py:183} INFO - Processing /home/airflow/.local/lib/python3.12/site-packages/airflow/example_dags/example_kubernetes_executor.py took 0.048 seconds
[2025-04-21T18:52:06.966+0000] {processor.py:161} INFO - Started process (PID=93666) to work on /home/airflow/.local/lib/python3.12/site-packages/airflow/example_dags/example_kubernetes_executor.py
[2025-04-21T18:52:06.969+0000] {processor.py:830} INFO - Processing file /home/airflow/.local/lib/python3.12/site-packages/airflow/example_dags/example_kubernetes_executor.py for tasks to queue
[2025-04-21T18:52:06.971+0000] {logging_mixin.py:188} INFO - [2025-04-21T18:52:06.971+0000] {dagbag.py:545} INFO - Filling up the DagBag from /home/airflow/.local/lib/python3.12/site-packages/airflow/example_dags/example_kubernetes_executor.py
[2025-04-21T18:52:06.977+0000] {processor.py:840} INFO - DAG(s) 'example_kubernetes_executor' retrieved from /home/airflow/.local/lib/python3.12/site-packages/airflow/example_dags/example_kubernetes_executor.py
[2025-04-21T18:52:06.998+0000] {logging_mixin.py:188} INFO - [2025-04-21T18:52:06.998+0000] {dag.py:3096} INFO - Sync 1 DAGs
[2025-04-21T18:52:07.004+0000] {logging_mixin.py:188} INFO - [2025-04-21T18:52:07.004+0000] {dag.py:3954} INFO - Setting next_dagrun for example_kubernetes_executor to None, run_after=None
[2025-04-21T18:52:07.013+0000] {processor.py:183} INFO - Processing /home/airflow/.local/lib/python3.12/site-packages/airflow/example_dags/example_kubernetes_executor.py took 0.051 seconds
[2025-04-21T18:52:39.011+0000] {processor.py:161} INFO - Started process (PID=93726) to work on /home/airflow/.local/lib/python3.12/site-packages/airflow/example_dags/example_kubernetes_executor.py
[2025-04-21T18:52:39.011+0000] {processor.py:830} INFO - Processing file /home/airflow/.local/lib/python3.12/site-packages/airflow/example_dags/example_kubernetes_executor.py for tasks to queue
[2025-04-21T18:52:39.013+0000] {logging_mixin.py:188} INFO - [2025-04-21T18:52:39.013+0000] {dagbag.py:545} INFO - Filling up the DagBag from /home/airflow/.local/lib/python3.12/site-packages/airflow/example_dags/example_kubernetes_executor.py
[2025-04-21T18:52:39.105+0000] {processor.py:840} INFO - DAG(s) 'example_kubernetes_executor' retrieved from /home/airflow/.local/lib/python3.12/site-packages/airflow/example_dags/example_kubernetes_executor.py
[2025-04-21T18:52:39.125+0000] {logging_mixin.py:188} INFO - [2025-04-21T18:52:39.125+0000] {dag.py:3096} INFO - Sync 1 DAGs
[2025-04-21T18:52:39.130+0000] {logging_mixin.py:188} INFO - [2025-04-21T18:52:39.130+0000] {dag.py:3954} INFO - Setting next_dagrun for example_kubernetes_executor to None, run_after=None
[2025-04-21T18:52:39.141+0000] {processor.py:183} INFO - Processing /home/airflow/.local/lib/python3.12/site-packages/airflow/example_dags/example_kubernetes_executor.py took 0.133 seconds
[2025-04-21T18:57:49.661+0000] {processor.py:161} INFO - Started process (PID=93786) to work on /home/airflow/.local/lib/python3.12/site-packages/airflow/example_dags/example_kubernetes_executor.py
[2025-04-21T18:57:49.661+0000] {processor.py:830} INFO - Processing file /home/airflow/.local/lib/python3.12/site-packages/airflow/example_dags/example_kubernetes_executor.py for tasks to queue
[2025-04-21T18:57:49.662+0000] {logging_mixin.py:188} INFO - [2025-04-21T18:57:49.662+0000] {dagbag.py:545} INFO - Filling up the DagBag from /home/airflow/.local/lib/python3.12/site-packages/airflow/example_dags/example_kubernetes_executor.py
[2025-04-21T18:57:49.670+0000] {processor.py:840} INFO - DAG(s) 'example_kubernetes_executor' retrieved from /home/airflow/.local/lib/python3.12/site-packages/airflow/example_dags/example_kubernetes_executor.py
[2025-04-21T18:57:49.687+0000] {logging_mixin.py:188} INFO - [2025-04-21T18:57:49.687+0000] {dag.py:3096} INFO - Sync 1 DAGs
[2025-04-21T18:57:49.693+0000] {logging_mixin.py:188} INFO - [2025-04-21T18:57:49.693+0000] {dag.py:3954} INFO - Setting next_dagrun for example_kubernetes_executor to None, run_after=None
[2025-04-21T18:57:49.705+0000] {processor.py:183} INFO - Processing /home/airflow/.local/lib/python3.12/site-packages/airflow/example_dags/example_kubernetes_executor.py took 0.047 seconds
[2025-04-21T20:03:25.011+0000] {processor.py:161} INFO - Started process (PID=93846) to work on /home/airflow/.local/lib/python3.12/site-packages/airflow/example_dags/example_kubernetes_executor.py
[2025-04-21T20:03:25.012+0000] {processor.py:830} INFO - Processing file /home/airflow/.local/lib/python3.12/site-packages/airflow/example_dags/example_kubernetes_executor.py for tasks to queue
[2025-04-21T20:03:25.013+0000] {logging_mixin.py:188} INFO - [2025-04-21T20:03:25.013+0000] {dagbag.py:545} INFO - Filling up the DagBag from /home/airflow/.local/lib/python3.12/site-packages/airflow/example_dags/example_kubernetes_executor.py
[2025-04-21T20:03:25.049+0000] {processor.py:840} INFO - DAG(s) 'example_kubernetes_executor' retrieved from /home/airflow/.local/lib/python3.12/site-packages/airflow/example_dags/example_kubernetes_executor.py
[2025-04-21T20:03:25.091+0000] {logging_mixin.py:188} INFO - [2025-04-21T20:03:25.091+0000] {dag.py:3096} INFO - Sync 1 DAGs
[2025-04-21T20:03:25.105+0000] {logging_mixin.py:188} INFO - [2025-04-21T20:03:25.104+0000] {dag.py:3954} INFO - Setting next_dagrun for example_kubernetes_executor to None, run_after=None
[2025-04-21T20:03:25.126+0000] {processor.py:183} INFO - Processing /home/airflow/.local/lib/python3.12/site-packages/airflow/example_dags/example_kubernetes_executor.py took 0.120 seconds
[2025-04-21T20:15:54.135+0000] {processor.py:161} INFO - Started process (PID=93906) to work on /home/airflow/.local/lib/python3.12/site-packages/airflow/example_dags/example_kubernetes_executor.py
[2025-04-21T20:15:54.137+0000] {processor.py:830} INFO - Processing file /home/airflow/.local/lib/python3.12/site-packages/airflow/example_dags/example_kubernetes_executor.py for tasks to queue
[2025-04-21T20:15:54.138+0000] {logging_mixin.py:188} INFO - [2025-04-21T20:15:54.138+0000] {dagbag.py:545} INFO - Filling up the DagBag from /home/airflow/.local/lib/python3.12/site-packages/airflow/example_dags/example_kubernetes_executor.py
[2025-04-21T20:15:54.143+0000] {processor.py:840} INFO - DAG(s) 'example_kubernetes_executor' retrieved from /home/airflow/.local/lib/python3.12/site-packages/airflow/example_dags/example_kubernetes_executor.py
[2025-04-21T20:15:54.167+0000] {logging_mixin.py:188} INFO - [2025-04-21T20:15:54.167+0000] {dag.py:3096} INFO - Sync 1 DAGs
[2025-04-21T20:15:54.175+0000] {logging_mixin.py:188} INFO - [2025-04-21T20:15:54.175+0000] {dag.py:3954} INFO - Setting next_dagrun for example_kubernetes_executor to None, run_after=None
[2025-04-21T20:15:54.186+0000] {processor.py:183} INFO - Processing /home/airflow/.local/lib/python3.12/site-packages/airflow/example_dags/example_kubernetes_executor.py took 0.054 seconds
[2025-04-21T20:21:07.747+0000] {processor.py:161} INFO - Started process (PID=93966) to work on /home/airflow/.local/lib/python3.12/site-packages/airflow/example_dags/example_kubernetes_executor.py
[2025-04-21T20:21:07.748+0000] {processor.py:830} INFO - Processing file /home/airflow/.local/lib/python3.12/site-packages/airflow/example_dags/example_kubernetes_executor.py for tasks to queue
[2025-04-21T20:21:07.750+0000] {logging_mixin.py:188} INFO - [2025-04-21T20:21:07.750+0000] {dagbag.py:545} INFO - Filling up the DagBag from /home/airflow/.local/lib/python3.12/site-packages/airflow/example_dags/example_kubernetes_executor.py
[2025-04-21T20:21:07.762+0000] {processor.py:840} INFO - DAG(s) 'example_kubernetes_executor' retrieved from /home/airflow/.local/lib/python3.12/site-packages/airflow/example_dags/example_kubernetes_executor.py
[2025-04-21T20:21:07.791+0000] {logging_mixin.py:188} INFO - [2025-04-21T20:21:07.791+0000] {dag.py:3096} INFO - Sync 1 DAGs
[2025-04-21T20:21:07.805+0000] {logging_mixin.py:188} INFO - [2025-04-21T20:21:07.804+0000] {dag.py:3954} INFO - Setting next_dagrun for example_kubernetes_executor to None, run_after=None
[2025-04-21T20:21:07.817+0000] {processor.py:183} INFO - Processing /home/airflow/.local/lib/python3.12/site-packages/airflow/example_dags/example_kubernetes_executor.py took 0.074 seconds
[2025-04-21T20:22:21.529+0000] {processor.py:161} INFO - Started process (PID=94026) to work on /home/airflow/.local/lib/python3.12/site-packages/airflow/example_dags/example_kubernetes_executor.py
[2025-04-21T20:22:21.534+0000] {processor.py:830} INFO - Processing file /home/airflow/.local/lib/python3.12/site-packages/airflow/example_dags/example_kubernetes_executor.py for tasks to queue
[2025-04-21T20:22:21.536+0000] {logging_mixin.py:188} INFO - [2025-04-21T20:22:21.536+0000] {dagbag.py:545} INFO - Filling up the DagBag from /home/airflow/.local/lib/python3.12/site-packages/airflow/example_dags/example_kubernetes_executor.py
[2025-04-21T20:22:21.542+0000] {processor.py:840} INFO - DAG(s) 'example_kubernetes_executor' retrieved from /home/airflow/.local/lib/python3.12/site-packages/airflow/example_dags/example_kubernetes_executor.py
[2025-04-21T20:22:21.563+0000] {logging_mixin.py:188} INFO - [2025-04-21T20:22:21.563+0000] {dag.py:3096} INFO - Sync 1 DAGs
[2025-04-21T20:22:21.569+0000] {logging_mixin.py:188} INFO - [2025-04-21T20:22:21.569+0000] {dag.py:3954} INFO - Setting next_dagrun for example_kubernetes_executor to None, run_after=None
[2025-04-21T20:22:21.577+0000] {processor.py:183} INFO - Processing /home/airflow/.local/lib/python3.12/site-packages/airflow/example_dags/example_kubernetes_executor.py took 0.051 seconds
[2025-04-21T20:27:35.380+0000] {processor.py:161} INFO - Started process (PID=94086) to work on /home/airflow/.local/lib/python3.12/site-packages/airflow/example_dags/example_kubernetes_executor.py
[2025-04-21T20:27:35.380+0000] {processor.py:830} INFO - Processing file /home/airflow/.local/lib/python3.12/site-packages/airflow/example_dags/example_kubernetes_executor.py for tasks to queue
[2025-04-21T20:27:35.381+0000] {logging_mixin.py:188} INFO - [2025-04-21T20:27:35.381+0000] {dagbag.py:545} INFO - Filling up the DagBag from /home/airflow/.local/lib/python3.12/site-packages/airflow/example_dags/example_kubernetes_executor.py
[2025-04-21T20:27:35.387+0000] {processor.py:840} INFO - DAG(s) 'example_kubernetes_executor' retrieved from /home/airflow/.local/lib/python3.12/site-packages/airflow/example_dags/example_kubernetes_executor.py
[2025-04-21T20:27:35.404+0000] {logging_mixin.py:188} INFO - [2025-04-21T20:27:35.404+0000] {dag.py:3096} INFO - Sync 1 DAGs
[2025-04-21T20:27:35.413+0000] {logging_mixin.py:188} INFO - [2025-04-21T20:27:35.413+0000] {dag.py:3954} INFO - Setting next_dagrun for example_kubernetes_executor to None, run_after=None
[2025-04-21T20:27:35.423+0000] {processor.py:183} INFO - Processing /home/airflow/.local/lib/python3.12/site-packages/airflow/example_dags/example_kubernetes_executor.py took 0.046 seconds
[2025-04-21T20:29:32.423+0000] {processor.py:161} INFO - Started process (PID=94146) to work on /home/airflow/.local/lib/python3.12/site-packages/airflow/example_dags/example_kubernetes_executor.py
[2025-04-21T20:29:32.425+0000] {processor.py:830} INFO - Processing file /home/airflow/.local/lib/python3.12/site-packages/airflow/example_dags/example_kubernetes_executor.py for tasks to queue
[2025-04-21T20:29:32.427+0000] {logging_mixin.py:188} INFO - [2025-04-21T20:29:32.427+0000] {dagbag.py:545} INFO - Filling up the DagBag from /home/airflow/.local/lib/python3.12/site-packages/airflow/example_dags/example_kubernetes_executor.py
[2025-04-21T20:29:32.433+0000] {processor.py:840} INFO - DAG(s) 'example_kubernetes_executor' retrieved from /home/airflow/.local/lib/python3.12/site-packages/airflow/example_dags/example_kubernetes_executor.py
[2025-04-21T20:29:32.452+0000] {logging_mixin.py:188} INFO - [2025-04-21T20:29:32.452+0000] {dag.py:3096} INFO - Sync 1 DAGs
[2025-04-21T20:29:32.458+0000] {logging_mixin.py:188} INFO - [2025-04-21T20:29:32.458+0000] {dag.py:3954} INFO - Setting next_dagrun for example_kubernetes_executor to None, run_after=None
[2025-04-21T20:29:32.466+0000] {processor.py:183} INFO - Processing /home/airflow/.local/lib/python3.12/site-packages/airflow/example_dags/example_kubernetes_executor.py took 0.046 seconds
[2025-04-21T20:30:51.836+0000] {processor.py:161} INFO - Started process (PID=94206) to work on /home/airflow/.local/lib/python3.12/site-packages/airflow/example_dags/example_kubernetes_executor.py
[2025-04-21T20:30:51.838+0000] {processor.py:830} INFO - Processing file /home/airflow/.local/lib/python3.12/site-packages/airflow/example_dags/example_kubernetes_executor.py for tasks to queue
[2025-04-21T20:30:51.840+0000] {logging_mixin.py:188} INFO - [2025-04-21T20:30:51.840+0000] {dagbag.py:545} INFO - Filling up the DagBag from /home/airflow/.local/lib/python3.12/site-packages/airflow/example_dags/example_kubernetes_executor.py
[2025-04-21T20:30:51.847+0000] {processor.py:840} INFO - DAG(s) 'example_kubernetes_executor' retrieved from /home/airflow/.local/lib/python3.12/site-packages/airflow/example_dags/example_kubernetes_executor.py
[2025-04-21T20:30:51.867+0000] {logging_mixin.py:188} INFO - [2025-04-21T20:30:51.867+0000] {dag.py:3096} INFO - Sync 1 DAGs
[2025-04-21T20:30:51.876+0000] {logging_mixin.py:188} INFO - [2025-04-21T20:30:51.876+0000] {dag.py:3954} INFO - Setting next_dagrun for example_kubernetes_executor to None, run_after=None
[2025-04-21T20:30:51.885+0000] {processor.py:183} INFO - Processing /home/airflow/.local/lib/python3.12/site-packages/airflow/example_dags/example_kubernetes_executor.py took 0.052 seconds
[2025-04-21T20:31:33.095+0000] {processor.py:161} INFO - Started process (PID=94266) to work on /home/airflow/.local/lib/python3.12/site-packages/airflow/example_dags/example_kubernetes_executor.py
[2025-04-21T20:31:33.099+0000] {processor.py:830} INFO - Processing file /home/airflow/.local/lib/python3.12/site-packages/airflow/example_dags/example_kubernetes_executor.py for tasks to queue
[2025-04-21T20:31:33.100+0000] {logging_mixin.py:188} INFO - [2025-04-21T20:31:33.100+0000] {dagbag.py:545} INFO - Filling up the DagBag from /home/airflow/.local/lib/python3.12/site-packages/airflow/example_dags/example_kubernetes_executor.py
[2025-04-21T20:31:33.106+0000] {processor.py:840} INFO - DAG(s) 'example_kubernetes_executor' retrieved from /home/airflow/.local/lib/python3.12/site-packages/airflow/example_dags/example_kubernetes_executor.py
[2025-04-21T20:31:33.125+0000] {logging_mixin.py:188} INFO - [2025-04-21T20:31:33.125+0000] {dag.py:3096} INFO - Sync 1 DAGs
[2025-04-21T20:31:33.133+0000] {logging_mixin.py:188} INFO - [2025-04-21T20:31:33.133+0000] {dag.py:3954} INFO - Setting next_dagrun for example_kubernetes_executor to None, run_after=None
[2025-04-21T20:31:33.145+0000] {processor.py:183} INFO - Processing /home/airflow/.local/lib/python3.12/site-packages/airflow/example_dags/example_kubernetes_executor.py took 0.052 seconds
[2025-04-21T20:32:08.430+0000] {processor.py:161} INFO - Started process (PID=94326) to work on /home/airflow/.local/lib/python3.12/site-packages/airflow/example_dags/example_kubernetes_executor.py
[2025-04-21T20:32:08.432+0000] {processor.py:830} INFO - Processing file /home/airflow/.local/lib/python3.12/site-packages/airflow/example_dags/example_kubernetes_executor.py for tasks to queue
[2025-04-21T20:32:08.434+0000] {logging_mixin.py:188} INFO - [2025-04-21T20:32:08.433+0000] {dagbag.py:545} INFO - Filling up the DagBag from /home/airflow/.local/lib/python3.12/site-packages/airflow/example_dags/example_kubernetes_executor.py
[2025-04-21T20:32:08.439+0000] {processor.py:840} INFO - DAG(s) 'example_kubernetes_executor' retrieved from /home/airflow/.local/lib/python3.12/site-packages/airflow/example_dags/example_kubernetes_executor.py
[2025-04-21T20:32:08.459+0000] {logging_mixin.py:188} INFO - [2025-04-21T20:32:08.459+0000] {dag.py:3096} INFO - Sync 1 DAGs
[2025-04-21T20:32:08.465+0000] {logging_mixin.py:188} INFO - [2025-04-21T20:32:08.465+0000] {dag.py:3954} INFO - Setting next_dagrun for example_kubernetes_executor to None, run_after=None
[2025-04-21T20:32:08.477+0000] {processor.py:183} INFO - Processing /home/airflow/.local/lib/python3.12/site-packages/airflow/example_dags/example_kubernetes_executor.py took 0.050 seconds
[2025-04-21T20:33:33.107+0000] {processor.py:161} INFO - Started process (PID=94386) to work on /home/airflow/.local/lib/python3.12/site-packages/airflow/example_dags/example_kubernetes_executor.py
[2025-04-21T20:33:33.109+0000] {processor.py:830} INFO - Processing file /home/airflow/.local/lib/python3.12/site-packages/airflow/example_dags/example_kubernetes_executor.py for tasks to queue
[2025-04-21T20:33:33.110+0000] {logging_mixin.py:188} INFO - [2025-04-21T20:33:33.110+0000] {dagbag.py:545} INFO - Filling up the DagBag from /home/airflow/.local/lib/python3.12/site-packages/airflow/example_dags/example_kubernetes_executor.py
[2025-04-21T20:33:33.116+0000] {processor.py:840} INFO - DAG(s) 'example_kubernetes_executor' retrieved from /home/airflow/.local/lib/python3.12/site-packages/airflow/example_dags/example_kubernetes_executor.py
[2025-04-21T20:33:33.136+0000] {logging_mixin.py:188} INFO - [2025-04-21T20:33:33.136+0000] {dag.py:3096} INFO - Sync 1 DAGs
[2025-04-21T20:33:33.142+0000] {logging_mixin.py:188} INFO - [2025-04-21T20:33:33.142+0000] {dag.py:3954} INFO - Setting next_dagrun for example_kubernetes_executor to None, run_after=None
[2025-04-21T20:33:33.151+0000] {processor.py:183} INFO - Processing /home/airflow/.local/lib/python3.12/site-packages/airflow/example_dags/example_kubernetes_executor.py took 0.047 seconds
[2025-04-21T20:34:55.923+0000] {processor.py:161} INFO - Started process (PID=94446) to work on /home/airflow/.local/lib/python3.12/site-packages/airflow/example_dags/example_kubernetes_executor.py
[2025-04-21T20:34:55.924+0000] {processor.py:830} INFO - Processing file /home/airflow/.local/lib/python3.12/site-packages/airflow/example_dags/example_kubernetes_executor.py for tasks to queue
[2025-04-21T20:34:55.925+0000] {logging_mixin.py:188} INFO - [2025-04-21T20:34:55.925+0000] {dagbag.py:545} INFO - Filling up the DagBag from /home/airflow/.local/lib/python3.12/site-packages/airflow/example_dags/example_kubernetes_executor.py
[2025-04-21T20:34:55.931+0000] {processor.py:840} INFO - DAG(s) 'example_kubernetes_executor' retrieved from /home/airflow/.local/lib/python3.12/site-packages/airflow/example_dags/example_kubernetes_executor.py
[2025-04-21T20:34:55.947+0000] {logging_mixin.py:188} INFO - [2025-04-21T20:34:55.947+0000] {dag.py:3096} INFO - Sync 1 DAGs
[2025-04-21T20:34:55.952+0000] {logging_mixin.py:188} INFO - [2025-04-21T20:34:55.952+0000] {dag.py:3954} INFO - Setting next_dagrun for example_kubernetes_executor to None, run_after=None
[2025-04-21T20:34:55.960+0000] {processor.py:183} INFO - Processing /home/airflow/.local/lib/python3.12/site-packages/airflow/example_dags/example_kubernetes_executor.py took 0.039 seconds
[2025-04-21T20:36:08.823+0000] {processor.py:161} INFO - Started process (PID=94506) to work on /home/airflow/.local/lib/python3.12/site-packages/airflow/example_dags/example_kubernetes_executor.py
[2025-04-21T20:36:08.823+0000] {processor.py:830} INFO - Processing file /home/airflow/.local/lib/python3.12/site-packages/airflow/example_dags/example_kubernetes_executor.py for tasks to queue
[2025-04-21T20:36:08.824+0000] {logging_mixin.py:188} INFO - [2025-04-21T20:36:08.824+0000] {dagbag.py:545} INFO - Filling up the DagBag from /home/airflow/.local/lib/python3.12/site-packages/airflow/example_dags/example_kubernetes_executor.py
[2025-04-21T20:36:08.830+0000] {processor.py:840} INFO - DAG(s) 'example_kubernetes_executor' retrieved from /home/airflow/.local/lib/python3.12/site-packages/airflow/example_dags/example_kubernetes_executor.py
[2025-04-21T20:36:08.849+0000] {logging_mixin.py:188} INFO - [2025-04-21T20:36:08.849+0000] {dag.py:3096} INFO - Sync 1 DAGs
[2025-04-21T20:36:08.855+0000] {logging_mixin.py:188} INFO - [2025-04-21T20:36:08.855+0000] {dag.py:3954} INFO - Setting next_dagrun for example_kubernetes_executor to None, run_after=None
[2025-04-21T20:36:08.867+0000] {processor.py:183} INFO - Processing /home/airflow/.local/lib/python3.12/site-packages/airflow/example_dags/example_kubernetes_executor.py took 0.047 seconds
[2025-04-21T20:37:30.671+0000] {processor.py:161} INFO - Started process (PID=94566) to work on /home/airflow/.local/lib/python3.12/site-packages/airflow/example_dags/example_kubernetes_executor.py
[2025-04-21T20:37:30.672+0000] {processor.py:830} INFO - Processing file /home/airflow/.local/lib/python3.12/site-packages/airflow/example_dags/example_kubernetes_executor.py for tasks to queue
[2025-04-21T20:37:30.674+0000] {logging_mixin.py:188} INFO - [2025-04-21T20:37:30.673+0000] {dagbag.py:545} INFO - Filling up the DagBag from /home/airflow/.local/lib/python3.12/site-packages/airflow/example_dags/example_kubernetes_executor.py
[2025-04-21T20:37:30.680+0000] {processor.py:840} INFO - DAG(s) 'example_kubernetes_executor' retrieved from /home/airflow/.local/lib/python3.12/site-packages/airflow/example_dags/example_kubernetes_executor.py
[2025-04-21T20:37:30.701+0000] {logging_mixin.py:188} INFO - [2025-04-21T20:37:30.701+0000] {dag.py:3096} INFO - Sync 1 DAGs
[2025-04-21T20:37:30.709+0000] {logging_mixin.py:188} INFO - [2025-04-21T20:37:30.709+0000] {dag.py:3954} INFO - Setting next_dagrun for example_kubernetes_executor to None, run_after=None
[2025-04-21T20:37:30.719+0000] {processor.py:183} INFO - Processing /home/airflow/.local/lib/python3.12/site-packages/airflow/example_dags/example_kubernetes_executor.py took 0.050 seconds
[2025-04-21T20:40:17.081+0000] {processor.py:161} INFO - Started process (PID=94626) to work on /home/airflow/.local/lib/python3.12/site-packages/airflow/example_dags/example_kubernetes_executor.py
[2025-04-21T20:40:17.084+0000] {processor.py:830} INFO - Processing file /home/airflow/.local/lib/python3.12/site-packages/airflow/example_dags/example_kubernetes_executor.py for tasks to queue
[2025-04-21T20:40:17.085+0000] {logging_mixin.py:188} INFO - [2025-04-21T20:40:17.085+0000] {dagbag.py:545} INFO - Filling up the DagBag from /home/airflow/.local/lib/python3.12/site-packages/airflow/example_dags/example_kubernetes_executor.py
[2025-04-21T20:40:17.091+0000] {processor.py:840} INFO - DAG(s) 'example_kubernetes_executor' retrieved from /home/airflow/.local/lib/python3.12/site-packages/airflow/example_dags/example_kubernetes_executor.py
[2025-04-21T20:40:17.108+0000] {logging_mixin.py:188} INFO - [2025-04-21T20:40:17.108+0000] {dag.py:3096} INFO - Sync 1 DAGs
[2025-04-21T20:40:17.113+0000] {logging_mixin.py:188} INFO - [2025-04-21T20:40:17.113+0000] {dag.py:3954} INFO - Setting next_dagrun for example_kubernetes_executor to None, run_after=None
[2025-04-21T20:40:17.123+0000] {processor.py:183} INFO - Processing /home/airflow/.local/lib/python3.12/site-packages/airflow/example_dags/example_kubernetes_executor.py took 0.046 seconds
[2025-04-21T20:41:07.216+0000] {processor.py:161} INFO - Started process (PID=94686) to work on /home/airflow/.local/lib/python3.12/site-packages/airflow/example_dags/example_kubernetes_executor.py
[2025-04-21T20:41:07.216+0000] {processor.py:830} INFO - Processing file /home/airflow/.local/lib/python3.12/site-packages/airflow/example_dags/example_kubernetes_executor.py for tasks to queue
[2025-04-21T20:41:07.217+0000] {logging_mixin.py:188} INFO - [2025-04-21T20:41:07.217+0000] {dagbag.py:545} INFO - Filling up the DagBag from /home/airflow/.local/lib/python3.12/site-packages/airflow/example_dags/example_kubernetes_executor.py
[2025-04-21T20:41:07.223+0000] {processor.py:840} INFO - DAG(s) 'example_kubernetes_executor' retrieved from /home/airflow/.local/lib/python3.12/site-packages/airflow/example_dags/example_kubernetes_executor.py
[2025-04-21T20:41:07.239+0000] {logging_mixin.py:188} INFO - [2025-04-21T20:41:07.239+0000] {dag.py:3096} INFO - Sync 1 DAGs
[2025-04-21T20:41:07.244+0000] {logging_mixin.py:188} INFO - [2025-04-21T20:41:07.244+0000] {dag.py:3954} INFO - Setting next_dagrun for example_kubernetes_executor to None, run_after=None
[2025-04-21T20:41:07.253+0000] {processor.py:183} INFO - Processing /home/airflow/.local/lib/python3.12/site-packages/airflow/example_dags/example_kubernetes_executor.py took 0.040 seconds
[2025-04-21T20:41:49.628+0000] {processor.py:161} INFO - Started process (PID=94746) to work on /home/airflow/.local/lib/python3.12/site-packages/airflow/example_dags/example_kubernetes_executor.py
[2025-04-21T20:41:49.628+0000] {processor.py:830} INFO - Processing file /home/airflow/.local/lib/python3.12/site-packages/airflow/example_dags/example_kubernetes_executor.py for tasks to queue
[2025-04-21T20:41:49.630+0000] {logging_mixin.py:188} INFO - [2025-04-21T20:41:49.629+0000] {dagbag.py:545} INFO - Filling up the DagBag from /home/airflow/.local/lib/python3.12/site-packages/airflow/example_dags/example_kubernetes_executor.py
[2025-04-21T20:41:49.635+0000] {processor.py:840} INFO - DAG(s) 'example_kubernetes_executor' retrieved from /home/airflow/.local/lib/python3.12/site-packages/airflow/example_dags/example_kubernetes_executor.py
[2025-04-21T20:41:49.653+0000] {logging_mixin.py:188} INFO - [2025-04-21T20:41:49.653+0000] {dag.py:3096} INFO - Sync 1 DAGs
[2025-04-21T20:41:49.659+0000] {logging_mixin.py:188} INFO - [2025-04-21T20:41:49.659+0000] {dag.py:3954} INFO - Setting next_dagrun for example_kubernetes_executor to None, run_after=None
[2025-04-21T20:41:49.670+0000] {processor.py:183} INFO - Processing /home/airflow/.local/lib/python3.12/site-packages/airflow/example_dags/example_kubernetes_executor.py took 0.046 seconds
[2025-04-21T20:42:34.762+0000] {processor.py:161} INFO - Started process (PID=94806) to work on /home/airflow/.local/lib/python3.12/site-packages/airflow/example_dags/example_kubernetes_executor.py
[2025-04-21T20:42:34.763+0000] {processor.py:830} INFO - Processing file /home/airflow/.local/lib/python3.12/site-packages/airflow/example_dags/example_kubernetes_executor.py for tasks to queue
[2025-04-21T20:42:34.765+0000] {logging_mixin.py:188} INFO - [2025-04-21T20:42:34.765+0000] {dagbag.py:545} INFO - Filling up the DagBag from /home/airflow/.local/lib/python3.12/site-packages/airflow/example_dags/example_kubernetes_executor.py
[2025-04-21T20:42:34.772+0000] {processor.py:840} INFO - DAG(s) 'example_kubernetes_executor' retrieved from /home/airflow/.local/lib/python3.12/site-packages/airflow/example_dags/example_kubernetes_executor.py
[2025-04-21T20:42:34.790+0000] {logging_mixin.py:188} INFO - [2025-04-21T20:42:34.789+0000] {dag.py:3096} INFO - Sync 1 DAGs
[2025-04-21T20:42:34.796+0000] {logging_mixin.py:188} INFO - [2025-04-21T20:42:34.796+0000] {dag.py:3954} INFO - Setting next_dagrun for example_kubernetes_executor to None, run_after=None
[2025-04-21T20:42:34.806+0000] {processor.py:183} INFO - Processing /home/airflow/.local/lib/python3.12/site-packages/airflow/example_dags/example_kubernetes_executor.py took 0.047 seconds
[2025-04-21T20:43:38.071+0000] {processor.py:161} INFO - Started process (PID=94866) to work on /home/airflow/.local/lib/python3.12/site-packages/airflow/example_dags/example_kubernetes_executor.py
[2025-04-21T20:43:38.071+0000] {processor.py:830} INFO - Processing file /home/airflow/.local/lib/python3.12/site-packages/airflow/example_dags/example_kubernetes_executor.py for tasks to queue
[2025-04-21T20:43:38.074+0000] {logging_mixin.py:188} INFO - [2025-04-21T20:43:38.072+0000] {dagbag.py:545} INFO - Filling up the DagBag from /home/airflow/.local/lib/python3.12/site-packages/airflow/example_dags/example_kubernetes_executor.py
[2025-04-21T20:43:38.080+0000] {processor.py:840} INFO - DAG(s) 'example_kubernetes_executor' retrieved from /home/airflow/.local/lib/python3.12/site-packages/airflow/example_dags/example_kubernetes_executor.py
[2025-04-21T20:43:38.100+0000] {logging_mixin.py:188} INFO - [2025-04-21T20:43:38.100+0000] {dag.py:3096} INFO - Sync 1 DAGs
[2025-04-21T20:43:38.106+0000] {logging_mixin.py:188} INFO - [2025-04-21T20:43:38.105+0000] {dag.py:3954} INFO - Setting next_dagrun for example_kubernetes_executor to None, run_after=None
[2025-04-21T20:43:38.115+0000] {processor.py:183} INFO - Processing /home/airflow/.local/lib/python3.12/site-packages/airflow/example_dags/example_kubernetes_executor.py took 0.047 seconds
[2025-04-21T20:44:41.673+0000] {processor.py:161} INFO - Started process (PID=94926) to work on /home/airflow/.local/lib/python3.12/site-packages/airflow/example_dags/example_kubernetes_executor.py
[2025-04-21T20:44:41.675+0000] {processor.py:830} INFO - Processing file /home/airflow/.local/lib/python3.12/site-packages/airflow/example_dags/example_kubernetes_executor.py for tasks to queue
[2025-04-21T20:44:41.676+0000] {logging_mixin.py:188} INFO - [2025-04-21T20:44:41.675+0000] {dagbag.py:545} INFO - Filling up the DagBag from /home/airflow/.local/lib/python3.12/site-packages/airflow/example_dags/example_kubernetes_executor.py
[2025-04-21T20:44:41.681+0000] {processor.py:840} INFO - DAG(s) 'example_kubernetes_executor' retrieved from /home/airflow/.local/lib/python3.12/site-packages/airflow/example_dags/example_kubernetes_executor.py
[2025-04-21T20:44:41.702+0000] {logging_mixin.py:188} INFO - [2025-04-21T20:44:41.701+0000] {dag.py:3096} INFO - Sync 1 DAGs
[2025-04-21T20:44:41.708+0000] {logging_mixin.py:188} INFO - [2025-04-21T20:44:41.708+0000] {dag.py:3954} INFO - Setting next_dagrun for example_kubernetes_executor to None, run_after=None
[2025-04-21T20:44:41.722+0000] {processor.py:183} INFO - Processing /home/airflow/.local/lib/python3.12/site-packages/airflow/example_dags/example_kubernetes_executor.py took 0.052 seconds
[2025-04-21T20:45:23.318+0000] {processor.py:161} INFO - Started process (PID=94986) to work on /home/airflow/.local/lib/python3.12/site-packages/airflow/example_dags/example_kubernetes_executor.py
[2025-04-21T20:45:23.322+0000] {processor.py:830} INFO - Processing file /home/airflow/.local/lib/python3.12/site-packages/airflow/example_dags/example_kubernetes_executor.py for tasks to queue
[2025-04-21T20:45:23.323+0000] {logging_mixin.py:188} INFO - [2025-04-21T20:45:23.323+0000] {dagbag.py:545} INFO - Filling up the DagBag from /home/airflow/.local/lib/python3.12/site-packages/airflow/example_dags/example_kubernetes_executor.py
[2025-04-21T20:45:23.329+0000] {processor.py:840} INFO - DAG(s) 'example_kubernetes_executor' retrieved from /home/airflow/.local/lib/python3.12/site-packages/airflow/example_dags/example_kubernetes_executor.py
[2025-04-21T20:45:23.348+0000] {logging_mixin.py:188} INFO - [2025-04-21T20:45:23.348+0000] {dag.py:3096} INFO - Sync 1 DAGs
[2025-04-21T20:45:23.355+0000] {logging_mixin.py:188} INFO - [2025-04-21T20:45:23.355+0000] {dag.py:3954} INFO - Setting next_dagrun for example_kubernetes_executor to None, run_after=None
[2025-04-21T20:45:23.365+0000] {processor.py:183} INFO - Processing /home/airflow/.local/lib/python3.12/site-packages/airflow/example_dags/example_kubernetes_executor.py took 0.050 seconds
[2025-04-21T20:50:35.929+0000] {processor.py:161} INFO - Started process (PID=95046) to work on /home/airflow/.local/lib/python3.12/site-packages/airflow/example_dags/example_kubernetes_executor.py
[2025-04-21T20:50:35.930+0000] {processor.py:830} INFO - Processing file /home/airflow/.local/lib/python3.12/site-packages/airflow/example_dags/example_kubernetes_executor.py for tasks to queue
[2025-04-21T20:50:35.932+0000] {logging_mixin.py:188} INFO - [2025-04-21T20:50:35.932+0000] {dagbag.py:545} INFO - Filling up the DagBag from /home/airflow/.local/lib/python3.12/site-packages/airflow/example_dags/example_kubernetes_executor.py
[2025-04-21T20:50:35.938+0000] {processor.py:840} INFO - DAG(s) 'example_kubernetes_executor' retrieved from /home/airflow/.local/lib/python3.12/site-packages/airflow/example_dags/example_kubernetes_executor.py
[2025-04-21T20:50:35.963+0000] {logging_mixin.py:188} INFO - [2025-04-21T20:50:35.963+0000] {dag.py:3096} INFO - Sync 1 DAGs
[2025-04-21T20:50:35.971+0000] {logging_mixin.py:188} INFO - [2025-04-21T20:50:35.971+0000] {dag.py:3954} INFO - Setting next_dagrun for example_kubernetes_executor to None, run_after=None
[2025-04-21T20:50:35.979+0000] {processor.py:183} INFO - Processing /home/airflow/.local/lib/python3.12/site-packages/airflow/example_dags/example_kubernetes_executor.py took 0.053 seconds
[2025-04-21T20:51:06.734+0000] {processor.py:161} INFO - Started process (PID=95106) to work on /home/airflow/.local/lib/python3.12/site-packages/airflow/example_dags/example_kubernetes_executor.py
[2025-04-21T20:51:06.738+0000] {processor.py:830} INFO - Processing file /home/airflow/.local/lib/python3.12/site-packages/airflow/example_dags/example_kubernetes_executor.py for tasks to queue
[2025-04-21T20:51:06.739+0000] {logging_mixin.py:188} INFO - [2025-04-21T20:51:06.739+0000] {dagbag.py:545} INFO - Filling up the DagBag from /home/airflow/.local/lib/python3.12/site-packages/airflow/example_dags/example_kubernetes_executor.py
[2025-04-21T20:51:06.749+0000] {processor.py:840} INFO - DAG(s) 'example_kubernetes_executor' retrieved from /home/airflow/.local/lib/python3.12/site-packages/airflow/example_dags/example_kubernetes_executor.py
[2025-04-21T20:51:06.775+0000] {logging_mixin.py:188} INFO - [2025-04-21T20:51:06.775+0000] {dag.py:3096} INFO - Sync 1 DAGs
[2025-04-21T20:51:06.782+0000] {logging_mixin.py:188} INFO - [2025-04-21T20:51:06.782+0000] {dag.py:3954} INFO - Setting next_dagrun for example_kubernetes_executor to None, run_after=None
[2025-04-21T20:51:06.801+0000] {processor.py:183} INFO - Processing /home/airflow/.local/lib/python3.12/site-packages/airflow/example_dags/example_kubernetes_executor.py took 0.071 seconds
[2025-04-21T20:56:19.561+0000] {processor.py:161} INFO - Started process (PID=95166) to work on /home/airflow/.local/lib/python3.12/site-packages/airflow/example_dags/example_kubernetes_executor.py
[2025-04-21T20:56:19.563+0000] {processor.py:830} INFO - Processing file /home/airflow/.local/lib/python3.12/site-packages/airflow/example_dags/example_kubernetes_executor.py for tasks to queue
[2025-04-21T20:56:19.564+0000] {logging_mixin.py:188} INFO - [2025-04-21T20:56:19.564+0000] {dagbag.py:545} INFO - Filling up the DagBag from /home/airflow/.local/lib/python3.12/site-packages/airflow/example_dags/example_kubernetes_executor.py
[2025-04-21T20:56:19.570+0000] {processor.py:840} INFO - DAG(s) 'example_kubernetes_executor' retrieved from /home/airflow/.local/lib/python3.12/site-packages/airflow/example_dags/example_kubernetes_executor.py
[2025-04-21T20:56:19.588+0000] {logging_mixin.py:188} INFO - [2025-04-21T20:56:19.587+0000] {dag.py:3096} INFO - Sync 1 DAGs
[2025-04-21T20:56:19.594+0000] {logging_mixin.py:188} INFO - [2025-04-21T20:56:19.594+0000] {dag.py:3954} INFO - Setting next_dagrun for example_kubernetes_executor to None, run_after=None
[2025-04-21T20:56:19.607+0000] {processor.py:183} INFO - Processing /home/airflow/.local/lib/python3.12/site-packages/airflow/example_dags/example_kubernetes_executor.py took 0.049 seconds
[2025-04-21T21:46:41.058+0000] {processor.py:161} INFO - Started process (PID=95226) to work on /home/airflow/.local/lib/python3.12/site-packages/airflow/example_dags/example_kubernetes_executor.py
[2025-04-21T21:46:41.060+0000] {processor.py:830} INFO - Processing file /home/airflow/.local/lib/python3.12/site-packages/airflow/example_dags/example_kubernetes_executor.py for tasks to queue
[2025-04-21T21:46:41.061+0000] {logging_mixin.py:188} INFO - [2025-04-21T21:46:41.061+0000] {dagbag.py:545} INFO - Filling up the DagBag from /home/airflow/.local/lib/python3.12/site-packages/airflow/example_dags/example_kubernetes_executor.py
[2025-04-21T21:46:41.067+0000] {processor.py:840} INFO - DAG(s) 'example_kubernetes_executor' retrieved from /home/airflow/.local/lib/python3.12/site-packages/airflow/example_dags/example_kubernetes_executor.py
[2025-04-21T21:46:41.084+0000] {logging_mixin.py:188} INFO - [2025-04-21T21:46:41.084+0000] {dag.py:3096} INFO - Sync 1 DAGs
[2025-04-21T21:46:41.090+0000] {logging_mixin.py:188} INFO - [2025-04-21T21:46:41.090+0000] {dag.py:3954} INFO - Setting next_dagrun for example_kubernetes_executor to None, run_after=None
[2025-04-21T21:46:41.102+0000] {processor.py:183} INFO - Processing /home/airflow/.local/lib/python3.12/site-packages/airflow/example_dags/example_kubernetes_executor.py took 0.047 seconds
[2025-04-21T21:47:12.200+0000] {processor.py:161} INFO - Started process (PID=95286) to work on /home/airflow/.local/lib/python3.12/site-packages/airflow/example_dags/example_kubernetes_executor.py
[2025-04-21T21:47:12.201+0000] {processor.py:830} INFO - Processing file /home/airflow/.local/lib/python3.12/site-packages/airflow/example_dags/example_kubernetes_executor.py for tasks to queue
[2025-04-21T21:47:12.202+0000] {logging_mixin.py:188} INFO - [2025-04-21T21:47:12.201+0000] {dagbag.py:545} INFO - Filling up the DagBag from /home/airflow/.local/lib/python3.12/site-packages/airflow/example_dags/example_kubernetes_executor.py
[2025-04-21T21:47:12.215+0000] {processor.py:840} INFO - DAG(s) 'example_kubernetes_executor' retrieved from /home/airflow/.local/lib/python3.12/site-packages/airflow/example_dags/example_kubernetes_executor.py
[2025-04-21T21:47:12.247+0000] {logging_mixin.py:188} INFO - [2025-04-21T21:47:12.247+0000] {dag.py:3096} INFO - Sync 1 DAGs
[2025-04-21T21:47:12.256+0000] {logging_mixin.py:188} INFO - [2025-04-21T21:47:12.256+0000] {dag.py:3954} INFO - Setting next_dagrun for example_kubernetes_executor to None, run_after=None
[2025-04-21T21:47:12.267+0000] {processor.py:183} INFO - Processing /home/airflow/.local/lib/python3.12/site-packages/airflow/example_dags/example_kubernetes_executor.py took 0.071 seconds
[2025-04-21T21:52:24.118+0000] {processor.py:161} INFO - Started process (PID=95346) to work on /home/airflow/.local/lib/python3.12/site-packages/airflow/example_dags/example_kubernetes_executor.py
[2025-04-21T21:52:24.119+0000] {processor.py:830} INFO - Processing file /home/airflow/.local/lib/python3.12/site-packages/airflow/example_dags/example_kubernetes_executor.py for tasks to queue
[2025-04-21T21:52:24.120+0000] {logging_mixin.py:188} INFO - [2025-04-21T21:52:24.119+0000] {dagbag.py:545} INFO - Filling up the DagBag from /home/airflow/.local/lib/python3.12/site-packages/airflow/example_dags/example_kubernetes_executor.py
[2025-04-21T21:52:24.125+0000] {processor.py:840} INFO - DAG(s) 'example_kubernetes_executor' retrieved from /home/airflow/.local/lib/python3.12/site-packages/airflow/example_dags/example_kubernetes_executor.py
[2025-04-21T21:52:24.154+0000] {logging_mixin.py:188} INFO - [2025-04-21T21:52:24.154+0000] {dag.py:3096} INFO - Sync 1 DAGs
[2025-04-21T21:52:24.164+0000] {logging_mixin.py:188} INFO - [2025-04-21T21:52:24.164+0000] {dag.py:3954} INFO - Setting next_dagrun for example_kubernetes_executor to None, run_after=None
[2025-04-21T21:52:24.177+0000] {processor.py:183} INFO - Processing /home/airflow/.local/lib/python3.12/site-packages/airflow/example_dags/example_kubernetes_executor.py took 0.063 seconds
[2025-04-21T21:57:36.814+0000] {processor.py:161} INFO - Started process (PID=95406) to work on /home/airflow/.local/lib/python3.12/site-packages/airflow/example_dags/example_kubernetes_executor.py
[2025-04-21T21:57:36.816+0000] {processor.py:830} INFO - Processing file /home/airflow/.local/lib/python3.12/site-packages/airflow/example_dags/example_kubernetes_executor.py for tasks to queue
[2025-04-21T21:57:36.818+0000] {logging_mixin.py:188} INFO - [2025-04-21T21:57:36.817+0000] {dagbag.py:545} INFO - Filling up the DagBag from /home/airflow/.local/lib/python3.12/site-packages/airflow/example_dags/example_kubernetes_executor.py
[2025-04-21T21:57:36.824+0000] {processor.py:840} INFO - DAG(s) 'example_kubernetes_executor' retrieved from /home/airflow/.local/lib/python3.12/site-packages/airflow/example_dags/example_kubernetes_executor.py
[2025-04-21T21:57:36.843+0000] {logging_mixin.py:188} INFO - [2025-04-21T21:57:36.843+0000] {dag.py:3096} INFO - Sync 1 DAGs
[2025-04-21T21:57:36.855+0000] {logging_mixin.py:188} INFO - [2025-04-21T21:57:36.855+0000] {dag.py:3954} INFO - Setting next_dagrun for example_kubernetes_executor to None, run_after=None
[2025-04-21T21:57:36.878+0000] {processor.py:183} INFO - Processing /home/airflow/.local/lib/python3.12/site-packages/airflow/example_dags/example_kubernetes_executor.py took 0.068 seconds
[2025-04-21T22:02:49.802+0000] {processor.py:161} INFO - Started process (PID=95466) to work on /home/airflow/.local/lib/python3.12/site-packages/airflow/example_dags/example_kubernetes_executor.py
[2025-04-21T22:02:49.803+0000] {processor.py:830} INFO - Processing file /home/airflow/.local/lib/python3.12/site-packages/airflow/example_dags/example_kubernetes_executor.py for tasks to queue
[2025-04-21T22:02:49.804+0000] {logging_mixin.py:188} INFO - [2025-04-21T22:02:49.804+0000] {dagbag.py:545} INFO - Filling up the DagBag from /home/airflow/.local/lib/python3.12/site-packages/airflow/example_dags/example_kubernetes_executor.py
[2025-04-21T22:02:49.810+0000] {processor.py:840} INFO - DAG(s) 'example_kubernetes_executor' retrieved from /home/airflow/.local/lib/python3.12/site-packages/airflow/example_dags/example_kubernetes_executor.py
[2025-04-21T22:02:49.834+0000] {logging_mixin.py:188} INFO - [2025-04-21T22:02:49.834+0000] {dag.py:3096} INFO - Sync 1 DAGs
[2025-04-21T22:02:49.844+0000] {logging_mixin.py:188} INFO - [2025-04-21T22:02:49.844+0000] {dag.py:3954} INFO - Setting next_dagrun for example_kubernetes_executor to None, run_after=None
[2025-04-21T22:02:49.855+0000] {processor.py:183} INFO - Processing /home/airflow/.local/lib/python3.12/site-packages/airflow/example_dags/example_kubernetes_executor.py took 0.056 seconds
[2025-04-21T22:03:20.750+0000] {processor.py:161} INFO - Started process (PID=95526) to work on /home/airflow/.local/lib/python3.12/site-packages/airflow/example_dags/example_kubernetes_executor.py
[2025-04-21T22:03:20.753+0000] {processor.py:830} INFO - Processing file /home/airflow/.local/lib/python3.12/site-packages/airflow/example_dags/example_kubernetes_executor.py for tasks to queue
[2025-04-21T22:03:20.755+0000] {logging_mixin.py:188} INFO - [2025-04-21T22:03:20.755+0000] {dagbag.py:545} INFO - Filling up the DagBag from /home/airflow/.local/lib/python3.12/site-packages/airflow/example_dags/example_kubernetes_executor.py
[2025-04-21T22:03:20.765+0000] {processor.py:840} INFO - DAG(s) 'example_kubernetes_executor' retrieved from /home/airflow/.local/lib/python3.12/site-packages/airflow/example_dags/example_kubernetes_executor.py
[2025-04-21T22:03:20.792+0000] {logging_mixin.py:188} INFO - [2025-04-21T22:03:20.792+0000] {dag.py:3096} INFO - Sync 1 DAGs
[2025-04-21T22:03:20.798+0000] {logging_mixin.py:188} INFO - [2025-04-21T22:03:20.798+0000] {dag.py:3954} INFO - Setting next_dagrun for example_kubernetes_executor to None, run_after=None
[2025-04-21T22:03:20.811+0000] {processor.py:183} INFO - Processing /home/airflow/.local/lib/python3.12/site-packages/airflow/example_dags/example_kubernetes_executor.py took 0.066 seconds
[2025-04-21T22:11:06.787+0000] {processor.py:161} INFO - Started process (PID=95586) to work on /home/airflow/.local/lib/python3.12/site-packages/airflow/example_dags/example_kubernetes_executor.py
[2025-04-21T22:11:06.791+0000] {processor.py:830} INFO - Processing file /home/airflow/.local/lib/python3.12/site-packages/airflow/example_dags/example_kubernetes_executor.py for tasks to queue
[2025-04-21T22:11:06.794+0000] {logging_mixin.py:188} INFO - [2025-04-21T22:11:06.793+0000] {dagbag.py:545} INFO - Filling up the DagBag from /home/airflow/.local/lib/python3.12/site-packages/airflow/example_dags/example_kubernetes_executor.py
[2025-04-21T22:11:06.801+0000] {processor.py:840} INFO - DAG(s) 'example_kubernetes_executor' retrieved from /home/airflow/.local/lib/python3.12/site-packages/airflow/example_dags/example_kubernetes_executor.py
[2025-04-21T22:11:06.829+0000] {logging_mixin.py:188} INFO - [2025-04-21T22:11:06.828+0000] {dag.py:3096} INFO - Sync 1 DAGs
[2025-04-21T22:11:06.838+0000] {logging_mixin.py:188} INFO - [2025-04-21T22:11:06.838+0000] {dag.py:3954} INFO - Setting next_dagrun for example_kubernetes_executor to None, run_after=None
[2025-04-21T22:11:06.853+0000] {processor.py:183} INFO - Processing /home/airflow/.local/lib/python3.12/site-packages/airflow/example_dags/example_kubernetes_executor.py took 0.070 seconds
[2025-04-21T22:16:19.759+0000] {processor.py:161} INFO - Started process (PID=95646) to work on /home/airflow/.local/lib/python3.12/site-packages/airflow/example_dags/example_kubernetes_executor.py
[2025-04-21T22:16:19.760+0000] {processor.py:830} INFO - Processing file /home/airflow/.local/lib/python3.12/site-packages/airflow/example_dags/example_kubernetes_executor.py for tasks to queue
[2025-04-21T22:16:19.761+0000] {logging_mixin.py:188} INFO - [2025-04-21T22:16:19.761+0000] {dagbag.py:545} INFO - Filling up the DagBag from /home/airflow/.local/lib/python3.12/site-packages/airflow/example_dags/example_kubernetes_executor.py
[2025-04-21T22:16:19.769+0000] {processor.py:840} INFO - DAG(s) 'example_kubernetes_executor' retrieved from /home/airflow/.local/lib/python3.12/site-packages/airflow/example_dags/example_kubernetes_executor.py
[2025-04-21T22:16:19.792+0000] {logging_mixin.py:188} INFO - [2025-04-21T22:16:19.792+0000] {dag.py:3096} INFO - Sync 1 DAGs
[2025-04-21T22:16:19.798+0000] {logging_mixin.py:188} INFO - [2025-04-21T22:16:19.798+0000] {dag.py:3954} INFO - Setting next_dagrun for example_kubernetes_executor to None, run_after=None
[2025-04-21T22:16:19.810+0000] {processor.py:183} INFO - Processing /home/airflow/.local/lib/python3.12/site-packages/airflow/example_dags/example_kubernetes_executor.py took 0.054 seconds
[2025-04-21T22:34:11.213+0000] {processor.py:161} INFO - Started process (PID=95706) to work on /home/airflow/.local/lib/python3.12/site-packages/airflow/example_dags/example_kubernetes_executor.py
[2025-04-21T22:34:11.214+0000] {processor.py:830} INFO - Processing file /home/airflow/.local/lib/python3.12/site-packages/airflow/example_dags/example_kubernetes_executor.py for tasks to queue
[2025-04-21T22:34:11.215+0000] {logging_mixin.py:188} INFO - [2025-04-21T22:34:11.215+0000] {dagbag.py:545} INFO - Filling up the DagBag from /home/airflow/.local/lib/python3.12/site-packages/airflow/example_dags/example_kubernetes_executor.py
[2025-04-21T22:34:11.221+0000] {processor.py:840} INFO - DAG(s) 'example_kubernetes_executor' retrieved from /home/airflow/.local/lib/python3.12/site-packages/airflow/example_dags/example_kubernetes_executor.py
[2025-04-21T22:34:11.237+0000] {logging_mixin.py:188} INFO - [2025-04-21T22:34:11.237+0000] {dag.py:3096} INFO - Sync 1 DAGs
[2025-04-21T22:34:11.243+0000] {logging_mixin.py:188} INFO - [2025-04-21T22:34:11.243+0000] {dag.py:3954} INFO - Setting next_dagrun for example_kubernetes_executor to None, run_after=None
[2025-04-21T22:34:11.250+0000] {processor.py:183} INFO - Processing /home/airflow/.local/lib/python3.12/site-packages/airflow/example_dags/example_kubernetes_executor.py took 0.040 seconds
[2025-04-21T22:39:24.108+0000] {processor.py:161} INFO - Started process (PID=95766) to work on /home/airflow/.local/lib/python3.12/site-packages/airflow/example_dags/example_kubernetes_executor.py
[2025-04-21T22:39:24.109+0000] {processor.py:830} INFO - Processing file /home/airflow/.local/lib/python3.12/site-packages/airflow/example_dags/example_kubernetes_executor.py for tasks to queue
[2025-04-21T22:39:24.111+0000] {logging_mixin.py:188} INFO - [2025-04-21T22:39:24.111+0000] {dagbag.py:545} INFO - Filling up the DagBag from /home/airflow/.local/lib/python3.12/site-packages/airflow/example_dags/example_kubernetes_executor.py
[2025-04-21T22:39:24.117+0000] {processor.py:840} INFO - DAG(s) 'example_kubernetes_executor' retrieved from /home/airflow/.local/lib/python3.12/site-packages/airflow/example_dags/example_kubernetes_executor.py
[2025-04-21T22:39:24.136+0000] {logging_mixin.py:188} INFO - [2025-04-21T22:39:24.136+0000] {dag.py:3096} INFO - Sync 1 DAGs
[2025-04-21T22:39:24.144+0000] {logging_mixin.py:188} INFO - [2025-04-21T22:39:24.144+0000] {dag.py:3954} INFO - Setting next_dagrun for example_kubernetes_executor to None, run_after=None
[2025-04-21T22:39:24.160+0000] {processor.py:183} INFO - Processing /home/airflow/.local/lib/python3.12/site-packages/airflow/example_dags/example_kubernetes_executor.py took 0.055 seconds
