[2025-04-21T00:38:24.567+0000] {processor.py:161} INFO - Started process (PID=91380) to work on /home/airflow/.local/lib/python3.12/site-packages/airflow/example_dags/example_sla_dag.py
[2025-04-21T00:38:24.569+0000] {processor.py:830} INFO - Processing file /home/airflow/.local/lib/python3.12/site-packages/airflow/example_dags/example_sla_dag.py for tasks to queue
[2025-04-21T00:38:24.571+0000] {logging_mixin.py:188} INFO - [2025-04-21T00:38:24.570+0000] {dagbag.py:545} INFO - Filling up the DagBag from /home/airflow/.local/lib/python3.12/site-packages/airflow/example_dags/example_sla_dag.py
[2025-04-21T00:38:24.576+0000] {processor.py:840} INFO - DAG(s) 'example_sla_dag' retrieved from /home/airflow/.local/lib/python3.12/site-packages/airflow/example_dags/example_sla_dag.py
[2025-04-21T00:38:24.591+0000] {logging_mixin.py:188} INFO - [2025-04-21T00:38:24.591+0000] {dag.py:3096} INFO - Sync 1 DAGs
[2025-04-21T00:38:24.603+0000] {logging_mixin.py:188} INFO - [2025-04-21T00:38:24.603+0000] {dag.py:3954} INFO - Setting next_dagrun for example_sla_dag to 2025-04-21 00:36:00+00:00, run_after=2025-04-21 00:38:00+00:00
[2025-04-21T00:38:24.616+0000] {processor.py:183} INFO - Processing /home/airflow/.local/lib/python3.12/site-packages/airflow/example_dags/example_sla_dag.py took 0.053 seconds
[2025-04-21T01:37:14.664+0000] {processor.py:161} INFO - Started process (PID=91440) to work on /home/airflow/.local/lib/python3.12/site-packages/airflow/example_dags/example_sla_dag.py
[2025-04-21T01:37:14.666+0000] {processor.py:830} INFO - Processing file /home/airflow/.local/lib/python3.12/site-packages/airflow/example_dags/example_sla_dag.py for tasks to queue
[2025-04-21T01:37:14.667+0000] {logging_mixin.py:188} INFO - [2025-04-21T01:37:14.667+0000] {dagbag.py:545} INFO - Filling up the DagBag from /home/airflow/.local/lib/python3.12/site-packages/airflow/example_dags/example_sla_dag.py
[2025-04-21T01:37:14.671+0000] {processor.py:840} INFO - DAG(s) 'example_sla_dag' retrieved from /home/airflow/.local/lib/python3.12/site-packages/airflow/example_dags/example_sla_dag.py
[2025-04-21T01:37:14.684+0000] {logging_mixin.py:188} INFO - [2025-04-21T01:37:14.684+0000] {dag.py:3096} INFO - Sync 1 DAGs
[2025-04-21T01:37:14.697+0000] {logging_mixin.py:188} INFO - [2025-04-21T01:37:14.697+0000] {dag.py:3954} INFO - Setting next_dagrun for example_sla_dag to 2025-04-21 01:34:00+00:00, run_after=2025-04-21 01:36:00+00:00
[2025-04-21T01:37:14.706+0000] {processor.py:183} INFO - Processing /home/airflow/.local/lib/python3.12/site-packages/airflow/example_dags/example_sla_dag.py took 0.045 seconds
[2025-04-21T01:37:45.123+0000] {processor.py:161} INFO - Started process (PID=91499) to work on /home/airflow/.local/lib/python3.12/site-packages/airflow/example_dags/example_sla_dag.py
[2025-04-21T01:37:45.124+0000] {processor.py:830} INFO - Processing file /home/airflow/.local/lib/python3.12/site-packages/airflow/example_dags/example_sla_dag.py for tasks to queue
[2025-04-21T01:37:45.125+0000] {logging_mixin.py:188} INFO - [2025-04-21T01:37:45.125+0000] {dagbag.py:545} INFO - Filling up the DagBag from /home/airflow/.local/lib/python3.12/site-packages/airflow/example_dags/example_sla_dag.py
[2025-04-21T01:37:45.131+0000] {processor.py:840} INFO - DAG(s) 'example_sla_dag' retrieved from /home/airflow/.local/lib/python3.12/site-packages/airflow/example_dags/example_sla_dag.py
[2025-04-21T01:37:45.142+0000] {logging_mixin.py:188} INFO - [2025-04-21T01:37:45.142+0000] {dag.py:3096} INFO - Sync 1 DAGs
[2025-04-21T01:37:45.155+0000] {logging_mixin.py:188} INFO - [2025-04-21T01:37:45.155+0000] {dag.py:3954} INFO - Setting next_dagrun for example_sla_dag to 2025-04-21 01:34:00+00:00, run_after=2025-04-21 01:36:00+00:00
[2025-04-21T01:37:45.169+0000] {processor.py:183} INFO - Processing /home/airflow/.local/lib/python3.12/site-packages/airflow/example_dags/example_sla_dag.py took 0.049 seconds
[2025-04-21T02:58:44.125+0000] {processor.py:161} INFO - Started process (PID=91559) to work on /home/airflow/.local/lib/python3.12/site-packages/airflow/example_dags/example_sla_dag.py
[2025-04-21T02:58:44.128+0000] {processor.py:830} INFO - Processing file /home/airflow/.local/lib/python3.12/site-packages/airflow/example_dags/example_sla_dag.py for tasks to queue
[2025-04-21T02:58:44.129+0000] {logging_mixin.py:188} INFO - [2025-04-21T02:58:44.129+0000] {dagbag.py:545} INFO - Filling up the DagBag from /home/airflow/.local/lib/python3.12/site-packages/airflow/example_dags/example_sla_dag.py
[2025-04-21T02:58:44.134+0000] {processor.py:840} INFO - DAG(s) 'example_sla_dag' retrieved from /home/airflow/.local/lib/python3.12/site-packages/airflow/example_dags/example_sla_dag.py
[2025-04-21T02:58:44.149+0000] {logging_mixin.py:188} INFO - [2025-04-21T02:58:44.149+0000] {dag.py:3096} INFO - Sync 1 DAGs
[2025-04-21T02:58:44.160+0000] {logging_mixin.py:188} INFO - [2025-04-21T02:58:44.160+0000] {dag.py:3954} INFO - Setting next_dagrun for example_sla_dag to 2025-04-21 02:56:00+00:00, run_after=2025-04-21 02:58:00+00:00
[2025-04-21T02:58:44.168+0000] {processor.py:183} INFO - Processing /home/airflow/.local/lib/python3.12/site-packages/airflow/example_dags/example_sla_dag.py took 0.047 seconds
[2025-04-21T04:23:10.152+0000] {processor.py:161} INFO - Started process (PID=91619) to work on /home/airflow/.local/lib/python3.12/site-packages/airflow/example_dags/example_sla_dag.py
[2025-04-21T04:23:10.153+0000] {processor.py:830} INFO - Processing file /home/airflow/.local/lib/python3.12/site-packages/airflow/example_dags/example_sla_dag.py for tasks to queue
[2025-04-21T04:23:10.154+0000] {logging_mixin.py:188} INFO - [2025-04-21T04:23:10.154+0000] {dagbag.py:545} INFO - Filling up the DagBag from /home/airflow/.local/lib/python3.12/site-packages/airflow/example_dags/example_sla_dag.py
[2025-04-21T04:23:10.159+0000] {processor.py:840} INFO - DAG(s) 'example_sla_dag' retrieved from /home/airflow/.local/lib/python3.12/site-packages/airflow/example_dags/example_sla_dag.py
[2025-04-21T04:23:10.175+0000] {logging_mixin.py:188} INFO - [2025-04-21T04:23:10.175+0000] {dag.py:3096} INFO - Sync 1 DAGs
[2025-04-21T04:23:10.185+0000] {logging_mixin.py:188} INFO - [2025-04-21T04:23:10.185+0000] {dag.py:3954} INFO - Setting next_dagrun for example_sla_dag to 2025-04-21 04:20:00+00:00, run_after=2025-04-21 04:22:00+00:00
[2025-04-21T04:23:10.197+0000] {processor.py:183} INFO - Processing /home/airflow/.local/lib/python3.12/site-packages/airflow/example_dags/example_sla_dag.py took 0.047 seconds
[2025-04-21T04:23:40.831+0000] {processor.py:161} INFO - Started process (PID=91679) to work on /home/airflow/.local/lib/python3.12/site-packages/airflow/example_dags/example_sla_dag.py
[2025-04-21T04:23:40.832+0000] {processor.py:830} INFO - Processing file /home/airflow/.local/lib/python3.12/site-packages/airflow/example_dags/example_sla_dag.py for tasks to queue
[2025-04-21T04:23:40.833+0000] {logging_mixin.py:188} INFO - [2025-04-21T04:23:40.833+0000] {dagbag.py:545} INFO - Filling up the DagBag from /home/airflow/.local/lib/python3.12/site-packages/airflow/example_dags/example_sla_dag.py
[2025-04-21T04:23:40.838+0000] {processor.py:840} INFO - DAG(s) 'example_sla_dag' retrieved from /home/airflow/.local/lib/python3.12/site-packages/airflow/example_dags/example_sla_dag.py
[2025-04-21T04:23:40.851+0000] {logging_mixin.py:188} INFO - [2025-04-21T04:23:40.850+0000] {dag.py:3096} INFO - Sync 1 DAGs
[2025-04-21T04:23:40.864+0000] {logging_mixin.py:188} INFO - [2025-04-21T04:23:40.864+0000] {dag.py:3954} INFO - Setting next_dagrun for example_sla_dag to 2025-04-21 04:20:00+00:00, run_after=2025-04-21 04:22:00+00:00
[2025-04-21T04:23:40.878+0000] {processor.py:183} INFO - Processing /home/airflow/.local/lib/python3.12/site-packages/airflow/example_dags/example_sla_dag.py took 0.049 seconds
[2025-04-21T04:28:53.411+0000] {processor.py:161} INFO - Started process (PID=91739) to work on /home/airflow/.local/lib/python3.12/site-packages/airflow/example_dags/example_sla_dag.py
[2025-04-21T04:28:53.412+0000] {processor.py:830} INFO - Processing file /home/airflow/.local/lib/python3.12/site-packages/airflow/example_dags/example_sla_dag.py for tasks to queue
[2025-04-21T04:28:53.413+0000] {logging_mixin.py:188} INFO - [2025-04-21T04:28:53.413+0000] {dagbag.py:545} INFO - Filling up the DagBag from /home/airflow/.local/lib/python3.12/site-packages/airflow/example_dags/example_sla_dag.py
[2025-04-21T04:28:53.418+0000] {processor.py:840} INFO - DAG(s) 'example_sla_dag' retrieved from /home/airflow/.local/lib/python3.12/site-packages/airflow/example_dags/example_sla_dag.py
[2025-04-21T04:28:53.429+0000] {logging_mixin.py:188} INFO - [2025-04-21T04:28:53.429+0000] {dag.py:3096} INFO - Sync 1 DAGs
[2025-04-21T04:28:53.441+0000] {logging_mixin.py:188} INFO - [2025-04-21T04:28:53.440+0000] {dag.py:3954} INFO - Setting next_dagrun for example_sla_dag to 2025-04-21 04:26:00+00:00, run_after=2025-04-21 04:28:00+00:00
[2025-04-21T04:28:53.455+0000] {processor.py:183} INFO - Processing /home/airflow/.local/lib/python3.12/site-packages/airflow/example_dags/example_sla_dag.py took 0.047 seconds
[2025-04-21T04:29:24.099+0000] {processor.py:161} INFO - Started process (PID=91799) to work on /home/airflow/.local/lib/python3.12/site-packages/airflow/example_dags/example_sla_dag.py
[2025-04-21T04:29:24.101+0000] {processor.py:830} INFO - Processing file /home/airflow/.local/lib/python3.12/site-packages/airflow/example_dags/example_sla_dag.py for tasks to queue
[2025-04-21T04:29:24.102+0000] {logging_mixin.py:188} INFO - [2025-04-21T04:29:24.102+0000] {dagbag.py:545} INFO - Filling up the DagBag from /home/airflow/.local/lib/python3.12/site-packages/airflow/example_dags/example_sla_dag.py
[2025-04-21T04:29:24.107+0000] {processor.py:840} INFO - DAG(s) 'example_sla_dag' retrieved from /home/airflow/.local/lib/python3.12/site-packages/airflow/example_dags/example_sla_dag.py
[2025-04-21T04:29:24.119+0000] {logging_mixin.py:188} INFO - [2025-04-21T04:29:24.119+0000] {dag.py:3096} INFO - Sync 1 DAGs
[2025-04-21T04:29:24.131+0000] {logging_mixin.py:188} INFO - [2025-04-21T04:29:24.131+0000] {dag.py:3954} INFO - Setting next_dagrun for example_sla_dag to 2025-04-21 04:26:00+00:00, run_after=2025-04-21 04:28:00+00:00
[2025-04-21T04:29:24.142+0000] {processor.py:183} INFO - Processing /home/airflow/.local/lib/python3.12/site-packages/airflow/example_dags/example_sla_dag.py took 0.047 seconds
[2025-04-21T04:31:11.597+0000] {processor.py:161} INFO - Started process (PID=91859) to work on /home/airflow/.local/lib/python3.12/site-packages/airflow/example_dags/example_sla_dag.py
[2025-04-21T04:31:11.597+0000] {processor.py:830} INFO - Processing file /home/airflow/.local/lib/python3.12/site-packages/airflow/example_dags/example_sla_dag.py for tasks to queue
[2025-04-21T04:31:11.598+0000] {logging_mixin.py:188} INFO - [2025-04-21T04:31:11.598+0000] {dagbag.py:545} INFO - Filling up the DagBag from /home/airflow/.local/lib/python3.12/site-packages/airflow/example_dags/example_sla_dag.py
[2025-04-21T04:31:11.602+0000] {processor.py:840} INFO - DAG(s) 'example_sla_dag' retrieved from /home/airflow/.local/lib/python3.12/site-packages/airflow/example_dags/example_sla_dag.py
[2025-04-21T04:31:11.611+0000] {logging_mixin.py:188} INFO - [2025-04-21T04:31:11.611+0000] {dag.py:3096} INFO - Sync 1 DAGs
[2025-04-21T04:31:11.621+0000] {logging_mixin.py:188} INFO - [2025-04-21T04:31:11.621+0000] {dag.py:3954} INFO - Setting next_dagrun for example_sla_dag to 2025-04-21 04:28:00+00:00, run_after=2025-04-21 04:30:00+00:00
[2025-04-21T04:31:11.628+0000] {processor.py:183} INFO - Processing /home/airflow/.local/lib/python3.12/site-packages/airflow/example_dags/example_sla_dag.py took 0.034 seconds
[2025-04-21T04:36:24.600+0000] {processor.py:161} INFO - Started process (PID=91919) to work on /home/airflow/.local/lib/python3.12/site-packages/airflow/example_dags/example_sla_dag.py
[2025-04-21T04:36:24.601+0000] {processor.py:830} INFO - Processing file /home/airflow/.local/lib/python3.12/site-packages/airflow/example_dags/example_sla_dag.py for tasks to queue
[2025-04-21T04:36:24.602+0000] {logging_mixin.py:188} INFO - [2025-04-21T04:36:24.602+0000] {dagbag.py:545} INFO - Filling up the DagBag from /home/airflow/.local/lib/python3.12/site-packages/airflow/example_dags/example_sla_dag.py
[2025-04-21T04:36:24.606+0000] {processor.py:840} INFO - DAG(s) 'example_sla_dag' retrieved from /home/airflow/.local/lib/python3.12/site-packages/airflow/example_dags/example_sla_dag.py
[2025-04-21T04:36:24.615+0000] {logging_mixin.py:188} INFO - [2025-04-21T04:36:24.615+0000] {dag.py:3096} INFO - Sync 1 DAGs
[2025-04-21T04:36:24.629+0000] {logging_mixin.py:188} INFO - [2025-04-21T04:36:24.629+0000] {dag.py:3954} INFO - Setting next_dagrun for example_sla_dag to 2025-04-21 04:34:00+00:00, run_after=2025-04-21 04:36:00+00:00
[2025-04-21T04:36:24.640+0000] {processor.py:183} INFO - Processing /home/airflow/.local/lib/python3.12/site-packages/airflow/example_dags/example_sla_dag.py took 0.043 seconds
[2025-04-21T04:41:38.014+0000] {processor.py:161} INFO - Started process (PID=91979) to work on /home/airflow/.local/lib/python3.12/site-packages/airflow/example_dags/example_sla_dag.py
[2025-04-21T04:41:38.016+0000] {processor.py:830} INFO - Processing file /home/airflow/.local/lib/python3.12/site-packages/airflow/example_dags/example_sla_dag.py for tasks to queue
[2025-04-21T04:41:38.017+0000] {logging_mixin.py:188} INFO - [2025-04-21T04:41:38.017+0000] {dagbag.py:545} INFO - Filling up the DagBag from /home/airflow/.local/lib/python3.12/site-packages/airflow/example_dags/example_sla_dag.py
[2025-04-21T04:41:38.021+0000] {processor.py:840} INFO - DAG(s) 'example_sla_dag' retrieved from /home/airflow/.local/lib/python3.12/site-packages/airflow/example_dags/example_sla_dag.py
[2025-04-21T04:41:38.035+0000] {logging_mixin.py:188} INFO - [2025-04-21T04:41:38.035+0000] {dag.py:3096} INFO - Sync 1 DAGs
[2025-04-21T04:41:38.046+0000] {logging_mixin.py:188} INFO - [2025-04-21T04:41:38.046+0000] {dag.py:3954} INFO - Setting next_dagrun for example_sla_dag to 2025-04-21 04:38:00+00:00, run_after=2025-04-21 04:40:00+00:00
[2025-04-21T04:41:38.054+0000] {processor.py:183} INFO - Processing /home/airflow/.local/lib/python3.12/site-packages/airflow/example_dags/example_sla_dag.py took 0.044 seconds
[2025-04-21T04:46:50.916+0000] {processor.py:161} INFO - Started process (PID=92039) to work on /home/airflow/.local/lib/python3.12/site-packages/airflow/example_dags/example_sla_dag.py
[2025-04-21T04:46:50.917+0000] {processor.py:830} INFO - Processing file /home/airflow/.local/lib/python3.12/site-packages/airflow/example_dags/example_sla_dag.py for tasks to queue
[2025-04-21T04:46:50.918+0000] {logging_mixin.py:188} INFO - [2025-04-21T04:46:50.918+0000] {dagbag.py:545} INFO - Filling up the DagBag from /home/airflow/.local/lib/python3.12/site-packages/airflow/example_dags/example_sla_dag.py
[2025-04-21T04:46:50.922+0000] {processor.py:840} INFO - DAG(s) 'example_sla_dag' retrieved from /home/airflow/.local/lib/python3.12/site-packages/airflow/example_dags/example_sla_dag.py
[2025-04-21T04:46:50.933+0000] {logging_mixin.py:188} INFO - [2025-04-21T04:46:50.933+0000] {dag.py:3096} INFO - Sync 1 DAGs
[2025-04-21T04:46:50.944+0000] {logging_mixin.py:188} INFO - [2025-04-21T04:46:50.944+0000] {dag.py:3954} INFO - Setting next_dagrun for example_sla_dag to 2025-04-21 04:44:00+00:00, run_after=2025-04-21 04:46:00+00:00
[2025-04-21T04:46:50.956+0000] {processor.py:183} INFO - Processing /home/airflow/.local/lib/python3.12/site-packages/airflow/example_dags/example_sla_dag.py took 0.042 seconds
[2025-04-21T04:47:21.431+0000] {processor.py:161} INFO - Started process (PID=92099) to work on /home/airflow/.local/lib/python3.12/site-packages/airflow/example_dags/example_sla_dag.py
[2025-04-21T04:47:21.432+0000] {processor.py:830} INFO - Processing file /home/airflow/.local/lib/python3.12/site-packages/airflow/example_dags/example_sla_dag.py for tasks to queue
[2025-04-21T04:47:21.435+0000] {logging_mixin.py:188} INFO - [2025-04-21T04:47:21.434+0000] {dagbag.py:545} INFO - Filling up the DagBag from /home/airflow/.local/lib/python3.12/site-packages/airflow/example_dags/example_sla_dag.py
[2025-04-21T04:47:21.440+0000] {processor.py:840} INFO - DAG(s) 'example_sla_dag' retrieved from /home/airflow/.local/lib/python3.12/site-packages/airflow/example_dags/example_sla_dag.py
[2025-04-21T04:47:21.451+0000] {logging_mixin.py:188} INFO - [2025-04-21T04:47:21.450+0000] {dag.py:3096} INFO - Sync 1 DAGs
[2025-04-21T04:47:21.462+0000] {logging_mixin.py:188} INFO - [2025-04-21T04:47:21.462+0000] {dag.py:3954} INFO - Setting next_dagrun for example_sla_dag to 2025-04-21 04:44:00+00:00, run_after=2025-04-21 04:46:00+00:00
[2025-04-21T04:47:21.471+0000] {processor.py:183} INFO - Processing /home/airflow/.local/lib/python3.12/site-packages/airflow/example_dags/example_sla_dag.py took 0.044 seconds
[2025-04-21T04:52:34.081+0000] {processor.py:161} INFO - Started process (PID=92159) to work on /home/airflow/.local/lib/python3.12/site-packages/airflow/example_dags/example_sla_dag.py
[2025-04-21T04:52:34.082+0000] {processor.py:830} INFO - Processing file /home/airflow/.local/lib/python3.12/site-packages/airflow/example_dags/example_sla_dag.py for tasks to queue
[2025-04-21T04:52:34.085+0000] {logging_mixin.py:188} INFO - [2025-04-21T04:52:34.084+0000] {dagbag.py:545} INFO - Filling up the DagBag from /home/airflow/.local/lib/python3.12/site-packages/airflow/example_dags/example_sla_dag.py
[2025-04-21T04:52:34.089+0000] {processor.py:840} INFO - DAG(s) 'example_sla_dag' retrieved from /home/airflow/.local/lib/python3.12/site-packages/airflow/example_dags/example_sla_dag.py
[2025-04-21T04:52:34.098+0000] {logging_mixin.py:188} INFO - [2025-04-21T04:52:34.098+0000] {dag.py:3096} INFO - Sync 1 DAGs
[2025-04-21T04:52:34.110+0000] {logging_mixin.py:188} INFO - [2025-04-21T04:52:34.110+0000] {dag.py:3954} INFO - Setting next_dagrun for example_sla_dag to 2025-04-21 04:50:00+00:00, run_after=2025-04-21 04:52:00+00:00
[2025-04-21T04:52:34.118+0000] {processor.py:183} INFO - Processing /home/airflow/.local/lib/python3.12/site-packages/airflow/example_dags/example_sla_dag.py took 0.040 seconds
[2025-04-21T05:15:37.638+0000] {processor.py:161} INFO - Started process (PID=92219) to work on /home/airflow/.local/lib/python3.12/site-packages/airflow/example_dags/example_sla_dag.py
[2025-04-21T05:15:37.638+0000] {processor.py:830} INFO - Processing file /home/airflow/.local/lib/python3.12/site-packages/airflow/example_dags/example_sla_dag.py for tasks to queue
[2025-04-21T05:15:37.639+0000] {logging_mixin.py:188} INFO - [2025-04-21T05:15:37.639+0000] {dagbag.py:545} INFO - Filling up the DagBag from /home/airflow/.local/lib/python3.12/site-packages/airflow/example_dags/example_sla_dag.py
[2025-04-21T05:15:37.647+0000] {processor.py:840} INFO - DAG(s) 'example_sla_dag' retrieved from /home/airflow/.local/lib/python3.12/site-packages/airflow/example_dags/example_sla_dag.py
[2025-04-21T05:15:37.658+0000] {logging_mixin.py:188} INFO - [2025-04-21T05:15:37.657+0000] {dag.py:3096} INFO - Sync 1 DAGs
[2025-04-21T05:15:37.668+0000] {logging_mixin.py:188} INFO - [2025-04-21T05:15:37.668+0000] {dag.py:3954} INFO - Setting next_dagrun for example_sla_dag to 2025-04-21 05:12:00+00:00, run_after=2025-04-21 05:14:00+00:00
[2025-04-21T05:15:37.680+0000] {processor.py:183} INFO - Processing /home/airflow/.local/lib/python3.12/site-packages/airflow/example_dags/example_sla_dag.py took 0.045 seconds
[2025-04-21T05:20:51.287+0000] {processor.py:161} INFO - Started process (PID=92279) to work on /home/airflow/.local/lib/python3.12/site-packages/airflow/example_dags/example_sla_dag.py
[2025-04-21T05:20:51.287+0000] {processor.py:830} INFO - Processing file /home/airflow/.local/lib/python3.12/site-packages/airflow/example_dags/example_sla_dag.py for tasks to queue
[2025-04-21T05:20:51.288+0000] {logging_mixin.py:188} INFO - [2025-04-21T05:20:51.288+0000] {dagbag.py:545} INFO - Filling up the DagBag from /home/airflow/.local/lib/python3.12/site-packages/airflow/example_dags/example_sla_dag.py
[2025-04-21T05:20:51.292+0000] {processor.py:840} INFO - DAG(s) 'example_sla_dag' retrieved from /home/airflow/.local/lib/python3.12/site-packages/airflow/example_dags/example_sla_dag.py
[2025-04-21T05:20:51.302+0000] {logging_mixin.py:188} INFO - [2025-04-21T05:20:51.302+0000] {dag.py:3096} INFO - Sync 1 DAGs
[2025-04-21T05:20:51.313+0000] {logging_mixin.py:188} INFO - [2025-04-21T05:20:51.313+0000] {dag.py:3954} INFO - Setting next_dagrun for example_sla_dag to 2025-04-21 05:18:00+00:00, run_after=2025-04-21 05:20:00+00:00
[2025-04-21T05:20:51.325+0000] {processor.py:183} INFO - Processing /home/airflow/.local/lib/python3.12/site-packages/airflow/example_dags/example_sla_dag.py took 0.042 seconds
[2025-04-21T05:26:03.780+0000] {processor.py:161} INFO - Started process (PID=92339) to work on /home/airflow/.local/lib/python3.12/site-packages/airflow/example_dags/example_sla_dag.py
[2025-04-21T05:26:03.781+0000] {processor.py:830} INFO - Processing file /home/airflow/.local/lib/python3.12/site-packages/airflow/example_dags/example_sla_dag.py for tasks to queue
[2025-04-21T05:26:03.782+0000] {logging_mixin.py:188} INFO - [2025-04-21T05:26:03.782+0000] {dagbag.py:545} INFO - Filling up the DagBag from /home/airflow/.local/lib/python3.12/site-packages/airflow/example_dags/example_sla_dag.py
[2025-04-21T05:26:03.787+0000] {processor.py:840} INFO - DAG(s) 'example_sla_dag' retrieved from /home/airflow/.local/lib/python3.12/site-packages/airflow/example_dags/example_sla_dag.py
[2025-04-21T05:26:03.800+0000] {logging_mixin.py:188} INFO - [2025-04-21T05:26:03.799+0000] {dag.py:3096} INFO - Sync 1 DAGs
[2025-04-21T05:26:03.811+0000] {logging_mixin.py:188} INFO - [2025-04-21T05:26:03.811+0000] {dag.py:3954} INFO - Setting next_dagrun for example_sla_dag to 2025-04-21 05:24:00+00:00, run_after=2025-04-21 05:26:00+00:00
[2025-04-21T05:26:03.822+0000] {processor.py:183} INFO - Processing /home/airflow/.local/lib/python3.12/site-packages/airflow/example_dags/example_sla_dag.py took 0.044 seconds
[2025-04-21T05:59:58.329+0000] {processor.py:161} INFO - Started process (PID=92399) to work on /home/airflow/.local/lib/python3.12/site-packages/airflow/example_dags/example_sla_dag.py
[2025-04-21T05:59:58.330+0000] {processor.py:830} INFO - Processing file /home/airflow/.local/lib/python3.12/site-packages/airflow/example_dags/example_sla_dag.py for tasks to queue
[2025-04-21T05:59:58.332+0000] {logging_mixin.py:188} INFO - [2025-04-21T05:59:58.331+0000] {dagbag.py:545} INFO - Filling up the DagBag from /home/airflow/.local/lib/python3.12/site-packages/airflow/example_dags/example_sla_dag.py
[2025-04-21T05:59:58.336+0000] {processor.py:840} INFO - DAG(s) 'example_sla_dag' retrieved from /home/airflow/.local/lib/python3.12/site-packages/airflow/example_dags/example_sla_dag.py
[2025-04-21T05:59:58.350+0000] {logging_mixin.py:188} INFO - [2025-04-21T05:59:58.350+0000] {dag.py:3096} INFO - Sync 1 DAGs
[2025-04-21T05:59:58.363+0000] {logging_mixin.py:188} INFO - [2025-04-21T05:59:58.363+0000] {dag.py:3954} INFO - Setting next_dagrun for example_sla_dag to 2025-04-21 05:56:00+00:00, run_after=2025-04-21 05:58:00+00:00
[2025-04-21T05:59:58.371+0000] {processor.py:183} INFO - Processing /home/airflow/.local/lib/python3.12/site-packages/airflow/example_dags/example_sla_dag.py took 0.045 seconds
[2025-04-21T07:21:17.071+0000] {processor.py:161} INFO - Started process (PID=92459) to work on /home/airflow/.local/lib/python3.12/site-packages/airflow/example_dags/example_sla_dag.py
[2025-04-21T07:21:17.072+0000] {processor.py:830} INFO - Processing file /home/airflow/.local/lib/python3.12/site-packages/airflow/example_dags/example_sla_dag.py for tasks to queue
[2025-04-21T07:21:17.073+0000] {logging_mixin.py:188} INFO - [2025-04-21T07:21:17.072+0000] {dagbag.py:545} INFO - Filling up the DagBag from /home/airflow/.local/lib/python3.12/site-packages/airflow/example_dags/example_sla_dag.py
[2025-04-21T07:21:17.077+0000] {processor.py:840} INFO - DAG(s) 'example_sla_dag' retrieved from /home/airflow/.local/lib/python3.12/site-packages/airflow/example_dags/example_sla_dag.py
[2025-04-21T07:21:17.086+0000] {logging_mixin.py:188} INFO - [2025-04-21T07:21:17.086+0000] {dag.py:3096} INFO - Sync 1 DAGs
[2025-04-21T07:21:17.095+0000] {logging_mixin.py:188} INFO - [2025-04-21T07:21:17.095+0000] {dag.py:3954} INFO - Setting next_dagrun for example_sla_dag to 2025-04-21 07:18:00+00:00, run_after=2025-04-21 07:20:00+00:00
[2025-04-21T07:21:17.103+0000] {processor.py:183} INFO - Processing /home/airflow/.local/lib/python3.12/site-packages/airflow/example_dags/example_sla_dag.py took 0.034 seconds
[2025-04-21T09:02:21.249+0000] {processor.py:161} INFO - Started process (PID=92519) to work on /home/airflow/.local/lib/python3.12/site-packages/airflow/example_dags/example_sla_dag.py
[2025-04-21T09:02:21.251+0000] {processor.py:830} INFO - Processing file /home/airflow/.local/lib/python3.12/site-packages/airflow/example_dags/example_sla_dag.py for tasks to queue
[2025-04-21T09:02:21.252+0000] {logging_mixin.py:188} INFO - [2025-04-21T09:02:21.252+0000] {dagbag.py:545} INFO - Filling up the DagBag from /home/airflow/.local/lib/python3.12/site-packages/airflow/example_dags/example_sla_dag.py
[2025-04-21T09:02:21.260+0000] {processor.py:840} INFO - DAG(s) 'example_sla_dag' retrieved from /home/airflow/.local/lib/python3.12/site-packages/airflow/example_dags/example_sla_dag.py
[2025-04-21T09:02:21.275+0000] {logging_mixin.py:188} INFO - [2025-04-21T09:02:21.275+0000] {dag.py:3096} INFO - Sync 1 DAGs
[2025-04-21T09:02:21.290+0000] {logging_mixin.py:188} INFO - [2025-04-21T09:02:21.290+0000] {dag.py:3954} INFO - Setting next_dagrun for example_sla_dag to 2025-04-21 09:00:00+00:00, run_after=2025-04-21 09:02:00+00:00
[2025-04-21T09:02:21.298+0000] {processor.py:183} INFO - Processing /home/airflow/.local/lib/python3.12/site-packages/airflow/example_dags/example_sla_dag.py took 0.052 seconds
[2025-04-21T10:25:30.501+0000] {processor.py:161} INFO - Started process (PID=92579) to work on /home/airflow/.local/lib/python3.12/site-packages/airflow/example_dags/example_sla_dag.py
[2025-04-21T10:25:30.505+0000] {processor.py:830} INFO - Processing file /home/airflow/.local/lib/python3.12/site-packages/airflow/example_dags/example_sla_dag.py for tasks to queue
[2025-04-21T10:25:30.506+0000] {logging_mixin.py:188} INFO - [2025-04-21T10:25:30.506+0000] {dagbag.py:545} INFO - Filling up the DagBag from /home/airflow/.local/lib/python3.12/site-packages/airflow/example_dags/example_sla_dag.py
[2025-04-21T10:25:30.511+0000] {processor.py:840} INFO - DAG(s) 'example_sla_dag' retrieved from /home/airflow/.local/lib/python3.12/site-packages/airflow/example_dags/example_sla_dag.py
[2025-04-21T10:25:30.523+0000] {logging_mixin.py:188} INFO - [2025-04-21T10:25:30.523+0000] {dag.py:3096} INFO - Sync 1 DAGs
[2025-04-21T10:25:30.537+0000] {logging_mixin.py:188} INFO - [2025-04-21T10:25:30.537+0000] {dag.py:3954} INFO - Setting next_dagrun for example_sla_dag to 2025-04-21 10:22:00+00:00, run_after=2025-04-21 10:24:00+00:00
[2025-04-21T10:25:30.546+0000] {processor.py:183} INFO - Processing /home/airflow/.local/lib/python3.12/site-packages/airflow/example_dags/example_sla_dag.py took 0.048 seconds
[2025-04-21T12:02:28.011+0000] {processor.py:161} INFO - Started process (PID=92639) to work on /home/airflow/.local/lib/python3.12/site-packages/airflow/example_dags/example_sla_dag.py
[2025-04-21T12:02:28.013+0000] {processor.py:830} INFO - Processing file /home/airflow/.local/lib/python3.12/site-packages/airflow/example_dags/example_sla_dag.py for tasks to queue
[2025-04-21T12:02:28.015+0000] {logging_mixin.py:188} INFO - [2025-04-21T12:02:28.014+0000] {dagbag.py:545} INFO - Filling up the DagBag from /home/airflow/.local/lib/python3.12/site-packages/airflow/example_dags/example_sla_dag.py
[2025-04-21T12:02:28.019+0000] {processor.py:840} INFO - DAG(s) 'example_sla_dag' retrieved from /home/airflow/.local/lib/python3.12/site-packages/airflow/example_dags/example_sla_dag.py
[2025-04-21T12:02:28.033+0000] {logging_mixin.py:188} INFO - [2025-04-21T12:02:28.032+0000] {dag.py:3096} INFO - Sync 1 DAGs
[2025-04-21T12:02:28.045+0000] {logging_mixin.py:188} INFO - [2025-04-21T12:02:28.045+0000] {dag.py:3954} INFO - Setting next_dagrun for example_sla_dag to 2025-04-21 12:00:00+00:00, run_after=2025-04-21 12:02:00+00:00
[2025-04-21T12:02:28.056+0000] {processor.py:183} INFO - Processing /home/airflow/.local/lib/python3.12/site-packages/airflow/example_dags/example_sla_dag.py took 0.049 seconds
[2025-04-21T12:02:58.482+0000] {processor.py:161} INFO - Started process (PID=92699) to work on /home/airflow/.local/lib/python3.12/site-packages/airflow/example_dags/example_sla_dag.py
[2025-04-21T12:02:58.482+0000] {processor.py:830} INFO - Processing file /home/airflow/.local/lib/python3.12/site-packages/airflow/example_dags/example_sla_dag.py for tasks to queue
[2025-04-21T12:02:58.485+0000] {logging_mixin.py:188} INFO - [2025-04-21T12:02:58.484+0000] {dagbag.py:545} INFO - Filling up the DagBag from /home/airflow/.local/lib/python3.12/site-packages/airflow/example_dags/example_sla_dag.py
[2025-04-21T12:02:58.490+0000] {processor.py:840} INFO - DAG(s) 'example_sla_dag' retrieved from /home/airflow/.local/lib/python3.12/site-packages/airflow/example_dags/example_sla_dag.py
[2025-04-21T12:02:58.499+0000] {logging_mixin.py:188} INFO - [2025-04-21T12:02:58.499+0000] {dag.py:3096} INFO - Sync 1 DAGs
[2025-04-21T12:02:58.510+0000] {logging_mixin.py:188} INFO - [2025-04-21T12:02:58.510+0000] {dag.py:3954} INFO - Setting next_dagrun for example_sla_dag to 2025-04-21 12:00:00+00:00, run_after=2025-04-21 12:02:00+00:00
[2025-04-21T12:02:58.523+0000] {processor.py:183} INFO - Processing /home/airflow/.local/lib/python3.12/site-packages/airflow/example_dags/example_sla_dag.py took 0.045 seconds
[2025-04-21T12:08:10.979+0000] {processor.py:161} INFO - Started process (PID=92759) to work on /home/airflow/.local/lib/python3.12/site-packages/airflow/example_dags/example_sla_dag.py
[2025-04-21T12:08:10.980+0000] {processor.py:830} INFO - Processing file /home/airflow/.local/lib/python3.12/site-packages/airflow/example_dags/example_sla_dag.py for tasks to queue
[2025-04-21T12:08:10.985+0000] {logging_mixin.py:188} INFO - [2025-04-21T12:08:10.985+0000] {dagbag.py:545} INFO - Filling up the DagBag from /home/airflow/.local/lib/python3.12/site-packages/airflow/example_dags/example_sla_dag.py
[2025-04-21T12:08:10.989+0000] {processor.py:840} INFO - DAG(s) 'example_sla_dag' retrieved from /home/airflow/.local/lib/python3.12/site-packages/airflow/example_dags/example_sla_dag.py
[2025-04-21T12:08:11.000+0000] {logging_mixin.py:188} INFO - [2025-04-21T12:08:11.000+0000] {dag.py:3096} INFO - Sync 1 DAGs
[2025-04-21T12:08:11.012+0000] {logging_mixin.py:188} INFO - [2025-04-21T12:08:11.012+0000] {dag.py:3954} INFO - Setting next_dagrun for example_sla_dag to 2025-04-21 12:06:00+00:00, run_after=2025-04-21 12:08:00+00:00
[2025-04-21T12:08:11.020+0000] {processor.py:183} INFO - Processing /home/airflow/.local/lib/python3.12/site-packages/airflow/example_dags/example_sla_dag.py took 0.044 seconds
[2025-04-21T12:09:05.950+0000] {processor.py:161} INFO - Started process (PID=92819) to work on /home/airflow/.local/lib/python3.12/site-packages/airflow/example_dags/example_sla_dag.py
[2025-04-21T12:09:05.952+0000] {processor.py:830} INFO - Processing file /home/airflow/.local/lib/python3.12/site-packages/airflow/example_dags/example_sla_dag.py for tasks to queue
[2025-04-21T12:09:05.955+0000] {logging_mixin.py:188} INFO - [2025-04-21T12:09:05.954+0000] {dagbag.py:545} INFO - Filling up the DagBag from /home/airflow/.local/lib/python3.12/site-packages/airflow/example_dags/example_sla_dag.py
[2025-04-21T12:09:05.965+0000] {processor.py:840} INFO - DAG(s) 'example_sla_dag' retrieved from /home/airflow/.local/lib/python3.12/site-packages/airflow/example_dags/example_sla_dag.py
[2025-04-21T12:09:05.977+0000] {logging_mixin.py:188} INFO - [2025-04-21T12:09:05.977+0000] {dag.py:3096} INFO - Sync 1 DAGs
[2025-04-21T12:09:05.991+0000] {logging_mixin.py:188} INFO - [2025-04-21T12:09:05.991+0000] {dag.py:3954} INFO - Setting next_dagrun for example_sla_dag to 2025-04-21 12:06:00+00:00, run_after=2025-04-21 12:08:00+00:00
[2025-04-21T12:09:06.007+0000] {processor.py:183} INFO - Processing /home/airflow/.local/lib/python3.12/site-packages/airflow/example_dags/example_sla_dag.py took 0.061 seconds
[2025-04-21T12:14:18.904+0000] {processor.py:161} INFO - Started process (PID=92879) to work on /home/airflow/.local/lib/python3.12/site-packages/airflow/example_dags/example_sla_dag.py
[2025-04-21T12:14:18.905+0000] {processor.py:830} INFO - Processing file /home/airflow/.local/lib/python3.12/site-packages/airflow/example_dags/example_sla_dag.py for tasks to queue
[2025-04-21T12:14:18.906+0000] {logging_mixin.py:188} INFO - [2025-04-21T12:14:18.906+0000] {dagbag.py:545} INFO - Filling up the DagBag from /home/airflow/.local/lib/python3.12/site-packages/airflow/example_dags/example_sla_dag.py
[2025-04-21T12:14:18.910+0000] {processor.py:840} INFO - DAG(s) 'example_sla_dag' retrieved from /home/airflow/.local/lib/python3.12/site-packages/airflow/example_dags/example_sla_dag.py
[2025-04-21T12:14:18.919+0000] {logging_mixin.py:188} INFO - [2025-04-21T12:14:18.919+0000] {dag.py:3096} INFO - Sync 1 DAGs
[2025-04-21T12:14:18.930+0000] {logging_mixin.py:188} INFO - [2025-04-21T12:14:18.930+0000] {dag.py:3954} INFO - Setting next_dagrun for example_sla_dag to 2025-04-21 12:12:00+00:00, run_after=2025-04-21 12:14:00+00:00
[2025-04-21T12:14:18.941+0000] {processor.py:183} INFO - Processing /home/airflow/.local/lib/python3.12/site-packages/airflow/example_dags/example_sla_dag.py took 0.040 seconds
[2025-04-21T12:19:32.347+0000] {processor.py:161} INFO - Started process (PID=92939) to work on /home/airflow/.local/lib/python3.12/site-packages/airflow/example_dags/example_sla_dag.py
[2025-04-21T12:19:32.348+0000] {processor.py:830} INFO - Processing file /home/airflow/.local/lib/python3.12/site-packages/airflow/example_dags/example_sla_dag.py for tasks to queue
[2025-04-21T12:19:32.350+0000] {logging_mixin.py:188} INFO - [2025-04-21T12:19:32.349+0000] {dagbag.py:545} INFO - Filling up the DagBag from /home/airflow/.local/lib/python3.12/site-packages/airflow/example_dags/example_sla_dag.py
[2025-04-21T12:19:32.353+0000] {processor.py:840} INFO - DAG(s) 'example_sla_dag' retrieved from /home/airflow/.local/lib/python3.12/site-packages/airflow/example_dags/example_sla_dag.py
[2025-04-21T12:19:32.365+0000] {logging_mixin.py:188} INFO - [2025-04-21T12:19:32.365+0000] {dag.py:3096} INFO - Sync 1 DAGs
[2025-04-21T12:19:32.377+0000] {logging_mixin.py:188} INFO - [2025-04-21T12:19:32.377+0000] {dag.py:3954} INFO - Setting next_dagrun for example_sla_dag to 2025-04-21 12:16:00+00:00, run_after=2025-04-21 12:18:00+00:00
[2025-04-21T12:19:32.387+0000] {processor.py:183} INFO - Processing /home/airflow/.local/lib/python3.12/site-packages/airflow/example_dags/example_sla_dag.py took 0.043 seconds
[2025-04-21T12:24:44.948+0000] {processor.py:161} INFO - Started process (PID=92999) to work on /home/airflow/.local/lib/python3.12/site-packages/airflow/example_dags/example_sla_dag.py
[2025-04-21T12:24:44.949+0000] {processor.py:830} INFO - Processing file /home/airflow/.local/lib/python3.12/site-packages/airflow/example_dags/example_sla_dag.py for tasks to queue
[2025-04-21T12:24:44.951+0000] {logging_mixin.py:188} INFO - [2025-04-21T12:24:44.951+0000] {dagbag.py:545} INFO - Filling up the DagBag from /home/airflow/.local/lib/python3.12/site-packages/airflow/example_dags/example_sla_dag.py
[2025-04-21T12:24:44.955+0000] {processor.py:840} INFO - DAG(s) 'example_sla_dag' retrieved from /home/airflow/.local/lib/python3.12/site-packages/airflow/example_dags/example_sla_dag.py
[2025-04-21T12:24:44.964+0000] {logging_mixin.py:188} INFO - [2025-04-21T12:24:44.964+0000] {dag.py:3096} INFO - Sync 1 DAGs
[2025-04-21T12:24:44.975+0000] {logging_mixin.py:188} INFO - [2025-04-21T12:24:44.975+0000] {dag.py:3954} INFO - Setting next_dagrun for example_sla_dag to 2025-04-21 12:22:00+00:00, run_after=2025-04-21 12:24:00+00:00
[2025-04-21T12:24:44.994+0000] {processor.py:183} INFO - Processing /home/airflow/.local/lib/python3.12/site-packages/airflow/example_dags/example_sla_dag.py took 0.049 seconds
[2025-04-21T12:57:00.038+0000] {processor.py:161} INFO - Started process (PID=93059) to work on /home/airflow/.local/lib/python3.12/site-packages/airflow/example_dags/example_sla_dag.py
[2025-04-21T12:57:00.038+0000] {processor.py:830} INFO - Processing file /home/airflow/.local/lib/python3.12/site-packages/airflow/example_dags/example_sla_dag.py for tasks to queue
[2025-04-21T12:57:00.039+0000] {logging_mixin.py:188} INFO - [2025-04-21T12:57:00.039+0000] {dagbag.py:545} INFO - Filling up the DagBag from /home/airflow/.local/lib/python3.12/site-packages/airflow/example_dags/example_sla_dag.py
[2025-04-21T12:57:00.043+0000] {processor.py:840} INFO - DAG(s) 'example_sla_dag' retrieved from /home/airflow/.local/lib/python3.12/site-packages/airflow/example_dags/example_sla_dag.py
[2025-04-21T12:57:00.052+0000] {logging_mixin.py:188} INFO - [2025-04-21T12:57:00.052+0000] {dag.py:3096} INFO - Sync 1 DAGs
[2025-04-21T12:57:00.062+0000] {logging_mixin.py:188} INFO - [2025-04-21T12:57:00.061+0000] {dag.py:3954} INFO - Setting next_dagrun for example_sla_dag to 2025-04-21 12:54:00+00:00, run_after=2025-04-21 12:56:00+00:00
[2025-04-21T12:57:00.069+0000] {processor.py:183} INFO - Processing /home/airflow/.local/lib/python3.12/site-packages/airflow/example_dags/example_sla_dag.py took 0.034 seconds
[2025-04-21T14:21:26.755+0000] {processor.py:161} INFO - Started process (PID=93119) to work on /home/airflow/.local/lib/python3.12/site-packages/airflow/example_dags/example_sla_dag.py
[2025-04-21T14:21:26.759+0000] {processor.py:830} INFO - Processing file /home/airflow/.local/lib/python3.12/site-packages/airflow/example_dags/example_sla_dag.py for tasks to queue
[2025-04-21T14:21:26.761+0000] {logging_mixin.py:188} INFO - [2025-04-21T14:21:26.760+0000] {dagbag.py:545} INFO - Filling up the DagBag from /home/airflow/.local/lib/python3.12/site-packages/airflow/example_dags/example_sla_dag.py
[2025-04-21T14:21:26.765+0000] {processor.py:840} INFO - DAG(s) 'example_sla_dag' retrieved from /home/airflow/.local/lib/python3.12/site-packages/airflow/example_dags/example_sla_dag.py
[2025-04-21T14:21:26.774+0000] {logging_mixin.py:188} INFO - [2025-04-21T14:21:26.774+0000] {dag.py:3096} INFO - Sync 1 DAGs
[2025-04-21T14:21:26.791+0000] {logging_mixin.py:188} INFO - [2025-04-21T14:21:26.791+0000] {dag.py:3954} INFO - Setting next_dagrun for example_sla_dag to 2025-04-21 14:18:00+00:00, run_after=2025-04-21 14:20:00+00:00
[2025-04-21T14:21:26.802+0000] {processor.py:183} INFO - Processing /home/airflow/.local/lib/python3.12/site-packages/airflow/example_dags/example_sla_dag.py took 0.050 seconds
[2025-04-21T16:03:45.295+0000] {processor.py:161} INFO - Started process (PID=93179) to work on /home/airflow/.local/lib/python3.12/site-packages/airflow/example_dags/example_sla_dag.py
[2025-04-21T16:03:45.296+0000] {processor.py:830} INFO - Processing file /home/airflow/.local/lib/python3.12/site-packages/airflow/example_dags/example_sla_dag.py for tasks to queue
[2025-04-21T16:03:45.297+0000] {logging_mixin.py:188} INFO - [2025-04-21T16:03:45.297+0000] {dagbag.py:545} INFO - Filling up the DagBag from /home/airflow/.local/lib/python3.12/site-packages/airflow/example_dags/example_sla_dag.py
[2025-04-21T16:03:45.302+0000] {processor.py:840} INFO - DAG(s) 'example_sla_dag' retrieved from /home/airflow/.local/lib/python3.12/site-packages/airflow/example_dags/example_sla_dag.py
[2025-04-21T16:03:45.311+0000] {logging_mixin.py:188} INFO - [2025-04-21T16:03:45.310+0000] {dag.py:3096} INFO - Sync 1 DAGs
[2025-04-21T16:03:45.321+0000] {logging_mixin.py:188} INFO - [2025-04-21T16:03:45.321+0000] {dag.py:3954} INFO - Setting next_dagrun for example_sla_dag to 2025-04-21 16:00:00+00:00, run_after=2025-04-21 16:02:00+00:00
[2025-04-21T16:03:45.330+0000] {processor.py:183} INFO - Processing /home/airflow/.local/lib/python3.12/site-packages/airflow/example_dags/example_sla_dag.py took 0.039 seconds
[2025-04-21T17:25:32.289+0000] {processor.py:161} INFO - Started process (PID=93239) to work on /home/airflow/.local/lib/python3.12/site-packages/airflow/example_dags/example_sla_dag.py
[2025-04-21T17:25:32.290+0000] {processor.py:830} INFO - Processing file /home/airflow/.local/lib/python3.12/site-packages/airflow/example_dags/example_sla_dag.py for tasks to queue
[2025-04-21T17:25:32.290+0000] {logging_mixin.py:188} INFO - [2025-04-21T17:25:32.290+0000] {dagbag.py:545} INFO - Filling up the DagBag from /home/airflow/.local/lib/python3.12/site-packages/airflow/example_dags/example_sla_dag.py
[2025-04-21T17:25:32.294+0000] {processor.py:840} INFO - DAG(s) 'example_sla_dag' retrieved from /home/airflow/.local/lib/python3.12/site-packages/airflow/example_dags/example_sla_dag.py
[2025-04-21T17:25:32.303+0000] {logging_mixin.py:188} INFO - [2025-04-21T17:25:32.303+0000] {dag.py:3096} INFO - Sync 1 DAGs
[2025-04-21T17:25:32.312+0000] {logging_mixin.py:188} INFO - [2025-04-21T17:25:32.312+0000] {dag.py:3954} INFO - Setting next_dagrun for example_sla_dag to 2025-04-21 17:22:00+00:00, run_after=2025-04-21 17:24:00+00:00
[2025-04-21T17:25:32.320+0000] {processor.py:183} INFO - Processing /home/airflow/.local/lib/python3.12/site-packages/airflow/example_dags/example_sla_dag.py took 0.034 seconds
[2025-04-21T18:31:35.458+0000] {processor.py:161} INFO - Started process (PID=93299) to work on /home/airflow/.local/lib/python3.12/site-packages/airflow/example_dags/example_sla_dag.py
[2025-04-21T18:31:35.459+0000] {processor.py:830} INFO - Processing file /home/airflow/.local/lib/python3.12/site-packages/airflow/example_dags/example_sla_dag.py for tasks to queue
[2025-04-21T18:31:35.461+0000] {logging_mixin.py:188} INFO - [2025-04-21T18:31:35.461+0000] {dagbag.py:545} INFO - Filling up the DagBag from /home/airflow/.local/lib/python3.12/site-packages/airflow/example_dags/example_sla_dag.py
[2025-04-21T18:31:35.467+0000] {processor.py:840} INFO - DAG(s) 'example_sla_dag' retrieved from /home/airflow/.local/lib/python3.12/site-packages/airflow/example_dags/example_sla_dag.py
[2025-04-21T18:31:35.479+0000] {logging_mixin.py:188} INFO - [2025-04-21T18:31:35.479+0000] {dag.py:3096} INFO - Sync 1 DAGs
[2025-04-21T18:31:35.492+0000] {logging_mixin.py:188} INFO - [2025-04-21T18:31:35.492+0000] {dag.py:3954} INFO - Setting next_dagrun for example_sla_dag to 2025-04-21 18:28:00+00:00, run_after=2025-04-21 18:30:00+00:00
[2025-04-21T18:31:35.506+0000] {processor.py:183} INFO - Processing /home/airflow/.local/lib/python3.12/site-packages/airflow/example_dags/example_sla_dag.py took 0.051 seconds
[2025-04-21T18:32:06.260+0000] {processor.py:161} INFO - Started process (PID=93359) to work on /home/airflow/.local/lib/python3.12/site-packages/airflow/example_dags/example_sla_dag.py
[2025-04-21T18:32:06.260+0000] {processor.py:830} INFO - Processing file /home/airflow/.local/lib/python3.12/site-packages/airflow/example_dags/example_sla_dag.py for tasks to queue
[2025-04-21T18:32:06.262+0000] {logging_mixin.py:188} INFO - [2025-04-21T18:32:06.262+0000] {dagbag.py:545} INFO - Filling up the DagBag from /home/airflow/.local/lib/python3.12/site-packages/airflow/example_dags/example_sla_dag.py
[2025-04-21T18:32:06.266+0000] {processor.py:840} INFO - DAG(s) 'example_sla_dag' retrieved from /home/airflow/.local/lib/python3.12/site-packages/airflow/example_dags/example_sla_dag.py
[2025-04-21T18:32:06.279+0000] {logging_mixin.py:188} INFO - [2025-04-21T18:32:06.279+0000] {dag.py:3096} INFO - Sync 1 DAGs
[2025-04-21T18:32:06.290+0000] {logging_mixin.py:188} INFO - [2025-04-21T18:32:06.290+0000] {dag.py:3954} INFO - Setting next_dagrun for example_sla_dag to 2025-04-21 18:30:00+00:00, run_after=2025-04-21 18:32:00+00:00
[2025-04-21T18:32:06.300+0000] {processor.py:183} INFO - Processing /home/airflow/.local/lib/python3.12/site-packages/airflow/example_dags/example_sla_dag.py took 0.044 seconds
[2025-04-21T18:35:57.828+0000] {processor.py:161} INFO - Started process (PID=93419) to work on /home/airflow/.local/lib/python3.12/site-packages/airflow/example_dags/example_sla_dag.py
[2025-04-21T18:35:57.830+0000] {processor.py:830} INFO - Processing file /home/airflow/.local/lib/python3.12/site-packages/airflow/example_dags/example_sla_dag.py for tasks to queue
[2025-04-21T18:35:57.832+0000] {logging_mixin.py:188} INFO - [2025-04-21T18:35:57.831+0000] {dagbag.py:545} INFO - Filling up the DagBag from /home/airflow/.local/lib/python3.12/site-packages/airflow/example_dags/example_sla_dag.py
[2025-04-21T18:35:57.839+0000] {processor.py:840} INFO - DAG(s) 'example_sla_dag' retrieved from /home/airflow/.local/lib/python3.12/site-packages/airflow/example_dags/example_sla_dag.py
[2025-04-21T18:35:57.854+0000] {logging_mixin.py:188} INFO - [2025-04-21T18:35:57.854+0000] {dag.py:3096} INFO - Sync 1 DAGs
[2025-04-21T18:35:57.865+0000] {logging_mixin.py:188} INFO - [2025-04-21T18:35:57.865+0000] {dag.py:3954} INFO - Setting next_dagrun for example_sla_dag to 2025-04-21 18:32:00+00:00, run_after=2025-04-21 18:34:00+00:00
[2025-04-21T18:35:57.875+0000] {processor.py:183} INFO - Processing /home/airflow/.local/lib/python3.12/site-packages/airflow/example_dags/example_sla_dag.py took 0.050 seconds
[2025-04-21T18:41:10.634+0000] {processor.py:161} INFO - Started process (PID=93479) to work on /home/airflow/.local/lib/python3.12/site-packages/airflow/example_dags/example_sla_dag.py
[2025-04-21T18:41:10.635+0000] {processor.py:830} INFO - Processing file /home/airflow/.local/lib/python3.12/site-packages/airflow/example_dags/example_sla_dag.py for tasks to queue
[2025-04-21T18:41:10.636+0000] {logging_mixin.py:188} INFO - [2025-04-21T18:41:10.636+0000] {dagbag.py:545} INFO - Filling up the DagBag from /home/airflow/.local/lib/python3.12/site-packages/airflow/example_dags/example_sla_dag.py
[2025-04-21T18:41:10.642+0000] {processor.py:840} INFO - DAG(s) 'example_sla_dag' retrieved from /home/airflow/.local/lib/python3.12/site-packages/airflow/example_dags/example_sla_dag.py
[2025-04-21T18:41:10.659+0000] {logging_mixin.py:188} INFO - [2025-04-21T18:41:10.659+0000] {dag.py:3096} INFO - Sync 1 DAGs
[2025-04-21T18:41:10.672+0000] {logging_mixin.py:188} INFO - [2025-04-21T18:41:10.672+0000] {dag.py:3954} INFO - Setting next_dagrun for example_sla_dag to 2025-04-21 18:38:00+00:00, run_after=2025-04-21 18:40:00+00:00
[2025-04-21T18:41:10.681+0000] {processor.py:183} INFO - Processing /home/airflow/.local/lib/python3.12/site-packages/airflow/example_dags/example_sla_dag.py took 0.050 seconds
[2025-04-21T18:41:41.414+0000] {processor.py:161} INFO - Started process (PID=93539) to work on /home/airflow/.local/lib/python3.12/site-packages/airflow/example_dags/example_sla_dag.py
[2025-04-21T18:41:41.414+0000] {processor.py:830} INFO - Processing file /home/airflow/.local/lib/python3.12/site-packages/airflow/example_dags/example_sla_dag.py for tasks to queue
[2025-04-21T18:41:41.415+0000] {logging_mixin.py:188} INFO - [2025-04-21T18:41:41.415+0000] {dagbag.py:545} INFO - Filling up the DagBag from /home/airflow/.local/lib/python3.12/site-packages/airflow/example_dags/example_sla_dag.py
[2025-04-21T18:41:41.419+0000] {processor.py:840} INFO - DAG(s) 'example_sla_dag' retrieved from /home/airflow/.local/lib/python3.12/site-packages/airflow/example_dags/example_sla_dag.py
[2025-04-21T18:41:41.429+0000] {logging_mixin.py:188} INFO - [2025-04-21T18:41:41.428+0000] {dag.py:3096} INFO - Sync 1 DAGs
[2025-04-21T18:41:41.439+0000] {logging_mixin.py:188} INFO - [2025-04-21T18:41:41.439+0000] {dag.py:3954} INFO - Setting next_dagrun for example_sla_dag to 2025-04-21 18:38:00+00:00, run_after=2025-04-21 18:40:00+00:00
[2025-04-21T18:41:41.449+0000] {processor.py:183} INFO - Processing /home/airflow/.local/lib/python3.12/site-packages/airflow/example_dags/example_sla_dag.py took 0.038 seconds
[2025-04-21T18:46:53.615+0000] {processor.py:161} INFO - Started process (PID=93599) to work on /home/airflow/.local/lib/python3.12/site-packages/airflow/example_dags/example_sla_dag.py
[2025-04-21T18:46:53.618+0000] {processor.py:830} INFO - Processing file /home/airflow/.local/lib/python3.12/site-packages/airflow/example_dags/example_sla_dag.py for tasks to queue
[2025-04-21T18:46:53.619+0000] {logging_mixin.py:188} INFO - [2025-04-21T18:46:53.619+0000] {dagbag.py:545} INFO - Filling up the DagBag from /home/airflow/.local/lib/python3.12/site-packages/airflow/example_dags/example_sla_dag.py
[2025-04-21T18:46:53.624+0000] {processor.py:840} INFO - DAG(s) 'example_sla_dag' retrieved from /home/airflow/.local/lib/python3.12/site-packages/airflow/example_dags/example_sla_dag.py
[2025-04-21T18:46:53.633+0000] {logging_mixin.py:188} INFO - [2025-04-21T18:46:53.633+0000] {dag.py:3096} INFO - Sync 1 DAGs
[2025-04-21T18:46:53.645+0000] {logging_mixin.py:188} INFO - [2025-04-21T18:46:53.645+0000] {dag.py:3954} INFO - Setting next_dagrun for example_sla_dag to 2025-04-21 18:44:00+00:00, run_after=2025-04-21 18:46:00+00:00
[2025-04-21T18:46:53.654+0000] {processor.py:183} INFO - Processing /home/airflow/.local/lib/python3.12/site-packages/airflow/example_dags/example_sla_dag.py took 0.043 seconds
[2025-04-21T18:52:06.800+0000] {processor.py:161} INFO - Started process (PID=93659) to work on /home/airflow/.local/lib/python3.12/site-packages/airflow/example_dags/example_sla_dag.py
[2025-04-21T18:52:06.802+0000] {processor.py:830} INFO - Processing file /home/airflow/.local/lib/python3.12/site-packages/airflow/example_dags/example_sla_dag.py for tasks to queue
[2025-04-21T18:52:06.804+0000] {logging_mixin.py:188} INFO - [2025-04-21T18:52:06.804+0000] {dagbag.py:545} INFO - Filling up the DagBag from /home/airflow/.local/lib/python3.12/site-packages/airflow/example_dags/example_sla_dag.py
[2025-04-21T18:52:06.808+0000] {processor.py:840} INFO - DAG(s) 'example_sla_dag' retrieved from /home/airflow/.local/lib/python3.12/site-packages/airflow/example_dags/example_sla_dag.py
[2025-04-21T18:52:06.818+0000] {logging_mixin.py:188} INFO - [2025-04-21T18:52:06.818+0000] {dag.py:3096} INFO - Sync 1 DAGs
[2025-04-21T18:52:06.830+0000] {logging_mixin.py:188} INFO - [2025-04-21T18:52:06.830+0000] {dag.py:3954} INFO - Setting next_dagrun for example_sla_dag to 2025-04-21 18:50:00+00:00, run_after=2025-04-21 18:52:00+00:00
[2025-04-21T18:52:06.842+0000] {processor.py:183} INFO - Processing /home/airflow/.local/lib/python3.12/site-packages/airflow/example_dags/example_sla_dag.py took 0.045 seconds
[2025-04-21T18:52:38.468+0000] {processor.py:161} INFO - Started process (PID=93719) to work on /home/airflow/.local/lib/python3.12/site-packages/airflow/example_dags/example_sla_dag.py
[2025-04-21T18:52:38.469+0000] {processor.py:830} INFO - Processing file /home/airflow/.local/lib/python3.12/site-packages/airflow/example_dags/example_sla_dag.py for tasks to queue
[2025-04-21T18:52:38.470+0000] {logging_mixin.py:188} INFO - [2025-04-21T18:52:38.470+0000] {dagbag.py:545} INFO - Filling up the DagBag from /home/airflow/.local/lib/python3.12/site-packages/airflow/example_dags/example_sla_dag.py
[2025-04-21T18:52:38.475+0000] {processor.py:840} INFO - DAG(s) 'example_sla_dag' retrieved from /home/airflow/.local/lib/python3.12/site-packages/airflow/example_dags/example_sla_dag.py
[2025-04-21T18:52:38.576+0000] {logging_mixin.py:188} INFO - [2025-04-21T18:52:38.576+0000] {dag.py:3096} INFO - Sync 1 DAGs
[2025-04-21T18:52:38.586+0000] {logging_mixin.py:188} INFO - [2025-04-21T18:52:38.585+0000] {dag.py:3954} INFO - Setting next_dagrun for example_sla_dag to 2025-04-21 18:50:00+00:00, run_after=2025-04-21 18:52:00+00:00
[2025-04-21T18:52:38.594+0000] {processor.py:183} INFO - Processing /home/airflow/.local/lib/python3.12/site-packages/airflow/example_dags/example_sla_dag.py took 0.129 seconds
[2025-04-21T18:57:49.463+0000] {processor.py:161} INFO - Started process (PID=93779) to work on /home/airflow/.local/lib/python3.12/site-packages/airflow/example_dags/example_sla_dag.py
[2025-04-21T18:57:49.465+0000] {processor.py:830} INFO - Processing file /home/airflow/.local/lib/python3.12/site-packages/airflow/example_dags/example_sla_dag.py for tasks to queue
[2025-04-21T18:57:49.467+0000] {logging_mixin.py:188} INFO - [2025-04-21T18:57:49.467+0000] {dagbag.py:545} INFO - Filling up the DagBag from /home/airflow/.local/lib/python3.12/site-packages/airflow/example_dags/example_sla_dag.py
[2025-04-21T18:57:49.473+0000] {processor.py:840} INFO - DAG(s) 'example_sla_dag' retrieved from /home/airflow/.local/lib/python3.12/site-packages/airflow/example_dags/example_sla_dag.py
[2025-04-21T18:57:49.482+0000] {logging_mixin.py:188} INFO - [2025-04-21T18:57:49.482+0000] {dag.py:3096} INFO - Sync 1 DAGs
[2025-04-21T18:57:49.494+0000] {logging_mixin.py:188} INFO - [2025-04-21T18:57:49.494+0000] {dag.py:3954} INFO - Setting next_dagrun for example_sla_dag to 2025-04-21 18:54:00+00:00, run_after=2025-04-21 18:56:00+00:00
[2025-04-21T18:57:49.503+0000] {processor.py:183} INFO - Processing /home/airflow/.local/lib/python3.12/site-packages/airflow/example_dags/example_sla_dag.py took 0.044 seconds
[2025-04-21T20:03:24.438+0000] {processor.py:161} INFO - Started process (PID=93839) to work on /home/airflow/.local/lib/python3.12/site-packages/airflow/example_dags/example_sla_dag.py
[2025-04-21T20:03:24.440+0000] {processor.py:830} INFO - Processing file /home/airflow/.local/lib/python3.12/site-packages/airflow/example_dags/example_sla_dag.py for tasks to queue
[2025-04-21T20:03:24.442+0000] {logging_mixin.py:188} INFO - [2025-04-21T20:03:24.442+0000] {dagbag.py:545} INFO - Filling up the DagBag from /home/airflow/.local/lib/python3.12/site-packages/airflow/example_dags/example_sla_dag.py
[2025-04-21T20:03:24.446+0000] {processor.py:840} INFO - DAG(s) 'example_sla_dag' retrieved from /home/airflow/.local/lib/python3.12/site-packages/airflow/example_dags/example_sla_dag.py
[2025-04-21T20:03:24.459+0000] {logging_mixin.py:188} INFO - [2025-04-21T20:03:24.459+0000] {dag.py:3096} INFO - Sync 1 DAGs
[2025-04-21T20:03:24.472+0000] {logging_mixin.py:188} INFO - [2025-04-21T20:03:24.471+0000] {dag.py:3954} INFO - Setting next_dagrun for example_sla_dag to 2025-04-21 20:00:00+00:00, run_after=2025-04-21 20:02:00+00:00
[2025-04-21T20:03:24.482+0000] {processor.py:183} INFO - Processing /home/airflow/.local/lib/python3.12/site-packages/airflow/example_dags/example_sla_dag.py took 0.047 seconds
[2025-04-21T20:15:53.930+0000] {processor.py:161} INFO - Started process (PID=93899) to work on /home/airflow/.local/lib/python3.12/site-packages/airflow/example_dags/example_sla_dag.py
[2025-04-21T20:15:53.931+0000] {processor.py:830} INFO - Processing file /home/airflow/.local/lib/python3.12/site-packages/airflow/example_dags/example_sla_dag.py for tasks to queue
[2025-04-21T20:15:53.932+0000] {logging_mixin.py:188} INFO - [2025-04-21T20:15:53.932+0000] {dagbag.py:545} INFO - Filling up the DagBag from /home/airflow/.local/lib/python3.12/site-packages/airflow/example_dags/example_sla_dag.py
[2025-04-21T20:15:53.935+0000] {processor.py:840} INFO - DAG(s) 'example_sla_dag' retrieved from /home/airflow/.local/lib/python3.12/site-packages/airflow/example_dags/example_sla_dag.py
[2025-04-21T20:15:53.949+0000] {logging_mixin.py:188} INFO - [2025-04-21T20:15:53.949+0000] {dag.py:3096} INFO - Sync 1 DAGs
[2025-04-21T20:15:53.960+0000] {logging_mixin.py:188} INFO - [2025-04-21T20:15:53.960+0000] {dag.py:3954} INFO - Setting next_dagrun for example_sla_dag to 2025-04-21 20:12:00+00:00, run_after=2025-04-21 20:14:00+00:00
[2025-04-21T20:15:53.972+0000] {processor.py:183} INFO - Processing /home/airflow/.local/lib/python3.12/site-packages/airflow/example_dags/example_sla_dag.py took 0.045 seconds
[2025-04-21T20:21:07.507+0000] {processor.py:161} INFO - Started process (PID=93959) to work on /home/airflow/.local/lib/python3.12/site-packages/airflow/example_dags/example_sla_dag.py
[2025-04-21T20:21:07.508+0000] {processor.py:830} INFO - Processing file /home/airflow/.local/lib/python3.12/site-packages/airflow/example_dags/example_sla_dag.py for tasks to queue
[2025-04-21T20:21:07.509+0000] {logging_mixin.py:188} INFO - [2025-04-21T20:21:07.509+0000] {dagbag.py:545} INFO - Filling up the DagBag from /home/airflow/.local/lib/python3.12/site-packages/airflow/example_dags/example_sla_dag.py
[2025-04-21T20:21:07.513+0000] {processor.py:840} INFO - DAG(s) 'example_sla_dag' retrieved from /home/airflow/.local/lib/python3.12/site-packages/airflow/example_dags/example_sla_dag.py
[2025-04-21T20:21:07.524+0000] {logging_mixin.py:188} INFO - [2025-04-21T20:21:07.524+0000] {dag.py:3096} INFO - Sync 1 DAGs
[2025-04-21T20:21:07.542+0000] {logging_mixin.py:188} INFO - [2025-04-21T20:21:07.541+0000] {dag.py:3954} INFO - Setting next_dagrun for example_sla_dag to 2025-04-21 20:18:00+00:00, run_after=2025-04-21 20:20:00+00:00
[2025-04-21T20:21:07.551+0000] {processor.py:183} INFO - Processing /home/airflow/.local/lib/python3.12/site-packages/airflow/example_dags/example_sla_dag.py took 0.047 seconds
[2025-04-21T20:22:21.346+0000] {processor.py:161} INFO - Started process (PID=94019) to work on /home/airflow/.local/lib/python3.12/site-packages/airflow/example_dags/example_sla_dag.py
[2025-04-21T20:22:21.347+0000] {processor.py:830} INFO - Processing file /home/airflow/.local/lib/python3.12/site-packages/airflow/example_dags/example_sla_dag.py for tasks to queue
[2025-04-21T20:22:21.348+0000] {logging_mixin.py:188} INFO - [2025-04-21T20:22:21.348+0000] {dagbag.py:545} INFO - Filling up the DagBag from /home/airflow/.local/lib/python3.12/site-packages/airflow/example_dags/example_sla_dag.py
[2025-04-21T20:22:21.352+0000] {processor.py:840} INFO - DAG(s) 'example_sla_dag' retrieved from /home/airflow/.local/lib/python3.12/site-packages/airflow/example_dags/example_sla_dag.py
[2025-04-21T20:22:21.363+0000] {logging_mixin.py:188} INFO - [2025-04-21T20:22:21.362+0000] {dag.py:3096} INFO - Sync 1 DAGs
[2025-04-21T20:22:21.374+0000] {logging_mixin.py:188} INFO - [2025-04-21T20:22:21.374+0000] {dag.py:3954} INFO - Setting next_dagrun for example_sla_dag to 2025-04-21 20:20:00+00:00, run_after=2025-04-21 20:22:00+00:00
[2025-04-21T20:22:21.389+0000] {processor.py:183} INFO - Processing /home/airflow/.local/lib/python3.12/site-packages/airflow/example_dags/example_sla_dag.py took 0.047 seconds
[2025-04-21T20:27:35.085+0000] {processor.py:161} INFO - Started process (PID=94079) to work on /home/airflow/.local/lib/python3.12/site-packages/airflow/example_dags/example_sla_dag.py
[2025-04-21T20:27:35.086+0000] {processor.py:830} INFO - Processing file /home/airflow/.local/lib/python3.12/site-packages/airflow/example_dags/example_sla_dag.py for tasks to queue
[2025-04-21T20:27:35.087+0000] {logging_mixin.py:188} INFO - [2025-04-21T20:27:35.086+0000] {dagbag.py:545} INFO - Filling up the DagBag from /home/airflow/.local/lib/python3.12/site-packages/airflow/example_dags/example_sla_dag.py
[2025-04-21T20:27:35.090+0000] {processor.py:840} INFO - DAG(s) 'example_sla_dag' retrieved from /home/airflow/.local/lib/python3.12/site-packages/airflow/example_dags/example_sla_dag.py
[2025-04-21T20:27:35.099+0000] {logging_mixin.py:188} INFO - [2025-04-21T20:27:35.099+0000] {dag.py:3096} INFO - Sync 1 DAGs
[2025-04-21T20:27:35.108+0000] {logging_mixin.py:188} INFO - [2025-04-21T20:27:35.108+0000] {dag.py:3954} INFO - Setting next_dagrun for example_sla_dag to 2025-04-21 20:24:00+00:00, run_after=2025-04-21 20:26:00+00:00
[2025-04-21T20:27:35.116+0000] {processor.py:183} INFO - Processing /home/airflow/.local/lib/python3.12/site-packages/airflow/example_dags/example_sla_dag.py took 0.033 seconds
[2025-04-21T20:29:32.186+0000] {processor.py:161} INFO - Started process (PID=94139) to work on /home/airflow/.local/lib/python3.12/site-packages/airflow/example_dags/example_sla_dag.py
[2025-04-21T20:29:32.187+0000] {processor.py:830} INFO - Processing file /home/airflow/.local/lib/python3.12/site-packages/airflow/example_dags/example_sla_dag.py for tasks to queue
[2025-04-21T20:29:32.188+0000] {logging_mixin.py:188} INFO - [2025-04-21T20:29:32.188+0000] {dagbag.py:545} INFO - Filling up the DagBag from /home/airflow/.local/lib/python3.12/site-packages/airflow/example_dags/example_sla_dag.py
[2025-04-21T20:29:32.192+0000] {processor.py:840} INFO - DAG(s) 'example_sla_dag' retrieved from /home/airflow/.local/lib/python3.12/site-packages/airflow/example_dags/example_sla_dag.py
[2025-04-21T20:29:32.201+0000] {logging_mixin.py:188} INFO - [2025-04-21T20:29:32.201+0000] {dag.py:3096} INFO - Sync 1 DAGs
[2025-04-21T20:29:32.211+0000] {logging_mixin.py:188} INFO - [2025-04-21T20:29:32.211+0000] {dag.py:3954} INFO - Setting next_dagrun for example_sla_dag to 2025-04-21 20:26:00+00:00, run_after=2025-04-21 20:28:00+00:00
[2025-04-21T20:29:32.221+0000] {processor.py:183} INFO - Processing /home/airflow/.local/lib/python3.12/site-packages/airflow/example_dags/example_sla_dag.py took 0.038 seconds
[2025-04-21T20:30:51.646+0000] {processor.py:161} INFO - Started process (PID=94199) to work on /home/airflow/.local/lib/python3.12/site-packages/airflow/example_dags/example_sla_dag.py
[2025-04-21T20:30:51.650+0000] {processor.py:830} INFO - Processing file /home/airflow/.local/lib/python3.12/site-packages/airflow/example_dags/example_sla_dag.py for tasks to queue
[2025-04-21T20:30:51.651+0000] {logging_mixin.py:188} INFO - [2025-04-21T20:30:51.651+0000] {dagbag.py:545} INFO - Filling up the DagBag from /home/airflow/.local/lib/python3.12/site-packages/airflow/example_dags/example_sla_dag.py
[2025-04-21T20:30:51.655+0000] {processor.py:840} INFO - DAG(s) 'example_sla_dag' retrieved from /home/airflow/.local/lib/python3.12/site-packages/airflow/example_dags/example_sla_dag.py
[2025-04-21T20:30:51.665+0000] {logging_mixin.py:188} INFO - [2025-04-21T20:30:51.665+0000] {dag.py:3096} INFO - Sync 1 DAGs
[2025-04-21T20:30:51.676+0000] {logging_mixin.py:188} INFO - [2025-04-21T20:30:51.676+0000] {dag.py:3954} INFO - Setting next_dagrun for example_sla_dag to 2025-04-21 20:28:00+00:00, run_after=2025-04-21 20:30:00+00:00
[2025-04-21T20:30:51.684+0000] {processor.py:183} INFO - Processing /home/airflow/.local/lib/python3.12/site-packages/airflow/example_dags/example_sla_dag.py took 0.041 seconds
[2025-04-21T20:31:32.897+0000] {processor.py:161} INFO - Started process (PID=94259) to work on /home/airflow/.local/lib/python3.12/site-packages/airflow/example_dags/example_sla_dag.py
[2025-04-21T20:31:32.898+0000] {processor.py:830} INFO - Processing file /home/airflow/.local/lib/python3.12/site-packages/airflow/example_dags/example_sla_dag.py for tasks to queue
[2025-04-21T20:31:32.900+0000] {logging_mixin.py:188} INFO - [2025-04-21T20:31:32.899+0000] {dagbag.py:545} INFO - Filling up the DagBag from /home/airflow/.local/lib/python3.12/site-packages/airflow/example_dags/example_sla_dag.py
[2025-04-21T20:31:32.903+0000] {processor.py:840} INFO - DAG(s) 'example_sla_dag' retrieved from /home/airflow/.local/lib/python3.12/site-packages/airflow/example_dags/example_sla_dag.py
[2025-04-21T20:31:32.913+0000] {logging_mixin.py:188} INFO - [2025-04-21T20:31:32.913+0000] {dag.py:3096} INFO - Sync 1 DAGs
[2025-04-21T20:31:32.925+0000] {logging_mixin.py:188} INFO - [2025-04-21T20:31:32.925+0000] {dag.py:3954} INFO - Setting next_dagrun for example_sla_dag to 2025-04-21 20:28:00+00:00, run_after=2025-04-21 20:30:00+00:00
[2025-04-21T20:31:32.933+0000] {processor.py:183} INFO - Processing /home/airflow/.local/lib/python3.12/site-packages/airflow/example_dags/example_sla_dag.py took 0.040 seconds
[2025-04-21T20:32:08.211+0000] {processor.py:161} INFO - Started process (PID=94319) to work on /home/airflow/.local/lib/python3.12/site-packages/airflow/example_dags/example_sla_dag.py
[2025-04-21T20:32:08.213+0000] {processor.py:830} INFO - Processing file /home/airflow/.local/lib/python3.12/site-packages/airflow/example_dags/example_sla_dag.py for tasks to queue
[2025-04-21T20:32:08.214+0000] {logging_mixin.py:188} INFO - [2025-04-21T20:32:08.213+0000] {dagbag.py:545} INFO - Filling up the DagBag from /home/airflow/.local/lib/python3.12/site-packages/airflow/example_dags/example_sla_dag.py
[2025-04-21T20:32:08.218+0000] {processor.py:840} INFO - DAG(s) 'example_sla_dag' retrieved from /home/airflow/.local/lib/python3.12/site-packages/airflow/example_dags/example_sla_dag.py
[2025-04-21T20:32:08.227+0000] {logging_mixin.py:188} INFO - [2025-04-21T20:32:08.227+0000] {dag.py:3096} INFO - Sync 1 DAGs
[2025-04-21T20:32:08.240+0000] {logging_mixin.py:188} INFO - [2025-04-21T20:32:08.239+0000] {dag.py:3954} INFO - Setting next_dagrun for example_sla_dag to 2025-04-21 20:30:00+00:00, run_after=2025-04-21 20:32:00+00:00
[2025-04-21T20:32:08.257+0000] {processor.py:183} INFO - Processing /home/airflow/.local/lib/python3.12/site-packages/airflow/example_dags/example_sla_dag.py took 0.049 seconds
[2025-04-21T20:33:32.943+0000] {processor.py:161} INFO - Started process (PID=94379) to work on /home/airflow/.local/lib/python3.12/site-packages/airflow/example_dags/example_sla_dag.py
[2025-04-21T20:33:32.947+0000] {processor.py:830} INFO - Processing file /home/airflow/.local/lib/python3.12/site-packages/airflow/example_dags/example_sla_dag.py for tasks to queue
[2025-04-21T20:33:32.948+0000] {logging_mixin.py:188} INFO - [2025-04-21T20:33:32.947+0000] {dagbag.py:545} INFO - Filling up the DagBag from /home/airflow/.local/lib/python3.12/site-packages/airflow/example_dags/example_sla_dag.py
[2025-04-21T20:33:32.953+0000] {processor.py:840} INFO - DAG(s) 'example_sla_dag' retrieved from /home/airflow/.local/lib/python3.12/site-packages/airflow/example_dags/example_sla_dag.py
[2025-04-21T20:33:32.963+0000] {logging_mixin.py:188} INFO - [2025-04-21T20:33:32.963+0000] {dag.py:3096} INFO - Sync 1 DAGs
[2025-04-21T20:33:32.974+0000] {logging_mixin.py:188} INFO - [2025-04-21T20:33:32.974+0000] {dag.py:3954} INFO - Setting next_dagrun for example_sla_dag to 2025-04-21 20:30:00+00:00, run_after=2025-04-21 20:32:00+00:00
[2025-04-21T20:33:32.983+0000] {processor.py:183} INFO - Processing /home/airflow/.local/lib/python3.12/site-packages/airflow/example_dags/example_sla_dag.py took 0.043 seconds
[2025-04-21T20:34:55.637+0000] {processor.py:161} INFO - Started process (PID=94439) to work on /home/airflow/.local/lib/python3.12/site-packages/airflow/example_dags/example_sla_dag.py
[2025-04-21T20:34:55.637+0000] {processor.py:830} INFO - Processing file /home/airflow/.local/lib/python3.12/site-packages/airflow/example_dags/example_sla_dag.py for tasks to queue
[2025-04-21T20:34:55.639+0000] {logging_mixin.py:188} INFO - [2025-04-21T20:34:55.638+0000] {dagbag.py:545} INFO - Filling up the DagBag from /home/airflow/.local/lib/python3.12/site-packages/airflow/example_dags/example_sla_dag.py
[2025-04-21T20:34:55.642+0000] {processor.py:840} INFO - DAG(s) 'example_sla_dag' retrieved from /home/airflow/.local/lib/python3.12/site-packages/airflow/example_dags/example_sla_dag.py
[2025-04-21T20:34:55.651+0000] {logging_mixin.py:188} INFO - [2025-04-21T20:34:55.651+0000] {dag.py:3096} INFO - Sync 1 DAGs
[2025-04-21T20:34:55.662+0000] {logging_mixin.py:188} INFO - [2025-04-21T20:34:55.662+0000] {dag.py:3954} INFO - Setting next_dagrun for example_sla_dag to 2025-04-21 20:32:00+00:00, run_after=2025-04-21 20:34:00+00:00
[2025-04-21T20:34:55.670+0000] {processor.py:183} INFO - Processing /home/airflow/.local/lib/python3.12/site-packages/airflow/example_dags/example_sla_dag.py took 0.036 seconds
[2025-04-21T20:36:08.637+0000] {processor.py:161} INFO - Started process (PID=94499) to work on /home/airflow/.local/lib/python3.12/site-packages/airflow/example_dags/example_sla_dag.py
[2025-04-21T20:36:08.639+0000] {processor.py:830} INFO - Processing file /home/airflow/.local/lib/python3.12/site-packages/airflow/example_dags/example_sla_dag.py for tasks to queue
[2025-04-21T20:36:08.641+0000] {logging_mixin.py:188} INFO - [2025-04-21T20:36:08.641+0000] {dagbag.py:545} INFO - Filling up the DagBag from /home/airflow/.local/lib/python3.12/site-packages/airflow/example_dags/example_sla_dag.py
[2025-04-21T20:36:08.646+0000] {processor.py:840} INFO - DAG(s) 'example_sla_dag' retrieved from /home/airflow/.local/lib/python3.12/site-packages/airflow/example_dags/example_sla_dag.py
[2025-04-21T20:36:08.657+0000] {logging_mixin.py:188} INFO - [2025-04-21T20:36:08.656+0000] {dag.py:3096} INFO - Sync 1 DAGs
[2025-04-21T20:36:08.670+0000] {logging_mixin.py:188} INFO - [2025-04-21T20:36:08.670+0000] {dag.py:3954} INFO - Setting next_dagrun for example_sla_dag to 2025-04-21 20:34:00+00:00, run_after=2025-04-21 20:36:00+00:00
[2025-04-21T20:36:08.681+0000] {processor.py:183} INFO - Processing /home/airflow/.local/lib/python3.12/site-packages/airflow/example_dags/example_sla_dag.py took 0.047 seconds
[2025-04-21T20:37:30.471+0000] {processor.py:161} INFO - Started process (PID=94559) to work on /home/airflow/.local/lib/python3.12/site-packages/airflow/example_dags/example_sla_dag.py
[2025-04-21T20:37:30.472+0000] {processor.py:830} INFO - Processing file /home/airflow/.local/lib/python3.12/site-packages/airflow/example_dags/example_sla_dag.py for tasks to queue
[2025-04-21T20:37:30.473+0000] {logging_mixin.py:188} INFO - [2025-04-21T20:37:30.473+0000] {dagbag.py:545} INFO - Filling up the DagBag from /home/airflow/.local/lib/python3.12/site-packages/airflow/example_dags/example_sla_dag.py
[2025-04-21T20:37:30.477+0000] {processor.py:840} INFO - DAG(s) 'example_sla_dag' retrieved from /home/airflow/.local/lib/python3.12/site-packages/airflow/example_dags/example_sla_dag.py
[2025-04-21T20:37:30.487+0000] {logging_mixin.py:188} INFO - [2025-04-21T20:37:30.487+0000] {dag.py:3096} INFO - Sync 1 DAGs
[2025-04-21T20:37:30.500+0000] {logging_mixin.py:188} INFO - [2025-04-21T20:37:30.500+0000] {dag.py:3954} INFO - Setting next_dagrun for example_sla_dag to 2025-04-21 20:34:00+00:00, run_after=2025-04-21 20:36:00+00:00
[2025-04-21T20:37:30.516+0000] {processor.py:183} INFO - Processing /home/airflow/.local/lib/python3.12/site-packages/airflow/example_dags/example_sla_dag.py took 0.048 seconds
[2025-04-21T20:40:16.879+0000] {processor.py:161} INFO - Started process (PID=94619) to work on /home/airflow/.local/lib/python3.12/site-packages/airflow/example_dags/example_sla_dag.py
[2025-04-21T20:40:16.882+0000] {processor.py:830} INFO - Processing file /home/airflow/.local/lib/python3.12/site-packages/airflow/example_dags/example_sla_dag.py for tasks to queue
[2025-04-21T20:40:16.884+0000] {logging_mixin.py:188} INFO - [2025-04-21T20:40:16.884+0000] {dagbag.py:545} INFO - Filling up the DagBag from /home/airflow/.local/lib/python3.12/site-packages/airflow/example_dags/example_sla_dag.py
[2025-04-21T20:40:16.888+0000] {processor.py:840} INFO - DAG(s) 'example_sla_dag' retrieved from /home/airflow/.local/lib/python3.12/site-packages/airflow/example_dags/example_sla_dag.py
[2025-04-21T20:40:16.899+0000] {logging_mixin.py:188} INFO - [2025-04-21T20:40:16.899+0000] {dag.py:3096} INFO - Sync 1 DAGs
[2025-04-21T20:40:16.910+0000] {logging_mixin.py:188} INFO - [2025-04-21T20:40:16.910+0000] {dag.py:3954} INFO - Setting next_dagrun for example_sla_dag to 2025-04-21 20:38:00+00:00, run_after=2025-04-21 20:40:00+00:00
[2025-04-21T20:40:16.919+0000] {processor.py:183} INFO - Processing /home/airflow/.local/lib/python3.12/site-packages/airflow/example_dags/example_sla_dag.py took 0.043 seconds
[2025-04-21T20:41:06.932+0000] {processor.py:161} INFO - Started process (PID=94679) to work on /home/airflow/.local/lib/python3.12/site-packages/airflow/example_dags/example_sla_dag.py
[2025-04-21T20:41:06.933+0000] {processor.py:830} INFO - Processing file /home/airflow/.local/lib/python3.12/site-packages/airflow/example_dags/example_sla_dag.py for tasks to queue
[2025-04-21T20:41:06.934+0000] {logging_mixin.py:188} INFO - [2025-04-21T20:41:06.934+0000] {dagbag.py:545} INFO - Filling up the DagBag from /home/airflow/.local/lib/python3.12/site-packages/airflow/example_dags/example_sla_dag.py
[2025-04-21T20:41:06.937+0000] {processor.py:840} INFO - DAG(s) 'example_sla_dag' retrieved from /home/airflow/.local/lib/python3.12/site-packages/airflow/example_dags/example_sla_dag.py
[2025-04-21T20:41:06.946+0000] {logging_mixin.py:188} INFO - [2025-04-21T20:41:06.946+0000] {dag.py:3096} INFO - Sync 1 DAGs
[2025-04-21T20:41:06.956+0000] {logging_mixin.py:188} INFO - [2025-04-21T20:41:06.956+0000] {dag.py:3954} INFO - Setting next_dagrun for example_sla_dag to 2025-04-21 20:38:00+00:00, run_after=2025-04-21 20:40:00+00:00
[2025-04-21T20:41:06.963+0000] {processor.py:183} INFO - Processing /home/airflow/.local/lib/python3.12/site-packages/airflow/example_dags/example_sla_dag.py took 0.034 seconds
[2025-04-21T20:41:49.424+0000] {processor.py:161} INFO - Started process (PID=94739) to work on /home/airflow/.local/lib/python3.12/site-packages/airflow/example_dags/example_sla_dag.py
[2025-04-21T20:41:49.426+0000] {processor.py:830} INFO - Processing file /home/airflow/.local/lib/python3.12/site-packages/airflow/example_dags/example_sla_dag.py for tasks to queue
[2025-04-21T20:41:49.427+0000] {logging_mixin.py:188} INFO - [2025-04-21T20:41:49.427+0000] {dagbag.py:545} INFO - Filling up the DagBag from /home/airflow/.local/lib/python3.12/site-packages/airflow/example_dags/example_sla_dag.py
[2025-04-21T20:41:49.431+0000] {processor.py:840} INFO - DAG(s) 'example_sla_dag' retrieved from /home/airflow/.local/lib/python3.12/site-packages/airflow/example_dags/example_sla_dag.py
[2025-04-21T20:41:49.440+0000] {logging_mixin.py:188} INFO - [2025-04-21T20:41:49.440+0000] {dag.py:3096} INFO - Sync 1 DAGs
[2025-04-21T20:41:49.453+0000] {logging_mixin.py:188} INFO - [2025-04-21T20:41:49.453+0000] {dag.py:3954} INFO - Setting next_dagrun for example_sla_dag to 2025-04-21 20:38:00+00:00, run_after=2025-04-21 20:40:00+00:00
[2025-04-21T20:41:49.461+0000] {processor.py:183} INFO - Processing /home/airflow/.local/lib/python3.12/site-packages/airflow/example_dags/example_sla_dag.py took 0.040 seconds
[2025-04-21T20:42:34.550+0000] {processor.py:161} INFO - Started process (PID=94799) to work on /home/airflow/.local/lib/python3.12/site-packages/airflow/example_dags/example_sla_dag.py
[2025-04-21T20:42:34.551+0000] {processor.py:830} INFO - Processing file /home/airflow/.local/lib/python3.12/site-packages/airflow/example_dags/example_sla_dag.py for tasks to queue
[2025-04-21T20:42:34.553+0000] {logging_mixin.py:188} INFO - [2025-04-21T20:42:34.553+0000] {dagbag.py:545} INFO - Filling up the DagBag from /home/airflow/.local/lib/python3.12/site-packages/airflow/example_dags/example_sla_dag.py
[2025-04-21T20:42:34.557+0000] {processor.py:840} INFO - DAG(s) 'example_sla_dag' retrieved from /home/airflow/.local/lib/python3.12/site-packages/airflow/example_dags/example_sla_dag.py
[2025-04-21T20:42:34.573+0000] {logging_mixin.py:188} INFO - [2025-04-21T20:42:34.573+0000] {dag.py:3096} INFO - Sync 1 DAGs
[2025-04-21T20:42:34.585+0000] {logging_mixin.py:188} INFO - [2025-04-21T20:42:34.585+0000] {dag.py:3954} INFO - Setting next_dagrun for example_sla_dag to 2025-04-21 20:40:00+00:00, run_after=2025-04-21 20:42:00+00:00
[2025-04-21T20:42:34.595+0000] {processor.py:183} INFO - Processing /home/airflow/.local/lib/python3.12/site-packages/airflow/example_dags/example_sla_dag.py took 0.048 seconds
[2025-04-21T20:43:37.775+0000] {processor.py:161} INFO - Started process (PID=94859) to work on /home/airflow/.local/lib/python3.12/site-packages/airflow/example_dags/example_sla_dag.py
[2025-04-21T20:43:37.775+0000] {processor.py:830} INFO - Processing file /home/airflow/.local/lib/python3.12/site-packages/airflow/example_dags/example_sla_dag.py for tasks to queue
[2025-04-21T20:43:37.776+0000] {logging_mixin.py:188} INFO - [2025-04-21T20:43:37.776+0000] {dagbag.py:545} INFO - Filling up the DagBag from /home/airflow/.local/lib/python3.12/site-packages/airflow/example_dags/example_sla_dag.py
[2025-04-21T20:43:37.781+0000] {processor.py:840} INFO - DAG(s) 'example_sla_dag' retrieved from /home/airflow/.local/lib/python3.12/site-packages/airflow/example_dags/example_sla_dag.py
[2025-04-21T20:43:37.791+0000] {logging_mixin.py:188} INFO - [2025-04-21T20:43:37.791+0000] {dag.py:3096} INFO - Sync 1 DAGs
[2025-04-21T20:43:37.803+0000] {logging_mixin.py:188} INFO - [2025-04-21T20:43:37.803+0000] {dag.py:3954} INFO - Setting next_dagrun for example_sla_dag to 2025-04-21 20:40:00+00:00, run_after=2025-04-21 20:42:00+00:00
[2025-04-21T20:43:37.816+0000] {processor.py:183} INFO - Processing /home/airflow/.local/lib/python3.12/site-packages/airflow/example_dags/example_sla_dag.py took 0.045 seconds
[2025-04-21T20:44:41.467+0000] {processor.py:161} INFO - Started process (PID=94919) to work on /home/airflow/.local/lib/python3.12/site-packages/airflow/example_dags/example_sla_dag.py
[2025-04-21T20:44:41.470+0000] {processor.py:830} INFO - Processing file /home/airflow/.local/lib/python3.12/site-packages/airflow/example_dags/example_sla_dag.py for tasks to queue
[2025-04-21T20:44:41.472+0000] {logging_mixin.py:188} INFO - [2025-04-21T20:44:41.471+0000] {dagbag.py:545} INFO - Filling up the DagBag from /home/airflow/.local/lib/python3.12/site-packages/airflow/example_dags/example_sla_dag.py
[2025-04-21T20:44:41.475+0000] {processor.py:840} INFO - DAG(s) 'example_sla_dag' retrieved from /home/airflow/.local/lib/python3.12/site-packages/airflow/example_dags/example_sla_dag.py
[2025-04-21T20:44:41.492+0000] {logging_mixin.py:188} INFO - [2025-04-21T20:44:41.492+0000] {dag.py:3096} INFO - Sync 1 DAGs
[2025-04-21T20:44:41.503+0000] {logging_mixin.py:188} INFO - [2025-04-21T20:44:41.503+0000] {dag.py:3954} INFO - Setting next_dagrun for example_sla_dag to 2025-04-21 20:42:00+00:00, run_after=2025-04-21 20:44:00+00:00
[2025-04-21T20:44:41.512+0000] {processor.py:183} INFO - Processing /home/airflow/.local/lib/python3.12/site-packages/airflow/example_dags/example_sla_dag.py took 0.048 seconds
[2025-04-21T20:45:23.115+0000] {processor.py:161} INFO - Started process (PID=94979) to work on /home/airflow/.local/lib/python3.12/site-packages/airflow/example_dags/example_sla_dag.py
[2025-04-21T20:45:23.120+0000] {processor.py:830} INFO - Processing file /home/airflow/.local/lib/python3.12/site-packages/airflow/example_dags/example_sla_dag.py for tasks to queue
[2025-04-21T20:45:23.124+0000] {logging_mixin.py:188} INFO - [2025-04-21T20:45:23.124+0000] {dagbag.py:545} INFO - Filling up the DagBag from /home/airflow/.local/lib/python3.12/site-packages/airflow/example_dags/example_sla_dag.py
[2025-04-21T20:45:23.128+0000] {processor.py:840} INFO - DAG(s) 'example_sla_dag' retrieved from /home/airflow/.local/lib/python3.12/site-packages/airflow/example_dags/example_sla_dag.py
[2025-04-21T20:45:23.139+0000] {logging_mixin.py:188} INFO - [2025-04-21T20:45:23.139+0000] {dag.py:3096} INFO - Sync 1 DAGs
[2025-04-21T20:45:23.150+0000] {logging_mixin.py:188} INFO - [2025-04-21T20:45:23.150+0000] {dag.py:3954} INFO - Setting next_dagrun for example_sla_dag to 2025-04-21 20:42:00+00:00, run_after=2025-04-21 20:44:00+00:00
[2025-04-21T20:45:23.158+0000] {processor.py:183} INFO - Processing /home/airflow/.local/lib/python3.12/site-packages/airflow/example_dags/example_sla_dag.py took 0.046 seconds
[2025-04-21T20:50:35.723+0000] {processor.py:161} INFO - Started process (PID=95039) to work on /home/airflow/.local/lib/python3.12/site-packages/airflow/example_dags/example_sla_dag.py
[2025-04-21T20:50:35.724+0000] {processor.py:830} INFO - Processing file /home/airflow/.local/lib/python3.12/site-packages/airflow/example_dags/example_sla_dag.py for tasks to queue
[2025-04-21T20:50:35.725+0000] {logging_mixin.py:188} INFO - [2025-04-21T20:50:35.725+0000] {dagbag.py:545} INFO - Filling up the DagBag from /home/airflow/.local/lib/python3.12/site-packages/airflow/example_dags/example_sla_dag.py
[2025-04-21T20:50:35.729+0000] {processor.py:840} INFO - DAG(s) 'example_sla_dag' retrieved from /home/airflow/.local/lib/python3.12/site-packages/airflow/example_dags/example_sla_dag.py
[2025-04-21T20:50:35.738+0000] {logging_mixin.py:188} INFO - [2025-04-21T20:50:35.738+0000] {dag.py:3096} INFO - Sync 1 DAGs
[2025-04-21T20:50:35.752+0000] {logging_mixin.py:188} INFO - [2025-04-21T20:50:35.752+0000] {dag.py:3954} INFO - Setting next_dagrun for example_sla_dag to 2025-04-21 20:48:00+00:00, run_after=2025-04-21 20:50:00+00:00
[2025-04-21T20:50:35.764+0000] {processor.py:183} INFO - Processing /home/airflow/.local/lib/python3.12/site-packages/airflow/example_dags/example_sla_dag.py took 0.044 seconds
[2025-04-21T20:51:06.471+0000] {processor.py:161} INFO - Started process (PID=95099) to work on /home/airflow/.local/lib/python3.12/site-packages/airflow/example_dags/example_sla_dag.py
[2025-04-21T20:51:06.476+0000] {processor.py:830} INFO - Processing file /home/airflow/.local/lib/python3.12/site-packages/airflow/example_dags/example_sla_dag.py for tasks to queue
[2025-04-21T20:51:06.480+0000] {logging_mixin.py:188} INFO - [2025-04-21T20:51:06.479+0000] {dagbag.py:545} INFO - Filling up the DagBag from /home/airflow/.local/lib/python3.12/site-packages/airflow/example_dags/example_sla_dag.py
[2025-04-21T20:51:06.488+0000] {processor.py:840} INFO - DAG(s) 'example_sla_dag' retrieved from /home/airflow/.local/lib/python3.12/site-packages/airflow/example_dags/example_sla_dag.py
[2025-04-21T20:51:06.507+0000] {logging_mixin.py:188} INFO - [2025-04-21T20:51:06.507+0000] {dag.py:3096} INFO - Sync 1 DAGs
[2025-04-21T20:51:06.522+0000] {logging_mixin.py:188} INFO - [2025-04-21T20:51:06.522+0000] {dag.py:3954} INFO - Setting next_dagrun for example_sla_dag to 2025-04-21 20:48:00+00:00, run_after=2025-04-21 20:50:00+00:00
[2025-04-21T20:51:06.533+0000] {processor.py:183} INFO - Processing /home/airflow/.local/lib/python3.12/site-packages/airflow/example_dags/example_sla_dag.py took 0.078 seconds
[2025-04-21T20:56:19.354+0000] {processor.py:161} INFO - Started process (PID=95159) to work on /home/airflow/.local/lib/python3.12/site-packages/airflow/example_dags/example_sla_dag.py
[2025-04-21T20:56:19.355+0000] {processor.py:830} INFO - Processing file /home/airflow/.local/lib/python3.12/site-packages/airflow/example_dags/example_sla_dag.py for tasks to queue
[2025-04-21T20:56:19.356+0000] {logging_mixin.py:188} INFO - [2025-04-21T20:56:19.355+0000] {dagbag.py:545} INFO - Filling up the DagBag from /home/airflow/.local/lib/python3.12/site-packages/airflow/example_dags/example_sla_dag.py
[2025-04-21T20:56:19.360+0000] {processor.py:840} INFO - DAG(s) 'example_sla_dag' retrieved from /home/airflow/.local/lib/python3.12/site-packages/airflow/example_dags/example_sla_dag.py
[2025-04-21T20:56:19.373+0000] {logging_mixin.py:188} INFO - [2025-04-21T20:56:19.373+0000] {dag.py:3096} INFO - Sync 1 DAGs
[2025-04-21T20:56:19.386+0000] {logging_mixin.py:188} INFO - [2025-04-21T20:56:19.386+0000] {dag.py:3954} INFO - Setting next_dagrun for example_sla_dag to 2025-04-21 20:54:00+00:00, run_after=2025-04-21 20:56:00+00:00
[2025-04-21T20:56:19.395+0000] {processor.py:183} INFO - Processing /home/airflow/.local/lib/python3.12/site-packages/airflow/example_dags/example_sla_dag.py took 0.044 seconds
[2025-04-21T21:46:40.819+0000] {processor.py:161} INFO - Started process (PID=95219) to work on /home/airflow/.local/lib/python3.12/site-packages/airflow/example_dags/example_sla_dag.py
[2025-04-21T21:46:40.821+0000] {processor.py:830} INFO - Processing file /home/airflow/.local/lib/python3.12/site-packages/airflow/example_dags/example_sla_dag.py for tasks to queue
[2025-04-21T21:46:40.823+0000] {logging_mixin.py:188} INFO - [2025-04-21T21:46:40.822+0000] {dagbag.py:545} INFO - Filling up the DagBag from /home/airflow/.local/lib/python3.12/site-packages/airflow/example_dags/example_sla_dag.py
[2025-04-21T21:46:40.828+0000] {processor.py:840} INFO - DAG(s) 'example_sla_dag' retrieved from /home/airflow/.local/lib/python3.12/site-packages/airflow/example_dags/example_sla_dag.py
[2025-04-21T21:46:40.838+0000] {logging_mixin.py:188} INFO - [2025-04-21T21:46:40.838+0000] {dag.py:3096} INFO - Sync 1 DAGs
[2025-04-21T21:46:40.848+0000] {logging_mixin.py:188} INFO - [2025-04-21T21:46:40.848+0000] {dag.py:3954} INFO - Setting next_dagrun for example_sla_dag to 2025-04-21 21:44:00+00:00, run_after=2025-04-21 21:46:00+00:00
[2025-04-21T21:46:40.860+0000] {processor.py:183} INFO - Processing /home/airflow/.local/lib/python3.12/site-packages/airflow/example_dags/example_sla_dag.py took 0.044 seconds
[2025-04-21T21:47:11.422+0000] {processor.py:161} INFO - Started process (PID=95279) to work on /home/airflow/.local/lib/python3.12/site-packages/airflow/example_dags/example_sla_dag.py
[2025-04-21T21:47:11.423+0000] {processor.py:830} INFO - Processing file /home/airflow/.local/lib/python3.12/site-packages/airflow/example_dags/example_sla_dag.py for tasks to queue
[2025-04-21T21:47:11.424+0000] {logging_mixin.py:188} INFO - [2025-04-21T21:47:11.424+0000] {dagbag.py:545} INFO - Filling up the DagBag from /home/airflow/.local/lib/python3.12/site-packages/airflow/example_dags/example_sla_dag.py
[2025-04-21T21:47:11.428+0000] {processor.py:840} INFO - DAG(s) 'example_sla_dag' retrieved from /home/airflow/.local/lib/python3.12/site-packages/airflow/example_dags/example_sla_dag.py
[2025-04-21T21:47:11.438+0000] {logging_mixin.py:188} INFO - [2025-04-21T21:47:11.438+0000] {dag.py:3096} INFO - Sync 1 DAGs
[2025-04-21T21:47:11.450+0000] {logging_mixin.py:188} INFO - [2025-04-21T21:47:11.450+0000] {dag.py:3954} INFO - Setting next_dagrun for example_sla_dag to 2025-04-21 21:44:00+00:00, run_after=2025-04-21 21:46:00+00:00
[2025-04-21T21:47:11.458+0000] {processor.py:183} INFO - Processing /home/airflow/.local/lib/python3.12/site-packages/airflow/example_dags/example_sla_dag.py took 0.039 seconds
[2025-04-21T21:52:23.877+0000] {processor.py:161} INFO - Started process (PID=95339) to work on /home/airflow/.local/lib/python3.12/site-packages/airflow/example_dags/example_sla_dag.py
[2025-04-21T21:52:23.880+0000] {processor.py:830} INFO - Processing file /home/airflow/.local/lib/python3.12/site-packages/airflow/example_dags/example_sla_dag.py for tasks to queue
[2025-04-21T21:52:23.883+0000] {logging_mixin.py:188} INFO - [2025-04-21T21:52:23.883+0000] {dagbag.py:545} INFO - Filling up the DagBag from /home/airflow/.local/lib/python3.12/site-packages/airflow/example_dags/example_sla_dag.py
[2025-04-21T21:52:23.888+0000] {processor.py:840} INFO - DAG(s) 'example_sla_dag' retrieved from /home/airflow/.local/lib/python3.12/site-packages/airflow/example_dags/example_sla_dag.py
[2025-04-21T21:52:23.902+0000] {logging_mixin.py:188} INFO - [2025-04-21T21:52:23.901+0000] {dag.py:3096} INFO - Sync 1 DAGs
[2025-04-21T21:52:23.914+0000] {logging_mixin.py:188} INFO - [2025-04-21T21:52:23.914+0000] {dag.py:3954} INFO - Setting next_dagrun for example_sla_dag to 2025-04-21 21:50:00+00:00, run_after=2025-04-21 21:52:00+00:00
[2025-04-21T21:52:23.927+0000] {processor.py:183} INFO - Processing /home/airflow/.local/lib/python3.12/site-packages/airflow/example_dags/example_sla_dag.py took 0.054 seconds
[2025-04-21T21:57:36.576+0000] {processor.py:161} INFO - Started process (PID=95399) to work on /home/airflow/.local/lib/python3.12/site-packages/airflow/example_dags/example_sla_dag.py
[2025-04-21T21:57:36.577+0000] {processor.py:830} INFO - Processing file /home/airflow/.local/lib/python3.12/site-packages/airflow/example_dags/example_sla_dag.py for tasks to queue
[2025-04-21T21:57:36.579+0000] {logging_mixin.py:188} INFO - [2025-04-21T21:57:36.578+0000] {dagbag.py:545} INFO - Filling up the DagBag from /home/airflow/.local/lib/python3.12/site-packages/airflow/example_dags/example_sla_dag.py
[2025-04-21T21:57:36.588+0000] {processor.py:840} INFO - DAG(s) 'example_sla_dag' retrieved from /home/airflow/.local/lib/python3.12/site-packages/airflow/example_dags/example_sla_dag.py
[2025-04-21T21:57:36.608+0000] {logging_mixin.py:188} INFO - [2025-04-21T21:57:36.608+0000] {dag.py:3096} INFO - Sync 1 DAGs
[2025-04-21T21:57:36.627+0000] {logging_mixin.py:188} INFO - [2025-04-21T21:57:36.626+0000] {dag.py:3954} INFO - Setting next_dagrun for example_sla_dag to 2025-04-21 21:54:00+00:00, run_after=2025-04-21 21:56:00+00:00
[2025-04-21T21:57:36.636+0000] {processor.py:183} INFO - Processing /home/airflow/.local/lib/python3.12/site-packages/airflow/example_dags/example_sla_dag.py took 0.063 seconds
[2025-04-21T22:02:49.612+0000] {processor.py:161} INFO - Started process (PID=95459) to work on /home/airflow/.local/lib/python3.12/site-packages/airflow/example_dags/example_sla_dag.py
[2025-04-21T22:02:49.614+0000] {processor.py:830} INFO - Processing file /home/airflow/.local/lib/python3.12/site-packages/airflow/example_dags/example_sla_dag.py for tasks to queue
[2025-04-21T22:02:49.615+0000] {logging_mixin.py:188} INFO - [2025-04-21T22:02:49.615+0000] {dagbag.py:545} INFO - Filling up the DagBag from /home/airflow/.local/lib/python3.12/site-packages/airflow/example_dags/example_sla_dag.py
[2025-04-21T22:02:49.620+0000] {processor.py:840} INFO - DAG(s) 'example_sla_dag' retrieved from /home/airflow/.local/lib/python3.12/site-packages/airflow/example_dags/example_sla_dag.py
[2025-04-21T22:02:49.630+0000] {logging_mixin.py:188} INFO - [2025-04-21T22:02:49.630+0000] {dag.py:3096} INFO - Sync 1 DAGs
[2025-04-21T22:02:49.643+0000] {logging_mixin.py:188} INFO - [2025-04-21T22:02:49.642+0000] {dag.py:3954} INFO - Setting next_dagrun for example_sla_dag to 2025-04-21 22:00:00+00:00, run_after=2025-04-21 22:02:00+00:00
[2025-04-21T22:02:49.653+0000] {processor.py:183} INFO - Processing /home/airflow/.local/lib/python3.12/site-packages/airflow/example_dags/example_sla_dag.py took 0.044 seconds
[2025-04-21T22:03:20.477+0000] {processor.py:161} INFO - Started process (PID=95519) to work on /home/airflow/.local/lib/python3.12/site-packages/airflow/example_dags/example_sla_dag.py
[2025-04-21T22:03:20.477+0000] {processor.py:830} INFO - Processing file /home/airflow/.local/lib/python3.12/site-packages/airflow/example_dags/example_sla_dag.py for tasks to queue
[2025-04-21T22:03:20.478+0000] {logging_mixin.py:188} INFO - [2025-04-21T22:03:20.478+0000] {dagbag.py:545} INFO - Filling up the DagBag from /home/airflow/.local/lib/python3.12/site-packages/airflow/example_dags/example_sla_dag.py
[2025-04-21T22:03:20.483+0000] {processor.py:840} INFO - DAG(s) 'example_sla_dag' retrieved from /home/airflow/.local/lib/python3.12/site-packages/airflow/example_dags/example_sla_dag.py
[2025-04-21T22:03:20.492+0000] {logging_mixin.py:188} INFO - [2025-04-21T22:03:20.492+0000] {dag.py:3096} INFO - Sync 1 DAGs
[2025-04-21T22:03:20.502+0000] {logging_mixin.py:188} INFO - [2025-04-21T22:03:20.502+0000] {dag.py:3954} INFO - Setting next_dagrun for example_sla_dag to 2025-04-21 22:00:00+00:00, run_after=2025-04-21 22:02:00+00:00
[2025-04-21T22:03:20.515+0000] {processor.py:183} INFO - Processing /home/airflow/.local/lib/python3.12/site-packages/airflow/example_dags/example_sla_dag.py took 0.042 seconds
[2025-04-21T22:11:06.586+0000] {processor.py:161} INFO - Started process (PID=95579) to work on /home/airflow/.local/lib/python3.12/site-packages/airflow/example_dags/example_sla_dag.py
[2025-04-21T22:11:06.586+0000] {processor.py:830} INFO - Processing file /home/airflow/.local/lib/python3.12/site-packages/airflow/example_dags/example_sla_dag.py for tasks to queue
[2025-04-21T22:11:06.588+0000] {logging_mixin.py:188} INFO - [2025-04-21T22:11:06.587+0000] {dagbag.py:545} INFO - Filling up the DagBag from /home/airflow/.local/lib/python3.12/site-packages/airflow/example_dags/example_sla_dag.py
[2025-04-21T22:11:06.592+0000] {processor.py:840} INFO - DAG(s) 'example_sla_dag' retrieved from /home/airflow/.local/lib/python3.12/site-packages/airflow/example_dags/example_sla_dag.py
[2025-04-21T22:11:06.607+0000] {logging_mixin.py:188} INFO - [2025-04-21T22:11:06.607+0000] {dag.py:3096} INFO - Sync 1 DAGs
[2025-04-21T22:11:06.619+0000] {logging_mixin.py:188} INFO - [2025-04-21T22:11:06.619+0000] {dag.py:3954} INFO - Setting next_dagrun for example_sla_dag to 2025-04-21 22:08:00+00:00, run_after=2025-04-21 22:10:00+00:00
[2025-04-21T22:11:06.629+0000] {processor.py:183} INFO - Processing /home/airflow/.local/lib/python3.12/site-packages/airflow/example_dags/example_sla_dag.py took 0.047 seconds
[2025-04-21T22:16:19.519+0000] {processor.py:161} INFO - Started process (PID=95639) to work on /home/airflow/.local/lib/python3.12/site-packages/airflow/example_dags/example_sla_dag.py
[2025-04-21T22:16:19.520+0000] {processor.py:830} INFO - Processing file /home/airflow/.local/lib/python3.12/site-packages/airflow/example_dags/example_sla_dag.py for tasks to queue
[2025-04-21T22:16:19.521+0000] {logging_mixin.py:188} INFO - [2025-04-21T22:16:19.521+0000] {dagbag.py:545} INFO - Filling up the DagBag from /home/airflow/.local/lib/python3.12/site-packages/airflow/example_dags/example_sla_dag.py
[2025-04-21T22:16:19.525+0000] {processor.py:840} INFO - DAG(s) 'example_sla_dag' retrieved from /home/airflow/.local/lib/python3.12/site-packages/airflow/example_dags/example_sla_dag.py
[2025-04-21T22:16:19.541+0000] {logging_mixin.py:188} INFO - [2025-04-21T22:16:19.541+0000] {dag.py:3096} INFO - Sync 1 DAGs
[2025-04-21T22:16:19.553+0000] {logging_mixin.py:188} INFO - [2025-04-21T22:16:19.553+0000] {dag.py:3954} INFO - Setting next_dagrun for example_sla_dag to 2025-04-21 22:14:00+00:00, run_after=2025-04-21 22:16:00+00:00
[2025-04-21T22:16:19.564+0000] {processor.py:183} INFO - Processing /home/airflow/.local/lib/python3.12/site-packages/airflow/example_dags/example_sla_dag.py took 0.047 seconds
[2025-04-21T22:34:10.907+0000] {processor.py:161} INFO - Started process (PID=95699) to work on /home/airflow/.local/lib/python3.12/site-packages/airflow/example_dags/example_sla_dag.py
[2025-04-21T22:34:10.907+0000] {processor.py:830} INFO - Processing file /home/airflow/.local/lib/python3.12/site-packages/airflow/example_dags/example_sla_dag.py for tasks to queue
[2025-04-21T22:34:10.908+0000] {logging_mixin.py:188} INFO - [2025-04-21T22:34:10.908+0000] {dagbag.py:545} INFO - Filling up the DagBag from /home/airflow/.local/lib/python3.12/site-packages/airflow/example_dags/example_sla_dag.py
[2025-04-21T22:34:10.912+0000] {processor.py:840} INFO - DAG(s) 'example_sla_dag' retrieved from /home/airflow/.local/lib/python3.12/site-packages/airflow/example_dags/example_sla_dag.py
[2025-04-21T22:34:10.921+0000] {logging_mixin.py:188} INFO - [2025-04-21T22:34:10.921+0000] {dag.py:3096} INFO - Sync 1 DAGs
[2025-04-21T22:34:10.931+0000] {logging_mixin.py:188} INFO - [2025-04-21T22:34:10.931+0000] {dag.py:3954} INFO - Setting next_dagrun for example_sla_dag to 2025-04-21 22:32:00+00:00, run_after=2025-04-21 22:34:00+00:00
[2025-04-21T22:34:10.939+0000] {processor.py:183} INFO - Processing /home/airflow/.local/lib/python3.12/site-packages/airflow/example_dags/example_sla_dag.py took 0.035 seconds
[2025-04-21T22:39:23.891+0000] {processor.py:161} INFO - Started process (PID=95759) to work on /home/airflow/.local/lib/python3.12/site-packages/airflow/example_dags/example_sla_dag.py
[2025-04-21T22:39:23.891+0000] {processor.py:830} INFO - Processing file /home/airflow/.local/lib/python3.12/site-packages/airflow/example_dags/example_sla_dag.py for tasks to queue
[2025-04-21T22:39:23.892+0000] {logging_mixin.py:188} INFO - [2025-04-21T22:39:23.892+0000] {dagbag.py:545} INFO - Filling up the DagBag from /home/airflow/.local/lib/python3.12/site-packages/airflow/example_dags/example_sla_dag.py
[2025-04-21T22:39:23.897+0000] {processor.py:840} INFO - DAG(s) 'example_sla_dag' retrieved from /home/airflow/.local/lib/python3.12/site-packages/airflow/example_dags/example_sla_dag.py
[2025-04-21T22:39:23.907+0000] {logging_mixin.py:188} INFO - [2025-04-21T22:39:23.907+0000] {dag.py:3096} INFO - Sync 1 DAGs
[2025-04-21T22:39:23.921+0000] {logging_mixin.py:188} INFO - [2025-04-21T22:39:23.921+0000] {dag.py:3954} INFO - Setting next_dagrun for example_sla_dag to 2025-04-21 22:36:00+00:00, run_after=2025-04-21 22:38:00+00:00
[2025-04-21T22:39:23.932+0000] {processor.py:183} INFO - Processing /home/airflow/.local/lib/python3.12/site-packages/airflow/example_dags/example_sla_dag.py took 0.045 seconds
