[2025-04-21T00:38:24.247+0000] {processor.py:161} INFO - Started process (PID=91371) to work on /home/airflow/.local/lib/python3.12/site-packages/airflow/example_dags/example_branch_labels.py
[2025-04-21T00:38:24.247+0000] {processor.py:830} INFO - Processing file /home/airflow/.local/lib/python3.12/site-packages/airflow/example_dags/example_branch_labels.py for tasks to queue
[2025-04-21T00:38:24.249+0000] {logging_mixin.py:188} INFO - [2025-04-21T00:38:24.249+0000] {dagbag.py:545} INFO - Filling up the DagBag from /home/airflow/.local/lib/python3.12/site-packages/airflow/example_dags/example_branch_labels.py
[2025-04-21T00:38:24.253+0000] {processor.py:840} INFO - DAG(s) 'example_branch_labels' retrieved from /home/airflow/.local/lib/python3.12/site-packages/airflow/example_dags/example_branch_labels.py
[2025-04-21T00:38:24.269+0000] {logging_mixin.py:188} INFO - [2025-04-21T00:38:24.269+0000] {dag.py:3096} INFO - Sync 1 DAGs
[2025-04-21T00:38:24.282+0000] {logging_mixin.py:188} INFO - [2025-04-21T00:38:24.282+0000] {dag.py:3954} INFO - Setting next_dagrun for example_branch_labels to 2025-04-20 00:00:00+00:00, run_after=2025-04-21 00:00:00+00:00
[2025-04-21T00:38:24.293+0000] {processor.py:183} INFO - Processing /home/airflow/.local/lib/python3.12/site-packages/airflow/example_dags/example_branch_labels.py took 0.049 seconds
[2025-04-21T01:37:14.389+0000] {processor.py:161} INFO - Started process (PID=91431) to work on /home/airflow/.local/lib/python3.12/site-packages/airflow/example_dags/example_branch_labels.py
[2025-04-21T01:37:14.390+0000] {processor.py:830} INFO - Processing file /home/airflow/.local/lib/python3.12/site-packages/airflow/example_dags/example_branch_labels.py for tasks to queue
[2025-04-21T01:37:14.391+0000] {logging_mixin.py:188} INFO - [2025-04-21T01:37:14.391+0000] {dagbag.py:545} INFO - Filling up the DagBag from /home/airflow/.local/lib/python3.12/site-packages/airflow/example_dags/example_branch_labels.py
[2025-04-21T01:37:14.395+0000] {processor.py:840} INFO - DAG(s) 'example_branch_labels' retrieved from /home/airflow/.local/lib/python3.12/site-packages/airflow/example_dags/example_branch_labels.py
[2025-04-21T01:37:14.408+0000] {logging_mixin.py:188} INFO - [2025-04-21T01:37:14.408+0000] {dag.py:3096} INFO - Sync 1 DAGs
[2025-04-21T01:37:14.420+0000] {logging_mixin.py:188} INFO - [2025-04-21T01:37:14.420+0000] {dag.py:3954} INFO - Setting next_dagrun for example_branch_labels to 2025-04-20 00:00:00+00:00, run_after=2025-04-21 00:00:00+00:00
[2025-04-21T01:37:14.429+0000] {processor.py:183} INFO - Processing /home/airflow/.local/lib/python3.12/site-packages/airflow/example_dags/example_branch_labels.py took 0.042 seconds
[2025-04-21T01:37:44.734+0000] {processor.py:161} INFO - Started process (PID=91490) to work on /home/airflow/.local/lib/python3.12/site-packages/airflow/example_dags/example_branch_labels.py
[2025-04-21T01:37:44.735+0000] {processor.py:830} INFO - Processing file /home/airflow/.local/lib/python3.12/site-packages/airflow/example_dags/example_branch_labels.py for tasks to queue
[2025-04-21T01:37:44.736+0000] {logging_mixin.py:188} INFO - [2025-04-21T01:37:44.735+0000] {dagbag.py:545} INFO - Filling up the DagBag from /home/airflow/.local/lib/python3.12/site-packages/airflow/example_dags/example_branch_labels.py
[2025-04-21T01:37:44.739+0000] {processor.py:840} INFO - DAG(s) 'example_branch_labels' retrieved from /home/airflow/.local/lib/python3.12/site-packages/airflow/example_dags/example_branch_labels.py
[2025-04-21T01:37:44.749+0000] {logging_mixin.py:188} INFO - [2025-04-21T01:37:44.749+0000] {dag.py:3096} INFO - Sync 1 DAGs
[2025-04-21T01:37:44.758+0000] {logging_mixin.py:188} INFO - [2025-04-21T01:37:44.758+0000] {dag.py:3954} INFO - Setting next_dagrun for example_branch_labels to 2025-04-20 00:00:00+00:00, run_after=2025-04-21 00:00:00+00:00
[2025-04-21T01:37:44.765+0000] {processor.py:183} INFO - Processing /home/airflow/.local/lib/python3.12/site-packages/airflow/example_dags/example_branch_labels.py took 0.034 seconds
[2025-04-21T02:58:43.833+0000] {processor.py:161} INFO - Started process (PID=91550) to work on /home/airflow/.local/lib/python3.12/site-packages/airflow/example_dags/example_branch_labels.py
[2025-04-21T02:58:43.835+0000] {processor.py:830} INFO - Processing file /home/airflow/.local/lib/python3.12/site-packages/airflow/example_dags/example_branch_labels.py for tasks to queue
[2025-04-21T02:58:43.836+0000] {logging_mixin.py:188} INFO - [2025-04-21T02:58:43.836+0000] {dagbag.py:545} INFO - Filling up the DagBag from /home/airflow/.local/lib/python3.12/site-packages/airflow/example_dags/example_branch_labels.py
[2025-04-21T02:58:43.841+0000] {processor.py:840} INFO - DAG(s) 'example_branch_labels' retrieved from /home/airflow/.local/lib/python3.12/site-packages/airflow/example_dags/example_branch_labels.py
[2025-04-21T02:58:43.855+0000] {logging_mixin.py:188} INFO - [2025-04-21T02:58:43.855+0000] {dag.py:3096} INFO - Sync 1 DAGs
[2025-04-21T02:58:43.868+0000] {logging_mixin.py:188} INFO - [2025-04-21T02:58:43.868+0000] {dag.py:3954} INFO - Setting next_dagrun for example_branch_labels to 2025-04-20 00:00:00+00:00, run_after=2025-04-21 00:00:00+00:00
[2025-04-21T02:58:43.880+0000] {processor.py:183} INFO - Processing /home/airflow/.local/lib/python3.12/site-packages/airflow/example_dags/example_branch_labels.py took 0.051 seconds
[2025-04-21T04:23:09.903+0000] {processor.py:161} INFO - Started process (PID=91610) to work on /home/airflow/.local/lib/python3.12/site-packages/airflow/example_dags/example_branch_labels.py
[2025-04-21T04:23:09.904+0000] {processor.py:830} INFO - Processing file /home/airflow/.local/lib/python3.12/site-packages/airflow/example_dags/example_branch_labels.py for tasks to queue
[2025-04-21T04:23:09.906+0000] {logging_mixin.py:188} INFO - [2025-04-21T04:23:09.906+0000] {dagbag.py:545} INFO - Filling up the DagBag from /home/airflow/.local/lib/python3.12/site-packages/airflow/example_dags/example_branch_labels.py
[2025-04-21T04:23:09.910+0000] {processor.py:840} INFO - DAG(s) 'example_branch_labels' retrieved from /home/airflow/.local/lib/python3.12/site-packages/airflow/example_dags/example_branch_labels.py
[2025-04-21T04:23:09.924+0000] {logging_mixin.py:188} INFO - [2025-04-21T04:23:09.924+0000] {dag.py:3096} INFO - Sync 1 DAGs
[2025-04-21T04:23:09.937+0000] {logging_mixin.py:188} INFO - [2025-04-21T04:23:09.937+0000] {dag.py:3954} INFO - Setting next_dagrun for example_branch_labels to 2025-04-20 00:00:00+00:00, run_after=2025-04-21 00:00:00+00:00
[2025-04-21T04:23:09.951+0000] {processor.py:183} INFO - Processing /home/airflow/.local/lib/python3.12/site-packages/airflow/example_dags/example_branch_labels.py took 0.051 seconds
[2025-04-21T04:23:40.412+0000] {processor.py:161} INFO - Started process (PID=91670) to work on /home/airflow/.local/lib/python3.12/site-packages/airflow/example_dags/example_branch_labels.py
[2025-04-21T04:23:40.412+0000] {processor.py:830} INFO - Processing file /home/airflow/.local/lib/python3.12/site-packages/airflow/example_dags/example_branch_labels.py for tasks to queue
[2025-04-21T04:23:40.413+0000] {logging_mixin.py:188} INFO - [2025-04-21T04:23:40.413+0000] {dagbag.py:545} INFO - Filling up the DagBag from /home/airflow/.local/lib/python3.12/site-packages/airflow/example_dags/example_branch_labels.py
[2025-04-21T04:23:40.418+0000] {processor.py:840} INFO - DAG(s) 'example_branch_labels' retrieved from /home/airflow/.local/lib/python3.12/site-packages/airflow/example_dags/example_branch_labels.py
[2025-04-21T04:23:40.432+0000] {logging_mixin.py:188} INFO - [2025-04-21T04:23:40.432+0000] {dag.py:3096} INFO - Sync 1 DAGs
[2025-04-21T04:23:40.443+0000] {logging_mixin.py:188} INFO - [2025-04-21T04:23:40.442+0000] {dag.py:3954} INFO - Setting next_dagrun for example_branch_labels to 2025-04-20 00:00:00+00:00, run_after=2025-04-21 00:00:00+00:00
[2025-04-21T04:23:40.451+0000] {processor.py:183} INFO - Processing /home/airflow/.local/lib/python3.12/site-packages/airflow/example_dags/example_branch_labels.py took 0.042 seconds
[2025-04-21T04:28:53.070+0000] {processor.py:161} INFO - Started process (PID=91730) to work on /home/airflow/.local/lib/python3.12/site-packages/airflow/example_dags/example_branch_labels.py
[2025-04-21T04:28:53.071+0000] {processor.py:830} INFO - Processing file /home/airflow/.local/lib/python3.12/site-packages/airflow/example_dags/example_branch_labels.py for tasks to queue
[2025-04-21T04:28:53.073+0000] {logging_mixin.py:188} INFO - [2025-04-21T04:28:53.072+0000] {dagbag.py:545} INFO - Filling up the DagBag from /home/airflow/.local/lib/python3.12/site-packages/airflow/example_dags/example_branch_labels.py
[2025-04-21T04:28:53.076+0000] {processor.py:840} INFO - DAG(s) 'example_branch_labels' retrieved from /home/airflow/.local/lib/python3.12/site-packages/airflow/example_dags/example_branch_labels.py
[2025-04-21T04:28:53.087+0000] {logging_mixin.py:188} INFO - [2025-04-21T04:28:53.087+0000] {dag.py:3096} INFO - Sync 1 DAGs
[2025-04-21T04:28:53.102+0000] {logging_mixin.py:188} INFO - [2025-04-21T04:28:53.102+0000] {dag.py:3954} INFO - Setting next_dagrun for example_branch_labels to 2025-04-20 00:00:00+00:00, run_after=2025-04-21 00:00:00+00:00
[2025-04-21T04:28:53.116+0000] {processor.py:183} INFO - Processing /home/airflow/.local/lib/python3.12/site-packages/airflow/example_dags/example_branch_labels.py took 0.049 seconds
[2025-04-21T04:29:23.761+0000] {processor.py:161} INFO - Started process (PID=91790) to work on /home/airflow/.local/lib/python3.12/site-packages/airflow/example_dags/example_branch_labels.py
[2025-04-21T04:29:23.761+0000] {processor.py:830} INFO - Processing file /home/airflow/.local/lib/python3.12/site-packages/airflow/example_dags/example_branch_labels.py for tasks to queue
[2025-04-21T04:29:23.762+0000] {logging_mixin.py:188} INFO - [2025-04-21T04:29:23.762+0000] {dagbag.py:545} INFO - Filling up the DagBag from /home/airflow/.local/lib/python3.12/site-packages/airflow/example_dags/example_branch_labels.py
[2025-04-21T04:29:23.766+0000] {processor.py:840} INFO - DAG(s) 'example_branch_labels' retrieved from /home/airflow/.local/lib/python3.12/site-packages/airflow/example_dags/example_branch_labels.py
[2025-04-21T04:29:23.776+0000] {logging_mixin.py:188} INFO - [2025-04-21T04:29:23.775+0000] {dag.py:3096} INFO - Sync 1 DAGs
[2025-04-21T04:29:23.785+0000] {logging_mixin.py:188} INFO - [2025-04-21T04:29:23.785+0000] {dag.py:3954} INFO - Setting next_dagrun for example_branch_labels to 2025-04-20 00:00:00+00:00, run_after=2025-04-21 00:00:00+00:00
[2025-04-21T04:29:23.793+0000] {processor.py:183} INFO - Processing /home/airflow/.local/lib/python3.12/site-packages/airflow/example_dags/example_branch_labels.py took 0.035 seconds
[2025-04-21T04:31:11.231+0000] {processor.py:161} INFO - Started process (PID=91850) to work on /home/airflow/.local/lib/python3.12/site-packages/airflow/example_dags/example_branch_labels.py
[2025-04-21T04:31:11.231+0000] {processor.py:830} INFO - Processing file /home/airflow/.local/lib/python3.12/site-packages/airflow/example_dags/example_branch_labels.py for tasks to queue
[2025-04-21T04:31:11.232+0000] {logging_mixin.py:188} INFO - [2025-04-21T04:31:11.232+0000] {dagbag.py:545} INFO - Filling up the DagBag from /home/airflow/.local/lib/python3.12/site-packages/airflow/example_dags/example_branch_labels.py
[2025-04-21T04:31:11.236+0000] {processor.py:840} INFO - DAG(s) 'example_branch_labels' retrieved from /home/airflow/.local/lib/python3.12/site-packages/airflow/example_dags/example_branch_labels.py
[2025-04-21T04:31:11.245+0000] {logging_mixin.py:188} INFO - [2025-04-21T04:31:11.245+0000] {dag.py:3096} INFO - Sync 1 DAGs
[2025-04-21T04:31:11.254+0000] {logging_mixin.py:188} INFO - [2025-04-21T04:31:11.254+0000] {dag.py:3954} INFO - Setting next_dagrun for example_branch_labels to 2025-04-20 00:00:00+00:00, run_after=2025-04-21 00:00:00+00:00
[2025-04-21T04:31:11.262+0000] {processor.py:183} INFO - Processing /home/airflow/.local/lib/python3.12/site-packages/airflow/example_dags/example_branch_labels.py took 0.034 seconds
[2025-04-21T04:36:24.363+0000] {processor.py:161} INFO - Started process (PID=91910) to work on /home/airflow/.local/lib/python3.12/site-packages/airflow/example_dags/example_branch_labels.py
[2025-04-21T04:36:24.363+0000] {processor.py:830} INFO - Processing file /home/airflow/.local/lib/python3.12/site-packages/airflow/example_dags/example_branch_labels.py for tasks to queue
[2025-04-21T04:36:24.364+0000] {logging_mixin.py:188} INFO - [2025-04-21T04:36:24.364+0000] {dagbag.py:545} INFO - Filling up the DagBag from /home/airflow/.local/lib/python3.12/site-packages/airflow/example_dags/example_branch_labels.py
[2025-04-21T04:36:24.368+0000] {processor.py:840} INFO - DAG(s) 'example_branch_labels' retrieved from /home/airflow/.local/lib/python3.12/site-packages/airflow/example_dags/example_branch_labels.py
[2025-04-21T04:36:24.379+0000] {logging_mixin.py:188} INFO - [2025-04-21T04:36:24.379+0000] {dag.py:3096} INFO - Sync 1 DAGs
[2025-04-21T04:36:24.390+0000] {logging_mixin.py:188} INFO - [2025-04-21T04:36:24.389+0000] {dag.py:3954} INFO - Setting next_dagrun for example_branch_labels to 2025-04-20 00:00:00+00:00, run_after=2025-04-21 00:00:00+00:00
[2025-04-21T04:36:24.404+0000] {processor.py:183} INFO - Processing /home/airflow/.local/lib/python3.12/site-packages/airflow/example_dags/example_branch_labels.py took 0.045 seconds
[2025-04-21T04:41:37.749+0000] {processor.py:161} INFO - Started process (PID=91970) to work on /home/airflow/.local/lib/python3.12/site-packages/airflow/example_dags/example_branch_labels.py
[2025-04-21T04:41:37.750+0000] {processor.py:830} INFO - Processing file /home/airflow/.local/lib/python3.12/site-packages/airflow/example_dags/example_branch_labels.py for tasks to queue
[2025-04-21T04:41:37.751+0000] {logging_mixin.py:188} INFO - [2025-04-21T04:41:37.751+0000] {dagbag.py:545} INFO - Filling up the DagBag from /home/airflow/.local/lib/python3.12/site-packages/airflow/example_dags/example_branch_labels.py
[2025-04-21T04:41:37.754+0000] {processor.py:840} INFO - DAG(s) 'example_branch_labels' retrieved from /home/airflow/.local/lib/python3.12/site-packages/airflow/example_dags/example_branch_labels.py
[2025-04-21T04:41:37.765+0000] {logging_mixin.py:188} INFO - [2025-04-21T04:41:37.765+0000] {dag.py:3096} INFO - Sync 1 DAGs
[2025-04-21T04:41:37.775+0000] {logging_mixin.py:188} INFO - [2025-04-21T04:41:37.775+0000] {dag.py:3954} INFO - Setting next_dagrun for example_branch_labels to 2025-04-20 00:00:00+00:00, run_after=2025-04-21 00:00:00+00:00
[2025-04-21T04:41:37.785+0000] {processor.py:183} INFO - Processing /home/airflow/.local/lib/python3.12/site-packages/airflow/example_dags/example_branch_labels.py took 0.039 seconds
[2025-04-21T04:46:50.658+0000] {processor.py:161} INFO - Started process (PID=92030) to work on /home/airflow/.local/lib/python3.12/site-packages/airflow/example_dags/example_branch_labels.py
[2025-04-21T04:46:50.658+0000] {processor.py:830} INFO - Processing file /home/airflow/.local/lib/python3.12/site-packages/airflow/example_dags/example_branch_labels.py for tasks to queue
[2025-04-21T04:46:50.659+0000] {logging_mixin.py:188} INFO - [2025-04-21T04:46:50.659+0000] {dagbag.py:545} INFO - Filling up the DagBag from /home/airflow/.local/lib/python3.12/site-packages/airflow/example_dags/example_branch_labels.py
[2025-04-21T04:46:50.663+0000] {processor.py:840} INFO - DAG(s) 'example_branch_labels' retrieved from /home/airflow/.local/lib/python3.12/site-packages/airflow/example_dags/example_branch_labels.py
[2025-04-21T04:46:50.674+0000] {logging_mixin.py:188} INFO - [2025-04-21T04:46:50.674+0000] {dag.py:3096} INFO - Sync 1 DAGs
[2025-04-21T04:46:50.686+0000] {logging_mixin.py:188} INFO - [2025-04-21T04:46:50.686+0000] {dag.py:3954} INFO - Setting next_dagrun for example_branch_labels to 2025-04-20 00:00:00+00:00, run_after=2025-04-21 00:00:00+00:00
[2025-04-21T04:46:50.700+0000] {processor.py:183} INFO - Processing /home/airflow/.local/lib/python3.12/site-packages/airflow/example_dags/example_branch_labels.py took 0.045 seconds
[2025-04-21T04:47:21.026+0000] {processor.py:161} INFO - Started process (PID=92090) to work on /home/airflow/.local/lib/python3.12/site-packages/airflow/example_dags/example_branch_labels.py
[2025-04-21T04:47:21.027+0000] {processor.py:830} INFO - Processing file /home/airflow/.local/lib/python3.12/site-packages/airflow/example_dags/example_branch_labels.py for tasks to queue
[2025-04-21T04:47:21.028+0000] {logging_mixin.py:188} INFO - [2025-04-21T04:47:21.028+0000] {dagbag.py:545} INFO - Filling up the DagBag from /home/airflow/.local/lib/python3.12/site-packages/airflow/example_dags/example_branch_labels.py
[2025-04-21T04:47:21.032+0000] {processor.py:840} INFO - DAG(s) 'example_branch_labels' retrieved from /home/airflow/.local/lib/python3.12/site-packages/airflow/example_dags/example_branch_labels.py
[2025-04-21T04:47:21.053+0000] {logging_mixin.py:188} INFO - [2025-04-21T04:47:21.053+0000] {dag.py:3096} INFO - Sync 1 DAGs
[2025-04-21T04:47:21.064+0000] {logging_mixin.py:188} INFO - [2025-04-21T04:47:21.064+0000] {dag.py:3954} INFO - Setting next_dagrun for example_branch_labels to 2025-04-20 00:00:00+00:00, run_after=2025-04-21 00:00:00+00:00
[2025-04-21T04:47:21.072+0000] {processor.py:183} INFO - Processing /home/airflow/.local/lib/python3.12/site-packages/airflow/example_dags/example_branch_labels.py took 0.049 seconds
[2025-04-21T04:52:33.870+0000] {processor.py:161} INFO - Started process (PID=92150) to work on /home/airflow/.local/lib/python3.12/site-packages/airflow/example_dags/example_branch_labels.py
[2025-04-21T04:52:33.871+0000] {processor.py:830} INFO - Processing file /home/airflow/.local/lib/python3.12/site-packages/airflow/example_dags/example_branch_labels.py for tasks to queue
[2025-04-21T04:52:33.872+0000] {logging_mixin.py:188} INFO - [2025-04-21T04:52:33.872+0000] {dagbag.py:545} INFO - Filling up the DagBag from /home/airflow/.local/lib/python3.12/site-packages/airflow/example_dags/example_branch_labels.py
[2025-04-21T04:52:33.875+0000] {processor.py:840} INFO - DAG(s) 'example_branch_labels' retrieved from /home/airflow/.local/lib/python3.12/site-packages/airflow/example_dags/example_branch_labels.py
[2025-04-21T04:52:33.888+0000] {logging_mixin.py:188} INFO - [2025-04-21T04:52:33.888+0000] {dag.py:3096} INFO - Sync 1 DAGs
[2025-04-21T04:52:33.899+0000] {logging_mixin.py:188} INFO - [2025-04-21T04:52:33.898+0000] {dag.py:3954} INFO - Setting next_dagrun for example_branch_labels to 2025-04-20 00:00:00+00:00, run_after=2025-04-21 00:00:00+00:00
[2025-04-21T04:52:33.910+0000] {processor.py:183} INFO - Processing /home/airflow/.local/lib/python3.12/site-packages/airflow/example_dags/example_branch_labels.py took 0.042 seconds
[2025-04-21T05:15:37.380+0000] {processor.py:161} INFO - Started process (PID=92210) to work on /home/airflow/.local/lib/python3.12/site-packages/airflow/example_dags/example_branch_labels.py
[2025-04-21T05:15:37.382+0000] {processor.py:830} INFO - Processing file /home/airflow/.local/lib/python3.12/site-packages/airflow/example_dags/example_branch_labels.py for tasks to queue
[2025-04-21T05:15:37.383+0000] {logging_mixin.py:188} INFO - [2025-04-21T05:15:37.383+0000] {dagbag.py:545} INFO - Filling up the DagBag from /home/airflow/.local/lib/python3.12/site-packages/airflow/example_dags/example_branch_labels.py
[2025-04-21T05:15:37.387+0000] {processor.py:840} INFO - DAG(s) 'example_branch_labels' retrieved from /home/airflow/.local/lib/python3.12/site-packages/airflow/example_dags/example_branch_labels.py
[2025-04-21T05:15:37.397+0000] {logging_mixin.py:188} INFO - [2025-04-21T05:15:37.397+0000] {dag.py:3096} INFO - Sync 1 DAGs
[2025-04-21T05:15:37.408+0000] {logging_mixin.py:188} INFO - [2025-04-21T05:15:37.408+0000] {dag.py:3954} INFO - Setting next_dagrun for example_branch_labels to 2025-04-20 00:00:00+00:00, run_after=2025-04-21 00:00:00+00:00
[2025-04-21T05:15:37.422+0000] {processor.py:183} INFO - Processing /home/airflow/.local/lib/python3.12/site-packages/airflow/example_dags/example_branch_labels.py took 0.045 seconds
[2025-04-21T05:20:51.000+0000] {processor.py:161} INFO - Started process (PID=92270) to work on /home/airflow/.local/lib/python3.12/site-packages/airflow/example_dags/example_branch_labels.py
[2025-04-21T05:20:51.002+0000] {processor.py:830} INFO - Processing file /home/airflow/.local/lib/python3.12/site-packages/airflow/example_dags/example_branch_labels.py for tasks to queue
[2025-04-21T05:20:51.004+0000] {logging_mixin.py:188} INFO - [2025-04-21T05:20:51.004+0000] {dagbag.py:545} INFO - Filling up the DagBag from /home/airflow/.local/lib/python3.12/site-packages/airflow/example_dags/example_branch_labels.py
[2025-04-21T05:20:51.012+0000] {processor.py:840} INFO - DAG(s) 'example_branch_labels' retrieved from /home/airflow/.local/lib/python3.12/site-packages/airflow/example_dags/example_branch_labels.py
[2025-04-21T05:20:51.030+0000] {logging_mixin.py:188} INFO - [2025-04-21T05:20:51.030+0000] {dag.py:3096} INFO - Sync 1 DAGs
[2025-04-21T05:20:51.051+0000] {logging_mixin.py:188} INFO - [2025-04-21T05:20:51.051+0000] {dag.py:3954} INFO - Setting next_dagrun for example_branch_labels to 2025-04-20 00:00:00+00:00, run_after=2025-04-21 00:00:00+00:00
[2025-04-21T05:20:51.061+0000] {processor.py:183} INFO - Processing /home/airflow/.local/lib/python3.12/site-packages/airflow/example_dags/example_branch_labels.py took 0.065 seconds
[2025-04-21T05:26:03.492+0000] {processor.py:161} INFO - Started process (PID=92330) to work on /home/airflow/.local/lib/python3.12/site-packages/airflow/example_dags/example_branch_labels.py
[2025-04-21T05:26:03.493+0000] {processor.py:830} INFO - Processing file /home/airflow/.local/lib/python3.12/site-packages/airflow/example_dags/example_branch_labels.py for tasks to queue
[2025-04-21T05:26:03.494+0000] {logging_mixin.py:188} INFO - [2025-04-21T05:26:03.493+0000] {dagbag.py:545} INFO - Filling up the DagBag from /home/airflow/.local/lib/python3.12/site-packages/airflow/example_dags/example_branch_labels.py
[2025-04-21T05:26:03.497+0000] {processor.py:840} INFO - DAG(s) 'example_branch_labels' retrieved from /home/airflow/.local/lib/python3.12/site-packages/airflow/example_dags/example_branch_labels.py
[2025-04-21T05:26:03.508+0000] {logging_mixin.py:188} INFO - [2025-04-21T05:26:03.508+0000] {dag.py:3096} INFO - Sync 1 DAGs
[2025-04-21T05:26:03.517+0000] {logging_mixin.py:188} INFO - [2025-04-21T05:26:03.517+0000] {dag.py:3954} INFO - Setting next_dagrun for example_branch_labels to 2025-04-20 00:00:00+00:00, run_after=2025-04-21 00:00:00+00:00
[2025-04-21T05:26:03.527+0000] {processor.py:183} INFO - Processing /home/airflow/.local/lib/python3.12/site-packages/airflow/example_dags/example_branch_labels.py took 0.038 seconds
[2025-04-21T05:59:58.035+0000] {processor.py:161} INFO - Started process (PID=92390) to work on /home/airflow/.local/lib/python3.12/site-packages/airflow/example_dags/example_branch_labels.py
[2025-04-21T05:59:58.035+0000] {processor.py:830} INFO - Processing file /home/airflow/.local/lib/python3.12/site-packages/airflow/example_dags/example_branch_labels.py for tasks to queue
[2025-04-21T05:59:58.037+0000] {logging_mixin.py:188} INFO - [2025-04-21T05:59:58.036+0000] {dagbag.py:545} INFO - Filling up the DagBag from /home/airflow/.local/lib/python3.12/site-packages/airflow/example_dags/example_branch_labels.py
[2025-04-21T05:59:58.041+0000] {processor.py:840} INFO - DAG(s) 'example_branch_labels' retrieved from /home/airflow/.local/lib/python3.12/site-packages/airflow/example_dags/example_branch_labels.py
[2025-04-21T05:59:58.053+0000] {logging_mixin.py:188} INFO - [2025-04-21T05:59:58.053+0000] {dag.py:3096} INFO - Sync 1 DAGs
[2025-04-21T05:59:58.065+0000] {logging_mixin.py:188} INFO - [2025-04-21T05:59:58.064+0000] {dag.py:3954} INFO - Setting next_dagrun for example_branch_labels to 2025-04-20 00:00:00+00:00, run_after=2025-04-21 00:00:00+00:00
[2025-04-21T05:59:58.077+0000] {processor.py:183} INFO - Processing /home/airflow/.local/lib/python3.12/site-packages/airflow/example_dags/example_branch_labels.py took 0.045 seconds
[2025-04-21T07:21:16.669+0000] {processor.py:161} INFO - Started process (PID=92450) to work on /home/airflow/.local/lib/python3.12/site-packages/airflow/example_dags/example_branch_labels.py
[2025-04-21T07:21:16.670+0000] {processor.py:830} INFO - Processing file /home/airflow/.local/lib/python3.12/site-packages/airflow/example_dags/example_branch_labels.py for tasks to queue
[2025-04-21T07:21:16.671+0000] {logging_mixin.py:188} INFO - [2025-04-21T07:21:16.671+0000] {dagbag.py:545} INFO - Filling up the DagBag from /home/airflow/.local/lib/python3.12/site-packages/airflow/example_dags/example_branch_labels.py
[2025-04-21T07:21:16.675+0000] {processor.py:840} INFO - DAG(s) 'example_branch_labels' retrieved from /home/airflow/.local/lib/python3.12/site-packages/airflow/example_dags/example_branch_labels.py
[2025-04-21T07:21:16.684+0000] {logging_mixin.py:188} INFO - [2025-04-21T07:21:16.684+0000] {dag.py:3096} INFO - Sync 1 DAGs
[2025-04-21T07:21:16.695+0000] {logging_mixin.py:188} INFO - [2025-04-21T07:21:16.695+0000] {dag.py:3954} INFO - Setting next_dagrun for example_branch_labels to 2025-04-20 00:00:00+00:00, run_after=2025-04-21 00:00:00+00:00
[2025-04-21T07:21:16.706+0000] {processor.py:183} INFO - Processing /home/airflow/.local/lib/python3.12/site-packages/airflow/example_dags/example_branch_labels.py took 0.039 seconds
[2025-04-21T09:02:20.984+0000] {processor.py:161} INFO - Started process (PID=92510) to work on /home/airflow/.local/lib/python3.12/site-packages/airflow/example_dags/example_branch_labels.py
[2025-04-21T09:02:20.985+0000] {processor.py:830} INFO - Processing file /home/airflow/.local/lib/python3.12/site-packages/airflow/example_dags/example_branch_labels.py for tasks to queue
[2025-04-21T09:02:20.986+0000] {logging_mixin.py:188} INFO - [2025-04-21T09:02:20.986+0000] {dagbag.py:545} INFO - Filling up the DagBag from /home/airflow/.local/lib/python3.12/site-packages/airflow/example_dags/example_branch_labels.py
[2025-04-21T09:02:20.990+0000] {processor.py:840} INFO - DAG(s) 'example_branch_labels' retrieved from /home/airflow/.local/lib/python3.12/site-packages/airflow/example_dags/example_branch_labels.py
[2025-04-21T09:02:21.000+0000] {logging_mixin.py:188} INFO - [2025-04-21T09:02:21.000+0000] {dag.py:3096} INFO - Sync 1 DAGs
[2025-04-21T09:02:21.010+0000] {logging_mixin.py:188} INFO - [2025-04-21T09:02:21.010+0000] {dag.py:3954} INFO - Setting next_dagrun for example_branch_labels to 2025-04-20 00:00:00+00:00, run_after=2025-04-21 00:00:00+00:00
[2025-04-21T09:02:21.018+0000] {processor.py:183} INFO - Processing /home/airflow/.local/lib/python3.12/site-packages/airflow/example_dags/example_branch_labels.py took 0.037 seconds
[2025-04-21T10:25:30.225+0000] {processor.py:161} INFO - Started process (PID=92570) to work on /home/airflow/.local/lib/python3.12/site-packages/airflow/example_dags/example_branch_labels.py
[2025-04-21T10:25:30.229+0000] {processor.py:830} INFO - Processing file /home/airflow/.local/lib/python3.12/site-packages/airflow/example_dags/example_branch_labels.py for tasks to queue
[2025-04-21T10:25:30.231+0000] {logging_mixin.py:188} INFO - [2025-04-21T10:25:30.231+0000] {dagbag.py:545} INFO - Filling up the DagBag from /home/airflow/.local/lib/python3.12/site-packages/airflow/example_dags/example_branch_labels.py
[2025-04-21T10:25:30.236+0000] {processor.py:840} INFO - DAG(s) 'example_branch_labels' retrieved from /home/airflow/.local/lib/python3.12/site-packages/airflow/example_dags/example_branch_labels.py
[2025-04-21T10:25:30.250+0000] {logging_mixin.py:188} INFO - [2025-04-21T10:25:30.250+0000] {dag.py:3096} INFO - Sync 1 DAGs
[2025-04-21T10:25:30.263+0000] {logging_mixin.py:188} INFO - [2025-04-21T10:25:30.263+0000] {dag.py:3954} INFO - Setting next_dagrun for example_branch_labels to 2025-04-20 00:00:00+00:00, run_after=2025-04-21 00:00:00+00:00
[2025-04-21T10:25:30.272+0000] {processor.py:183} INFO - Processing /home/airflow/.local/lib/python3.12/site-packages/airflow/example_dags/example_branch_labels.py took 0.050 seconds
[2025-04-21T12:02:27.736+0000] {processor.py:161} INFO - Started process (PID=92630) to work on /home/airflow/.local/lib/python3.12/site-packages/airflow/example_dags/example_branch_labels.py
[2025-04-21T12:02:27.736+0000] {processor.py:830} INFO - Processing file /home/airflow/.local/lib/python3.12/site-packages/airflow/example_dags/example_branch_labels.py for tasks to queue
[2025-04-21T12:02:27.739+0000] {logging_mixin.py:188} INFO - [2025-04-21T12:02:27.738+0000] {dagbag.py:545} INFO - Filling up the DagBag from /home/airflow/.local/lib/python3.12/site-packages/airflow/example_dags/example_branch_labels.py
[2025-04-21T12:02:27.744+0000] {processor.py:840} INFO - DAG(s) 'example_branch_labels' retrieved from /home/airflow/.local/lib/python3.12/site-packages/airflow/example_dags/example_branch_labels.py
[2025-04-21T12:02:27.754+0000] {logging_mixin.py:188} INFO - [2025-04-21T12:02:27.754+0000] {dag.py:3096} INFO - Sync 1 DAGs
[2025-04-21T12:02:27.767+0000] {logging_mixin.py:188} INFO - [2025-04-21T12:02:27.767+0000] {dag.py:3954} INFO - Setting next_dagrun for example_branch_labels to 2025-04-20 00:00:00+00:00, run_after=2025-04-21 00:00:00+00:00
[2025-04-21T12:02:27.778+0000] {processor.py:183} INFO - Processing /home/airflow/.local/lib/python3.12/site-packages/airflow/example_dags/example_branch_labels.py took 0.045 seconds
[2025-04-21T12:02:58.122+0000] {processor.py:161} INFO - Started process (PID=92690) to work on /home/airflow/.local/lib/python3.12/site-packages/airflow/example_dags/example_branch_labels.py
[2025-04-21T12:02:58.123+0000] {processor.py:830} INFO - Processing file /home/airflow/.local/lib/python3.12/site-packages/airflow/example_dags/example_branch_labels.py for tasks to queue
[2025-04-21T12:02:58.124+0000] {logging_mixin.py:188} INFO - [2025-04-21T12:02:58.123+0000] {dagbag.py:545} INFO - Filling up the DagBag from /home/airflow/.local/lib/python3.12/site-packages/airflow/example_dags/example_branch_labels.py
[2025-04-21T12:02:58.127+0000] {processor.py:840} INFO - DAG(s) 'example_branch_labels' retrieved from /home/airflow/.local/lib/python3.12/site-packages/airflow/example_dags/example_branch_labels.py
[2025-04-21T12:02:58.136+0000] {logging_mixin.py:188} INFO - [2025-04-21T12:02:58.136+0000] {dag.py:3096} INFO - Sync 1 DAGs
[2025-04-21T12:02:58.146+0000] {logging_mixin.py:188} INFO - [2025-04-21T12:02:58.145+0000] {dag.py:3954} INFO - Setting next_dagrun for example_branch_labels to 2025-04-20 00:00:00+00:00, run_after=2025-04-21 00:00:00+00:00
[2025-04-21T12:02:58.153+0000] {processor.py:183} INFO - Processing /home/airflow/.local/lib/python3.12/site-packages/airflow/example_dags/example_branch_labels.py took 0.033 seconds
[2025-04-21T12:08:10.739+0000] {processor.py:161} INFO - Started process (PID=92750) to work on /home/airflow/.local/lib/python3.12/site-packages/airflow/example_dags/example_branch_labels.py
[2025-04-21T12:08:10.741+0000] {processor.py:830} INFO - Processing file /home/airflow/.local/lib/python3.12/site-packages/airflow/example_dags/example_branch_labels.py for tasks to queue
[2025-04-21T12:08:10.742+0000] {logging_mixin.py:188} INFO - [2025-04-21T12:08:10.742+0000] {dagbag.py:545} INFO - Filling up the DagBag from /home/airflow/.local/lib/python3.12/site-packages/airflow/example_dags/example_branch_labels.py
[2025-04-21T12:08:10.746+0000] {processor.py:840} INFO - DAG(s) 'example_branch_labels' retrieved from /home/airflow/.local/lib/python3.12/site-packages/airflow/example_dags/example_branch_labels.py
[2025-04-21T12:08:10.756+0000] {logging_mixin.py:188} INFO - [2025-04-21T12:08:10.756+0000] {dag.py:3096} INFO - Sync 1 DAGs
[2025-04-21T12:08:10.766+0000] {logging_mixin.py:188} INFO - [2025-04-21T12:08:10.766+0000] {dag.py:3954} INFO - Setting next_dagrun for example_branch_labels to 2025-04-20 00:00:00+00:00, run_after=2025-04-21 00:00:00+00:00
[2025-04-21T12:08:10.777+0000] {processor.py:183} INFO - Processing /home/airflow/.local/lib/python3.12/site-packages/airflow/example_dags/example_branch_labels.py took 0.041 seconds
[2025-04-21T12:09:05.679+0000] {processor.py:161} INFO - Started process (PID=92810) to work on /home/airflow/.local/lib/python3.12/site-packages/airflow/example_dags/example_branch_labels.py
[2025-04-21T12:09:05.680+0000] {processor.py:830} INFO - Processing file /home/airflow/.local/lib/python3.12/site-packages/airflow/example_dags/example_branch_labels.py for tasks to queue
[2025-04-21T12:09:05.682+0000] {logging_mixin.py:188} INFO - [2025-04-21T12:09:05.682+0000] {dagbag.py:545} INFO - Filling up the DagBag from /home/airflow/.local/lib/python3.12/site-packages/airflow/example_dags/example_branch_labels.py
[2025-04-21T12:09:05.687+0000] {processor.py:840} INFO - DAG(s) 'example_branch_labels' retrieved from /home/airflow/.local/lib/python3.12/site-packages/airflow/example_dags/example_branch_labels.py
[2025-04-21T12:09:05.702+0000] {logging_mixin.py:188} INFO - [2025-04-21T12:09:05.701+0000] {dag.py:3096} INFO - Sync 1 DAGs
[2025-04-21T12:09:05.716+0000] {logging_mixin.py:188} INFO - [2025-04-21T12:09:05.716+0000] {dag.py:3954} INFO - Setting next_dagrun for example_branch_labels to 2025-04-20 00:00:00+00:00, run_after=2025-04-21 00:00:00+00:00
[2025-04-21T12:09:05.728+0000] {processor.py:183} INFO - Processing /home/airflow/.local/lib/python3.12/site-packages/airflow/example_dags/example_branch_labels.py took 0.053 seconds
[2025-04-21T12:14:18.608+0000] {processor.py:161} INFO - Started process (PID=92870) to work on /home/airflow/.local/lib/python3.12/site-packages/airflow/example_dags/example_branch_labels.py
[2025-04-21T12:14:18.609+0000] {processor.py:830} INFO - Processing file /home/airflow/.local/lib/python3.12/site-packages/airflow/example_dags/example_branch_labels.py for tasks to queue
[2025-04-21T12:14:18.610+0000] {logging_mixin.py:188} INFO - [2025-04-21T12:14:18.609+0000] {dagbag.py:545} INFO - Filling up the DagBag from /home/airflow/.local/lib/python3.12/site-packages/airflow/example_dags/example_branch_labels.py
[2025-04-21T12:14:18.613+0000] {processor.py:840} INFO - DAG(s) 'example_branch_labels' retrieved from /home/airflow/.local/lib/python3.12/site-packages/airflow/example_dags/example_branch_labels.py
[2025-04-21T12:14:18.624+0000] {logging_mixin.py:188} INFO - [2025-04-21T12:14:18.623+0000] {dag.py:3096} INFO - Sync 1 DAGs
[2025-04-21T12:14:18.635+0000] {logging_mixin.py:188} INFO - [2025-04-21T12:14:18.635+0000] {dag.py:3954} INFO - Setting next_dagrun for example_branch_labels to 2025-04-20 00:00:00+00:00, run_after=2025-04-21 00:00:00+00:00
[2025-04-21T12:14:18.652+0000] {processor.py:183} INFO - Processing /home/airflow/.local/lib/python3.12/site-packages/airflow/example_dags/example_branch_labels.py took 0.047 seconds
[2025-04-21T12:19:32.117+0000] {processor.py:161} INFO - Started process (PID=92930) to work on /home/airflow/.local/lib/python3.12/site-packages/airflow/example_dags/example_branch_labels.py
[2025-04-21T12:19:32.117+0000] {processor.py:830} INFO - Processing file /home/airflow/.local/lib/python3.12/site-packages/airflow/example_dags/example_branch_labels.py for tasks to queue
[2025-04-21T12:19:32.118+0000] {logging_mixin.py:188} INFO - [2025-04-21T12:19:32.118+0000] {dagbag.py:545} INFO - Filling up the DagBag from /home/airflow/.local/lib/python3.12/site-packages/airflow/example_dags/example_branch_labels.py
[2025-04-21T12:19:32.122+0000] {processor.py:840} INFO - DAG(s) 'example_branch_labels' retrieved from /home/airflow/.local/lib/python3.12/site-packages/airflow/example_dags/example_branch_labels.py
[2025-04-21T12:19:32.135+0000] {logging_mixin.py:188} INFO - [2025-04-21T12:19:32.134+0000] {dag.py:3096} INFO - Sync 1 DAGs
[2025-04-21T12:19:32.145+0000] {logging_mixin.py:188} INFO - [2025-04-21T12:19:32.145+0000] {dag.py:3954} INFO - Setting next_dagrun for example_branch_labels to 2025-04-20 00:00:00+00:00, run_after=2025-04-21 00:00:00+00:00
[2025-04-21T12:19:32.153+0000] {processor.py:183} INFO - Processing /home/airflow/.local/lib/python3.12/site-packages/airflow/example_dags/example_branch_labels.py took 0.039 seconds
[2025-04-21T12:24:44.685+0000] {processor.py:161} INFO - Started process (PID=92990) to work on /home/airflow/.local/lib/python3.12/site-packages/airflow/example_dags/example_branch_labels.py
[2025-04-21T12:24:44.687+0000] {processor.py:830} INFO - Processing file /home/airflow/.local/lib/python3.12/site-packages/airflow/example_dags/example_branch_labels.py for tasks to queue
[2025-04-21T12:24:44.688+0000] {logging_mixin.py:188} INFO - [2025-04-21T12:24:44.688+0000] {dagbag.py:545} INFO - Filling up the DagBag from /home/airflow/.local/lib/python3.12/site-packages/airflow/example_dags/example_branch_labels.py
[2025-04-21T12:24:44.694+0000] {processor.py:840} INFO - DAG(s) 'example_branch_labels' retrieved from /home/airflow/.local/lib/python3.12/site-packages/airflow/example_dags/example_branch_labels.py
[2025-04-21T12:24:44.706+0000] {logging_mixin.py:188} INFO - [2025-04-21T12:24:44.706+0000] {dag.py:3096} INFO - Sync 1 DAGs
[2025-04-21T12:24:44.716+0000] {logging_mixin.py:188} INFO - [2025-04-21T12:24:44.716+0000] {dag.py:3954} INFO - Setting next_dagrun for example_branch_labels to 2025-04-20 00:00:00+00:00, run_after=2025-04-21 00:00:00+00:00
[2025-04-21T12:24:44.728+0000] {processor.py:183} INFO - Processing /home/airflow/.local/lib/python3.12/site-packages/airflow/example_dags/example_branch_labels.py took 0.048 seconds
[2025-04-21T12:56:59.759+0000] {processor.py:161} INFO - Started process (PID=93050) to work on /home/airflow/.local/lib/python3.12/site-packages/airflow/example_dags/example_branch_labels.py
[2025-04-21T12:56:59.759+0000] {processor.py:830} INFO - Processing file /home/airflow/.local/lib/python3.12/site-packages/airflow/example_dags/example_branch_labels.py for tasks to queue
[2025-04-21T12:56:59.760+0000] {logging_mixin.py:188} INFO - [2025-04-21T12:56:59.760+0000] {dagbag.py:545} INFO - Filling up the DagBag from /home/airflow/.local/lib/python3.12/site-packages/airflow/example_dags/example_branch_labels.py
[2025-04-21T12:56:59.764+0000] {processor.py:840} INFO - DAG(s) 'example_branch_labels' retrieved from /home/airflow/.local/lib/python3.12/site-packages/airflow/example_dags/example_branch_labels.py
[2025-04-21T12:56:59.774+0000] {logging_mixin.py:188} INFO - [2025-04-21T12:56:59.774+0000] {dag.py:3096} INFO - Sync 1 DAGs
[2025-04-21T12:56:59.785+0000] {logging_mixin.py:188} INFO - [2025-04-21T12:56:59.785+0000] {dag.py:3954} INFO - Setting next_dagrun for example_branch_labels to 2025-04-20 00:00:00+00:00, run_after=2025-04-21 00:00:00+00:00
[2025-04-21T12:56:59.797+0000] {processor.py:183} INFO - Processing /home/airflow/.local/lib/python3.12/site-packages/airflow/example_dags/example_branch_labels.py took 0.042 seconds
[2025-04-21T14:21:26.496+0000] {processor.py:161} INFO - Started process (PID=93110) to work on /home/airflow/.local/lib/python3.12/site-packages/airflow/example_dags/example_branch_labels.py
[2025-04-21T14:21:26.497+0000] {processor.py:830} INFO - Processing file /home/airflow/.local/lib/python3.12/site-packages/airflow/example_dags/example_branch_labels.py for tasks to queue
[2025-04-21T14:21:26.499+0000] {logging_mixin.py:188} INFO - [2025-04-21T14:21:26.499+0000] {dagbag.py:545} INFO - Filling up the DagBag from /home/airflow/.local/lib/python3.12/site-packages/airflow/example_dags/example_branch_labels.py
[2025-04-21T14:21:26.502+0000] {processor.py:840} INFO - DAG(s) 'example_branch_labels' retrieved from /home/airflow/.local/lib/python3.12/site-packages/airflow/example_dags/example_branch_labels.py
[2025-04-21T14:21:26.513+0000] {logging_mixin.py:188} INFO - [2025-04-21T14:21:26.513+0000] {dag.py:3096} INFO - Sync 1 DAGs
[2025-04-21T14:21:26.522+0000] {logging_mixin.py:188} INFO - [2025-04-21T14:21:26.522+0000] {dag.py:3954} INFO - Setting next_dagrun for example_branch_labels to 2025-04-20 00:00:00+00:00, run_after=2025-04-21 00:00:00+00:00
[2025-04-21T14:21:26.530+0000] {processor.py:183} INFO - Processing /home/airflow/.local/lib/python3.12/site-packages/airflow/example_dags/example_branch_labels.py took 0.038 seconds
[2025-04-21T16:03:45.021+0000] {processor.py:161} INFO - Started process (PID=93170) to work on /home/airflow/.local/lib/python3.12/site-packages/airflow/example_dags/example_branch_labels.py
[2025-04-21T16:03:45.021+0000] {processor.py:830} INFO - Processing file /home/airflow/.local/lib/python3.12/site-packages/airflow/example_dags/example_branch_labels.py for tasks to queue
[2025-04-21T16:03:45.022+0000] {logging_mixin.py:188} INFO - [2025-04-21T16:03:45.022+0000] {dagbag.py:545} INFO - Filling up the DagBag from /home/airflow/.local/lib/python3.12/site-packages/airflow/example_dags/example_branch_labels.py
[2025-04-21T16:03:45.026+0000] {processor.py:840} INFO - DAG(s) 'example_branch_labels' retrieved from /home/airflow/.local/lib/python3.12/site-packages/airflow/example_dags/example_branch_labels.py
[2025-04-21T16:03:45.037+0000] {logging_mixin.py:188} INFO - [2025-04-21T16:03:45.037+0000] {dag.py:3096} INFO - Sync 1 DAGs
[2025-04-21T16:03:45.050+0000] {logging_mixin.py:188} INFO - [2025-04-21T16:03:45.050+0000] {dag.py:3954} INFO - Setting next_dagrun for example_branch_labels to 2025-04-20 00:00:00+00:00, run_after=2025-04-21 00:00:00+00:00
[2025-04-21T16:03:45.063+0000] {processor.py:183} INFO - Processing /home/airflow/.local/lib/python3.12/site-packages/airflow/example_dags/example_branch_labels.py took 0.046 seconds
[2025-04-21T17:25:31.874+0000] {processor.py:161} INFO - Started process (PID=93230) to work on /home/airflow/.local/lib/python3.12/site-packages/airflow/example_dags/example_branch_labels.py
[2025-04-21T17:25:31.874+0000] {processor.py:830} INFO - Processing file /home/airflow/.local/lib/python3.12/site-packages/airflow/example_dags/example_branch_labels.py for tasks to queue
[2025-04-21T17:25:31.876+0000] {logging_mixin.py:188} INFO - [2025-04-21T17:25:31.875+0000] {dagbag.py:545} INFO - Filling up the DagBag from /home/airflow/.local/lib/python3.12/site-packages/airflow/example_dags/example_branch_labels.py
[2025-04-21T17:25:31.880+0000] {processor.py:840} INFO - DAG(s) 'example_branch_labels' retrieved from /home/airflow/.local/lib/python3.12/site-packages/airflow/example_dags/example_branch_labels.py
[2025-04-21T17:25:31.891+0000] {logging_mixin.py:188} INFO - [2025-04-21T17:25:31.891+0000] {dag.py:3096} INFO - Sync 1 DAGs
[2025-04-21T17:25:31.904+0000] {logging_mixin.py:188} INFO - [2025-04-21T17:25:31.904+0000] {dag.py:3954} INFO - Setting next_dagrun for example_branch_labels to 2025-04-20 00:00:00+00:00, run_after=2025-04-21 00:00:00+00:00
[2025-04-21T17:25:31.918+0000] {processor.py:183} INFO - Processing /home/airflow/.local/lib/python3.12/site-packages/airflow/example_dags/example_branch_labels.py took 0.049 seconds
[2025-04-21T18:31:35.192+0000] {processor.py:161} INFO - Started process (PID=93290) to work on /home/airflow/.local/lib/python3.12/site-packages/airflow/example_dags/example_branch_labels.py
[2025-04-21T18:31:35.195+0000] {processor.py:830} INFO - Processing file /home/airflow/.local/lib/python3.12/site-packages/airflow/example_dags/example_branch_labels.py for tasks to queue
[2025-04-21T18:31:35.196+0000] {logging_mixin.py:188} INFO - [2025-04-21T18:31:35.196+0000] {dagbag.py:545} INFO - Filling up the DagBag from /home/airflow/.local/lib/python3.12/site-packages/airflow/example_dags/example_branch_labels.py
[2025-04-21T18:31:35.200+0000] {processor.py:840} INFO - DAG(s) 'example_branch_labels' retrieved from /home/airflow/.local/lib/python3.12/site-packages/airflow/example_dags/example_branch_labels.py
[2025-04-21T18:31:35.216+0000] {logging_mixin.py:188} INFO - [2025-04-21T18:31:35.216+0000] {dag.py:3096} INFO - Sync 1 DAGs
[2025-04-21T18:31:35.228+0000] {logging_mixin.py:188} INFO - [2025-04-21T18:31:35.228+0000] {dag.py:3954} INFO - Setting next_dagrun for example_branch_labels to 2025-04-20 00:00:00+00:00, run_after=2025-04-21 00:00:00+00:00
[2025-04-21T18:31:35.240+0000] {processor.py:183} INFO - Processing /home/airflow/.local/lib/python3.12/site-packages/airflow/example_dags/example_branch_labels.py took 0.052 seconds
[2025-04-21T18:32:06.006+0000] {processor.py:161} INFO - Started process (PID=93350) to work on /home/airflow/.local/lib/python3.12/site-packages/airflow/example_dags/example_branch_labels.py
[2025-04-21T18:32:06.007+0000] {processor.py:830} INFO - Processing file /home/airflow/.local/lib/python3.12/site-packages/airflow/example_dags/example_branch_labels.py for tasks to queue
[2025-04-21T18:32:06.008+0000] {logging_mixin.py:188} INFO - [2025-04-21T18:32:06.008+0000] {dagbag.py:545} INFO - Filling up the DagBag from /home/airflow/.local/lib/python3.12/site-packages/airflow/example_dags/example_branch_labels.py
[2025-04-21T18:32:06.012+0000] {processor.py:840} INFO - DAG(s) 'example_branch_labels' retrieved from /home/airflow/.local/lib/python3.12/site-packages/airflow/example_dags/example_branch_labels.py
[2025-04-21T18:32:06.030+0000] {logging_mixin.py:188} INFO - [2025-04-21T18:32:06.030+0000] {dag.py:3096} INFO - Sync 1 DAGs
[2025-04-21T18:32:06.040+0000] {logging_mixin.py:188} INFO - [2025-04-21T18:32:06.040+0000] {dag.py:3954} INFO - Setting next_dagrun for example_branch_labels to 2025-04-20 00:00:00+00:00, run_after=2025-04-21 00:00:00+00:00
[2025-04-21T18:32:06.054+0000] {processor.py:183} INFO - Processing /home/airflow/.local/lib/python3.12/site-packages/airflow/example_dags/example_branch_labels.py took 0.050 seconds
[2025-04-21T18:35:57.539+0000] {processor.py:161} INFO - Started process (PID=93410) to work on /home/airflow/.local/lib/python3.12/site-packages/airflow/example_dags/example_branch_labels.py
[2025-04-21T18:35:57.542+0000] {processor.py:830} INFO - Processing file /home/airflow/.local/lib/python3.12/site-packages/airflow/example_dags/example_branch_labels.py for tasks to queue
[2025-04-21T18:35:57.544+0000] {logging_mixin.py:188} INFO - [2025-04-21T18:35:57.544+0000] {dagbag.py:545} INFO - Filling up the DagBag from /home/airflow/.local/lib/python3.12/site-packages/airflow/example_dags/example_branch_labels.py
[2025-04-21T18:35:57.563+0000] {processor.py:840} INFO - DAG(s) 'example_branch_labels' retrieved from /home/airflow/.local/lib/python3.12/site-packages/airflow/example_dags/example_branch_labels.py
[2025-04-21T18:35:57.585+0000] {logging_mixin.py:188} INFO - [2025-04-21T18:35:57.584+0000] {dag.py:3096} INFO - Sync 1 DAGs
[2025-04-21T18:35:57.597+0000] {logging_mixin.py:188} INFO - [2025-04-21T18:35:57.597+0000] {dag.py:3954} INFO - Setting next_dagrun for example_branch_labels to 2025-04-20 00:00:00+00:00, run_after=2025-04-21 00:00:00+00:00
[2025-04-21T18:35:57.608+0000] {processor.py:183} INFO - Processing /home/airflow/.local/lib/python3.12/site-packages/airflow/example_dags/example_branch_labels.py took 0.072 seconds
[2025-04-21T18:41:10.387+0000] {processor.py:161} INFO - Started process (PID=93470) to work on /home/airflow/.local/lib/python3.12/site-packages/airflow/example_dags/example_branch_labels.py
[2025-04-21T18:41:10.390+0000] {processor.py:830} INFO - Processing file /home/airflow/.local/lib/python3.12/site-packages/airflow/example_dags/example_branch_labels.py for tasks to queue
[2025-04-21T18:41:10.391+0000] {logging_mixin.py:188} INFO - [2025-04-21T18:41:10.391+0000] {dagbag.py:545} INFO - Filling up the DagBag from /home/airflow/.local/lib/python3.12/site-packages/airflow/example_dags/example_branch_labels.py
[2025-04-21T18:41:10.395+0000] {processor.py:840} INFO - DAG(s) 'example_branch_labels' retrieved from /home/airflow/.local/lib/python3.12/site-packages/airflow/example_dags/example_branch_labels.py
[2025-04-21T18:41:10.406+0000] {logging_mixin.py:188} INFO - [2025-04-21T18:41:10.406+0000] {dag.py:3096} INFO - Sync 1 DAGs
[2025-04-21T18:41:10.420+0000] {logging_mixin.py:188} INFO - [2025-04-21T18:41:10.420+0000] {dag.py:3954} INFO - Setting next_dagrun for example_branch_labels to 2025-04-20 00:00:00+00:00, run_after=2025-04-21 00:00:00+00:00
[2025-04-21T18:41:10.431+0000] {processor.py:183} INFO - Processing /home/airflow/.local/lib/python3.12/site-packages/airflow/example_dags/example_branch_labels.py took 0.047 seconds
[2025-04-21T18:41:41.189+0000] {processor.py:161} INFO - Started process (PID=93530) to work on /home/airflow/.local/lib/python3.12/site-packages/airflow/example_dags/example_branch_labels.py
[2025-04-21T18:41:41.190+0000] {processor.py:830} INFO - Processing file /home/airflow/.local/lib/python3.12/site-packages/airflow/example_dags/example_branch_labels.py for tasks to queue
[2025-04-21T18:41:41.191+0000] {logging_mixin.py:188} INFO - [2025-04-21T18:41:41.191+0000] {dagbag.py:545} INFO - Filling up the DagBag from /home/airflow/.local/lib/python3.12/site-packages/airflow/example_dags/example_branch_labels.py
[2025-04-21T18:41:41.195+0000] {processor.py:840} INFO - DAG(s) 'example_branch_labels' retrieved from /home/airflow/.local/lib/python3.12/site-packages/airflow/example_dags/example_branch_labels.py
[2025-04-21T18:41:41.205+0000] {logging_mixin.py:188} INFO - [2025-04-21T18:41:41.205+0000] {dag.py:3096} INFO - Sync 1 DAGs
[2025-04-21T18:41:41.215+0000] {logging_mixin.py:188} INFO - [2025-04-21T18:41:41.215+0000] {dag.py:3954} INFO - Setting next_dagrun for example_branch_labels to 2025-04-20 00:00:00+00:00, run_after=2025-04-21 00:00:00+00:00
[2025-04-21T18:41:41.234+0000] {processor.py:183} INFO - Processing /home/airflow/.local/lib/python3.12/site-packages/airflow/example_dags/example_branch_labels.py took 0.048 seconds
[2025-04-21T18:46:53.337+0000] {processor.py:161} INFO - Started process (PID=93590) to work on /home/airflow/.local/lib/python3.12/site-packages/airflow/example_dags/example_branch_labels.py
[2025-04-21T18:46:53.338+0000] {processor.py:830} INFO - Processing file /home/airflow/.local/lib/python3.12/site-packages/airflow/example_dags/example_branch_labels.py for tasks to queue
[2025-04-21T18:46:53.339+0000] {logging_mixin.py:188} INFO - [2025-04-21T18:46:53.339+0000] {dagbag.py:545} INFO - Filling up the DagBag from /home/airflow/.local/lib/python3.12/site-packages/airflow/example_dags/example_branch_labels.py
[2025-04-21T18:46:53.345+0000] {processor.py:840} INFO - DAG(s) 'example_branch_labels' retrieved from /home/airflow/.local/lib/python3.12/site-packages/airflow/example_dags/example_branch_labels.py
[2025-04-21T18:46:53.358+0000] {logging_mixin.py:188} INFO - [2025-04-21T18:46:53.358+0000] {dag.py:3096} INFO - Sync 1 DAGs
[2025-04-21T18:46:53.371+0000] {logging_mixin.py:188} INFO - [2025-04-21T18:46:53.371+0000] {dag.py:3954} INFO - Setting next_dagrun for example_branch_labels to 2025-04-20 00:00:00+00:00, run_after=2025-04-21 00:00:00+00:00
[2025-04-21T18:46:53.382+0000] {processor.py:183} INFO - Processing /home/airflow/.local/lib/python3.12/site-packages/airflow/example_dags/example_branch_labels.py took 0.050 seconds
[2025-04-21T18:52:06.518+0000] {processor.py:161} INFO - Started process (PID=93650) to work on /home/airflow/.local/lib/python3.12/site-packages/airflow/example_dags/example_branch_labels.py
[2025-04-21T18:52:06.518+0000] {processor.py:830} INFO - Processing file /home/airflow/.local/lib/python3.12/site-packages/airflow/example_dags/example_branch_labels.py for tasks to queue
[2025-04-21T18:52:06.520+0000] {logging_mixin.py:188} INFO - [2025-04-21T18:52:06.520+0000] {dagbag.py:545} INFO - Filling up the DagBag from /home/airflow/.local/lib/python3.12/site-packages/airflow/example_dags/example_branch_labels.py
[2025-04-21T18:52:06.525+0000] {processor.py:840} INFO - DAG(s) 'example_branch_labels' retrieved from /home/airflow/.local/lib/python3.12/site-packages/airflow/example_dags/example_branch_labels.py
[2025-04-21T18:52:06.537+0000] {logging_mixin.py:188} INFO - [2025-04-21T18:52:06.536+0000] {dag.py:3096} INFO - Sync 1 DAGs
[2025-04-21T18:52:06.547+0000] {logging_mixin.py:188} INFO - [2025-04-21T18:52:06.547+0000] {dag.py:3954} INFO - Setting next_dagrun for example_branch_labels to 2025-04-20 00:00:00+00:00, run_after=2025-04-21 00:00:00+00:00
[2025-04-21T18:52:06.561+0000] {processor.py:183} INFO - Processing /home/airflow/.local/lib/python3.12/site-packages/airflow/example_dags/example_branch_labels.py took 0.046 seconds
[2025-04-21T18:52:37.893+0000] {processor.py:161} INFO - Started process (PID=93710) to work on /home/airflow/.local/lib/python3.12/site-packages/airflow/example_dags/example_branch_labels.py
[2025-04-21T18:52:37.894+0000] {processor.py:830} INFO - Processing file /home/airflow/.local/lib/python3.12/site-packages/airflow/example_dags/example_branch_labels.py for tasks to queue
[2025-04-21T18:52:37.896+0000] {logging_mixin.py:188} INFO - [2025-04-21T18:52:37.896+0000] {dagbag.py:545} INFO - Filling up the DagBag from /home/airflow/.local/lib/python3.12/site-packages/airflow/example_dags/example_branch_labels.py
[2025-04-21T18:52:37.901+0000] {processor.py:840} INFO - DAG(s) 'example_branch_labels' retrieved from /home/airflow/.local/lib/python3.12/site-packages/airflow/example_dags/example_branch_labels.py
[2025-04-21T18:52:37.913+0000] {logging_mixin.py:188} INFO - [2025-04-21T18:52:37.912+0000] {dag.py:3096} INFO - Sync 1 DAGs
[2025-04-21T18:52:38.005+0000] {logging_mixin.py:188} INFO - [2025-04-21T18:52:38.005+0000] {dag.py:3954} INFO - Setting next_dagrun for example_branch_labels to 2025-04-20 00:00:00+00:00, run_after=2025-04-21 00:00:00+00:00
[2025-04-21T18:52:38.014+0000] {processor.py:183} INFO - Processing /home/airflow/.local/lib/python3.12/site-packages/airflow/example_dags/example_branch_labels.py took 0.124 seconds
[2025-04-21T18:57:49.158+0000] {processor.py:161} INFO - Started process (PID=93770) to work on /home/airflow/.local/lib/python3.12/site-packages/airflow/example_dags/example_branch_labels.py
[2025-04-21T18:57:49.161+0000] {processor.py:830} INFO - Processing file /home/airflow/.local/lib/python3.12/site-packages/airflow/example_dags/example_branch_labels.py for tasks to queue
[2025-04-21T18:57:49.162+0000] {logging_mixin.py:188} INFO - [2025-04-21T18:57:49.162+0000] {dagbag.py:545} INFO - Filling up the DagBag from /home/airflow/.local/lib/python3.12/site-packages/airflow/example_dags/example_branch_labels.py
[2025-04-21T18:57:49.166+0000] {processor.py:840} INFO - DAG(s) 'example_branch_labels' retrieved from /home/airflow/.local/lib/python3.12/site-packages/airflow/example_dags/example_branch_labels.py
[2025-04-21T18:57:49.179+0000] {logging_mixin.py:188} INFO - [2025-04-21T18:57:49.179+0000] {dag.py:3096} INFO - Sync 1 DAGs
[2025-04-21T18:57:49.190+0000] {logging_mixin.py:188} INFO - [2025-04-21T18:57:49.190+0000] {dag.py:3954} INFO - Setting next_dagrun for example_branch_labels to 2025-04-20 00:00:00+00:00, run_after=2025-04-21 00:00:00+00:00
[2025-04-21T18:57:49.198+0000] {processor.py:183} INFO - Processing /home/airflow/.local/lib/python3.12/site-packages/airflow/example_dags/example_branch_labels.py took 0.043 seconds
[2025-04-21T20:03:24.170+0000] {processor.py:161} INFO - Started process (PID=93830) to work on /home/airflow/.local/lib/python3.12/site-packages/airflow/example_dags/example_branch_labels.py
[2025-04-21T20:03:24.171+0000] {processor.py:830} INFO - Processing file /home/airflow/.local/lib/python3.12/site-packages/airflow/example_dags/example_branch_labels.py for tasks to queue
[2025-04-21T20:03:24.172+0000] {logging_mixin.py:188} INFO - [2025-04-21T20:03:24.172+0000] {dagbag.py:545} INFO - Filling up the DagBag from /home/airflow/.local/lib/python3.12/site-packages/airflow/example_dags/example_branch_labels.py
[2025-04-21T20:03:24.176+0000] {processor.py:840} INFO - DAG(s) 'example_branch_labels' retrieved from /home/airflow/.local/lib/python3.12/site-packages/airflow/example_dags/example_branch_labels.py
[2025-04-21T20:03:24.188+0000] {logging_mixin.py:188} INFO - [2025-04-21T20:03:24.187+0000] {dag.py:3096} INFO - Sync 1 DAGs
[2025-04-21T20:03:24.201+0000] {logging_mixin.py:188} INFO - [2025-04-21T20:03:24.201+0000] {dag.py:3954} INFO - Setting next_dagrun for example_branch_labels to 2025-04-20 00:00:00+00:00, run_after=2025-04-21 00:00:00+00:00
[2025-04-21T20:03:24.213+0000] {processor.py:183} INFO - Processing /home/airflow/.local/lib/python3.12/site-packages/airflow/example_dags/example_branch_labels.py took 0.045 seconds
[2025-04-21T20:15:53.691+0000] {processor.py:161} INFO - Started process (PID=93890) to work on /home/airflow/.local/lib/python3.12/site-packages/airflow/example_dags/example_branch_labels.py
[2025-04-21T20:15:53.692+0000] {processor.py:830} INFO - Processing file /home/airflow/.local/lib/python3.12/site-packages/airflow/example_dags/example_branch_labels.py for tasks to queue
[2025-04-21T20:15:53.693+0000] {logging_mixin.py:188} INFO - [2025-04-21T20:15:53.693+0000] {dagbag.py:545} INFO - Filling up the DagBag from /home/airflow/.local/lib/python3.12/site-packages/airflow/example_dags/example_branch_labels.py
[2025-04-21T20:15:53.697+0000] {processor.py:840} INFO - DAG(s) 'example_branch_labels' retrieved from /home/airflow/.local/lib/python3.12/site-packages/airflow/example_dags/example_branch_labels.py
[2025-04-21T20:15:53.711+0000] {logging_mixin.py:188} INFO - [2025-04-21T20:15:53.711+0000] {dag.py:3096} INFO - Sync 1 DAGs
[2025-04-21T20:15:53.722+0000] {logging_mixin.py:188} INFO - [2025-04-21T20:15:53.722+0000] {dag.py:3954} INFO - Setting next_dagrun for example_branch_labels to 2025-04-20 00:00:00+00:00, run_after=2025-04-21 00:00:00+00:00
[2025-04-21T20:15:53.730+0000] {processor.py:183} INFO - Processing /home/airflow/.local/lib/python3.12/site-packages/airflow/example_dags/example_branch_labels.py took 0.042 seconds
[2025-04-21T20:21:07.181+0000] {processor.py:161} INFO - Started process (PID=93950) to work on /home/airflow/.local/lib/python3.12/site-packages/airflow/example_dags/example_branch_labels.py
[2025-04-21T20:21:07.182+0000] {processor.py:830} INFO - Processing file /home/airflow/.local/lib/python3.12/site-packages/airflow/example_dags/example_branch_labels.py for tasks to queue
[2025-04-21T20:21:07.183+0000] {logging_mixin.py:188} INFO - [2025-04-21T20:21:07.183+0000] {dagbag.py:545} INFO - Filling up the DagBag from /home/airflow/.local/lib/python3.12/site-packages/airflow/example_dags/example_branch_labels.py
[2025-04-21T20:21:07.188+0000] {processor.py:840} INFO - DAG(s) 'example_branch_labels' retrieved from /home/airflow/.local/lib/python3.12/site-packages/airflow/example_dags/example_branch_labels.py
[2025-04-21T20:21:07.205+0000] {logging_mixin.py:188} INFO - [2025-04-21T20:21:07.205+0000] {dag.py:3096} INFO - Sync 1 DAGs
[2025-04-21T20:21:07.219+0000] {logging_mixin.py:188} INFO - [2025-04-21T20:21:07.219+0000] {dag.py:3954} INFO - Setting next_dagrun for example_branch_labels to 2025-04-20 00:00:00+00:00, run_after=2025-04-21 00:00:00+00:00
[2025-04-21T20:21:07.230+0000] {processor.py:183} INFO - Processing /home/airflow/.local/lib/python3.12/site-packages/airflow/example_dags/example_branch_labels.py took 0.052 seconds
[2025-04-21T20:22:21.096+0000] {processor.py:161} INFO - Started process (PID=94010) to work on /home/airflow/.local/lib/python3.12/site-packages/airflow/example_dags/example_branch_labels.py
[2025-04-21T20:22:21.097+0000] {processor.py:830} INFO - Processing file /home/airflow/.local/lib/python3.12/site-packages/airflow/example_dags/example_branch_labels.py for tasks to queue
[2025-04-21T20:22:21.098+0000] {logging_mixin.py:188} INFO - [2025-04-21T20:22:21.098+0000] {dagbag.py:545} INFO - Filling up the DagBag from /home/airflow/.local/lib/python3.12/site-packages/airflow/example_dags/example_branch_labels.py
[2025-04-21T20:22:21.101+0000] {processor.py:840} INFO - DAG(s) 'example_branch_labels' retrieved from /home/airflow/.local/lib/python3.12/site-packages/airflow/example_dags/example_branch_labels.py
[2025-04-21T20:22:21.115+0000] {logging_mixin.py:188} INFO - [2025-04-21T20:22:21.115+0000] {dag.py:3096} INFO - Sync 1 DAGs
[2025-04-21T20:22:21.126+0000] {logging_mixin.py:188} INFO - [2025-04-21T20:22:21.126+0000] {dag.py:3954} INFO - Setting next_dagrun for example_branch_labels to 2025-04-20 00:00:00+00:00, run_after=2025-04-21 00:00:00+00:00
[2025-04-21T20:22:21.136+0000] {processor.py:183} INFO - Processing /home/airflow/.local/lib/python3.12/site-packages/airflow/example_dags/example_branch_labels.py took 0.043 seconds
[2025-04-21T20:27:34.709+0000] {processor.py:161} INFO - Started process (PID=94070) to work on /home/airflow/.local/lib/python3.12/site-packages/airflow/example_dags/example_branch_labels.py
[2025-04-21T20:27:34.709+0000] {processor.py:830} INFO - Processing file /home/airflow/.local/lib/python3.12/site-packages/airflow/example_dags/example_branch_labels.py for tasks to queue
[2025-04-21T20:27:34.710+0000] {logging_mixin.py:188} INFO - [2025-04-21T20:27:34.710+0000] {dagbag.py:545} INFO - Filling up the DagBag from /home/airflow/.local/lib/python3.12/site-packages/airflow/example_dags/example_branch_labels.py
[2025-04-21T20:27:34.714+0000] {processor.py:840} INFO - DAG(s) 'example_branch_labels' retrieved from /home/airflow/.local/lib/python3.12/site-packages/airflow/example_dags/example_branch_labels.py
[2025-04-21T20:27:34.727+0000] {logging_mixin.py:188} INFO - [2025-04-21T20:27:34.727+0000] {dag.py:3096} INFO - Sync 1 DAGs
[2025-04-21T20:27:34.736+0000] {logging_mixin.py:188} INFO - [2025-04-21T20:27:34.736+0000] {dag.py:3954} INFO - Setting next_dagrun for example_branch_labels to 2025-04-20 00:00:00+00:00, run_after=2025-04-21 00:00:00+00:00
[2025-04-21T20:27:34.743+0000] {processor.py:183} INFO - Processing /home/airflow/.local/lib/python3.12/site-packages/airflow/example_dags/example_branch_labels.py took 0.037 seconds
[2025-04-21T20:29:31.943+0000] {processor.py:161} INFO - Started process (PID=94130) to work on /home/airflow/.local/lib/python3.12/site-packages/airflow/example_dags/example_branch_labels.py
[2025-04-21T20:29:31.946+0000] {processor.py:830} INFO - Processing file /home/airflow/.local/lib/python3.12/site-packages/airflow/example_dags/example_branch_labels.py for tasks to queue
[2025-04-21T20:29:31.947+0000] {logging_mixin.py:188} INFO - [2025-04-21T20:29:31.946+0000] {dagbag.py:545} INFO - Filling up the DagBag from /home/airflow/.local/lib/python3.12/site-packages/airflow/example_dags/example_branch_labels.py
[2025-04-21T20:29:31.950+0000] {processor.py:840} INFO - DAG(s) 'example_branch_labels' retrieved from /home/airflow/.local/lib/python3.12/site-packages/airflow/example_dags/example_branch_labels.py
[2025-04-21T20:29:31.961+0000] {logging_mixin.py:188} INFO - [2025-04-21T20:29:31.960+0000] {dag.py:3096} INFO - Sync 1 DAGs
[2025-04-21T20:29:31.972+0000] {logging_mixin.py:188} INFO - [2025-04-21T20:29:31.972+0000] {dag.py:3954} INFO - Setting next_dagrun for example_branch_labels to 2025-04-20 00:00:00+00:00, run_after=2025-04-21 00:00:00+00:00
[2025-04-21T20:29:31.985+0000] {processor.py:183} INFO - Processing /home/airflow/.local/lib/python3.12/site-packages/airflow/example_dags/example_branch_labels.py took 0.045 seconds
[2025-04-21T20:30:51.378+0000] {processor.py:161} INFO - Started process (PID=94190) to work on /home/airflow/.local/lib/python3.12/site-packages/airflow/example_dags/example_branch_labels.py
[2025-04-21T20:30:51.380+0000] {processor.py:830} INFO - Processing file /home/airflow/.local/lib/python3.12/site-packages/airflow/example_dags/example_branch_labels.py for tasks to queue
[2025-04-21T20:30:51.382+0000] {logging_mixin.py:188} INFO - [2025-04-21T20:30:51.382+0000] {dagbag.py:545} INFO - Filling up the DagBag from /home/airflow/.local/lib/python3.12/site-packages/airflow/example_dags/example_branch_labels.py
[2025-04-21T20:30:51.386+0000] {processor.py:840} INFO - DAG(s) 'example_branch_labels' retrieved from /home/airflow/.local/lib/python3.12/site-packages/airflow/example_dags/example_branch_labels.py
[2025-04-21T20:30:51.399+0000] {logging_mixin.py:188} INFO - [2025-04-21T20:30:51.399+0000] {dag.py:3096} INFO - Sync 1 DAGs
[2025-04-21T20:30:51.410+0000] {logging_mixin.py:188} INFO - [2025-04-21T20:30:51.410+0000] {dag.py:3954} INFO - Setting next_dagrun for example_branch_labels to 2025-04-20 00:00:00+00:00, run_after=2025-04-21 00:00:00+00:00
[2025-04-21T20:30:51.421+0000] {processor.py:183} INFO - Processing /home/airflow/.local/lib/python3.12/site-packages/airflow/example_dags/example_branch_labels.py took 0.046 seconds
[2025-04-21T20:31:32.659+0000] {processor.py:161} INFO - Started process (PID=94250) to work on /home/airflow/.local/lib/python3.12/site-packages/airflow/example_dags/example_branch_labels.py
[2025-04-21T20:31:32.661+0000] {processor.py:830} INFO - Processing file /home/airflow/.local/lib/python3.12/site-packages/airflow/example_dags/example_branch_labels.py for tasks to queue
[2025-04-21T20:31:32.663+0000] {logging_mixin.py:188} INFO - [2025-04-21T20:31:32.663+0000] {dagbag.py:545} INFO - Filling up the DagBag from /home/airflow/.local/lib/python3.12/site-packages/airflow/example_dags/example_branch_labels.py
[2025-04-21T20:31:32.667+0000] {processor.py:840} INFO - DAG(s) 'example_branch_labels' retrieved from /home/airflow/.local/lib/python3.12/site-packages/airflow/example_dags/example_branch_labels.py
[2025-04-21T20:31:32.678+0000] {logging_mixin.py:188} INFO - [2025-04-21T20:31:32.678+0000] {dag.py:3096} INFO - Sync 1 DAGs
[2025-04-21T20:31:32.689+0000] {logging_mixin.py:188} INFO - [2025-04-21T20:31:32.689+0000] {dag.py:3954} INFO - Setting next_dagrun for example_branch_labels to 2025-04-20 00:00:00+00:00, run_after=2025-04-21 00:00:00+00:00
[2025-04-21T20:31:32.697+0000] {processor.py:183} INFO - Processing /home/airflow/.local/lib/python3.12/site-packages/airflow/example_dags/example_branch_labels.py took 0.041 seconds
[2025-04-21T20:32:07.938+0000] {processor.py:161} INFO - Started process (PID=94310) to work on /home/airflow/.local/lib/python3.12/site-packages/airflow/example_dags/example_branch_labels.py
[2025-04-21T20:32:07.941+0000] {processor.py:830} INFO - Processing file /home/airflow/.local/lib/python3.12/site-packages/airflow/example_dags/example_branch_labels.py for tasks to queue
[2025-04-21T20:32:07.942+0000] {logging_mixin.py:188} INFO - [2025-04-21T20:32:07.942+0000] {dagbag.py:545} INFO - Filling up the DagBag from /home/airflow/.local/lib/python3.12/site-packages/airflow/example_dags/example_branch_labels.py
[2025-04-21T20:32:07.947+0000] {processor.py:840} INFO - DAG(s) 'example_branch_labels' retrieved from /home/airflow/.local/lib/python3.12/site-packages/airflow/example_dags/example_branch_labels.py
[2025-04-21T20:32:07.964+0000] {logging_mixin.py:188} INFO - [2025-04-21T20:32:07.964+0000] {dag.py:3096} INFO - Sync 1 DAGs
[2025-04-21T20:32:07.976+0000] {logging_mixin.py:188} INFO - [2025-04-21T20:32:07.975+0000] {dag.py:3954} INFO - Setting next_dagrun for example_branch_labels to 2025-04-20 00:00:00+00:00, run_after=2025-04-21 00:00:00+00:00
[2025-04-21T20:32:07.986+0000] {processor.py:183} INFO - Processing /home/airflow/.local/lib/python3.12/site-packages/airflow/example_dags/example_branch_labels.py took 0.051 seconds
[2025-04-21T20:33:32.690+0000] {processor.py:161} INFO - Started process (PID=94370) to work on /home/airflow/.local/lib/python3.12/site-packages/airflow/example_dags/example_branch_labels.py
[2025-04-21T20:33:32.693+0000] {processor.py:830} INFO - Processing file /home/airflow/.local/lib/python3.12/site-packages/airflow/example_dags/example_branch_labels.py for tasks to queue
[2025-04-21T20:33:32.694+0000] {logging_mixin.py:188} INFO - [2025-04-21T20:33:32.694+0000] {dagbag.py:545} INFO - Filling up the DagBag from /home/airflow/.local/lib/python3.12/site-packages/airflow/example_dags/example_branch_labels.py
[2025-04-21T20:33:32.699+0000] {processor.py:840} INFO - DAG(s) 'example_branch_labels' retrieved from /home/airflow/.local/lib/python3.12/site-packages/airflow/example_dags/example_branch_labels.py
[2025-04-21T20:33:32.708+0000] {logging_mixin.py:188} INFO - [2025-04-21T20:33:32.708+0000] {dag.py:3096} INFO - Sync 1 DAGs
[2025-04-21T20:33:32.718+0000] {logging_mixin.py:188} INFO - [2025-04-21T20:33:32.718+0000] {dag.py:3954} INFO - Setting next_dagrun for example_branch_labels to 2025-04-20 00:00:00+00:00, run_after=2025-04-21 00:00:00+00:00
[2025-04-21T20:33:32.726+0000] {processor.py:183} INFO - Processing /home/airflow/.local/lib/python3.12/site-packages/airflow/example_dags/example_branch_labels.py took 0.039 seconds
[2025-04-21T20:34:55.244+0000] {processor.py:161} INFO - Started process (PID=94430) to work on /home/airflow/.local/lib/python3.12/site-packages/airflow/example_dags/example_branch_labels.py
[2025-04-21T20:34:55.244+0000] {processor.py:830} INFO - Processing file /home/airflow/.local/lib/python3.12/site-packages/airflow/example_dags/example_branch_labels.py for tasks to queue
[2025-04-21T20:34:55.245+0000] {logging_mixin.py:188} INFO - [2025-04-21T20:34:55.245+0000] {dagbag.py:545} INFO - Filling up the DagBag from /home/airflow/.local/lib/python3.12/site-packages/airflow/example_dags/example_branch_labels.py
[2025-04-21T20:34:55.249+0000] {processor.py:840} INFO - DAG(s) 'example_branch_labels' retrieved from /home/airflow/.local/lib/python3.12/site-packages/airflow/example_dags/example_branch_labels.py
[2025-04-21T20:34:55.258+0000] {logging_mixin.py:188} INFO - [2025-04-21T20:34:55.258+0000] {dag.py:3096} INFO - Sync 1 DAGs
[2025-04-21T20:34:55.267+0000] {logging_mixin.py:188} INFO - [2025-04-21T20:34:55.267+0000] {dag.py:3954} INFO - Setting next_dagrun for example_branch_labels to 2025-04-20 00:00:00+00:00, run_after=2025-04-21 00:00:00+00:00
[2025-04-21T20:34:55.274+0000] {processor.py:183} INFO - Processing /home/airflow/.local/lib/python3.12/site-packages/airflow/example_dags/example_branch_labels.py took 0.033 seconds
[2025-04-21T20:36:08.370+0000] {processor.py:161} INFO - Started process (PID=94490) to work on /home/airflow/.local/lib/python3.12/site-packages/airflow/example_dags/example_branch_labels.py
[2025-04-21T20:36:08.371+0000] {processor.py:830} INFO - Processing file /home/airflow/.local/lib/python3.12/site-packages/airflow/example_dags/example_branch_labels.py for tasks to queue
[2025-04-21T20:36:08.373+0000] {logging_mixin.py:188} INFO - [2025-04-21T20:36:08.373+0000] {dagbag.py:545} INFO - Filling up the DagBag from /home/airflow/.local/lib/python3.12/site-packages/airflow/example_dags/example_branch_labels.py
[2025-04-21T20:36:08.378+0000] {processor.py:840} INFO - DAG(s) 'example_branch_labels' retrieved from /home/airflow/.local/lib/python3.12/site-packages/airflow/example_dags/example_branch_labels.py
[2025-04-21T20:36:08.390+0000] {logging_mixin.py:188} INFO - [2025-04-21T20:36:08.390+0000] {dag.py:3096} INFO - Sync 1 DAGs
[2025-04-21T20:36:08.403+0000] {logging_mixin.py:188} INFO - [2025-04-21T20:36:08.402+0000] {dag.py:3954} INFO - Setting next_dagrun for example_branch_labels to 2025-04-20 00:00:00+00:00, run_after=2025-04-21 00:00:00+00:00
[2025-04-21T20:36:08.416+0000] {processor.py:183} INFO - Processing /home/airflow/.local/lib/python3.12/site-packages/airflow/example_dags/example_branch_labels.py took 0.048 seconds
[2025-04-21T20:37:30.205+0000] {processor.py:161} INFO - Started process (PID=94550) to work on /home/airflow/.local/lib/python3.12/site-packages/airflow/example_dags/example_branch_labels.py
[2025-04-21T20:37:30.208+0000] {processor.py:830} INFO - Processing file /home/airflow/.local/lib/python3.12/site-packages/airflow/example_dags/example_branch_labels.py for tasks to queue
[2025-04-21T20:37:30.210+0000] {logging_mixin.py:188} INFO - [2025-04-21T20:37:30.210+0000] {dagbag.py:545} INFO - Filling up the DagBag from /home/airflow/.local/lib/python3.12/site-packages/airflow/example_dags/example_branch_labels.py
[2025-04-21T20:37:30.216+0000] {processor.py:840} INFO - DAG(s) 'example_branch_labels' retrieved from /home/airflow/.local/lib/python3.12/site-packages/airflow/example_dags/example_branch_labels.py
[2025-04-21T20:37:30.227+0000] {logging_mixin.py:188} INFO - [2025-04-21T20:37:30.227+0000] {dag.py:3096} INFO - Sync 1 DAGs
[2025-04-21T20:37:30.242+0000] {logging_mixin.py:188} INFO - [2025-04-21T20:37:30.242+0000] {dag.py:3954} INFO - Setting next_dagrun for example_branch_labels to 2025-04-20 00:00:00+00:00, run_after=2025-04-21 00:00:00+00:00
[2025-04-21T20:37:30.251+0000] {processor.py:183} INFO - Processing /home/airflow/.local/lib/python3.12/site-packages/airflow/example_dags/example_branch_labels.py took 0.051 seconds
[2025-04-21T20:40:16.636+0000] {processor.py:161} INFO - Started process (PID=94610) to work on /home/airflow/.local/lib/python3.12/site-packages/airflow/example_dags/example_branch_labels.py
[2025-04-21T20:40:16.636+0000] {processor.py:830} INFO - Processing file /home/airflow/.local/lib/python3.12/site-packages/airflow/example_dags/example_branch_labels.py for tasks to queue
[2025-04-21T20:40:16.637+0000] {logging_mixin.py:188} INFO - [2025-04-21T20:40:16.637+0000] {dagbag.py:545} INFO - Filling up the DagBag from /home/airflow/.local/lib/python3.12/site-packages/airflow/example_dags/example_branch_labels.py
[2025-04-21T20:40:16.641+0000] {processor.py:840} INFO - DAG(s) 'example_branch_labels' retrieved from /home/airflow/.local/lib/python3.12/site-packages/airflow/example_dags/example_branch_labels.py
[2025-04-21T20:40:16.655+0000] {logging_mixin.py:188} INFO - [2025-04-21T20:40:16.655+0000] {dag.py:3096} INFO - Sync 1 DAGs
[2025-04-21T20:40:16.666+0000] {logging_mixin.py:188} INFO - [2025-04-21T20:40:16.666+0000] {dag.py:3954} INFO - Setting next_dagrun for example_branch_labels to 2025-04-20 00:00:00+00:00, run_after=2025-04-21 00:00:00+00:00
[2025-04-21T20:40:16.677+0000] {processor.py:183} INFO - Processing /home/airflow/.local/lib/python3.12/site-packages/airflow/example_dags/example_branch_labels.py took 0.044 seconds
[2025-04-21T20:41:06.548+0000] {processor.py:161} INFO - Started process (PID=94670) to work on /home/airflow/.local/lib/python3.12/site-packages/airflow/example_dags/example_branch_labels.py
[2025-04-21T20:41:06.548+0000] {processor.py:830} INFO - Processing file /home/airflow/.local/lib/python3.12/site-packages/airflow/example_dags/example_branch_labels.py for tasks to queue
[2025-04-21T20:41:06.549+0000] {logging_mixin.py:188} INFO - [2025-04-21T20:41:06.549+0000] {dagbag.py:545} INFO - Filling up the DagBag from /home/airflow/.local/lib/python3.12/site-packages/airflow/example_dags/example_branch_labels.py
[2025-04-21T20:41:06.553+0000] {processor.py:840} INFO - DAG(s) 'example_branch_labels' retrieved from /home/airflow/.local/lib/python3.12/site-packages/airflow/example_dags/example_branch_labels.py
[2025-04-21T20:41:06.562+0000] {logging_mixin.py:188} INFO - [2025-04-21T20:41:06.562+0000] {dag.py:3096} INFO - Sync 1 DAGs
[2025-04-21T20:41:06.575+0000] {logging_mixin.py:188} INFO - [2025-04-21T20:41:06.575+0000] {dag.py:3954} INFO - Setting next_dagrun for example_branch_labels to 2025-04-20 00:00:00+00:00, run_after=2025-04-21 00:00:00+00:00
[2025-04-21T20:41:06.582+0000] {processor.py:183} INFO - Processing /home/airflow/.local/lib/python3.12/site-packages/airflow/example_dags/example_branch_labels.py took 0.037 seconds
[2025-04-21T20:41:49.176+0000] {processor.py:161} INFO - Started process (PID=94730) to work on /home/airflow/.local/lib/python3.12/site-packages/airflow/example_dags/example_branch_labels.py
[2025-04-21T20:41:49.178+0000] {processor.py:830} INFO - Processing file /home/airflow/.local/lib/python3.12/site-packages/airflow/example_dags/example_branch_labels.py for tasks to queue
[2025-04-21T20:41:49.179+0000] {logging_mixin.py:188} INFO - [2025-04-21T20:41:49.179+0000] {dagbag.py:545} INFO - Filling up the DagBag from /home/airflow/.local/lib/python3.12/site-packages/airflow/example_dags/example_branch_labels.py
[2025-04-21T20:41:49.183+0000] {processor.py:840} INFO - DAG(s) 'example_branch_labels' retrieved from /home/airflow/.local/lib/python3.12/site-packages/airflow/example_dags/example_branch_labels.py
[2025-04-21T20:41:49.193+0000] {logging_mixin.py:188} INFO - [2025-04-21T20:41:49.193+0000] {dag.py:3096} INFO - Sync 1 DAGs
[2025-04-21T20:41:49.204+0000] {logging_mixin.py:188} INFO - [2025-04-21T20:41:49.203+0000] {dag.py:3954} INFO - Setting next_dagrun for example_branch_labels to 2025-04-20 00:00:00+00:00, run_after=2025-04-21 00:00:00+00:00
[2025-04-21T20:41:49.212+0000] {processor.py:183} INFO - Processing /home/airflow/.local/lib/python3.12/site-packages/airflow/example_dags/example_branch_labels.py took 0.038 seconds
[2025-04-21T20:42:34.304+0000] {processor.py:161} INFO - Started process (PID=94790) to work on /home/airflow/.local/lib/python3.12/site-packages/airflow/example_dags/example_branch_labels.py
[2025-04-21T20:42:34.304+0000] {processor.py:830} INFO - Processing file /home/airflow/.local/lib/python3.12/site-packages/airflow/example_dags/example_branch_labels.py for tasks to queue
[2025-04-21T20:42:34.308+0000] {logging_mixin.py:188} INFO - [2025-04-21T20:42:34.308+0000] {dagbag.py:545} INFO - Filling up the DagBag from /home/airflow/.local/lib/python3.12/site-packages/airflow/example_dags/example_branch_labels.py
[2025-04-21T20:42:34.312+0000] {processor.py:840} INFO - DAG(s) 'example_branch_labels' retrieved from /home/airflow/.local/lib/python3.12/site-packages/airflow/example_dags/example_branch_labels.py
[2025-04-21T20:42:34.324+0000] {logging_mixin.py:188} INFO - [2025-04-21T20:42:34.324+0000] {dag.py:3096} INFO - Sync 1 DAGs
[2025-04-21T20:42:34.335+0000] {logging_mixin.py:188} INFO - [2025-04-21T20:42:34.335+0000] {dag.py:3954} INFO - Setting next_dagrun for example_branch_labels to 2025-04-20 00:00:00+00:00, run_after=2025-04-21 00:00:00+00:00
[2025-04-21T20:42:34.344+0000] {processor.py:183} INFO - Processing /home/airflow/.local/lib/python3.12/site-packages/airflow/example_dags/example_branch_labels.py took 0.043 seconds
[2025-04-21T20:43:37.375+0000] {processor.py:161} INFO - Started process (PID=94850) to work on /home/airflow/.local/lib/python3.12/site-packages/airflow/example_dags/example_branch_labels.py
[2025-04-21T20:43:37.375+0000] {processor.py:830} INFO - Processing file /home/airflow/.local/lib/python3.12/site-packages/airflow/example_dags/example_branch_labels.py for tasks to queue
[2025-04-21T20:43:37.376+0000] {logging_mixin.py:188} INFO - [2025-04-21T20:43:37.376+0000] {dagbag.py:545} INFO - Filling up the DagBag from /home/airflow/.local/lib/python3.12/site-packages/airflow/example_dags/example_branch_labels.py
[2025-04-21T20:43:37.380+0000] {processor.py:840} INFO - DAG(s) 'example_branch_labels' retrieved from /home/airflow/.local/lib/python3.12/site-packages/airflow/example_dags/example_branch_labels.py
[2025-04-21T20:43:37.389+0000] {logging_mixin.py:188} INFO - [2025-04-21T20:43:37.389+0000] {dag.py:3096} INFO - Sync 1 DAGs
[2025-04-21T20:43:37.398+0000] {logging_mixin.py:188} INFO - [2025-04-21T20:43:37.398+0000] {dag.py:3954} INFO - Setting next_dagrun for example_branch_labels to 2025-04-20 00:00:00+00:00, run_after=2025-04-21 00:00:00+00:00
[2025-04-21T20:43:37.405+0000] {processor.py:183} INFO - Processing /home/airflow/.local/lib/python3.12/site-packages/airflow/example_dags/example_branch_labels.py took 0.033 seconds
[2025-04-21T20:44:41.231+0000] {processor.py:161} INFO - Started process (PID=94910) to work on /home/airflow/.local/lib/python3.12/site-packages/airflow/example_dags/example_branch_labels.py
[2025-04-21T20:44:41.233+0000] {processor.py:830} INFO - Processing file /home/airflow/.local/lib/python3.12/site-packages/airflow/example_dags/example_branch_labels.py for tasks to queue
[2025-04-21T20:44:41.234+0000] {logging_mixin.py:188} INFO - [2025-04-21T20:44:41.234+0000] {dagbag.py:545} INFO - Filling up the DagBag from /home/airflow/.local/lib/python3.12/site-packages/airflow/example_dags/example_branch_labels.py
[2025-04-21T20:44:41.238+0000] {processor.py:840} INFO - DAG(s) 'example_branch_labels' retrieved from /home/airflow/.local/lib/python3.12/site-packages/airflow/example_dags/example_branch_labels.py
[2025-04-21T20:44:41.248+0000] {logging_mixin.py:188} INFO - [2025-04-21T20:44:41.248+0000] {dag.py:3096} INFO - Sync 1 DAGs
[2025-04-21T20:44:41.259+0000] {logging_mixin.py:188} INFO - [2025-04-21T20:44:41.259+0000] {dag.py:3954} INFO - Setting next_dagrun for example_branch_labels to 2025-04-20 00:00:00+00:00, run_after=2025-04-21 00:00:00+00:00
[2025-04-21T20:44:41.271+0000] {processor.py:183} INFO - Processing /home/airflow/.local/lib/python3.12/site-packages/airflow/example_dags/example_branch_labels.py took 0.043 seconds
[2025-04-21T20:45:22.869+0000] {processor.py:161} INFO - Started process (PID=94970) to work on /home/airflow/.local/lib/python3.12/site-packages/airflow/example_dags/example_branch_labels.py
[2025-04-21T20:45:22.869+0000] {processor.py:830} INFO - Processing file /home/airflow/.local/lib/python3.12/site-packages/airflow/example_dags/example_branch_labels.py for tasks to queue
[2025-04-21T20:45:22.871+0000] {logging_mixin.py:188} INFO - [2025-04-21T20:45:22.871+0000] {dagbag.py:545} INFO - Filling up the DagBag from /home/airflow/.local/lib/python3.12/site-packages/airflow/example_dags/example_branch_labels.py
[2025-04-21T20:45:22.875+0000] {processor.py:840} INFO - DAG(s) 'example_branch_labels' retrieved from /home/airflow/.local/lib/python3.12/site-packages/airflow/example_dags/example_branch_labels.py
[2025-04-21T20:45:22.885+0000] {logging_mixin.py:188} INFO - [2025-04-21T20:45:22.885+0000] {dag.py:3096} INFO - Sync 1 DAGs
[2025-04-21T20:45:22.896+0000] {logging_mixin.py:188} INFO - [2025-04-21T20:45:22.896+0000] {dag.py:3954} INFO - Setting next_dagrun for example_branch_labels to 2025-04-20 00:00:00+00:00, run_after=2025-04-21 00:00:00+00:00
[2025-04-21T20:45:22.908+0000] {processor.py:183} INFO - Processing /home/airflow/.local/lib/python3.12/site-packages/airflow/example_dags/example_branch_labels.py took 0.042 seconds
[2025-04-21T20:50:35.483+0000] {processor.py:161} INFO - Started process (PID=95030) to work on /home/airflow/.local/lib/python3.12/site-packages/airflow/example_dags/example_branch_labels.py
[2025-04-21T20:50:35.483+0000] {processor.py:830} INFO - Processing file /home/airflow/.local/lib/python3.12/site-packages/airflow/example_dags/example_branch_labels.py for tasks to queue
[2025-04-21T20:50:35.484+0000] {logging_mixin.py:188} INFO - [2025-04-21T20:50:35.484+0000] {dagbag.py:545} INFO - Filling up the DagBag from /home/airflow/.local/lib/python3.12/site-packages/airflow/example_dags/example_branch_labels.py
[2025-04-21T20:50:35.488+0000] {processor.py:840} INFO - DAG(s) 'example_branch_labels' retrieved from /home/airflow/.local/lib/python3.12/site-packages/airflow/example_dags/example_branch_labels.py
[2025-04-21T20:50:35.501+0000] {logging_mixin.py:188} INFO - [2025-04-21T20:50:35.501+0000] {dag.py:3096} INFO - Sync 1 DAGs
[2025-04-21T20:50:35.514+0000] {logging_mixin.py:188} INFO - [2025-04-21T20:50:35.514+0000] {dag.py:3954} INFO - Setting next_dagrun for example_branch_labels to 2025-04-20 00:00:00+00:00, run_after=2025-04-21 00:00:00+00:00
[2025-04-21T20:50:35.526+0000] {processor.py:183} INFO - Processing /home/airflow/.local/lib/python3.12/site-packages/airflow/example_dags/example_branch_labels.py took 0.047 seconds
[2025-04-21T20:51:05.874+0000] {processor.py:161} INFO - Started process (PID=95090) to work on /home/airflow/.local/lib/python3.12/site-packages/airflow/example_dags/example_branch_labels.py
[2025-04-21T20:51:05.875+0000] {processor.py:830} INFO - Processing file /home/airflow/.local/lib/python3.12/site-packages/airflow/example_dags/example_branch_labels.py for tasks to queue
[2025-04-21T20:51:05.878+0000] {logging_mixin.py:188} INFO - [2025-04-21T20:51:05.877+0000] {dagbag.py:545} INFO - Filling up the DagBag from /home/airflow/.local/lib/python3.12/site-packages/airflow/example_dags/example_branch_labels.py
[2025-04-21T20:51:05.884+0000] {processor.py:840} INFO - DAG(s) 'example_branch_labels' retrieved from /home/airflow/.local/lib/python3.12/site-packages/airflow/example_dags/example_branch_labels.py
[2025-04-21T20:51:05.899+0000] {logging_mixin.py:188} INFO - [2025-04-21T20:51:05.898+0000] {dag.py:3096} INFO - Sync 1 DAGs
[2025-04-21T20:51:05.916+0000] {logging_mixin.py:188} INFO - [2025-04-21T20:51:05.916+0000] {dag.py:3954} INFO - Setting next_dagrun for example_branch_labels to 2025-04-20 00:00:00+00:00, run_after=2025-04-21 00:00:00+00:00
[2025-04-21T20:51:05.930+0000] {processor.py:183} INFO - Processing /home/airflow/.local/lib/python3.12/site-packages/airflow/example_dags/example_branch_labels.py took 0.060 seconds
[2025-04-21T20:56:19.124+0000] {processor.py:161} INFO - Started process (PID=95150) to work on /home/airflow/.local/lib/python3.12/site-packages/airflow/example_dags/example_branch_labels.py
[2025-04-21T20:56:19.125+0000] {processor.py:830} INFO - Processing file /home/airflow/.local/lib/python3.12/site-packages/airflow/example_dags/example_branch_labels.py for tasks to queue
[2025-04-21T20:56:19.126+0000] {logging_mixin.py:188} INFO - [2025-04-21T20:56:19.126+0000] {dagbag.py:545} INFO - Filling up the DagBag from /home/airflow/.local/lib/python3.12/site-packages/airflow/example_dags/example_branch_labels.py
[2025-04-21T20:56:19.129+0000] {processor.py:840} INFO - DAG(s) 'example_branch_labels' retrieved from /home/airflow/.local/lib/python3.12/site-packages/airflow/example_dags/example_branch_labels.py
[2025-04-21T20:56:19.144+0000] {logging_mixin.py:188} INFO - [2025-04-21T20:56:19.144+0000] {dag.py:3096} INFO - Sync 1 DAGs
[2025-04-21T20:56:19.154+0000] {logging_mixin.py:188} INFO - [2025-04-21T20:56:19.154+0000] {dag.py:3954} INFO - Setting next_dagrun for example_branch_labels to 2025-04-20 00:00:00+00:00, run_after=2025-04-21 00:00:00+00:00
[2025-04-21T20:56:19.167+0000] {processor.py:183} INFO - Processing /home/airflow/.local/lib/python3.12/site-packages/airflow/example_dags/example_branch_labels.py took 0.045 seconds
[2025-04-21T21:46:40.587+0000] {processor.py:161} INFO - Started process (PID=95210) to work on /home/airflow/.local/lib/python3.12/site-packages/airflow/example_dags/example_branch_labels.py
[2025-04-21T21:46:40.589+0000] {processor.py:830} INFO - Processing file /home/airflow/.local/lib/python3.12/site-packages/airflow/example_dags/example_branch_labels.py for tasks to queue
[2025-04-21T21:46:40.590+0000] {logging_mixin.py:188} INFO - [2025-04-21T21:46:40.590+0000] {dagbag.py:545} INFO - Filling up the DagBag from /home/airflow/.local/lib/python3.12/site-packages/airflow/example_dags/example_branch_labels.py
[2025-04-21T21:46:40.596+0000] {processor.py:840} INFO - DAG(s) 'example_branch_labels' retrieved from /home/airflow/.local/lib/python3.12/site-packages/airflow/example_dags/example_branch_labels.py
[2025-04-21T21:46:40.608+0000] {logging_mixin.py:188} INFO - [2025-04-21T21:46:40.608+0000] {dag.py:3096} INFO - Sync 1 DAGs
[2025-04-21T21:46:40.624+0000] {logging_mixin.py:188} INFO - [2025-04-21T21:46:40.624+0000] {dag.py:3954} INFO - Setting next_dagrun for example_branch_labels to 2025-04-20 00:00:00+00:00, run_after=2025-04-21 00:00:00+00:00
[2025-04-21T21:46:40.638+0000] {processor.py:183} INFO - Processing /home/airflow/.local/lib/python3.12/site-packages/airflow/example_dags/example_branch_labels.py took 0.056 seconds
[2025-04-21T21:47:10.880+0000] {processor.py:161} INFO - Started process (PID=95270) to work on /home/airflow/.local/lib/python3.12/site-packages/airflow/example_dags/example_branch_labels.py
[2025-04-21T21:47:10.880+0000] {processor.py:830} INFO - Processing file /home/airflow/.local/lib/python3.12/site-packages/airflow/example_dags/example_branch_labels.py for tasks to queue
[2025-04-21T21:47:10.882+0000] {logging_mixin.py:188} INFO - [2025-04-21T21:47:10.881+0000] {dagbag.py:545} INFO - Filling up the DagBag from /home/airflow/.local/lib/python3.12/site-packages/airflow/example_dags/example_branch_labels.py
[2025-04-21T21:47:10.887+0000] {processor.py:840} INFO - DAG(s) 'example_branch_labels' retrieved from /home/airflow/.local/lib/python3.12/site-packages/airflow/example_dags/example_branch_labels.py
[2025-04-21T21:47:10.900+0000] {logging_mixin.py:188} INFO - [2025-04-21T21:47:10.899+0000] {dag.py:3096} INFO - Sync 1 DAGs
[2025-04-21T21:47:10.912+0000] {logging_mixin.py:188} INFO - [2025-04-21T21:47:10.912+0000] {dag.py:3954} INFO - Setting next_dagrun for example_branch_labels to 2025-04-20 00:00:00+00:00, run_after=2025-04-21 00:00:00+00:00
[2025-04-21T21:47:10.924+0000] {processor.py:183} INFO - Processing /home/airflow/.local/lib/python3.12/site-packages/airflow/example_dags/example_branch_labels.py took 0.048 seconds
[2025-04-21T21:52:23.616+0000] {processor.py:161} INFO - Started process (PID=95330) to work on /home/airflow/.local/lib/python3.12/site-packages/airflow/example_dags/example_branch_labels.py
[2025-04-21T21:52:23.616+0000] {processor.py:830} INFO - Processing file /home/airflow/.local/lib/python3.12/site-packages/airflow/example_dags/example_branch_labels.py for tasks to queue
[2025-04-21T21:52:23.617+0000] {logging_mixin.py:188} INFO - [2025-04-21T21:52:23.617+0000] {dagbag.py:545} INFO - Filling up the DagBag from /home/airflow/.local/lib/python3.12/site-packages/airflow/example_dags/example_branch_labels.py
[2025-04-21T21:52:23.624+0000] {processor.py:840} INFO - DAG(s) 'example_branch_labels' retrieved from /home/airflow/.local/lib/python3.12/site-packages/airflow/example_dags/example_branch_labels.py
[2025-04-21T21:52:23.637+0000] {logging_mixin.py:188} INFO - [2025-04-21T21:52:23.636+0000] {dag.py:3096} INFO - Sync 1 DAGs
[2025-04-21T21:52:23.649+0000] {logging_mixin.py:188} INFO - [2025-04-21T21:52:23.649+0000] {dag.py:3954} INFO - Setting next_dagrun for example_branch_labels to 2025-04-20 00:00:00+00:00, run_after=2025-04-21 00:00:00+00:00
[2025-04-21T21:52:23.664+0000] {processor.py:183} INFO - Processing /home/airflow/.local/lib/python3.12/site-packages/airflow/example_dags/example_branch_labels.py took 0.052 seconds
[2025-04-21T21:57:36.303+0000] {processor.py:161} INFO - Started process (PID=95390) to work on /home/airflow/.local/lib/python3.12/site-packages/airflow/example_dags/example_branch_labels.py
[2025-04-21T21:57:36.304+0000] {processor.py:830} INFO - Processing file /home/airflow/.local/lib/python3.12/site-packages/airflow/example_dags/example_branch_labels.py for tasks to queue
[2025-04-21T21:57:36.306+0000] {logging_mixin.py:188} INFO - [2025-04-21T21:57:36.305+0000] {dagbag.py:545} INFO - Filling up the DagBag from /home/airflow/.local/lib/python3.12/site-packages/airflow/example_dags/example_branch_labels.py
[2025-04-21T21:57:36.311+0000] {processor.py:840} INFO - DAG(s) 'example_branch_labels' retrieved from /home/airflow/.local/lib/python3.12/site-packages/airflow/example_dags/example_branch_labels.py
[2025-04-21T21:57:36.328+0000] {logging_mixin.py:188} INFO - [2025-04-21T21:57:36.328+0000] {dag.py:3096} INFO - Sync 1 DAGs
[2025-04-21T21:57:36.339+0000] {logging_mixin.py:188} INFO - [2025-04-21T21:57:36.339+0000] {dag.py:3954} INFO - Setting next_dagrun for example_branch_labels to 2025-04-20 00:00:00+00:00, run_after=2025-04-21 00:00:00+00:00
[2025-04-21T21:57:36.352+0000] {processor.py:183} INFO - Processing /home/airflow/.local/lib/python3.12/site-packages/airflow/example_dags/example_branch_labels.py took 0.053 seconds
[2025-04-21T22:02:49.334+0000] {processor.py:161} INFO - Started process (PID=95450) to work on /home/airflow/.local/lib/python3.12/site-packages/airflow/example_dags/example_branch_labels.py
[2025-04-21T22:02:49.338+0000] {processor.py:830} INFO - Processing file /home/airflow/.local/lib/python3.12/site-packages/airflow/example_dags/example_branch_labels.py for tasks to queue
[2025-04-21T22:02:49.339+0000] {logging_mixin.py:188} INFO - [2025-04-21T22:02:49.339+0000] {dagbag.py:545} INFO - Filling up the DagBag from /home/airflow/.local/lib/python3.12/site-packages/airflow/example_dags/example_branch_labels.py
[2025-04-21T22:02:49.343+0000] {processor.py:840} INFO - DAG(s) 'example_branch_labels' retrieved from /home/airflow/.local/lib/python3.12/site-packages/airflow/example_dags/example_branch_labels.py
[2025-04-21T22:02:49.361+0000] {logging_mixin.py:188} INFO - [2025-04-21T22:02:49.361+0000] {dag.py:3096} INFO - Sync 1 DAGs
[2025-04-21T22:02:49.372+0000] {logging_mixin.py:188} INFO - [2025-04-21T22:02:49.372+0000] {dag.py:3954} INFO - Setting next_dagrun for example_branch_labels to 2025-04-20 00:00:00+00:00, run_after=2025-04-21 00:00:00+00:00
[2025-04-21T22:02:49.382+0000] {processor.py:183} INFO - Processing /home/airflow/.local/lib/python3.12/site-packages/airflow/example_dags/example_branch_labels.py took 0.051 seconds
[2025-04-21T22:03:20.132+0000] {processor.py:161} INFO - Started process (PID=95510) to work on /home/airflow/.local/lib/python3.12/site-packages/airflow/example_dags/example_branch_labels.py
[2025-04-21T22:03:20.133+0000] {processor.py:830} INFO - Processing file /home/airflow/.local/lib/python3.12/site-packages/airflow/example_dags/example_branch_labels.py for tasks to queue
[2025-04-21T22:03:20.133+0000] {logging_mixin.py:188} INFO - [2025-04-21T22:03:20.133+0000] {dagbag.py:545} INFO - Filling up the DagBag from /home/airflow/.local/lib/python3.12/site-packages/airflow/example_dags/example_branch_labels.py
[2025-04-21T22:03:20.137+0000] {processor.py:840} INFO - DAG(s) 'example_branch_labels' retrieved from /home/airflow/.local/lib/python3.12/site-packages/airflow/example_dags/example_branch_labels.py
[2025-04-21T22:03:20.148+0000] {logging_mixin.py:188} INFO - [2025-04-21T22:03:20.148+0000] {dag.py:3096} INFO - Sync 1 DAGs
[2025-04-21T22:03:20.157+0000] {logging_mixin.py:188} INFO - [2025-04-21T22:03:20.157+0000] {dag.py:3954} INFO - Setting next_dagrun for example_branch_labels to 2025-04-20 00:00:00+00:00, run_after=2025-04-21 00:00:00+00:00
[2025-04-21T22:03:20.165+0000] {processor.py:183} INFO - Processing /home/airflow/.local/lib/python3.12/site-packages/airflow/example_dags/example_branch_labels.py took 0.035 seconds
[2025-04-21T22:11:06.233+0000] {processor.py:161} INFO - Started process (PID=95570) to work on /home/airflow/.local/lib/python3.12/site-packages/airflow/example_dags/example_branch_labels.py
[2025-04-21T22:11:06.235+0000] {processor.py:830} INFO - Processing file /home/airflow/.local/lib/python3.12/site-packages/airflow/example_dags/example_branch_labels.py for tasks to queue
[2025-04-21T22:11:06.237+0000] {logging_mixin.py:188} INFO - [2025-04-21T22:11:06.237+0000] {dagbag.py:545} INFO - Filling up the DagBag from /home/airflow/.local/lib/python3.12/site-packages/airflow/example_dags/example_branch_labels.py
[2025-04-21T22:11:06.241+0000] {processor.py:840} INFO - DAG(s) 'example_branch_labels' retrieved from /home/airflow/.local/lib/python3.12/site-packages/airflow/example_dags/example_branch_labels.py
[2025-04-21T22:11:06.256+0000] {logging_mixin.py:188} INFO - [2025-04-21T22:11:06.256+0000] {dag.py:3096} INFO - Sync 1 DAGs
[2025-04-21T22:11:06.270+0000] {logging_mixin.py:188} INFO - [2025-04-21T22:11:06.270+0000] {dag.py:3954} INFO - Setting next_dagrun for example_branch_labels to 2025-04-20 00:00:00+00:00, run_after=2025-04-21 00:00:00+00:00
[2025-04-21T22:11:06.284+0000] {processor.py:183} INFO - Processing /home/airflow/.local/lib/python3.12/site-packages/airflow/example_dags/example_branch_labels.py took 0.054 seconds
[2025-04-21T22:16:19.230+0000] {processor.py:161} INFO - Started process (PID=95630) to work on /home/airflow/.local/lib/python3.12/site-packages/airflow/example_dags/example_branch_labels.py
[2025-04-21T22:16:19.231+0000] {processor.py:830} INFO - Processing file /home/airflow/.local/lib/python3.12/site-packages/airflow/example_dags/example_branch_labels.py for tasks to queue
[2025-04-21T22:16:19.233+0000] {logging_mixin.py:188} INFO - [2025-04-21T22:16:19.233+0000] {dagbag.py:545} INFO - Filling up the DagBag from /home/airflow/.local/lib/python3.12/site-packages/airflow/example_dags/example_branch_labels.py
[2025-04-21T22:16:19.241+0000] {processor.py:840} INFO - DAG(s) 'example_branch_labels' retrieved from /home/airflow/.local/lib/python3.12/site-packages/airflow/example_dags/example_branch_labels.py
[2025-04-21T22:16:19.257+0000] {logging_mixin.py:188} INFO - [2025-04-21T22:16:19.256+0000] {dag.py:3096} INFO - Sync 1 DAGs
[2025-04-21T22:16:19.271+0000] {logging_mixin.py:188} INFO - [2025-04-21T22:16:19.271+0000] {dag.py:3954} INFO - Setting next_dagrun for example_branch_labels to 2025-04-20 00:00:00+00:00, run_after=2025-04-21 00:00:00+00:00
[2025-04-21T22:16:19.284+0000] {processor.py:183} INFO - Processing /home/airflow/.local/lib/python3.12/site-packages/airflow/example_dags/example_branch_labels.py took 0.065 seconds
[2025-04-21T22:34:10.505+0000] {processor.py:161} INFO - Started process (PID=95690) to work on /home/airflow/.local/lib/python3.12/site-packages/airflow/example_dags/example_branch_labels.py
[2025-04-21T22:34:10.506+0000] {processor.py:830} INFO - Processing file /home/airflow/.local/lib/python3.12/site-packages/airflow/example_dags/example_branch_labels.py for tasks to queue
[2025-04-21T22:34:10.507+0000] {logging_mixin.py:188} INFO - [2025-04-21T22:34:10.507+0000] {dagbag.py:545} INFO - Filling up the DagBag from /home/airflow/.local/lib/python3.12/site-packages/airflow/example_dags/example_branch_labels.py
[2025-04-21T22:34:10.511+0000] {processor.py:840} INFO - DAG(s) 'example_branch_labels' retrieved from /home/airflow/.local/lib/python3.12/site-packages/airflow/example_dags/example_branch_labels.py
[2025-04-21T22:34:10.522+0000] {logging_mixin.py:188} INFO - [2025-04-21T22:34:10.522+0000] {dag.py:3096} INFO - Sync 1 DAGs
[2025-04-21T22:34:10.532+0000] {logging_mixin.py:188} INFO - [2025-04-21T22:34:10.532+0000] {dag.py:3954} INFO - Setting next_dagrun for example_branch_labels to 2025-04-20 00:00:00+00:00, run_after=2025-04-21 00:00:00+00:00
[2025-04-21T22:34:10.539+0000] {processor.py:183} INFO - Processing /home/airflow/.local/lib/python3.12/site-packages/airflow/example_dags/example_branch_labels.py took 0.038 seconds
[2025-04-21T22:39:23.565+0000] {processor.py:161} INFO - Started process (PID=95750) to work on /home/airflow/.local/lib/python3.12/site-packages/airflow/example_dags/example_branch_labels.py
[2025-04-21T22:39:23.566+0000] {processor.py:830} INFO - Processing file /home/airflow/.local/lib/python3.12/site-packages/airflow/example_dags/example_branch_labels.py for tasks to queue
[2025-04-21T22:39:23.567+0000] {logging_mixin.py:188} INFO - [2025-04-21T22:39:23.566+0000] {dagbag.py:545} INFO - Filling up the DagBag from /home/airflow/.local/lib/python3.12/site-packages/airflow/example_dags/example_branch_labels.py
[2025-04-21T22:39:23.573+0000] {processor.py:840} INFO - DAG(s) 'example_branch_labels' retrieved from /home/airflow/.local/lib/python3.12/site-packages/airflow/example_dags/example_branch_labels.py
[2025-04-21T22:39:23.592+0000] {logging_mixin.py:188} INFO - [2025-04-21T22:39:23.592+0000] {dag.py:3096} INFO - Sync 1 DAGs
[2025-04-21T22:39:23.606+0000] {logging_mixin.py:188} INFO - [2025-04-21T22:39:23.605+0000] {dag.py:3954} INFO - Setting next_dagrun for example_branch_labels to 2025-04-20 00:00:00+00:00, run_after=2025-04-21 00:00:00+00:00
[2025-04-21T22:39:23.615+0000] {processor.py:183} INFO - Processing /home/airflow/.local/lib/python3.12/site-packages/airflow/example_dags/example_branch_labels.py took 0.055 seconds
