[2025-04-21T00:38:23.954+0000] {processor.py:161} INFO - Started process (PID=91363) to work on /home/airflow/.local/lib/python3.12/site-packages/airflow/example_dags/tutorial_taskflow_api.py
[2025-04-21T00:38:23.955+0000] {processor.py:830} INFO - Processing file /home/airflow/.local/lib/python3.12/site-packages/airflow/example_dags/tutorial_taskflow_api.py for tasks to queue
[2025-04-21T00:38:23.958+0000] {logging_mixin.py:188} INFO - [2025-04-21T00:38:23.957+0000] {dagbag.py:545} INFO - Filling up the DagBag from /home/airflow/.local/lib/python3.12/site-packages/airflow/example_dags/tutorial_taskflow_api.py
[2025-04-21T00:38:23.962+0000] {processor.py:840} INFO - DAG(s) 'tutorial_taskflow_api' retrieved from /home/airflow/.local/lib/python3.12/site-packages/airflow/example_dags/tutorial_taskflow_api.py
[2025-04-21T00:38:23.976+0000] {logging_mixin.py:188} INFO - [2025-04-21T00:38:23.976+0000] {dag.py:3096} INFO - Sync 1 DAGs
[2025-04-21T00:38:23.984+0000] {logging_mixin.py:188} INFO - [2025-04-21T00:38:23.984+0000] {dag.py:3954} INFO - Setting next_dagrun for tutorial_taskflow_api to None, run_after=None
[2025-04-21T00:38:23.997+0000] {processor.py:183} INFO - Processing /home/airflow/.local/lib/python3.12/site-packages/airflow/example_dags/tutorial_taskflow_api.py took 0.047 seconds
[2025-04-21T01:37:14.135+0000] {processor.py:161} INFO - Started process (PID=91423) to work on /home/airflow/.local/lib/python3.12/site-packages/airflow/example_dags/tutorial_taskflow_api.py
[2025-04-21T01:37:14.136+0000] {processor.py:830} INFO - Processing file /home/airflow/.local/lib/python3.12/site-packages/airflow/example_dags/tutorial_taskflow_api.py for tasks to queue
[2025-04-21T01:37:14.137+0000] {logging_mixin.py:188} INFO - [2025-04-21T01:37:14.137+0000] {dagbag.py:545} INFO - Filling up the DagBag from /home/airflow/.local/lib/python3.12/site-packages/airflow/example_dags/tutorial_taskflow_api.py
[2025-04-21T01:37:14.141+0000] {processor.py:840} INFO - DAG(s) 'tutorial_taskflow_api' retrieved from /home/airflow/.local/lib/python3.12/site-packages/airflow/example_dags/tutorial_taskflow_api.py
[2025-04-21T01:37:14.153+0000] {logging_mixin.py:188} INFO - [2025-04-21T01:37:14.153+0000] {dag.py:3096} INFO - Sync 1 DAGs
[2025-04-21T01:37:14.166+0000] {logging_mixin.py:188} INFO - [2025-04-21T01:37:14.166+0000] {dag.py:3954} INFO - Setting next_dagrun for tutorial_taskflow_api to None, run_after=None
[2025-04-21T01:37:14.184+0000] {processor.py:183} INFO - Processing /home/airflow/.local/lib/python3.12/site-packages/airflow/example_dags/tutorial_taskflow_api.py took 0.052 seconds
[2025-04-21T01:37:44.325+0000] {processor.py:161} INFO - Started process (PID=91482) to work on /home/airflow/.local/lib/python3.12/site-packages/airflow/example_dags/tutorial_taskflow_api.py
[2025-04-21T01:37:44.325+0000] {processor.py:830} INFO - Processing file /home/airflow/.local/lib/python3.12/site-packages/airflow/example_dags/tutorial_taskflow_api.py for tasks to queue
[2025-04-21T01:37:44.326+0000] {logging_mixin.py:188} INFO - [2025-04-21T01:37:44.326+0000] {dagbag.py:545} INFO - Filling up the DagBag from /home/airflow/.local/lib/python3.12/site-packages/airflow/example_dags/tutorial_taskflow_api.py
[2025-04-21T01:37:44.329+0000] {processor.py:840} INFO - DAG(s) 'tutorial_taskflow_api' retrieved from /home/airflow/.local/lib/python3.12/site-packages/airflow/example_dags/tutorial_taskflow_api.py
[2025-04-21T01:37:44.339+0000] {logging_mixin.py:188} INFO - [2025-04-21T01:37:44.339+0000] {dag.py:3096} INFO - Sync 1 DAGs
[2025-04-21T01:37:44.345+0000] {logging_mixin.py:188} INFO - [2025-04-21T01:37:44.345+0000] {dag.py:3954} INFO - Setting next_dagrun for tutorial_taskflow_api to None, run_after=None
[2025-04-21T01:37:44.353+0000] {processor.py:183} INFO - Processing /home/airflow/.local/lib/python3.12/site-packages/airflow/example_dags/tutorial_taskflow_api.py took 0.031 seconds
[2025-04-21T02:58:43.553+0000] {processor.py:161} INFO - Started process (PID=91542) to work on /home/airflow/.local/lib/python3.12/site-packages/airflow/example_dags/tutorial_taskflow_api.py
[2025-04-21T02:58:43.555+0000] {processor.py:830} INFO - Processing file /home/airflow/.local/lib/python3.12/site-packages/airflow/example_dags/tutorial_taskflow_api.py for tasks to queue
[2025-04-21T02:58:43.556+0000] {logging_mixin.py:188} INFO - [2025-04-21T02:58:43.556+0000] {dagbag.py:545} INFO - Filling up the DagBag from /home/airflow/.local/lib/python3.12/site-packages/airflow/example_dags/tutorial_taskflow_api.py
[2025-04-21T02:58:43.561+0000] {processor.py:840} INFO - DAG(s) 'tutorial_taskflow_api' retrieved from /home/airflow/.local/lib/python3.12/site-packages/airflow/example_dags/tutorial_taskflow_api.py
[2025-04-21T02:58:43.574+0000] {logging_mixin.py:188} INFO - [2025-04-21T02:58:43.574+0000] {dag.py:3096} INFO - Sync 1 DAGs
[2025-04-21T02:58:43.580+0000] {logging_mixin.py:188} INFO - [2025-04-21T02:58:43.580+0000] {dag.py:3954} INFO - Setting next_dagrun for tutorial_taskflow_api to None, run_after=None
[2025-04-21T02:58:43.593+0000] {processor.py:183} INFO - Processing /home/airflow/.local/lib/python3.12/site-packages/airflow/example_dags/tutorial_taskflow_api.py took 0.044 seconds
[2025-04-21T04:23:09.609+0000] {processor.py:161} INFO - Started process (PID=91602) to work on /home/airflow/.local/lib/python3.12/site-packages/airflow/example_dags/tutorial_taskflow_api.py
[2025-04-21T04:23:09.610+0000] {processor.py:830} INFO - Processing file /home/airflow/.local/lib/python3.12/site-packages/airflow/example_dags/tutorial_taskflow_api.py for tasks to queue
[2025-04-21T04:23:09.612+0000] {logging_mixin.py:188} INFO - [2025-04-21T04:23:09.612+0000] {dagbag.py:545} INFO - Filling up the DagBag from /home/airflow/.local/lib/python3.12/site-packages/airflow/example_dags/tutorial_taskflow_api.py
[2025-04-21T04:23:09.615+0000] {processor.py:840} INFO - DAG(s) 'tutorial_taskflow_api' retrieved from /home/airflow/.local/lib/python3.12/site-packages/airflow/example_dags/tutorial_taskflow_api.py
[2025-04-21T04:23:09.627+0000] {logging_mixin.py:188} INFO - [2025-04-21T04:23:09.627+0000] {dag.py:3096} INFO - Sync 1 DAGs
[2025-04-21T04:23:09.636+0000] {logging_mixin.py:188} INFO - [2025-04-21T04:23:09.636+0000] {dag.py:3954} INFO - Setting next_dagrun for tutorial_taskflow_api to None, run_after=None
[2025-04-21T04:23:09.650+0000] {processor.py:183} INFO - Processing /home/airflow/.local/lib/python3.12/site-packages/airflow/example_dags/tutorial_taskflow_api.py took 0.045 seconds
[2025-04-21T04:23:40.015+0000] {processor.py:161} INFO - Started process (PID=91661) to work on /home/airflow/.local/lib/python3.12/site-packages/airflow/example_dags/tutorial_taskflow_api.py
[2025-04-21T04:23:40.016+0000] {processor.py:830} INFO - Processing file /home/airflow/.local/lib/python3.12/site-packages/airflow/example_dags/tutorial_taskflow_api.py for tasks to queue
[2025-04-21T04:23:40.017+0000] {logging_mixin.py:188} INFO - [2025-04-21T04:23:40.017+0000] {dagbag.py:545} INFO - Filling up the DagBag from /home/airflow/.local/lib/python3.12/site-packages/airflow/example_dags/tutorial_taskflow_api.py
[2025-04-21T04:23:40.021+0000] {processor.py:840} INFO - DAG(s) 'tutorial_taskflow_api' retrieved from /home/airflow/.local/lib/python3.12/site-packages/airflow/example_dags/tutorial_taskflow_api.py
[2025-04-21T04:23:40.034+0000] {logging_mixin.py:188} INFO - [2025-04-21T04:23:40.034+0000] {dag.py:3096} INFO - Sync 1 DAGs
[2025-04-21T04:23:40.040+0000] {logging_mixin.py:188} INFO - [2025-04-21T04:23:40.040+0000] {dag.py:3954} INFO - Setting next_dagrun for tutorial_taskflow_api to None, run_after=None
[2025-04-21T04:23:40.050+0000] {processor.py:183} INFO - Processing /home/airflow/.local/lib/python3.12/site-packages/airflow/example_dags/tutorial_taskflow_api.py took 0.038 seconds
[2025-04-21T04:28:52.814+0000] {processor.py:161} INFO - Started process (PID=91722) to work on /home/airflow/.local/lib/python3.12/site-packages/airflow/example_dags/tutorial_taskflow_api.py
[2025-04-21T04:28:52.814+0000] {processor.py:830} INFO - Processing file /home/airflow/.local/lib/python3.12/site-packages/airflow/example_dags/tutorial_taskflow_api.py for tasks to queue
[2025-04-21T04:28:52.815+0000] {logging_mixin.py:188} INFO - [2025-04-21T04:28:52.815+0000] {dagbag.py:545} INFO - Filling up the DagBag from /home/airflow/.local/lib/python3.12/site-packages/airflow/example_dags/tutorial_taskflow_api.py
[2025-04-21T04:28:52.819+0000] {processor.py:840} INFO - DAG(s) 'tutorial_taskflow_api' retrieved from /home/airflow/.local/lib/python3.12/site-packages/airflow/example_dags/tutorial_taskflow_api.py
[2025-04-21T04:28:52.833+0000] {logging_mixin.py:188} INFO - [2025-04-21T04:28:52.833+0000] {dag.py:3096} INFO - Sync 1 DAGs
[2025-04-21T04:28:52.842+0000] {logging_mixin.py:188} INFO - [2025-04-21T04:28:52.842+0000] {dag.py:3954} INFO - Setting next_dagrun for tutorial_taskflow_api to None, run_after=None
[2025-04-21T04:28:52.852+0000] {processor.py:183} INFO - Processing /home/airflow/.local/lib/python3.12/site-packages/airflow/example_dags/tutorial_taskflow_api.py took 0.040 seconds
[2025-04-21T04:29:23.394+0000] {processor.py:161} INFO - Started process (PID=91782) to work on /home/airflow/.local/lib/python3.12/site-packages/airflow/example_dags/tutorial_taskflow_api.py
[2025-04-21T04:29:23.395+0000] {processor.py:830} INFO - Processing file /home/airflow/.local/lib/python3.12/site-packages/airflow/example_dags/tutorial_taskflow_api.py for tasks to queue
[2025-04-21T04:29:23.396+0000] {logging_mixin.py:188} INFO - [2025-04-21T04:29:23.396+0000] {dagbag.py:545} INFO - Filling up the DagBag from /home/airflow/.local/lib/python3.12/site-packages/airflow/example_dags/tutorial_taskflow_api.py
[2025-04-21T04:29:23.399+0000] {processor.py:840} INFO - DAG(s) 'tutorial_taskflow_api' retrieved from /home/airflow/.local/lib/python3.12/site-packages/airflow/example_dags/tutorial_taskflow_api.py
[2025-04-21T04:29:23.411+0000] {logging_mixin.py:188} INFO - [2025-04-21T04:29:23.410+0000] {dag.py:3096} INFO - Sync 1 DAGs
[2025-04-21T04:29:23.417+0000] {logging_mixin.py:188} INFO - [2025-04-21T04:29:23.417+0000] {dag.py:3954} INFO - Setting next_dagrun for tutorial_taskflow_api to None, run_after=None
[2025-04-21T04:29:23.426+0000] {processor.py:183} INFO - Processing /home/airflow/.local/lib/python3.12/site-packages/airflow/example_dags/tutorial_taskflow_api.py took 0.035 seconds
[2025-04-21T04:31:10.909+0000] {processor.py:161} INFO - Started process (PID=91842) to work on /home/airflow/.local/lib/python3.12/site-packages/airflow/example_dags/tutorial_taskflow_api.py
[2025-04-21T04:31:10.910+0000] {processor.py:830} INFO - Processing file /home/airflow/.local/lib/python3.12/site-packages/airflow/example_dags/tutorial_taskflow_api.py for tasks to queue
[2025-04-21T04:31:10.911+0000] {logging_mixin.py:188} INFO - [2025-04-21T04:31:10.911+0000] {dagbag.py:545} INFO - Filling up the DagBag from /home/airflow/.local/lib/python3.12/site-packages/airflow/example_dags/tutorial_taskflow_api.py
[2025-04-21T04:31:10.914+0000] {processor.py:840} INFO - DAG(s) 'tutorial_taskflow_api' retrieved from /home/airflow/.local/lib/python3.12/site-packages/airflow/example_dags/tutorial_taskflow_api.py
[2025-04-21T04:31:10.923+0000] {logging_mixin.py:188} INFO - [2025-04-21T04:31:10.923+0000] {dag.py:3096} INFO - Sync 1 DAGs
[2025-04-21T04:31:10.928+0000] {logging_mixin.py:188} INFO - [2025-04-21T04:31:10.928+0000] {dag.py:3954} INFO - Setting next_dagrun for tutorial_taskflow_api to None, run_after=None
[2025-04-21T04:31:10.935+0000] {processor.py:183} INFO - Processing /home/airflow/.local/lib/python3.12/site-packages/airflow/example_dags/tutorial_taskflow_api.py took 0.029 seconds
[2025-04-21T04:36:24.141+0000] {processor.py:161} INFO - Started process (PID=91902) to work on /home/airflow/.local/lib/python3.12/site-packages/airflow/example_dags/tutorial_taskflow_api.py
[2025-04-21T04:36:24.145+0000] {processor.py:830} INFO - Processing file /home/airflow/.local/lib/python3.12/site-packages/airflow/example_dags/tutorial_taskflow_api.py for tasks to queue
[2025-04-21T04:36:24.146+0000] {logging_mixin.py:188} INFO - [2025-04-21T04:36:24.146+0000] {dagbag.py:545} INFO - Filling up the DagBag from /home/airflow/.local/lib/python3.12/site-packages/airflow/example_dags/tutorial_taskflow_api.py
[2025-04-21T04:36:24.149+0000] {processor.py:840} INFO - DAG(s) 'tutorial_taskflow_api' retrieved from /home/airflow/.local/lib/python3.12/site-packages/airflow/example_dags/tutorial_taskflow_api.py
[2025-04-21T04:36:24.159+0000] {logging_mixin.py:188} INFO - [2025-04-21T04:36:24.159+0000] {dag.py:3096} INFO - Sync 1 DAGs
[2025-04-21T04:36:24.165+0000] {logging_mixin.py:188} INFO - [2025-04-21T04:36:24.165+0000] {dag.py:3954} INFO - Setting next_dagrun for tutorial_taskflow_api to None, run_after=None
[2025-04-21T04:36:24.179+0000] {processor.py:183} INFO - Processing /home/airflow/.local/lib/python3.12/site-packages/airflow/example_dags/tutorial_taskflow_api.py took 0.041 seconds
[2025-04-21T04:41:37.541+0000] {processor.py:161} INFO - Started process (PID=91962) to work on /home/airflow/.local/lib/python3.12/site-packages/airflow/example_dags/tutorial_taskflow_api.py
[2025-04-21T04:41:37.543+0000] {processor.py:830} INFO - Processing file /home/airflow/.local/lib/python3.12/site-packages/airflow/example_dags/tutorial_taskflow_api.py for tasks to queue
[2025-04-21T04:41:37.544+0000] {logging_mixin.py:188} INFO - [2025-04-21T04:41:37.544+0000] {dagbag.py:545} INFO - Filling up the DagBag from /home/airflow/.local/lib/python3.12/site-packages/airflow/example_dags/tutorial_taskflow_api.py
[2025-04-21T04:41:37.548+0000] {processor.py:840} INFO - DAG(s) 'tutorial_taskflow_api' retrieved from /home/airflow/.local/lib/python3.12/site-packages/airflow/example_dags/tutorial_taskflow_api.py
[2025-04-21T04:41:37.560+0000] {logging_mixin.py:188} INFO - [2025-04-21T04:41:37.560+0000] {dag.py:3096} INFO - Sync 1 DAGs
[2025-04-21T04:41:37.570+0000] {logging_mixin.py:188} INFO - [2025-04-21T04:41:37.570+0000] {dag.py:3954} INFO - Setting next_dagrun for tutorial_taskflow_api to None, run_after=None
[2025-04-21T04:41:37.585+0000] {processor.py:183} INFO - Processing /home/airflow/.local/lib/python3.12/site-packages/airflow/example_dags/tutorial_taskflow_api.py took 0.047 seconds
[2025-04-21T04:46:50.424+0000] {processor.py:161} INFO - Started process (PID=92022) to work on /home/airflow/.local/lib/python3.12/site-packages/airflow/example_dags/tutorial_taskflow_api.py
[2025-04-21T04:46:50.424+0000] {processor.py:830} INFO - Processing file /home/airflow/.local/lib/python3.12/site-packages/airflow/example_dags/tutorial_taskflow_api.py for tasks to queue
[2025-04-21T04:46:50.425+0000] {logging_mixin.py:188} INFO - [2025-04-21T04:46:50.425+0000] {dagbag.py:545} INFO - Filling up the DagBag from /home/airflow/.local/lib/python3.12/site-packages/airflow/example_dags/tutorial_taskflow_api.py
[2025-04-21T04:46:50.429+0000] {processor.py:840} INFO - DAG(s) 'tutorial_taskflow_api' retrieved from /home/airflow/.local/lib/python3.12/site-packages/airflow/example_dags/tutorial_taskflow_api.py
[2025-04-21T04:46:50.440+0000] {logging_mixin.py:188} INFO - [2025-04-21T04:46:50.440+0000] {dag.py:3096} INFO - Sync 1 DAGs
[2025-04-21T04:46:50.446+0000] {logging_mixin.py:188} INFO - [2025-04-21T04:46:50.446+0000] {dag.py:3954} INFO - Setting next_dagrun for tutorial_taskflow_api to None, run_after=None
[2025-04-21T04:46:50.454+0000] {processor.py:183} INFO - Processing /home/airflow/.local/lib/python3.12/site-packages/airflow/example_dags/tutorial_taskflow_api.py took 0.034 seconds
[2025-04-21T04:47:20.578+0000] {processor.py:161} INFO - Started process (PID=92082) to work on /home/airflow/.local/lib/python3.12/site-packages/airflow/example_dags/tutorial_taskflow_api.py
[2025-04-21T04:47:20.579+0000] {processor.py:830} INFO - Processing file /home/airflow/.local/lib/python3.12/site-packages/airflow/example_dags/tutorial_taskflow_api.py for tasks to queue
[2025-04-21T04:47:20.580+0000] {logging_mixin.py:188} INFO - [2025-04-21T04:47:20.579+0000] {dagbag.py:545} INFO - Filling up the DagBag from /home/airflow/.local/lib/python3.12/site-packages/airflow/example_dags/tutorial_taskflow_api.py
[2025-04-21T04:47:20.583+0000] {processor.py:840} INFO - DAG(s) 'tutorial_taskflow_api' retrieved from /home/airflow/.local/lib/python3.12/site-packages/airflow/example_dags/tutorial_taskflow_api.py
[2025-04-21T04:47:20.594+0000] {logging_mixin.py:188} INFO - [2025-04-21T04:47:20.593+0000] {dag.py:3096} INFO - Sync 1 DAGs
[2025-04-21T04:47:20.599+0000] {logging_mixin.py:188} INFO - [2025-04-21T04:47:20.599+0000] {dag.py:3954} INFO - Setting next_dagrun for tutorial_taskflow_api to None, run_after=None
[2025-04-21T04:47:20.608+0000] {processor.py:183} INFO - Processing /home/airflow/.local/lib/python3.12/site-packages/airflow/example_dags/tutorial_taskflow_api.py took 0.033 seconds
[2025-04-21T04:52:33.633+0000] {processor.py:161} INFO - Started process (PID=92142) to work on /home/airflow/.local/lib/python3.12/site-packages/airflow/example_dags/tutorial_taskflow_api.py
[2025-04-21T04:52:33.635+0000] {processor.py:830} INFO - Processing file /home/airflow/.local/lib/python3.12/site-packages/airflow/example_dags/tutorial_taskflow_api.py for tasks to queue
[2025-04-21T04:52:33.638+0000] {logging_mixin.py:188} INFO - [2025-04-21T04:52:33.637+0000] {dagbag.py:545} INFO - Filling up the DagBag from /home/airflow/.local/lib/python3.12/site-packages/airflow/example_dags/tutorial_taskflow_api.py
[2025-04-21T04:52:33.641+0000] {processor.py:840} INFO - DAG(s) 'tutorial_taskflow_api' retrieved from /home/airflow/.local/lib/python3.12/site-packages/airflow/example_dags/tutorial_taskflow_api.py
[2025-04-21T04:52:33.651+0000] {logging_mixin.py:188} INFO - [2025-04-21T04:52:33.651+0000] {dag.py:3096} INFO - Sync 1 DAGs
[2025-04-21T04:52:33.660+0000] {logging_mixin.py:188} INFO - [2025-04-21T04:52:33.660+0000] {dag.py:3954} INFO - Setting next_dagrun for tutorial_taskflow_api to None, run_after=None
[2025-04-21T04:52:33.669+0000] {processor.py:183} INFO - Processing /home/airflow/.local/lib/python3.12/site-packages/airflow/example_dags/tutorial_taskflow_api.py took 0.039 seconds
[2025-04-21T05:15:37.125+0000] {processor.py:161} INFO - Started process (PID=92202) to work on /home/airflow/.local/lib/python3.12/site-packages/airflow/example_dags/tutorial_taskflow_api.py
[2025-04-21T05:15:37.126+0000] {processor.py:830} INFO - Processing file /home/airflow/.local/lib/python3.12/site-packages/airflow/example_dags/tutorial_taskflow_api.py for tasks to queue
[2025-04-21T05:15:37.127+0000] {logging_mixin.py:188} INFO - [2025-04-21T05:15:37.127+0000] {dagbag.py:545} INFO - Filling up the DagBag from /home/airflow/.local/lib/python3.12/site-packages/airflow/example_dags/tutorial_taskflow_api.py
[2025-04-21T05:15:37.132+0000] {processor.py:840} INFO - DAG(s) 'tutorial_taskflow_api' retrieved from /home/airflow/.local/lib/python3.12/site-packages/airflow/example_dags/tutorial_taskflow_api.py
[2025-04-21T05:15:37.149+0000] {logging_mixin.py:188} INFO - [2025-04-21T05:15:37.149+0000] {dag.py:3096} INFO - Sync 1 DAGs
[2025-04-21T05:15:37.156+0000] {logging_mixin.py:188} INFO - [2025-04-21T05:15:37.156+0000] {dag.py:3954} INFO - Setting next_dagrun for tutorial_taskflow_api to None, run_after=None
[2025-04-21T05:15:37.165+0000] {processor.py:183} INFO - Processing /home/airflow/.local/lib/python3.12/site-packages/airflow/example_dags/tutorial_taskflow_api.py took 0.047 seconds
[2025-04-21T05:20:50.709+0000] {processor.py:161} INFO - Started process (PID=92262) to work on /home/airflow/.local/lib/python3.12/site-packages/airflow/example_dags/tutorial_taskflow_api.py
[2025-04-21T05:20:50.710+0000] {processor.py:830} INFO - Processing file /home/airflow/.local/lib/python3.12/site-packages/airflow/example_dags/tutorial_taskflow_api.py for tasks to queue
[2025-04-21T05:20:50.711+0000] {logging_mixin.py:188} INFO - [2025-04-21T05:20:50.711+0000] {dagbag.py:545} INFO - Filling up the DagBag from /home/airflow/.local/lib/python3.12/site-packages/airflow/example_dags/tutorial_taskflow_api.py
[2025-04-21T05:20:50.714+0000] {processor.py:840} INFO - DAG(s) 'tutorial_taskflow_api' retrieved from /home/airflow/.local/lib/python3.12/site-packages/airflow/example_dags/tutorial_taskflow_api.py
[2025-04-21T05:20:50.724+0000] {logging_mixin.py:188} INFO - [2025-04-21T05:20:50.724+0000] {dag.py:3096} INFO - Sync 1 DAGs
[2025-04-21T05:20:50.729+0000] {logging_mixin.py:188} INFO - [2025-04-21T05:20:50.729+0000] {dag.py:3954} INFO - Setting next_dagrun for tutorial_taskflow_api to None, run_after=None
[2025-04-21T05:20:50.744+0000] {processor.py:183} INFO - Processing /home/airflow/.local/lib/python3.12/site-packages/airflow/example_dags/tutorial_taskflow_api.py took 0.037 seconds
[2025-04-21T05:26:03.222+0000] {processor.py:161} INFO - Started process (PID=92322) to work on /home/airflow/.local/lib/python3.12/site-packages/airflow/example_dags/tutorial_taskflow_api.py
[2025-04-21T05:26:03.222+0000] {processor.py:830} INFO - Processing file /home/airflow/.local/lib/python3.12/site-packages/airflow/example_dags/tutorial_taskflow_api.py for tasks to queue
[2025-04-21T05:26:03.223+0000] {logging_mixin.py:188} INFO - [2025-04-21T05:26:03.223+0000] {dagbag.py:545} INFO - Filling up the DagBag from /home/airflow/.local/lib/python3.12/site-packages/airflow/example_dags/tutorial_taskflow_api.py
[2025-04-21T05:26:03.227+0000] {processor.py:840} INFO - DAG(s) 'tutorial_taskflow_api' retrieved from /home/airflow/.local/lib/python3.12/site-packages/airflow/example_dags/tutorial_taskflow_api.py
[2025-04-21T05:26:03.236+0000] {logging_mixin.py:188} INFO - [2025-04-21T05:26:03.236+0000] {dag.py:3096} INFO - Sync 1 DAGs
[2025-04-21T05:26:03.242+0000] {logging_mixin.py:188} INFO - [2025-04-21T05:26:03.242+0000] {dag.py:3954} INFO - Setting next_dagrun for tutorial_taskflow_api to None, run_after=None
[2025-04-21T05:26:03.259+0000] {processor.py:183} INFO - Processing /home/airflow/.local/lib/python3.12/site-packages/airflow/example_dags/tutorial_taskflow_api.py took 0.040 seconds
[2025-04-21T05:59:57.719+0000] {processor.py:161} INFO - Started process (PID=92382) to work on /home/airflow/.local/lib/python3.12/site-packages/airflow/example_dags/tutorial_taskflow_api.py
[2025-04-21T05:59:57.720+0000] {processor.py:830} INFO - Processing file /home/airflow/.local/lib/python3.12/site-packages/airflow/example_dags/tutorial_taskflow_api.py for tasks to queue
[2025-04-21T05:59:57.721+0000] {logging_mixin.py:188} INFO - [2025-04-21T05:59:57.721+0000] {dagbag.py:545} INFO - Filling up the DagBag from /home/airflow/.local/lib/python3.12/site-packages/airflow/example_dags/tutorial_taskflow_api.py
[2025-04-21T05:59:57.729+0000] {processor.py:840} INFO - DAG(s) 'tutorial_taskflow_api' retrieved from /home/airflow/.local/lib/python3.12/site-packages/airflow/example_dags/tutorial_taskflow_api.py
[2025-04-21T05:59:57.751+0000] {logging_mixin.py:188} INFO - [2025-04-21T05:59:57.751+0000] {dag.py:3096} INFO - Sync 1 DAGs
[2025-04-21T05:59:57.757+0000] {logging_mixin.py:188} INFO - [2025-04-21T05:59:57.757+0000] {dag.py:3954} INFO - Setting next_dagrun for tutorial_taskflow_api to None, run_after=None
[2025-04-21T05:59:57.768+0000] {processor.py:183} INFO - Processing /home/airflow/.local/lib/python3.12/site-packages/airflow/example_dags/tutorial_taskflow_api.py took 0.053 seconds
[2025-04-21T07:21:16.331+0000] {processor.py:161} INFO - Started process (PID=92442) to work on /home/airflow/.local/lib/python3.12/site-packages/airflow/example_dags/tutorial_taskflow_api.py
[2025-04-21T07:21:16.332+0000] {processor.py:830} INFO - Processing file /home/airflow/.local/lib/python3.12/site-packages/airflow/example_dags/tutorial_taskflow_api.py for tasks to queue
[2025-04-21T07:21:16.333+0000] {logging_mixin.py:188} INFO - [2025-04-21T07:21:16.333+0000] {dagbag.py:545} INFO - Filling up the DagBag from /home/airflow/.local/lib/python3.12/site-packages/airflow/example_dags/tutorial_taskflow_api.py
[2025-04-21T07:21:16.336+0000] {processor.py:840} INFO - DAG(s) 'tutorial_taskflow_api' retrieved from /home/airflow/.local/lib/python3.12/site-packages/airflow/example_dags/tutorial_taskflow_api.py
[2025-04-21T07:21:16.345+0000] {logging_mixin.py:188} INFO - [2025-04-21T07:21:16.345+0000] {dag.py:3096} INFO - Sync 1 DAGs
[2025-04-21T07:21:16.351+0000] {logging_mixin.py:188} INFO - [2025-04-21T07:21:16.351+0000] {dag.py:3954} INFO - Setting next_dagrun for tutorial_taskflow_api to None, run_after=None
[2025-04-21T07:21:16.358+0000] {processor.py:183} INFO - Processing /home/airflow/.local/lib/python3.12/site-packages/airflow/example_dags/tutorial_taskflow_api.py took 0.030 seconds
[2025-04-21T09:02:20.763+0000] {processor.py:161} INFO - Started process (PID=92502) to work on /home/airflow/.local/lib/python3.12/site-packages/airflow/example_dags/tutorial_taskflow_api.py
[2025-04-21T09:02:20.766+0000] {processor.py:830} INFO - Processing file /home/airflow/.local/lib/python3.12/site-packages/airflow/example_dags/tutorial_taskflow_api.py for tasks to queue
[2025-04-21T09:02:20.769+0000] {logging_mixin.py:188} INFO - [2025-04-21T09:02:20.769+0000] {dagbag.py:545} INFO - Filling up the DagBag from /home/airflow/.local/lib/python3.12/site-packages/airflow/example_dags/tutorial_taskflow_api.py
[2025-04-21T09:02:20.773+0000] {processor.py:840} INFO - DAG(s) 'tutorial_taskflow_api' retrieved from /home/airflow/.local/lib/python3.12/site-packages/airflow/example_dags/tutorial_taskflow_api.py
[2025-04-21T09:02:20.785+0000] {logging_mixin.py:188} INFO - [2025-04-21T09:02:20.785+0000] {dag.py:3096} INFO - Sync 1 DAGs
[2025-04-21T09:02:20.792+0000] {logging_mixin.py:188} INFO - [2025-04-21T09:02:20.792+0000] {dag.py:3954} INFO - Setting next_dagrun for tutorial_taskflow_api to None, run_after=None
[2025-04-21T09:02:20.804+0000] {processor.py:183} INFO - Processing /home/airflow/.local/lib/python3.12/site-packages/airflow/example_dags/tutorial_taskflow_api.py took 0.045 seconds
[2025-04-21T10:25:29.863+0000] {processor.py:161} INFO - Started process (PID=92562) to work on /home/airflow/.local/lib/python3.12/site-packages/airflow/example_dags/tutorial_taskflow_api.py
[2025-04-21T10:25:29.864+0000] {processor.py:830} INFO - Processing file /home/airflow/.local/lib/python3.12/site-packages/airflow/example_dags/tutorial_taskflow_api.py for tasks to queue
[2025-04-21T10:25:29.865+0000] {logging_mixin.py:188} INFO - [2025-04-21T10:25:29.865+0000] {dagbag.py:545} INFO - Filling up the DagBag from /home/airflow/.local/lib/python3.12/site-packages/airflow/example_dags/tutorial_taskflow_api.py
[2025-04-21T10:25:29.868+0000] {processor.py:840} INFO - DAG(s) 'tutorial_taskflow_api' retrieved from /home/airflow/.local/lib/python3.12/site-packages/airflow/example_dags/tutorial_taskflow_api.py
[2025-04-21T10:25:29.878+0000] {logging_mixin.py:188} INFO - [2025-04-21T10:25:29.877+0000] {dag.py:3096} INFO - Sync 1 DAGs
[2025-04-21T10:25:29.883+0000] {logging_mixin.py:188} INFO - [2025-04-21T10:25:29.883+0000] {dag.py:3954} INFO - Setting next_dagrun for tutorial_taskflow_api to None, run_after=None
[2025-04-21T10:25:29.891+0000] {processor.py:183} INFO - Processing /home/airflow/.local/lib/python3.12/site-packages/airflow/example_dags/tutorial_taskflow_api.py took 0.035 seconds
[2025-04-21T12:02:27.517+0000] {processor.py:161} INFO - Started process (PID=92622) to work on /home/airflow/.local/lib/python3.12/site-packages/airflow/example_dags/tutorial_taskflow_api.py
[2025-04-21T12:02:27.518+0000] {processor.py:830} INFO - Processing file /home/airflow/.local/lib/python3.12/site-packages/airflow/example_dags/tutorial_taskflow_api.py for tasks to queue
[2025-04-21T12:02:27.518+0000] {logging_mixin.py:188} INFO - [2025-04-21T12:02:27.518+0000] {dagbag.py:545} INFO - Filling up the DagBag from /home/airflow/.local/lib/python3.12/site-packages/airflow/example_dags/tutorial_taskflow_api.py
[2025-04-21T12:02:27.523+0000] {processor.py:840} INFO - DAG(s) 'tutorial_taskflow_api' retrieved from /home/airflow/.local/lib/python3.12/site-packages/airflow/example_dags/tutorial_taskflow_api.py
[2025-04-21T12:02:27.539+0000] {logging_mixin.py:188} INFO - [2025-04-21T12:02:27.538+0000] {dag.py:3096} INFO - Sync 1 DAGs
[2025-04-21T12:02:27.546+0000] {logging_mixin.py:188} INFO - [2025-04-21T12:02:27.546+0000] {dag.py:3954} INFO - Setting next_dagrun for tutorial_taskflow_api to None, run_after=None
[2025-04-21T12:02:27.556+0000] {processor.py:183} INFO - Processing /home/airflow/.local/lib/python3.12/site-packages/airflow/example_dags/tutorial_taskflow_api.py took 0.042 seconds
[2025-04-21T12:02:57.718+0000] {processor.py:161} INFO - Started process (PID=92682) to work on /home/airflow/.local/lib/python3.12/site-packages/airflow/example_dags/tutorial_taskflow_api.py
[2025-04-21T12:02:57.719+0000] {processor.py:830} INFO - Processing file /home/airflow/.local/lib/python3.12/site-packages/airflow/example_dags/tutorial_taskflow_api.py for tasks to queue
[2025-04-21T12:02:57.719+0000] {logging_mixin.py:188} INFO - [2025-04-21T12:02:57.719+0000] {dagbag.py:545} INFO - Filling up the DagBag from /home/airflow/.local/lib/python3.12/site-packages/airflow/example_dags/tutorial_taskflow_api.py
[2025-04-21T12:02:57.723+0000] {processor.py:840} INFO - DAG(s) 'tutorial_taskflow_api' retrieved from /home/airflow/.local/lib/python3.12/site-packages/airflow/example_dags/tutorial_taskflow_api.py
[2025-04-21T12:02:57.737+0000] {logging_mixin.py:188} INFO - [2025-04-21T12:02:57.737+0000] {dag.py:3096} INFO - Sync 1 DAGs
[2025-04-21T12:02:57.744+0000] {logging_mixin.py:188} INFO - [2025-04-21T12:02:57.744+0000] {dag.py:3954} INFO - Setting next_dagrun for tutorial_taskflow_api to None, run_after=None
[2025-04-21T12:02:57.753+0000] {processor.py:183} INFO - Processing /home/airflow/.local/lib/python3.12/site-packages/airflow/example_dags/tutorial_taskflow_api.py took 0.038 seconds
[2025-04-21T12:08:10.490+0000] {processor.py:161} INFO - Started process (PID=92742) to work on /home/airflow/.local/lib/python3.12/site-packages/airflow/example_dags/tutorial_taskflow_api.py
[2025-04-21T12:08:10.491+0000] {processor.py:830} INFO - Processing file /home/airflow/.local/lib/python3.12/site-packages/airflow/example_dags/tutorial_taskflow_api.py for tasks to queue
[2025-04-21T12:08:10.491+0000] {logging_mixin.py:188} INFO - [2025-04-21T12:08:10.491+0000] {dagbag.py:545} INFO - Filling up the DagBag from /home/airflow/.local/lib/python3.12/site-packages/airflow/example_dags/tutorial_taskflow_api.py
[2025-04-21T12:08:10.494+0000] {processor.py:840} INFO - DAG(s) 'tutorial_taskflow_api' retrieved from /home/airflow/.local/lib/python3.12/site-packages/airflow/example_dags/tutorial_taskflow_api.py
[2025-04-21T12:08:10.504+0000] {logging_mixin.py:188} INFO - [2025-04-21T12:08:10.504+0000] {dag.py:3096} INFO - Sync 1 DAGs
[2025-04-21T12:08:10.510+0000] {logging_mixin.py:188} INFO - [2025-04-21T12:08:10.510+0000] {dag.py:3954} INFO - Setting next_dagrun for tutorial_taskflow_api to None, run_after=None
[2025-04-21T12:08:10.519+0000] {processor.py:183} INFO - Processing /home/airflow/.local/lib/python3.12/site-packages/airflow/example_dags/tutorial_taskflow_api.py took 0.031 seconds
[2025-04-21T12:09:05.431+0000] {processor.py:161} INFO - Started process (PID=92802) to work on /home/airflow/.local/lib/python3.12/site-packages/airflow/example_dags/tutorial_taskflow_api.py
[2025-04-21T12:09:05.432+0000] {processor.py:830} INFO - Processing file /home/airflow/.local/lib/python3.12/site-packages/airflow/example_dags/tutorial_taskflow_api.py for tasks to queue
[2025-04-21T12:09:05.433+0000] {logging_mixin.py:188} INFO - [2025-04-21T12:09:05.433+0000] {dagbag.py:545} INFO - Filling up the DagBag from /home/airflow/.local/lib/python3.12/site-packages/airflow/example_dags/tutorial_taskflow_api.py
[2025-04-21T12:09:05.437+0000] {processor.py:840} INFO - DAG(s) 'tutorial_taskflow_api' retrieved from /home/airflow/.local/lib/python3.12/site-packages/airflow/example_dags/tutorial_taskflow_api.py
[2025-04-21T12:09:05.459+0000] {logging_mixin.py:188} INFO - [2025-04-21T12:09:05.459+0000] {dag.py:3096} INFO - Sync 1 DAGs
[2025-04-21T12:09:05.473+0000] {logging_mixin.py:188} INFO - [2025-04-21T12:09:05.472+0000] {dag.py:3954} INFO - Setting next_dagrun for tutorial_taskflow_api to None, run_after=None
[2025-04-21T12:09:05.493+0000] {processor.py:183} INFO - Processing /home/airflow/.local/lib/python3.12/site-packages/airflow/example_dags/tutorial_taskflow_api.py took 0.066 seconds
[2025-04-21T12:14:18.328+0000] {processor.py:161} INFO - Started process (PID=92862) to work on /home/airflow/.local/lib/python3.12/site-packages/airflow/example_dags/tutorial_taskflow_api.py
[2025-04-21T12:14:18.330+0000] {processor.py:830} INFO - Processing file /home/airflow/.local/lib/python3.12/site-packages/airflow/example_dags/tutorial_taskflow_api.py for tasks to queue
[2025-04-21T12:14:18.332+0000] {logging_mixin.py:188} INFO - [2025-04-21T12:14:18.332+0000] {dagbag.py:545} INFO - Filling up the DagBag from /home/airflow/.local/lib/python3.12/site-packages/airflow/example_dags/tutorial_taskflow_api.py
[2025-04-21T12:14:18.336+0000] {processor.py:840} INFO - DAG(s) 'tutorial_taskflow_api' retrieved from /home/airflow/.local/lib/python3.12/site-packages/airflow/example_dags/tutorial_taskflow_api.py
[2025-04-21T12:14:18.355+0000] {logging_mixin.py:188} INFO - [2025-04-21T12:14:18.355+0000] {dag.py:3096} INFO - Sync 1 DAGs
[2025-04-21T12:14:18.363+0000] {logging_mixin.py:188} INFO - [2025-04-21T12:14:18.363+0000] {dag.py:3954} INFO - Setting next_dagrun for tutorial_taskflow_api to None, run_after=None
[2025-04-21T12:14:18.378+0000] {processor.py:183} INFO - Processing /home/airflow/.local/lib/python3.12/site-packages/airflow/example_dags/tutorial_taskflow_api.py took 0.055 seconds
[2025-04-21T12:19:31.914+0000] {processor.py:161} INFO - Started process (PID=92922) to work on /home/airflow/.local/lib/python3.12/site-packages/airflow/example_dags/tutorial_taskflow_api.py
[2025-04-21T12:19:31.914+0000] {processor.py:830} INFO - Processing file /home/airflow/.local/lib/python3.12/site-packages/airflow/example_dags/tutorial_taskflow_api.py for tasks to queue
[2025-04-21T12:19:31.915+0000] {logging_mixin.py:188} INFO - [2025-04-21T12:19:31.915+0000] {dagbag.py:545} INFO - Filling up the DagBag from /home/airflow/.local/lib/python3.12/site-packages/airflow/example_dags/tutorial_taskflow_api.py
[2025-04-21T12:19:31.918+0000] {processor.py:840} INFO - DAG(s) 'tutorial_taskflow_api' retrieved from /home/airflow/.local/lib/python3.12/site-packages/airflow/example_dags/tutorial_taskflow_api.py
[2025-04-21T12:19:31.929+0000] {logging_mixin.py:188} INFO - [2025-04-21T12:19:31.929+0000] {dag.py:3096} INFO - Sync 1 DAGs
[2025-04-21T12:19:31.937+0000] {logging_mixin.py:188} INFO - [2025-04-21T12:19:31.937+0000] {dag.py:3954} INFO - Setting next_dagrun for tutorial_taskflow_api to None, run_after=None
[2025-04-21T12:19:31.948+0000] {processor.py:183} INFO - Processing /home/airflow/.local/lib/python3.12/site-packages/airflow/example_dags/tutorial_taskflow_api.py took 0.037 seconds
[2025-04-21T12:24:44.455+0000] {processor.py:161} INFO - Started process (PID=92982) to work on /home/airflow/.local/lib/python3.12/site-packages/airflow/example_dags/tutorial_taskflow_api.py
[2025-04-21T12:24:44.456+0000] {processor.py:830} INFO - Processing file /home/airflow/.local/lib/python3.12/site-packages/airflow/example_dags/tutorial_taskflow_api.py for tasks to queue
[2025-04-21T12:24:44.458+0000] {logging_mixin.py:188} INFO - [2025-04-21T12:24:44.458+0000] {dagbag.py:545} INFO - Filling up the DagBag from /home/airflow/.local/lib/python3.12/site-packages/airflow/example_dags/tutorial_taskflow_api.py
[2025-04-21T12:24:44.461+0000] {processor.py:840} INFO - DAG(s) 'tutorial_taskflow_api' retrieved from /home/airflow/.local/lib/python3.12/site-packages/airflow/example_dags/tutorial_taskflow_api.py
[2025-04-21T12:24:44.472+0000] {logging_mixin.py:188} INFO - [2025-04-21T12:24:44.472+0000] {dag.py:3096} INFO - Sync 1 DAGs
[2025-04-21T12:24:44.479+0000] {logging_mixin.py:188} INFO - [2025-04-21T12:24:44.479+0000] {dag.py:3954} INFO - Setting next_dagrun for tutorial_taskflow_api to None, run_after=None
[2025-04-21T12:24:44.489+0000] {processor.py:183} INFO - Processing /home/airflow/.local/lib/python3.12/site-packages/airflow/example_dags/tutorial_taskflow_api.py took 0.037 seconds
[2025-04-21T12:56:59.391+0000] {processor.py:161} INFO - Started process (PID=93042) to work on /home/airflow/.local/lib/python3.12/site-packages/airflow/example_dags/tutorial_taskflow_api.py
[2025-04-21T12:56:59.391+0000] {processor.py:830} INFO - Processing file /home/airflow/.local/lib/python3.12/site-packages/airflow/example_dags/tutorial_taskflow_api.py for tasks to queue
[2025-04-21T12:56:59.392+0000] {logging_mixin.py:188} INFO - [2025-04-21T12:56:59.392+0000] {dagbag.py:545} INFO - Filling up the DagBag from /home/airflow/.local/lib/python3.12/site-packages/airflow/example_dags/tutorial_taskflow_api.py
[2025-04-21T12:56:59.395+0000] {processor.py:840} INFO - DAG(s) 'tutorial_taskflow_api' retrieved from /home/airflow/.local/lib/python3.12/site-packages/airflow/example_dags/tutorial_taskflow_api.py
[2025-04-21T12:56:59.404+0000] {logging_mixin.py:188} INFO - [2025-04-21T12:56:59.404+0000] {dag.py:3096} INFO - Sync 1 DAGs
[2025-04-21T12:56:59.409+0000] {logging_mixin.py:188} INFO - [2025-04-21T12:56:59.409+0000] {dag.py:3954} INFO - Setting next_dagrun for tutorial_taskflow_api to None, run_after=None
[2025-04-21T12:56:59.416+0000] {processor.py:183} INFO - Processing /home/airflow/.local/lib/python3.12/site-packages/airflow/example_dags/tutorial_taskflow_api.py took 0.029 seconds
[2025-04-21T14:21:25.502+0000] {processor.py:161} INFO - Started process (PID=93102) to work on /home/airflow/.local/lib/python3.12/site-packages/airflow/example_dags/tutorial_taskflow_api.py
[2025-04-21T14:21:25.503+0000] {processor.py:830} INFO - Processing file /home/airflow/.local/lib/python3.12/site-packages/airflow/example_dags/tutorial_taskflow_api.py for tasks to queue
[2025-04-21T14:21:25.504+0000] {logging_mixin.py:188} INFO - [2025-04-21T14:21:25.504+0000] {dagbag.py:545} INFO - Filling up the DagBag from /home/airflow/.local/lib/python3.12/site-packages/airflow/example_dags/tutorial_taskflow_api.py
[2025-04-21T14:21:25.508+0000] {processor.py:840} INFO - DAG(s) 'tutorial_taskflow_api' retrieved from /home/airflow/.local/lib/python3.12/site-packages/airflow/example_dags/tutorial_taskflow_api.py
[2025-04-21T14:21:25.519+0000] {logging_mixin.py:188} INFO - [2025-04-21T14:21:25.519+0000] {dag.py:3096} INFO - Sync 1 DAGs
[2025-04-21T14:21:25.524+0000] {logging_mixin.py:188} INFO - [2025-04-21T14:21:25.524+0000] {dag.py:3954} INFO - Setting next_dagrun for tutorial_taskflow_api to None, run_after=None
[2025-04-21T14:21:25.535+0000] {processor.py:183} INFO - Processing /home/airflow/.local/lib/python3.12/site-packages/airflow/example_dags/tutorial_taskflow_api.py took 0.036 seconds
[2025-04-21T16:03:44.766+0000] {processor.py:161} INFO - Started process (PID=93162) to work on /home/airflow/.local/lib/python3.12/site-packages/airflow/example_dags/tutorial_taskflow_api.py
[2025-04-21T16:03:44.770+0000] {processor.py:830} INFO - Processing file /home/airflow/.local/lib/python3.12/site-packages/airflow/example_dags/tutorial_taskflow_api.py for tasks to queue
[2025-04-21T16:03:44.773+0000] {logging_mixin.py:188} INFO - [2025-04-21T16:03:44.773+0000] {dagbag.py:545} INFO - Filling up the DagBag from /home/airflow/.local/lib/python3.12/site-packages/airflow/example_dags/tutorial_taskflow_api.py
[2025-04-21T16:03:44.777+0000] {processor.py:840} INFO - DAG(s) 'tutorial_taskflow_api' retrieved from /home/airflow/.local/lib/python3.12/site-packages/airflow/example_dags/tutorial_taskflow_api.py
[2025-04-21T16:03:44.792+0000] {logging_mixin.py:188} INFO - [2025-04-21T16:03:44.792+0000] {dag.py:3096} INFO - Sync 1 DAGs
[2025-04-21T16:03:44.800+0000] {logging_mixin.py:188} INFO - [2025-04-21T16:03:44.800+0000] {dag.py:3954} INFO - Setting next_dagrun for tutorial_taskflow_api to None, run_after=None
[2025-04-21T16:03:44.809+0000] {processor.py:183} INFO - Processing /home/airflow/.local/lib/python3.12/site-packages/airflow/example_dags/tutorial_taskflow_api.py took 0.047 seconds
[2025-04-21T17:25:31.532+0000] {processor.py:161} INFO - Started process (PID=93222) to work on /home/airflow/.local/lib/python3.12/site-packages/airflow/example_dags/tutorial_taskflow_api.py
[2025-04-21T17:25:31.532+0000] {processor.py:830} INFO - Processing file /home/airflow/.local/lib/python3.12/site-packages/airflow/example_dags/tutorial_taskflow_api.py for tasks to queue
[2025-04-21T17:25:31.533+0000] {logging_mixin.py:188} INFO - [2025-04-21T17:25:31.533+0000] {dagbag.py:545} INFO - Filling up the DagBag from /home/airflow/.local/lib/python3.12/site-packages/airflow/example_dags/tutorial_taskflow_api.py
[2025-04-21T17:25:31.536+0000] {processor.py:840} INFO - DAG(s) 'tutorial_taskflow_api' retrieved from /home/airflow/.local/lib/python3.12/site-packages/airflow/example_dags/tutorial_taskflow_api.py
[2025-04-21T17:25:31.545+0000] {logging_mixin.py:188} INFO - [2025-04-21T17:25:31.545+0000] {dag.py:3096} INFO - Sync 1 DAGs
[2025-04-21T17:25:31.550+0000] {logging_mixin.py:188} INFO - [2025-04-21T17:25:31.550+0000] {dag.py:3954} INFO - Setting next_dagrun for tutorial_taskflow_api to None, run_after=None
[2025-04-21T17:25:31.557+0000] {processor.py:183} INFO - Processing /home/airflow/.local/lib/python3.12/site-packages/airflow/example_dags/tutorial_taskflow_api.py took 0.028 seconds
[2025-04-21T18:31:34.960+0000] {processor.py:161} INFO - Started process (PID=93282) to work on /home/airflow/.local/lib/python3.12/site-packages/airflow/example_dags/tutorial_taskflow_api.py
[2025-04-21T18:31:34.961+0000] {processor.py:830} INFO - Processing file /home/airflow/.local/lib/python3.12/site-packages/airflow/example_dags/tutorial_taskflow_api.py for tasks to queue
[2025-04-21T18:31:34.962+0000] {logging_mixin.py:188} INFO - [2025-04-21T18:31:34.962+0000] {dagbag.py:545} INFO - Filling up the DagBag from /home/airflow/.local/lib/python3.12/site-packages/airflow/example_dags/tutorial_taskflow_api.py
[2025-04-21T18:31:34.969+0000] {processor.py:840} INFO - DAG(s) 'tutorial_taskflow_api' retrieved from /home/airflow/.local/lib/python3.12/site-packages/airflow/example_dags/tutorial_taskflow_api.py
[2025-04-21T18:31:34.981+0000] {logging_mixin.py:188} INFO - [2025-04-21T18:31:34.981+0000] {dag.py:3096} INFO - Sync 1 DAGs
[2025-04-21T18:31:34.986+0000] {logging_mixin.py:188} INFO - [2025-04-21T18:31:34.986+0000] {dag.py:3954} INFO - Setting next_dagrun for tutorial_taskflow_api to None, run_after=None
[2025-04-21T18:31:34.997+0000] {processor.py:183} INFO - Processing /home/airflow/.local/lib/python3.12/site-packages/airflow/example_dags/tutorial_taskflow_api.py took 0.040 seconds
[2025-04-21T18:32:05.716+0000] {processor.py:161} INFO - Started process (PID=93342) to work on /home/airflow/.local/lib/python3.12/site-packages/airflow/example_dags/tutorial_taskflow_api.py
[2025-04-21T18:32:05.716+0000] {processor.py:830} INFO - Processing file /home/airflow/.local/lib/python3.12/site-packages/airflow/example_dags/tutorial_taskflow_api.py for tasks to queue
[2025-04-21T18:32:05.717+0000] {logging_mixin.py:188} INFO - [2025-04-21T18:32:05.717+0000] {dagbag.py:545} INFO - Filling up the DagBag from /home/airflow/.local/lib/python3.12/site-packages/airflow/example_dags/tutorial_taskflow_api.py
[2025-04-21T18:32:05.720+0000] {processor.py:840} INFO - DAG(s) 'tutorial_taskflow_api' retrieved from /home/airflow/.local/lib/python3.12/site-packages/airflow/example_dags/tutorial_taskflow_api.py
[2025-04-21T18:32:05.730+0000] {logging_mixin.py:188} INFO - [2025-04-21T18:32:05.730+0000] {dag.py:3096} INFO - Sync 1 DAGs
[2025-04-21T18:32:05.735+0000] {logging_mixin.py:188} INFO - [2025-04-21T18:32:05.735+0000] {dag.py:3954} INFO - Setting next_dagrun for tutorial_taskflow_api to None, run_after=None
[2025-04-21T18:32:05.742+0000] {processor.py:183} INFO - Processing /home/airflow/.local/lib/python3.12/site-packages/airflow/example_dags/tutorial_taskflow_api.py took 0.029 seconds
[2025-04-21T18:35:57.284+0000] {processor.py:161} INFO - Started process (PID=93402) to work on /home/airflow/.local/lib/python3.12/site-packages/airflow/example_dags/tutorial_taskflow_api.py
[2025-04-21T18:35:57.284+0000] {processor.py:830} INFO - Processing file /home/airflow/.local/lib/python3.12/site-packages/airflow/example_dags/tutorial_taskflow_api.py for tasks to queue
[2025-04-21T18:35:57.285+0000] {logging_mixin.py:188} INFO - [2025-04-21T18:35:57.285+0000] {dagbag.py:545} INFO - Filling up the DagBag from /home/airflow/.local/lib/python3.12/site-packages/airflow/example_dags/tutorial_taskflow_api.py
[2025-04-21T18:35:57.288+0000] {processor.py:840} INFO - DAG(s) 'tutorial_taskflow_api' retrieved from /home/airflow/.local/lib/python3.12/site-packages/airflow/example_dags/tutorial_taskflow_api.py
[2025-04-21T18:35:57.297+0000] {logging_mixin.py:188} INFO - [2025-04-21T18:35:57.297+0000] {dag.py:3096} INFO - Sync 1 DAGs
[2025-04-21T18:35:57.302+0000] {logging_mixin.py:188} INFO - [2025-04-21T18:35:57.302+0000] {dag.py:3954} INFO - Setting next_dagrun for tutorial_taskflow_api to None, run_after=None
[2025-04-21T18:35:57.309+0000] {processor.py:183} INFO - Processing /home/airflow/.local/lib/python3.12/site-packages/airflow/example_dags/tutorial_taskflow_api.py took 0.029 seconds
[2025-04-21T18:41:10.130+0000] {processor.py:161} INFO - Started process (PID=93462) to work on /home/airflow/.local/lib/python3.12/site-packages/airflow/example_dags/tutorial_taskflow_api.py
[2025-04-21T18:41:10.132+0000] {processor.py:830} INFO - Processing file /home/airflow/.local/lib/python3.12/site-packages/airflow/example_dags/tutorial_taskflow_api.py for tasks to queue
[2025-04-21T18:41:10.134+0000] {logging_mixin.py:188} INFO - [2025-04-21T18:41:10.134+0000] {dagbag.py:545} INFO - Filling up the DagBag from /home/airflow/.local/lib/python3.12/site-packages/airflow/example_dags/tutorial_taskflow_api.py
[2025-04-21T18:41:10.137+0000] {processor.py:840} INFO - DAG(s) 'tutorial_taskflow_api' retrieved from /home/airflow/.local/lib/python3.12/site-packages/airflow/example_dags/tutorial_taskflow_api.py
[2025-04-21T18:41:10.152+0000] {logging_mixin.py:188} INFO - [2025-04-21T18:41:10.152+0000] {dag.py:3096} INFO - Sync 1 DAGs
[2025-04-21T18:41:10.161+0000] {logging_mixin.py:188} INFO - [2025-04-21T18:41:10.161+0000] {dag.py:3954} INFO - Setting next_dagrun for tutorial_taskflow_api to None, run_after=None
[2025-04-21T18:41:10.177+0000] {processor.py:183} INFO - Processing /home/airflow/.local/lib/python3.12/site-packages/airflow/example_dags/tutorial_taskflow_api.py took 0.050 seconds
[2025-04-21T18:41:40.820+0000] {processor.py:161} INFO - Started process (PID=93522) to work on /home/airflow/.local/lib/python3.12/site-packages/airflow/example_dags/tutorial_taskflow_api.py
[2025-04-21T18:41:40.821+0000] {processor.py:830} INFO - Processing file /home/airflow/.local/lib/python3.12/site-packages/airflow/example_dags/tutorial_taskflow_api.py for tasks to queue
[2025-04-21T18:41:40.821+0000] {logging_mixin.py:188} INFO - [2025-04-21T18:41:40.821+0000] {dagbag.py:545} INFO - Filling up the DagBag from /home/airflow/.local/lib/python3.12/site-packages/airflow/example_dags/tutorial_taskflow_api.py
[2025-04-21T18:41:40.824+0000] {processor.py:840} INFO - DAG(s) 'tutorial_taskflow_api' retrieved from /home/airflow/.local/lib/python3.12/site-packages/airflow/example_dags/tutorial_taskflow_api.py
[2025-04-21T18:41:40.835+0000] {logging_mixin.py:188} INFO - [2025-04-21T18:41:40.835+0000] {dag.py:3096} INFO - Sync 1 DAGs
[2025-04-21T18:41:40.843+0000] {logging_mixin.py:188} INFO - [2025-04-21T18:41:40.843+0000] {dag.py:3954} INFO - Setting next_dagrun for tutorial_taskflow_api to None, run_after=None
[2025-04-21T18:41:40.853+0000] {processor.py:183} INFO - Processing /home/airflow/.local/lib/python3.12/site-packages/airflow/example_dags/tutorial_taskflow_api.py took 0.035 seconds
[2025-04-21T18:46:53.101+0000] {processor.py:161} INFO - Started process (PID=93582) to work on /home/airflow/.local/lib/python3.12/site-packages/airflow/example_dags/tutorial_taskflow_api.py
[2025-04-21T18:46:53.102+0000] {processor.py:830} INFO - Processing file /home/airflow/.local/lib/python3.12/site-packages/airflow/example_dags/tutorial_taskflow_api.py for tasks to queue
[2025-04-21T18:46:53.104+0000] {logging_mixin.py:188} INFO - [2025-04-21T18:46:53.104+0000] {dagbag.py:545} INFO - Filling up the DagBag from /home/airflow/.local/lib/python3.12/site-packages/airflow/example_dags/tutorial_taskflow_api.py
[2025-04-21T18:46:53.107+0000] {processor.py:840} INFO - DAG(s) 'tutorial_taskflow_api' retrieved from /home/airflow/.local/lib/python3.12/site-packages/airflow/example_dags/tutorial_taskflow_api.py
[2025-04-21T18:46:53.117+0000] {logging_mixin.py:188} INFO - [2025-04-21T18:46:53.117+0000] {dag.py:3096} INFO - Sync 1 DAGs
[2025-04-21T18:46:53.123+0000] {logging_mixin.py:188} INFO - [2025-04-21T18:46:53.123+0000] {dag.py:3954} INFO - Setting next_dagrun for tutorial_taskflow_api to None, run_after=None
[2025-04-21T18:46:53.133+0000] {processor.py:183} INFO - Processing /home/airflow/.local/lib/python3.12/site-packages/airflow/example_dags/tutorial_taskflow_api.py took 0.035 seconds
[2025-04-21T18:52:06.309+0000] {processor.py:161} INFO - Started process (PID=93642) to work on /home/airflow/.local/lib/python3.12/site-packages/airflow/example_dags/tutorial_taskflow_api.py
[2025-04-21T18:52:06.310+0000] {processor.py:830} INFO - Processing file /home/airflow/.local/lib/python3.12/site-packages/airflow/example_dags/tutorial_taskflow_api.py for tasks to queue
[2025-04-21T18:52:06.311+0000] {logging_mixin.py:188} INFO - [2025-04-21T18:52:06.311+0000] {dagbag.py:545} INFO - Filling up the DagBag from /home/airflow/.local/lib/python3.12/site-packages/airflow/example_dags/tutorial_taskflow_api.py
[2025-04-21T18:52:06.314+0000] {processor.py:840} INFO - DAG(s) 'tutorial_taskflow_api' retrieved from /home/airflow/.local/lib/python3.12/site-packages/airflow/example_dags/tutorial_taskflow_api.py
[2025-04-21T18:52:06.324+0000] {logging_mixin.py:188} INFO - [2025-04-21T18:52:06.324+0000] {dag.py:3096} INFO - Sync 1 DAGs
[2025-04-21T18:52:06.333+0000] {logging_mixin.py:188} INFO - [2025-04-21T18:52:06.333+0000] {dag.py:3954} INFO - Setting next_dagrun for tutorial_taskflow_api to None, run_after=None
[2025-04-21T18:52:06.346+0000] {processor.py:183} INFO - Processing /home/airflow/.local/lib/python3.12/site-packages/airflow/example_dags/tutorial_taskflow_api.py took 0.039 seconds
[2025-04-21T18:52:37.332+0000] {processor.py:161} INFO - Started process (PID=93702) to work on /home/airflow/.local/lib/python3.12/site-packages/airflow/example_dags/tutorial_taskflow_api.py
[2025-04-21T18:52:37.333+0000] {processor.py:830} INFO - Processing file /home/airflow/.local/lib/python3.12/site-packages/airflow/example_dags/tutorial_taskflow_api.py for tasks to queue
[2025-04-21T18:52:37.334+0000] {logging_mixin.py:188} INFO - [2025-04-21T18:52:37.334+0000] {dagbag.py:545} INFO - Filling up the DagBag from /home/airflow/.local/lib/python3.12/site-packages/airflow/example_dags/tutorial_taskflow_api.py
[2025-04-21T18:52:37.337+0000] {processor.py:840} INFO - DAG(s) 'tutorial_taskflow_api' retrieved from /home/airflow/.local/lib/python3.12/site-packages/airflow/example_dags/tutorial_taskflow_api.py
[2025-04-21T18:52:37.350+0000] {logging_mixin.py:188} INFO - [2025-04-21T18:52:37.350+0000] {dag.py:3096} INFO - Sync 1 DAGs
[2025-04-21T18:52:37.439+0000] {logging_mixin.py:188} INFO - [2025-04-21T18:52:37.439+0000] {dag.py:3954} INFO - Setting next_dagrun for tutorial_taskflow_api to None, run_after=None
[2025-04-21T18:52:37.451+0000] {processor.py:183} INFO - Processing /home/airflow/.local/lib/python3.12/site-packages/airflow/example_dags/tutorial_taskflow_api.py took 0.122 seconds
[2025-04-21T18:57:48.927+0000] {processor.py:161} INFO - Started process (PID=93762) to work on /home/airflow/.local/lib/python3.12/site-packages/airflow/example_dags/tutorial_taskflow_api.py
[2025-04-21T18:57:48.928+0000] {processor.py:830} INFO - Processing file /home/airflow/.local/lib/python3.12/site-packages/airflow/example_dags/tutorial_taskflow_api.py for tasks to queue
[2025-04-21T18:57:48.929+0000] {logging_mixin.py:188} INFO - [2025-04-21T18:57:48.928+0000] {dagbag.py:545} INFO - Filling up the DagBag from /home/airflow/.local/lib/python3.12/site-packages/airflow/example_dags/tutorial_taskflow_api.py
[2025-04-21T18:57:48.932+0000] {processor.py:840} INFO - DAG(s) 'tutorial_taskflow_api' retrieved from /home/airflow/.local/lib/python3.12/site-packages/airflow/example_dags/tutorial_taskflow_api.py
[2025-04-21T18:57:48.943+0000] {logging_mixin.py:188} INFO - [2025-04-21T18:57:48.943+0000] {dag.py:3096} INFO - Sync 1 DAGs
[2025-04-21T18:57:48.951+0000] {logging_mixin.py:188} INFO - [2025-04-21T18:57:48.951+0000] {dag.py:3954} INFO - Setting next_dagrun for tutorial_taskflow_api to None, run_after=None
[2025-04-21T18:57:48.961+0000] {processor.py:183} INFO - Processing /home/airflow/.local/lib/python3.12/site-packages/airflow/example_dags/tutorial_taskflow_api.py took 0.037 seconds
[2025-04-21T20:03:23.946+0000] {processor.py:161} INFO - Started process (PID=93822) to work on /home/airflow/.local/lib/python3.12/site-packages/airflow/example_dags/tutorial_taskflow_api.py
[2025-04-21T20:03:23.947+0000] {processor.py:830} INFO - Processing file /home/airflow/.local/lib/python3.12/site-packages/airflow/example_dags/tutorial_taskflow_api.py for tasks to queue
[2025-04-21T20:03:23.948+0000] {logging_mixin.py:188} INFO - [2025-04-21T20:03:23.948+0000] {dagbag.py:545} INFO - Filling up the DagBag from /home/airflow/.local/lib/python3.12/site-packages/airflow/example_dags/tutorial_taskflow_api.py
[2025-04-21T20:03:23.952+0000] {processor.py:840} INFO - DAG(s) 'tutorial_taskflow_api' retrieved from /home/airflow/.local/lib/python3.12/site-packages/airflow/example_dags/tutorial_taskflow_api.py
[2025-04-21T20:03:23.968+0000] {logging_mixin.py:188} INFO - [2025-04-21T20:03:23.968+0000] {dag.py:3096} INFO - Sync 1 DAGs
[2025-04-21T20:03:23.977+0000] {logging_mixin.py:188} INFO - [2025-04-21T20:03:23.977+0000] {dag.py:3954} INFO - Setting next_dagrun for tutorial_taskflow_api to None, run_after=None
[2025-04-21T20:03:23.991+0000] {processor.py:183} INFO - Processing /home/airflow/.local/lib/python3.12/site-packages/airflow/example_dags/tutorial_taskflow_api.py took 0.048 seconds
[2025-04-21T20:15:53.470+0000] {processor.py:161} INFO - Started process (PID=93882) to work on /home/airflow/.local/lib/python3.12/site-packages/airflow/example_dags/tutorial_taskflow_api.py
[2025-04-21T20:15:53.473+0000] {processor.py:830} INFO - Processing file /home/airflow/.local/lib/python3.12/site-packages/airflow/example_dags/tutorial_taskflow_api.py for tasks to queue
[2025-04-21T20:15:53.474+0000] {logging_mixin.py:188} INFO - [2025-04-21T20:15:53.474+0000] {dagbag.py:545} INFO - Filling up the DagBag from /home/airflow/.local/lib/python3.12/site-packages/airflow/example_dags/tutorial_taskflow_api.py
[2025-04-21T20:15:53.477+0000] {processor.py:840} INFO - DAG(s) 'tutorial_taskflow_api' retrieved from /home/airflow/.local/lib/python3.12/site-packages/airflow/example_dags/tutorial_taskflow_api.py
[2025-04-21T20:15:53.493+0000] {logging_mixin.py:188} INFO - [2025-04-21T20:15:53.493+0000] {dag.py:3096} INFO - Sync 1 DAGs
[2025-04-21T20:15:53.499+0000] {logging_mixin.py:188} INFO - [2025-04-21T20:15:53.499+0000] {dag.py:3954} INFO - Setting next_dagrun for tutorial_taskflow_api to None, run_after=None
[2025-04-21T20:15:53.513+0000] {processor.py:183} INFO - Processing /home/airflow/.local/lib/python3.12/site-packages/airflow/example_dags/tutorial_taskflow_api.py took 0.046 seconds
[2025-04-21T20:21:06.885+0000] {processor.py:161} INFO - Started process (PID=93942) to work on /home/airflow/.local/lib/python3.12/site-packages/airflow/example_dags/tutorial_taskflow_api.py
[2025-04-21T20:21:06.889+0000] {processor.py:830} INFO - Processing file /home/airflow/.local/lib/python3.12/site-packages/airflow/example_dags/tutorial_taskflow_api.py for tasks to queue
[2025-04-21T20:21:06.890+0000] {logging_mixin.py:188} INFO - [2025-04-21T20:21:06.890+0000] {dagbag.py:545} INFO - Filling up the DagBag from /home/airflow/.local/lib/python3.12/site-packages/airflow/example_dags/tutorial_taskflow_api.py
[2025-04-21T20:21:06.895+0000] {processor.py:840} INFO - DAG(s) 'tutorial_taskflow_api' retrieved from /home/airflow/.local/lib/python3.12/site-packages/airflow/example_dags/tutorial_taskflow_api.py
[2025-04-21T20:21:06.911+0000] {logging_mixin.py:188} INFO - [2025-04-21T20:21:06.911+0000] {dag.py:3096} INFO - Sync 1 DAGs
[2025-04-21T20:21:06.917+0000] {logging_mixin.py:188} INFO - [2025-04-21T20:21:06.917+0000] {dag.py:3954} INFO - Setting next_dagrun for tutorial_taskflow_api to None, run_after=None
[2025-04-21T20:21:06.931+0000] {processor.py:183} INFO - Processing /home/airflow/.local/lib/python3.12/site-packages/airflow/example_dags/tutorial_taskflow_api.py took 0.050 seconds
[2025-04-21T20:22:20.890+0000] {processor.py:161} INFO - Started process (PID=94002) to work on /home/airflow/.local/lib/python3.12/site-packages/airflow/example_dags/tutorial_taskflow_api.py
[2025-04-21T20:22:20.891+0000] {processor.py:830} INFO - Processing file /home/airflow/.local/lib/python3.12/site-packages/airflow/example_dags/tutorial_taskflow_api.py for tasks to queue
[2025-04-21T20:22:20.892+0000] {logging_mixin.py:188} INFO - [2025-04-21T20:22:20.892+0000] {dagbag.py:545} INFO - Filling up the DagBag from /home/airflow/.local/lib/python3.12/site-packages/airflow/example_dags/tutorial_taskflow_api.py
[2025-04-21T20:22:20.895+0000] {processor.py:840} INFO - DAG(s) 'tutorial_taskflow_api' retrieved from /home/airflow/.local/lib/python3.12/site-packages/airflow/example_dags/tutorial_taskflow_api.py
[2025-04-21T20:22:20.908+0000] {logging_mixin.py:188} INFO - [2025-04-21T20:22:20.908+0000] {dag.py:3096} INFO - Sync 1 DAGs
[2025-04-21T20:22:20.915+0000] {logging_mixin.py:188} INFO - [2025-04-21T20:22:20.915+0000] {dag.py:3954} INFO - Setting next_dagrun for tutorial_taskflow_api to None, run_after=None
[2025-04-21T20:22:20.927+0000] {processor.py:183} INFO - Processing /home/airflow/.local/lib/python3.12/site-packages/airflow/example_dags/tutorial_taskflow_api.py took 0.040 seconds
[2025-04-21T20:27:34.387+0000] {processor.py:161} INFO - Started process (PID=94062) to work on /home/airflow/.local/lib/python3.12/site-packages/airflow/example_dags/tutorial_taskflow_api.py
[2025-04-21T20:27:34.388+0000] {processor.py:830} INFO - Processing file /home/airflow/.local/lib/python3.12/site-packages/airflow/example_dags/tutorial_taskflow_api.py for tasks to queue
[2025-04-21T20:27:34.388+0000] {logging_mixin.py:188} INFO - [2025-04-21T20:27:34.388+0000] {dagbag.py:545} INFO - Filling up the DagBag from /home/airflow/.local/lib/python3.12/site-packages/airflow/example_dags/tutorial_taskflow_api.py
[2025-04-21T20:27:34.391+0000] {processor.py:840} INFO - DAG(s) 'tutorial_taskflow_api' retrieved from /home/airflow/.local/lib/python3.12/site-packages/airflow/example_dags/tutorial_taskflow_api.py
[2025-04-21T20:27:34.400+0000] {logging_mixin.py:188} INFO - [2025-04-21T20:27:34.400+0000] {dag.py:3096} INFO - Sync 1 DAGs
[2025-04-21T20:27:34.405+0000] {logging_mixin.py:188} INFO - [2025-04-21T20:27:34.405+0000] {dag.py:3954} INFO - Setting next_dagrun for tutorial_taskflow_api to None, run_after=None
[2025-04-21T20:27:34.413+0000] {processor.py:183} INFO - Processing /home/airflow/.local/lib/python3.12/site-packages/airflow/example_dags/tutorial_taskflow_api.py took 0.028 seconds
[2025-04-21T20:29:31.730+0000] {processor.py:161} INFO - Started process (PID=94122) to work on /home/airflow/.local/lib/python3.12/site-packages/airflow/example_dags/tutorial_taskflow_api.py
[2025-04-21T20:29:31.731+0000] {processor.py:830} INFO - Processing file /home/airflow/.local/lib/python3.12/site-packages/airflow/example_dags/tutorial_taskflow_api.py for tasks to queue
[2025-04-21T20:29:31.732+0000] {logging_mixin.py:188} INFO - [2025-04-21T20:29:31.732+0000] {dagbag.py:545} INFO - Filling up the DagBag from /home/airflow/.local/lib/python3.12/site-packages/airflow/example_dags/tutorial_taskflow_api.py
[2025-04-21T20:29:31.735+0000] {processor.py:840} INFO - DAG(s) 'tutorial_taskflow_api' retrieved from /home/airflow/.local/lib/python3.12/site-packages/airflow/example_dags/tutorial_taskflow_api.py
[2025-04-21T20:29:31.745+0000] {logging_mixin.py:188} INFO - [2025-04-21T20:29:31.745+0000] {dag.py:3096} INFO - Sync 1 DAGs
[2025-04-21T20:29:31.752+0000] {logging_mixin.py:188} INFO - [2025-04-21T20:29:31.752+0000] {dag.py:3954} INFO - Setting next_dagrun for tutorial_taskflow_api to None, run_after=None
[2025-04-21T20:29:31.768+0000] {processor.py:183} INFO - Processing /home/airflow/.local/lib/python3.12/site-packages/airflow/example_dags/tutorial_taskflow_api.py took 0.040 seconds
[2025-04-21T20:30:51.145+0000] {processor.py:161} INFO - Started process (PID=94182) to work on /home/airflow/.local/lib/python3.12/site-packages/airflow/example_dags/tutorial_taskflow_api.py
[2025-04-21T20:30:51.145+0000] {processor.py:830} INFO - Processing file /home/airflow/.local/lib/python3.12/site-packages/airflow/example_dags/tutorial_taskflow_api.py for tasks to queue
[2025-04-21T20:30:51.146+0000] {logging_mixin.py:188} INFO - [2025-04-21T20:30:51.146+0000] {dagbag.py:545} INFO - Filling up the DagBag from /home/airflow/.local/lib/python3.12/site-packages/airflow/example_dags/tutorial_taskflow_api.py
[2025-04-21T20:30:51.149+0000] {processor.py:840} INFO - DAG(s) 'tutorial_taskflow_api' retrieved from /home/airflow/.local/lib/python3.12/site-packages/airflow/example_dags/tutorial_taskflow_api.py
[2025-04-21T20:30:51.158+0000] {logging_mixin.py:188} INFO - [2025-04-21T20:30:51.158+0000] {dag.py:3096} INFO - Sync 1 DAGs
[2025-04-21T20:30:51.163+0000] {logging_mixin.py:188} INFO - [2025-04-21T20:30:51.163+0000] {dag.py:3954} INFO - Setting next_dagrun for tutorial_taskflow_api to None, run_after=None
[2025-04-21T20:30:51.170+0000] {processor.py:183} INFO - Processing /home/airflow/.local/lib/python3.12/site-packages/airflow/example_dags/tutorial_taskflow_api.py took 0.029 seconds
[2025-04-21T20:31:32.455+0000] {processor.py:161} INFO - Started process (PID=94242) to work on /home/airflow/.local/lib/python3.12/site-packages/airflow/example_dags/tutorial_taskflow_api.py
[2025-04-21T20:31:32.456+0000] {processor.py:830} INFO - Processing file /home/airflow/.local/lib/python3.12/site-packages/airflow/example_dags/tutorial_taskflow_api.py for tasks to queue
[2025-04-21T20:31:32.457+0000] {logging_mixin.py:188} INFO - [2025-04-21T20:31:32.457+0000] {dagbag.py:545} INFO - Filling up the DagBag from /home/airflow/.local/lib/python3.12/site-packages/airflow/example_dags/tutorial_taskflow_api.py
[2025-04-21T20:31:32.460+0000] {processor.py:840} INFO - DAG(s) 'tutorial_taskflow_api' retrieved from /home/airflow/.local/lib/python3.12/site-packages/airflow/example_dags/tutorial_taskflow_api.py
[2025-04-21T20:31:32.473+0000] {logging_mixin.py:188} INFO - [2025-04-21T20:31:32.473+0000] {dag.py:3096} INFO - Sync 1 DAGs
[2025-04-21T20:31:32.479+0000] {logging_mixin.py:188} INFO - [2025-04-21T20:31:32.478+0000] {dag.py:3954} INFO - Setting next_dagrun for tutorial_taskflow_api to None, run_after=None
[2025-04-21T20:31:32.487+0000] {processor.py:183} INFO - Processing /home/airflow/.local/lib/python3.12/site-packages/airflow/example_dags/tutorial_taskflow_api.py took 0.035 seconds
[2025-04-21T20:32:07.715+0000] {processor.py:161} INFO - Started process (PID=94302) to work on /home/airflow/.local/lib/python3.12/site-packages/airflow/example_dags/tutorial_taskflow_api.py
[2025-04-21T20:32:07.716+0000] {processor.py:830} INFO - Processing file /home/airflow/.local/lib/python3.12/site-packages/airflow/example_dags/tutorial_taskflow_api.py for tasks to queue
[2025-04-21T20:32:07.717+0000] {logging_mixin.py:188} INFO - [2025-04-21T20:32:07.716+0000] {dagbag.py:545} INFO - Filling up the DagBag from /home/airflow/.local/lib/python3.12/site-packages/airflow/example_dags/tutorial_taskflow_api.py
[2025-04-21T20:32:07.719+0000] {processor.py:840} INFO - DAG(s) 'tutorial_taskflow_api' retrieved from /home/airflow/.local/lib/python3.12/site-packages/airflow/example_dags/tutorial_taskflow_api.py
[2025-04-21T20:32:07.728+0000] {logging_mixin.py:188} INFO - [2025-04-21T20:32:07.728+0000] {dag.py:3096} INFO - Sync 1 DAGs
[2025-04-21T20:32:07.734+0000] {logging_mixin.py:188} INFO - [2025-04-21T20:32:07.733+0000] {dag.py:3954} INFO - Setting next_dagrun for tutorial_taskflow_api to None, run_after=None
[2025-04-21T20:32:07.742+0000] {processor.py:183} INFO - Processing /home/airflow/.local/lib/python3.12/site-packages/airflow/example_dags/tutorial_taskflow_api.py took 0.029 seconds
[2025-04-21T20:33:32.475+0000] {processor.py:161} INFO - Started process (PID=94362) to work on /home/airflow/.local/lib/python3.12/site-packages/airflow/example_dags/tutorial_taskflow_api.py
[2025-04-21T20:33:32.476+0000] {processor.py:830} INFO - Processing file /home/airflow/.local/lib/python3.12/site-packages/airflow/example_dags/tutorial_taskflow_api.py for tasks to queue
[2025-04-21T20:33:32.477+0000] {logging_mixin.py:188} INFO - [2025-04-21T20:33:32.477+0000] {dagbag.py:545} INFO - Filling up the DagBag from /home/airflow/.local/lib/python3.12/site-packages/airflow/example_dags/tutorial_taskflow_api.py
[2025-04-21T20:33:32.480+0000] {processor.py:840} INFO - DAG(s) 'tutorial_taskflow_api' retrieved from /home/airflow/.local/lib/python3.12/site-packages/airflow/example_dags/tutorial_taskflow_api.py
[2025-04-21T20:33:32.490+0000] {logging_mixin.py:188} INFO - [2025-04-21T20:33:32.490+0000] {dag.py:3096} INFO - Sync 1 DAGs
[2025-04-21T20:33:32.496+0000] {logging_mixin.py:188} INFO - [2025-04-21T20:33:32.496+0000] {dag.py:3954} INFO - Setting next_dagrun for tutorial_taskflow_api to None, run_after=None
[2025-04-21T20:33:32.510+0000] {processor.py:183} INFO - Processing /home/airflow/.local/lib/python3.12/site-packages/airflow/example_dags/tutorial_taskflow_api.py took 0.038 seconds
[2025-04-21T20:34:54.852+0000] {processor.py:161} INFO - Started process (PID=94422) to work on /home/airflow/.local/lib/python3.12/site-packages/airflow/example_dags/tutorial_taskflow_api.py
[2025-04-21T20:34:54.853+0000] {processor.py:830} INFO - Processing file /home/airflow/.local/lib/python3.12/site-packages/airflow/example_dags/tutorial_taskflow_api.py for tasks to queue
[2025-04-21T20:34:54.854+0000] {logging_mixin.py:188} INFO - [2025-04-21T20:34:54.853+0000] {dagbag.py:545} INFO - Filling up the DagBag from /home/airflow/.local/lib/python3.12/site-packages/airflow/example_dags/tutorial_taskflow_api.py
[2025-04-21T20:34:54.857+0000] {processor.py:840} INFO - DAG(s) 'tutorial_taskflow_api' retrieved from /home/airflow/.local/lib/python3.12/site-packages/airflow/example_dags/tutorial_taskflow_api.py
[2025-04-21T20:34:54.866+0000] {logging_mixin.py:188} INFO - [2025-04-21T20:34:54.866+0000] {dag.py:3096} INFO - Sync 1 DAGs
[2025-04-21T20:34:54.871+0000] {logging_mixin.py:188} INFO - [2025-04-21T20:34:54.871+0000] {dag.py:3954} INFO - Setting next_dagrun for tutorial_taskflow_api to None, run_after=None
[2025-04-21T20:34:54.879+0000] {processor.py:183} INFO - Processing /home/airflow/.local/lib/python3.12/site-packages/airflow/example_dags/tutorial_taskflow_api.py took 0.030 seconds
[2025-04-21T20:36:08.139+0000] {processor.py:161} INFO - Started process (PID=94482) to work on /home/airflow/.local/lib/python3.12/site-packages/airflow/example_dags/tutorial_taskflow_api.py
[2025-04-21T20:36:08.140+0000] {processor.py:830} INFO - Processing file /home/airflow/.local/lib/python3.12/site-packages/airflow/example_dags/tutorial_taskflow_api.py for tasks to queue
[2025-04-21T20:36:08.141+0000] {logging_mixin.py:188} INFO - [2025-04-21T20:36:08.141+0000] {dagbag.py:545} INFO - Filling up the DagBag from /home/airflow/.local/lib/python3.12/site-packages/airflow/example_dags/tutorial_taskflow_api.py
[2025-04-21T20:36:08.144+0000] {processor.py:840} INFO - DAG(s) 'tutorial_taskflow_api' retrieved from /home/airflow/.local/lib/python3.12/site-packages/airflow/example_dags/tutorial_taskflow_api.py
[2025-04-21T20:36:08.153+0000] {logging_mixin.py:188} INFO - [2025-04-21T20:36:08.153+0000] {dag.py:3096} INFO - Sync 1 DAGs
[2025-04-21T20:36:08.158+0000] {logging_mixin.py:188} INFO - [2025-04-21T20:36:08.158+0000] {dag.py:3954} INFO - Setting next_dagrun for tutorial_taskflow_api to None, run_after=None
[2025-04-21T20:36:08.165+0000] {processor.py:183} INFO - Processing /home/airflow/.local/lib/python3.12/site-packages/airflow/example_dags/tutorial_taskflow_api.py took 0.028 seconds
[2025-04-21T20:37:29.643+0000] {processor.py:161} INFO - Started process (PID=94542) to work on /home/airflow/.local/lib/python3.12/site-packages/airflow/example_dags/tutorial_taskflow_api.py
[2025-04-21T20:37:29.643+0000] {processor.py:830} INFO - Processing file /home/airflow/.local/lib/python3.12/site-packages/airflow/example_dags/tutorial_taskflow_api.py for tasks to queue
[2025-04-21T20:37:29.645+0000] {logging_mixin.py:188} INFO - [2025-04-21T20:37:29.644+0000] {dagbag.py:545} INFO - Filling up the DagBag from /home/airflow/.local/lib/python3.12/site-packages/airflow/example_dags/tutorial_taskflow_api.py
[2025-04-21T20:37:29.648+0000] {processor.py:840} INFO - DAG(s) 'tutorial_taskflow_api' retrieved from /home/airflow/.local/lib/python3.12/site-packages/airflow/example_dags/tutorial_taskflow_api.py
[2025-04-21T20:37:29.656+0000] {logging_mixin.py:188} INFO - [2025-04-21T20:37:29.656+0000] {dag.py:3096} INFO - Sync 1 DAGs
[2025-04-21T20:37:29.662+0000] {logging_mixin.py:188} INFO - [2025-04-21T20:37:29.662+0000] {dag.py:3954} INFO - Setting next_dagrun for tutorial_taskflow_api to None, run_after=None
[2025-04-21T20:37:29.669+0000] {processor.py:183} INFO - Processing /home/airflow/.local/lib/python3.12/site-packages/airflow/example_dags/tutorial_taskflow_api.py took 0.029 seconds
[2025-04-21T20:40:16.300+0000] {processor.py:161} INFO - Started process (PID=94602) to work on /home/airflow/.local/lib/python3.12/site-packages/airflow/example_dags/tutorial_taskflow_api.py
[2025-04-21T20:40:16.301+0000] {processor.py:830} INFO - Processing file /home/airflow/.local/lib/python3.12/site-packages/airflow/example_dags/tutorial_taskflow_api.py for tasks to queue
[2025-04-21T20:40:16.303+0000] {logging_mixin.py:188} INFO - [2025-04-21T20:40:16.302+0000] {dagbag.py:545} INFO - Filling up the DagBag from /home/airflow/.local/lib/python3.12/site-packages/airflow/example_dags/tutorial_taskflow_api.py
[2025-04-21T20:40:16.310+0000] {processor.py:840} INFO - DAG(s) 'tutorial_taskflow_api' retrieved from /home/airflow/.local/lib/python3.12/site-packages/airflow/example_dags/tutorial_taskflow_api.py
[2025-04-21T20:40:16.337+0000] {logging_mixin.py:188} INFO - [2025-04-21T20:40:16.337+0000] {dag.py:3096} INFO - Sync 1 DAGs
[2025-04-21T20:40:16.349+0000] {logging_mixin.py:188} INFO - [2025-04-21T20:40:16.349+0000] {dag.py:3954} INFO - Setting next_dagrun for tutorial_taskflow_api to None, run_after=None
[2025-04-21T20:40:16.367+0000] {processor.py:183} INFO - Processing /home/airflow/.local/lib/python3.12/site-packages/airflow/example_dags/tutorial_taskflow_api.py took 0.071 seconds
[2025-04-21T20:41:06.210+0000] {processor.py:161} INFO - Started process (PID=94662) to work on /home/airflow/.local/lib/python3.12/site-packages/airflow/example_dags/tutorial_taskflow_api.py
[2025-04-21T20:41:06.211+0000] {processor.py:830} INFO - Processing file /home/airflow/.local/lib/python3.12/site-packages/airflow/example_dags/tutorial_taskflow_api.py for tasks to queue
[2025-04-21T20:41:06.212+0000] {logging_mixin.py:188} INFO - [2025-04-21T20:41:06.212+0000] {dagbag.py:545} INFO - Filling up the DagBag from /home/airflow/.local/lib/python3.12/site-packages/airflow/example_dags/tutorial_taskflow_api.py
[2025-04-21T20:41:06.215+0000] {processor.py:840} INFO - DAG(s) 'tutorial_taskflow_api' retrieved from /home/airflow/.local/lib/python3.12/site-packages/airflow/example_dags/tutorial_taskflow_api.py
[2025-04-21T20:41:06.224+0000] {logging_mixin.py:188} INFO - [2025-04-21T20:41:06.224+0000] {dag.py:3096} INFO - Sync 1 DAGs
[2025-04-21T20:41:06.229+0000] {logging_mixin.py:188} INFO - [2025-04-21T20:41:06.229+0000] {dag.py:3954} INFO - Setting next_dagrun for tutorial_taskflow_api to None, run_after=None
[2025-04-21T20:41:06.237+0000] {processor.py:183} INFO - Processing /home/airflow/.local/lib/python3.12/site-packages/airflow/example_dags/tutorial_taskflow_api.py took 0.029 seconds
[2025-04-21T20:41:48.964+0000] {processor.py:161} INFO - Started process (PID=94722) to work on /home/airflow/.local/lib/python3.12/site-packages/airflow/example_dags/tutorial_taskflow_api.py
[2025-04-21T20:41:48.965+0000] {processor.py:830} INFO - Processing file /home/airflow/.local/lib/python3.12/site-packages/airflow/example_dags/tutorial_taskflow_api.py for tasks to queue
[2025-04-21T20:41:48.966+0000] {logging_mixin.py:188} INFO - [2025-04-21T20:41:48.966+0000] {dagbag.py:545} INFO - Filling up the DagBag from /home/airflow/.local/lib/python3.12/site-packages/airflow/example_dags/tutorial_taskflow_api.py
[2025-04-21T20:41:48.969+0000] {processor.py:840} INFO - DAG(s) 'tutorial_taskflow_api' retrieved from /home/airflow/.local/lib/python3.12/site-packages/airflow/example_dags/tutorial_taskflow_api.py
[2025-04-21T20:41:48.983+0000] {logging_mixin.py:188} INFO - [2025-04-21T20:41:48.983+0000] {dag.py:3096} INFO - Sync 1 DAGs
[2025-04-21T20:41:48.988+0000] {logging_mixin.py:188} INFO - [2025-04-21T20:41:48.988+0000] {dag.py:3954} INFO - Setting next_dagrun for tutorial_taskflow_api to None, run_after=None
[2025-04-21T20:41:48.999+0000] {processor.py:183} INFO - Processing /home/airflow/.local/lib/python3.12/site-packages/airflow/example_dags/tutorial_taskflow_api.py took 0.038 seconds
[2025-04-21T20:42:34.081+0000] {processor.py:161} INFO - Started process (PID=94782) to work on /home/airflow/.local/lib/python3.12/site-packages/airflow/example_dags/tutorial_taskflow_api.py
[2025-04-21T20:42:34.083+0000] {processor.py:830} INFO - Processing file /home/airflow/.local/lib/python3.12/site-packages/airflow/example_dags/tutorial_taskflow_api.py for tasks to queue
[2025-04-21T20:42:34.085+0000] {logging_mixin.py:188} INFO - [2025-04-21T20:42:34.084+0000] {dagbag.py:545} INFO - Filling up the DagBag from /home/airflow/.local/lib/python3.12/site-packages/airflow/example_dags/tutorial_taskflow_api.py
[2025-04-21T20:42:34.088+0000] {processor.py:840} INFO - DAG(s) 'tutorial_taskflow_api' retrieved from /home/airflow/.local/lib/python3.12/site-packages/airflow/example_dags/tutorial_taskflow_api.py
[2025-04-21T20:42:34.100+0000] {logging_mixin.py:188} INFO - [2025-04-21T20:42:34.100+0000] {dag.py:3096} INFO - Sync 1 DAGs
[2025-04-21T20:42:34.107+0000] {logging_mixin.py:188} INFO - [2025-04-21T20:42:34.107+0000] {dag.py:3954} INFO - Setting next_dagrun for tutorial_taskflow_api to None, run_after=None
[2025-04-21T20:42:34.117+0000] {processor.py:183} INFO - Processing /home/airflow/.local/lib/python3.12/site-packages/airflow/example_dags/tutorial_taskflow_api.py took 0.039 seconds
[2025-04-21T20:43:37.033+0000] {processor.py:161} INFO - Started process (PID=94842) to work on /home/airflow/.local/lib/python3.12/site-packages/airflow/example_dags/tutorial_taskflow_api.py
[2025-04-21T20:43:37.034+0000] {processor.py:830} INFO - Processing file /home/airflow/.local/lib/python3.12/site-packages/airflow/example_dags/tutorial_taskflow_api.py for tasks to queue
[2025-04-21T20:43:37.034+0000] {logging_mixin.py:188} INFO - [2025-04-21T20:43:37.034+0000] {dagbag.py:545} INFO - Filling up the DagBag from /home/airflow/.local/lib/python3.12/site-packages/airflow/example_dags/tutorial_taskflow_api.py
[2025-04-21T20:43:37.037+0000] {processor.py:840} INFO - DAG(s) 'tutorial_taskflow_api' retrieved from /home/airflow/.local/lib/python3.12/site-packages/airflow/example_dags/tutorial_taskflow_api.py
[2025-04-21T20:43:37.046+0000] {logging_mixin.py:188} INFO - [2025-04-21T20:43:37.046+0000] {dag.py:3096} INFO - Sync 1 DAGs
[2025-04-21T20:43:37.052+0000] {logging_mixin.py:188} INFO - [2025-04-21T20:43:37.052+0000] {dag.py:3954} INFO - Setting next_dagrun for tutorial_taskflow_api to None, run_after=None
[2025-04-21T20:43:37.059+0000] {processor.py:183} INFO - Processing /home/airflow/.local/lib/python3.12/site-packages/airflow/example_dags/tutorial_taskflow_api.py took 0.029 seconds
[2025-04-21T20:44:41.025+0000] {processor.py:161} INFO - Started process (PID=94902) to work on /home/airflow/.local/lib/python3.12/site-packages/airflow/example_dags/tutorial_taskflow_api.py
[2025-04-21T20:44:41.026+0000] {processor.py:830} INFO - Processing file /home/airflow/.local/lib/python3.12/site-packages/airflow/example_dags/tutorial_taskflow_api.py for tasks to queue
[2025-04-21T20:44:41.027+0000] {logging_mixin.py:188} INFO - [2025-04-21T20:44:41.027+0000] {dagbag.py:545} INFO - Filling up the DagBag from /home/airflow/.local/lib/python3.12/site-packages/airflow/example_dags/tutorial_taskflow_api.py
[2025-04-21T20:44:41.030+0000] {processor.py:840} INFO - DAG(s) 'tutorial_taskflow_api' retrieved from /home/airflow/.local/lib/python3.12/site-packages/airflow/example_dags/tutorial_taskflow_api.py
[2025-04-21T20:44:41.039+0000] {logging_mixin.py:188} INFO - [2025-04-21T20:44:41.039+0000] {dag.py:3096} INFO - Sync 1 DAGs
[2025-04-21T20:44:41.045+0000] {logging_mixin.py:188} INFO - [2025-04-21T20:44:41.044+0000] {dag.py:3954} INFO - Setting next_dagrun for tutorial_taskflow_api to None, run_after=None
[2025-04-21T20:44:41.061+0000] {processor.py:183} INFO - Processing /home/airflow/.local/lib/python3.12/site-packages/airflow/example_dags/tutorial_taskflow_api.py took 0.039 seconds
[2025-04-21T20:45:22.524+0000] {processor.py:161} INFO - Started process (PID=94962) to work on /home/airflow/.local/lib/python3.12/site-packages/airflow/example_dags/tutorial_taskflow_api.py
[2025-04-21T20:45:22.526+0000] {processor.py:830} INFO - Processing file /home/airflow/.local/lib/python3.12/site-packages/airflow/example_dags/tutorial_taskflow_api.py for tasks to queue
[2025-04-21T20:45:22.527+0000] {logging_mixin.py:188} INFO - [2025-04-21T20:45:22.527+0000] {dagbag.py:545} INFO - Filling up the DagBag from /home/airflow/.local/lib/python3.12/site-packages/airflow/example_dags/tutorial_taskflow_api.py
[2025-04-21T20:45:22.534+0000] {processor.py:840} INFO - DAG(s) 'tutorial_taskflow_api' retrieved from /home/airflow/.local/lib/python3.12/site-packages/airflow/example_dags/tutorial_taskflow_api.py
[2025-04-21T20:45:22.554+0000] {logging_mixin.py:188} INFO - [2025-04-21T20:45:22.553+0000] {dag.py:3096} INFO - Sync 1 DAGs
[2025-04-21T20:45:22.562+0000] {logging_mixin.py:188} INFO - [2025-04-21T20:45:22.562+0000] {dag.py:3954} INFO - Setting next_dagrun for tutorial_taskflow_api to None, run_after=None
[2025-04-21T20:45:22.573+0000] {processor.py:183} INFO - Processing /home/airflow/.local/lib/python3.12/site-packages/airflow/example_dags/tutorial_taskflow_api.py took 0.052 seconds
[2025-04-21T20:50:35.168+0000] {processor.py:161} INFO - Started process (PID=95022) to work on /home/airflow/.local/lib/python3.12/site-packages/airflow/example_dags/tutorial_taskflow_api.py
[2025-04-21T20:50:35.168+0000] {processor.py:830} INFO - Processing file /home/airflow/.local/lib/python3.12/site-packages/airflow/example_dags/tutorial_taskflow_api.py for tasks to queue
[2025-04-21T20:50:35.169+0000] {logging_mixin.py:188} INFO - [2025-04-21T20:50:35.169+0000] {dagbag.py:545} INFO - Filling up the DagBag from /home/airflow/.local/lib/python3.12/site-packages/airflow/example_dags/tutorial_taskflow_api.py
[2025-04-21T20:50:35.172+0000] {processor.py:840} INFO - DAG(s) 'tutorial_taskflow_api' retrieved from /home/airflow/.local/lib/python3.12/site-packages/airflow/example_dags/tutorial_taskflow_api.py
[2025-04-21T20:50:35.182+0000] {logging_mixin.py:188} INFO - [2025-04-21T20:50:35.182+0000] {dag.py:3096} INFO - Sync 1 DAGs
[2025-04-21T20:50:35.187+0000] {logging_mixin.py:188} INFO - [2025-04-21T20:50:35.187+0000] {dag.py:3954} INFO - Setting next_dagrun for tutorial_taskflow_api to None, run_after=None
[2025-04-21T20:50:35.203+0000] {processor.py:183} INFO - Processing /home/airflow/.local/lib/python3.12/site-packages/airflow/example_dags/tutorial_taskflow_api.py took 0.038 seconds
[2025-04-21T20:51:05.304+0000] {processor.py:161} INFO - Started process (PID=95080) to work on /home/airflow/.local/lib/python3.12/site-packages/airflow/example_dags/tutorial_taskflow_api.py
[2025-04-21T20:51:05.305+0000] {processor.py:830} INFO - Processing file /home/airflow/.local/lib/python3.12/site-packages/airflow/example_dags/tutorial_taskflow_api.py for tasks to queue
[2025-04-21T20:51:05.306+0000] {logging_mixin.py:188} INFO - [2025-04-21T20:51:05.306+0000] {dagbag.py:545} INFO - Filling up the DagBag from /home/airflow/.local/lib/python3.12/site-packages/airflow/example_dags/tutorial_taskflow_api.py
[2025-04-21T20:51:05.311+0000] {processor.py:840} INFO - DAG(s) 'tutorial_taskflow_api' retrieved from /home/airflow/.local/lib/python3.12/site-packages/airflow/example_dags/tutorial_taskflow_api.py
[2025-04-21T20:51:05.324+0000] {logging_mixin.py:188} INFO - [2025-04-21T20:51:05.324+0000] {dag.py:3096} INFO - Sync 1 DAGs
[2025-04-21T20:51:05.336+0000] {logging_mixin.py:188} INFO - [2025-04-21T20:51:05.336+0000] {dag.py:3954} INFO - Setting next_dagrun for tutorial_taskflow_api to None, run_after=None
[2025-04-21T20:51:05.351+0000] {processor.py:183} INFO - Processing /home/airflow/.local/lib/python3.12/site-packages/airflow/example_dags/tutorial_taskflow_api.py took 0.050 seconds
[2025-04-21T20:56:18.785+0000] {processor.py:161} INFO - Started process (PID=95142) to work on /home/airflow/.local/lib/python3.12/site-packages/airflow/example_dags/tutorial_taskflow_api.py
[2025-04-21T20:56:18.786+0000] {processor.py:830} INFO - Processing file /home/airflow/.local/lib/python3.12/site-packages/airflow/example_dags/tutorial_taskflow_api.py for tasks to queue
[2025-04-21T20:56:18.786+0000] {logging_mixin.py:188} INFO - [2025-04-21T20:56:18.786+0000] {dagbag.py:545} INFO - Filling up the DagBag from /home/airflow/.local/lib/python3.12/site-packages/airflow/example_dags/tutorial_taskflow_api.py
[2025-04-21T20:56:18.789+0000] {processor.py:840} INFO - DAG(s) 'tutorial_taskflow_api' retrieved from /home/airflow/.local/lib/python3.12/site-packages/airflow/example_dags/tutorial_taskflow_api.py
[2025-04-21T20:56:18.799+0000] {logging_mixin.py:188} INFO - [2025-04-21T20:56:18.798+0000] {dag.py:3096} INFO - Sync 1 DAGs
[2025-04-21T20:56:18.804+0000] {logging_mixin.py:188} INFO - [2025-04-21T20:56:18.804+0000] {dag.py:3954} INFO - Setting next_dagrun for tutorial_taskflow_api to None, run_after=None
[2025-04-21T20:56:18.811+0000] {processor.py:183} INFO - Processing /home/airflow/.local/lib/python3.12/site-packages/airflow/example_dags/tutorial_taskflow_api.py took 0.029 seconds
[2025-04-21T21:46:40.224+0000] {processor.py:161} INFO - Started process (PID=95202) to work on /home/airflow/.local/lib/python3.12/site-packages/airflow/example_dags/tutorial_taskflow_api.py
[2025-04-21T21:46:40.225+0000] {processor.py:830} INFO - Processing file /home/airflow/.local/lib/python3.12/site-packages/airflow/example_dags/tutorial_taskflow_api.py for tasks to queue
[2025-04-21T21:46:40.225+0000] {logging_mixin.py:188} INFO - [2025-04-21T21:46:40.225+0000] {dagbag.py:545} INFO - Filling up the DagBag from /home/airflow/.local/lib/python3.12/site-packages/airflow/example_dags/tutorial_taskflow_api.py
[2025-04-21T21:46:40.228+0000] {processor.py:840} INFO - DAG(s) 'tutorial_taskflow_api' retrieved from /home/airflow/.local/lib/python3.12/site-packages/airflow/example_dags/tutorial_taskflow_api.py
[2025-04-21T21:46:40.238+0000] {logging_mixin.py:188} INFO - [2025-04-21T21:46:40.238+0000] {dag.py:3096} INFO - Sync 1 DAGs
[2025-04-21T21:46:40.243+0000] {logging_mixin.py:188} INFO - [2025-04-21T21:46:40.243+0000] {dag.py:3954} INFO - Setting next_dagrun for tutorial_taskflow_api to None, run_after=None
[2025-04-21T21:46:40.250+0000] {processor.py:183} INFO - Processing /home/airflow/.local/lib/python3.12/site-packages/airflow/example_dags/tutorial_taskflow_api.py took 0.029 seconds
[2025-04-21T21:47:10.464+0000] {processor.py:161} INFO - Started process (PID=95260) to work on /home/airflow/.local/lib/python3.12/site-packages/airflow/example_dags/tutorial_taskflow_api.py
[2025-04-21T21:47:10.465+0000] {processor.py:830} INFO - Processing file /home/airflow/.local/lib/python3.12/site-packages/airflow/example_dags/tutorial_taskflow_api.py for tasks to queue
[2025-04-21T21:47:10.467+0000] {logging_mixin.py:188} INFO - [2025-04-21T21:47:10.467+0000] {dagbag.py:545} INFO - Filling up the DagBag from /home/airflow/.local/lib/python3.12/site-packages/airflow/example_dags/tutorial_taskflow_api.py
[2025-04-21T21:47:10.471+0000] {processor.py:840} INFO - DAG(s) 'tutorial_taskflow_api' retrieved from /home/airflow/.local/lib/python3.12/site-packages/airflow/example_dags/tutorial_taskflow_api.py
[2025-04-21T21:47:10.495+0000] {logging_mixin.py:188} INFO - [2025-04-21T21:47:10.495+0000] {dag.py:3096} INFO - Sync 1 DAGs
[2025-04-21T21:47:10.505+0000] {logging_mixin.py:188} INFO - [2025-04-21T21:47:10.505+0000] {dag.py:3954} INFO - Setting next_dagrun for tutorial_taskflow_api to None, run_after=None
[2025-04-21T21:47:10.523+0000] {processor.py:183} INFO - Processing /home/airflow/.local/lib/python3.12/site-packages/airflow/example_dags/tutorial_taskflow_api.py took 0.062 seconds
[2025-04-21T21:52:23.347+0000] {processor.py:161} INFO - Started process (PID=95322) to work on /home/airflow/.local/lib/python3.12/site-packages/airflow/example_dags/tutorial_taskflow_api.py
[2025-04-21T21:52:23.348+0000] {processor.py:830} INFO - Processing file /home/airflow/.local/lib/python3.12/site-packages/airflow/example_dags/tutorial_taskflow_api.py for tasks to queue
[2025-04-21T21:52:23.348+0000] {logging_mixin.py:188} INFO - [2025-04-21T21:52:23.348+0000] {dagbag.py:545} INFO - Filling up the DagBag from /home/airflow/.local/lib/python3.12/site-packages/airflow/example_dags/tutorial_taskflow_api.py
[2025-04-21T21:52:23.352+0000] {processor.py:840} INFO - DAG(s) 'tutorial_taskflow_api' retrieved from /home/airflow/.local/lib/python3.12/site-packages/airflow/example_dags/tutorial_taskflow_api.py
[2025-04-21T21:52:23.362+0000] {logging_mixin.py:188} INFO - [2025-04-21T21:52:23.362+0000] {dag.py:3096} INFO - Sync 1 DAGs
[2025-04-21T21:52:23.368+0000] {logging_mixin.py:188} INFO - [2025-04-21T21:52:23.368+0000] {dag.py:3954} INFO - Setting next_dagrun for tutorial_taskflow_api to None, run_after=None
[2025-04-21T21:52:23.376+0000] {processor.py:183} INFO - Processing /home/airflow/.local/lib/python3.12/site-packages/airflow/example_dags/tutorial_taskflow_api.py took 0.032 seconds
[2025-04-21T21:57:35.996+0000] {processor.py:161} INFO - Started process (PID=95382) to work on /home/airflow/.local/lib/python3.12/site-packages/airflow/example_dags/tutorial_taskflow_api.py
[2025-04-21T21:57:35.997+0000] {processor.py:830} INFO - Processing file /home/airflow/.local/lib/python3.12/site-packages/airflow/example_dags/tutorial_taskflow_api.py for tasks to queue
[2025-04-21T21:57:35.998+0000] {logging_mixin.py:188} INFO - [2025-04-21T21:57:35.998+0000] {dagbag.py:545} INFO - Filling up the DagBag from /home/airflow/.local/lib/python3.12/site-packages/airflow/example_dags/tutorial_taskflow_api.py
[2025-04-21T21:57:36.001+0000] {processor.py:840} INFO - DAG(s) 'tutorial_taskflow_api' retrieved from /home/airflow/.local/lib/python3.12/site-packages/airflow/example_dags/tutorial_taskflow_api.py
[2025-04-21T21:57:36.016+0000] {logging_mixin.py:188} INFO - [2025-04-21T21:57:36.016+0000] {dag.py:3096} INFO - Sync 1 DAGs
[2025-04-21T21:57:36.022+0000] {logging_mixin.py:188} INFO - [2025-04-21T21:57:36.022+0000] {dag.py:3954} INFO - Setting next_dagrun for tutorial_taskflow_api to None, run_after=None
[2025-04-21T21:57:36.031+0000] {processor.py:183} INFO - Processing /home/airflow/.local/lib/python3.12/site-packages/airflow/example_dags/tutorial_taskflow_api.py took 0.038 seconds
[2025-04-21T22:02:49.033+0000] {processor.py:161} INFO - Started process (PID=95442) to work on /home/airflow/.local/lib/python3.12/site-packages/airflow/example_dags/tutorial_taskflow_api.py
[2025-04-21T22:02:49.036+0000] {processor.py:830} INFO - Processing file /home/airflow/.local/lib/python3.12/site-packages/airflow/example_dags/tutorial_taskflow_api.py for tasks to queue
[2025-04-21T22:02:49.037+0000] {logging_mixin.py:188} INFO - [2025-04-21T22:02:49.036+0000] {dagbag.py:545} INFO - Filling up the DagBag from /home/airflow/.local/lib/python3.12/site-packages/airflow/example_dags/tutorial_taskflow_api.py
[2025-04-21T22:02:49.040+0000] {processor.py:840} INFO - DAG(s) 'tutorial_taskflow_api' retrieved from /home/airflow/.local/lib/python3.12/site-packages/airflow/example_dags/tutorial_taskflow_api.py
[2025-04-21T22:02:49.066+0000] {logging_mixin.py:188} INFO - [2025-04-21T22:02:49.066+0000] {dag.py:3096} INFO - Sync 1 DAGs
[2025-04-21T22:02:49.077+0000] {logging_mixin.py:188} INFO - [2025-04-21T22:02:49.076+0000] {dag.py:3954} INFO - Setting next_dagrun for tutorial_taskflow_api to None, run_after=None
[2025-04-21T22:02:49.086+0000] {processor.py:183} INFO - Processing /home/airflow/.local/lib/python3.12/site-packages/airflow/example_dags/tutorial_taskflow_api.py took 0.058 seconds
[2025-04-21T22:03:19.727+0000] {processor.py:161} INFO - Started process (PID=95502) to work on /home/airflow/.local/lib/python3.12/site-packages/airflow/example_dags/tutorial_taskflow_api.py
[2025-04-21T22:03:19.728+0000] {processor.py:830} INFO - Processing file /home/airflow/.local/lib/python3.12/site-packages/airflow/example_dags/tutorial_taskflow_api.py for tasks to queue
[2025-04-21T22:03:19.729+0000] {logging_mixin.py:188} INFO - [2025-04-21T22:03:19.729+0000] {dagbag.py:545} INFO - Filling up the DagBag from /home/airflow/.local/lib/python3.12/site-packages/airflow/example_dags/tutorial_taskflow_api.py
[2025-04-21T22:03:19.733+0000] {processor.py:840} INFO - DAG(s) 'tutorial_taskflow_api' retrieved from /home/airflow/.local/lib/python3.12/site-packages/airflow/example_dags/tutorial_taskflow_api.py
[2025-04-21T22:03:19.748+0000] {logging_mixin.py:188} INFO - [2025-04-21T22:03:19.748+0000] {dag.py:3096} INFO - Sync 1 DAGs
[2025-04-21T22:03:19.756+0000] {logging_mixin.py:188} INFO - [2025-04-21T22:03:19.756+0000] {dag.py:3954} INFO - Setting next_dagrun for tutorial_taskflow_api to None, run_after=None
[2025-04-21T22:03:19.769+0000] {processor.py:183} INFO - Processing /home/airflow/.local/lib/python3.12/site-packages/airflow/example_dags/tutorial_taskflow_api.py took 0.047 seconds
[2025-04-21T22:11:05.763+0000] {processor.py:161} INFO - Started process (PID=95562) to work on /home/airflow/.local/lib/python3.12/site-packages/airflow/example_dags/tutorial_taskflow_api.py
[2025-04-21T22:11:05.764+0000] {processor.py:830} INFO - Processing file /home/airflow/.local/lib/python3.12/site-packages/airflow/example_dags/tutorial_taskflow_api.py for tasks to queue
[2025-04-21T22:11:05.767+0000] {logging_mixin.py:188} INFO - [2025-04-21T22:11:05.767+0000] {dagbag.py:545} INFO - Filling up the DagBag from /home/airflow/.local/lib/python3.12/site-packages/airflow/example_dags/tutorial_taskflow_api.py
[2025-04-21T22:11:05.783+0000] {processor.py:840} INFO - DAG(s) 'tutorial_taskflow_api' retrieved from /home/airflow/.local/lib/python3.12/site-packages/airflow/example_dags/tutorial_taskflow_api.py
[2025-04-21T22:11:05.824+0000] {logging_mixin.py:188} INFO - [2025-04-21T22:11:05.824+0000] {dag.py:3096} INFO - Sync 1 DAGs
[2025-04-21T22:11:05.835+0000] {logging_mixin.py:188} INFO - [2025-04-21T22:11:05.835+0000] {dag.py:3954} INFO - Setting next_dagrun for tutorial_taskflow_api to None, run_after=None
[2025-04-21T22:11:05.865+0000] {processor.py:183} INFO - Processing /home/airflow/.local/lib/python3.12/site-packages/airflow/example_dags/tutorial_taskflow_api.py took 0.108 seconds
[2025-04-21T22:16:18.867+0000] {processor.py:161} INFO - Started process (PID=95622) to work on /home/airflow/.local/lib/python3.12/site-packages/airflow/example_dags/tutorial_taskflow_api.py
[2025-04-21T22:16:18.868+0000] {processor.py:830} INFO - Processing file /home/airflow/.local/lib/python3.12/site-packages/airflow/example_dags/tutorial_taskflow_api.py for tasks to queue
[2025-04-21T22:16:18.869+0000] {logging_mixin.py:188} INFO - [2025-04-21T22:16:18.869+0000] {dagbag.py:545} INFO - Filling up the DagBag from /home/airflow/.local/lib/python3.12/site-packages/airflow/example_dags/tutorial_taskflow_api.py
[2025-04-21T22:16:18.873+0000] {processor.py:840} INFO - DAG(s) 'tutorial_taskflow_api' retrieved from /home/airflow/.local/lib/python3.12/site-packages/airflow/example_dags/tutorial_taskflow_api.py
[2025-04-21T22:16:18.886+0000] {logging_mixin.py:188} INFO - [2025-04-21T22:16:18.886+0000] {dag.py:3096} INFO - Sync 1 DAGs
[2025-04-21T22:16:18.896+0000] {logging_mixin.py:188} INFO - [2025-04-21T22:16:18.896+0000] {dag.py:3954} INFO - Setting next_dagrun for tutorial_taskflow_api to None, run_after=None
[2025-04-21T22:16:18.912+0000] {processor.py:183} INFO - Processing /home/airflow/.local/lib/python3.12/site-packages/airflow/example_dags/tutorial_taskflow_api.py took 0.050 seconds
[2025-04-21T22:34:10.164+0000] {processor.py:161} INFO - Started process (PID=95682) to work on /home/airflow/.local/lib/python3.12/site-packages/airflow/example_dags/tutorial_taskflow_api.py
[2025-04-21T22:34:10.165+0000] {processor.py:830} INFO - Processing file /home/airflow/.local/lib/python3.12/site-packages/airflow/example_dags/tutorial_taskflow_api.py for tasks to queue
[2025-04-21T22:34:10.166+0000] {logging_mixin.py:188} INFO - [2025-04-21T22:34:10.166+0000] {dagbag.py:545} INFO - Filling up the DagBag from /home/airflow/.local/lib/python3.12/site-packages/airflow/example_dags/tutorial_taskflow_api.py
[2025-04-21T22:34:10.170+0000] {processor.py:840} INFO - DAG(s) 'tutorial_taskflow_api' retrieved from /home/airflow/.local/lib/python3.12/site-packages/airflow/example_dags/tutorial_taskflow_api.py
[2025-04-21T22:34:10.179+0000] {logging_mixin.py:188} INFO - [2025-04-21T22:34:10.179+0000] {dag.py:3096} INFO - Sync 1 DAGs
[2025-04-21T22:34:10.185+0000] {logging_mixin.py:188} INFO - [2025-04-21T22:34:10.185+0000] {dag.py:3954} INFO - Setting next_dagrun for tutorial_taskflow_api to None, run_after=None
[2025-04-21T22:34:10.192+0000] {processor.py:183} INFO - Processing /home/airflow/.local/lib/python3.12/site-packages/airflow/example_dags/tutorial_taskflow_api.py took 0.030 seconds
[2025-04-21T22:39:23.009+0000] {processor.py:161} INFO - Started process (PID=95742) to work on /home/airflow/.local/lib/python3.12/site-packages/airflow/example_dags/tutorial_taskflow_api.py
[2025-04-21T22:39:23.010+0000] {processor.py:830} INFO - Processing file /home/airflow/.local/lib/python3.12/site-packages/airflow/example_dags/tutorial_taskflow_api.py for tasks to queue
[2025-04-21T22:39:23.013+0000] {logging_mixin.py:188} INFO - [2025-04-21T22:39:23.013+0000] {dagbag.py:545} INFO - Filling up the DagBag from /home/airflow/.local/lib/python3.12/site-packages/airflow/example_dags/tutorial_taskflow_api.py
[2025-04-21T22:39:23.020+0000] {processor.py:840} INFO - DAG(s) 'tutorial_taskflow_api' retrieved from /home/airflow/.local/lib/python3.12/site-packages/airflow/example_dags/tutorial_taskflow_api.py
[2025-04-21T22:39:23.048+0000] {logging_mixin.py:188} INFO - [2025-04-21T22:39:23.047+0000] {dag.py:3096} INFO - Sync 1 DAGs
[2025-04-21T22:39:23.057+0000] {logging_mixin.py:188} INFO - [2025-04-21T22:39:23.057+0000] {dag.py:3954} INFO - Setting next_dagrun for tutorial_taskflow_api to None, run_after=None
[2025-04-21T22:39:23.068+0000] {processor.py:183} INFO - Processing /home/airflow/.local/lib/python3.12/site-packages/airflow/example_dags/tutorial_taskflow_api.py took 0.068 seconds
