[2025-04-21T00:38:24.581+0000] {processor.py:161} INFO - Started process (PID=91381) to work on /home/airflow/.local/lib/python3.12/site-packages/airflow/example_dags/tutorial_dag.py
[2025-04-21T00:38:24.581+0000] {processor.py:830} INFO - Processing file /home/airflow/.local/lib/python3.12/site-packages/airflow/example_dags/tutorial_dag.py for tasks to queue
[2025-04-21T00:38:24.582+0000] {logging_mixin.py:188} INFO - [2025-04-21T00:38:24.582+0000] {dagbag.py:545} INFO - Filling up the DagBag from /home/airflow/.local/lib/python3.12/site-packages/airflow/example_dags/tutorial_dag.py
[2025-04-21T00:38:24.585+0000] {processor.py:840} INFO - DAG(s) 'tutorial_dag' retrieved from /home/airflow/.local/lib/python3.12/site-packages/airflow/example_dags/tutorial_dag.py
[2025-04-21T00:38:24.603+0000] {logging_mixin.py:188} INFO - [2025-04-21T00:38:24.602+0000] {dag.py:3096} INFO - Sync 1 DAGs
[2025-04-21T00:38:24.609+0000] {logging_mixin.py:188} INFO - [2025-04-21T00:38:24.609+0000] {dag.py:3954} INFO - Setting next_dagrun for tutorial_dag to None, run_after=None
[2025-04-21T00:38:24.622+0000] {processor.py:183} INFO - Processing /home/airflow/.local/lib/python3.12/site-packages/airflow/example_dags/tutorial_dag.py took 0.044 seconds
[2025-04-21T01:37:14.703+0000] {processor.py:161} INFO - Started process (PID=91441) to work on /home/airflow/.local/lib/python3.12/site-packages/airflow/example_dags/tutorial_dag.py
[2025-04-21T01:37:14.703+0000] {processor.py:830} INFO - Processing file /home/airflow/.local/lib/python3.12/site-packages/airflow/example_dags/tutorial_dag.py for tasks to queue
[2025-04-21T01:37:14.704+0000] {logging_mixin.py:188} INFO - [2025-04-21T01:37:14.704+0000] {dagbag.py:545} INFO - Filling up the DagBag from /home/airflow/.local/lib/python3.12/site-packages/airflow/example_dags/tutorial_dag.py
[2025-04-21T01:37:14.707+0000] {processor.py:840} INFO - DAG(s) 'tutorial_dag' retrieved from /home/airflow/.local/lib/python3.12/site-packages/airflow/example_dags/tutorial_dag.py
[2025-04-21T01:37:14.718+0000] {logging_mixin.py:188} INFO - [2025-04-21T01:37:14.718+0000] {dag.py:3096} INFO - Sync 1 DAGs
[2025-04-21T01:37:14.724+0000] {logging_mixin.py:188} INFO - [2025-04-21T01:37:14.724+0000] {dag.py:3954} INFO - Setting next_dagrun for tutorial_dag to None, run_after=None
[2025-04-21T01:37:14.736+0000] {processor.py:183} INFO - Processing /home/airflow/.local/lib/python3.12/site-packages/airflow/example_dags/tutorial_dag.py took 0.037 seconds
[2025-04-21T01:37:45.151+0000] {processor.py:161} INFO - Started process (PID=91500) to work on /home/airflow/.local/lib/python3.12/site-packages/airflow/example_dags/tutorial_dag.py
[2025-04-21T01:37:45.152+0000] {processor.py:830} INFO - Processing file /home/airflow/.local/lib/python3.12/site-packages/airflow/example_dags/tutorial_dag.py for tasks to queue
[2025-04-21T01:37:45.155+0000] {logging_mixin.py:188} INFO - [2025-04-21T01:37:45.155+0000] {dagbag.py:545} INFO - Filling up the DagBag from /home/airflow/.local/lib/python3.12/site-packages/airflow/example_dags/tutorial_dag.py
[2025-04-21T01:37:45.157+0000] {processor.py:840} INFO - DAG(s) 'tutorial_dag' retrieved from /home/airflow/.local/lib/python3.12/site-packages/airflow/example_dags/tutorial_dag.py
[2025-04-21T01:37:45.171+0000] {logging_mixin.py:188} INFO - [2025-04-21T01:37:45.171+0000] {dag.py:3096} INFO - Sync 1 DAGs
[2025-04-21T01:37:45.191+0000] {logging_mixin.py:188} INFO - [2025-04-21T01:37:45.191+0000] {dag.py:3954} INFO - Setting next_dagrun for tutorial_dag to None, run_after=None
[2025-04-21T01:37:45.205+0000] {processor.py:183} INFO - Processing /home/airflow/.local/lib/python3.12/site-packages/airflow/example_dags/tutorial_dag.py took 0.058 seconds
[2025-04-21T02:58:44.127+0000] {processor.py:161} INFO - Started process (PID=91560) to work on /home/airflow/.local/lib/python3.12/site-packages/airflow/example_dags/tutorial_dag.py
[2025-04-21T02:58:44.127+0000] {processor.py:830} INFO - Processing file /home/airflow/.local/lib/python3.12/site-packages/airflow/example_dags/tutorial_dag.py for tasks to queue
[2025-04-21T02:58:44.129+0000] {logging_mixin.py:188} INFO - [2025-04-21T02:58:44.129+0000] {dagbag.py:545} INFO - Filling up the DagBag from /home/airflow/.local/lib/python3.12/site-packages/airflow/example_dags/tutorial_dag.py
[2025-04-21T02:58:44.132+0000] {processor.py:840} INFO - DAG(s) 'tutorial_dag' retrieved from /home/airflow/.local/lib/python3.12/site-packages/airflow/example_dags/tutorial_dag.py
[2025-04-21T02:58:44.142+0000] {logging_mixin.py:188} INFO - [2025-04-21T02:58:44.142+0000] {dag.py:3096} INFO - Sync 1 DAGs
[2025-04-21T02:58:44.147+0000] {logging_mixin.py:188} INFO - [2025-04-21T02:58:44.147+0000] {dag.py:3954} INFO - Setting next_dagrun for tutorial_dag to None, run_after=None
[2025-04-21T02:58:44.160+0000] {processor.py:183} INFO - Processing /home/airflow/.local/lib/python3.12/site-packages/airflow/example_dags/tutorial_dag.py took 0.036 seconds
[2025-04-21T04:23:10.204+0000] {processor.py:161} INFO - Started process (PID=91620) to work on /home/airflow/.local/lib/python3.12/site-packages/airflow/example_dags/tutorial_dag.py
[2025-04-21T04:23:10.204+0000] {processor.py:830} INFO - Processing file /home/airflow/.local/lib/python3.12/site-packages/airflow/example_dags/tutorial_dag.py for tasks to queue
[2025-04-21T04:23:10.205+0000] {logging_mixin.py:188} INFO - [2025-04-21T04:23:10.205+0000] {dagbag.py:545} INFO - Filling up the DagBag from /home/airflow/.local/lib/python3.12/site-packages/airflow/example_dags/tutorial_dag.py
[2025-04-21T04:23:10.208+0000] {processor.py:840} INFO - DAG(s) 'tutorial_dag' retrieved from /home/airflow/.local/lib/python3.12/site-packages/airflow/example_dags/tutorial_dag.py
[2025-04-21T04:23:10.218+0000] {logging_mixin.py:188} INFO - [2025-04-21T04:23:10.218+0000] {dag.py:3096} INFO - Sync 1 DAGs
[2025-04-21T04:23:10.223+0000] {logging_mixin.py:188} INFO - [2025-04-21T04:23:10.223+0000] {dag.py:3954} INFO - Setting next_dagrun for tutorial_dag to None, run_after=None
[2025-04-21T04:23:10.232+0000] {processor.py:183} INFO - Processing /home/airflow/.local/lib/python3.12/site-packages/airflow/example_dags/tutorial_dag.py took 0.031 seconds
[2025-04-21T04:23:40.838+0000] {processor.py:161} INFO - Started process (PID=91680) to work on /home/airflow/.local/lib/python3.12/site-packages/airflow/example_dags/tutorial_dag.py
[2025-04-21T04:23:40.838+0000] {processor.py:830} INFO - Processing file /home/airflow/.local/lib/python3.12/site-packages/airflow/example_dags/tutorial_dag.py for tasks to queue
[2025-04-21T04:23:40.839+0000] {logging_mixin.py:188} INFO - [2025-04-21T04:23:40.839+0000] {dagbag.py:545} INFO - Filling up the DagBag from /home/airflow/.local/lib/python3.12/site-packages/airflow/example_dags/tutorial_dag.py
[2025-04-21T04:23:40.842+0000] {processor.py:840} INFO - DAG(s) 'tutorial_dag' retrieved from /home/airflow/.local/lib/python3.12/site-packages/airflow/example_dags/tutorial_dag.py
[2025-04-21T04:23:40.854+0000] {logging_mixin.py:188} INFO - [2025-04-21T04:23:40.854+0000] {dag.py:3096} INFO - Sync 1 DAGs
[2025-04-21T04:23:40.860+0000] {logging_mixin.py:188} INFO - [2025-04-21T04:23:40.860+0000] {dag.py:3954} INFO - Setting next_dagrun for tutorial_dag to None, run_after=None
[2025-04-21T04:23:40.873+0000] {processor.py:183} INFO - Processing /home/airflow/.local/lib/python3.12/site-packages/airflow/example_dags/tutorial_dag.py took 0.038 seconds
[2025-04-21T04:28:53.464+0000] {processor.py:161} INFO - Started process (PID=91740) to work on /home/airflow/.local/lib/python3.12/site-packages/airflow/example_dags/tutorial_dag.py
[2025-04-21T04:28:53.464+0000] {processor.py:830} INFO - Processing file /home/airflow/.local/lib/python3.12/site-packages/airflow/example_dags/tutorial_dag.py for tasks to queue
[2025-04-21T04:28:53.465+0000] {logging_mixin.py:188} INFO - [2025-04-21T04:28:53.465+0000] {dagbag.py:545} INFO - Filling up the DagBag from /home/airflow/.local/lib/python3.12/site-packages/airflow/example_dags/tutorial_dag.py
[2025-04-21T04:28:53.468+0000] {processor.py:840} INFO - DAG(s) 'tutorial_dag' retrieved from /home/airflow/.local/lib/python3.12/site-packages/airflow/example_dags/tutorial_dag.py
[2025-04-21T04:28:53.478+0000] {logging_mixin.py:188} INFO - [2025-04-21T04:28:53.478+0000] {dag.py:3096} INFO - Sync 1 DAGs
[2025-04-21T04:28:53.484+0000] {logging_mixin.py:188} INFO - [2025-04-21T04:28:53.484+0000] {dag.py:3954} INFO - Setting next_dagrun for tutorial_dag to None, run_after=None
[2025-04-21T04:28:53.492+0000] {processor.py:183} INFO - Processing /home/airflow/.local/lib/python3.12/site-packages/airflow/example_dags/tutorial_dag.py took 0.031 seconds
[2025-04-21T04:29:24.100+0000] {processor.py:161} INFO - Started process (PID=91800) to work on /home/airflow/.local/lib/python3.12/site-packages/airflow/example_dags/tutorial_dag.py
[2025-04-21T04:29:24.101+0000] {processor.py:830} INFO - Processing file /home/airflow/.local/lib/python3.12/site-packages/airflow/example_dags/tutorial_dag.py for tasks to queue
[2025-04-21T04:29:24.102+0000] {logging_mixin.py:188} INFO - [2025-04-21T04:29:24.102+0000] {dagbag.py:545} INFO - Filling up the DagBag from /home/airflow/.local/lib/python3.12/site-packages/airflow/example_dags/tutorial_dag.py
[2025-04-21T04:29:24.106+0000] {processor.py:840} INFO - DAG(s) 'tutorial_dag' retrieved from /home/airflow/.local/lib/python3.12/site-packages/airflow/example_dags/tutorial_dag.py
[2025-04-21T04:29:24.116+0000] {logging_mixin.py:188} INFO - [2025-04-21T04:29:24.116+0000] {dag.py:3096} INFO - Sync 1 DAGs
[2025-04-21T04:29:24.122+0000] {logging_mixin.py:188} INFO - [2025-04-21T04:29:24.122+0000] {dag.py:3954} INFO - Setting next_dagrun for tutorial_dag to None, run_after=None
[2025-04-21T04:29:24.137+0000] {processor.py:183} INFO - Processing /home/airflow/.local/lib/python3.12/site-packages/airflow/example_dags/tutorial_dag.py took 0.039 seconds
[2025-04-21T04:31:11.639+0000] {processor.py:161} INFO - Started process (PID=91860) to work on /home/airflow/.local/lib/python3.12/site-packages/airflow/example_dags/tutorial_dag.py
[2025-04-21T04:31:11.639+0000] {processor.py:830} INFO - Processing file /home/airflow/.local/lib/python3.12/site-packages/airflow/example_dags/tutorial_dag.py for tasks to queue
[2025-04-21T04:31:11.640+0000] {logging_mixin.py:188} INFO - [2025-04-21T04:31:11.640+0000] {dagbag.py:545} INFO - Filling up the DagBag from /home/airflow/.local/lib/python3.12/site-packages/airflow/example_dags/tutorial_dag.py
[2025-04-21T04:31:11.642+0000] {processor.py:840} INFO - DAG(s) 'tutorial_dag' retrieved from /home/airflow/.local/lib/python3.12/site-packages/airflow/example_dags/tutorial_dag.py
[2025-04-21T04:31:11.651+0000] {logging_mixin.py:188} INFO - [2025-04-21T04:31:11.651+0000] {dag.py:3096} INFO - Sync 1 DAGs
[2025-04-21T04:31:11.656+0000] {logging_mixin.py:188} INFO - [2025-04-21T04:31:11.656+0000] {dag.py:3954} INFO - Setting next_dagrun for tutorial_dag to None, run_after=None
[2025-04-21T04:31:11.664+0000] {processor.py:183} INFO - Processing /home/airflow/.local/lib/python3.12/site-packages/airflow/example_dags/tutorial_dag.py took 0.028 seconds
[2025-04-21T04:36:24.644+0000] {processor.py:161} INFO - Started process (PID=91920) to work on /home/airflow/.local/lib/python3.12/site-packages/airflow/example_dags/tutorial_dag.py
[2025-04-21T04:36:24.645+0000] {processor.py:830} INFO - Processing file /home/airflow/.local/lib/python3.12/site-packages/airflow/example_dags/tutorial_dag.py for tasks to queue
[2025-04-21T04:36:24.646+0000] {logging_mixin.py:188} INFO - [2025-04-21T04:36:24.646+0000] {dagbag.py:545} INFO - Filling up the DagBag from /home/airflow/.local/lib/python3.12/site-packages/airflow/example_dags/tutorial_dag.py
[2025-04-21T04:36:24.649+0000] {processor.py:840} INFO - DAG(s) 'tutorial_dag' retrieved from /home/airflow/.local/lib/python3.12/site-packages/airflow/example_dags/tutorial_dag.py
[2025-04-21T04:36:24.660+0000] {logging_mixin.py:188} INFO - [2025-04-21T04:36:24.660+0000] {dag.py:3096} INFO - Sync 1 DAGs
[2025-04-21T04:36:24.667+0000] {logging_mixin.py:188} INFO - [2025-04-21T04:36:24.667+0000] {dag.py:3954} INFO - Setting next_dagrun for tutorial_dag to None, run_after=None
[2025-04-21T04:36:24.680+0000] {processor.py:183} INFO - Processing /home/airflow/.local/lib/python3.12/site-packages/airflow/example_dags/tutorial_dag.py took 0.038 seconds
[2025-04-21T04:41:38.047+0000] {processor.py:161} INFO - Started process (PID=91980) to work on /home/airflow/.local/lib/python3.12/site-packages/airflow/example_dags/tutorial_dag.py
[2025-04-21T04:41:38.048+0000] {processor.py:830} INFO - Processing file /home/airflow/.local/lib/python3.12/site-packages/airflow/example_dags/tutorial_dag.py for tasks to queue
[2025-04-21T04:41:38.050+0000] {logging_mixin.py:188} INFO - [2025-04-21T04:41:38.050+0000] {dagbag.py:545} INFO - Filling up the DagBag from /home/airflow/.local/lib/python3.12/site-packages/airflow/example_dags/tutorial_dag.py
[2025-04-21T04:41:38.053+0000] {processor.py:840} INFO - DAG(s) 'tutorial_dag' retrieved from /home/airflow/.local/lib/python3.12/site-packages/airflow/example_dags/tutorial_dag.py
[2025-04-21T04:41:38.063+0000] {logging_mixin.py:188} INFO - [2025-04-21T04:41:38.063+0000] {dag.py:3096} INFO - Sync 1 DAGs
[2025-04-21T04:41:38.069+0000] {logging_mixin.py:188} INFO - [2025-04-21T04:41:38.068+0000] {dag.py:3954} INFO - Setting next_dagrun for tutorial_dag to None, run_after=None
[2025-04-21T04:41:38.079+0000] {processor.py:183} INFO - Processing /home/airflow/.local/lib/python3.12/site-packages/airflow/example_dags/tutorial_dag.py took 0.035 seconds
[2025-04-21T04:46:50.921+0000] {processor.py:161} INFO - Started process (PID=92040) to work on /home/airflow/.local/lib/python3.12/site-packages/airflow/example_dags/tutorial_dag.py
[2025-04-21T04:46:50.922+0000] {processor.py:830} INFO - Processing file /home/airflow/.local/lib/python3.12/site-packages/airflow/example_dags/tutorial_dag.py for tasks to queue
[2025-04-21T04:46:50.924+0000] {logging_mixin.py:188} INFO - [2025-04-21T04:46:50.924+0000] {dagbag.py:545} INFO - Filling up the DagBag from /home/airflow/.local/lib/python3.12/site-packages/airflow/example_dags/tutorial_dag.py
[2025-04-21T04:46:50.927+0000] {processor.py:840} INFO - DAG(s) 'tutorial_dag' retrieved from /home/airflow/.local/lib/python3.12/site-packages/airflow/example_dags/tutorial_dag.py
[2025-04-21T04:46:50.937+0000] {logging_mixin.py:188} INFO - [2025-04-21T04:46:50.937+0000] {dag.py:3096} INFO - Sync 1 DAGs
[2025-04-21T04:46:50.943+0000] {logging_mixin.py:188} INFO - [2025-04-21T04:46:50.942+0000] {dag.py:3954} INFO - Setting next_dagrun for tutorial_dag to None, run_after=None
[2025-04-21T04:46:50.954+0000] {processor.py:183} INFO - Processing /home/airflow/.local/lib/python3.12/site-packages/airflow/example_dags/tutorial_dag.py took 0.037 seconds
[2025-04-21T04:47:21.473+0000] {processor.py:161} INFO - Started process (PID=92100) to work on /home/airflow/.local/lib/python3.12/site-packages/airflow/example_dags/tutorial_dag.py
[2025-04-21T04:47:21.474+0000] {processor.py:830} INFO - Processing file /home/airflow/.local/lib/python3.12/site-packages/airflow/example_dags/tutorial_dag.py for tasks to queue
[2025-04-21T04:47:21.475+0000] {logging_mixin.py:188} INFO - [2025-04-21T04:47:21.475+0000] {dagbag.py:545} INFO - Filling up the DagBag from /home/airflow/.local/lib/python3.12/site-packages/airflow/example_dags/tutorial_dag.py
[2025-04-21T04:47:21.478+0000] {processor.py:840} INFO - DAG(s) 'tutorial_dag' retrieved from /home/airflow/.local/lib/python3.12/site-packages/airflow/example_dags/tutorial_dag.py
[2025-04-21T04:47:21.487+0000] {logging_mixin.py:188} INFO - [2025-04-21T04:47:21.487+0000] {dag.py:3096} INFO - Sync 1 DAGs
[2025-04-21T04:47:21.493+0000] {logging_mixin.py:188} INFO - [2025-04-21T04:47:21.493+0000] {dag.py:3954} INFO - Setting next_dagrun for tutorial_dag to None, run_after=None
[2025-04-21T04:47:21.501+0000] {processor.py:183} INFO - Processing /home/airflow/.local/lib/python3.12/site-packages/airflow/example_dags/tutorial_dag.py took 0.032 seconds
[2025-04-21T04:52:34.124+0000] {processor.py:161} INFO - Started process (PID=92160) to work on /home/airflow/.local/lib/python3.12/site-packages/airflow/example_dags/tutorial_dag.py
[2025-04-21T04:52:34.125+0000] {processor.py:830} INFO - Processing file /home/airflow/.local/lib/python3.12/site-packages/airflow/example_dags/tutorial_dag.py for tasks to queue
[2025-04-21T04:52:34.126+0000] {logging_mixin.py:188} INFO - [2025-04-21T04:52:34.126+0000] {dagbag.py:545} INFO - Filling up the DagBag from /home/airflow/.local/lib/python3.12/site-packages/airflow/example_dags/tutorial_dag.py
[2025-04-21T04:52:34.129+0000] {processor.py:840} INFO - DAG(s) 'tutorial_dag' retrieved from /home/airflow/.local/lib/python3.12/site-packages/airflow/example_dags/tutorial_dag.py
[2025-04-21T04:52:34.140+0000] {logging_mixin.py:188} INFO - [2025-04-21T04:52:34.140+0000] {dag.py:3096} INFO - Sync 1 DAGs
[2025-04-21T04:52:34.146+0000] {logging_mixin.py:188} INFO - [2025-04-21T04:52:34.146+0000] {dag.py:3954} INFO - Setting next_dagrun for tutorial_dag to None, run_after=None
[2025-04-21T04:52:34.154+0000] {processor.py:183} INFO - Processing /home/airflow/.local/lib/python3.12/site-packages/airflow/example_dags/tutorial_dag.py took 0.033 seconds
[2025-04-21T05:15:37.642+0000] {processor.py:161} INFO - Started process (PID=92220) to work on /home/airflow/.local/lib/python3.12/site-packages/airflow/example_dags/tutorial_dag.py
[2025-04-21T05:15:37.645+0000] {processor.py:830} INFO - Processing file /home/airflow/.local/lib/python3.12/site-packages/airflow/example_dags/tutorial_dag.py for tasks to queue
[2025-04-21T05:15:37.646+0000] {logging_mixin.py:188} INFO - [2025-04-21T05:15:37.646+0000] {dagbag.py:545} INFO - Filling up the DagBag from /home/airflow/.local/lib/python3.12/site-packages/airflow/example_dags/tutorial_dag.py
[2025-04-21T05:15:37.649+0000] {processor.py:840} INFO - DAG(s) 'tutorial_dag' retrieved from /home/airflow/.local/lib/python3.12/site-packages/airflow/example_dags/tutorial_dag.py
[2025-04-21T05:15:37.662+0000] {logging_mixin.py:188} INFO - [2025-04-21T05:15:37.662+0000] {dag.py:3096} INFO - Sync 1 DAGs
[2025-04-21T05:15:37.668+0000] {logging_mixin.py:188} INFO - [2025-04-21T05:15:37.668+0000] {dag.py:3954} INFO - Setting next_dagrun for tutorial_dag to None, run_after=None
[2025-04-21T05:15:37.679+0000] {processor.py:183} INFO - Processing /home/airflow/.local/lib/python3.12/site-packages/airflow/example_dags/tutorial_dag.py took 0.040 seconds
[2025-04-21T05:20:51.332+0000] {processor.py:161} INFO - Started process (PID=92280) to work on /home/airflow/.local/lib/python3.12/site-packages/airflow/example_dags/tutorial_dag.py
[2025-04-21T05:20:51.333+0000] {processor.py:830} INFO - Processing file /home/airflow/.local/lib/python3.12/site-packages/airflow/example_dags/tutorial_dag.py for tasks to queue
[2025-04-21T05:20:51.334+0000] {logging_mixin.py:188} INFO - [2025-04-21T05:20:51.333+0000] {dagbag.py:545} INFO - Filling up the DagBag from /home/airflow/.local/lib/python3.12/site-packages/airflow/example_dags/tutorial_dag.py
[2025-04-21T05:20:51.336+0000] {processor.py:840} INFO - DAG(s) 'tutorial_dag' retrieved from /home/airflow/.local/lib/python3.12/site-packages/airflow/example_dags/tutorial_dag.py
[2025-04-21T05:20:51.346+0000] {logging_mixin.py:188} INFO - [2025-04-21T05:20:51.346+0000] {dag.py:3096} INFO - Sync 1 DAGs
[2025-04-21T05:20:51.352+0000] {logging_mixin.py:188} INFO - [2025-04-21T05:20:51.352+0000] {dag.py:3954} INFO - Setting next_dagrun for tutorial_dag to None, run_after=None
[2025-04-21T05:20:51.365+0000] {processor.py:183} INFO - Processing /home/airflow/.local/lib/python3.12/site-packages/airflow/example_dags/tutorial_dag.py took 0.036 seconds
[2025-04-21T05:26:03.785+0000] {processor.py:161} INFO - Started process (PID=92340) to work on /home/airflow/.local/lib/python3.12/site-packages/airflow/example_dags/tutorial_dag.py
[2025-04-21T05:26:03.788+0000] {processor.py:830} INFO - Processing file /home/airflow/.local/lib/python3.12/site-packages/airflow/example_dags/tutorial_dag.py for tasks to queue
[2025-04-21T05:26:03.789+0000] {logging_mixin.py:188} INFO - [2025-04-21T05:26:03.789+0000] {dagbag.py:545} INFO - Filling up the DagBag from /home/airflow/.local/lib/python3.12/site-packages/airflow/example_dags/tutorial_dag.py
[2025-04-21T05:26:03.792+0000] {processor.py:840} INFO - DAG(s) 'tutorial_dag' retrieved from /home/airflow/.local/lib/python3.12/site-packages/airflow/example_dags/tutorial_dag.py
[2025-04-21T05:26:03.802+0000] {logging_mixin.py:188} INFO - [2025-04-21T05:26:03.802+0000] {dag.py:3096} INFO - Sync 1 DAGs
[2025-04-21T05:26:03.808+0000] {logging_mixin.py:188} INFO - [2025-04-21T05:26:03.808+0000] {dag.py:3954} INFO - Setting next_dagrun for tutorial_dag to None, run_after=None
[2025-04-21T05:26:03.819+0000] {processor.py:183} INFO - Processing /home/airflow/.local/lib/python3.12/site-packages/airflow/example_dags/tutorial_dag.py took 0.037 seconds
[2025-04-21T05:59:58.373+0000] {processor.py:161} INFO - Started process (PID=92400) to work on /home/airflow/.local/lib/python3.12/site-packages/airflow/example_dags/tutorial_dag.py
[2025-04-21T05:59:58.374+0000] {processor.py:830} INFO - Processing file /home/airflow/.local/lib/python3.12/site-packages/airflow/example_dags/tutorial_dag.py for tasks to queue
[2025-04-21T05:59:58.376+0000] {logging_mixin.py:188} INFO - [2025-04-21T05:59:58.376+0000] {dagbag.py:545} INFO - Filling up the DagBag from /home/airflow/.local/lib/python3.12/site-packages/airflow/example_dags/tutorial_dag.py
[2025-04-21T05:59:58.379+0000] {processor.py:840} INFO - DAG(s) 'tutorial_dag' retrieved from /home/airflow/.local/lib/python3.12/site-packages/airflow/example_dags/tutorial_dag.py
[2025-04-21T05:59:58.388+0000] {logging_mixin.py:188} INFO - [2025-04-21T05:59:58.388+0000] {dag.py:3096} INFO - Sync 1 DAGs
[2025-04-21T05:59:58.394+0000] {logging_mixin.py:188} INFO - [2025-04-21T05:59:58.394+0000] {dag.py:3954} INFO - Setting next_dagrun for tutorial_dag to None, run_after=None
[2025-04-21T05:59:58.407+0000] {processor.py:183} INFO - Processing /home/airflow/.local/lib/python3.12/site-packages/airflow/example_dags/tutorial_dag.py took 0.037 seconds
[2025-04-21T07:21:17.113+0000] {processor.py:161} INFO - Started process (PID=92460) to work on /home/airflow/.local/lib/python3.12/site-packages/airflow/example_dags/tutorial_dag.py
[2025-04-21T07:21:17.114+0000] {processor.py:830} INFO - Processing file /home/airflow/.local/lib/python3.12/site-packages/airflow/example_dags/tutorial_dag.py for tasks to queue
[2025-04-21T07:21:17.114+0000] {logging_mixin.py:188} INFO - [2025-04-21T07:21:17.114+0000] {dagbag.py:545} INFO - Filling up the DagBag from /home/airflow/.local/lib/python3.12/site-packages/airflow/example_dags/tutorial_dag.py
[2025-04-21T07:21:17.117+0000] {processor.py:840} INFO - DAG(s) 'tutorial_dag' retrieved from /home/airflow/.local/lib/python3.12/site-packages/airflow/example_dags/tutorial_dag.py
[2025-04-21T07:21:17.126+0000] {logging_mixin.py:188} INFO - [2025-04-21T07:21:17.126+0000] {dag.py:3096} INFO - Sync 1 DAGs
[2025-04-21T07:21:17.131+0000] {logging_mixin.py:188} INFO - [2025-04-21T07:21:17.131+0000] {dag.py:3954} INFO - Setting next_dagrun for tutorial_dag to None, run_after=None
[2025-04-21T07:21:17.138+0000] {processor.py:183} INFO - Processing /home/airflow/.local/lib/python3.12/site-packages/airflow/example_dags/tutorial_dag.py took 0.028 seconds
[2025-04-21T09:02:21.298+0000] {processor.py:161} INFO - Started process (PID=92520) to work on /home/airflow/.local/lib/python3.12/site-packages/airflow/example_dags/tutorial_dag.py
[2025-04-21T09:02:21.299+0000] {processor.py:830} INFO - Processing file /home/airflow/.local/lib/python3.12/site-packages/airflow/example_dags/tutorial_dag.py for tasks to queue
[2025-04-21T09:02:21.301+0000] {logging_mixin.py:188} INFO - [2025-04-21T09:02:21.301+0000] {dagbag.py:545} INFO - Filling up the DagBag from /home/airflow/.local/lib/python3.12/site-packages/airflow/example_dags/tutorial_dag.py
[2025-04-21T09:02:21.304+0000] {processor.py:840} INFO - DAG(s) 'tutorial_dag' retrieved from /home/airflow/.local/lib/python3.12/site-packages/airflow/example_dags/tutorial_dag.py
[2025-04-21T09:02:21.314+0000] {logging_mixin.py:188} INFO - [2025-04-21T09:02:21.314+0000] {dag.py:3096} INFO - Sync 1 DAGs
[2025-04-21T09:02:21.320+0000] {logging_mixin.py:188} INFO - [2025-04-21T09:02:21.320+0000] {dag.py:3954} INFO - Setting next_dagrun for tutorial_dag to None, run_after=None
[2025-04-21T09:02:21.335+0000] {processor.py:183} INFO - Processing /home/airflow/.local/lib/python3.12/site-packages/airflow/example_dags/tutorial_dag.py took 0.041 seconds
[2025-04-21T10:25:30.547+0000] {processor.py:161} INFO - Started process (PID=92580) to work on /home/airflow/.local/lib/python3.12/site-packages/airflow/example_dags/tutorial_dag.py
[2025-04-21T10:25:30.549+0000] {processor.py:830} INFO - Processing file /home/airflow/.local/lib/python3.12/site-packages/airflow/example_dags/tutorial_dag.py for tasks to queue
[2025-04-21T10:25:30.551+0000] {logging_mixin.py:188} INFO - [2025-04-21T10:25:30.550+0000] {dagbag.py:545} INFO - Filling up the DagBag from /home/airflow/.local/lib/python3.12/site-packages/airflow/example_dags/tutorial_dag.py
[2025-04-21T10:25:30.553+0000] {processor.py:840} INFO - DAG(s) 'tutorial_dag' retrieved from /home/airflow/.local/lib/python3.12/site-packages/airflow/example_dags/tutorial_dag.py
[2025-04-21T10:25:30.563+0000] {logging_mixin.py:188} INFO - [2025-04-21T10:25:30.563+0000] {dag.py:3096} INFO - Sync 1 DAGs
[2025-04-21T10:25:30.569+0000] {logging_mixin.py:188} INFO - [2025-04-21T10:25:30.569+0000] {dag.py:3954} INFO - Setting next_dagrun for tutorial_dag to None, run_after=None
[2025-04-21T10:25:30.583+0000] {processor.py:183} INFO - Processing /home/airflow/.local/lib/python3.12/site-packages/airflow/example_dags/tutorial_dag.py took 0.039 seconds
[2025-04-21T12:02:28.013+0000] {processor.py:161} INFO - Started process (PID=92640) to work on /home/airflow/.local/lib/python3.12/site-packages/airflow/example_dags/tutorial_dag.py
[2025-04-21T12:02:28.014+0000] {processor.py:830} INFO - Processing file /home/airflow/.local/lib/python3.12/site-packages/airflow/example_dags/tutorial_dag.py for tasks to queue
[2025-04-21T12:02:28.014+0000] {logging_mixin.py:188} INFO - [2025-04-21T12:02:28.014+0000] {dagbag.py:545} INFO - Filling up the DagBag from /home/airflow/.local/lib/python3.12/site-packages/airflow/example_dags/tutorial_dag.py
[2025-04-21T12:02:28.019+0000] {processor.py:840} INFO - DAG(s) 'tutorial_dag' retrieved from /home/airflow/.local/lib/python3.12/site-packages/airflow/example_dags/tutorial_dag.py
[2025-04-21T12:02:28.031+0000] {logging_mixin.py:188} INFO - [2025-04-21T12:02:28.031+0000] {dag.py:3096} INFO - Sync 1 DAGs
[2025-04-21T12:02:28.037+0000] {logging_mixin.py:188} INFO - [2025-04-21T12:02:28.037+0000] {dag.py:3954} INFO - Setting next_dagrun for tutorial_dag to None, run_after=None
[2025-04-21T12:02:28.050+0000] {processor.py:183} INFO - Processing /home/airflow/.local/lib/python3.12/site-packages/airflow/example_dags/tutorial_dag.py took 0.040 seconds
[2025-04-21T12:02:58.496+0000] {processor.py:161} INFO - Started process (PID=92700) to work on /home/airflow/.local/lib/python3.12/site-packages/airflow/example_dags/tutorial_dag.py
[2025-04-21T12:02:58.499+0000] {processor.py:830} INFO - Processing file /home/airflow/.local/lib/python3.12/site-packages/airflow/example_dags/tutorial_dag.py for tasks to queue
[2025-04-21T12:02:58.500+0000] {logging_mixin.py:188} INFO - [2025-04-21T12:02:58.500+0000] {dagbag.py:545} INFO - Filling up the DagBag from /home/airflow/.local/lib/python3.12/site-packages/airflow/example_dags/tutorial_dag.py
[2025-04-21T12:02:58.503+0000] {processor.py:840} INFO - DAG(s) 'tutorial_dag' retrieved from /home/airflow/.local/lib/python3.12/site-packages/airflow/example_dags/tutorial_dag.py
[2025-04-21T12:02:58.519+0000] {logging_mixin.py:188} INFO - [2025-04-21T12:02:58.519+0000] {dag.py:3096} INFO - Sync 1 DAGs
[2025-04-21T12:02:58.526+0000] {logging_mixin.py:188} INFO - [2025-04-21T12:02:58.526+0000] {dag.py:3954} INFO - Setting next_dagrun for tutorial_dag to None, run_after=None
[2025-04-21T12:02:58.535+0000] {processor.py:183} INFO - Processing /home/airflow/.local/lib/python3.12/site-packages/airflow/example_dags/tutorial_dag.py took 0.042 seconds
[2025-04-21T12:08:11.027+0000] {processor.py:161} INFO - Started process (PID=92760) to work on /home/airflow/.local/lib/python3.12/site-packages/airflow/example_dags/tutorial_dag.py
[2025-04-21T12:08:11.028+0000] {processor.py:830} INFO - Processing file /home/airflow/.local/lib/python3.12/site-packages/airflow/example_dags/tutorial_dag.py for tasks to queue
[2025-04-21T12:08:11.028+0000] {logging_mixin.py:188} INFO - [2025-04-21T12:08:11.028+0000] {dagbag.py:545} INFO - Filling up the DagBag from /home/airflow/.local/lib/python3.12/site-packages/airflow/example_dags/tutorial_dag.py
[2025-04-21T12:08:11.031+0000] {processor.py:840} INFO - DAG(s) 'tutorial_dag' retrieved from /home/airflow/.local/lib/python3.12/site-packages/airflow/example_dags/tutorial_dag.py
[2025-04-21T12:08:11.041+0000] {logging_mixin.py:188} INFO - [2025-04-21T12:08:11.041+0000] {dag.py:3096} INFO - Sync 1 DAGs
[2025-04-21T12:08:11.048+0000] {logging_mixin.py:188} INFO - [2025-04-21T12:08:11.047+0000] {dag.py:3954} INFO - Setting next_dagrun for tutorial_dag to None, run_after=None
[2025-04-21T12:08:11.060+0000] {processor.py:183} INFO - Processing /home/airflow/.local/lib/python3.12/site-packages/airflow/example_dags/tutorial_dag.py took 0.036 seconds
[2025-04-21T12:09:06.022+0000] {processor.py:161} INFO - Started process (PID=92820) to work on /home/airflow/.local/lib/python3.12/site-packages/airflow/example_dags/tutorial_dag.py
[2025-04-21T12:09:06.024+0000] {processor.py:830} INFO - Processing file /home/airflow/.local/lib/python3.12/site-packages/airflow/example_dags/tutorial_dag.py for tasks to queue
[2025-04-21T12:09:06.033+0000] {logging_mixin.py:188} INFO - [2025-04-21T12:09:06.032+0000] {dagbag.py:545} INFO - Filling up the DagBag from /home/airflow/.local/lib/python3.12/site-packages/airflow/example_dags/tutorial_dag.py
[2025-04-21T12:09:06.045+0000] {processor.py:840} INFO - DAG(s) 'tutorial_dag' retrieved from /home/airflow/.local/lib/python3.12/site-packages/airflow/example_dags/tutorial_dag.py
[2025-04-21T12:09:06.074+0000] {logging_mixin.py:188} INFO - [2025-04-21T12:09:06.073+0000] {dag.py:3096} INFO - Sync 1 DAGs
[2025-04-21T12:09:06.086+0000] {logging_mixin.py:188} INFO - [2025-04-21T12:09:06.086+0000] {dag.py:3954} INFO - Setting next_dagrun for tutorial_dag to None, run_after=None
[2025-04-21T12:09:06.111+0000] {processor.py:183} INFO - Processing /home/airflow/.local/lib/python3.12/site-packages/airflow/example_dags/tutorial_dag.py took 0.096 seconds
[2025-04-21T12:14:18.915+0000] {processor.py:161} INFO - Started process (PID=92880) to work on /home/airflow/.local/lib/python3.12/site-packages/airflow/example_dags/tutorial_dag.py
[2025-04-21T12:14:18.919+0000] {processor.py:830} INFO - Processing file /home/airflow/.local/lib/python3.12/site-packages/airflow/example_dags/tutorial_dag.py for tasks to queue
[2025-04-21T12:14:18.921+0000] {logging_mixin.py:188} INFO - [2025-04-21T12:14:18.920+0000] {dagbag.py:545} INFO - Filling up the DagBag from /home/airflow/.local/lib/python3.12/site-packages/airflow/example_dags/tutorial_dag.py
[2025-04-21T12:14:18.924+0000] {processor.py:840} INFO - DAG(s) 'tutorial_dag' retrieved from /home/airflow/.local/lib/python3.12/site-packages/airflow/example_dags/tutorial_dag.py
[2025-04-21T12:14:18.937+0000] {logging_mixin.py:188} INFO - [2025-04-21T12:14:18.937+0000] {dag.py:3096} INFO - Sync 1 DAGs
[2025-04-21T12:14:18.943+0000] {logging_mixin.py:188} INFO - [2025-04-21T12:14:18.943+0000] {dag.py:3954} INFO - Setting next_dagrun for tutorial_dag to None, run_after=None
[2025-04-21T12:14:18.952+0000] {processor.py:183} INFO - Processing /home/airflow/.local/lib/python3.12/site-packages/airflow/example_dags/tutorial_dag.py took 0.040 seconds
[2025-04-21T12:19:32.394+0000] {processor.py:161} INFO - Started process (PID=92940) to work on /home/airflow/.local/lib/python3.12/site-packages/airflow/example_dags/tutorial_dag.py
[2025-04-21T12:19:32.394+0000] {processor.py:830} INFO - Processing file /home/airflow/.local/lib/python3.12/site-packages/airflow/example_dags/tutorial_dag.py for tasks to queue
[2025-04-21T12:19:32.395+0000] {logging_mixin.py:188} INFO - [2025-04-21T12:19:32.395+0000] {dagbag.py:545} INFO - Filling up the DagBag from /home/airflow/.local/lib/python3.12/site-packages/airflow/example_dags/tutorial_dag.py
[2025-04-21T12:19:32.398+0000] {processor.py:840} INFO - DAG(s) 'tutorial_dag' retrieved from /home/airflow/.local/lib/python3.12/site-packages/airflow/example_dags/tutorial_dag.py
[2025-04-21T12:19:32.407+0000] {logging_mixin.py:188} INFO - [2025-04-21T12:19:32.407+0000] {dag.py:3096} INFO - Sync 1 DAGs
[2025-04-21T12:19:32.413+0000] {logging_mixin.py:188} INFO - [2025-04-21T12:19:32.413+0000] {dag.py:3954} INFO - Setting next_dagrun for tutorial_dag to None, run_after=None
[2025-04-21T12:19:32.423+0000] {processor.py:183} INFO - Processing /home/airflow/.local/lib/python3.12/site-packages/airflow/example_dags/tutorial_dag.py took 0.033 seconds
[2025-04-21T12:24:44.981+0000] {processor.py:161} INFO - Started process (PID=93000) to work on /home/airflow/.local/lib/python3.12/site-packages/airflow/example_dags/tutorial_dag.py
[2025-04-21T12:24:44.983+0000] {processor.py:830} INFO - Processing file /home/airflow/.local/lib/python3.12/site-packages/airflow/example_dags/tutorial_dag.py for tasks to queue
[2025-04-21T12:24:44.985+0000] {logging_mixin.py:188} INFO - [2025-04-21T12:24:44.985+0000] {dagbag.py:545} INFO - Filling up the DagBag from /home/airflow/.local/lib/python3.12/site-packages/airflow/example_dags/tutorial_dag.py
[2025-04-21T12:24:44.992+0000] {processor.py:840} INFO - DAG(s) 'tutorial_dag' retrieved from /home/airflow/.local/lib/python3.12/site-packages/airflow/example_dags/tutorial_dag.py
[2025-04-21T12:24:45.005+0000] {logging_mixin.py:188} INFO - [2025-04-21T12:24:45.004+0000] {dag.py:3096} INFO - Sync 1 DAGs
[2025-04-21T12:24:45.010+0000] {logging_mixin.py:188} INFO - [2025-04-21T12:24:45.010+0000] {dag.py:3954} INFO - Setting next_dagrun for tutorial_dag to None, run_after=None
[2025-04-21T12:24:45.020+0000] {processor.py:183} INFO - Processing /home/airflow/.local/lib/python3.12/site-packages/airflow/example_dags/tutorial_dag.py took 0.042 seconds
[2025-04-21T12:57:00.080+0000] {processor.py:161} INFO - Started process (PID=93060) to work on /home/airflow/.local/lib/python3.12/site-packages/airflow/example_dags/tutorial_dag.py
[2025-04-21T12:57:00.081+0000] {processor.py:830} INFO - Processing file /home/airflow/.local/lib/python3.12/site-packages/airflow/example_dags/tutorial_dag.py for tasks to queue
[2025-04-21T12:57:00.081+0000] {logging_mixin.py:188} INFO - [2025-04-21T12:57:00.081+0000] {dagbag.py:545} INFO - Filling up the DagBag from /home/airflow/.local/lib/python3.12/site-packages/airflow/example_dags/tutorial_dag.py
[2025-04-21T12:57:00.084+0000] {processor.py:840} INFO - DAG(s) 'tutorial_dag' retrieved from /home/airflow/.local/lib/python3.12/site-packages/airflow/example_dags/tutorial_dag.py
[2025-04-21T12:57:00.095+0000] {logging_mixin.py:188} INFO - [2025-04-21T12:57:00.095+0000] {dag.py:3096} INFO - Sync 1 DAGs
[2025-04-21T12:57:00.101+0000] {logging_mixin.py:188} INFO - [2025-04-21T12:57:00.101+0000] {dag.py:3954} INFO - Setting next_dagrun for tutorial_dag to None, run_after=None
[2025-04-21T12:57:00.112+0000] {processor.py:183} INFO - Processing /home/airflow/.local/lib/python3.12/site-packages/airflow/example_dags/tutorial_dag.py took 0.036 seconds
[2025-04-21T14:21:26.805+0000] {processor.py:161} INFO - Started process (PID=93120) to work on /home/airflow/.local/lib/python3.12/site-packages/airflow/example_dags/tutorial_dag.py
[2025-04-21T14:21:26.806+0000] {processor.py:830} INFO - Processing file /home/airflow/.local/lib/python3.12/site-packages/airflow/example_dags/tutorial_dag.py for tasks to queue
[2025-04-21T14:21:26.807+0000] {logging_mixin.py:188} INFO - [2025-04-21T14:21:26.807+0000] {dagbag.py:545} INFO - Filling up the DagBag from /home/airflow/.local/lib/python3.12/site-packages/airflow/example_dags/tutorial_dag.py
[2025-04-21T14:21:26.810+0000] {processor.py:840} INFO - DAG(s) 'tutorial_dag' retrieved from /home/airflow/.local/lib/python3.12/site-packages/airflow/example_dags/tutorial_dag.py
[2025-04-21T14:21:26.820+0000] {logging_mixin.py:188} INFO - [2025-04-21T14:21:26.820+0000] {dag.py:3096} INFO - Sync 1 DAGs
[2025-04-21T14:21:26.826+0000] {logging_mixin.py:188} INFO - [2025-04-21T14:21:26.826+0000] {dag.py:3954} INFO - Setting next_dagrun for tutorial_dag to None, run_after=None
[2025-04-21T14:21:26.837+0000] {processor.py:183} INFO - Processing /home/airflow/.local/lib/python3.12/site-packages/airflow/example_dags/tutorial_dag.py took 0.035 seconds
[2025-04-21T16:03:45.325+0000] {processor.py:161} INFO - Started process (PID=93180) to work on /home/airflow/.local/lib/python3.12/site-packages/airflow/example_dags/tutorial_dag.py
[2025-04-21T16:03:45.326+0000] {processor.py:830} INFO - Processing file /home/airflow/.local/lib/python3.12/site-packages/airflow/example_dags/tutorial_dag.py for tasks to queue
[2025-04-21T16:03:45.327+0000] {logging_mixin.py:188} INFO - [2025-04-21T16:03:45.327+0000] {dagbag.py:545} INFO - Filling up the DagBag from /home/airflow/.local/lib/python3.12/site-packages/airflow/example_dags/tutorial_dag.py
[2025-04-21T16:03:45.330+0000] {processor.py:840} INFO - DAG(s) 'tutorial_dag' retrieved from /home/airflow/.local/lib/python3.12/site-packages/airflow/example_dags/tutorial_dag.py
[2025-04-21T16:03:45.340+0000] {logging_mixin.py:188} INFO - [2025-04-21T16:03:45.340+0000] {dag.py:3096} INFO - Sync 1 DAGs
[2025-04-21T16:03:45.351+0000] {logging_mixin.py:188} INFO - [2025-04-21T16:03:45.351+0000] {dag.py:3954} INFO - Setting next_dagrun for tutorial_dag to None, run_after=None
[2025-04-21T16:03:45.366+0000] {processor.py:183} INFO - Processing /home/airflow/.local/lib/python3.12/site-packages/airflow/example_dags/tutorial_dag.py took 0.044 seconds
[2025-04-21T17:25:32.337+0000] {processor.py:161} INFO - Started process (PID=93240) to work on /home/airflow/.local/lib/python3.12/site-packages/airflow/example_dags/tutorial_dag.py
[2025-04-21T17:25:32.338+0000] {processor.py:830} INFO - Processing file /home/airflow/.local/lib/python3.12/site-packages/airflow/example_dags/tutorial_dag.py for tasks to queue
[2025-04-21T17:25:32.339+0000] {logging_mixin.py:188} INFO - [2025-04-21T17:25:32.339+0000] {dagbag.py:545} INFO - Filling up the DagBag from /home/airflow/.local/lib/python3.12/site-packages/airflow/example_dags/tutorial_dag.py
[2025-04-21T17:25:32.342+0000] {processor.py:840} INFO - DAG(s) 'tutorial_dag' retrieved from /home/airflow/.local/lib/python3.12/site-packages/airflow/example_dags/tutorial_dag.py
[2025-04-21T17:25:32.357+0000] {logging_mixin.py:188} INFO - [2025-04-21T17:25:32.357+0000] {dag.py:3096} INFO - Sync 1 DAGs
[2025-04-21T17:25:32.362+0000] {logging_mixin.py:188} INFO - [2025-04-21T17:25:32.362+0000] {dag.py:3954} INFO - Setting next_dagrun for tutorial_dag to None, run_after=None
[2025-04-21T17:25:32.377+0000] {processor.py:183} INFO - Processing /home/airflow/.local/lib/python3.12/site-packages/airflow/example_dags/tutorial_dag.py took 0.049 seconds
[2025-04-21T18:31:35.508+0000] {processor.py:161} INFO - Started process (PID=93300) to work on /home/airflow/.local/lib/python3.12/site-packages/airflow/example_dags/tutorial_dag.py
[2025-04-21T18:31:35.511+0000] {processor.py:830} INFO - Processing file /home/airflow/.local/lib/python3.12/site-packages/airflow/example_dags/tutorial_dag.py for tasks to queue
[2025-04-21T18:31:35.512+0000] {logging_mixin.py:188} INFO - [2025-04-21T18:31:35.512+0000] {dagbag.py:545} INFO - Filling up the DagBag from /home/airflow/.local/lib/python3.12/site-packages/airflow/example_dags/tutorial_dag.py
[2025-04-21T18:31:35.517+0000] {processor.py:840} INFO - DAG(s) 'tutorial_dag' retrieved from /home/airflow/.local/lib/python3.12/site-packages/airflow/example_dags/tutorial_dag.py
[2025-04-21T18:31:35.529+0000] {logging_mixin.py:188} INFO - [2025-04-21T18:31:35.529+0000] {dag.py:3096} INFO - Sync 1 DAGs
[2025-04-21T18:31:35.541+0000] {logging_mixin.py:188} INFO - [2025-04-21T18:31:35.541+0000] {dag.py:3954} INFO - Setting next_dagrun for tutorial_dag to None, run_after=None
[2025-04-21T18:31:35.553+0000] {processor.py:183} INFO - Processing /home/airflow/.local/lib/python3.12/site-packages/airflow/example_dags/tutorial_dag.py took 0.050 seconds
[2025-04-21T18:32:06.302+0000] {processor.py:161} INFO - Started process (PID=93360) to work on /home/airflow/.local/lib/python3.12/site-packages/airflow/example_dags/tutorial_dag.py
[2025-04-21T18:32:06.303+0000] {processor.py:830} INFO - Processing file /home/airflow/.local/lib/python3.12/site-packages/airflow/example_dags/tutorial_dag.py for tasks to queue
[2025-04-21T18:32:06.304+0000] {logging_mixin.py:188} INFO - [2025-04-21T18:32:06.304+0000] {dagbag.py:545} INFO - Filling up the DagBag from /home/airflow/.local/lib/python3.12/site-packages/airflow/example_dags/tutorial_dag.py
[2025-04-21T18:32:06.307+0000] {processor.py:840} INFO - DAG(s) 'tutorial_dag' retrieved from /home/airflow/.local/lib/python3.12/site-packages/airflow/example_dags/tutorial_dag.py
[2025-04-21T18:32:06.317+0000] {logging_mixin.py:188} INFO - [2025-04-21T18:32:06.317+0000] {dag.py:3096} INFO - Sync 1 DAGs
[2025-04-21T18:32:06.322+0000] {logging_mixin.py:188} INFO - [2025-04-21T18:32:06.322+0000] {dag.py:3954} INFO - Setting next_dagrun for tutorial_dag to None, run_after=None
[2025-04-21T18:32:06.336+0000] {processor.py:183} INFO - Processing /home/airflow/.local/lib/python3.12/site-packages/airflow/example_dags/tutorial_dag.py took 0.037 seconds
[2025-04-21T18:35:57.830+0000] {processor.py:161} INFO - Started process (PID=93420) to work on /home/airflow/.local/lib/python3.12/site-packages/airflow/example_dags/tutorial_dag.py
[2025-04-21T18:35:57.831+0000] {processor.py:830} INFO - Processing file /home/airflow/.local/lib/python3.12/site-packages/airflow/example_dags/tutorial_dag.py for tasks to queue
[2025-04-21T18:35:57.832+0000] {logging_mixin.py:188} INFO - [2025-04-21T18:35:57.831+0000] {dagbag.py:545} INFO - Filling up the DagBag from /home/airflow/.local/lib/python3.12/site-packages/airflow/example_dags/tutorial_dag.py
[2025-04-21T18:35:57.834+0000] {processor.py:840} INFO - DAG(s) 'tutorial_dag' retrieved from /home/airflow/.local/lib/python3.12/site-packages/airflow/example_dags/tutorial_dag.py
[2025-04-21T18:35:57.845+0000] {logging_mixin.py:188} INFO - [2025-04-21T18:35:57.845+0000] {dag.py:3096} INFO - Sync 1 DAGs
[2025-04-21T18:35:57.852+0000] {logging_mixin.py:188} INFO - [2025-04-21T18:35:57.852+0000] {dag.py:3954} INFO - Setting next_dagrun for tutorial_dag to None, run_after=None
[2025-04-21T18:35:57.867+0000] {processor.py:183} INFO - Processing /home/airflow/.local/lib/python3.12/site-packages/airflow/example_dags/tutorial_dag.py took 0.040 seconds
[2025-04-21T18:41:10.689+0000] {processor.py:161} INFO - Started process (PID=93480) to work on /home/airflow/.local/lib/python3.12/site-packages/airflow/example_dags/tutorial_dag.py
[2025-04-21T18:41:10.689+0000] {processor.py:830} INFO - Processing file /home/airflow/.local/lib/python3.12/site-packages/airflow/example_dags/tutorial_dag.py for tasks to queue
[2025-04-21T18:41:10.690+0000] {logging_mixin.py:188} INFO - [2025-04-21T18:41:10.690+0000] {dagbag.py:545} INFO - Filling up the DagBag from /home/airflow/.local/lib/python3.12/site-packages/airflow/example_dags/tutorial_dag.py
[2025-04-21T18:41:10.693+0000] {processor.py:840} INFO - DAG(s) 'tutorial_dag' retrieved from /home/airflow/.local/lib/python3.12/site-packages/airflow/example_dags/tutorial_dag.py
[2025-04-21T18:41:10.705+0000] {logging_mixin.py:188} INFO - [2025-04-21T18:41:10.705+0000] {dag.py:3096} INFO - Sync 1 DAGs
[2025-04-21T18:41:10.711+0000] {logging_mixin.py:188} INFO - [2025-04-21T18:41:10.711+0000] {dag.py:3954} INFO - Setting next_dagrun for tutorial_dag to None, run_after=None
[2025-04-21T18:41:10.727+0000] {processor.py:183} INFO - Processing /home/airflow/.local/lib/python3.12/site-packages/airflow/example_dags/tutorial_dag.py took 0.042 seconds
[2025-04-21T18:41:41.455+0000] {processor.py:161} INFO - Started process (PID=93540) to work on /home/airflow/.local/lib/python3.12/site-packages/airflow/example_dags/tutorial_dag.py
[2025-04-21T18:41:41.456+0000] {processor.py:830} INFO - Processing file /home/airflow/.local/lib/python3.12/site-packages/airflow/example_dags/tutorial_dag.py for tasks to queue
[2025-04-21T18:41:41.457+0000] {logging_mixin.py:188} INFO - [2025-04-21T18:41:41.457+0000] {dagbag.py:545} INFO - Filling up the DagBag from /home/airflow/.local/lib/python3.12/site-packages/airflow/example_dags/tutorial_dag.py
[2025-04-21T18:41:41.460+0000] {processor.py:840} INFO - DAG(s) 'tutorial_dag' retrieved from /home/airflow/.local/lib/python3.12/site-packages/airflow/example_dags/tutorial_dag.py
[2025-04-21T18:41:41.472+0000] {logging_mixin.py:188} INFO - [2025-04-21T18:41:41.472+0000] {dag.py:3096} INFO - Sync 1 DAGs
[2025-04-21T18:41:41.478+0000] {logging_mixin.py:188} INFO - [2025-04-21T18:41:41.478+0000] {dag.py:3954} INFO - Setting next_dagrun for tutorial_dag to None, run_after=None
[2025-04-21T18:41:41.487+0000] {processor.py:183} INFO - Processing /home/airflow/.local/lib/python3.12/site-packages/airflow/example_dags/tutorial_dag.py took 0.034 seconds
[2025-04-21T18:46:53.629+0000] {processor.py:161} INFO - Started process (PID=93600) to work on /home/airflow/.local/lib/python3.12/site-packages/airflow/example_dags/tutorial_dag.py
[2025-04-21T18:46:53.632+0000] {processor.py:830} INFO - Processing file /home/airflow/.local/lib/python3.12/site-packages/airflow/example_dags/tutorial_dag.py for tasks to queue
[2025-04-21T18:46:53.634+0000] {logging_mixin.py:188} INFO - [2025-04-21T18:46:53.634+0000] {dagbag.py:545} INFO - Filling up the DagBag from /home/airflow/.local/lib/python3.12/site-packages/airflow/example_dags/tutorial_dag.py
[2025-04-21T18:46:53.637+0000] {processor.py:840} INFO - DAG(s) 'tutorial_dag' retrieved from /home/airflow/.local/lib/python3.12/site-packages/airflow/example_dags/tutorial_dag.py
[2025-04-21T18:46:53.649+0000] {logging_mixin.py:188} INFO - [2025-04-21T18:46:53.649+0000] {dag.py:3096} INFO - Sync 1 DAGs
[2025-04-21T18:46:53.655+0000] {logging_mixin.py:188} INFO - [2025-04-21T18:46:53.655+0000] {dag.py:3954} INFO - Setting next_dagrun for tutorial_dag to None, run_after=None
[2025-04-21T18:46:53.665+0000] {processor.py:183} INFO - Processing /home/airflow/.local/lib/python3.12/site-packages/airflow/example_dags/tutorial_dag.py took 0.039 seconds
[2025-04-21T18:52:06.802+0000] {processor.py:161} INFO - Started process (PID=93660) to work on /home/airflow/.local/lib/python3.12/site-packages/airflow/example_dags/tutorial_dag.py
[2025-04-21T18:52:06.803+0000] {processor.py:830} INFO - Processing file /home/airflow/.local/lib/python3.12/site-packages/airflow/example_dags/tutorial_dag.py for tasks to queue
[2025-04-21T18:52:06.804+0000] {logging_mixin.py:188} INFO - [2025-04-21T18:52:06.803+0000] {dagbag.py:545} INFO - Filling up the DagBag from /home/airflow/.local/lib/python3.12/site-packages/airflow/example_dags/tutorial_dag.py
[2025-04-21T18:52:06.808+0000] {processor.py:840} INFO - DAG(s) 'tutorial_dag' retrieved from /home/airflow/.local/lib/python3.12/site-packages/airflow/example_dags/tutorial_dag.py
[2025-04-21T18:52:06.818+0000] {logging_mixin.py:188} INFO - [2025-04-21T18:52:06.818+0000] {dag.py:3096} INFO - Sync 1 DAGs
[2025-04-21T18:52:06.824+0000] {logging_mixin.py:188} INFO - [2025-04-21T18:52:06.824+0000] {dag.py:3954} INFO - Setting next_dagrun for tutorial_dag to None, run_after=None
[2025-04-21T18:52:06.833+0000] {processor.py:183} INFO - Processing /home/airflow/.local/lib/python3.12/site-packages/airflow/example_dags/tutorial_dag.py took 0.033 seconds
[2025-04-21T18:52:38.587+0000] {processor.py:161} INFO - Started process (PID=93720) to work on /home/airflow/.local/lib/python3.12/site-packages/airflow/example_dags/tutorial_dag.py
[2025-04-21T18:52:38.588+0000] {processor.py:830} INFO - Processing file /home/airflow/.local/lib/python3.12/site-packages/airflow/example_dags/tutorial_dag.py for tasks to queue
[2025-04-21T18:52:38.589+0000] {logging_mixin.py:188} INFO - [2025-04-21T18:52:38.589+0000] {dagbag.py:545} INFO - Filling up the DagBag from /home/airflow/.local/lib/python3.12/site-packages/airflow/example_dags/tutorial_dag.py
[2025-04-21T18:52:38.592+0000] {processor.py:840} INFO - DAG(s) 'tutorial_dag' retrieved from /home/airflow/.local/lib/python3.12/site-packages/airflow/example_dags/tutorial_dag.py
[2025-04-21T18:52:38.691+0000] {logging_mixin.py:188} INFO - [2025-04-21T18:52:38.691+0000] {dag.py:3096} INFO - Sync 1 DAGs
[2025-04-21T18:52:38.697+0000] {logging_mixin.py:188} INFO - [2025-04-21T18:52:38.697+0000] {dag.py:3954} INFO - Setting next_dagrun for tutorial_dag to None, run_after=None
[2025-04-21T18:52:38.706+0000] {processor.py:183} INFO - Processing /home/airflow/.local/lib/python3.12/site-packages/airflow/example_dags/tutorial_dag.py took 0.121 seconds
[2025-04-21T18:57:49.465+0000] {processor.py:161} INFO - Started process (PID=93780) to work on /home/airflow/.local/lib/python3.12/site-packages/airflow/example_dags/tutorial_dag.py
[2025-04-21T18:57:49.466+0000] {processor.py:830} INFO - Processing file /home/airflow/.local/lib/python3.12/site-packages/airflow/example_dags/tutorial_dag.py for tasks to queue
[2025-04-21T18:57:49.466+0000] {logging_mixin.py:188} INFO - [2025-04-21T18:57:49.466+0000] {dagbag.py:545} INFO - Filling up the DagBag from /home/airflow/.local/lib/python3.12/site-packages/airflow/example_dags/tutorial_dag.py
[2025-04-21T18:57:49.470+0000] {processor.py:840} INFO - DAG(s) 'tutorial_dag' retrieved from /home/airflow/.local/lib/python3.12/site-packages/airflow/example_dags/tutorial_dag.py
[2025-04-21T18:57:49.480+0000] {logging_mixin.py:188} INFO - [2025-04-21T18:57:49.480+0000] {dag.py:3096} INFO - Sync 1 DAGs
[2025-04-21T18:57:49.486+0000] {logging_mixin.py:188} INFO - [2025-04-21T18:57:49.486+0000] {dag.py:3954} INFO - Setting next_dagrun for tutorial_dag to None, run_after=None
[2025-04-21T18:57:49.497+0000] {processor.py:183} INFO - Processing /home/airflow/.local/lib/python3.12/site-packages/airflow/example_dags/tutorial_dag.py took 0.034 seconds
[2025-04-21T20:03:24.440+0000] {processor.py:161} INFO - Started process (PID=93840) to work on /home/airflow/.local/lib/python3.12/site-packages/airflow/example_dags/tutorial_dag.py
[2025-04-21T20:03:24.441+0000] {processor.py:830} INFO - Processing file /home/airflow/.local/lib/python3.12/site-packages/airflow/example_dags/tutorial_dag.py for tasks to queue
[2025-04-21T20:03:24.442+0000] {logging_mixin.py:188} INFO - [2025-04-21T20:03:24.442+0000] {dagbag.py:545} INFO - Filling up the DagBag from /home/airflow/.local/lib/python3.12/site-packages/airflow/example_dags/tutorial_dag.py
[2025-04-21T20:03:24.446+0000] {processor.py:840} INFO - DAG(s) 'tutorial_dag' retrieved from /home/airflow/.local/lib/python3.12/site-packages/airflow/example_dags/tutorial_dag.py
[2025-04-21T20:03:24.457+0000] {logging_mixin.py:188} INFO - [2025-04-21T20:03:24.457+0000] {dag.py:3096} INFO - Sync 1 DAGs
[2025-04-21T20:03:24.463+0000] {logging_mixin.py:188} INFO - [2025-04-21T20:03:24.463+0000] {dag.py:3954} INFO - Setting next_dagrun for tutorial_dag to None, run_after=None
[2025-04-21T20:03:24.474+0000] {processor.py:183} INFO - Processing /home/airflow/.local/lib/python3.12/site-packages/airflow/example_dags/tutorial_dag.py took 0.037 seconds
[2025-04-21T20:15:53.981+0000] {processor.py:161} INFO - Started process (PID=93900) to work on /home/airflow/.local/lib/python3.12/site-packages/airflow/example_dags/tutorial_dag.py
[2025-04-21T20:15:53.981+0000] {processor.py:830} INFO - Processing file /home/airflow/.local/lib/python3.12/site-packages/airflow/example_dags/tutorial_dag.py for tasks to queue
[2025-04-21T20:15:53.982+0000] {logging_mixin.py:188} INFO - [2025-04-21T20:15:53.982+0000] {dagbag.py:545} INFO - Filling up the DagBag from /home/airflow/.local/lib/python3.12/site-packages/airflow/example_dags/tutorial_dag.py
[2025-04-21T20:15:53.984+0000] {processor.py:840} INFO - DAG(s) 'tutorial_dag' retrieved from /home/airflow/.local/lib/python3.12/site-packages/airflow/example_dags/tutorial_dag.py
[2025-04-21T20:15:53.993+0000] {logging_mixin.py:188} INFO - [2025-04-21T20:15:53.993+0000] {dag.py:3096} INFO - Sync 1 DAGs
[2025-04-21T20:15:53.998+0000] {logging_mixin.py:188} INFO - [2025-04-21T20:15:53.998+0000] {dag.py:3954} INFO - Setting next_dagrun for tutorial_dag to None, run_after=None
[2025-04-21T20:15:54.005+0000] {processor.py:183} INFO - Processing /home/airflow/.local/lib/python3.12/site-packages/airflow/example_dags/tutorial_dag.py took 0.027 seconds
[2025-04-21T20:21:07.552+0000] {processor.py:161} INFO - Started process (PID=93960) to work on /home/airflow/.local/lib/python3.12/site-packages/airflow/example_dags/tutorial_dag.py
[2025-04-21T20:21:07.554+0000] {processor.py:830} INFO - Processing file /home/airflow/.local/lib/python3.12/site-packages/airflow/example_dags/tutorial_dag.py for tasks to queue
[2025-04-21T20:21:07.556+0000] {logging_mixin.py:188} INFO - [2025-04-21T20:21:07.555+0000] {dagbag.py:545} INFO - Filling up the DagBag from /home/airflow/.local/lib/python3.12/site-packages/airflow/example_dags/tutorial_dag.py
[2025-04-21T20:21:07.558+0000] {processor.py:840} INFO - DAG(s) 'tutorial_dag' retrieved from /home/airflow/.local/lib/python3.12/site-packages/airflow/example_dags/tutorial_dag.py
[2025-04-21T20:21:07.571+0000] {logging_mixin.py:188} INFO - [2025-04-21T20:21:07.571+0000] {dag.py:3096} INFO - Sync 1 DAGs
[2025-04-21T20:21:07.579+0000] {logging_mixin.py:188} INFO - [2025-04-21T20:21:07.578+0000] {dag.py:3954} INFO - Setting next_dagrun for tutorial_dag to None, run_after=None
[2025-04-21T20:21:07.597+0000] {processor.py:183} INFO - Processing /home/airflow/.local/lib/python3.12/site-packages/airflow/example_dags/tutorial_dag.py took 0.048 seconds
[2025-04-21T20:22:21.366+0000] {processor.py:161} INFO - Started process (PID=94020) to work on /home/airflow/.local/lib/python3.12/site-packages/airflow/example_dags/tutorial_dag.py
[2025-04-21T20:22:21.367+0000] {processor.py:830} INFO - Processing file /home/airflow/.local/lib/python3.12/site-packages/airflow/example_dags/tutorial_dag.py for tasks to queue
[2025-04-21T20:22:21.368+0000] {logging_mixin.py:188} INFO - [2025-04-21T20:22:21.368+0000] {dagbag.py:545} INFO - Filling up the DagBag from /home/airflow/.local/lib/python3.12/site-packages/airflow/example_dags/tutorial_dag.py
[2025-04-21T20:22:21.370+0000] {processor.py:840} INFO - DAG(s) 'tutorial_dag' retrieved from /home/airflow/.local/lib/python3.12/site-packages/airflow/example_dags/tutorial_dag.py
[2025-04-21T20:22:21.383+0000] {logging_mixin.py:188} INFO - [2025-04-21T20:22:21.382+0000] {dag.py:3096} INFO - Sync 1 DAGs
[2025-04-21T20:22:21.389+0000] {logging_mixin.py:188} INFO - [2025-04-21T20:22:21.388+0000] {dag.py:3954} INFO - Setting next_dagrun for tutorial_dag to None, run_after=None
[2025-04-21T20:22:21.398+0000] {processor.py:183} INFO - Processing /home/airflow/.local/lib/python3.12/site-packages/airflow/example_dags/tutorial_dag.py took 0.035 seconds
[2025-04-21T20:27:35.128+0000] {processor.py:161} INFO - Started process (PID=94080) to work on /home/airflow/.local/lib/python3.12/site-packages/airflow/example_dags/tutorial_dag.py
[2025-04-21T20:27:35.128+0000] {processor.py:830} INFO - Processing file /home/airflow/.local/lib/python3.12/site-packages/airflow/example_dags/tutorial_dag.py for tasks to queue
[2025-04-21T20:27:35.129+0000] {logging_mixin.py:188} INFO - [2025-04-21T20:27:35.129+0000] {dagbag.py:545} INFO - Filling up the DagBag from /home/airflow/.local/lib/python3.12/site-packages/airflow/example_dags/tutorial_dag.py
[2025-04-21T20:27:35.132+0000] {processor.py:840} INFO - DAG(s) 'tutorial_dag' retrieved from /home/airflow/.local/lib/python3.12/site-packages/airflow/example_dags/tutorial_dag.py
[2025-04-21T20:27:35.141+0000] {logging_mixin.py:188} INFO - [2025-04-21T20:27:35.141+0000] {dag.py:3096} INFO - Sync 1 DAGs
[2025-04-21T20:27:35.146+0000] {logging_mixin.py:188} INFO - [2025-04-21T20:27:35.146+0000] {dag.py:3954} INFO - Setting next_dagrun for tutorial_dag to None, run_after=None
[2025-04-21T20:27:35.154+0000] {processor.py:183} INFO - Processing /home/airflow/.local/lib/python3.12/site-packages/airflow/example_dags/tutorial_dag.py took 0.030 seconds
[2025-04-21T20:29:32.228+0000] {processor.py:161} INFO - Started process (PID=94140) to work on /home/airflow/.local/lib/python3.12/site-packages/airflow/example_dags/tutorial_dag.py
[2025-04-21T20:29:32.228+0000] {processor.py:830} INFO - Processing file /home/airflow/.local/lib/python3.12/site-packages/airflow/example_dags/tutorial_dag.py for tasks to queue
[2025-04-21T20:29:32.229+0000] {logging_mixin.py:188} INFO - [2025-04-21T20:29:32.229+0000] {dagbag.py:545} INFO - Filling up the DagBag from /home/airflow/.local/lib/python3.12/site-packages/airflow/example_dags/tutorial_dag.py
[2025-04-21T20:29:32.232+0000] {processor.py:840} INFO - DAG(s) 'tutorial_dag' retrieved from /home/airflow/.local/lib/python3.12/site-packages/airflow/example_dags/tutorial_dag.py
[2025-04-21T20:29:32.249+0000] {logging_mixin.py:188} INFO - [2025-04-21T20:29:32.249+0000] {dag.py:3096} INFO - Sync 1 DAGs
[2025-04-21T20:29:32.258+0000] {logging_mixin.py:188} INFO - [2025-04-21T20:29:32.258+0000] {dag.py:3954} INFO - Setting next_dagrun for tutorial_dag to None, run_after=None
[2025-04-21T20:29:32.269+0000] {processor.py:183} INFO - Processing /home/airflow/.local/lib/python3.12/site-packages/airflow/example_dags/tutorial_dag.py took 0.045 seconds
[2025-04-21T20:30:51.684+0000] {processor.py:161} INFO - Started process (PID=94200) to work on /home/airflow/.local/lib/python3.12/site-packages/airflow/example_dags/tutorial_dag.py
[2025-04-21T20:30:51.687+0000] {processor.py:830} INFO - Processing file /home/airflow/.local/lib/python3.12/site-packages/airflow/example_dags/tutorial_dag.py for tasks to queue
[2025-04-21T20:30:51.688+0000] {logging_mixin.py:188} INFO - [2025-04-21T20:30:51.688+0000] {dagbag.py:545} INFO - Filling up the DagBag from /home/airflow/.local/lib/python3.12/site-packages/airflow/example_dags/tutorial_dag.py
[2025-04-21T20:30:51.691+0000] {processor.py:840} INFO - DAG(s) 'tutorial_dag' retrieved from /home/airflow/.local/lib/python3.12/site-packages/airflow/example_dags/tutorial_dag.py
[2025-04-21T20:30:51.701+0000] {logging_mixin.py:188} INFO - [2025-04-21T20:30:51.700+0000] {dag.py:3096} INFO - Sync 1 DAGs
[2025-04-21T20:30:51.706+0000] {logging_mixin.py:188} INFO - [2025-04-21T20:30:51.706+0000] {dag.py:3954} INFO - Setting next_dagrun for tutorial_dag to None, run_after=None
[2025-04-21T20:30:51.719+0000] {processor.py:183} INFO - Processing /home/airflow/.local/lib/python3.12/site-packages/airflow/example_dags/tutorial_dag.py took 0.037 seconds
[2025-04-21T20:31:32.935+0000] {processor.py:161} INFO - Started process (PID=94260) to work on /home/airflow/.local/lib/python3.12/site-packages/airflow/example_dags/tutorial_dag.py
[2025-04-21T20:31:32.937+0000] {processor.py:830} INFO - Processing file /home/airflow/.local/lib/python3.12/site-packages/airflow/example_dags/tutorial_dag.py for tasks to queue
[2025-04-21T20:31:32.938+0000] {logging_mixin.py:188} INFO - [2025-04-21T20:31:32.938+0000] {dagbag.py:545} INFO - Filling up the DagBag from /home/airflow/.local/lib/python3.12/site-packages/airflow/example_dags/tutorial_dag.py
[2025-04-21T20:31:32.941+0000] {processor.py:840} INFO - DAG(s) 'tutorial_dag' retrieved from /home/airflow/.local/lib/python3.12/site-packages/airflow/example_dags/tutorial_dag.py
[2025-04-21T20:31:32.950+0000] {logging_mixin.py:188} INFO - [2025-04-21T20:31:32.950+0000] {dag.py:3096} INFO - Sync 1 DAGs
[2025-04-21T20:31:32.956+0000] {logging_mixin.py:188} INFO - [2025-04-21T20:31:32.956+0000] {dag.py:3954} INFO - Setting next_dagrun for tutorial_dag to None, run_after=None
[2025-04-21T20:31:32.965+0000] {processor.py:183} INFO - Processing /home/airflow/.local/lib/python3.12/site-packages/airflow/example_dags/tutorial_dag.py took 0.033 seconds
[2025-04-21T20:32:08.231+0000] {processor.py:161} INFO - Started process (PID=94320) to work on /home/airflow/.local/lib/python3.12/site-packages/airflow/example_dags/tutorial_dag.py
[2025-04-21T20:32:08.232+0000] {processor.py:830} INFO - Processing file /home/airflow/.local/lib/python3.12/site-packages/airflow/example_dags/tutorial_dag.py for tasks to queue
[2025-04-21T20:32:08.234+0000] {logging_mixin.py:188} INFO - [2025-04-21T20:32:08.233+0000] {dagbag.py:545} INFO - Filling up the DagBag from /home/airflow/.local/lib/python3.12/site-packages/airflow/example_dags/tutorial_dag.py
[2025-04-21T20:32:08.239+0000] {processor.py:840} INFO - DAG(s) 'tutorial_dag' retrieved from /home/airflow/.local/lib/python3.12/site-packages/airflow/example_dags/tutorial_dag.py
[2025-04-21T20:32:08.252+0000] {logging_mixin.py:188} INFO - [2025-04-21T20:32:08.252+0000] {dag.py:3096} INFO - Sync 1 DAGs
[2025-04-21T20:32:08.257+0000] {logging_mixin.py:188} INFO - [2025-04-21T20:32:08.257+0000] {dag.py:3954} INFO - Setting next_dagrun for tutorial_dag to None, run_after=None
[2025-04-21T20:32:08.266+0000] {processor.py:183} INFO - Processing /home/airflow/.local/lib/python3.12/site-packages/airflow/example_dags/tutorial_dag.py took 0.038 seconds
[2025-04-21T20:33:32.945+0000] {processor.py:161} INFO - Started process (PID=94380) to work on /home/airflow/.local/lib/python3.12/site-packages/airflow/example_dags/tutorial_dag.py
[2025-04-21T20:33:32.946+0000] {processor.py:830} INFO - Processing file /home/airflow/.local/lib/python3.12/site-packages/airflow/example_dags/tutorial_dag.py for tasks to queue
[2025-04-21T20:33:32.948+0000] {logging_mixin.py:188} INFO - [2025-04-21T20:33:32.948+0000] {dagbag.py:545} INFO - Filling up the DagBag from /home/airflow/.local/lib/python3.12/site-packages/airflow/example_dags/tutorial_dag.py
[2025-04-21T20:33:32.950+0000] {processor.py:840} INFO - DAG(s) 'tutorial_dag' retrieved from /home/airflow/.local/lib/python3.12/site-packages/airflow/example_dags/tutorial_dag.py
[2025-04-21T20:33:32.961+0000] {logging_mixin.py:188} INFO - [2025-04-21T20:33:32.961+0000] {dag.py:3096} INFO - Sync 1 DAGs
[2025-04-21T20:33:32.966+0000] {logging_mixin.py:188} INFO - [2025-04-21T20:33:32.966+0000] {dag.py:3954} INFO - Setting next_dagrun for tutorial_dag to None, run_after=None
[2025-04-21T20:33:32.977+0000] {processor.py:183} INFO - Processing /home/airflow/.local/lib/python3.12/site-packages/airflow/example_dags/tutorial_dag.py took 0.034 seconds
[2025-04-21T20:34:55.681+0000] {processor.py:161} INFO - Started process (PID=94440) to work on /home/airflow/.local/lib/python3.12/site-packages/airflow/example_dags/tutorial_dag.py
[2025-04-21T20:34:55.682+0000] {processor.py:830} INFO - Processing file /home/airflow/.local/lib/python3.12/site-packages/airflow/example_dags/tutorial_dag.py for tasks to queue
[2025-04-21T20:34:55.682+0000] {logging_mixin.py:188} INFO - [2025-04-21T20:34:55.682+0000] {dagbag.py:545} INFO - Filling up the DagBag from /home/airflow/.local/lib/python3.12/site-packages/airflow/example_dags/tutorial_dag.py
[2025-04-21T20:34:55.685+0000] {processor.py:840} INFO - DAG(s) 'tutorial_dag' retrieved from /home/airflow/.local/lib/python3.12/site-packages/airflow/example_dags/tutorial_dag.py
[2025-04-21T20:34:55.694+0000] {logging_mixin.py:188} INFO - [2025-04-21T20:34:55.694+0000] {dag.py:3096} INFO - Sync 1 DAGs
[2025-04-21T20:34:55.699+0000] {logging_mixin.py:188} INFO - [2025-04-21T20:34:55.699+0000] {dag.py:3954} INFO - Setting next_dagrun for tutorial_dag to None, run_after=None
[2025-04-21T20:34:55.706+0000] {processor.py:183} INFO - Processing /home/airflow/.local/lib/python3.12/site-packages/airflow/example_dags/tutorial_dag.py took 0.028 seconds
[2025-04-21T20:36:08.639+0000] {processor.py:161} INFO - Started process (PID=94500) to work on /home/airflow/.local/lib/python3.12/site-packages/airflow/example_dags/tutorial_dag.py
[2025-04-21T20:36:08.640+0000] {processor.py:830} INFO - Processing file /home/airflow/.local/lib/python3.12/site-packages/airflow/example_dags/tutorial_dag.py for tasks to queue
[2025-04-21T20:36:08.641+0000] {logging_mixin.py:188} INFO - [2025-04-21T20:36:08.641+0000] {dagbag.py:545} INFO - Filling up the DagBag from /home/airflow/.local/lib/python3.12/site-packages/airflow/example_dags/tutorial_dag.py
[2025-04-21T20:36:08.644+0000] {processor.py:840} INFO - DAG(s) 'tutorial_dag' retrieved from /home/airflow/.local/lib/python3.12/site-packages/airflow/example_dags/tutorial_dag.py
[2025-04-21T20:36:08.655+0000] {logging_mixin.py:188} INFO - [2025-04-21T20:36:08.655+0000] {dag.py:3096} INFO - Sync 1 DAGs
[2025-04-21T20:36:08.661+0000] {logging_mixin.py:188} INFO - [2025-04-21T20:36:08.661+0000] {dag.py:3954} INFO - Setting next_dagrun for tutorial_dag to None, run_after=None
[2025-04-21T20:36:08.670+0000] {processor.py:183} INFO - Processing /home/airflow/.local/lib/python3.12/site-packages/airflow/example_dags/tutorial_dag.py took 0.033 seconds
[2025-04-21T20:37:30.482+0000] {processor.py:161} INFO - Started process (PID=94560) to work on /home/airflow/.local/lib/python3.12/site-packages/airflow/example_dags/tutorial_dag.py
[2025-04-21T20:37:30.483+0000] {processor.py:830} INFO - Processing file /home/airflow/.local/lib/python3.12/site-packages/airflow/example_dags/tutorial_dag.py for tasks to queue
[2025-04-21T20:37:30.486+0000] {logging_mixin.py:188} INFO - [2025-04-21T20:37:30.485+0000] {dagbag.py:545} INFO - Filling up the DagBag from /home/airflow/.local/lib/python3.12/site-packages/airflow/example_dags/tutorial_dag.py
[2025-04-21T20:37:30.488+0000] {processor.py:840} INFO - DAG(s) 'tutorial_dag' retrieved from /home/airflow/.local/lib/python3.12/site-packages/airflow/example_dags/tutorial_dag.py
[2025-04-21T20:37:30.500+0000] {logging_mixin.py:188} INFO - [2025-04-21T20:37:30.500+0000] {dag.py:3096} INFO - Sync 1 DAGs
[2025-04-21T20:37:30.506+0000] {logging_mixin.py:188} INFO - [2025-04-21T20:37:30.505+0000] {dag.py:3954} INFO - Setting next_dagrun for tutorial_dag to None, run_after=None
[2025-04-21T20:37:30.516+0000] {processor.py:183} INFO - Processing /home/airflow/.local/lib/python3.12/site-packages/airflow/example_dags/tutorial_dag.py took 0.037 seconds
[2025-04-21T20:40:16.926+0000] {processor.py:161} INFO - Started process (PID=94620) to work on /home/airflow/.local/lib/python3.12/site-packages/airflow/example_dags/tutorial_dag.py
[2025-04-21T20:40:16.927+0000] {processor.py:830} INFO - Processing file /home/airflow/.local/lib/python3.12/site-packages/airflow/example_dags/tutorial_dag.py for tasks to queue
[2025-04-21T20:40:16.928+0000] {logging_mixin.py:188} INFO - [2025-04-21T20:40:16.928+0000] {dagbag.py:545} INFO - Filling up the DagBag from /home/airflow/.local/lib/python3.12/site-packages/airflow/example_dags/tutorial_dag.py
[2025-04-21T20:40:16.930+0000] {processor.py:840} INFO - DAG(s) 'tutorial_dag' retrieved from /home/airflow/.local/lib/python3.12/site-packages/airflow/example_dags/tutorial_dag.py
[2025-04-21T20:40:16.942+0000] {logging_mixin.py:188} INFO - [2025-04-21T20:40:16.942+0000] {dag.py:3096} INFO - Sync 1 DAGs
[2025-04-21T20:40:16.947+0000] {logging_mixin.py:188} INFO - [2025-04-21T20:40:16.947+0000] {dag.py:3954} INFO - Setting next_dagrun for tutorial_dag to None, run_after=None
[2025-04-21T20:40:16.958+0000] {processor.py:183} INFO - Processing /home/airflow/.local/lib/python3.12/site-packages/airflow/example_dags/tutorial_dag.py took 0.035 seconds
[2025-04-21T20:41:06.974+0000] {processor.py:161} INFO - Started process (PID=94680) to work on /home/airflow/.local/lib/python3.12/site-packages/airflow/example_dags/tutorial_dag.py
[2025-04-21T20:41:06.975+0000] {processor.py:830} INFO - Processing file /home/airflow/.local/lib/python3.12/site-packages/airflow/example_dags/tutorial_dag.py for tasks to queue
[2025-04-21T20:41:06.975+0000] {logging_mixin.py:188} INFO - [2025-04-21T20:41:06.975+0000] {dagbag.py:545} INFO - Filling up the DagBag from /home/airflow/.local/lib/python3.12/site-packages/airflow/example_dags/tutorial_dag.py
[2025-04-21T20:41:06.978+0000] {processor.py:840} INFO - DAG(s) 'tutorial_dag' retrieved from /home/airflow/.local/lib/python3.12/site-packages/airflow/example_dags/tutorial_dag.py
[2025-04-21T20:41:06.987+0000] {logging_mixin.py:188} INFO - [2025-04-21T20:41:06.987+0000] {dag.py:3096} INFO - Sync 1 DAGs
[2025-04-21T20:41:06.992+0000] {logging_mixin.py:188} INFO - [2025-04-21T20:41:06.992+0000] {dag.py:3954} INFO - Setting next_dagrun for tutorial_dag to None, run_after=None
[2025-04-21T20:41:07.000+0000] {processor.py:183} INFO - Processing /home/airflow/.local/lib/python3.12/site-packages/airflow/example_dags/tutorial_dag.py took 0.028 seconds
[2025-04-21T20:41:49.457+0000] {processor.py:161} INFO - Started process (PID=94740) to work on /home/airflow/.local/lib/python3.12/site-packages/airflow/example_dags/tutorial_dag.py
[2025-04-21T20:41:49.457+0000] {processor.py:830} INFO - Processing file /home/airflow/.local/lib/python3.12/site-packages/airflow/example_dags/tutorial_dag.py for tasks to queue
[2025-04-21T20:41:49.458+0000] {logging_mixin.py:188} INFO - [2025-04-21T20:41:49.458+0000] {dagbag.py:545} INFO - Filling up the DagBag from /home/airflow/.local/lib/python3.12/site-packages/airflow/example_dags/tutorial_dag.py
[2025-04-21T20:41:49.461+0000] {processor.py:840} INFO - DAG(s) 'tutorial_dag' retrieved from /home/airflow/.local/lib/python3.12/site-packages/airflow/example_dags/tutorial_dag.py
[2025-04-21T20:41:49.471+0000] {logging_mixin.py:188} INFO - [2025-04-21T20:41:49.471+0000] {dag.py:3096} INFO - Sync 1 DAGs
[2025-04-21T20:41:49.477+0000] {logging_mixin.py:188} INFO - [2025-04-21T20:41:49.477+0000] {dag.py:3954} INFO - Setting next_dagrun for tutorial_dag to None, run_after=None
[2025-04-21T20:41:49.492+0000] {processor.py:183} INFO - Processing /home/airflow/.local/lib/python3.12/site-packages/airflow/example_dags/tutorial_dag.py took 0.038 seconds
[2025-04-21T20:42:34.602+0000] {processor.py:161} INFO - Started process (PID=94800) to work on /home/airflow/.local/lib/python3.12/site-packages/airflow/example_dags/tutorial_dag.py
[2025-04-21T20:42:34.602+0000] {processor.py:830} INFO - Processing file /home/airflow/.local/lib/python3.12/site-packages/airflow/example_dags/tutorial_dag.py for tasks to queue
[2025-04-21T20:42:34.603+0000] {logging_mixin.py:188} INFO - [2025-04-21T20:42:34.603+0000] {dagbag.py:545} INFO - Filling up the DagBag from /home/airflow/.local/lib/python3.12/site-packages/airflow/example_dags/tutorial_dag.py
[2025-04-21T20:42:34.606+0000] {processor.py:840} INFO - DAG(s) 'tutorial_dag' retrieved from /home/airflow/.local/lib/python3.12/site-packages/airflow/example_dags/tutorial_dag.py
[2025-04-21T20:42:34.616+0000] {logging_mixin.py:188} INFO - [2025-04-21T20:42:34.615+0000] {dag.py:3096} INFO - Sync 1 DAGs
[2025-04-21T20:42:34.622+0000] {logging_mixin.py:188} INFO - [2025-04-21T20:42:34.622+0000] {dag.py:3954} INFO - Setting next_dagrun for tutorial_dag to None, run_after=None
[2025-04-21T20:42:34.639+0000] {processor.py:183} INFO - Processing /home/airflow/.local/lib/python3.12/site-packages/airflow/example_dags/tutorial_dag.py took 0.040 seconds
[2025-04-21T20:43:37.835+0000] {processor.py:161} INFO - Started process (PID=94860) to work on /home/airflow/.local/lib/python3.12/site-packages/airflow/example_dags/tutorial_dag.py
[2025-04-21T20:43:37.835+0000] {processor.py:830} INFO - Processing file /home/airflow/.local/lib/python3.12/site-packages/airflow/example_dags/tutorial_dag.py for tasks to queue
[2025-04-21T20:43:37.837+0000] {logging_mixin.py:188} INFO - [2025-04-21T20:43:37.837+0000] {dagbag.py:545} INFO - Filling up the DagBag from /home/airflow/.local/lib/python3.12/site-packages/airflow/example_dags/tutorial_dag.py
[2025-04-21T20:43:37.841+0000] {processor.py:840} INFO - DAG(s) 'tutorial_dag' retrieved from /home/airflow/.local/lib/python3.12/site-packages/airflow/example_dags/tutorial_dag.py
[2025-04-21T20:43:37.869+0000] {logging_mixin.py:188} INFO - [2025-04-21T20:43:37.868+0000] {dag.py:3096} INFO - Sync 1 DAGs
[2025-04-21T20:43:37.881+0000] {logging_mixin.py:188} INFO - [2025-04-21T20:43:37.881+0000] {dag.py:3954} INFO - Setting next_dagrun for tutorial_dag to None, run_after=None
[2025-04-21T20:43:37.900+0000] {processor.py:183} INFO - Processing /home/airflow/.local/lib/python3.12/site-packages/airflow/example_dags/tutorial_dag.py took 0.069 seconds
[2025-04-21T20:44:41.511+0000] {processor.py:161} INFO - Started process (PID=94920) to work on /home/airflow/.local/lib/python3.12/site-packages/airflow/example_dags/tutorial_dag.py
[2025-04-21T20:44:41.512+0000] {processor.py:830} INFO - Processing file /home/airflow/.local/lib/python3.12/site-packages/airflow/example_dags/tutorial_dag.py for tasks to queue
[2025-04-21T20:44:41.514+0000] {logging_mixin.py:188} INFO - [2025-04-21T20:44:41.514+0000] {dagbag.py:545} INFO - Filling up the DagBag from /home/airflow/.local/lib/python3.12/site-packages/airflow/example_dags/tutorial_dag.py
[2025-04-21T20:44:41.518+0000] {processor.py:840} INFO - DAG(s) 'tutorial_dag' retrieved from /home/airflow/.local/lib/python3.12/site-packages/airflow/example_dags/tutorial_dag.py
[2025-04-21T20:44:41.527+0000] {logging_mixin.py:188} INFO - [2025-04-21T20:44:41.527+0000] {dag.py:3096} INFO - Sync 1 DAGs
[2025-04-21T20:44:41.533+0000] {logging_mixin.py:188} INFO - [2025-04-21T20:44:41.533+0000] {dag.py:3954} INFO - Setting next_dagrun for tutorial_dag to None, run_after=None
[2025-04-21T20:44:41.549+0000] {processor.py:183} INFO - Processing /home/airflow/.local/lib/python3.12/site-packages/airflow/example_dags/tutorial_dag.py took 0.041 seconds
[2025-04-21T20:45:23.157+0000] {processor.py:161} INFO - Started process (PID=94980) to work on /home/airflow/.local/lib/python3.12/site-packages/airflow/example_dags/tutorial_dag.py
[2025-04-21T20:45:23.158+0000] {processor.py:830} INFO - Processing file /home/airflow/.local/lib/python3.12/site-packages/airflow/example_dags/tutorial_dag.py for tasks to queue
[2025-04-21T20:45:23.160+0000] {logging_mixin.py:188} INFO - [2025-04-21T20:45:23.159+0000] {dagbag.py:545} INFO - Filling up the DagBag from /home/airflow/.local/lib/python3.12/site-packages/airflow/example_dags/tutorial_dag.py
[2025-04-21T20:45:23.163+0000] {processor.py:840} INFO - DAG(s) 'tutorial_dag' retrieved from /home/airflow/.local/lib/python3.12/site-packages/airflow/example_dags/tutorial_dag.py
[2025-04-21T20:45:23.173+0000] {logging_mixin.py:188} INFO - [2025-04-21T20:45:23.173+0000] {dag.py:3096} INFO - Sync 1 DAGs
[2025-04-21T20:45:23.179+0000] {logging_mixin.py:188} INFO - [2025-04-21T20:45:23.179+0000] {dag.py:3954} INFO - Setting next_dagrun for tutorial_dag to None, run_after=None
[2025-04-21T20:45:23.196+0000] {processor.py:183} INFO - Processing /home/airflow/.local/lib/python3.12/site-packages/airflow/example_dags/tutorial_dag.py took 0.041 seconds
[2025-04-21T20:50:35.768+0000] {processor.py:161} INFO - Started process (PID=95040) to work on /home/airflow/.local/lib/python3.12/site-packages/airflow/example_dags/tutorial_dag.py
[2025-04-21T20:50:35.769+0000] {processor.py:830} INFO - Processing file /home/airflow/.local/lib/python3.12/site-packages/airflow/example_dags/tutorial_dag.py for tasks to queue
[2025-04-21T20:50:35.770+0000] {logging_mixin.py:188} INFO - [2025-04-21T20:50:35.770+0000] {dagbag.py:545} INFO - Filling up the DagBag from /home/airflow/.local/lib/python3.12/site-packages/airflow/example_dags/tutorial_dag.py
[2025-04-21T20:50:35.773+0000] {processor.py:840} INFO - DAG(s) 'tutorial_dag' retrieved from /home/airflow/.local/lib/python3.12/site-packages/airflow/example_dags/tutorial_dag.py
[2025-04-21T20:50:35.786+0000] {logging_mixin.py:188} INFO - [2025-04-21T20:50:35.786+0000] {dag.py:3096} INFO - Sync 1 DAGs
[2025-04-21T20:50:35.797+0000] {logging_mixin.py:188} INFO - [2025-04-21T20:50:35.796+0000] {dag.py:3954} INFO - Setting next_dagrun for tutorial_dag to None, run_after=None
[2025-04-21T20:50:35.811+0000] {processor.py:183} INFO - Processing /home/airflow/.local/lib/python3.12/site-packages/airflow/example_dags/tutorial_dag.py took 0.046 seconds
[2025-04-21T20:51:06.524+0000] {processor.py:161} INFO - Started process (PID=95100) to work on /home/airflow/.local/lib/python3.12/site-packages/airflow/example_dags/tutorial_dag.py
[2025-04-21T20:51:06.525+0000] {processor.py:830} INFO - Processing file /home/airflow/.local/lib/python3.12/site-packages/airflow/example_dags/tutorial_dag.py for tasks to queue
[2025-04-21T20:51:06.528+0000] {logging_mixin.py:188} INFO - [2025-04-21T20:51:06.528+0000] {dagbag.py:545} INFO - Filling up the DagBag from /home/airflow/.local/lib/python3.12/site-packages/airflow/example_dags/tutorial_dag.py
[2025-04-21T20:51:06.532+0000] {processor.py:840} INFO - DAG(s) 'tutorial_dag' retrieved from /home/airflow/.local/lib/python3.12/site-packages/airflow/example_dags/tutorial_dag.py
[2025-04-21T20:51:06.546+0000] {logging_mixin.py:188} INFO - [2025-04-21T20:51:06.546+0000] {dag.py:3096} INFO - Sync 1 DAGs
[2025-04-21T20:51:06.555+0000] {logging_mixin.py:188} INFO - [2025-04-21T20:51:06.554+0000] {dag.py:3954} INFO - Setting next_dagrun for tutorial_dag to None, run_after=None
[2025-04-21T20:51:06.572+0000] {processor.py:183} INFO - Processing /home/airflow/.local/lib/python3.12/site-packages/airflow/example_dags/tutorial_dag.py took 0.052 seconds
[2025-04-21T20:56:19.402+0000] {processor.py:161} INFO - Started process (PID=95160) to work on /home/airflow/.local/lib/python3.12/site-packages/airflow/example_dags/tutorial_dag.py
[2025-04-21T20:56:19.403+0000] {processor.py:830} INFO - Processing file /home/airflow/.local/lib/python3.12/site-packages/airflow/example_dags/tutorial_dag.py for tasks to queue
[2025-04-21T20:56:19.404+0000] {logging_mixin.py:188} INFO - [2025-04-21T20:56:19.404+0000] {dagbag.py:545} INFO - Filling up the DagBag from /home/airflow/.local/lib/python3.12/site-packages/airflow/example_dags/tutorial_dag.py
[2025-04-21T20:56:19.407+0000] {processor.py:840} INFO - DAG(s) 'tutorial_dag' retrieved from /home/airflow/.local/lib/python3.12/site-packages/airflow/example_dags/tutorial_dag.py
[2025-04-21T20:56:19.420+0000] {logging_mixin.py:188} INFO - [2025-04-21T20:56:19.420+0000] {dag.py:3096} INFO - Sync 1 DAGs
[2025-04-21T20:56:19.426+0000] {logging_mixin.py:188} INFO - [2025-04-21T20:56:19.426+0000] {dag.py:3954} INFO - Setting next_dagrun for tutorial_dag to None, run_after=None
[2025-04-21T20:56:19.438+0000] {processor.py:183} INFO - Processing /home/airflow/.local/lib/python3.12/site-packages/airflow/example_dags/tutorial_dag.py took 0.038 seconds
[2025-04-21T21:46:40.868+0000] {processor.py:161} INFO - Started process (PID=95220) to work on /home/airflow/.local/lib/python3.12/site-packages/airflow/example_dags/tutorial_dag.py
[2025-04-21T21:46:40.869+0000] {processor.py:830} INFO - Processing file /home/airflow/.local/lib/python3.12/site-packages/airflow/example_dags/tutorial_dag.py for tasks to queue
[2025-04-21T21:46:40.869+0000] {logging_mixin.py:188} INFO - [2025-04-21T21:46:40.869+0000] {dagbag.py:545} INFO - Filling up the DagBag from /home/airflow/.local/lib/python3.12/site-packages/airflow/example_dags/tutorial_dag.py
[2025-04-21T21:46:40.872+0000] {processor.py:840} INFO - DAG(s) 'tutorial_dag' retrieved from /home/airflow/.local/lib/python3.12/site-packages/airflow/example_dags/tutorial_dag.py
[2025-04-21T21:46:40.881+0000] {logging_mixin.py:188} INFO - [2025-04-21T21:46:40.881+0000] {dag.py:3096} INFO - Sync 1 DAGs
[2025-04-21T21:46:40.886+0000] {logging_mixin.py:188} INFO - [2025-04-21T21:46:40.886+0000] {dag.py:3954} INFO - Setting next_dagrun for tutorial_dag to None, run_after=None
[2025-04-21T21:46:40.893+0000] {processor.py:183} INFO - Processing /home/airflow/.local/lib/python3.12/site-packages/airflow/example_dags/tutorial_dag.py took 0.028 seconds
[2025-04-21T21:47:11.818+0000] {processor.py:161} INFO - Started process (PID=95280) to work on /home/airflow/.local/lib/python3.12/site-packages/airflow/example_dags/tutorial_dag.py
[2025-04-21T21:47:11.818+0000] {processor.py:830} INFO - Processing file /home/airflow/.local/lib/python3.12/site-packages/airflow/example_dags/tutorial_dag.py for tasks to queue
[2025-04-21T21:47:11.819+0000] {logging_mixin.py:188} INFO - [2025-04-21T21:47:11.819+0000] {dagbag.py:545} INFO - Filling up the DagBag from /home/airflow/.local/lib/python3.12/site-packages/airflow/example_dags/tutorial_dag.py
[2025-04-21T21:47:11.823+0000] {processor.py:840} INFO - DAG(s) 'tutorial_dag' retrieved from /home/airflow/.local/lib/python3.12/site-packages/airflow/example_dags/tutorial_dag.py
[2025-04-21T21:47:11.837+0000] {logging_mixin.py:188} INFO - [2025-04-21T21:47:11.836+0000] {dag.py:3096} INFO - Sync 1 DAGs
[2025-04-21T21:47:11.847+0000] {logging_mixin.py:188} INFO - [2025-04-21T21:47:11.847+0000] {dag.py:3954} INFO - Setting next_dagrun for tutorial_dag to None, run_after=None
[2025-04-21T21:47:11.858+0000] {processor.py:183} INFO - Processing /home/airflow/.local/lib/python3.12/site-packages/airflow/example_dags/tutorial_dag.py took 0.045 seconds
[2025-04-21T21:52:23.935+0000] {processor.py:161} INFO - Started process (PID=95340) to work on /home/airflow/.local/lib/python3.12/site-packages/airflow/example_dags/tutorial_dag.py
[2025-04-21T21:52:23.937+0000] {processor.py:830} INFO - Processing file /home/airflow/.local/lib/python3.12/site-packages/airflow/example_dags/tutorial_dag.py for tasks to queue
[2025-04-21T21:52:23.939+0000] {logging_mixin.py:188} INFO - [2025-04-21T21:52:23.938+0000] {dagbag.py:545} INFO - Filling up the DagBag from /home/airflow/.local/lib/python3.12/site-packages/airflow/example_dags/tutorial_dag.py
[2025-04-21T21:52:23.941+0000] {processor.py:840} INFO - DAG(s) 'tutorial_dag' retrieved from /home/airflow/.local/lib/python3.12/site-packages/airflow/example_dags/tutorial_dag.py
[2025-04-21T21:52:23.961+0000] {logging_mixin.py:188} INFO - [2025-04-21T21:52:23.961+0000] {dag.py:3096} INFO - Sync 1 DAGs
[2025-04-21T21:52:23.969+0000] {logging_mixin.py:188} INFO - [2025-04-21T21:52:23.968+0000] {dag.py:3954} INFO - Setting next_dagrun for tutorial_dag to None, run_after=None
[2025-04-21T21:52:23.982+0000] {processor.py:183} INFO - Processing /home/airflow/.local/lib/python3.12/site-packages/airflow/example_dags/tutorial_dag.py took 0.050 seconds
[2025-04-21T21:57:36.639+0000] {processor.py:161} INFO - Started process (PID=95400) to work on /home/airflow/.local/lib/python3.12/site-packages/airflow/example_dags/tutorial_dag.py
[2025-04-21T21:57:36.640+0000] {processor.py:830} INFO - Processing file /home/airflow/.local/lib/python3.12/site-packages/airflow/example_dags/tutorial_dag.py for tasks to queue
[2025-04-21T21:57:36.642+0000] {logging_mixin.py:188} INFO - [2025-04-21T21:57:36.642+0000] {dagbag.py:545} INFO - Filling up the DagBag from /home/airflow/.local/lib/python3.12/site-packages/airflow/example_dags/tutorial_dag.py
[2025-04-21T21:57:36.645+0000] {processor.py:840} INFO - DAG(s) 'tutorial_dag' retrieved from /home/airflow/.local/lib/python3.12/site-packages/airflow/example_dags/tutorial_dag.py
[2025-04-21T21:57:36.656+0000] {logging_mixin.py:188} INFO - [2025-04-21T21:57:36.655+0000] {dag.py:3096} INFO - Sync 1 DAGs
[2025-04-21T21:57:36.662+0000] {logging_mixin.py:188} INFO - [2025-04-21T21:57:36.662+0000] {dag.py:3954} INFO - Setting next_dagrun for tutorial_dag to None, run_after=None
[2025-04-21T21:57:36.677+0000] {processor.py:183} INFO - Processing /home/airflow/.local/lib/python3.12/site-packages/airflow/example_dags/tutorial_dag.py took 0.043 seconds
[2025-04-21T22:02:49.639+0000] {processor.py:161} INFO - Started process (PID=95460) to work on /home/airflow/.local/lib/python3.12/site-packages/airflow/example_dags/tutorial_dag.py
[2025-04-21T22:02:49.641+0000] {processor.py:830} INFO - Processing file /home/airflow/.local/lib/python3.12/site-packages/airflow/example_dags/tutorial_dag.py for tasks to queue
[2025-04-21T22:02:49.643+0000] {logging_mixin.py:188} INFO - [2025-04-21T22:02:49.643+0000] {dagbag.py:545} INFO - Filling up the DagBag from /home/airflow/.local/lib/python3.12/site-packages/airflow/example_dags/tutorial_dag.py
[2025-04-21T22:02:49.646+0000] {processor.py:840} INFO - DAG(s) 'tutorial_dag' retrieved from /home/airflow/.local/lib/python3.12/site-packages/airflow/example_dags/tutorial_dag.py
[2025-04-21T22:02:49.659+0000] {logging_mixin.py:188} INFO - [2025-04-21T22:02:49.658+0000] {dag.py:3096} INFO - Sync 1 DAGs
[2025-04-21T22:02:49.665+0000] {logging_mixin.py:188} INFO - [2025-04-21T22:02:49.665+0000] {dag.py:3954} INFO - Setting next_dagrun for tutorial_dag to None, run_after=None
[2025-04-21T22:02:49.673+0000] {processor.py:183} INFO - Processing /home/airflow/.local/lib/python3.12/site-packages/airflow/example_dags/tutorial_dag.py took 0.038 seconds
[2025-04-21T22:03:20.531+0000] {processor.py:161} INFO - Started process (PID=95520) to work on /home/airflow/.local/lib/python3.12/site-packages/airflow/example_dags/tutorial_dag.py
[2025-04-21T22:03:20.532+0000] {processor.py:830} INFO - Processing file /home/airflow/.local/lib/python3.12/site-packages/airflow/example_dags/tutorial_dag.py for tasks to queue
[2025-04-21T22:03:20.533+0000] {logging_mixin.py:188} INFO - [2025-04-21T22:03:20.533+0000] {dagbag.py:545} INFO - Filling up the DagBag from /home/airflow/.local/lib/python3.12/site-packages/airflow/example_dags/tutorial_dag.py
[2025-04-21T22:03:20.536+0000] {processor.py:840} INFO - DAG(s) 'tutorial_dag' retrieved from /home/airflow/.local/lib/python3.12/site-packages/airflow/example_dags/tutorial_dag.py
[2025-04-21T22:03:20.546+0000] {logging_mixin.py:188} INFO - [2025-04-21T22:03:20.546+0000] {dag.py:3096} INFO - Sync 1 DAGs
[2025-04-21T22:03:20.551+0000] {logging_mixin.py:188} INFO - [2025-04-21T22:03:20.551+0000] {dag.py:3954} INFO - Setting next_dagrun for tutorial_dag to None, run_after=None
[2025-04-21T22:03:20.559+0000] {processor.py:183} INFO - Processing /home/airflow/.local/lib/python3.12/site-packages/airflow/example_dags/tutorial_dag.py took 0.032 seconds
[2025-04-21T22:11:06.595+0000] {processor.py:161} INFO - Started process (PID=95580) to work on /home/airflow/.local/lib/python3.12/site-packages/airflow/example_dags/tutorial_dag.py
[2025-04-21T22:11:06.596+0000] {processor.py:830} INFO - Processing file /home/airflow/.local/lib/python3.12/site-packages/airflow/example_dags/tutorial_dag.py for tasks to queue
[2025-04-21T22:11:06.598+0000] {logging_mixin.py:188} INFO - [2025-04-21T22:11:06.597+0000] {dagbag.py:545} INFO - Filling up the DagBag from /home/airflow/.local/lib/python3.12/site-packages/airflow/example_dags/tutorial_dag.py
[2025-04-21T22:11:06.602+0000] {processor.py:840} INFO - DAG(s) 'tutorial_dag' retrieved from /home/airflow/.local/lib/python3.12/site-packages/airflow/example_dags/tutorial_dag.py
[2025-04-21T22:11:06.619+0000] {logging_mixin.py:188} INFO - [2025-04-21T22:11:06.619+0000] {dag.py:3096} INFO - Sync 1 DAGs
[2025-04-21T22:11:06.627+0000] {logging_mixin.py:188} INFO - [2025-04-21T22:11:06.627+0000] {dag.py:3954} INFO - Setting next_dagrun for tutorial_dag to None, run_after=None
[2025-04-21T22:11:06.637+0000] {processor.py:183} INFO - Processing /home/airflow/.local/lib/python3.12/site-packages/airflow/example_dags/tutorial_dag.py took 0.046 seconds
[2025-04-21T22:16:19.572+0000] {processor.py:161} INFO - Started process (PID=95640) to work on /home/airflow/.local/lib/python3.12/site-packages/airflow/example_dags/tutorial_dag.py
[2025-04-21T22:16:19.572+0000] {processor.py:830} INFO - Processing file /home/airflow/.local/lib/python3.12/site-packages/airflow/example_dags/tutorial_dag.py for tasks to queue
[2025-04-21T22:16:19.573+0000] {logging_mixin.py:188} INFO - [2025-04-21T22:16:19.573+0000] {dagbag.py:545} INFO - Filling up the DagBag from /home/airflow/.local/lib/python3.12/site-packages/airflow/example_dags/tutorial_dag.py
[2025-04-21T22:16:19.576+0000] {processor.py:840} INFO - DAG(s) 'tutorial_dag' retrieved from /home/airflow/.local/lib/python3.12/site-packages/airflow/example_dags/tutorial_dag.py
[2025-04-21T22:16:19.586+0000] {logging_mixin.py:188} INFO - [2025-04-21T22:16:19.586+0000] {dag.py:3096} INFO - Sync 1 DAGs
[2025-04-21T22:16:19.593+0000] {logging_mixin.py:188} INFO - [2025-04-21T22:16:19.593+0000] {dag.py:3954} INFO - Setting next_dagrun for tutorial_dag to None, run_after=None
[2025-04-21T22:16:19.607+0000] {processor.py:183} INFO - Processing /home/airflow/.local/lib/python3.12/site-packages/airflow/example_dags/tutorial_dag.py took 0.038 seconds
[2025-04-21T22:34:10.950+0000] {processor.py:161} INFO - Started process (PID=95700) to work on /home/airflow/.local/lib/python3.12/site-packages/airflow/example_dags/tutorial_dag.py
[2025-04-21T22:34:10.950+0000] {processor.py:830} INFO - Processing file /home/airflow/.local/lib/python3.12/site-packages/airflow/example_dags/tutorial_dag.py for tasks to queue
[2025-04-21T22:34:10.951+0000] {logging_mixin.py:188} INFO - [2025-04-21T22:34:10.951+0000] {dagbag.py:545} INFO - Filling up the DagBag from /home/airflow/.local/lib/python3.12/site-packages/airflow/example_dags/tutorial_dag.py
[2025-04-21T22:34:10.954+0000] {processor.py:840} INFO - DAG(s) 'tutorial_dag' retrieved from /home/airflow/.local/lib/python3.12/site-packages/airflow/example_dags/tutorial_dag.py
[2025-04-21T22:34:10.964+0000] {logging_mixin.py:188} INFO - [2025-04-21T22:34:10.963+0000] {dag.py:3096} INFO - Sync 1 DAGs
[2025-04-21T22:34:10.969+0000] {logging_mixin.py:188} INFO - [2025-04-21T22:34:10.969+0000] {dag.py:3954} INFO - Setting next_dagrun for tutorial_dag to None, run_after=None
[2025-04-21T22:34:10.976+0000] {processor.py:183} INFO - Processing /home/airflow/.local/lib/python3.12/site-packages/airflow/example_dags/tutorial_dag.py took 0.029 seconds
[2025-04-21T22:39:23.941+0000] {processor.py:161} INFO - Started process (PID=95760) to work on /home/airflow/.local/lib/python3.12/site-packages/airflow/example_dags/tutorial_dag.py
[2025-04-21T22:39:23.941+0000] {processor.py:830} INFO - Processing file /home/airflow/.local/lib/python3.12/site-packages/airflow/example_dags/tutorial_dag.py for tasks to queue
[2025-04-21T22:39:23.942+0000] {logging_mixin.py:188} INFO - [2025-04-21T22:39:23.942+0000] {dagbag.py:545} INFO - Filling up the DagBag from /home/airflow/.local/lib/python3.12/site-packages/airflow/example_dags/tutorial_dag.py
[2025-04-21T22:39:23.945+0000] {processor.py:840} INFO - DAG(s) 'tutorial_dag' retrieved from /home/airflow/.local/lib/python3.12/site-packages/airflow/example_dags/tutorial_dag.py
[2025-04-21T22:39:23.958+0000] {logging_mixin.py:188} INFO - [2025-04-21T22:39:23.958+0000] {dag.py:3096} INFO - Sync 1 DAGs
[2025-04-21T22:39:23.964+0000] {logging_mixin.py:188} INFO - [2025-04-21T22:39:23.964+0000] {dag.py:3954} INFO - Setting next_dagrun for tutorial_dag to None, run_after=None
[2025-04-21T22:39:23.976+0000] {processor.py:183} INFO - Processing /home/airflow/.local/lib/python3.12/site-packages/airflow/example_dags/tutorial_dag.py took 0.038 seconds
