[2025-04-21T00:38:24.349+0000] {processor.py:161} INFO - Started process (PID=91374) to work on /home/airflow/.local/lib/python3.12/site-packages/airflow/example_dags/tutorial.py
[2025-04-21T00:38:24.349+0000] {processor.py:830} INFO - Processing file /home/airflow/.local/lib/python3.12/site-packages/airflow/example_dags/tutorial.py for tasks to queue
[2025-04-21T00:38:24.351+0000] {logging_mixin.py:188} INFO - [2025-04-21T00:38:24.350+0000] {dagbag.py:545} INFO - Filling up the DagBag from /home/airflow/.local/lib/python3.12/site-packages/airflow/example_dags/tutorial.py
[2025-04-21T00:38:24.356+0000] {processor.py:840} INFO - DAG(s) 'tutorial' retrieved from /home/airflow/.local/lib/python3.12/site-packages/airflow/example_dags/tutorial.py
[2025-04-21T00:38:24.372+0000] {logging_mixin.py:188} INFO - [2025-04-21T00:38:24.372+0000] {dag.py:3096} INFO - Sync 1 DAGs
[2025-04-21T00:38:24.387+0000] {logging_mixin.py:188} INFO - [2025-04-21T00:38:24.387+0000] {dag.py:3954} INFO - Setting next_dagrun for tutorial to 2025-04-20 00:00:00+00:00, run_after=2025-04-21 00:00:00+00:00
[2025-04-21T00:38:24.397+0000] {processor.py:183} INFO - Processing /home/airflow/.local/lib/python3.12/site-packages/airflow/example_dags/tutorial.py took 0.051 seconds
[2025-04-21T01:37:14.500+0000] {processor.py:161} INFO - Started process (PID=91434) to work on /home/airflow/.local/lib/python3.12/site-packages/airflow/example_dags/tutorial.py
[2025-04-21T01:37:14.501+0000] {processor.py:830} INFO - Processing file /home/airflow/.local/lib/python3.12/site-packages/airflow/example_dags/tutorial.py for tasks to queue
[2025-04-21T01:37:14.502+0000] {logging_mixin.py:188} INFO - [2025-04-21T01:37:14.502+0000] {dagbag.py:545} INFO - Filling up the DagBag from /home/airflow/.local/lib/python3.12/site-packages/airflow/example_dags/tutorial.py
[2025-04-21T01:37:14.505+0000] {processor.py:840} INFO - DAG(s) 'tutorial' retrieved from /home/airflow/.local/lib/python3.12/site-packages/airflow/example_dags/tutorial.py
[2025-04-21T01:37:14.518+0000] {logging_mixin.py:188} INFO - [2025-04-21T01:37:14.518+0000] {dag.py:3096} INFO - Sync 1 DAGs
[2025-04-21T01:37:14.531+0000] {logging_mixin.py:188} INFO - [2025-04-21T01:37:14.531+0000] {dag.py:3954} INFO - Setting next_dagrun for tutorial to 2025-04-20 00:00:00+00:00, run_after=2025-04-21 00:00:00+00:00
[2025-04-21T01:37:14.543+0000] {processor.py:183} INFO - Processing /home/airflow/.local/lib/python3.12/site-packages/airflow/example_dags/tutorial.py took 0.046 seconds
[2025-04-21T01:37:44.860+0000] {processor.py:161} INFO - Started process (PID=91493) to work on /home/airflow/.local/lib/python3.12/site-packages/airflow/example_dags/tutorial.py
[2025-04-21T01:37:44.863+0000] {processor.py:830} INFO - Processing file /home/airflow/.local/lib/python3.12/site-packages/airflow/example_dags/tutorial.py for tasks to queue
[2025-04-21T01:37:44.864+0000] {logging_mixin.py:188} INFO - [2025-04-21T01:37:44.864+0000] {dagbag.py:545} INFO - Filling up the DagBag from /home/airflow/.local/lib/python3.12/site-packages/airflow/example_dags/tutorial.py
[2025-04-21T01:37:44.867+0000] {processor.py:840} INFO - DAG(s) 'tutorial' retrieved from /home/airflow/.local/lib/python3.12/site-packages/airflow/example_dags/tutorial.py
[2025-04-21T01:37:44.876+0000] {logging_mixin.py:188} INFO - [2025-04-21T01:37:44.876+0000] {dag.py:3096} INFO - Sync 1 DAGs
[2025-04-21T01:37:44.886+0000] {logging_mixin.py:188} INFO - [2025-04-21T01:37:44.886+0000] {dag.py:3954} INFO - Setting next_dagrun for tutorial to 2025-04-20 00:00:00+00:00, run_after=2025-04-21 00:00:00+00:00
[2025-04-21T01:37:44.893+0000] {processor.py:183} INFO - Processing /home/airflow/.local/lib/python3.12/site-packages/airflow/example_dags/tutorial.py took 0.035 seconds
[2025-04-21T02:58:43.918+0000] {processor.py:161} INFO - Started process (PID=91553) to work on /home/airflow/.local/lib/python3.12/site-packages/airflow/example_dags/tutorial.py
[2025-04-21T02:58:43.919+0000] {processor.py:830} INFO - Processing file /home/airflow/.local/lib/python3.12/site-packages/airflow/example_dags/tutorial.py for tasks to queue
[2025-04-21T02:58:43.922+0000] {logging_mixin.py:188} INFO - [2025-04-21T02:58:43.922+0000] {dagbag.py:545} INFO - Filling up the DagBag from /home/airflow/.local/lib/python3.12/site-packages/airflow/example_dags/tutorial.py
[2025-04-21T02:58:43.925+0000] {processor.py:840} INFO - DAG(s) 'tutorial' retrieved from /home/airflow/.local/lib/python3.12/site-packages/airflow/example_dags/tutorial.py
[2025-04-21T02:58:43.937+0000] {logging_mixin.py:188} INFO - [2025-04-21T02:58:43.937+0000] {dag.py:3096} INFO - Sync 1 DAGs
[2025-04-21T02:58:43.947+0000] {logging_mixin.py:188} INFO - [2025-04-21T02:58:43.947+0000] {dag.py:3954} INFO - Setting next_dagrun for tutorial to 2025-04-20 00:00:00+00:00, run_after=2025-04-21 00:00:00+00:00
[2025-04-21T02:58:43.956+0000] {processor.py:183} INFO - Processing /home/airflow/.local/lib/python3.12/site-packages/airflow/example_dags/tutorial.py took 0.041 seconds
[2025-04-21T04:23:09.980+0000] {processor.py:161} INFO - Started process (PID=91613) to work on /home/airflow/.local/lib/python3.12/site-packages/airflow/example_dags/tutorial.py
[2025-04-21T04:23:09.982+0000] {processor.py:830} INFO - Processing file /home/airflow/.local/lib/python3.12/site-packages/airflow/example_dags/tutorial.py for tasks to queue
[2025-04-21T04:23:09.983+0000] {logging_mixin.py:188} INFO - [2025-04-21T04:23:09.983+0000] {dagbag.py:545} INFO - Filling up the DagBag from /home/airflow/.local/lib/python3.12/site-packages/airflow/example_dags/tutorial.py
[2025-04-21T04:23:09.987+0000] {processor.py:840} INFO - DAG(s) 'tutorial' retrieved from /home/airflow/.local/lib/python3.12/site-packages/airflow/example_dags/tutorial.py
[2025-04-21T04:23:09.999+0000] {logging_mixin.py:188} INFO - [2025-04-21T04:23:09.999+0000] {dag.py:3096} INFO - Sync 1 DAGs
[2025-04-21T04:23:10.010+0000] {logging_mixin.py:188} INFO - [2025-04-21T04:23:10.010+0000] {dag.py:3954} INFO - Setting next_dagrun for tutorial to 2025-04-20 00:00:00+00:00, run_after=2025-04-21 00:00:00+00:00
[2025-04-21T04:23:10.022+0000] {processor.py:183} INFO - Processing /home/airflow/.local/lib/python3.12/site-packages/airflow/example_dags/tutorial.py took 0.046 seconds
[2025-04-21T04:23:40.540+0000] {processor.py:161} INFO - Started process (PID=91673) to work on /home/airflow/.local/lib/python3.12/site-packages/airflow/example_dags/tutorial.py
[2025-04-21T04:23:40.541+0000] {processor.py:830} INFO - Processing file /home/airflow/.local/lib/python3.12/site-packages/airflow/example_dags/tutorial.py for tasks to queue
[2025-04-21T04:23:40.541+0000] {logging_mixin.py:188} INFO - [2025-04-21T04:23:40.541+0000] {dagbag.py:545} INFO - Filling up the DagBag from /home/airflow/.local/lib/python3.12/site-packages/airflow/example_dags/tutorial.py
[2025-04-21T04:23:40.544+0000] {processor.py:840} INFO - DAG(s) 'tutorial' retrieved from /home/airflow/.local/lib/python3.12/site-packages/airflow/example_dags/tutorial.py
[2025-04-21T04:23:40.553+0000] {logging_mixin.py:188} INFO - [2025-04-21T04:23:40.553+0000] {dag.py:3096} INFO - Sync 1 DAGs
[2025-04-21T04:23:40.562+0000] {logging_mixin.py:188} INFO - [2025-04-21T04:23:40.562+0000] {dag.py:3954} INFO - Setting next_dagrun for tutorial to 2025-04-20 00:00:00+00:00, run_after=2025-04-21 00:00:00+00:00
[2025-04-21T04:23:40.569+0000] {processor.py:183} INFO - Processing /home/airflow/.local/lib/python3.12/site-packages/airflow/example_dags/tutorial.py took 0.032 seconds
[2025-04-21T04:28:53.206+0000] {processor.py:161} INFO - Started process (PID=91733) to work on /home/airflow/.local/lib/python3.12/site-packages/airflow/example_dags/tutorial.py
[2025-04-21T04:28:53.207+0000] {processor.py:830} INFO - Processing file /home/airflow/.local/lib/python3.12/site-packages/airflow/example_dags/tutorial.py for tasks to queue
[2025-04-21T04:28:53.209+0000] {logging_mixin.py:188} INFO - [2025-04-21T04:28:53.209+0000] {dagbag.py:545} INFO - Filling up the DagBag from /home/airflow/.local/lib/python3.12/site-packages/airflow/example_dags/tutorial.py
[2025-04-21T04:28:53.212+0000] {processor.py:840} INFO - DAG(s) 'tutorial' retrieved from /home/airflow/.local/lib/python3.12/site-packages/airflow/example_dags/tutorial.py
[2025-04-21T04:28:53.227+0000] {logging_mixin.py:188} INFO - [2025-04-21T04:28:53.227+0000] {dag.py:3096} INFO - Sync 1 DAGs
[2025-04-21T04:28:53.243+0000] {logging_mixin.py:188} INFO - [2025-04-21T04:28:53.242+0000] {dag.py:3954} INFO - Setting next_dagrun for tutorial to 2025-04-20 00:00:00+00:00, run_after=2025-04-21 00:00:00+00:00
[2025-04-21T04:28:53.255+0000] {processor.py:183} INFO - Processing /home/airflow/.local/lib/python3.12/site-packages/airflow/example_dags/tutorial.py took 0.053 seconds
[2025-04-21T04:29:23.911+0000] {processor.py:161} INFO - Started process (PID=91793) to work on /home/airflow/.local/lib/python3.12/site-packages/airflow/example_dags/tutorial.py
[2025-04-21T04:29:23.913+0000] {processor.py:830} INFO - Processing file /home/airflow/.local/lib/python3.12/site-packages/airflow/example_dags/tutorial.py for tasks to queue
[2025-04-21T04:29:23.914+0000] {logging_mixin.py:188} INFO - [2025-04-21T04:29:23.914+0000] {dagbag.py:545} INFO - Filling up the DagBag from /home/airflow/.local/lib/python3.12/site-packages/airflow/example_dags/tutorial.py
[2025-04-21T04:29:23.917+0000] {processor.py:840} INFO - DAG(s) 'tutorial' retrieved from /home/airflow/.local/lib/python3.12/site-packages/airflow/example_dags/tutorial.py
[2025-04-21T04:29:23.927+0000] {logging_mixin.py:188} INFO - [2025-04-21T04:29:23.927+0000] {dag.py:3096} INFO - Sync 1 DAGs
[2025-04-21T04:29:23.939+0000] {logging_mixin.py:188} INFO - [2025-04-21T04:29:23.939+0000] {dag.py:3954} INFO - Setting next_dagrun for tutorial to 2025-04-20 00:00:00+00:00, run_after=2025-04-21 00:00:00+00:00
[2025-04-21T04:29:23.947+0000] {processor.py:183} INFO - Processing /home/airflow/.local/lib/python3.12/site-packages/airflow/example_dags/tutorial.py took 0.040 seconds
[2025-04-21T04:31:11.350+0000] {processor.py:161} INFO - Started process (PID=91853) to work on /home/airflow/.local/lib/python3.12/site-packages/airflow/example_dags/tutorial.py
[2025-04-21T04:31:11.351+0000] {processor.py:830} INFO - Processing file /home/airflow/.local/lib/python3.12/site-packages/airflow/example_dags/tutorial.py for tasks to queue
[2025-04-21T04:31:11.351+0000] {logging_mixin.py:188} INFO - [2025-04-21T04:31:11.351+0000] {dagbag.py:545} INFO - Filling up the DagBag from /home/airflow/.local/lib/python3.12/site-packages/airflow/example_dags/tutorial.py
[2025-04-21T04:31:11.354+0000] {processor.py:840} INFO - DAG(s) 'tutorial' retrieved from /home/airflow/.local/lib/python3.12/site-packages/airflow/example_dags/tutorial.py
[2025-04-21T04:31:11.363+0000] {logging_mixin.py:188} INFO - [2025-04-21T04:31:11.363+0000] {dag.py:3096} INFO - Sync 1 DAGs
[2025-04-21T04:31:11.372+0000] {logging_mixin.py:188} INFO - [2025-04-21T04:31:11.372+0000] {dag.py:3954} INFO - Setting next_dagrun for tutorial to 2025-04-20 00:00:00+00:00, run_after=2025-04-21 00:00:00+00:00
[2025-04-21T04:31:11.380+0000] {processor.py:183} INFO - Processing /home/airflow/.local/lib/python3.12/site-packages/airflow/example_dags/tutorial.py took 0.033 seconds
[2025-04-21T04:36:24.435+0000] {processor.py:161} INFO - Started process (PID=91913) to work on /home/airflow/.local/lib/python3.12/site-packages/airflow/example_dags/tutorial.py
[2025-04-21T04:36:24.436+0000] {processor.py:830} INFO - Processing file /home/airflow/.local/lib/python3.12/site-packages/airflow/example_dags/tutorial.py for tasks to queue
[2025-04-21T04:36:24.438+0000] {logging_mixin.py:188} INFO - [2025-04-21T04:36:24.437+0000] {dagbag.py:545} INFO - Filling up the DagBag from /home/airflow/.local/lib/python3.12/site-packages/airflow/example_dags/tutorial.py
[2025-04-21T04:36:24.441+0000] {processor.py:840} INFO - DAG(s) 'tutorial' retrieved from /home/airflow/.local/lib/python3.12/site-packages/airflow/example_dags/tutorial.py
[2025-04-21T04:36:24.456+0000] {logging_mixin.py:188} INFO - [2025-04-21T04:36:24.456+0000] {dag.py:3096} INFO - Sync 1 DAGs
[2025-04-21T04:36:24.466+0000] {logging_mixin.py:188} INFO - [2025-04-21T04:36:24.466+0000] {dag.py:3954} INFO - Setting next_dagrun for tutorial to 2025-04-20 00:00:00+00:00, run_after=2025-04-21 00:00:00+00:00
[2025-04-21T04:36:24.476+0000] {processor.py:183} INFO - Processing /home/airflow/.local/lib/python3.12/site-packages/airflow/example_dags/tutorial.py took 0.044 seconds
[2025-04-21T04:41:37.847+0000] {processor.py:161} INFO - Started process (PID=91973) to work on /home/airflow/.local/lib/python3.12/site-packages/airflow/example_dags/tutorial.py
[2025-04-21T04:41:37.848+0000] {processor.py:830} INFO - Processing file /home/airflow/.local/lib/python3.12/site-packages/airflow/example_dags/tutorial.py for tasks to queue
[2025-04-21T04:41:37.849+0000] {logging_mixin.py:188} INFO - [2025-04-21T04:41:37.848+0000] {dagbag.py:545} INFO - Filling up the DagBag from /home/airflow/.local/lib/python3.12/site-packages/airflow/example_dags/tutorial.py
[2025-04-21T04:41:37.851+0000] {processor.py:840} INFO - DAG(s) 'tutorial' retrieved from /home/airflow/.local/lib/python3.12/site-packages/airflow/example_dags/tutorial.py
[2025-04-21T04:41:37.861+0000] {logging_mixin.py:188} INFO - [2025-04-21T04:41:37.860+0000] {dag.py:3096} INFO - Sync 1 DAGs
[2025-04-21T04:41:37.869+0000] {logging_mixin.py:188} INFO - [2025-04-21T04:41:37.869+0000] {dag.py:3954} INFO - Setting next_dagrun for tutorial to 2025-04-20 00:00:00+00:00, run_after=2025-04-21 00:00:00+00:00
[2025-04-21T04:41:37.877+0000] {processor.py:183} INFO - Processing /home/airflow/.local/lib/python3.12/site-packages/airflow/example_dags/tutorial.py took 0.032 seconds
[2025-04-21T04:46:50.736+0000] {processor.py:161} INFO - Started process (PID=92033) to work on /home/airflow/.local/lib/python3.12/site-packages/airflow/example_dags/tutorial.py
[2025-04-21T04:46:50.738+0000] {processor.py:830} INFO - Processing file /home/airflow/.local/lib/python3.12/site-packages/airflow/example_dags/tutorial.py for tasks to queue
[2025-04-21T04:46:50.739+0000] {logging_mixin.py:188} INFO - [2025-04-21T04:46:50.739+0000] {dagbag.py:545} INFO - Filling up the DagBag from /home/airflow/.local/lib/python3.12/site-packages/airflow/example_dags/tutorial.py
[2025-04-21T04:46:50.742+0000] {processor.py:840} INFO - DAG(s) 'tutorial' retrieved from /home/airflow/.local/lib/python3.12/site-packages/airflow/example_dags/tutorial.py
[2025-04-21T04:46:50.753+0000] {logging_mixin.py:188} INFO - [2025-04-21T04:46:50.753+0000] {dag.py:3096} INFO - Sync 1 DAGs
[2025-04-21T04:46:50.764+0000] {logging_mixin.py:188} INFO - [2025-04-21T04:46:50.764+0000] {dag.py:3954} INFO - Setting next_dagrun for tutorial to 2025-04-20 00:00:00+00:00, run_after=2025-04-21 00:00:00+00:00
[2025-04-21T04:46:50.773+0000] {processor.py:183} INFO - Processing /home/airflow/.local/lib/python3.12/site-packages/airflow/example_dags/tutorial.py took 0.040 seconds
[2025-04-21T04:47:21.171+0000] {processor.py:161} INFO - Started process (PID=92093) to work on /home/airflow/.local/lib/python3.12/site-packages/airflow/example_dags/tutorial.py
[2025-04-21T04:47:21.171+0000] {processor.py:830} INFO - Processing file /home/airflow/.local/lib/python3.12/site-packages/airflow/example_dags/tutorial.py for tasks to queue
[2025-04-21T04:47:21.172+0000] {logging_mixin.py:188} INFO - [2025-04-21T04:47:21.172+0000] {dagbag.py:545} INFO - Filling up the DagBag from /home/airflow/.local/lib/python3.12/site-packages/airflow/example_dags/tutorial.py
[2025-04-21T04:47:21.175+0000] {processor.py:840} INFO - DAG(s) 'tutorial' retrieved from /home/airflow/.local/lib/python3.12/site-packages/airflow/example_dags/tutorial.py
[2025-04-21T04:47:21.185+0000] {logging_mixin.py:188} INFO - [2025-04-21T04:47:21.185+0000] {dag.py:3096} INFO - Sync 1 DAGs
[2025-04-21T04:47:21.194+0000] {logging_mixin.py:188} INFO - [2025-04-21T04:47:21.194+0000] {dag.py:3954} INFO - Setting next_dagrun for tutorial to 2025-04-20 00:00:00+00:00, run_after=2025-04-21 00:00:00+00:00
[2025-04-21T04:47:21.202+0000] {processor.py:183} INFO - Processing /home/airflow/.local/lib/python3.12/site-packages/airflow/example_dags/tutorial.py took 0.037 seconds
[2025-04-21T04:52:33.927+0000] {processor.py:161} INFO - Started process (PID=92153) to work on /home/airflow/.local/lib/python3.12/site-packages/airflow/example_dags/tutorial.py
[2025-04-21T04:52:33.928+0000] {processor.py:830} INFO - Processing file /home/airflow/.local/lib/python3.12/site-packages/airflow/example_dags/tutorial.py for tasks to queue
[2025-04-21T04:52:33.930+0000] {logging_mixin.py:188} INFO - [2025-04-21T04:52:33.930+0000] {dagbag.py:545} INFO - Filling up the DagBag from /home/airflow/.local/lib/python3.12/site-packages/airflow/example_dags/tutorial.py
[2025-04-21T04:52:33.933+0000] {processor.py:840} INFO - DAG(s) 'tutorial' retrieved from /home/airflow/.local/lib/python3.12/site-packages/airflow/example_dags/tutorial.py
[2025-04-21T04:52:33.943+0000] {logging_mixin.py:188} INFO - [2025-04-21T04:52:33.943+0000] {dag.py:3096} INFO - Sync 1 DAGs
[2025-04-21T04:52:33.952+0000] {logging_mixin.py:188} INFO - [2025-04-21T04:52:33.952+0000] {dag.py:3954} INFO - Setting next_dagrun for tutorial to 2025-04-20 00:00:00+00:00, run_after=2025-04-21 00:00:00+00:00
[2025-04-21T04:52:33.962+0000] {processor.py:183} INFO - Processing /home/airflow/.local/lib/python3.12/site-packages/airflow/example_dags/tutorial.py took 0.037 seconds
[2025-04-21T05:15:37.446+0000] {processor.py:161} INFO - Started process (PID=92213) to work on /home/airflow/.local/lib/python3.12/site-packages/airflow/example_dags/tutorial.py
[2025-04-21T05:15:37.449+0000] {processor.py:830} INFO - Processing file /home/airflow/.local/lib/python3.12/site-packages/airflow/example_dags/tutorial.py for tasks to queue
[2025-04-21T05:15:37.452+0000] {logging_mixin.py:188} INFO - [2025-04-21T05:15:37.452+0000] {dagbag.py:545} INFO - Filling up the DagBag from /home/airflow/.local/lib/python3.12/site-packages/airflow/example_dags/tutorial.py
[2025-04-21T05:15:37.456+0000] {processor.py:840} INFO - DAG(s) 'tutorial' retrieved from /home/airflow/.local/lib/python3.12/site-packages/airflow/example_dags/tutorial.py
[2025-04-21T05:15:37.468+0000] {logging_mixin.py:188} INFO - [2025-04-21T05:15:37.468+0000] {dag.py:3096} INFO - Sync 1 DAGs
[2025-04-21T05:15:37.480+0000] {logging_mixin.py:188} INFO - [2025-04-21T05:15:37.480+0000] {dag.py:3954} INFO - Setting next_dagrun for tutorial to 2025-04-20 00:00:00+00:00, run_after=2025-04-21 00:00:00+00:00
[2025-04-21T05:15:37.488+0000] {processor.py:183} INFO - Processing /home/airflow/.local/lib/python3.12/site-packages/airflow/example_dags/tutorial.py took 0.044 seconds
[2025-04-21T05:20:51.112+0000] {processor.py:161} INFO - Started process (PID=92273) to work on /home/airflow/.local/lib/python3.12/site-packages/airflow/example_dags/tutorial.py
[2025-04-21T05:20:51.113+0000] {processor.py:830} INFO - Processing file /home/airflow/.local/lib/python3.12/site-packages/airflow/example_dags/tutorial.py for tasks to queue
[2025-04-21T05:20:51.114+0000] {logging_mixin.py:188} INFO - [2025-04-21T05:20:51.114+0000] {dagbag.py:545} INFO - Filling up the DagBag from /home/airflow/.local/lib/python3.12/site-packages/airflow/example_dags/tutorial.py
[2025-04-21T05:20:51.119+0000] {processor.py:840} INFO - DAG(s) 'tutorial' retrieved from /home/airflow/.local/lib/python3.12/site-packages/airflow/example_dags/tutorial.py
[2025-04-21T05:20:51.135+0000] {logging_mixin.py:188} INFO - [2025-04-21T05:20:51.135+0000] {dag.py:3096} INFO - Sync 1 DAGs
[2025-04-21T05:20:51.152+0000] {logging_mixin.py:188} INFO - [2025-04-21T05:20:51.152+0000] {dag.py:3954} INFO - Setting next_dagrun for tutorial to 2025-04-20 00:00:00+00:00, run_after=2025-04-21 00:00:00+00:00
[2025-04-21T05:20:51.168+0000] {processor.py:183} INFO - Processing /home/airflow/.local/lib/python3.12/site-packages/airflow/example_dags/tutorial.py took 0.059 seconds
[2025-04-21T05:26:03.581+0000] {processor.py:161} INFO - Started process (PID=92333) to work on /home/airflow/.local/lib/python3.12/site-packages/airflow/example_dags/tutorial.py
[2025-04-21T05:26:03.583+0000] {processor.py:830} INFO - Processing file /home/airflow/.local/lib/python3.12/site-packages/airflow/example_dags/tutorial.py for tasks to queue
[2025-04-21T05:26:03.585+0000] {logging_mixin.py:188} INFO - [2025-04-21T05:26:03.585+0000] {dagbag.py:545} INFO - Filling up the DagBag from /home/airflow/.local/lib/python3.12/site-packages/airflow/example_dags/tutorial.py
[2025-04-21T05:26:03.589+0000] {processor.py:840} INFO - DAG(s) 'tutorial' retrieved from /home/airflow/.local/lib/python3.12/site-packages/airflow/example_dags/tutorial.py
[2025-04-21T05:26:03.603+0000] {logging_mixin.py:188} INFO - [2025-04-21T05:26:03.603+0000] {dag.py:3096} INFO - Sync 1 DAGs
[2025-04-21T05:26:03.614+0000] {logging_mixin.py:188} INFO - [2025-04-21T05:26:03.614+0000] {dag.py:3954} INFO - Setting next_dagrun for tutorial to 2025-04-20 00:00:00+00:00, run_after=2025-04-21 00:00:00+00:00
[2025-04-21T05:26:03.623+0000] {processor.py:183} INFO - Processing /home/airflow/.local/lib/python3.12/site-packages/airflow/example_dags/tutorial.py took 0.046 seconds
[2025-04-21T05:59:58.151+0000] {processor.py:161} INFO - Started process (PID=92393) to work on /home/airflow/.local/lib/python3.12/site-packages/airflow/example_dags/tutorial.py
[2025-04-21T05:59:58.152+0000] {processor.py:830} INFO - Processing file /home/airflow/.local/lib/python3.12/site-packages/airflow/example_dags/tutorial.py for tasks to queue
[2025-04-21T05:59:58.153+0000] {logging_mixin.py:188} INFO - [2025-04-21T05:59:58.153+0000] {dagbag.py:545} INFO - Filling up the DagBag from /home/airflow/.local/lib/python3.12/site-packages/airflow/example_dags/tutorial.py
[2025-04-21T05:59:58.157+0000] {processor.py:840} INFO - DAG(s) 'tutorial' retrieved from /home/airflow/.local/lib/python3.12/site-packages/airflow/example_dags/tutorial.py
[2025-04-21T05:59:58.167+0000] {logging_mixin.py:188} INFO - [2025-04-21T05:59:58.167+0000] {dag.py:3096} INFO - Sync 1 DAGs
[2025-04-21T05:59:58.176+0000] {logging_mixin.py:188} INFO - [2025-04-21T05:59:58.176+0000] {dag.py:3954} INFO - Setting next_dagrun for tutorial to 2025-04-20 00:00:00+00:00, run_after=2025-04-21 00:00:00+00:00
[2025-04-21T05:59:58.183+0000] {processor.py:183} INFO - Processing /home/airflow/.local/lib/python3.12/site-packages/airflow/example_dags/tutorial.py took 0.036 seconds
[2025-04-21T07:21:16.797+0000] {processor.py:161} INFO - Started process (PID=92453) to work on /home/airflow/.local/lib/python3.12/site-packages/airflow/example_dags/tutorial.py
[2025-04-21T07:21:16.797+0000] {processor.py:830} INFO - Processing file /home/airflow/.local/lib/python3.12/site-packages/airflow/example_dags/tutorial.py for tasks to queue
[2025-04-21T07:21:16.798+0000] {logging_mixin.py:188} INFO - [2025-04-21T07:21:16.798+0000] {dagbag.py:545} INFO - Filling up the DagBag from /home/airflow/.local/lib/python3.12/site-packages/airflow/example_dags/tutorial.py
[2025-04-21T07:21:16.801+0000] {processor.py:840} INFO - DAG(s) 'tutorial' retrieved from /home/airflow/.local/lib/python3.12/site-packages/airflow/example_dags/tutorial.py
[2025-04-21T07:21:16.810+0000] {logging_mixin.py:188} INFO - [2025-04-21T07:21:16.810+0000] {dag.py:3096} INFO - Sync 1 DAGs
[2025-04-21T07:21:16.819+0000] {logging_mixin.py:188} INFO - [2025-04-21T07:21:16.819+0000] {dag.py:3954} INFO - Setting next_dagrun for tutorial to 2025-04-20 00:00:00+00:00, run_after=2025-04-21 00:00:00+00:00
[2025-04-21T07:21:16.826+0000] {processor.py:183} INFO - Processing /home/airflow/.local/lib/python3.12/site-packages/airflow/example_dags/tutorial.py took 0.033 seconds
[2025-04-21T09:02:21.079+0000] {processor.py:161} INFO - Started process (PID=92513) to work on /home/airflow/.local/lib/python3.12/site-packages/airflow/example_dags/tutorial.py
[2025-04-21T09:02:21.080+0000] {processor.py:830} INFO - Processing file /home/airflow/.local/lib/python3.12/site-packages/airflow/example_dags/tutorial.py for tasks to queue
[2025-04-21T09:02:21.081+0000] {logging_mixin.py:188} INFO - [2025-04-21T09:02:21.081+0000] {dagbag.py:545} INFO - Filling up the DagBag from /home/airflow/.local/lib/python3.12/site-packages/airflow/example_dags/tutorial.py
[2025-04-21T09:02:21.085+0000] {processor.py:840} INFO - DAG(s) 'tutorial' retrieved from /home/airflow/.local/lib/python3.12/site-packages/airflow/example_dags/tutorial.py
[2025-04-21T09:02:21.095+0000] {logging_mixin.py:188} INFO - [2025-04-21T09:02:21.095+0000] {dag.py:3096} INFO - Sync 1 DAGs
[2025-04-21T09:02:21.105+0000] {logging_mixin.py:188} INFO - [2025-04-21T09:02:21.105+0000] {dag.py:3954} INFO - Setting next_dagrun for tutorial to 2025-04-20 00:00:00+00:00, run_after=2025-04-21 00:00:00+00:00
[2025-04-21T09:02:21.112+0000] {processor.py:183} INFO - Processing /home/airflow/.local/lib/python3.12/site-packages/airflow/example_dags/tutorial.py took 0.038 seconds
[2025-04-21T10:25:30.332+0000] {processor.py:161} INFO - Started process (PID=92573) to work on /home/airflow/.local/lib/python3.12/site-packages/airflow/example_dags/tutorial.py
[2025-04-21T10:25:30.334+0000] {processor.py:830} INFO - Processing file /home/airflow/.local/lib/python3.12/site-packages/airflow/example_dags/tutorial.py for tasks to queue
[2025-04-21T10:25:30.335+0000] {logging_mixin.py:188} INFO - [2025-04-21T10:25:30.335+0000] {dagbag.py:545} INFO - Filling up the DagBag from /home/airflow/.local/lib/python3.12/site-packages/airflow/example_dags/tutorial.py
[2025-04-21T10:25:30.338+0000] {processor.py:840} INFO - DAG(s) 'tutorial' retrieved from /home/airflow/.local/lib/python3.12/site-packages/airflow/example_dags/tutorial.py
[2025-04-21T10:25:30.351+0000] {logging_mixin.py:188} INFO - [2025-04-21T10:25:30.351+0000] {dag.py:3096} INFO - Sync 1 DAGs
[2025-04-21T10:25:30.361+0000] {logging_mixin.py:188} INFO - [2025-04-21T10:25:30.361+0000] {dag.py:3954} INFO - Setting next_dagrun for tutorial to 2025-04-20 00:00:00+00:00, run_after=2025-04-21 00:00:00+00:00
[2025-04-21T10:25:30.375+0000] {processor.py:183} INFO - Processing /home/airflow/.local/lib/python3.12/site-packages/airflow/example_dags/tutorial.py took 0.046 seconds
[2025-04-21T12:02:27.807+0000] {processor.py:161} INFO - Started process (PID=92633) to work on /home/airflow/.local/lib/python3.12/site-packages/airflow/example_dags/tutorial.py
[2025-04-21T12:02:27.808+0000] {processor.py:830} INFO - Processing file /home/airflow/.local/lib/python3.12/site-packages/airflow/example_dags/tutorial.py for tasks to queue
[2025-04-21T12:02:27.811+0000] {logging_mixin.py:188} INFO - [2025-04-21T12:02:27.809+0000] {dagbag.py:545} INFO - Filling up the DagBag from /home/airflow/.local/lib/python3.12/site-packages/airflow/example_dags/tutorial.py
[2025-04-21T12:02:27.814+0000] {processor.py:840} INFO - DAG(s) 'tutorial' retrieved from /home/airflow/.local/lib/python3.12/site-packages/airflow/example_dags/tutorial.py
[2025-04-21T12:02:27.826+0000] {logging_mixin.py:188} INFO - [2025-04-21T12:02:27.826+0000] {dag.py:3096} INFO - Sync 1 DAGs
[2025-04-21T12:02:27.837+0000] {logging_mixin.py:188} INFO - [2025-04-21T12:02:27.837+0000] {dag.py:3954} INFO - Setting next_dagrun for tutorial to 2025-04-20 00:00:00+00:00, run_after=2025-04-21 00:00:00+00:00
[2025-04-21T12:02:27.845+0000] {processor.py:183} INFO - Processing /home/airflow/.local/lib/python3.12/site-packages/airflow/example_dags/tutorial.py took 0.041 seconds
[2025-04-21T12:02:58.250+0000] {processor.py:161} INFO - Started process (PID=92693) to work on /home/airflow/.local/lib/python3.12/site-packages/airflow/example_dags/tutorial.py
[2025-04-21T12:02:58.251+0000] {processor.py:830} INFO - Processing file /home/airflow/.local/lib/python3.12/site-packages/airflow/example_dags/tutorial.py for tasks to queue
[2025-04-21T12:02:58.252+0000] {logging_mixin.py:188} INFO - [2025-04-21T12:02:58.252+0000] {dagbag.py:545} INFO - Filling up the DagBag from /home/airflow/.local/lib/python3.12/site-packages/airflow/example_dags/tutorial.py
[2025-04-21T12:02:58.255+0000] {processor.py:840} INFO - DAG(s) 'tutorial' retrieved from /home/airflow/.local/lib/python3.12/site-packages/airflow/example_dags/tutorial.py
[2025-04-21T12:02:58.265+0000] {logging_mixin.py:188} INFO - [2025-04-21T12:02:58.265+0000] {dag.py:3096} INFO - Sync 1 DAGs
[2025-04-21T12:02:58.277+0000] {logging_mixin.py:188} INFO - [2025-04-21T12:02:58.277+0000] {dag.py:3954} INFO - Setting next_dagrun for tutorial to 2025-04-20 00:00:00+00:00, run_after=2025-04-21 00:00:00+00:00
[2025-04-21T12:02:58.286+0000] {processor.py:183} INFO - Processing /home/airflow/.local/lib/python3.12/site-packages/airflow/example_dags/tutorial.py took 0.039 seconds
[2025-04-21T12:08:10.816+0000] {processor.py:161} INFO - Started process (PID=92753) to work on /home/airflow/.local/lib/python3.12/site-packages/airflow/example_dags/tutorial.py
[2025-04-21T12:08:10.817+0000] {processor.py:830} INFO - Processing file /home/airflow/.local/lib/python3.12/site-packages/airflow/example_dags/tutorial.py for tasks to queue
[2025-04-21T12:08:10.819+0000] {logging_mixin.py:188} INFO - [2025-04-21T12:08:10.819+0000] {dagbag.py:545} INFO - Filling up the DagBag from /home/airflow/.local/lib/python3.12/site-packages/airflow/example_dags/tutorial.py
[2025-04-21T12:08:10.823+0000] {processor.py:840} INFO - DAG(s) 'tutorial' retrieved from /home/airflow/.local/lib/python3.12/site-packages/airflow/example_dags/tutorial.py
[2025-04-21T12:08:10.836+0000] {logging_mixin.py:188} INFO - [2025-04-21T12:08:10.836+0000] {dag.py:3096} INFO - Sync 1 DAGs
[2025-04-21T12:08:10.850+0000] {logging_mixin.py:188} INFO - [2025-04-21T12:08:10.850+0000] {dag.py:3954} INFO - Setting next_dagrun for tutorial to 2025-04-20 00:00:00+00:00, run_after=2025-04-21 00:00:00+00:00
[2025-04-21T12:08:10.863+0000] {processor.py:183} INFO - Processing /home/airflow/.local/lib/python3.12/site-packages/airflow/example_dags/tutorial.py took 0.051 seconds
[2025-04-21T12:09:05.781+0000] {processor.py:161} INFO - Started process (PID=92813) to work on /home/airflow/.local/lib/python3.12/site-packages/airflow/example_dags/tutorial.py
[2025-04-21T12:09:05.782+0000] {processor.py:830} INFO - Processing file /home/airflow/.local/lib/python3.12/site-packages/airflow/example_dags/tutorial.py for tasks to queue
[2025-04-21T12:09:05.783+0000] {logging_mixin.py:188} INFO - [2025-04-21T12:09:05.783+0000] {dagbag.py:545} INFO - Filling up the DagBag from /home/airflow/.local/lib/python3.12/site-packages/airflow/example_dags/tutorial.py
[2025-04-21T12:09:05.786+0000] {processor.py:840} INFO - DAG(s) 'tutorial' retrieved from /home/airflow/.local/lib/python3.12/site-packages/airflow/example_dags/tutorial.py
[2025-04-21T12:09:05.797+0000] {logging_mixin.py:188} INFO - [2025-04-21T12:09:05.797+0000] {dag.py:3096} INFO - Sync 1 DAGs
[2025-04-21T12:09:05.809+0000] {logging_mixin.py:188} INFO - [2025-04-21T12:09:05.808+0000] {dag.py:3954} INFO - Setting next_dagrun for tutorial to 2025-04-20 00:00:00+00:00, run_after=2025-04-21 00:00:00+00:00
[2025-04-21T12:09:05.824+0000] {processor.py:183} INFO - Processing /home/airflow/.local/lib/python3.12/site-packages/airflow/example_dags/tutorial.py took 0.047 seconds
[2025-04-21T12:14:18.691+0000] {processor.py:161} INFO - Started process (PID=92873) to work on /home/airflow/.local/lib/python3.12/site-packages/airflow/example_dags/tutorial.py
[2025-04-21T12:14:18.693+0000] {processor.py:830} INFO - Processing file /home/airflow/.local/lib/python3.12/site-packages/airflow/example_dags/tutorial.py for tasks to queue
[2025-04-21T12:14:18.696+0000] {logging_mixin.py:188} INFO - [2025-04-21T12:14:18.695+0000] {dagbag.py:545} INFO - Filling up the DagBag from /home/airflow/.local/lib/python3.12/site-packages/airflow/example_dags/tutorial.py
[2025-04-21T12:14:18.702+0000] {processor.py:840} INFO - DAG(s) 'tutorial' retrieved from /home/airflow/.local/lib/python3.12/site-packages/airflow/example_dags/tutorial.py
[2025-04-21T12:14:18.718+0000] {logging_mixin.py:188} INFO - [2025-04-21T12:14:18.718+0000] {dag.py:3096} INFO - Sync 1 DAGs
[2025-04-21T12:14:18.731+0000] {logging_mixin.py:188} INFO - [2025-04-21T12:14:18.731+0000] {dag.py:3954} INFO - Setting next_dagrun for tutorial to 2025-04-20 00:00:00+00:00, run_after=2025-04-21 00:00:00+00:00
[2025-04-21T12:14:18.743+0000] {processor.py:183} INFO - Processing /home/airflow/.local/lib/python3.12/site-packages/airflow/example_dags/tutorial.py took 0.059 seconds
[2025-04-21T12:19:32.197+0000] {processor.py:161} INFO - Started process (PID=92933) to work on /home/airflow/.local/lib/python3.12/site-packages/airflow/example_dags/tutorial.py
[2025-04-21T12:19:32.199+0000] {processor.py:830} INFO - Processing file /home/airflow/.local/lib/python3.12/site-packages/airflow/example_dags/tutorial.py for tasks to queue
[2025-04-21T12:19:32.200+0000] {logging_mixin.py:188} INFO - [2025-04-21T12:19:32.200+0000] {dagbag.py:545} INFO - Filling up the DagBag from /home/airflow/.local/lib/python3.12/site-packages/airflow/example_dags/tutorial.py
[2025-04-21T12:19:32.203+0000] {processor.py:840} INFO - DAG(s) 'tutorial' retrieved from /home/airflow/.local/lib/python3.12/site-packages/airflow/example_dags/tutorial.py
[2025-04-21T12:19:32.212+0000] {logging_mixin.py:188} INFO - [2025-04-21T12:19:32.212+0000] {dag.py:3096} INFO - Sync 1 DAGs
[2025-04-21T12:19:32.222+0000] {logging_mixin.py:188} INFO - [2025-04-21T12:19:32.222+0000] {dag.py:3954} INFO - Setting next_dagrun for tutorial to 2025-04-20 00:00:00+00:00, run_after=2025-04-21 00:00:00+00:00
[2025-04-21T12:19:32.234+0000] {processor.py:183} INFO - Processing /home/airflow/.local/lib/python3.12/site-packages/airflow/example_dags/tutorial.py took 0.040 seconds
[2025-04-21T12:24:44.786+0000] {processor.py:161} INFO - Started process (PID=92993) to work on /home/airflow/.local/lib/python3.12/site-packages/airflow/example_dags/tutorial.py
[2025-04-21T12:24:44.786+0000] {processor.py:830} INFO - Processing file /home/airflow/.local/lib/python3.12/site-packages/airflow/example_dags/tutorial.py for tasks to queue
[2025-04-21T12:24:44.787+0000] {logging_mixin.py:188} INFO - [2025-04-21T12:24:44.787+0000] {dagbag.py:545} INFO - Filling up the DagBag from /home/airflow/.local/lib/python3.12/site-packages/airflow/example_dags/tutorial.py
[2025-04-21T12:24:44.790+0000] {processor.py:840} INFO - DAG(s) 'tutorial' retrieved from /home/airflow/.local/lib/python3.12/site-packages/airflow/example_dags/tutorial.py
[2025-04-21T12:24:44.799+0000] {logging_mixin.py:188} INFO - [2025-04-21T12:24:44.799+0000] {dag.py:3096} INFO - Sync 1 DAGs
[2025-04-21T12:24:44.808+0000] {logging_mixin.py:188} INFO - [2025-04-21T12:24:44.808+0000] {dag.py:3954} INFO - Setting next_dagrun for tutorial to 2025-04-20 00:00:00+00:00, run_after=2025-04-21 00:00:00+00:00
[2025-04-21T12:24:44.815+0000] {processor.py:183} INFO - Processing /home/airflow/.local/lib/python3.12/site-packages/airflow/example_dags/tutorial.py took 0.032 seconds
[2025-04-21T12:56:59.829+0000] {processor.py:161} INFO - Started process (PID=93053) to work on /home/airflow/.local/lib/python3.12/site-packages/airflow/example_dags/tutorial.py
[2025-04-21T12:56:59.832+0000] {processor.py:830} INFO - Processing file /home/airflow/.local/lib/python3.12/site-packages/airflow/example_dags/tutorial.py for tasks to queue
[2025-04-21T12:56:59.834+0000] {logging_mixin.py:188} INFO - [2025-04-21T12:56:59.833+0000] {dagbag.py:545} INFO - Filling up the DagBag from /home/airflow/.local/lib/python3.12/site-packages/airflow/example_dags/tutorial.py
[2025-04-21T12:56:59.838+0000] {processor.py:840} INFO - DAG(s) 'tutorial' retrieved from /home/airflow/.local/lib/python3.12/site-packages/airflow/example_dags/tutorial.py
[2025-04-21T12:56:59.852+0000] {logging_mixin.py:188} INFO - [2025-04-21T12:56:59.852+0000] {dag.py:3096} INFO - Sync 1 DAGs
[2025-04-21T12:56:59.865+0000] {logging_mixin.py:188} INFO - [2025-04-21T12:56:59.865+0000] {dag.py:3954} INFO - Setting next_dagrun for tutorial to 2025-04-20 00:00:00+00:00, run_after=2025-04-21 00:00:00+00:00
[2025-04-21T12:56:59.878+0000] {processor.py:183} INFO - Processing /home/airflow/.local/lib/python3.12/site-packages/airflow/example_dags/tutorial.py took 0.053 seconds
[2025-04-21T14:21:26.596+0000] {processor.py:161} INFO - Started process (PID=93113) to work on /home/airflow/.local/lib/python3.12/site-packages/airflow/example_dags/tutorial.py
[2025-04-21T14:21:26.597+0000] {processor.py:830} INFO - Processing file /home/airflow/.local/lib/python3.12/site-packages/airflow/example_dags/tutorial.py for tasks to queue
[2025-04-21T14:21:26.598+0000] {logging_mixin.py:188} INFO - [2025-04-21T14:21:26.598+0000] {dagbag.py:545} INFO - Filling up the DagBag from /home/airflow/.local/lib/python3.12/site-packages/airflow/example_dags/tutorial.py
[2025-04-21T14:21:26.602+0000] {processor.py:840} INFO - DAG(s) 'tutorial' retrieved from /home/airflow/.local/lib/python3.12/site-packages/airflow/example_dags/tutorial.py
[2025-04-21T14:21:26.615+0000] {logging_mixin.py:188} INFO - [2025-04-21T14:21:26.615+0000] {dag.py:3096} INFO - Sync 1 DAGs
[2025-04-21T14:21:26.624+0000] {logging_mixin.py:188} INFO - [2025-04-21T14:21:26.624+0000] {dag.py:3954} INFO - Setting next_dagrun for tutorial to 2025-04-20 00:00:00+00:00, run_after=2025-04-21 00:00:00+00:00
[2025-04-21T14:21:26.636+0000] {processor.py:183} INFO - Processing /home/airflow/.local/lib/python3.12/site-packages/airflow/example_dags/tutorial.py took 0.044 seconds
[2025-04-21T16:03:45.131+0000] {processor.py:161} INFO - Started process (PID=93173) to work on /home/airflow/.local/lib/python3.12/site-packages/airflow/example_dags/tutorial.py
[2025-04-21T16:03:45.131+0000] {processor.py:830} INFO - Processing file /home/airflow/.local/lib/python3.12/site-packages/airflow/example_dags/tutorial.py for tasks to queue
[2025-04-21T16:03:45.133+0000] {logging_mixin.py:188} INFO - [2025-04-21T16:03:45.133+0000] {dagbag.py:545} INFO - Filling up the DagBag from /home/airflow/.local/lib/python3.12/site-packages/airflow/example_dags/tutorial.py
[2025-04-21T16:03:45.136+0000] {processor.py:840} INFO - DAG(s) 'tutorial' retrieved from /home/airflow/.local/lib/python3.12/site-packages/airflow/example_dags/tutorial.py
[2025-04-21T16:03:45.151+0000] {logging_mixin.py:188} INFO - [2025-04-21T16:03:45.151+0000] {dag.py:3096} INFO - Sync 1 DAGs
[2025-04-21T16:03:45.162+0000] {logging_mixin.py:188} INFO - [2025-04-21T16:03:45.162+0000] {dag.py:3954} INFO - Setting next_dagrun for tutorial to 2025-04-20 00:00:00+00:00, run_after=2025-04-21 00:00:00+00:00
[2025-04-21T16:03:45.172+0000] {processor.py:183} INFO - Processing /home/airflow/.local/lib/python3.12/site-packages/airflow/example_dags/tutorial.py took 0.045 seconds
[2025-04-21T17:25:32.030+0000] {processor.py:161} INFO - Started process (PID=93233) to work on /home/airflow/.local/lib/python3.12/site-packages/airflow/example_dags/tutorial.py
[2025-04-21T17:25:32.031+0000] {processor.py:830} INFO - Processing file /home/airflow/.local/lib/python3.12/site-packages/airflow/example_dags/tutorial.py for tasks to queue
[2025-04-21T17:25:32.032+0000] {logging_mixin.py:188} INFO - [2025-04-21T17:25:32.032+0000] {dagbag.py:545} INFO - Filling up the DagBag from /home/airflow/.local/lib/python3.12/site-packages/airflow/example_dags/tutorial.py
[2025-04-21T17:25:32.036+0000] {processor.py:840} INFO - DAG(s) 'tutorial' retrieved from /home/airflow/.local/lib/python3.12/site-packages/airflow/example_dags/tutorial.py
[2025-04-21T17:25:32.050+0000] {logging_mixin.py:188} INFO - [2025-04-21T17:25:32.049+0000] {dag.py:3096} INFO - Sync 1 DAGs
[2025-04-21T17:25:32.061+0000] {logging_mixin.py:188} INFO - [2025-04-21T17:25:32.061+0000] {dag.py:3954} INFO - Setting next_dagrun for tutorial to 2025-04-20 00:00:00+00:00, run_after=2025-04-21 00:00:00+00:00
[2025-04-21T17:25:32.074+0000] {processor.py:183} INFO - Processing /home/airflow/.local/lib/python3.12/site-packages/airflow/example_dags/tutorial.py took 0.048 seconds
[2025-04-21T18:31:35.298+0000] {processor.py:161} INFO - Started process (PID=93293) to work on /home/airflow/.local/lib/python3.12/site-packages/airflow/example_dags/tutorial.py
[2025-04-21T18:31:35.300+0000] {processor.py:830} INFO - Processing file /home/airflow/.local/lib/python3.12/site-packages/airflow/example_dags/tutorial.py for tasks to queue
[2025-04-21T18:31:35.301+0000] {logging_mixin.py:188} INFO - [2025-04-21T18:31:35.301+0000] {dagbag.py:545} INFO - Filling up the DagBag from /home/airflow/.local/lib/python3.12/site-packages/airflow/example_dags/tutorial.py
[2025-04-21T18:31:35.304+0000] {processor.py:840} INFO - DAG(s) 'tutorial' retrieved from /home/airflow/.local/lib/python3.12/site-packages/airflow/example_dags/tutorial.py
[2025-04-21T18:31:35.319+0000] {logging_mixin.py:188} INFO - [2025-04-21T18:31:35.317+0000] {dag.py:3096} INFO - Sync 1 DAGs
[2025-04-21T18:31:35.332+0000] {logging_mixin.py:188} INFO - [2025-04-21T18:31:35.332+0000] {dag.py:3954} INFO - Setting next_dagrun for tutorial to 2025-04-20 00:00:00+00:00, run_after=2025-04-21 00:00:00+00:00
[2025-04-21T18:31:35.348+0000] {processor.py:183} INFO - Processing /home/airflow/.local/lib/python3.12/site-packages/airflow/example_dags/tutorial.py took 0.053 seconds
[2025-04-21T18:32:06.093+0000] {processor.py:161} INFO - Started process (PID=93353) to work on /home/airflow/.local/lib/python3.12/site-packages/airflow/example_dags/tutorial.py
[2025-04-21T18:32:06.093+0000] {processor.py:830} INFO - Processing file /home/airflow/.local/lib/python3.12/site-packages/airflow/example_dags/tutorial.py for tasks to queue
[2025-04-21T18:32:06.095+0000] {logging_mixin.py:188} INFO - [2025-04-21T18:32:06.095+0000] {dagbag.py:545} INFO - Filling up the DagBag from /home/airflow/.local/lib/python3.12/site-packages/airflow/example_dags/tutorial.py
[2025-04-21T18:32:06.099+0000] {processor.py:840} INFO - DAG(s) 'tutorial' retrieved from /home/airflow/.local/lib/python3.12/site-packages/airflow/example_dags/tutorial.py
[2025-04-21T18:32:06.113+0000] {logging_mixin.py:188} INFO - [2025-04-21T18:32:06.112+0000] {dag.py:3096} INFO - Sync 1 DAGs
[2025-04-21T18:32:06.123+0000] {logging_mixin.py:188} INFO - [2025-04-21T18:32:06.123+0000] {dag.py:3954} INFO - Setting next_dagrun for tutorial to 2025-04-20 00:00:00+00:00, run_after=2025-04-21 00:00:00+00:00
[2025-04-21T18:32:06.136+0000] {processor.py:183} INFO - Processing /home/airflow/.local/lib/python3.12/site-packages/airflow/example_dags/tutorial.py took 0.046 seconds
[2025-04-21T18:35:57.631+0000] {processor.py:161} INFO - Started process (PID=93413) to work on /home/airflow/.local/lib/python3.12/site-packages/airflow/example_dags/tutorial.py
[2025-04-21T18:35:57.632+0000] {processor.py:830} INFO - Processing file /home/airflow/.local/lib/python3.12/site-packages/airflow/example_dags/tutorial.py for tasks to queue
[2025-04-21T18:35:57.633+0000] {logging_mixin.py:188} INFO - [2025-04-21T18:35:57.633+0000] {dagbag.py:545} INFO - Filling up the DagBag from /home/airflow/.local/lib/python3.12/site-packages/airflow/example_dags/tutorial.py
[2025-04-21T18:35:57.636+0000] {processor.py:840} INFO - DAG(s) 'tutorial' retrieved from /home/airflow/.local/lib/python3.12/site-packages/airflow/example_dags/tutorial.py
[2025-04-21T18:35:57.652+0000] {logging_mixin.py:188} INFO - [2025-04-21T18:35:57.651+0000] {dag.py:3096} INFO - Sync 1 DAGs
[2025-04-21T18:35:57.662+0000] {logging_mixin.py:188} INFO - [2025-04-21T18:35:57.662+0000] {dag.py:3954} INFO - Setting next_dagrun for tutorial to 2025-04-20 00:00:00+00:00, run_after=2025-04-21 00:00:00+00:00
[2025-04-21T18:35:57.670+0000] {processor.py:183} INFO - Processing /home/airflow/.local/lib/python3.12/site-packages/airflow/example_dags/tutorial.py took 0.042 seconds
[2025-04-21T18:41:10.456+0000] {processor.py:161} INFO - Started process (PID=93473) to work on /home/airflow/.local/lib/python3.12/site-packages/airflow/example_dags/tutorial.py
[2025-04-21T18:41:10.459+0000] {processor.py:830} INFO - Processing file /home/airflow/.local/lib/python3.12/site-packages/airflow/example_dags/tutorial.py for tasks to queue
[2025-04-21T18:41:10.460+0000] {logging_mixin.py:188} INFO - [2025-04-21T18:41:10.460+0000] {dagbag.py:545} INFO - Filling up the DagBag from /home/airflow/.local/lib/python3.12/site-packages/airflow/example_dags/tutorial.py
[2025-04-21T18:41:10.464+0000] {processor.py:840} INFO - DAG(s) 'tutorial' retrieved from /home/airflow/.local/lib/python3.12/site-packages/airflow/example_dags/tutorial.py
[2025-04-21T18:41:10.476+0000] {logging_mixin.py:188} INFO - [2025-04-21T18:41:10.475+0000] {dag.py:3096} INFO - Sync 1 DAGs
[2025-04-21T18:41:10.488+0000] {logging_mixin.py:188} INFO - [2025-04-21T18:41:10.488+0000] {dag.py:3954} INFO - Setting next_dagrun for tutorial to 2025-04-20 00:00:00+00:00, run_after=2025-04-21 00:00:00+00:00
[2025-04-21T18:41:10.501+0000] {processor.py:183} INFO - Processing /home/airflow/.local/lib/python3.12/site-packages/airflow/example_dags/tutorial.py took 0.048 seconds
[2025-04-21T18:41:41.259+0000] {processor.py:161} INFO - Started process (PID=93533) to work on /home/airflow/.local/lib/python3.12/site-packages/airflow/example_dags/tutorial.py
[2025-04-21T18:41:41.259+0000] {processor.py:830} INFO - Processing file /home/airflow/.local/lib/python3.12/site-packages/airflow/example_dags/tutorial.py for tasks to queue
[2025-04-21T18:41:41.260+0000] {logging_mixin.py:188} INFO - [2025-04-21T18:41:41.260+0000] {dagbag.py:545} INFO - Filling up the DagBag from /home/airflow/.local/lib/python3.12/site-packages/airflow/example_dags/tutorial.py
[2025-04-21T18:41:41.263+0000] {processor.py:840} INFO - DAG(s) 'tutorial' retrieved from /home/airflow/.local/lib/python3.12/site-packages/airflow/example_dags/tutorial.py
[2025-04-21T18:41:41.272+0000] {logging_mixin.py:188} INFO - [2025-04-21T18:41:41.272+0000] {dag.py:3096} INFO - Sync 1 DAGs
[2025-04-21T18:41:41.283+0000] {logging_mixin.py:188} INFO - [2025-04-21T18:41:41.283+0000] {dag.py:3954} INFO - Setting next_dagrun for tutorial to 2025-04-20 00:00:00+00:00, run_after=2025-04-21 00:00:00+00:00
[2025-04-21T18:41:41.291+0000] {processor.py:183} INFO - Processing /home/airflow/.local/lib/python3.12/site-packages/airflow/example_dags/tutorial.py took 0.035 seconds
[2025-04-21T18:46:53.441+0000] {processor.py:161} INFO - Started process (PID=93593) to work on /home/airflow/.local/lib/python3.12/site-packages/airflow/example_dags/tutorial.py
[2025-04-21T18:46:53.442+0000] {processor.py:830} INFO - Processing file /home/airflow/.local/lib/python3.12/site-packages/airflow/example_dags/tutorial.py for tasks to queue
[2025-04-21T18:46:53.443+0000] {logging_mixin.py:188} INFO - [2025-04-21T18:46:53.443+0000] {dagbag.py:545} INFO - Filling up the DagBag from /home/airflow/.local/lib/python3.12/site-packages/airflow/example_dags/tutorial.py
[2025-04-21T18:46:53.447+0000] {processor.py:840} INFO - DAG(s) 'tutorial' retrieved from /home/airflow/.local/lib/python3.12/site-packages/airflow/example_dags/tutorial.py
[2025-04-21T18:46:53.460+0000] {logging_mixin.py:188} INFO - [2025-04-21T18:46:53.460+0000] {dag.py:3096} INFO - Sync 1 DAGs
[2025-04-21T18:46:53.471+0000] {logging_mixin.py:188} INFO - [2025-04-21T18:46:53.471+0000] {dag.py:3954} INFO - Setting next_dagrun for tutorial to 2025-04-20 00:00:00+00:00, run_after=2025-04-21 00:00:00+00:00
[2025-04-21T18:46:53.484+0000] {processor.py:183} INFO - Processing /home/airflow/.local/lib/python3.12/site-packages/airflow/example_dags/tutorial.py took 0.046 seconds
[2025-04-21T18:52:06.608+0000] {processor.py:161} INFO - Started process (PID=93653) to work on /home/airflow/.local/lib/python3.12/site-packages/airflow/example_dags/tutorial.py
[2025-04-21T18:52:06.609+0000] {processor.py:830} INFO - Processing file /home/airflow/.local/lib/python3.12/site-packages/airflow/example_dags/tutorial.py for tasks to queue
[2025-04-21T18:52:06.610+0000] {logging_mixin.py:188} INFO - [2025-04-21T18:52:06.610+0000] {dagbag.py:545} INFO - Filling up the DagBag from /home/airflow/.local/lib/python3.12/site-packages/airflow/example_dags/tutorial.py
[2025-04-21T18:52:06.615+0000] {processor.py:840} INFO - DAG(s) 'tutorial' retrieved from /home/airflow/.local/lib/python3.12/site-packages/airflow/example_dags/tutorial.py
[2025-04-21T18:52:06.629+0000] {logging_mixin.py:188} INFO - [2025-04-21T18:52:06.629+0000] {dag.py:3096} INFO - Sync 1 DAGs
[2025-04-21T18:52:06.641+0000] {logging_mixin.py:188} INFO - [2025-04-21T18:52:06.641+0000] {dag.py:3954} INFO - Setting next_dagrun for tutorial to 2025-04-20 00:00:00+00:00, run_after=2025-04-21 00:00:00+00:00
[2025-04-21T18:52:06.651+0000] {processor.py:183} INFO - Processing /home/airflow/.local/lib/python3.12/site-packages/airflow/example_dags/tutorial.py took 0.047 seconds
[2025-04-21T18:52:38.053+0000] {processor.py:161} INFO - Started process (PID=93713) to work on /home/airflow/.local/lib/python3.12/site-packages/airflow/example_dags/tutorial.py
[2025-04-21T18:52:38.054+0000] {processor.py:830} INFO - Processing file /home/airflow/.local/lib/python3.12/site-packages/airflow/example_dags/tutorial.py for tasks to queue
[2025-04-21T18:52:38.055+0000] {logging_mixin.py:188} INFO - [2025-04-21T18:52:38.055+0000] {dagbag.py:545} INFO - Filling up the DagBag from /home/airflow/.local/lib/python3.12/site-packages/airflow/example_dags/tutorial.py
[2025-04-21T18:52:38.058+0000] {processor.py:840} INFO - DAG(s) 'tutorial' retrieved from /home/airflow/.local/lib/python3.12/site-packages/airflow/example_dags/tutorial.py
[2025-04-21T18:52:38.150+0000] {logging_mixin.py:188} INFO - [2025-04-21T18:52:38.150+0000] {dag.py:3096} INFO - Sync 1 DAGs
[2025-04-21T18:52:38.161+0000] {logging_mixin.py:188} INFO - [2025-04-21T18:52:38.161+0000] {dag.py:3954} INFO - Setting next_dagrun for tutorial to 2025-04-20 00:00:00+00:00, run_after=2025-04-21 00:00:00+00:00
[2025-04-21T18:52:38.171+0000] {processor.py:183} INFO - Processing /home/airflow/.local/lib/python3.12/site-packages/airflow/example_dags/tutorial.py took 0.121 seconds
[2025-04-21T18:57:49.255+0000] {processor.py:161} INFO - Started process (PID=93773) to work on /home/airflow/.local/lib/python3.12/site-packages/airflow/example_dags/tutorial.py
[2025-04-21T18:57:49.256+0000] {processor.py:830} INFO - Processing file /home/airflow/.local/lib/python3.12/site-packages/airflow/example_dags/tutorial.py for tasks to queue
[2025-04-21T18:57:49.256+0000] {logging_mixin.py:188} INFO - [2025-04-21T18:57:49.256+0000] {dagbag.py:545} INFO - Filling up the DagBag from /home/airflow/.local/lib/python3.12/site-packages/airflow/example_dags/tutorial.py
[2025-04-21T18:57:49.260+0000] {processor.py:840} INFO - DAG(s) 'tutorial' retrieved from /home/airflow/.local/lib/python3.12/site-packages/airflow/example_dags/tutorial.py
[2025-04-21T18:57:49.272+0000] {logging_mixin.py:188} INFO - [2025-04-21T18:57:49.272+0000] {dag.py:3096} INFO - Sync 1 DAGs
[2025-04-21T18:57:49.285+0000] {logging_mixin.py:188} INFO - [2025-04-21T18:57:49.285+0000] {dag.py:3954} INFO - Setting next_dagrun for tutorial to 2025-04-20 00:00:00+00:00, run_after=2025-04-21 00:00:00+00:00
[2025-04-21T18:57:49.295+0000] {processor.py:183} INFO - Processing /home/airflow/.local/lib/python3.12/site-packages/airflow/example_dags/tutorial.py took 0.043 seconds
[2025-04-21T20:03:24.245+0000] {processor.py:161} INFO - Started process (PID=93833) to work on /home/airflow/.local/lib/python3.12/site-packages/airflow/example_dags/tutorial.py
[2025-04-21T20:03:24.246+0000] {processor.py:830} INFO - Processing file /home/airflow/.local/lib/python3.12/site-packages/airflow/example_dags/tutorial.py for tasks to queue
[2025-04-21T20:03:24.247+0000] {logging_mixin.py:188} INFO - [2025-04-21T20:03:24.247+0000] {dagbag.py:545} INFO - Filling up the DagBag from /home/airflow/.local/lib/python3.12/site-packages/airflow/example_dags/tutorial.py
[2025-04-21T20:03:24.250+0000] {processor.py:840} INFO - DAG(s) 'tutorial' retrieved from /home/airflow/.local/lib/python3.12/site-packages/airflow/example_dags/tutorial.py
[2025-04-21T20:03:24.265+0000] {logging_mixin.py:188} INFO - [2025-04-21T20:03:24.265+0000] {dag.py:3096} INFO - Sync 1 DAGs
[2025-04-21T20:03:24.277+0000] {logging_mixin.py:188} INFO - [2025-04-21T20:03:24.277+0000] {dag.py:3954} INFO - Setting next_dagrun for tutorial to 2025-04-20 00:00:00+00:00, run_after=2025-04-21 00:00:00+00:00
[2025-04-21T20:03:24.286+0000] {processor.py:183} INFO - Processing /home/airflow/.local/lib/python3.12/site-packages/airflow/example_dags/tutorial.py took 0.044 seconds
[2025-04-21T20:15:53.768+0000] {processor.py:161} INFO - Started process (PID=93893) to work on /home/airflow/.local/lib/python3.12/site-packages/airflow/example_dags/tutorial.py
[2025-04-21T20:15:53.769+0000] {processor.py:830} INFO - Processing file /home/airflow/.local/lib/python3.12/site-packages/airflow/example_dags/tutorial.py for tasks to queue
[2025-04-21T20:15:53.770+0000] {logging_mixin.py:188} INFO - [2025-04-21T20:15:53.769+0000] {dagbag.py:545} INFO - Filling up the DagBag from /home/airflow/.local/lib/python3.12/site-packages/airflow/example_dags/tutorial.py
[2025-04-21T20:15:53.773+0000] {processor.py:840} INFO - DAG(s) 'tutorial' retrieved from /home/airflow/.local/lib/python3.12/site-packages/airflow/example_dags/tutorial.py
[2025-04-21T20:15:53.783+0000] {logging_mixin.py:188} INFO - [2025-04-21T20:15:53.783+0000] {dag.py:3096} INFO - Sync 1 DAGs
[2025-04-21T20:15:53.793+0000] {logging_mixin.py:188} INFO - [2025-04-21T20:15:53.793+0000] {dag.py:3954} INFO - Setting next_dagrun for tutorial to 2025-04-20 00:00:00+00:00, run_after=2025-04-21 00:00:00+00:00
[2025-04-21T20:15:53.809+0000] {processor.py:183} INFO - Processing /home/airflow/.local/lib/python3.12/site-packages/airflow/example_dags/tutorial.py took 0.044 seconds
[2025-04-21T20:21:07.291+0000] {processor.py:161} INFO - Started process (PID=93953) to work on /home/airflow/.local/lib/python3.12/site-packages/airflow/example_dags/tutorial.py
[2025-04-21T20:21:07.292+0000] {processor.py:830} INFO - Processing file /home/airflow/.local/lib/python3.12/site-packages/airflow/example_dags/tutorial.py for tasks to queue
[2025-04-21T20:21:07.294+0000] {logging_mixin.py:188} INFO - [2025-04-21T20:21:07.294+0000] {dagbag.py:545} INFO - Filling up the DagBag from /home/airflow/.local/lib/python3.12/site-packages/airflow/example_dags/tutorial.py
[2025-04-21T20:21:07.297+0000] {processor.py:840} INFO - DAG(s) 'tutorial' retrieved from /home/airflow/.local/lib/python3.12/site-packages/airflow/example_dags/tutorial.py
[2025-04-21T20:21:07.308+0000] {logging_mixin.py:188} INFO - [2025-04-21T20:21:07.308+0000] {dag.py:3096} INFO - Sync 1 DAGs
[2025-04-21T20:21:07.325+0000] {logging_mixin.py:188} INFO - [2025-04-21T20:21:07.325+0000] {dag.py:3954} INFO - Setting next_dagrun for tutorial to 2025-04-20 00:00:00+00:00, run_after=2025-04-21 00:00:00+00:00
[2025-04-21T20:21:07.340+0000] {processor.py:183} INFO - Processing /home/airflow/.local/lib/python3.12/site-packages/airflow/example_dags/tutorial.py took 0.052 seconds
[2025-04-21T20:22:21.178+0000] {processor.py:161} INFO - Started process (PID=94013) to work on /home/airflow/.local/lib/python3.12/site-packages/airflow/example_dags/tutorial.py
[2025-04-21T20:22:21.181+0000] {processor.py:830} INFO - Processing file /home/airflow/.local/lib/python3.12/site-packages/airflow/example_dags/tutorial.py for tasks to queue
[2025-04-21T20:22:21.182+0000] {logging_mixin.py:188} INFO - [2025-04-21T20:22:21.182+0000] {dagbag.py:545} INFO - Filling up the DagBag from /home/airflow/.local/lib/python3.12/site-packages/airflow/example_dags/tutorial.py
[2025-04-21T20:22:21.185+0000] {processor.py:840} INFO - DAG(s) 'tutorial' retrieved from /home/airflow/.local/lib/python3.12/site-packages/airflow/example_dags/tutorial.py
[2025-04-21T20:22:21.195+0000] {logging_mixin.py:188} INFO - [2025-04-21T20:22:21.195+0000] {dag.py:3096} INFO - Sync 1 DAGs
[2025-04-21T20:22:21.205+0000] {logging_mixin.py:188} INFO - [2025-04-21T20:22:21.205+0000] {dag.py:3954} INFO - Setting next_dagrun for tutorial to 2025-04-20 00:00:00+00:00, run_after=2025-04-21 00:00:00+00:00
[2025-04-21T20:22:21.222+0000] {processor.py:183} INFO - Processing /home/airflow/.local/lib/python3.12/site-packages/airflow/example_dags/tutorial.py took 0.047 seconds
[2025-04-21T20:27:34.833+0000] {processor.py:161} INFO - Started process (PID=94073) to work on /home/airflow/.local/lib/python3.12/site-packages/airflow/example_dags/tutorial.py
[2025-04-21T20:27:34.834+0000] {processor.py:830} INFO - Processing file /home/airflow/.local/lib/python3.12/site-packages/airflow/example_dags/tutorial.py for tasks to queue
[2025-04-21T20:27:34.835+0000] {logging_mixin.py:188} INFO - [2025-04-21T20:27:34.834+0000] {dagbag.py:545} INFO - Filling up the DagBag from /home/airflow/.local/lib/python3.12/site-packages/airflow/example_dags/tutorial.py
[2025-04-21T20:27:34.837+0000] {processor.py:840} INFO - DAG(s) 'tutorial' retrieved from /home/airflow/.local/lib/python3.12/site-packages/airflow/example_dags/tutorial.py
[2025-04-21T20:27:34.847+0000] {logging_mixin.py:188} INFO - [2025-04-21T20:27:34.847+0000] {dag.py:3096} INFO - Sync 1 DAGs
[2025-04-21T20:27:34.856+0000] {logging_mixin.py:188} INFO - [2025-04-21T20:27:34.856+0000] {dag.py:3954} INFO - Setting next_dagrun for tutorial to 2025-04-20 00:00:00+00:00, run_after=2025-04-21 00:00:00+00:00
[2025-04-21T20:27:34.863+0000] {processor.py:183} INFO - Processing /home/airflow/.local/lib/python3.12/site-packages/airflow/example_dags/tutorial.py took 0.034 seconds
[2025-04-21T20:29:32.030+0000] {processor.py:161} INFO - Started process (PID=94133) to work on /home/airflow/.local/lib/python3.12/site-packages/airflow/example_dags/tutorial.py
[2025-04-21T20:29:32.031+0000] {processor.py:830} INFO - Processing file /home/airflow/.local/lib/python3.12/site-packages/airflow/example_dags/tutorial.py for tasks to queue
[2025-04-21T20:29:32.032+0000] {logging_mixin.py:188} INFO - [2025-04-21T20:29:32.032+0000] {dagbag.py:545} INFO - Filling up the DagBag from /home/airflow/.local/lib/python3.12/site-packages/airflow/example_dags/tutorial.py
[2025-04-21T20:29:32.035+0000] {processor.py:840} INFO - DAG(s) 'tutorial' retrieved from /home/airflow/.local/lib/python3.12/site-packages/airflow/example_dags/tutorial.py
[2025-04-21T20:29:32.045+0000] {logging_mixin.py:188} INFO - [2025-04-21T20:29:32.045+0000] {dag.py:3096} INFO - Sync 1 DAGs
[2025-04-21T20:29:32.055+0000] {logging_mixin.py:188} INFO - [2025-04-21T20:29:32.055+0000] {dag.py:3954} INFO - Setting next_dagrun for tutorial to 2025-04-20 00:00:00+00:00, run_after=2025-04-21 00:00:00+00:00
[2025-04-21T20:29:32.070+0000] {processor.py:183} INFO - Processing /home/airflow/.local/lib/python3.12/site-packages/airflow/example_dags/tutorial.py took 0.043 seconds
[2025-04-21T20:30:51.486+0000] {processor.py:161} INFO - Started process (PID=94193) to work on /home/airflow/.local/lib/python3.12/site-packages/airflow/example_dags/tutorial.py
[2025-04-21T20:30:51.486+0000] {processor.py:830} INFO - Processing file /home/airflow/.local/lib/python3.12/site-packages/airflow/example_dags/tutorial.py for tasks to queue
[2025-04-21T20:30:51.487+0000] {logging_mixin.py:188} INFO - [2025-04-21T20:30:51.487+0000] {dagbag.py:545} INFO - Filling up the DagBag from /home/airflow/.local/lib/python3.12/site-packages/airflow/example_dags/tutorial.py
[2025-04-21T20:30:51.490+0000] {processor.py:840} INFO - DAG(s) 'tutorial' retrieved from /home/airflow/.local/lib/python3.12/site-packages/airflow/example_dags/tutorial.py
[2025-04-21T20:30:51.499+0000] {logging_mixin.py:188} INFO - [2025-04-21T20:30:51.499+0000] {dag.py:3096} INFO - Sync 1 DAGs
[2025-04-21T20:30:51.508+0000] {logging_mixin.py:188} INFO - [2025-04-21T20:30:51.508+0000] {dag.py:3954} INFO - Setting next_dagrun for tutorial to 2025-04-20 00:00:00+00:00, run_after=2025-04-21 00:00:00+00:00
[2025-04-21T20:30:51.515+0000] {processor.py:183} INFO - Processing /home/airflow/.local/lib/python3.12/site-packages/airflow/example_dags/tutorial.py took 0.032 seconds
[2025-04-21T20:31:32.750+0000] {processor.py:161} INFO - Started process (PID=94253) to work on /home/airflow/.local/lib/python3.12/site-packages/airflow/example_dags/tutorial.py
[2025-04-21T20:31:32.751+0000] {processor.py:830} INFO - Processing file /home/airflow/.local/lib/python3.12/site-packages/airflow/example_dags/tutorial.py for tasks to queue
[2025-04-21T20:31:32.752+0000] {logging_mixin.py:188} INFO - [2025-04-21T20:31:32.752+0000] {dagbag.py:545} INFO - Filling up the DagBag from /home/airflow/.local/lib/python3.12/site-packages/airflow/example_dags/tutorial.py
[2025-04-21T20:31:32.755+0000] {processor.py:840} INFO - DAG(s) 'tutorial' retrieved from /home/airflow/.local/lib/python3.12/site-packages/airflow/example_dags/tutorial.py
[2025-04-21T20:31:32.765+0000] {logging_mixin.py:188} INFO - [2025-04-21T20:31:32.765+0000] {dag.py:3096} INFO - Sync 1 DAGs
[2025-04-21T20:31:32.775+0000] {logging_mixin.py:188} INFO - [2025-04-21T20:31:32.775+0000] {dag.py:3954} INFO - Setting next_dagrun for tutorial to 2025-04-20 00:00:00+00:00, run_after=2025-04-21 00:00:00+00:00
[2025-04-21T20:31:32.789+0000] {processor.py:183} INFO - Processing /home/airflow/.local/lib/python3.12/site-packages/airflow/example_dags/tutorial.py took 0.042 seconds
[2025-04-21T20:32:08.051+0000] {processor.py:161} INFO - Started process (PID=94313) to work on /home/airflow/.local/lib/python3.12/site-packages/airflow/example_dags/tutorial.py
[2025-04-21T20:32:08.052+0000] {processor.py:830} INFO - Processing file /home/airflow/.local/lib/python3.12/site-packages/airflow/example_dags/tutorial.py for tasks to queue
[2025-04-21T20:32:08.053+0000] {logging_mixin.py:188} INFO - [2025-04-21T20:32:08.053+0000] {dagbag.py:545} INFO - Filling up the DagBag from /home/airflow/.local/lib/python3.12/site-packages/airflow/example_dags/tutorial.py
[2025-04-21T20:32:08.056+0000] {processor.py:840} INFO - DAG(s) 'tutorial' retrieved from /home/airflow/.local/lib/python3.12/site-packages/airflow/example_dags/tutorial.py
[2025-04-21T20:32:08.069+0000] {logging_mixin.py:188} INFO - [2025-04-21T20:32:08.068+0000] {dag.py:3096} INFO - Sync 1 DAGs
[2025-04-21T20:32:08.078+0000] {logging_mixin.py:188} INFO - [2025-04-21T20:32:08.078+0000] {dag.py:3954} INFO - Setting next_dagrun for tutorial to 2025-04-20 00:00:00+00:00, run_after=2025-04-21 00:00:00+00:00
[2025-04-21T20:32:08.093+0000] {processor.py:183} INFO - Processing /home/airflow/.local/lib/python3.12/site-packages/airflow/example_dags/tutorial.py took 0.044 seconds
[2025-04-21T20:33:32.762+0000] {processor.py:161} INFO - Started process (PID=94373) to work on /home/airflow/.local/lib/python3.12/site-packages/airflow/example_dags/tutorial.py
[2025-04-21T20:33:32.764+0000] {processor.py:830} INFO - Processing file /home/airflow/.local/lib/python3.12/site-packages/airflow/example_dags/tutorial.py for tasks to queue
[2025-04-21T20:33:32.765+0000] {logging_mixin.py:188} INFO - [2025-04-21T20:33:32.765+0000] {dagbag.py:545} INFO - Filling up the DagBag from /home/airflow/.local/lib/python3.12/site-packages/airflow/example_dags/tutorial.py
[2025-04-21T20:33:32.769+0000] {processor.py:840} INFO - DAG(s) 'tutorial' retrieved from /home/airflow/.local/lib/python3.12/site-packages/airflow/example_dags/tutorial.py
[2025-04-21T20:33:32.780+0000] {logging_mixin.py:188} INFO - [2025-04-21T20:33:32.779+0000] {dag.py:3096} INFO - Sync 1 DAGs
[2025-04-21T20:33:32.790+0000] {logging_mixin.py:188} INFO - [2025-04-21T20:33:32.790+0000] {dag.py:3954} INFO - Setting next_dagrun for tutorial to 2025-04-20 00:00:00+00:00, run_after=2025-04-21 00:00:00+00:00
[2025-04-21T20:33:32.798+0000] {processor.py:183} INFO - Processing /home/airflow/.local/lib/python3.12/site-packages/airflow/example_dags/tutorial.py took 0.038 seconds
[2025-04-21T20:34:55.364+0000] {processor.py:161} INFO - Started process (PID=94433) to work on /home/airflow/.local/lib/python3.12/site-packages/airflow/example_dags/tutorial.py
[2025-04-21T20:34:55.364+0000] {processor.py:830} INFO - Processing file /home/airflow/.local/lib/python3.12/site-packages/airflow/example_dags/tutorial.py for tasks to queue
[2025-04-21T20:34:55.365+0000] {logging_mixin.py:188} INFO - [2025-04-21T20:34:55.365+0000] {dagbag.py:545} INFO - Filling up the DagBag from /home/airflow/.local/lib/python3.12/site-packages/airflow/example_dags/tutorial.py
[2025-04-21T20:34:55.368+0000] {processor.py:840} INFO - DAG(s) 'tutorial' retrieved from /home/airflow/.local/lib/python3.12/site-packages/airflow/example_dags/tutorial.py
[2025-04-21T20:34:55.378+0000] {logging_mixin.py:188} INFO - [2025-04-21T20:34:55.378+0000] {dag.py:3096} INFO - Sync 1 DAGs
[2025-04-21T20:34:55.388+0000] {logging_mixin.py:188} INFO - [2025-04-21T20:34:55.388+0000] {dag.py:3954} INFO - Setting next_dagrun for tutorial to 2025-04-20 00:00:00+00:00, run_after=2025-04-21 00:00:00+00:00
[2025-04-21T20:34:55.395+0000] {processor.py:183} INFO - Processing /home/airflow/.local/lib/python3.12/site-packages/airflow/example_dags/tutorial.py took 0.034 seconds
[2025-04-21T20:36:08.440+0000] {processor.py:161} INFO - Started process (PID=94493) to work on /home/airflow/.local/lib/python3.12/site-packages/airflow/example_dags/tutorial.py
[2025-04-21T20:36:08.443+0000] {processor.py:830} INFO - Processing file /home/airflow/.local/lib/python3.12/site-packages/airflow/example_dags/tutorial.py for tasks to queue
[2025-04-21T20:36:08.445+0000] {logging_mixin.py:188} INFO - [2025-04-21T20:36:08.445+0000] {dagbag.py:545} INFO - Filling up the DagBag from /home/airflow/.local/lib/python3.12/site-packages/airflow/example_dags/tutorial.py
[2025-04-21T20:36:08.450+0000] {processor.py:840} INFO - DAG(s) 'tutorial' retrieved from /home/airflow/.local/lib/python3.12/site-packages/airflow/example_dags/tutorial.py
[2025-04-21T20:36:08.462+0000] {logging_mixin.py:188} INFO - [2025-04-21T20:36:08.462+0000] {dag.py:3096} INFO - Sync 1 DAGs
[2025-04-21T20:36:08.473+0000] {logging_mixin.py:188} INFO - [2025-04-21T20:36:08.473+0000] {dag.py:3954} INFO - Setting next_dagrun for tutorial to 2025-04-20 00:00:00+00:00, run_after=2025-04-21 00:00:00+00:00
[2025-04-21T20:36:08.482+0000] {processor.py:183} INFO - Processing /home/airflow/.local/lib/python3.12/site-packages/airflow/example_dags/tutorial.py took 0.045 seconds
[2025-04-21T20:37:30.277+0000] {processor.py:161} INFO - Started process (PID=94553) to work on /home/airflow/.local/lib/python3.12/site-packages/airflow/example_dags/tutorial.py
[2025-04-21T20:37:30.280+0000] {processor.py:830} INFO - Processing file /home/airflow/.local/lib/python3.12/site-packages/airflow/example_dags/tutorial.py for tasks to queue
[2025-04-21T20:37:30.283+0000] {logging_mixin.py:188} INFO - [2025-04-21T20:37:30.282+0000] {dagbag.py:545} INFO - Filling up the DagBag from /home/airflow/.local/lib/python3.12/site-packages/airflow/example_dags/tutorial.py
[2025-04-21T20:37:30.286+0000] {processor.py:840} INFO - DAG(s) 'tutorial' retrieved from /home/airflow/.local/lib/python3.12/site-packages/airflow/example_dags/tutorial.py
[2025-04-21T20:37:30.298+0000] {logging_mixin.py:188} INFO - [2025-04-21T20:37:30.298+0000] {dag.py:3096} INFO - Sync 1 DAGs
[2025-04-21T20:37:30.309+0000] {logging_mixin.py:188} INFO - [2025-04-21T20:37:30.309+0000] {dag.py:3954} INFO - Setting next_dagrun for tutorial to 2025-04-20 00:00:00+00:00, run_after=2025-04-21 00:00:00+00:00
[2025-04-21T20:37:30.318+0000] {processor.py:183} INFO - Processing /home/airflow/.local/lib/python3.12/site-packages/airflow/example_dags/tutorial.py took 0.044 seconds
[2025-04-21T20:40:16.720+0000] {processor.py:161} INFO - Started process (PID=94613) to work on /home/airflow/.local/lib/python3.12/site-packages/airflow/example_dags/tutorial.py
[2025-04-21T20:40:16.723+0000] {processor.py:830} INFO - Processing file /home/airflow/.local/lib/python3.12/site-packages/airflow/example_dags/tutorial.py for tasks to queue
[2025-04-21T20:40:16.724+0000] {logging_mixin.py:188} INFO - [2025-04-21T20:40:16.724+0000] {dagbag.py:545} INFO - Filling up the DagBag from /home/airflow/.local/lib/python3.12/site-packages/airflow/example_dags/tutorial.py
[2025-04-21T20:40:16.727+0000] {processor.py:840} INFO - DAG(s) 'tutorial' retrieved from /home/airflow/.local/lib/python3.12/site-packages/airflow/example_dags/tutorial.py
[2025-04-21T20:40:16.737+0000] {logging_mixin.py:188} INFO - [2025-04-21T20:40:16.737+0000] {dag.py:3096} INFO - Sync 1 DAGs
[2025-04-21T20:40:16.747+0000] {logging_mixin.py:188} INFO - [2025-04-21T20:40:16.747+0000] {dag.py:3954} INFO - Setting next_dagrun for tutorial to 2025-04-20 00:00:00+00:00, run_after=2025-04-21 00:00:00+00:00
[2025-04-21T20:40:16.759+0000] {processor.py:183} INFO - Processing /home/airflow/.local/lib/python3.12/site-packages/airflow/example_dags/tutorial.py took 0.043 seconds
[2025-04-21T20:41:06.671+0000] {processor.py:161} INFO - Started process (PID=94673) to work on /home/airflow/.local/lib/python3.12/site-packages/airflow/example_dags/tutorial.py
[2025-04-21T20:41:06.671+0000] {processor.py:830} INFO - Processing file /home/airflow/.local/lib/python3.12/site-packages/airflow/example_dags/tutorial.py for tasks to queue
[2025-04-21T20:41:06.672+0000] {logging_mixin.py:188} INFO - [2025-04-21T20:41:06.672+0000] {dagbag.py:545} INFO - Filling up the DagBag from /home/airflow/.local/lib/python3.12/site-packages/airflow/example_dags/tutorial.py
[2025-04-21T20:41:06.675+0000] {processor.py:840} INFO - DAG(s) 'tutorial' retrieved from /home/airflow/.local/lib/python3.12/site-packages/airflow/example_dags/tutorial.py
[2025-04-21T20:41:06.684+0000] {logging_mixin.py:188} INFO - [2025-04-21T20:41:06.684+0000] {dag.py:3096} INFO - Sync 1 DAGs
[2025-04-21T20:41:06.693+0000] {logging_mixin.py:188} INFO - [2025-04-21T20:41:06.692+0000] {dag.py:3954} INFO - Setting next_dagrun for tutorial to 2025-04-20 00:00:00+00:00, run_after=2025-04-21 00:00:00+00:00
[2025-04-21T20:41:06.700+0000] {processor.py:183} INFO - Processing /home/airflow/.local/lib/python3.12/site-packages/airflow/example_dags/tutorial.py took 0.032 seconds
[2025-04-21T20:41:49.266+0000] {processor.py:161} INFO - Started process (PID=94733) to work on /home/airflow/.local/lib/python3.12/site-packages/airflow/example_dags/tutorial.py
[2025-04-21T20:41:49.266+0000] {processor.py:830} INFO - Processing file /home/airflow/.local/lib/python3.12/site-packages/airflow/example_dags/tutorial.py for tasks to queue
[2025-04-21T20:41:49.269+0000] {logging_mixin.py:188} INFO - [2025-04-21T20:41:49.269+0000] {dagbag.py:545} INFO - Filling up the DagBag from /home/airflow/.local/lib/python3.12/site-packages/airflow/example_dags/tutorial.py
[2025-04-21T20:41:49.273+0000] {processor.py:840} INFO - DAG(s) 'tutorial' retrieved from /home/airflow/.local/lib/python3.12/site-packages/airflow/example_dags/tutorial.py
[2025-04-21T20:41:49.285+0000] {logging_mixin.py:188} INFO - [2025-04-21T20:41:49.285+0000] {dag.py:3096} INFO - Sync 1 DAGs
[2025-04-21T20:41:49.297+0000] {logging_mixin.py:188} INFO - [2025-04-21T20:41:49.297+0000] {dag.py:3954} INFO - Setting next_dagrun for tutorial to 2025-04-20 00:00:00+00:00, run_after=2025-04-21 00:00:00+00:00
[2025-04-21T20:41:49.307+0000] {processor.py:183} INFO - Processing /home/airflow/.local/lib/python3.12/site-packages/airflow/example_dags/tutorial.py took 0.044 seconds
[2025-04-21T20:42:34.397+0000] {processor.py:161} INFO - Started process (PID=94793) to work on /home/airflow/.local/lib/python3.12/site-packages/airflow/example_dags/tutorial.py
[2025-04-21T20:42:34.399+0000] {processor.py:830} INFO - Processing file /home/airflow/.local/lib/python3.12/site-packages/airflow/example_dags/tutorial.py for tasks to queue
[2025-04-21T20:42:34.400+0000] {logging_mixin.py:188} INFO - [2025-04-21T20:42:34.400+0000] {dagbag.py:545} INFO - Filling up the DagBag from /home/airflow/.local/lib/python3.12/site-packages/airflow/example_dags/tutorial.py
[2025-04-21T20:42:34.403+0000] {processor.py:840} INFO - DAG(s) 'tutorial' retrieved from /home/airflow/.local/lib/python3.12/site-packages/airflow/example_dags/tutorial.py
[2025-04-21T20:42:34.412+0000] {logging_mixin.py:188} INFO - [2025-04-21T20:42:34.412+0000] {dag.py:3096} INFO - Sync 1 DAGs
[2025-04-21T20:42:34.424+0000] {logging_mixin.py:188} INFO - [2025-04-21T20:42:34.424+0000] {dag.py:3954} INFO - Setting next_dagrun for tutorial to 2025-04-20 00:00:00+00:00, run_after=2025-04-21 00:00:00+00:00
[2025-04-21T20:42:34.437+0000] {processor.py:183} INFO - Processing /home/airflow/.local/lib/python3.12/site-packages/airflow/example_dags/tutorial.py took 0.043 seconds
[2025-04-21T20:43:37.491+0000] {processor.py:161} INFO - Started process (PID=94853) to work on /home/airflow/.local/lib/python3.12/site-packages/airflow/example_dags/tutorial.py
[2025-04-21T20:43:37.491+0000] {processor.py:830} INFO - Processing file /home/airflow/.local/lib/python3.12/site-packages/airflow/example_dags/tutorial.py for tasks to queue
[2025-04-21T20:43:37.492+0000] {logging_mixin.py:188} INFO - [2025-04-21T20:43:37.492+0000] {dagbag.py:545} INFO - Filling up the DagBag from /home/airflow/.local/lib/python3.12/site-packages/airflow/example_dags/tutorial.py
[2025-04-21T20:43:37.495+0000] {processor.py:840} INFO - DAG(s) 'tutorial' retrieved from /home/airflow/.local/lib/python3.12/site-packages/airflow/example_dags/tutorial.py
[2025-04-21T20:43:37.504+0000] {logging_mixin.py:188} INFO - [2025-04-21T20:43:37.504+0000] {dag.py:3096} INFO - Sync 1 DAGs
[2025-04-21T20:43:37.512+0000] {logging_mixin.py:188} INFO - [2025-04-21T20:43:37.512+0000] {dag.py:3954} INFO - Setting next_dagrun for tutorial to 2025-04-20 00:00:00+00:00, run_after=2025-04-21 00:00:00+00:00
[2025-04-21T20:43:37.521+0000] {processor.py:183} INFO - Processing /home/airflow/.local/lib/python3.12/site-packages/airflow/example_dags/tutorial.py took 0.032 seconds
[2025-04-21T20:44:41.314+0000] {processor.py:161} INFO - Started process (PID=94913) to work on /home/airflow/.local/lib/python3.12/site-packages/airflow/example_dags/tutorial.py
[2025-04-21T20:44:41.315+0000] {processor.py:830} INFO - Processing file /home/airflow/.local/lib/python3.12/site-packages/airflow/example_dags/tutorial.py for tasks to queue
[2025-04-21T20:44:41.317+0000] {logging_mixin.py:188} INFO - [2025-04-21T20:44:41.316+0000] {dagbag.py:545} INFO - Filling up the DagBag from /home/airflow/.local/lib/python3.12/site-packages/airflow/example_dags/tutorial.py
[2025-04-21T20:44:41.321+0000] {processor.py:840} INFO - DAG(s) 'tutorial' retrieved from /home/airflow/.local/lib/python3.12/site-packages/airflow/example_dags/tutorial.py
[2025-04-21T20:44:41.330+0000] {logging_mixin.py:188} INFO - [2025-04-21T20:44:41.330+0000] {dag.py:3096} INFO - Sync 1 DAGs
[2025-04-21T20:44:41.341+0000] {logging_mixin.py:188} INFO - [2025-04-21T20:44:41.340+0000] {dag.py:3954} INFO - Setting next_dagrun for tutorial to 2025-04-20 00:00:00+00:00, run_after=2025-04-21 00:00:00+00:00
[2025-04-21T20:44:41.348+0000] {processor.py:183} INFO - Processing /home/airflow/.local/lib/python3.12/site-packages/airflow/example_dags/tutorial.py took 0.037 seconds
[2025-04-21T20:45:22.969+0000] {processor.py:161} INFO - Started process (PID=94973) to work on /home/airflow/.local/lib/python3.12/site-packages/airflow/example_dags/tutorial.py
[2025-04-21T20:45:22.970+0000] {processor.py:830} INFO - Processing file /home/airflow/.local/lib/python3.12/site-packages/airflow/example_dags/tutorial.py for tasks to queue
[2025-04-21T20:45:22.971+0000] {logging_mixin.py:188} INFO - [2025-04-21T20:45:22.970+0000] {dagbag.py:545} INFO - Filling up the DagBag from /home/airflow/.local/lib/python3.12/site-packages/airflow/example_dags/tutorial.py
[2025-04-21T20:45:22.973+0000] {processor.py:840} INFO - DAG(s) 'tutorial' retrieved from /home/airflow/.local/lib/python3.12/site-packages/airflow/example_dags/tutorial.py
[2025-04-21T20:45:22.984+0000] {logging_mixin.py:188} INFO - [2025-04-21T20:45:22.983+0000] {dag.py:3096} INFO - Sync 1 DAGs
[2025-04-21T20:45:22.994+0000] {logging_mixin.py:188} INFO - [2025-04-21T20:45:22.994+0000] {dag.py:3954} INFO - Setting next_dagrun for tutorial to 2025-04-20 00:00:00+00:00, run_after=2025-04-21 00:00:00+00:00
[2025-04-21T20:45:23.010+0000] {processor.py:183} INFO - Processing /home/airflow/.local/lib/python3.12/site-packages/airflow/example_dags/tutorial.py took 0.044 seconds
[2025-04-21T20:50:35.557+0000] {processor.py:161} INFO - Started process (PID=95033) to work on /home/airflow/.local/lib/python3.12/site-packages/airflow/example_dags/tutorial.py
[2025-04-21T20:50:35.559+0000] {processor.py:830} INFO - Processing file /home/airflow/.local/lib/python3.12/site-packages/airflow/example_dags/tutorial.py for tasks to queue
[2025-04-21T20:50:35.560+0000] {logging_mixin.py:188} INFO - [2025-04-21T20:50:35.560+0000] {dagbag.py:545} INFO - Filling up the DagBag from /home/airflow/.local/lib/python3.12/site-packages/airflow/example_dags/tutorial.py
[2025-04-21T20:50:35.563+0000] {processor.py:840} INFO - DAG(s) 'tutorial' retrieved from /home/airflow/.local/lib/python3.12/site-packages/airflow/example_dags/tutorial.py
[2025-04-21T20:50:35.578+0000] {logging_mixin.py:188} INFO - [2025-04-21T20:50:35.578+0000] {dag.py:3096} INFO - Sync 1 DAGs
[2025-04-21T20:50:35.591+0000] {logging_mixin.py:188} INFO - [2025-04-21T20:50:35.591+0000] {dag.py:3954} INFO - Setting next_dagrun for tutorial to 2025-04-20 00:00:00+00:00, run_after=2025-04-21 00:00:00+00:00
[2025-04-21T20:50:35.605+0000] {processor.py:183} INFO - Processing /home/airflow/.local/lib/python3.12/site-packages/airflow/example_dags/tutorial.py took 0.051 seconds
[2025-04-21T20:51:06.077+0000] {processor.py:161} INFO - Started process (PID=95093) to work on /home/airflow/.local/lib/python3.12/site-packages/airflow/example_dags/tutorial.py
[2025-04-21T20:51:06.078+0000] {processor.py:830} INFO - Processing file /home/airflow/.local/lib/python3.12/site-packages/airflow/example_dags/tutorial.py for tasks to queue
[2025-04-21T20:51:06.080+0000] {logging_mixin.py:188} INFO - [2025-04-21T20:51:06.079+0000] {dagbag.py:545} INFO - Filling up the DagBag from /home/airflow/.local/lib/python3.12/site-packages/airflow/example_dags/tutorial.py
[2025-04-21T20:51:06.083+0000] {processor.py:840} INFO - DAG(s) 'tutorial' retrieved from /home/airflow/.local/lib/python3.12/site-packages/airflow/example_dags/tutorial.py
[2025-04-21T20:51:06.095+0000] {logging_mixin.py:188} INFO - [2025-04-21T20:51:06.095+0000] {dag.py:3096} INFO - Sync 1 DAGs
[2025-04-21T20:51:06.111+0000] {logging_mixin.py:188} INFO - [2025-04-21T20:51:06.110+0000] {dag.py:3954} INFO - Setting next_dagrun for tutorial to 2025-04-20 00:00:00+00:00, run_after=2025-04-21 00:00:00+00:00
[2025-04-21T20:51:06.120+0000] {processor.py:183} INFO - Processing /home/airflow/.local/lib/python3.12/site-packages/airflow/example_dags/tutorial.py took 0.046 seconds
[2025-04-21T20:56:19.192+0000] {processor.py:161} INFO - Started process (PID=95153) to work on /home/airflow/.local/lib/python3.12/site-packages/airflow/example_dags/tutorial.py
[2025-04-21T20:56:19.192+0000] {processor.py:830} INFO - Processing file /home/airflow/.local/lib/python3.12/site-packages/airflow/example_dags/tutorial.py for tasks to queue
[2025-04-21T20:56:19.193+0000] {logging_mixin.py:188} INFO - [2025-04-21T20:56:19.193+0000] {dagbag.py:545} INFO - Filling up the DagBag from /home/airflow/.local/lib/python3.12/site-packages/airflow/example_dags/tutorial.py
[2025-04-21T20:56:19.198+0000] {processor.py:840} INFO - DAG(s) 'tutorial' retrieved from /home/airflow/.local/lib/python3.12/site-packages/airflow/example_dags/tutorial.py
[2025-04-21T20:56:19.212+0000] {logging_mixin.py:188} INFO - [2025-04-21T20:56:19.212+0000] {dag.py:3096} INFO - Sync 1 DAGs
[2025-04-21T20:56:19.225+0000] {logging_mixin.py:188} INFO - [2025-04-21T20:56:19.225+0000] {dag.py:3954} INFO - Setting next_dagrun for tutorial to 2025-04-20 00:00:00+00:00, run_after=2025-04-21 00:00:00+00:00
[2025-04-21T20:56:19.233+0000] {processor.py:183} INFO - Processing /home/airflow/.local/lib/python3.12/site-packages/airflow/example_dags/tutorial.py took 0.045 seconds
[2025-04-21T21:46:40.660+0000] {processor.py:161} INFO - Started process (PID=95213) to work on /home/airflow/.local/lib/python3.12/site-packages/airflow/example_dags/tutorial.py
[2025-04-21T21:46:40.660+0000] {processor.py:830} INFO - Processing file /home/airflow/.local/lib/python3.12/site-packages/airflow/example_dags/tutorial.py for tasks to queue
[2025-04-21T21:46:40.661+0000] {logging_mixin.py:188} INFO - [2025-04-21T21:46:40.661+0000] {dagbag.py:545} INFO - Filling up the DagBag from /home/airflow/.local/lib/python3.12/site-packages/airflow/example_dags/tutorial.py
[2025-04-21T21:46:40.664+0000] {processor.py:840} INFO - DAG(s) 'tutorial' retrieved from /home/airflow/.local/lib/python3.12/site-packages/airflow/example_dags/tutorial.py
[2025-04-21T21:46:40.680+0000] {logging_mixin.py:188} INFO - [2025-04-21T21:46:40.680+0000] {dag.py:3096} INFO - Sync 1 DAGs
[2025-04-21T21:46:40.689+0000] {logging_mixin.py:188} INFO - [2025-04-21T21:46:40.689+0000] {dag.py:3954} INFO - Setting next_dagrun for tutorial to 2025-04-20 00:00:00+00:00, run_after=2025-04-21 00:00:00+00:00
[2025-04-21T21:46:40.698+0000] {processor.py:183} INFO - Processing /home/airflow/.local/lib/python3.12/site-packages/airflow/example_dags/tutorial.py took 0.042 seconds
[2025-04-21T21:47:11.116+0000] {processor.py:161} INFO - Started process (PID=95273) to work on /home/airflow/.local/lib/python3.12/site-packages/airflow/example_dags/tutorial.py
[2025-04-21T21:47:11.117+0000] {processor.py:830} INFO - Processing file /home/airflow/.local/lib/python3.12/site-packages/airflow/example_dags/tutorial.py for tasks to queue
[2025-04-21T21:47:11.118+0000] {logging_mixin.py:188} INFO - [2025-04-21T21:47:11.118+0000] {dagbag.py:545} INFO - Filling up the DagBag from /home/airflow/.local/lib/python3.12/site-packages/airflow/example_dags/tutorial.py
[2025-04-21T21:47:11.122+0000] {processor.py:840} INFO - DAG(s) 'tutorial' retrieved from /home/airflow/.local/lib/python3.12/site-packages/airflow/example_dags/tutorial.py
[2025-04-21T21:47:11.136+0000] {logging_mixin.py:188} INFO - [2025-04-21T21:47:11.136+0000] {dag.py:3096} INFO - Sync 1 DAGs
[2025-04-21T21:47:11.149+0000] {logging_mixin.py:188} INFO - [2025-04-21T21:47:11.149+0000] {dag.py:3954} INFO - Setting next_dagrun for tutorial to 2025-04-20 00:00:00+00:00, run_after=2025-04-21 00:00:00+00:00
[2025-04-21T21:47:11.158+0000] {processor.py:183} INFO - Processing /home/airflow/.local/lib/python3.12/site-packages/airflow/example_dags/tutorial.py took 0.047 seconds
[2025-04-21T21:52:23.686+0000] {processor.py:161} INFO - Started process (PID=95333) to work on /home/airflow/.local/lib/python3.12/site-packages/airflow/example_dags/tutorial.py
[2025-04-21T21:52:23.687+0000] {processor.py:830} INFO - Processing file /home/airflow/.local/lib/python3.12/site-packages/airflow/example_dags/tutorial.py for tasks to queue
[2025-04-21T21:52:23.688+0000] {logging_mixin.py:188} INFO - [2025-04-21T21:52:23.688+0000] {dagbag.py:545} INFO - Filling up the DagBag from /home/airflow/.local/lib/python3.12/site-packages/airflow/example_dags/tutorial.py
[2025-04-21T21:52:23.692+0000] {processor.py:840} INFO - DAG(s) 'tutorial' retrieved from /home/airflow/.local/lib/python3.12/site-packages/airflow/example_dags/tutorial.py
[2025-04-21T21:52:23.702+0000] {logging_mixin.py:188} INFO - [2025-04-21T21:52:23.702+0000] {dag.py:3096} INFO - Sync 1 DAGs
[2025-04-21T21:52:23.718+0000] {logging_mixin.py:188} INFO - [2025-04-21T21:52:23.718+0000] {dag.py:3954} INFO - Setting next_dagrun for tutorial to 2025-04-20 00:00:00+00:00, run_after=2025-04-21 00:00:00+00:00
[2025-04-21T21:52:23.729+0000] {processor.py:183} INFO - Processing /home/airflow/.local/lib/python3.12/site-packages/airflow/example_dags/tutorial.py took 0.046 seconds
[2025-04-21T21:57:36.395+0000] {processor.py:161} INFO - Started process (PID=95393) to work on /home/airflow/.local/lib/python3.12/site-packages/airflow/example_dags/tutorial.py
[2025-04-21T21:57:36.398+0000] {processor.py:830} INFO - Processing file /home/airflow/.local/lib/python3.12/site-packages/airflow/example_dags/tutorial.py for tasks to queue
[2025-04-21T21:57:36.399+0000] {logging_mixin.py:188} INFO - [2025-04-21T21:57:36.399+0000] {dagbag.py:545} INFO - Filling up the DagBag from /home/airflow/.local/lib/python3.12/site-packages/airflow/example_dags/tutorial.py
[2025-04-21T21:57:36.402+0000] {processor.py:840} INFO - DAG(s) 'tutorial' retrieved from /home/airflow/.local/lib/python3.12/site-packages/airflow/example_dags/tutorial.py
[2025-04-21T21:57:36.412+0000] {logging_mixin.py:188} INFO - [2025-04-21T21:57:36.412+0000] {dag.py:3096} INFO - Sync 1 DAGs
[2025-04-21T21:57:36.424+0000] {logging_mixin.py:188} INFO - [2025-04-21T21:57:36.424+0000] {dag.py:3954} INFO - Setting next_dagrun for tutorial to 2025-04-20 00:00:00+00:00, run_after=2025-04-21 00:00:00+00:00
[2025-04-21T21:57:36.439+0000] {processor.py:183} INFO - Processing /home/airflow/.local/lib/python3.12/site-packages/airflow/example_dags/tutorial.py took 0.047 seconds
[2025-04-21T22:02:49.437+0000] {processor.py:161} INFO - Started process (PID=95453) to work on /home/airflow/.local/lib/python3.12/site-packages/airflow/example_dags/tutorial.py
[2025-04-21T22:02:49.438+0000] {processor.py:830} INFO - Processing file /home/airflow/.local/lib/python3.12/site-packages/airflow/example_dags/tutorial.py for tasks to queue
[2025-04-21T22:02:49.439+0000] {logging_mixin.py:188} INFO - [2025-04-21T22:02:49.439+0000] {dagbag.py:545} INFO - Filling up the DagBag from /home/airflow/.local/lib/python3.12/site-packages/airflow/example_dags/tutorial.py
[2025-04-21T22:02:49.442+0000] {processor.py:840} INFO - DAG(s) 'tutorial' retrieved from /home/airflow/.local/lib/python3.12/site-packages/airflow/example_dags/tutorial.py
[2025-04-21T22:02:49.455+0000] {logging_mixin.py:188} INFO - [2025-04-21T22:02:49.455+0000] {dag.py:3096} INFO - Sync 1 DAGs
[2025-04-21T22:02:49.467+0000] {logging_mixin.py:188} INFO - [2025-04-21T22:02:49.467+0000] {dag.py:3954} INFO - Setting next_dagrun for tutorial to 2025-04-20 00:00:00+00:00, run_after=2025-04-21 00:00:00+00:00
[2025-04-21T22:02:49.478+0000] {processor.py:183} INFO - Processing /home/airflow/.local/lib/python3.12/site-packages/airflow/example_dags/tutorial.py took 0.044 seconds
[2025-04-21T22:03:20.297+0000] {processor.py:161} INFO - Started process (PID=95513) to work on /home/airflow/.local/lib/python3.12/site-packages/airflow/example_dags/tutorial.py
[2025-04-21T22:03:20.298+0000] {processor.py:830} INFO - Processing file /home/airflow/.local/lib/python3.12/site-packages/airflow/example_dags/tutorial.py for tasks to queue
[2025-04-21T22:03:20.300+0000] {logging_mixin.py:188} INFO - [2025-04-21T22:03:20.300+0000] {dagbag.py:545} INFO - Filling up the DagBag from /home/airflow/.local/lib/python3.12/site-packages/airflow/example_dags/tutorial.py
[2025-04-21T22:03:20.308+0000] {processor.py:840} INFO - DAG(s) 'tutorial' retrieved from /home/airflow/.local/lib/python3.12/site-packages/airflow/example_dags/tutorial.py
[2025-04-21T22:03:20.325+0000] {logging_mixin.py:188} INFO - [2025-04-21T22:03:20.325+0000] {dag.py:3096} INFO - Sync 1 DAGs
[2025-04-21T22:03:20.336+0000] {logging_mixin.py:188} INFO - [2025-04-21T22:03:20.336+0000] {dag.py:3954} INFO - Setting next_dagrun for tutorial to 2025-04-20 00:00:00+00:00, run_after=2025-04-21 00:00:00+00:00
[2025-04-21T22:03:20.348+0000] {processor.py:183} INFO - Processing /home/airflow/.local/lib/python3.12/site-packages/airflow/example_dags/tutorial.py took 0.054 seconds
[2025-04-21T22:11:06.338+0000] {processor.py:161} INFO - Started process (PID=95573) to work on /home/airflow/.local/lib/python3.12/site-packages/airflow/example_dags/tutorial.py
[2025-04-21T22:11:06.339+0000] {processor.py:830} INFO - Processing file /home/airflow/.local/lib/python3.12/site-packages/airflow/example_dags/tutorial.py for tasks to queue
[2025-04-21T22:11:06.340+0000] {logging_mixin.py:188} INFO - [2025-04-21T22:11:06.340+0000] {dagbag.py:545} INFO - Filling up the DagBag from /home/airflow/.local/lib/python3.12/site-packages/airflow/example_dags/tutorial.py
[2025-04-21T22:11:06.344+0000] {processor.py:840} INFO - DAG(s) 'tutorial' retrieved from /home/airflow/.local/lib/python3.12/site-packages/airflow/example_dags/tutorial.py
[2025-04-21T22:11:06.358+0000] {logging_mixin.py:188} INFO - [2025-04-21T22:11:06.358+0000] {dag.py:3096} INFO - Sync 1 DAGs
[2025-04-21T22:11:06.369+0000] {logging_mixin.py:188} INFO - [2025-04-21T22:11:06.369+0000] {dag.py:3954} INFO - Setting next_dagrun for tutorial to 2025-04-20 00:00:00+00:00, run_after=2025-04-21 00:00:00+00:00
[2025-04-21T22:11:06.385+0000] {processor.py:183} INFO - Processing /home/airflow/.local/lib/python3.12/site-packages/airflow/example_dags/tutorial.py took 0.050 seconds
[2025-04-21T22:16:19.350+0000] {processor.py:161} INFO - Started process (PID=95633) to work on /home/airflow/.local/lib/python3.12/site-packages/airflow/example_dags/tutorial.py
[2025-04-21T22:16:19.350+0000] {processor.py:830} INFO - Processing file /home/airflow/.local/lib/python3.12/site-packages/airflow/example_dags/tutorial.py for tasks to queue
[2025-04-21T22:16:19.351+0000] {logging_mixin.py:188} INFO - [2025-04-21T22:16:19.351+0000] {dagbag.py:545} INFO - Filling up the DagBag from /home/airflow/.local/lib/python3.12/site-packages/airflow/example_dags/tutorial.py
[2025-04-21T22:16:19.354+0000] {processor.py:840} INFO - DAG(s) 'tutorial' retrieved from /home/airflow/.local/lib/python3.12/site-packages/airflow/example_dags/tutorial.py
[2025-04-21T22:16:19.364+0000] {logging_mixin.py:188} INFO - [2025-04-21T22:16:19.363+0000] {dag.py:3096} INFO - Sync 1 DAGs
[2025-04-21T22:16:19.372+0000] {logging_mixin.py:188} INFO - [2025-04-21T22:16:19.372+0000] {dag.py:3954} INFO - Setting next_dagrun for tutorial to 2025-04-20 00:00:00+00:00, run_after=2025-04-21 00:00:00+00:00
[2025-04-21T22:16:19.380+0000] {processor.py:183} INFO - Processing /home/airflow/.local/lib/python3.12/site-packages/airflow/example_dags/tutorial.py took 0.033 seconds
[2025-04-21T22:34:10.639+0000] {processor.py:161} INFO - Started process (PID=95693) to work on /home/airflow/.local/lib/python3.12/site-packages/airflow/example_dags/tutorial.py
[2025-04-21T22:34:10.640+0000] {processor.py:830} INFO - Processing file /home/airflow/.local/lib/python3.12/site-packages/airflow/example_dags/tutorial.py for tasks to queue
[2025-04-21T22:34:10.640+0000] {logging_mixin.py:188} INFO - [2025-04-21T22:34:10.640+0000] {dagbag.py:545} INFO - Filling up the DagBag from /home/airflow/.local/lib/python3.12/site-packages/airflow/example_dags/tutorial.py
[2025-04-21T22:34:10.643+0000] {processor.py:840} INFO - DAG(s) 'tutorial' retrieved from /home/airflow/.local/lib/python3.12/site-packages/airflow/example_dags/tutorial.py
[2025-04-21T22:34:10.652+0000] {logging_mixin.py:188} INFO - [2025-04-21T22:34:10.652+0000] {dag.py:3096} INFO - Sync 1 DAGs
[2025-04-21T22:34:10.662+0000] {logging_mixin.py:188} INFO - [2025-04-21T22:34:10.661+0000] {dag.py:3954} INFO - Setting next_dagrun for tutorial to 2025-04-20 00:00:00+00:00, run_after=2025-04-21 00:00:00+00:00
[2025-04-21T22:34:10.669+0000] {processor.py:183} INFO - Processing /home/airflow/.local/lib/python3.12/site-packages/airflow/example_dags/tutorial.py took 0.033 seconds
[2025-04-21T22:39:23.712+0000] {processor.py:161} INFO - Started process (PID=95753) to work on /home/airflow/.local/lib/python3.12/site-packages/airflow/example_dags/tutorial.py
[2025-04-21T22:39:23.712+0000] {processor.py:830} INFO - Processing file /home/airflow/.local/lib/python3.12/site-packages/airflow/example_dags/tutorial.py for tasks to queue
[2025-04-21T22:39:23.713+0000] {logging_mixin.py:188} INFO - [2025-04-21T22:39:23.713+0000] {dagbag.py:545} INFO - Filling up the DagBag from /home/airflow/.local/lib/python3.12/site-packages/airflow/example_dags/tutorial.py
[2025-04-21T22:39:23.716+0000] {processor.py:840} INFO - DAG(s) 'tutorial' retrieved from /home/airflow/.local/lib/python3.12/site-packages/airflow/example_dags/tutorial.py
[2025-04-21T22:39:23.727+0000] {logging_mixin.py:188} INFO - [2025-04-21T22:39:23.727+0000] {dag.py:3096} INFO - Sync 1 DAGs
[2025-04-21T22:39:23.736+0000] {logging_mixin.py:188} INFO - [2025-04-21T22:39:23.736+0000] {dag.py:3954} INFO - Setting next_dagrun for tutorial to 2025-04-20 00:00:00+00:00, run_after=2025-04-21 00:00:00+00:00
[2025-04-21T22:39:23.744+0000] {processor.py:183} INFO - Processing /home/airflow/.local/lib/python3.12/site-packages/airflow/example_dags/tutorial.py took 0.035 seconds
