[2025-05-21T12:17:22.576+0000] {processor.py:161} INFO - Started process (PID=72) to work on /home/airflow/.local/lib/python3.12/site-packages/airflow/example_dags/example_xcom.py
[2025-05-21T12:17:22.582+0000] {processor.py:830} INFO - Processing file /home/airflow/.local/lib/python3.12/site-packages/airflow/example_dags/example_xcom.py for tasks to queue
[2025-05-21T12:17:22.583+0000] {logging_mixin.py:188} INFO - [2025-05-21T12:17:22.583+0000] {dagbag.py:545} INFO - Filling up the DagBag from /home/airflow/.local/lib/python3.12/site-packages/airflow/example_dags/example_xcom.py
[2025-05-21T12:17:22.605+0000] {processor.py:840} INFO - DAG(s) 'example_xcom' retrieved from /home/airflow/.local/lib/python3.12/site-packages/airflow/example_dags/example_xcom.py
[2025-05-21T12:17:22.624+0000] {logging_mixin.py:188} INFO - [2025-05-21T12:17:22.624+0000] {dag.py:3096} INFO - Sync 1 DAGs
[2025-05-21T12:17:22.640+0000] {logging_mixin.py:188} INFO - [2025-05-21T12:17:22.640+0000] {dag.py:3954} INFO - Setting next_dagrun for example_xcom to 2021-01-01 00:00:00+00:00, run_after=2021-01-01 00:00:00+00:00
[2025-05-21T12:17:22.650+0000] {processor.py:183} INFO - Processing /home/airflow/.local/lib/python3.12/site-packages/airflow/example_dags/example_xcom.py took 0.076 seconds
[2025-05-21T12:27:57.348+0000] {processor.py:161} INFO - Started process (PID=124) to work on /home/airflow/.local/lib/python3.12/site-packages/airflow/example_dags/example_xcom.py
[2025-05-21T12:27:57.349+0000] {processor.py:830} INFO - Processing file /home/airflow/.local/lib/python3.12/site-packages/airflow/example_dags/example_xcom.py for tasks to queue
[2025-05-21T12:27:57.350+0000] {logging_mixin.py:188} INFO - [2025-05-21T12:27:57.349+0000] {dagbag.py:545} INFO - Filling up the DagBag from /home/airflow/.local/lib/python3.12/site-packages/airflow/example_dags/example_xcom.py
[2025-05-21T12:27:57.356+0000] {processor.py:840} INFO - DAG(s) 'example_xcom' retrieved from /home/airflow/.local/lib/python3.12/site-packages/airflow/example_dags/example_xcom.py
[2025-05-21T12:27:57.411+0000] {logging_mixin.py:188} INFO - [2025-05-21T12:27:57.411+0000] {override.py:1829} INFO - Created Permission View: can read on DAG:example_xcom
[2025-05-21T12:27:57.416+0000] {logging_mixin.py:188} INFO - [2025-05-21T12:27:57.416+0000] {override.py:1829} INFO - Created Permission View: can delete on DAG:example_xcom
[2025-05-21T12:27:57.419+0000] {logging_mixin.py:188} INFO - [2025-05-21T12:27:57.419+0000] {override.py:1829} INFO - Created Permission View: can edit on DAG:example_xcom
[2025-05-21T12:27:57.419+0000] {logging_mixin.py:188} INFO - [2025-05-21T12:27:57.419+0000] {dag.py:3096} INFO - Sync 1 DAGs
[2025-05-21T12:27:57.424+0000] {logging_mixin.py:188} INFO - [2025-05-21T12:27:57.424+0000] {dag.py:3118} INFO - Creating ORM DAG for example_xcom
[2025-05-21T12:27:57.430+0000] {logging_mixin.py:188} INFO - [2025-05-21T12:27:57.430+0000] {dag.py:3954} INFO - Setting next_dagrun for example_xcom to 2021-01-01 00:00:00+00:00, run_after=2021-01-01 00:00:00+00:00
[2025-05-21T12:27:57.445+0000] {processor.py:183} INFO - Processing /home/airflow/.local/lib/python3.12/site-packages/airflow/example_dags/example_xcom.py took 0.100 seconds
[2025-05-21T12:28:28.338+0000] {processor.py:161} INFO - Started process (PID=184) to work on /home/airflow/.local/lib/python3.12/site-packages/airflow/example_dags/example_xcom.py
[2025-05-21T12:28:28.342+0000] {processor.py:830} INFO - Processing file /home/airflow/.local/lib/python3.12/site-packages/airflow/example_dags/example_xcom.py for tasks to queue
[2025-05-21T12:28:28.343+0000] {logging_mixin.py:188} INFO - [2025-05-21T12:28:28.343+0000] {dagbag.py:545} INFO - Filling up the DagBag from /home/airflow/.local/lib/python3.12/site-packages/airflow/example_dags/example_xcom.py
[2025-05-21T12:28:28.350+0000] {processor.py:840} INFO - DAG(s) 'example_xcom' retrieved from /home/airflow/.local/lib/python3.12/site-packages/airflow/example_dags/example_xcom.py
[2025-05-21T12:28:28.364+0000] {logging_mixin.py:188} INFO - [2025-05-21T12:28:28.363+0000] {dag.py:3096} INFO - Sync 1 DAGs
[2025-05-21T12:28:28.378+0000] {logging_mixin.py:188} INFO - [2025-05-21T12:28:28.377+0000] {dag.py:3954} INFO - Setting next_dagrun for example_xcom to 2021-01-01 00:00:00+00:00, run_after=2021-01-01 00:00:00+00:00
[2025-05-21T12:28:28.391+0000] {processor.py:183} INFO - Processing /home/airflow/.local/lib/python3.12/site-packages/airflow/example_dags/example_xcom.py took 0.056 seconds
[2025-05-21T12:28:58.477+0000] {processor.py:161} INFO - Started process (PID=244) to work on /home/airflow/.local/lib/python3.12/site-packages/airflow/example_dags/example_xcom.py
[2025-05-21T12:28:58.477+0000] {processor.py:830} INFO - Processing file /home/airflow/.local/lib/python3.12/site-packages/airflow/example_dags/example_xcom.py for tasks to queue
[2025-05-21T12:28:58.479+0000] {logging_mixin.py:188} INFO - [2025-05-21T12:28:58.479+0000] {dagbag.py:545} INFO - Filling up the DagBag from /home/airflow/.local/lib/python3.12/site-packages/airflow/example_dags/example_xcom.py
[2025-05-21T12:28:58.483+0000] {processor.py:840} INFO - DAG(s) 'example_xcom' retrieved from /home/airflow/.local/lib/python3.12/site-packages/airflow/example_dags/example_xcom.py
[2025-05-21T12:28:58.492+0000] {logging_mixin.py:188} INFO - [2025-05-21T12:28:58.492+0000] {dag.py:3096} INFO - Sync 1 DAGs
[2025-05-21T12:28:58.502+0000] {logging_mixin.py:188} INFO - [2025-05-21T12:28:58.501+0000] {dag.py:3954} INFO - Setting next_dagrun for example_xcom to 2021-01-01 00:00:00+00:00, run_after=2021-01-01 00:00:00+00:00
[2025-05-21T12:28:58.511+0000] {processor.py:183} INFO - Processing /home/airflow/.local/lib/python3.12/site-packages/airflow/example_dags/example_xcom.py took 0.037 seconds
[2025-05-21T12:29:29.526+0000] {processor.py:161} INFO - Started process (PID=304) to work on /home/airflow/.local/lib/python3.12/site-packages/airflow/example_dags/example_xcom.py
[2025-05-21T12:29:29.530+0000] {processor.py:830} INFO - Processing file /home/airflow/.local/lib/python3.12/site-packages/airflow/example_dags/example_xcom.py for tasks to queue
[2025-05-21T12:29:29.531+0000] {logging_mixin.py:188} INFO - [2025-05-21T12:29:29.531+0000] {dagbag.py:545} INFO - Filling up the DagBag from /home/airflow/.local/lib/python3.12/site-packages/airflow/example_dags/example_xcom.py
[2025-05-21T12:29:29.536+0000] {processor.py:840} INFO - DAG(s) 'example_xcom' retrieved from /home/airflow/.local/lib/python3.12/site-packages/airflow/example_dags/example_xcom.py
[2025-05-21T12:29:29.548+0000] {logging_mixin.py:188} INFO - [2025-05-21T12:29:29.548+0000] {dag.py:3096} INFO - Sync 1 DAGs
[2025-05-21T12:29:29.558+0000] {logging_mixin.py:188} INFO - [2025-05-21T12:29:29.558+0000] {dag.py:3954} INFO - Setting next_dagrun for example_xcom to 2021-01-01 00:00:00+00:00, run_after=2021-01-01 00:00:00+00:00
[2025-05-21T12:29:29.573+0000] {processor.py:183} INFO - Processing /home/airflow/.local/lib/python3.12/site-packages/airflow/example_dags/example_xcom.py took 0.050 seconds
[2025-05-21T12:30:00.373+0000] {processor.py:161} INFO - Started process (PID=364) to work on /home/airflow/.local/lib/python3.12/site-packages/airflow/example_dags/example_xcom.py
[2025-05-21T12:30:00.374+0000] {processor.py:830} INFO - Processing file /home/airflow/.local/lib/python3.12/site-packages/airflow/example_dags/example_xcom.py for tasks to queue
[2025-05-21T12:30:00.376+0000] {logging_mixin.py:188} INFO - [2025-05-21T12:30:00.376+0000] {dagbag.py:545} INFO - Filling up the DagBag from /home/airflow/.local/lib/python3.12/site-packages/airflow/example_dags/example_xcom.py
[2025-05-21T12:30:00.380+0000] {processor.py:840} INFO - DAG(s) 'example_xcom' retrieved from /home/airflow/.local/lib/python3.12/site-packages/airflow/example_dags/example_xcom.py
[2025-05-21T12:30:00.390+0000] {logging_mixin.py:188} INFO - [2025-05-21T12:30:00.390+0000] {dag.py:3096} INFO - Sync 1 DAGs
[2025-05-21T12:30:00.402+0000] {logging_mixin.py:188} INFO - [2025-05-21T12:30:00.401+0000] {dag.py:3954} INFO - Setting next_dagrun for example_xcom to 2021-01-01 00:00:00+00:00, run_after=2021-01-01 00:00:00+00:00
[2025-05-21T12:30:00.418+0000] {processor.py:183} INFO - Processing /home/airflow/.local/lib/python3.12/site-packages/airflow/example_dags/example_xcom.py took 0.048 seconds
[2025-05-21T12:30:30.795+0000] {processor.py:161} INFO - Started process (PID=424) to work on /home/airflow/.local/lib/python3.12/site-packages/airflow/example_dags/example_xcom.py
[2025-05-21T12:30:30.796+0000] {processor.py:830} INFO - Processing file /home/airflow/.local/lib/python3.12/site-packages/airflow/example_dags/example_xcom.py for tasks to queue
[2025-05-21T12:30:30.797+0000] {logging_mixin.py:188} INFO - [2025-05-21T12:30:30.797+0000] {dagbag.py:545} INFO - Filling up the DagBag from /home/airflow/.local/lib/python3.12/site-packages/airflow/example_dags/example_xcom.py
[2025-05-21T12:30:30.802+0000] {processor.py:840} INFO - DAG(s) 'example_xcom' retrieved from /home/airflow/.local/lib/python3.12/site-packages/airflow/example_dags/example_xcom.py
[2025-05-21T12:30:30.817+0000] {logging_mixin.py:188} INFO - [2025-05-21T12:30:30.817+0000] {dag.py:3096} INFO - Sync 1 DAGs
[2025-05-21T12:30:30.832+0000] {logging_mixin.py:188} INFO - [2025-05-21T12:30:30.832+0000] {dag.py:3954} INFO - Setting next_dagrun for example_xcom to 2021-01-01 00:00:00+00:00, run_after=2021-01-01 00:00:00+00:00
[2025-05-21T12:30:30.842+0000] {processor.py:183} INFO - Processing /home/airflow/.local/lib/python3.12/site-packages/airflow/example_dags/example_xcom.py took 0.051 seconds
[2025-05-21T12:31:00.854+0000] {processor.py:161} INFO - Started process (PID=482) to work on /home/airflow/.local/lib/python3.12/site-packages/airflow/example_dags/example_xcom.py
[2025-05-21T12:31:00.855+0000] {processor.py:830} INFO - Processing file /home/airflow/.local/lib/python3.12/site-packages/airflow/example_dags/example_xcom.py for tasks to queue
[2025-05-21T12:31:00.856+0000] {logging_mixin.py:188} INFO - [2025-05-21T12:31:00.855+0000] {dagbag.py:545} INFO - Filling up the DagBag from /home/airflow/.local/lib/python3.12/site-packages/airflow/example_dags/example_xcom.py
[2025-05-21T12:31:00.859+0000] {processor.py:840} INFO - DAG(s) 'example_xcom' retrieved from /home/airflow/.local/lib/python3.12/site-packages/airflow/example_dags/example_xcom.py
[2025-05-21T12:31:00.868+0000] {logging_mixin.py:188} INFO - [2025-05-21T12:31:00.868+0000] {dag.py:3096} INFO - Sync 1 DAGs
[2025-05-21T12:31:00.877+0000] {logging_mixin.py:188} INFO - [2025-05-21T12:31:00.876+0000] {dag.py:3954} INFO - Setting next_dagrun for example_xcom to 2021-01-01 00:00:00+00:00, run_after=2021-01-01 00:00:00+00:00
[2025-05-21T12:31:00.884+0000] {processor.py:183} INFO - Processing /home/airflow/.local/lib/python3.12/site-packages/airflow/example_dags/example_xcom.py took 0.032 seconds
[2025-05-21T12:31:31.197+0000] {processor.py:161} INFO - Started process (PID=542) to work on /home/airflow/.local/lib/python3.12/site-packages/airflow/example_dags/example_xcom.py
[2025-05-21T12:31:31.199+0000] {processor.py:830} INFO - Processing file /home/airflow/.local/lib/python3.12/site-packages/airflow/example_dags/example_xcom.py for tasks to queue
[2025-05-21T12:31:31.200+0000] {logging_mixin.py:188} INFO - [2025-05-21T12:31:31.200+0000] {dagbag.py:545} INFO - Filling up the DagBag from /home/airflow/.local/lib/python3.12/site-packages/airflow/example_dags/example_xcom.py
[2025-05-21T12:31:31.204+0000] {processor.py:840} INFO - DAG(s) 'example_xcom' retrieved from /home/airflow/.local/lib/python3.12/site-packages/airflow/example_dags/example_xcom.py
[2025-05-21T12:31:31.214+0000] {logging_mixin.py:188} INFO - [2025-05-21T12:31:31.214+0000] {dag.py:3096} INFO - Sync 1 DAGs
[2025-05-21T12:31:31.224+0000] {logging_mixin.py:188} INFO - [2025-05-21T12:31:31.224+0000] {dag.py:3954} INFO - Setting next_dagrun for example_xcom to 2021-01-01 00:00:00+00:00, run_after=2021-01-01 00:00:00+00:00
[2025-05-21T12:31:31.231+0000] {processor.py:183} INFO - Processing /home/airflow/.local/lib/python3.12/site-packages/airflow/example_dags/example_xcom.py took 0.037 seconds
[2025-05-21T12:32:01.329+0000] {processor.py:161} INFO - Started process (PID=602) to work on /home/airflow/.local/lib/python3.12/site-packages/airflow/example_dags/example_xcom.py
[2025-05-21T12:32:01.330+0000] {processor.py:830} INFO - Processing file /home/airflow/.local/lib/python3.12/site-packages/airflow/example_dags/example_xcom.py for tasks to queue
[2025-05-21T12:32:01.332+0000] {logging_mixin.py:188} INFO - [2025-05-21T12:32:01.332+0000] {dagbag.py:545} INFO - Filling up the DagBag from /home/airflow/.local/lib/python3.12/site-packages/airflow/example_dags/example_xcom.py
[2025-05-21T12:32:01.336+0000] {processor.py:840} INFO - DAG(s) 'example_xcom' retrieved from /home/airflow/.local/lib/python3.12/site-packages/airflow/example_dags/example_xcom.py
[2025-05-21T12:32:01.346+0000] {logging_mixin.py:188} INFO - [2025-05-21T12:32:01.346+0000] {dag.py:3096} INFO - Sync 1 DAGs
[2025-05-21T12:32:01.355+0000] {logging_mixin.py:188} INFO - [2025-05-21T12:32:01.355+0000] {dag.py:3954} INFO - Setting next_dagrun for example_xcom to 2021-01-01 00:00:00+00:00, run_after=2021-01-01 00:00:00+00:00
[2025-05-21T12:32:01.363+0000] {processor.py:183} INFO - Processing /home/airflow/.local/lib/python3.12/site-packages/airflow/example_dags/example_xcom.py took 0.036 seconds
[2025-05-21T12:32:31.549+0000] {processor.py:161} INFO - Started process (PID=662) to work on /home/airflow/.local/lib/python3.12/site-packages/airflow/example_dags/example_xcom.py
[2025-05-21T12:32:31.549+0000] {processor.py:830} INFO - Processing file /home/airflow/.local/lib/python3.12/site-packages/airflow/example_dags/example_xcom.py for tasks to queue
[2025-05-21T12:32:31.551+0000] {logging_mixin.py:188} INFO - [2025-05-21T12:32:31.551+0000] {dagbag.py:545} INFO - Filling up the DagBag from /home/airflow/.local/lib/python3.12/site-packages/airflow/example_dags/example_xcom.py
[2025-05-21T12:32:31.555+0000] {processor.py:840} INFO - DAG(s) 'example_xcom' retrieved from /home/airflow/.local/lib/python3.12/site-packages/airflow/example_dags/example_xcom.py
[2025-05-21T12:32:31.566+0000] {logging_mixin.py:188} INFO - [2025-05-21T12:32:31.565+0000] {dag.py:3096} INFO - Sync 1 DAGs
[2025-05-21T12:32:31.574+0000] {logging_mixin.py:188} INFO - [2025-05-21T12:32:31.574+0000] {dag.py:3954} INFO - Setting next_dagrun for example_xcom to 2021-01-01 00:00:00+00:00, run_after=2021-01-01 00:00:00+00:00
[2025-05-21T12:32:31.584+0000] {processor.py:183} INFO - Processing /home/airflow/.local/lib/python3.12/site-packages/airflow/example_dags/example_xcom.py took 0.038 seconds
[2025-05-21T12:33:01.993+0000] {processor.py:161} INFO - Started process (PID=721) to work on /home/airflow/.local/lib/python3.12/site-packages/airflow/example_dags/example_xcom.py
[2025-05-21T12:33:01.994+0000] {processor.py:830} INFO - Processing file /home/airflow/.local/lib/python3.12/site-packages/airflow/example_dags/example_xcom.py for tasks to queue
[2025-05-21T12:33:01.995+0000] {logging_mixin.py:188} INFO - [2025-05-21T12:33:01.995+0000] {dagbag.py:545} INFO - Filling up the DagBag from /home/airflow/.local/lib/python3.12/site-packages/airflow/example_dags/example_xcom.py
[2025-05-21T12:33:01.999+0000] {processor.py:840} INFO - DAG(s) 'example_xcom' retrieved from /home/airflow/.local/lib/python3.12/site-packages/airflow/example_dags/example_xcom.py
[2025-05-21T12:33:02.008+0000] {logging_mixin.py:188} INFO - [2025-05-21T12:33:02.008+0000] {dag.py:3096} INFO - Sync 1 DAGs
[2025-05-21T12:33:02.018+0000] {logging_mixin.py:188} INFO - [2025-05-21T12:33:02.017+0000] {dag.py:3954} INFO - Setting next_dagrun for example_xcom to 2021-01-01 00:00:00+00:00, run_after=2021-01-01 00:00:00+00:00
[2025-05-21T12:33:02.025+0000] {processor.py:183} INFO - Processing /home/airflow/.local/lib/python3.12/site-packages/airflow/example_dags/example_xcom.py took 0.035 seconds
[2025-05-21T12:33:32.170+0000] {processor.py:161} INFO - Started process (PID=781) to work on /home/airflow/.local/lib/python3.12/site-packages/airflow/example_dags/example_xcom.py
[2025-05-21T12:33:32.173+0000] {processor.py:830} INFO - Processing file /home/airflow/.local/lib/python3.12/site-packages/airflow/example_dags/example_xcom.py for tasks to queue
[2025-05-21T12:33:32.174+0000] {logging_mixin.py:188} INFO - [2025-05-21T12:33:32.174+0000] {dagbag.py:545} INFO - Filling up the DagBag from /home/airflow/.local/lib/python3.12/site-packages/airflow/example_dags/example_xcom.py
[2025-05-21T12:33:32.178+0000] {processor.py:840} INFO - DAG(s) 'example_xcom' retrieved from /home/airflow/.local/lib/python3.12/site-packages/airflow/example_dags/example_xcom.py
[2025-05-21T12:33:32.193+0000] {logging_mixin.py:188} INFO - [2025-05-21T12:33:32.191+0000] {dag.py:3096} INFO - Sync 1 DAGs
[2025-05-21T12:33:32.202+0000] {logging_mixin.py:188} INFO - [2025-05-21T12:33:32.202+0000] {dag.py:3954} INFO - Setting next_dagrun for example_xcom to 2021-01-01 00:00:00+00:00, run_after=2021-01-01 00:00:00+00:00
[2025-05-21T12:33:32.210+0000] {processor.py:183} INFO - Processing /home/airflow/.local/lib/python3.12/site-packages/airflow/example_dags/example_xcom.py took 0.042 seconds
[2025-05-21T12:34:02.967+0000] {processor.py:161} INFO - Started process (PID=841) to work on /home/airflow/.local/lib/python3.12/site-packages/airflow/example_dags/example_xcom.py
[2025-05-21T12:34:02.967+0000] {processor.py:830} INFO - Processing file /home/airflow/.local/lib/python3.12/site-packages/airflow/example_dags/example_xcom.py for tasks to queue
[2025-05-21T12:34:02.968+0000] {logging_mixin.py:188} INFO - [2025-05-21T12:34:02.968+0000] {dagbag.py:545} INFO - Filling up the DagBag from /home/airflow/.local/lib/python3.12/site-packages/airflow/example_dags/example_xcom.py
[2025-05-21T12:34:02.972+0000] {processor.py:840} INFO - DAG(s) 'example_xcom' retrieved from /home/airflow/.local/lib/python3.12/site-packages/airflow/example_dags/example_xcom.py
[2025-05-21T12:34:02.982+0000] {logging_mixin.py:188} INFO - [2025-05-21T12:34:02.982+0000] {dag.py:3096} INFO - Sync 1 DAGs
[2025-05-21T12:34:02.992+0000] {logging_mixin.py:188} INFO - [2025-05-21T12:34:02.992+0000] {dag.py:3954} INFO - Setting next_dagrun for example_xcom to 2021-01-01 00:00:00+00:00, run_after=2021-01-01 00:00:00+00:00
[2025-05-21T12:34:03.000+0000] {processor.py:183} INFO - Processing /home/airflow/.local/lib/python3.12/site-packages/airflow/example_dags/example_xcom.py took 0.037 seconds
[2025-05-21T12:34:33.241+0000] {processor.py:161} INFO - Started process (PID=901) to work on /home/airflow/.local/lib/python3.12/site-packages/airflow/example_dags/example_xcom.py
[2025-05-21T12:34:33.242+0000] {processor.py:830} INFO - Processing file /home/airflow/.local/lib/python3.12/site-packages/airflow/example_dags/example_xcom.py for tasks to queue
[2025-05-21T12:34:33.242+0000] {logging_mixin.py:188} INFO - [2025-05-21T12:34:33.242+0000] {dagbag.py:545} INFO - Filling up the DagBag from /home/airflow/.local/lib/python3.12/site-packages/airflow/example_dags/example_xcom.py
[2025-05-21T12:34:33.246+0000] {processor.py:840} INFO - DAG(s) 'example_xcom' retrieved from /home/airflow/.local/lib/python3.12/site-packages/airflow/example_dags/example_xcom.py
[2025-05-21T12:34:33.255+0000] {logging_mixin.py:188} INFO - [2025-05-21T12:34:33.255+0000] {dag.py:3096} INFO - Sync 1 DAGs
[2025-05-21T12:34:33.263+0000] {logging_mixin.py:188} INFO - [2025-05-21T12:34:33.263+0000] {dag.py:3954} INFO - Setting next_dagrun for example_xcom to 2021-01-01 00:00:00+00:00, run_after=2021-01-01 00:00:00+00:00
[2025-05-21T12:34:33.270+0000] {processor.py:183} INFO - Processing /home/airflow/.local/lib/python3.12/site-packages/airflow/example_dags/example_xcom.py took 0.031 seconds
[2025-05-21T12:35:03.916+0000] {processor.py:161} INFO - Started process (PID=961) to work on /home/airflow/.local/lib/python3.12/site-packages/airflow/example_dags/example_xcom.py
[2025-05-21T12:35:03.917+0000] {processor.py:830} INFO - Processing file /home/airflow/.local/lib/python3.12/site-packages/airflow/example_dags/example_xcom.py for tasks to queue
[2025-05-21T12:35:03.919+0000] {logging_mixin.py:188} INFO - [2025-05-21T12:35:03.919+0000] {dagbag.py:545} INFO - Filling up the DagBag from /home/airflow/.local/lib/python3.12/site-packages/airflow/example_dags/example_xcom.py
[2025-05-21T12:35:03.930+0000] {processor.py:840} INFO - DAG(s) 'example_xcom' retrieved from /home/airflow/.local/lib/python3.12/site-packages/airflow/example_dags/example_xcom.py
[2025-05-21T12:35:03.956+0000] {logging_mixin.py:188} INFO - [2025-05-21T12:35:03.955+0000] {dag.py:3096} INFO - Sync 1 DAGs
[2025-05-21T12:35:03.970+0000] {logging_mixin.py:188} INFO - [2025-05-21T12:35:03.970+0000] {dag.py:3954} INFO - Setting next_dagrun for example_xcom to 2021-01-01 00:00:00+00:00, run_after=2021-01-01 00:00:00+00:00
[2025-05-21T12:35:03.981+0000] {processor.py:183} INFO - Processing /home/airflow/.local/lib/python3.12/site-packages/airflow/example_dags/example_xcom.py took 0.070 seconds
[2025-05-21T12:35:34.429+0000] {processor.py:161} INFO - Started process (PID=1021) to work on /home/airflow/.local/lib/python3.12/site-packages/airflow/example_dags/example_xcom.py
[2025-05-21T12:35:34.430+0000] {processor.py:830} INFO - Processing file /home/airflow/.local/lib/python3.12/site-packages/airflow/example_dags/example_xcom.py for tasks to queue
[2025-05-21T12:35:34.431+0000] {logging_mixin.py:188} INFO - [2025-05-21T12:35:34.430+0000] {dagbag.py:545} INFO - Filling up the DagBag from /home/airflow/.local/lib/python3.12/site-packages/airflow/example_dags/example_xcom.py
[2025-05-21T12:35:34.434+0000] {processor.py:840} INFO - DAG(s) 'example_xcom' retrieved from /home/airflow/.local/lib/python3.12/site-packages/airflow/example_dags/example_xcom.py
[2025-05-21T12:35:34.443+0000] {logging_mixin.py:188} INFO - [2025-05-21T12:35:34.443+0000] {dag.py:3096} INFO - Sync 1 DAGs
[2025-05-21T12:35:34.452+0000] {logging_mixin.py:188} INFO - [2025-05-21T12:35:34.451+0000] {dag.py:3954} INFO - Setting next_dagrun for example_xcom to 2021-01-01 00:00:00+00:00, run_after=2021-01-01 00:00:00+00:00
[2025-05-21T12:35:34.464+0000] {processor.py:183} INFO - Processing /home/airflow/.local/lib/python3.12/site-packages/airflow/example_dags/example_xcom.py took 0.038 seconds
[2025-05-21T12:36:05.238+0000] {processor.py:161} INFO - Started process (PID=1081) to work on /home/airflow/.local/lib/python3.12/site-packages/airflow/example_dags/example_xcom.py
[2025-05-21T12:36:05.239+0000] {processor.py:830} INFO - Processing file /home/airflow/.local/lib/python3.12/site-packages/airflow/example_dags/example_xcom.py for tasks to queue
[2025-05-21T12:36:05.240+0000] {logging_mixin.py:188} INFO - [2025-05-21T12:36:05.240+0000] {dagbag.py:545} INFO - Filling up the DagBag from /home/airflow/.local/lib/python3.12/site-packages/airflow/example_dags/example_xcom.py
[2025-05-21T12:36:05.243+0000] {processor.py:840} INFO - DAG(s) 'example_xcom' retrieved from /home/airflow/.local/lib/python3.12/site-packages/airflow/example_dags/example_xcom.py
[2025-05-21T12:36:05.253+0000] {logging_mixin.py:188} INFO - [2025-05-21T12:36:05.253+0000] {dag.py:3096} INFO - Sync 1 DAGs
[2025-05-21T12:36:05.262+0000] {logging_mixin.py:188} INFO - [2025-05-21T12:36:05.262+0000] {dag.py:3954} INFO - Setting next_dagrun for example_xcom to 2021-01-01 00:00:00+00:00, run_after=2021-01-01 00:00:00+00:00
[2025-05-21T12:36:05.271+0000] {processor.py:183} INFO - Processing /home/airflow/.local/lib/python3.12/site-packages/airflow/example_dags/example_xcom.py took 0.036 seconds
[2025-05-21T12:36:35.697+0000] {processor.py:161} INFO - Started process (PID=1141) to work on /home/airflow/.local/lib/python3.12/site-packages/airflow/example_dags/example_xcom.py
[2025-05-21T12:36:35.697+0000] {processor.py:830} INFO - Processing file /home/airflow/.local/lib/python3.12/site-packages/airflow/example_dags/example_xcom.py for tasks to queue
[2025-05-21T12:36:35.699+0000] {logging_mixin.py:188} INFO - [2025-05-21T12:36:35.699+0000] {dagbag.py:545} INFO - Filling up the DagBag from /home/airflow/.local/lib/python3.12/site-packages/airflow/example_dags/example_xcom.py
[2025-05-21T12:36:35.703+0000] {processor.py:840} INFO - DAG(s) 'example_xcom' retrieved from /home/airflow/.local/lib/python3.12/site-packages/airflow/example_dags/example_xcom.py
[2025-05-21T12:36:35.713+0000] {logging_mixin.py:188} INFO - [2025-05-21T12:36:35.713+0000] {dag.py:3096} INFO - Sync 1 DAGs
[2025-05-21T12:36:35.722+0000] {logging_mixin.py:188} INFO - [2025-05-21T12:36:35.722+0000] {dag.py:3954} INFO - Setting next_dagrun for example_xcom to 2021-01-01 00:00:00+00:00, run_after=2021-01-01 00:00:00+00:00
[2025-05-21T12:36:35.729+0000] {processor.py:183} INFO - Processing /home/airflow/.local/lib/python3.12/site-packages/airflow/example_dags/example_xcom.py took 0.036 seconds
[2025-05-21T12:37:06.110+0000] {processor.py:161} INFO - Started process (PID=1201) to work on /home/airflow/.local/lib/python3.12/site-packages/airflow/example_dags/example_xcom.py
[2025-05-21T12:37:06.110+0000] {processor.py:830} INFO - Processing file /home/airflow/.local/lib/python3.12/site-packages/airflow/example_dags/example_xcom.py for tasks to queue
[2025-05-21T12:37:06.111+0000] {logging_mixin.py:188} INFO - [2025-05-21T12:37:06.111+0000] {dagbag.py:545} INFO - Filling up the DagBag from /home/airflow/.local/lib/python3.12/site-packages/airflow/example_dags/example_xcom.py
[2025-05-21T12:37:06.115+0000] {processor.py:840} INFO - DAG(s) 'example_xcom' retrieved from /home/airflow/.local/lib/python3.12/site-packages/airflow/example_dags/example_xcom.py
[2025-05-21T12:37:06.124+0000] {logging_mixin.py:188} INFO - [2025-05-21T12:37:06.124+0000] {dag.py:3096} INFO - Sync 1 DAGs
[2025-05-21T12:37:06.132+0000] {logging_mixin.py:188} INFO - [2025-05-21T12:37:06.132+0000] {dag.py:3954} INFO - Setting next_dagrun for example_xcom to 2021-01-01 00:00:00+00:00, run_after=2021-01-01 00:00:00+00:00
[2025-05-21T12:37:06.140+0000] {processor.py:183} INFO - Processing /home/airflow/.local/lib/python3.12/site-packages/airflow/example_dags/example_xcom.py took 0.033 seconds
[2025-05-21T12:37:36.695+0000] {processor.py:161} INFO - Started process (PID=1261) to work on /home/airflow/.local/lib/python3.12/site-packages/airflow/example_dags/example_xcom.py
[2025-05-21T12:37:36.695+0000] {processor.py:830} INFO - Processing file /home/airflow/.local/lib/python3.12/site-packages/airflow/example_dags/example_xcom.py for tasks to queue
[2025-05-21T12:37:36.696+0000] {logging_mixin.py:188} INFO - [2025-05-21T12:37:36.696+0000] {dagbag.py:545} INFO - Filling up the DagBag from /home/airflow/.local/lib/python3.12/site-packages/airflow/example_dags/example_xcom.py
[2025-05-21T12:37:36.699+0000] {processor.py:840} INFO - DAG(s) 'example_xcom' retrieved from /home/airflow/.local/lib/python3.12/site-packages/airflow/example_dags/example_xcom.py
[2025-05-21T12:37:36.708+0000] {logging_mixin.py:188} INFO - [2025-05-21T12:37:36.708+0000] {dag.py:3096} INFO - Sync 1 DAGs
[2025-05-21T12:37:36.716+0000] {logging_mixin.py:188} INFO - [2025-05-21T12:37:36.716+0000] {dag.py:3954} INFO - Setting next_dagrun for example_xcom to 2021-01-01 00:00:00+00:00, run_after=2021-01-01 00:00:00+00:00
[2025-05-21T12:37:36.723+0000] {processor.py:183} INFO - Processing /home/airflow/.local/lib/python3.12/site-packages/airflow/example_dags/example_xcom.py took 0.031 seconds
[2025-05-21T12:38:07.033+0000] {processor.py:161} INFO - Started process (PID=1321) to work on /home/airflow/.local/lib/python3.12/site-packages/airflow/example_dags/example_xcom.py
[2025-05-21T12:38:07.034+0000] {processor.py:830} INFO - Processing file /home/airflow/.local/lib/python3.12/site-packages/airflow/example_dags/example_xcom.py for tasks to queue
[2025-05-21T12:38:07.035+0000] {logging_mixin.py:188} INFO - [2025-05-21T12:38:07.034+0000] {dagbag.py:545} INFO - Filling up the DagBag from /home/airflow/.local/lib/python3.12/site-packages/airflow/example_dags/example_xcom.py
[2025-05-21T12:38:07.038+0000] {processor.py:840} INFO - DAG(s) 'example_xcom' retrieved from /home/airflow/.local/lib/python3.12/site-packages/airflow/example_dags/example_xcom.py
[2025-05-21T12:38:07.047+0000] {logging_mixin.py:188} INFO - [2025-05-21T12:38:07.046+0000] {dag.py:3096} INFO - Sync 1 DAGs
[2025-05-21T12:38:07.055+0000] {logging_mixin.py:188} INFO - [2025-05-21T12:38:07.054+0000] {dag.py:3954} INFO - Setting next_dagrun for example_xcom to 2021-01-01 00:00:00+00:00, run_after=2021-01-01 00:00:00+00:00
[2025-05-21T12:38:07.062+0000] {processor.py:183} INFO - Processing /home/airflow/.local/lib/python3.12/site-packages/airflow/example_dags/example_xcom.py took 0.031 seconds
[2025-05-21T12:38:37.469+0000] {processor.py:161} INFO - Started process (PID=1381) to work on /home/airflow/.local/lib/python3.12/site-packages/airflow/example_dags/example_xcom.py
[2025-05-21T12:38:37.469+0000] {processor.py:830} INFO - Processing file /home/airflow/.local/lib/python3.12/site-packages/airflow/example_dags/example_xcom.py for tasks to queue
[2025-05-21T12:38:37.470+0000] {logging_mixin.py:188} INFO - [2025-05-21T12:38:37.470+0000] {dagbag.py:545} INFO - Filling up the DagBag from /home/airflow/.local/lib/python3.12/site-packages/airflow/example_dags/example_xcom.py
[2025-05-21T12:38:37.474+0000] {processor.py:840} INFO - DAG(s) 'example_xcom' retrieved from /home/airflow/.local/lib/python3.12/site-packages/airflow/example_dags/example_xcom.py
[2025-05-21T12:38:37.490+0000] {logging_mixin.py:188} INFO - [2025-05-21T12:38:37.490+0000] {dag.py:3096} INFO - Sync 1 DAGs
[2025-05-21T12:38:37.503+0000] {logging_mixin.py:188} INFO - [2025-05-21T12:38:37.503+0000] {dag.py:3954} INFO - Setting next_dagrun for example_xcom to 2021-01-01 00:00:00+00:00, run_after=2021-01-01 00:00:00+00:00
[2025-05-21T12:38:37.511+0000] {processor.py:183} INFO - Processing /home/airflow/.local/lib/python3.12/site-packages/airflow/example_dags/example_xcom.py took 0.045 seconds
[2025-05-21T12:39:08.030+0000] {processor.py:161} INFO - Started process (PID=1441) to work on /home/airflow/.local/lib/python3.12/site-packages/airflow/example_dags/example_xcom.py
[2025-05-21T12:39:08.031+0000] {processor.py:830} INFO - Processing file /home/airflow/.local/lib/python3.12/site-packages/airflow/example_dags/example_xcom.py for tasks to queue
[2025-05-21T12:39:08.033+0000] {logging_mixin.py:188} INFO - [2025-05-21T12:39:08.033+0000] {dagbag.py:545} INFO - Filling up the DagBag from /home/airflow/.local/lib/python3.12/site-packages/airflow/example_dags/example_xcom.py
[2025-05-21T12:39:08.037+0000] {processor.py:840} INFO - DAG(s) 'example_xcom' retrieved from /home/airflow/.local/lib/python3.12/site-packages/airflow/example_dags/example_xcom.py
[2025-05-21T12:39:08.049+0000] {logging_mixin.py:188} INFO - [2025-05-21T12:39:08.049+0000] {dag.py:3096} INFO - Sync 1 DAGs
[2025-05-21T12:39:08.058+0000] {logging_mixin.py:188} INFO - [2025-05-21T12:39:08.058+0000] {dag.py:3954} INFO - Setting next_dagrun for example_xcom to 2021-01-01 00:00:00+00:00, run_after=2021-01-01 00:00:00+00:00
[2025-05-21T12:39:08.066+0000] {processor.py:183} INFO - Processing /home/airflow/.local/lib/python3.12/site-packages/airflow/example_dags/example_xcom.py took 0.039 seconds
[2025-05-21T12:40:58.530+0000] {processor.py:161} INFO - Started process (PID=122) to work on /home/airflow/.local/lib/python3.12/site-packages/airflow/example_dags/example_xcom.py
[2025-05-21T12:40:58.531+0000] {processor.py:830} INFO - Processing file /home/airflow/.local/lib/python3.12/site-packages/airflow/example_dags/example_xcom.py for tasks to queue
[2025-05-21T12:40:58.537+0000] {logging_mixin.py:188} INFO - [2025-05-21T12:40:58.537+0000] {dagbag.py:545} INFO - Filling up the DagBag from /home/airflow/.local/lib/python3.12/site-packages/airflow/example_dags/example_xcom.py
[2025-05-21T12:40:58.545+0000] {processor.py:840} INFO - DAG(s) 'example_xcom' retrieved from /home/airflow/.local/lib/python3.12/site-packages/airflow/example_dags/example_xcom.py
[2025-05-21T12:40:58.602+0000] {logging_mixin.py:188} INFO - [2025-05-21T12:40:58.601+0000] {override.py:1829} INFO - Created Permission View: can edit on DAG:example_xcom
[2025-05-21T12:40:58.613+0000] {logging_mixin.py:188} INFO - [2025-05-21T12:40:58.613+0000] {override.py:1829} INFO - Created Permission View: can delete on DAG:example_xcom
[2025-05-21T12:40:58.620+0000] {logging_mixin.py:188} INFO - [2025-05-21T12:40:58.620+0000] {override.py:1829} INFO - Created Permission View: can read on DAG:example_xcom
[2025-05-21T12:40:58.621+0000] {logging_mixin.py:188} INFO - [2025-05-21T12:40:58.621+0000] {dag.py:3096} INFO - Sync 1 DAGs
[2025-05-21T12:40:58.631+0000] {logging_mixin.py:188} INFO - [2025-05-21T12:40:58.631+0000] {dag.py:3118} INFO - Creating ORM DAG for example_xcom
[2025-05-21T12:40:58.644+0000] {logging_mixin.py:188} INFO - [2025-05-21T12:40:58.644+0000] {dag.py:3954} INFO - Setting next_dagrun for example_xcom to 2021-01-01 00:00:00+00:00, run_after=2021-01-01 00:00:00+00:00
[2025-05-21T12:40:58.659+0000] {processor.py:183} INFO - Processing /home/airflow/.local/lib/python3.12/site-packages/airflow/example_dags/example_xcom.py took 0.133 seconds
[2025-05-21T12:41:29.687+0000] {processor.py:161} INFO - Started process (PID=182) to work on /home/airflow/.local/lib/python3.12/site-packages/airflow/example_dags/example_xcom.py
[2025-05-21T12:41:29.688+0000] {processor.py:830} INFO - Processing file /home/airflow/.local/lib/python3.12/site-packages/airflow/example_dags/example_xcom.py for tasks to queue
[2025-05-21T12:41:29.689+0000] {logging_mixin.py:188} INFO - [2025-05-21T12:41:29.689+0000] {dagbag.py:545} INFO - Filling up the DagBag from /home/airflow/.local/lib/python3.12/site-packages/airflow/example_dags/example_xcom.py
[2025-05-21T12:41:29.703+0000] {processor.py:840} INFO - DAG(s) 'example_xcom' retrieved from /home/airflow/.local/lib/python3.12/site-packages/airflow/example_dags/example_xcom.py
[2025-05-21T12:41:29.718+0000] {logging_mixin.py:188} INFO - [2025-05-21T12:41:29.718+0000] {dag.py:3096} INFO - Sync 1 DAGs
[2025-05-21T12:41:29.729+0000] {logging_mixin.py:188} INFO - [2025-05-21T12:41:29.728+0000] {dag.py:3954} INFO - Setting next_dagrun for example_xcom to 2021-01-01 00:00:00+00:00, run_after=2021-01-01 00:00:00+00:00
[2025-05-21T12:41:29.741+0000] {processor.py:183} INFO - Processing /home/airflow/.local/lib/python3.12/site-packages/airflow/example_dags/example_xcom.py took 0.056 seconds
[2025-05-21T12:42:00.107+0000] {processor.py:161} INFO - Started process (PID=242) to work on /home/airflow/.local/lib/python3.12/site-packages/airflow/example_dags/example_xcom.py
[2025-05-21T12:42:00.108+0000] {processor.py:830} INFO - Processing file /home/airflow/.local/lib/python3.12/site-packages/airflow/example_dags/example_xcom.py for tasks to queue
[2025-05-21T12:42:00.109+0000] {logging_mixin.py:188} INFO - [2025-05-21T12:42:00.108+0000] {dagbag.py:545} INFO - Filling up the DagBag from /home/airflow/.local/lib/python3.12/site-packages/airflow/example_dags/example_xcom.py
[2025-05-21T12:42:00.113+0000] {processor.py:840} INFO - DAG(s) 'example_xcom' retrieved from /home/airflow/.local/lib/python3.12/site-packages/airflow/example_dags/example_xcom.py
[2025-05-21T12:42:00.124+0000] {logging_mixin.py:188} INFO - [2025-05-21T12:42:00.124+0000] {dag.py:3096} INFO - Sync 1 DAGs
[2025-05-21T12:42:00.133+0000] {logging_mixin.py:188} INFO - [2025-05-21T12:42:00.133+0000] {dag.py:3954} INFO - Setting next_dagrun for example_xcom to 2021-01-01 00:00:00+00:00, run_after=2021-01-01 00:00:00+00:00
[2025-05-21T12:42:00.141+0000] {processor.py:183} INFO - Processing /home/airflow/.local/lib/python3.12/site-packages/airflow/example_dags/example_xcom.py took 0.036 seconds
[2025-05-21T12:42:30.639+0000] {processor.py:161} INFO - Started process (PID=302) to work on /home/airflow/.local/lib/python3.12/site-packages/airflow/example_dags/example_xcom.py
[2025-05-21T12:42:30.640+0000] {processor.py:830} INFO - Processing file /home/airflow/.local/lib/python3.12/site-packages/airflow/example_dags/example_xcom.py for tasks to queue
[2025-05-21T12:42:30.641+0000] {logging_mixin.py:188} INFO - [2025-05-21T12:42:30.641+0000] {dagbag.py:545} INFO - Filling up the DagBag from /home/airflow/.local/lib/python3.12/site-packages/airflow/example_dags/example_xcom.py
[2025-05-21T12:42:30.645+0000] {processor.py:840} INFO - DAG(s) 'example_xcom' retrieved from /home/airflow/.local/lib/python3.12/site-packages/airflow/example_dags/example_xcom.py
[2025-05-21T12:42:30.659+0000] {logging_mixin.py:188} INFO - [2025-05-21T12:42:30.659+0000] {dag.py:3096} INFO - Sync 1 DAGs
[2025-05-21T12:42:30.673+0000] {logging_mixin.py:188} INFO - [2025-05-21T12:42:30.673+0000] {dag.py:3954} INFO - Setting next_dagrun for example_xcom to 2021-01-01 00:00:00+00:00, run_after=2021-01-01 00:00:00+00:00
[2025-05-21T12:42:30.690+0000] {processor.py:183} INFO - Processing /home/airflow/.local/lib/python3.12/site-packages/airflow/example_dags/example_xcom.py took 0.054 seconds
[2025-05-21T12:43:01.146+0000] {processor.py:161} INFO - Started process (PID=362) to work on /home/airflow/.local/lib/python3.12/site-packages/airflow/example_dags/example_xcom.py
[2025-05-21T12:43:01.146+0000] {processor.py:830} INFO - Processing file /home/airflow/.local/lib/python3.12/site-packages/airflow/example_dags/example_xcom.py for tasks to queue
[2025-05-21T12:43:01.147+0000] {logging_mixin.py:188} INFO - [2025-05-21T12:43:01.147+0000] {dagbag.py:545} INFO - Filling up the DagBag from /home/airflow/.local/lib/python3.12/site-packages/airflow/example_dags/example_xcom.py
[2025-05-21T12:43:01.152+0000] {processor.py:840} INFO - DAG(s) 'example_xcom' retrieved from /home/airflow/.local/lib/python3.12/site-packages/airflow/example_dags/example_xcom.py
[2025-05-21T12:43:01.163+0000] {logging_mixin.py:188} INFO - [2025-05-21T12:43:01.162+0000] {dag.py:3096} INFO - Sync 1 DAGs
[2025-05-21T12:43:01.176+0000] {logging_mixin.py:188} INFO - [2025-05-21T12:43:01.176+0000] {dag.py:3954} INFO - Setting next_dagrun for example_xcom to 2021-01-01 00:00:00+00:00, run_after=2021-01-01 00:00:00+00:00
[2025-05-21T12:43:01.188+0000] {processor.py:183} INFO - Processing /home/airflow/.local/lib/python3.12/site-packages/airflow/example_dags/example_xcom.py took 0.045 seconds
[2025-05-21T12:43:31.542+0000] {processor.py:161} INFO - Started process (PID=422) to work on /home/airflow/.local/lib/python3.12/site-packages/airflow/example_dags/example_xcom.py
[2025-05-21T12:43:31.543+0000] {processor.py:830} INFO - Processing file /home/airflow/.local/lib/python3.12/site-packages/airflow/example_dags/example_xcom.py for tasks to queue
[2025-05-21T12:43:31.544+0000] {logging_mixin.py:188} INFO - [2025-05-21T12:43:31.544+0000] {dagbag.py:545} INFO - Filling up the DagBag from /home/airflow/.local/lib/python3.12/site-packages/airflow/example_dags/example_xcom.py
[2025-05-21T12:43:31.549+0000] {processor.py:840} INFO - DAG(s) 'example_xcom' retrieved from /home/airflow/.local/lib/python3.12/site-packages/airflow/example_dags/example_xcom.py
[2025-05-21T12:43:31.560+0000] {logging_mixin.py:188} INFO - [2025-05-21T12:43:31.560+0000] {dag.py:3096} INFO - Sync 1 DAGs
[2025-05-21T12:43:31.574+0000] {logging_mixin.py:188} INFO - [2025-05-21T12:43:31.573+0000] {dag.py:3954} INFO - Setting next_dagrun for example_xcom to 2021-01-01 00:00:00+00:00, run_after=2021-01-01 00:00:00+00:00
[2025-05-21T12:43:31.585+0000] {processor.py:183} INFO - Processing /home/airflow/.local/lib/python3.12/site-packages/airflow/example_dags/example_xcom.py took 0.046 seconds
[2025-05-21T12:44:02.139+0000] {processor.py:161} INFO - Started process (PID=482) to work on /home/airflow/.local/lib/python3.12/site-packages/airflow/example_dags/example_xcom.py
[2025-05-21T12:44:02.141+0000] {processor.py:830} INFO - Processing file /home/airflow/.local/lib/python3.12/site-packages/airflow/example_dags/example_xcom.py for tasks to queue
[2025-05-21T12:44:02.142+0000] {logging_mixin.py:188} INFO - [2025-05-21T12:44:02.142+0000] {dagbag.py:545} INFO - Filling up the DagBag from /home/airflow/.local/lib/python3.12/site-packages/airflow/example_dags/example_xcom.py
[2025-05-21T12:44:02.146+0000] {processor.py:840} INFO - DAG(s) 'example_xcom' retrieved from /home/airflow/.local/lib/python3.12/site-packages/airflow/example_dags/example_xcom.py
[2025-05-21T12:44:02.163+0000] {logging_mixin.py:188} INFO - [2025-05-21T12:44:02.163+0000] {dag.py:3096} INFO - Sync 1 DAGs
[2025-05-21T12:44:02.178+0000] {logging_mixin.py:188} INFO - [2025-05-21T12:44:02.178+0000] {dag.py:3954} INFO - Setting next_dagrun for example_xcom to 2021-01-01 00:00:00+00:00, run_after=2021-01-01 00:00:00+00:00
[2025-05-21T12:44:02.216+0000] {processor.py:183} INFO - Processing /home/airflow/.local/lib/python3.12/site-packages/airflow/example_dags/example_xcom.py took 0.080 seconds
[2025-05-21T12:44:32.573+0000] {processor.py:161} INFO - Started process (PID=542) to work on /home/airflow/.local/lib/python3.12/site-packages/airflow/example_dags/example_xcom.py
[2025-05-21T12:44:32.574+0000] {processor.py:830} INFO - Processing file /home/airflow/.local/lib/python3.12/site-packages/airflow/example_dags/example_xcom.py for tasks to queue
[2025-05-21T12:44:32.575+0000] {logging_mixin.py:188} INFO - [2025-05-21T12:44:32.575+0000] {dagbag.py:545} INFO - Filling up the DagBag from /home/airflow/.local/lib/python3.12/site-packages/airflow/example_dags/example_xcom.py
[2025-05-21T12:44:32.579+0000] {processor.py:840} INFO - DAG(s) 'example_xcom' retrieved from /home/airflow/.local/lib/python3.12/site-packages/airflow/example_dags/example_xcom.py
[2025-05-21T12:44:32.593+0000] {logging_mixin.py:188} INFO - [2025-05-21T12:44:32.593+0000] {dag.py:3096} INFO - Sync 1 DAGs
[2025-05-21T12:44:32.603+0000] {logging_mixin.py:188} INFO - [2025-05-21T12:44:32.603+0000] {dag.py:3954} INFO - Setting next_dagrun for example_xcom to 2021-01-01 00:00:00+00:00, run_after=2021-01-01 00:00:00+00:00
[2025-05-21T12:44:32.614+0000] {processor.py:183} INFO - Processing /home/airflow/.local/lib/python3.12/site-packages/airflow/example_dags/example_xcom.py took 0.044 seconds
[2025-05-21T12:45:03.627+0000] {processor.py:161} INFO - Started process (PID=602) to work on /home/airflow/.local/lib/python3.12/site-packages/airflow/example_dags/example_xcom.py
[2025-05-21T12:45:03.627+0000] {processor.py:830} INFO - Processing file /home/airflow/.local/lib/python3.12/site-packages/airflow/example_dags/example_xcom.py for tasks to queue
[2025-05-21T12:45:03.628+0000] {logging_mixin.py:188} INFO - [2025-05-21T12:45:03.628+0000] {dagbag.py:545} INFO - Filling up the DagBag from /home/airflow/.local/lib/python3.12/site-packages/airflow/example_dags/example_xcom.py
[2025-05-21T12:45:03.633+0000] {processor.py:840} INFO - DAG(s) 'example_xcom' retrieved from /home/airflow/.local/lib/python3.12/site-packages/airflow/example_dags/example_xcom.py
[2025-05-21T12:45:03.643+0000] {logging_mixin.py:188} INFO - [2025-05-21T12:45:03.643+0000] {dag.py:3096} INFO - Sync 1 DAGs
[2025-05-21T12:45:03.655+0000] {logging_mixin.py:188} INFO - [2025-05-21T12:45:03.655+0000] {dag.py:3954} INFO - Setting next_dagrun for example_xcom to 2021-01-01 00:00:00+00:00, run_after=2021-01-01 00:00:00+00:00
[2025-05-21T12:45:03.667+0000] {processor.py:183} INFO - Processing /home/airflow/.local/lib/python3.12/site-packages/airflow/example_dags/example_xcom.py took 0.043 seconds
[2025-05-21T12:45:33.957+0000] {processor.py:161} INFO - Started process (PID=659) to work on /home/airflow/.local/lib/python3.12/site-packages/airflow/example_dags/example_xcom.py
[2025-05-21T12:45:33.958+0000] {processor.py:830} INFO - Processing file /home/airflow/.local/lib/python3.12/site-packages/airflow/example_dags/example_xcom.py for tasks to queue
[2025-05-21T12:45:33.959+0000] {logging_mixin.py:188} INFO - [2025-05-21T12:45:33.959+0000] {dagbag.py:545} INFO - Filling up the DagBag from /home/airflow/.local/lib/python3.12/site-packages/airflow/example_dags/example_xcom.py
[2025-05-21T12:45:33.962+0000] {processor.py:840} INFO - DAG(s) 'example_xcom' retrieved from /home/airflow/.local/lib/python3.12/site-packages/airflow/example_dags/example_xcom.py
[2025-05-21T12:45:33.973+0000] {logging_mixin.py:188} INFO - [2025-05-21T12:45:33.973+0000] {dag.py:3096} INFO - Sync 1 DAGs
[2025-05-21T12:45:33.984+0000] {logging_mixin.py:188} INFO - [2025-05-21T12:45:33.984+0000] {dag.py:3954} INFO - Setting next_dagrun for example_xcom to 2021-01-01 00:00:00+00:00, run_after=2021-01-01 00:00:00+00:00
[2025-05-21T12:45:34.001+0000] {processor.py:183} INFO - Processing /home/airflow/.local/lib/python3.12/site-packages/airflow/example_dags/example_xcom.py took 0.047 seconds
[2025-05-21T12:46:04.325+0000] {processor.py:161} INFO - Started process (PID=719) to work on /home/airflow/.local/lib/python3.12/site-packages/airflow/example_dags/example_xcom.py
[2025-05-21T12:46:04.326+0000] {processor.py:830} INFO - Processing file /home/airflow/.local/lib/python3.12/site-packages/airflow/example_dags/example_xcom.py for tasks to queue
[2025-05-21T12:46:04.327+0000] {logging_mixin.py:188} INFO - [2025-05-21T12:46:04.327+0000] {dagbag.py:545} INFO - Filling up the DagBag from /home/airflow/.local/lib/python3.12/site-packages/airflow/example_dags/example_xcom.py
[2025-05-21T12:46:04.330+0000] {processor.py:840} INFO - DAG(s) 'example_xcom' retrieved from /home/airflow/.local/lib/python3.12/site-packages/airflow/example_dags/example_xcom.py
[2025-05-21T12:46:04.342+0000] {logging_mixin.py:188} INFO - [2025-05-21T12:46:04.342+0000] {dag.py:3096} INFO - Sync 1 DAGs
[2025-05-21T12:46:04.352+0000] {logging_mixin.py:188} INFO - [2025-05-21T12:46:04.352+0000] {dag.py:3954} INFO - Setting next_dagrun for example_xcom to 2021-01-01 00:00:00+00:00, run_after=2021-01-01 00:00:00+00:00
[2025-05-21T12:46:04.360+0000] {processor.py:183} INFO - Processing /home/airflow/.local/lib/python3.12/site-packages/airflow/example_dags/example_xcom.py took 0.038 seconds
[2025-05-21T12:46:34.531+0000] {processor.py:161} INFO - Started process (PID=779) to work on /home/airflow/.local/lib/python3.12/site-packages/airflow/example_dags/example_xcom.py
[2025-05-21T12:46:34.532+0000] {processor.py:830} INFO - Processing file /home/airflow/.local/lib/python3.12/site-packages/airflow/example_dags/example_xcom.py for tasks to queue
[2025-05-21T12:46:34.534+0000] {logging_mixin.py:188} INFO - [2025-05-21T12:46:34.534+0000] {dagbag.py:545} INFO - Filling up the DagBag from /home/airflow/.local/lib/python3.12/site-packages/airflow/example_dags/example_xcom.py
[2025-05-21T12:46:34.538+0000] {processor.py:840} INFO - DAG(s) 'example_xcom' retrieved from /home/airflow/.local/lib/python3.12/site-packages/airflow/example_dags/example_xcom.py
[2025-05-21T12:46:34.553+0000] {logging_mixin.py:188} INFO - [2025-05-21T12:46:34.553+0000] {dag.py:3096} INFO - Sync 1 DAGs
[2025-05-21T12:46:34.566+0000] {logging_mixin.py:188} INFO - [2025-05-21T12:46:34.566+0000] {dag.py:3954} INFO - Setting next_dagrun for example_xcom to 2021-01-01 00:00:00+00:00, run_after=2021-01-01 00:00:00+00:00
[2025-05-21T12:46:34.580+0000] {processor.py:183} INFO - Processing /home/airflow/.local/lib/python3.12/site-packages/airflow/example_dags/example_xcom.py took 0.052 seconds
[2025-05-21T12:47:04.888+0000] {processor.py:161} INFO - Started process (PID=839) to work on /home/airflow/.local/lib/python3.12/site-packages/airflow/example_dags/example_xcom.py
[2025-05-21T12:47:04.889+0000] {processor.py:830} INFO - Processing file /home/airflow/.local/lib/python3.12/site-packages/airflow/example_dags/example_xcom.py for tasks to queue
[2025-05-21T12:47:04.890+0000] {logging_mixin.py:188} INFO - [2025-05-21T12:47:04.890+0000] {dagbag.py:545} INFO - Filling up the DagBag from /home/airflow/.local/lib/python3.12/site-packages/airflow/example_dags/example_xcom.py
[2025-05-21T12:47:04.894+0000] {processor.py:840} INFO - DAG(s) 'example_xcom' retrieved from /home/airflow/.local/lib/python3.12/site-packages/airflow/example_dags/example_xcom.py
[2025-05-21T12:47:04.909+0000] {logging_mixin.py:188} INFO - [2025-05-21T12:47:04.909+0000] {dag.py:3096} INFO - Sync 1 DAGs
[2025-05-21T12:47:04.920+0000] {logging_mixin.py:188} INFO - [2025-05-21T12:47:04.919+0000] {dag.py:3954} INFO - Setting next_dagrun for example_xcom to 2021-01-01 00:00:00+00:00, run_after=2021-01-01 00:00:00+00:00
[2025-05-21T12:47:04.933+0000] {processor.py:183} INFO - Processing /home/airflow/.local/lib/python3.12/site-packages/airflow/example_dags/example_xcom.py took 0.048 seconds
[2025-05-21T12:47:35.432+0000] {processor.py:161} INFO - Started process (PID=899) to work on /home/airflow/.local/lib/python3.12/site-packages/airflow/example_dags/example_xcom.py
[2025-05-21T12:47:35.433+0000] {processor.py:830} INFO - Processing file /home/airflow/.local/lib/python3.12/site-packages/airflow/example_dags/example_xcom.py for tasks to queue
[2025-05-21T12:47:35.435+0000] {logging_mixin.py:188} INFO - [2025-05-21T12:47:35.434+0000] {dagbag.py:545} INFO - Filling up the DagBag from /home/airflow/.local/lib/python3.12/site-packages/airflow/example_dags/example_xcom.py
[2025-05-21T12:47:35.443+0000] {processor.py:840} INFO - DAG(s) 'example_xcom' retrieved from /home/airflow/.local/lib/python3.12/site-packages/airflow/example_dags/example_xcom.py
[2025-05-21T12:47:35.455+0000] {logging_mixin.py:188} INFO - [2025-05-21T12:47:35.455+0000] {dag.py:3096} INFO - Sync 1 DAGs
[2025-05-21T12:47:35.465+0000] {logging_mixin.py:188} INFO - [2025-05-21T12:47:35.465+0000] {dag.py:3954} INFO - Setting next_dagrun for example_xcom to 2021-01-01 00:00:00+00:00, run_after=2021-01-01 00:00:00+00:00
[2025-05-21T12:47:35.476+0000] {processor.py:183} INFO - Processing /home/airflow/.local/lib/python3.12/site-packages/airflow/example_dags/example_xcom.py took 0.047 seconds
[2025-05-21T12:48:06.536+0000] {processor.py:161} INFO - Started process (PID=959) to work on /home/airflow/.local/lib/python3.12/site-packages/airflow/example_dags/example_xcom.py
[2025-05-21T12:48:06.537+0000] {processor.py:830} INFO - Processing file /home/airflow/.local/lib/python3.12/site-packages/airflow/example_dags/example_xcom.py for tasks to queue
[2025-05-21T12:48:06.538+0000] {logging_mixin.py:188} INFO - [2025-05-21T12:48:06.538+0000] {dagbag.py:545} INFO - Filling up the DagBag from /home/airflow/.local/lib/python3.12/site-packages/airflow/example_dags/example_xcom.py
[2025-05-21T12:48:06.542+0000] {processor.py:840} INFO - DAG(s) 'example_xcom' retrieved from /home/airflow/.local/lib/python3.12/site-packages/airflow/example_dags/example_xcom.py
[2025-05-21T12:48:06.557+0000] {logging_mixin.py:188} INFO - [2025-05-21T12:48:06.556+0000] {dag.py:3096} INFO - Sync 1 DAGs
[2025-05-21T12:48:06.566+0000] {logging_mixin.py:188} INFO - [2025-05-21T12:48:06.566+0000] {dag.py:3954} INFO - Setting next_dagrun for example_xcom to 2021-01-01 00:00:00+00:00, run_after=2021-01-01 00:00:00+00:00
[2025-05-21T12:48:06.578+0000] {processor.py:183} INFO - Processing /home/airflow/.local/lib/python3.12/site-packages/airflow/example_dags/example_xcom.py took 0.045 seconds
[2025-05-21T12:48:37.646+0000] {processor.py:161} INFO - Started process (PID=1019) to work on /home/airflow/.local/lib/python3.12/site-packages/airflow/example_dags/example_xcom.py
[2025-05-21T12:48:37.647+0000] {processor.py:830} INFO - Processing file /home/airflow/.local/lib/python3.12/site-packages/airflow/example_dags/example_xcom.py for tasks to queue
[2025-05-21T12:48:37.648+0000] {logging_mixin.py:188} INFO - [2025-05-21T12:48:37.648+0000] {dagbag.py:545} INFO - Filling up the DagBag from /home/airflow/.local/lib/python3.12/site-packages/airflow/example_dags/example_xcom.py
[2025-05-21T12:48:37.652+0000] {processor.py:840} INFO - DAG(s) 'example_xcom' retrieved from /home/airflow/.local/lib/python3.12/site-packages/airflow/example_dags/example_xcom.py
[2025-05-21T12:48:37.663+0000] {logging_mixin.py:188} INFO - [2025-05-21T12:48:37.663+0000] {dag.py:3096} INFO - Sync 1 DAGs
[2025-05-21T12:48:37.674+0000] {logging_mixin.py:188} INFO - [2025-05-21T12:48:37.673+0000] {dag.py:3954} INFO - Setting next_dagrun for example_xcom to 2021-01-01 00:00:00+00:00, run_after=2021-01-01 00:00:00+00:00
[2025-05-21T12:48:37.682+0000] {processor.py:183} INFO - Processing /home/airflow/.local/lib/python3.12/site-packages/airflow/example_dags/example_xcom.py took 0.042 seconds
[2025-05-21T12:49:08.406+0000] {processor.py:161} INFO - Started process (PID=1079) to work on /home/airflow/.local/lib/python3.12/site-packages/airflow/example_dags/example_xcom.py
[2025-05-21T12:49:08.407+0000] {processor.py:830} INFO - Processing file /home/airflow/.local/lib/python3.12/site-packages/airflow/example_dags/example_xcom.py for tasks to queue
[2025-05-21T12:49:08.407+0000] {logging_mixin.py:188} INFO - [2025-05-21T12:49:08.407+0000] {dagbag.py:545} INFO - Filling up the DagBag from /home/airflow/.local/lib/python3.12/site-packages/airflow/example_dags/example_xcom.py
[2025-05-21T12:49:08.412+0000] {processor.py:840} INFO - DAG(s) 'example_xcom' retrieved from /home/airflow/.local/lib/python3.12/site-packages/airflow/example_dags/example_xcom.py
[2025-05-21T12:49:08.434+0000] {logging_mixin.py:188} INFO - [2025-05-21T12:49:08.434+0000] {dag.py:3096} INFO - Sync 1 DAGs
[2025-05-21T12:49:08.444+0000] {logging_mixin.py:188} INFO - [2025-05-21T12:49:08.444+0000] {dag.py:3954} INFO - Setting next_dagrun for example_xcom to 2021-01-01 00:00:00+00:00, run_after=2021-01-01 00:00:00+00:00
[2025-05-21T12:49:08.453+0000] {processor.py:183} INFO - Processing /home/airflow/.local/lib/python3.12/site-packages/airflow/example_dags/example_xcom.py took 0.052 seconds
[2025-05-21T12:49:39.377+0000] {processor.py:161} INFO - Started process (PID=1139) to work on /home/airflow/.local/lib/python3.12/site-packages/airflow/example_dags/example_xcom.py
[2025-05-21T12:49:39.378+0000] {processor.py:830} INFO - Processing file /home/airflow/.local/lib/python3.12/site-packages/airflow/example_dags/example_xcom.py for tasks to queue
[2025-05-21T12:49:39.378+0000] {logging_mixin.py:188} INFO - [2025-05-21T12:49:39.378+0000] {dagbag.py:545} INFO - Filling up the DagBag from /home/airflow/.local/lib/python3.12/site-packages/airflow/example_dags/example_xcom.py
[2025-05-21T12:49:39.383+0000] {processor.py:840} INFO - DAG(s) 'example_xcom' retrieved from /home/airflow/.local/lib/python3.12/site-packages/airflow/example_dags/example_xcom.py
[2025-05-21T12:49:39.393+0000] {logging_mixin.py:188} INFO - [2025-05-21T12:49:39.392+0000] {dag.py:3096} INFO - Sync 1 DAGs
[2025-05-21T12:49:39.401+0000] {logging_mixin.py:188} INFO - [2025-05-21T12:49:39.401+0000] {dag.py:3954} INFO - Setting next_dagrun for example_xcom to 2021-01-01 00:00:00+00:00, run_after=2021-01-01 00:00:00+00:00
[2025-05-21T12:49:39.408+0000] {processor.py:183} INFO - Processing /home/airflow/.local/lib/python3.12/site-packages/airflow/example_dags/example_xcom.py took 0.034 seconds
[2025-05-21T12:50:09.726+0000] {processor.py:161} INFO - Started process (PID=1199) to work on /home/airflow/.local/lib/python3.12/site-packages/airflow/example_dags/example_xcom.py
[2025-05-21T12:50:09.726+0000] {processor.py:830} INFO - Processing file /home/airflow/.local/lib/python3.12/site-packages/airflow/example_dags/example_xcom.py for tasks to queue
[2025-05-21T12:50:09.727+0000] {logging_mixin.py:188} INFO - [2025-05-21T12:50:09.727+0000] {dagbag.py:545} INFO - Filling up the DagBag from /home/airflow/.local/lib/python3.12/site-packages/airflow/example_dags/example_xcom.py
[2025-05-21T12:50:09.731+0000] {processor.py:840} INFO - DAG(s) 'example_xcom' retrieved from /home/airflow/.local/lib/python3.12/site-packages/airflow/example_dags/example_xcom.py
[2025-05-21T12:50:09.741+0000] {logging_mixin.py:188} INFO - [2025-05-21T12:50:09.741+0000] {dag.py:3096} INFO - Sync 1 DAGs
[2025-05-21T12:50:09.749+0000] {logging_mixin.py:188} INFO - [2025-05-21T12:50:09.749+0000] {dag.py:3954} INFO - Setting next_dagrun for example_xcom to 2021-01-01 00:00:00+00:00, run_after=2021-01-01 00:00:00+00:00
[2025-05-21T12:50:09.757+0000] {processor.py:183} INFO - Processing /home/airflow/.local/lib/python3.12/site-packages/airflow/example_dags/example_xcom.py took 0.034 seconds
[2025-05-21T12:50:40.662+0000] {processor.py:161} INFO - Started process (PID=1259) to work on /home/airflow/.local/lib/python3.12/site-packages/airflow/example_dags/example_xcom.py
[2025-05-21T12:50:40.662+0000] {processor.py:830} INFO - Processing file /home/airflow/.local/lib/python3.12/site-packages/airflow/example_dags/example_xcom.py for tasks to queue
[2025-05-21T12:50:40.663+0000] {logging_mixin.py:188} INFO - [2025-05-21T12:50:40.663+0000] {dagbag.py:545} INFO - Filling up the DagBag from /home/airflow/.local/lib/python3.12/site-packages/airflow/example_dags/example_xcom.py
[2025-05-21T12:50:40.668+0000] {processor.py:840} INFO - DAG(s) 'example_xcom' retrieved from /home/airflow/.local/lib/python3.12/site-packages/airflow/example_dags/example_xcom.py
[2025-05-21T12:50:40.681+0000] {logging_mixin.py:188} INFO - [2025-05-21T12:50:40.680+0000] {dag.py:3096} INFO - Sync 1 DAGs
[2025-05-21T12:50:40.714+0000] {logging_mixin.py:188} INFO - [2025-05-21T12:50:40.713+0000] {dag.py:3954} INFO - Setting next_dagrun for example_xcom to 2021-01-01 00:00:00+00:00, run_after=2021-01-01 00:00:00+00:00
[2025-05-21T12:50:40.723+0000] {processor.py:183} INFO - Processing /home/airflow/.local/lib/python3.12/site-packages/airflow/example_dags/example_xcom.py took 0.065 seconds
[2025-05-21T12:51:11.482+0000] {processor.py:161} INFO - Started process (PID=1319) to work on /home/airflow/.local/lib/python3.12/site-packages/airflow/example_dags/example_xcom.py
[2025-05-21T12:51:11.482+0000] {processor.py:830} INFO - Processing file /home/airflow/.local/lib/python3.12/site-packages/airflow/example_dags/example_xcom.py for tasks to queue
[2025-05-21T12:51:11.483+0000] {logging_mixin.py:188} INFO - [2025-05-21T12:51:11.483+0000] {dagbag.py:545} INFO - Filling up the DagBag from /home/airflow/.local/lib/python3.12/site-packages/airflow/example_dags/example_xcom.py
[2025-05-21T12:51:11.488+0000] {processor.py:840} INFO - DAG(s) 'example_xcom' retrieved from /home/airflow/.local/lib/python3.12/site-packages/airflow/example_dags/example_xcom.py
[2025-05-21T12:51:11.502+0000] {logging_mixin.py:188} INFO - [2025-05-21T12:51:11.502+0000] {dag.py:3096} INFO - Sync 1 DAGs
[2025-05-21T12:51:11.515+0000] {logging_mixin.py:188} INFO - [2025-05-21T12:51:11.515+0000] {dag.py:3954} INFO - Setting next_dagrun for example_xcom to 2021-01-01 00:00:00+00:00, run_after=2021-01-01 00:00:00+00:00
[2025-05-21T12:51:11.528+0000] {processor.py:183} INFO - Processing /home/airflow/.local/lib/python3.12/site-packages/airflow/example_dags/example_xcom.py took 0.050 seconds
[2025-05-21T12:51:41.633+0000] {processor.py:161} INFO - Started process (PID=1379) to work on /home/airflow/.local/lib/python3.12/site-packages/airflow/example_dags/example_xcom.py
[2025-05-21T12:51:41.634+0000] {processor.py:830} INFO - Processing file /home/airflow/.local/lib/python3.12/site-packages/airflow/example_dags/example_xcom.py for tasks to queue
[2025-05-21T12:51:41.636+0000] {logging_mixin.py:188} INFO - [2025-05-21T12:51:41.636+0000] {dagbag.py:545} INFO - Filling up the DagBag from /home/airflow/.local/lib/python3.12/site-packages/airflow/example_dags/example_xcom.py
[2025-05-21T12:51:41.641+0000] {processor.py:840} INFO - DAG(s) 'example_xcom' retrieved from /home/airflow/.local/lib/python3.12/site-packages/airflow/example_dags/example_xcom.py
[2025-05-21T12:51:41.652+0000] {logging_mixin.py:188} INFO - [2025-05-21T12:51:41.652+0000] {dag.py:3096} INFO - Sync 1 DAGs
[2025-05-21T12:51:41.663+0000] {logging_mixin.py:188} INFO - [2025-05-21T12:51:41.663+0000] {dag.py:3954} INFO - Setting next_dagrun for example_xcom to 2021-01-01 00:00:00+00:00, run_after=2021-01-01 00:00:00+00:00
[2025-05-21T12:51:41.674+0000] {processor.py:183} INFO - Processing /home/airflow/.local/lib/python3.12/site-packages/airflow/example_dags/example_xcom.py took 0.044 seconds
[2025-05-21T12:52:12.469+0000] {processor.py:161} INFO - Started process (PID=1439) to work on /home/airflow/.local/lib/python3.12/site-packages/airflow/example_dags/example_xcom.py
[2025-05-21T12:52:12.469+0000] {processor.py:830} INFO - Processing file /home/airflow/.local/lib/python3.12/site-packages/airflow/example_dags/example_xcom.py for tasks to queue
[2025-05-21T12:52:12.470+0000] {logging_mixin.py:188} INFO - [2025-05-21T12:52:12.470+0000] {dagbag.py:545} INFO - Filling up the DagBag from /home/airflow/.local/lib/python3.12/site-packages/airflow/example_dags/example_xcom.py
[2025-05-21T12:52:12.474+0000] {processor.py:840} INFO - DAG(s) 'example_xcom' retrieved from /home/airflow/.local/lib/python3.12/site-packages/airflow/example_dags/example_xcom.py
[2025-05-21T12:52:12.484+0000] {logging_mixin.py:188} INFO - [2025-05-21T12:52:12.484+0000] {dag.py:3096} INFO - Sync 1 DAGs
[2025-05-21T12:52:12.493+0000] {logging_mixin.py:188} INFO - [2025-05-21T12:52:12.493+0000] {dag.py:3954} INFO - Setting next_dagrun for example_xcom to 2021-01-01 00:00:00+00:00, run_after=2021-01-01 00:00:00+00:00
[2025-05-21T12:52:12.502+0000] {processor.py:183} INFO - Processing /home/airflow/.local/lib/python3.12/site-packages/airflow/example_dags/example_xcom.py took 0.036 seconds
[2025-05-21T12:52:43.557+0000] {processor.py:161} INFO - Started process (PID=1499) to work on /home/airflow/.local/lib/python3.12/site-packages/airflow/example_dags/example_xcom.py
[2025-05-21T12:52:43.557+0000] {processor.py:830} INFO - Processing file /home/airflow/.local/lib/python3.12/site-packages/airflow/example_dags/example_xcom.py for tasks to queue
[2025-05-21T12:52:43.558+0000] {logging_mixin.py:188} INFO - [2025-05-21T12:52:43.558+0000] {dagbag.py:545} INFO - Filling up the DagBag from /home/airflow/.local/lib/python3.12/site-packages/airflow/example_dags/example_xcom.py
[2025-05-21T12:52:43.562+0000] {processor.py:840} INFO - DAG(s) 'example_xcom' retrieved from /home/airflow/.local/lib/python3.12/site-packages/airflow/example_dags/example_xcom.py
[2025-05-21T12:52:43.572+0000] {logging_mixin.py:188} INFO - [2025-05-21T12:52:43.572+0000] {dag.py:3096} INFO - Sync 1 DAGs
[2025-05-21T12:52:43.580+0000] {logging_mixin.py:188} INFO - [2025-05-21T12:52:43.580+0000] {dag.py:3954} INFO - Setting next_dagrun for example_xcom to 2021-01-01 00:00:00+00:00, run_after=2021-01-01 00:00:00+00:00
[2025-05-21T12:52:43.588+0000] {processor.py:183} INFO - Processing /home/airflow/.local/lib/python3.12/site-packages/airflow/example_dags/example_xcom.py took 0.034 seconds
[2025-05-21T12:53:14.269+0000] {processor.py:161} INFO - Started process (PID=1559) to work on /home/airflow/.local/lib/python3.12/site-packages/airflow/example_dags/example_xcom.py
[2025-05-21T12:53:14.270+0000] {processor.py:830} INFO - Processing file /home/airflow/.local/lib/python3.12/site-packages/airflow/example_dags/example_xcom.py for tasks to queue
[2025-05-21T12:53:14.271+0000] {logging_mixin.py:188} INFO - [2025-05-21T12:53:14.271+0000] {dagbag.py:545} INFO - Filling up the DagBag from /home/airflow/.local/lib/python3.12/site-packages/airflow/example_dags/example_xcom.py
[2025-05-21T12:53:14.275+0000] {processor.py:840} INFO - DAG(s) 'example_xcom' retrieved from /home/airflow/.local/lib/python3.12/site-packages/airflow/example_dags/example_xcom.py
[2025-05-21T12:53:14.292+0000] {logging_mixin.py:188} INFO - [2025-05-21T12:53:14.291+0000] {dag.py:3096} INFO - Sync 1 DAGs
[2025-05-21T12:53:14.306+0000] {logging_mixin.py:188} INFO - [2025-05-21T12:53:14.306+0000] {dag.py:3954} INFO - Setting next_dagrun for example_xcom to 2021-01-01 00:00:00+00:00, run_after=2021-01-01 00:00:00+00:00
[2025-05-21T12:53:14.320+0000] {processor.py:183} INFO - Processing /home/airflow/.local/lib/python3.12/site-packages/airflow/example_dags/example_xcom.py took 0.053 seconds
[2025-05-21T12:53:44.809+0000] {processor.py:161} INFO - Started process (PID=1619) to work on /home/airflow/.local/lib/python3.12/site-packages/airflow/example_dags/example_xcom.py
[2025-05-21T12:53:44.810+0000] {processor.py:830} INFO - Processing file /home/airflow/.local/lib/python3.12/site-packages/airflow/example_dags/example_xcom.py for tasks to queue
[2025-05-21T12:53:44.811+0000] {logging_mixin.py:188} INFO - [2025-05-21T12:53:44.811+0000] {dagbag.py:545} INFO - Filling up the DagBag from /home/airflow/.local/lib/python3.12/site-packages/airflow/example_dags/example_xcom.py
[2025-05-21T12:53:44.816+0000] {processor.py:840} INFO - DAG(s) 'example_xcom' retrieved from /home/airflow/.local/lib/python3.12/site-packages/airflow/example_dags/example_xcom.py
[2025-05-21T12:53:44.830+0000] {logging_mixin.py:188} INFO - [2025-05-21T12:53:44.830+0000] {dag.py:3096} INFO - Sync 1 DAGs
[2025-05-21T12:53:44.841+0000] {logging_mixin.py:188} INFO - [2025-05-21T12:53:44.841+0000] {dag.py:3954} INFO - Setting next_dagrun for example_xcom to 2021-01-01 00:00:00+00:00, run_after=2021-01-01 00:00:00+00:00
[2025-05-21T12:53:44.854+0000] {processor.py:183} INFO - Processing /home/airflow/.local/lib/python3.12/site-packages/airflow/example_dags/example_xcom.py took 0.048 seconds
[2025-05-21T12:54:15.862+0000] {processor.py:161} INFO - Started process (PID=1679) to work on /home/airflow/.local/lib/python3.12/site-packages/airflow/example_dags/example_xcom.py
[2025-05-21T12:54:15.862+0000] {processor.py:830} INFO - Processing file /home/airflow/.local/lib/python3.12/site-packages/airflow/example_dags/example_xcom.py for tasks to queue
[2025-05-21T12:54:15.864+0000] {logging_mixin.py:188} INFO - [2025-05-21T12:54:15.863+0000] {dagbag.py:545} INFO - Filling up the DagBag from /home/airflow/.local/lib/python3.12/site-packages/airflow/example_dags/example_xcom.py
[2025-05-21T12:54:15.869+0000] {processor.py:840} INFO - DAG(s) 'example_xcom' retrieved from /home/airflow/.local/lib/python3.12/site-packages/airflow/example_dags/example_xcom.py
[2025-05-21T12:54:15.889+0000] {logging_mixin.py:188} INFO - [2025-05-21T12:54:15.889+0000] {dag.py:3096} INFO - Sync 1 DAGs
[2025-05-21T12:54:15.922+0000] {logging_mixin.py:188} INFO - [2025-05-21T12:54:15.921+0000] {dag.py:3954} INFO - Setting next_dagrun for example_xcom to 2021-01-01 00:00:00+00:00, run_after=2021-01-01 00:00:00+00:00
[2025-05-21T12:54:15.942+0000] {processor.py:183} INFO - Processing /home/airflow/.local/lib/python3.12/site-packages/airflow/example_dags/example_xcom.py took 0.086 seconds
[2025-05-21T12:54:46.550+0000] {processor.py:161} INFO - Started process (PID=1740) to work on /home/airflow/.local/lib/python3.12/site-packages/airflow/example_dags/example_xcom.py
[2025-05-21T12:54:46.551+0000] {processor.py:830} INFO - Processing file /home/airflow/.local/lib/python3.12/site-packages/airflow/example_dags/example_xcom.py for tasks to queue
[2025-05-21T12:54:46.552+0000] {logging_mixin.py:188} INFO - [2025-05-21T12:54:46.552+0000] {dagbag.py:545} INFO - Filling up the DagBag from /home/airflow/.local/lib/python3.12/site-packages/airflow/example_dags/example_xcom.py
[2025-05-21T12:54:46.557+0000] {processor.py:840} INFO - DAG(s) 'example_xcom' retrieved from /home/airflow/.local/lib/python3.12/site-packages/airflow/example_dags/example_xcom.py
[2025-05-21T12:54:46.572+0000] {logging_mixin.py:188} INFO - [2025-05-21T12:54:46.572+0000] {dag.py:3096} INFO - Sync 1 DAGs
[2025-05-21T12:54:46.585+0000] {logging_mixin.py:188} INFO - [2025-05-21T12:54:46.584+0000] {dag.py:3954} INFO - Setting next_dagrun for example_xcom to 2021-01-01 00:00:00+00:00, run_after=2021-01-01 00:00:00+00:00
[2025-05-21T12:54:46.596+0000] {processor.py:183} INFO - Processing /home/airflow/.local/lib/python3.12/site-packages/airflow/example_dags/example_xcom.py took 0.049 seconds
[2025-05-21T12:55:17.226+0000] {processor.py:161} INFO - Started process (PID=1800) to work on /home/airflow/.local/lib/python3.12/site-packages/airflow/example_dags/example_xcom.py
[2025-05-21T12:55:17.228+0000] {processor.py:830} INFO - Processing file /home/airflow/.local/lib/python3.12/site-packages/airflow/example_dags/example_xcom.py for tasks to queue
[2025-05-21T12:55:17.229+0000] {logging_mixin.py:188} INFO - [2025-05-21T12:55:17.229+0000] {dagbag.py:545} INFO - Filling up the DagBag from /home/airflow/.local/lib/python3.12/site-packages/airflow/example_dags/example_xcom.py
[2025-05-21T12:55:17.239+0000] {processor.py:840} INFO - DAG(s) 'example_xcom' retrieved from /home/airflow/.local/lib/python3.12/site-packages/airflow/example_dags/example_xcom.py
[2025-05-21T12:55:17.262+0000] {logging_mixin.py:188} INFO - [2025-05-21T12:55:17.262+0000] {dag.py:3096} INFO - Sync 1 DAGs
[2025-05-21T12:55:17.277+0000] {logging_mixin.py:188} INFO - [2025-05-21T12:55:17.277+0000] {dag.py:3954} INFO - Setting next_dagrun for example_xcom to 2021-01-01 00:00:00+00:00, run_after=2021-01-01 00:00:00+00:00
[2025-05-21T12:55:17.288+0000] {processor.py:183} INFO - Processing /home/airflow/.local/lib/python3.12/site-packages/airflow/example_dags/example_xcom.py took 0.065 seconds
[2025-05-21T12:55:47.701+0000] {processor.py:161} INFO - Started process (PID=1860) to work on /home/airflow/.local/lib/python3.12/site-packages/airflow/example_dags/example_xcom.py
[2025-05-21T12:55:47.702+0000] {processor.py:830} INFO - Processing file /home/airflow/.local/lib/python3.12/site-packages/airflow/example_dags/example_xcom.py for tasks to queue
[2025-05-21T12:55:47.703+0000] {logging_mixin.py:188} INFO - [2025-05-21T12:55:47.702+0000] {dagbag.py:545} INFO - Filling up the DagBag from /home/airflow/.local/lib/python3.12/site-packages/airflow/example_dags/example_xcom.py
[2025-05-21T12:55:47.707+0000] {processor.py:840} INFO - DAG(s) 'example_xcom' retrieved from /home/airflow/.local/lib/python3.12/site-packages/airflow/example_dags/example_xcom.py
[2025-05-21T12:55:47.721+0000] {logging_mixin.py:188} INFO - [2025-05-21T12:55:47.721+0000] {dag.py:3096} INFO - Sync 1 DAGs
[2025-05-21T12:55:47.812+0000] {logging_mixin.py:188} INFO - [2025-05-21T12:55:47.812+0000] {dag.py:3954} INFO - Setting next_dagrun for example_xcom to 2021-01-01 00:00:00+00:00, run_after=2021-01-01 00:00:00+00:00
[2025-05-21T12:55:47.819+0000] {processor.py:183} INFO - Processing /home/airflow/.local/lib/python3.12/site-packages/airflow/example_dags/example_xcom.py took 0.121 seconds
[2025-05-21T12:56:18.303+0000] {processor.py:161} INFO - Started process (PID=1920) to work on /home/airflow/.local/lib/python3.12/site-packages/airflow/example_dags/example_xcom.py
[2025-05-21T12:56:18.304+0000] {processor.py:830} INFO - Processing file /home/airflow/.local/lib/python3.12/site-packages/airflow/example_dags/example_xcom.py for tasks to queue
[2025-05-21T12:56:18.305+0000] {logging_mixin.py:188} INFO - [2025-05-21T12:56:18.304+0000] {dagbag.py:545} INFO - Filling up the DagBag from /home/airflow/.local/lib/python3.12/site-packages/airflow/example_dags/example_xcom.py
[2025-05-21T12:56:18.309+0000] {processor.py:840} INFO - DAG(s) 'example_xcom' retrieved from /home/airflow/.local/lib/python3.12/site-packages/airflow/example_dags/example_xcom.py
[2025-05-21T12:56:18.321+0000] {logging_mixin.py:188} INFO - [2025-05-21T12:56:18.321+0000] {dag.py:3096} INFO - Sync 1 DAGs
[2025-05-21T12:56:18.418+0000] {logging_mixin.py:188} INFO - [2025-05-21T12:56:18.418+0000] {dag.py:3954} INFO - Setting next_dagrun for example_xcom to 2021-01-01 00:00:00+00:00, run_after=2021-01-01 00:00:00+00:00
[2025-05-21T12:56:18.432+0000] {processor.py:183} INFO - Processing /home/airflow/.local/lib/python3.12/site-packages/airflow/example_dags/example_xcom.py took 0.133 seconds
[2025-05-21T12:56:48.979+0000] {processor.py:161} INFO - Started process (PID=1980) to work on /home/airflow/.local/lib/python3.12/site-packages/airflow/example_dags/example_xcom.py
[2025-05-21T12:56:48.980+0000] {processor.py:830} INFO - Processing file /home/airflow/.local/lib/python3.12/site-packages/airflow/example_dags/example_xcom.py for tasks to queue
[2025-05-21T12:56:48.981+0000] {logging_mixin.py:188} INFO - [2025-05-21T12:56:48.980+0000] {dagbag.py:545} INFO - Filling up the DagBag from /home/airflow/.local/lib/python3.12/site-packages/airflow/example_dags/example_xcom.py
[2025-05-21T12:56:48.985+0000] {processor.py:840} INFO - DAG(s) 'example_xcom' retrieved from /home/airflow/.local/lib/python3.12/site-packages/airflow/example_dags/example_xcom.py
[2025-05-21T12:56:48.997+0000] {logging_mixin.py:188} INFO - [2025-05-21T12:56:48.997+0000] {dag.py:3096} INFO - Sync 1 DAGs
[2025-05-21T12:56:49.126+0000] {logging_mixin.py:188} INFO - [2025-05-21T12:56:49.126+0000] {dag.py:3954} INFO - Setting next_dagrun for example_xcom to 2021-01-01 00:00:00+00:00, run_after=2021-01-01 00:00:00+00:00
[2025-05-21T12:56:49.136+0000] {processor.py:183} INFO - Processing /home/airflow/.local/lib/python3.12/site-packages/airflow/example_dags/example_xcom.py took 0.161 seconds
[2025-05-21T12:57:19.508+0000] {processor.py:161} INFO - Started process (PID=2040) to work on /home/airflow/.local/lib/python3.12/site-packages/airflow/example_dags/example_xcom.py
[2025-05-21T12:57:19.511+0000] {processor.py:830} INFO - Processing file /home/airflow/.local/lib/python3.12/site-packages/airflow/example_dags/example_xcom.py for tasks to queue
[2025-05-21T12:57:19.512+0000] {logging_mixin.py:188} INFO - [2025-05-21T12:57:19.512+0000] {dagbag.py:545} INFO - Filling up the DagBag from /home/airflow/.local/lib/python3.12/site-packages/airflow/example_dags/example_xcom.py
[2025-05-21T12:57:19.521+0000] {processor.py:840} INFO - DAG(s) 'example_xcom' retrieved from /home/airflow/.local/lib/python3.12/site-packages/airflow/example_dags/example_xcom.py
[2025-05-21T12:57:19.535+0000] {logging_mixin.py:188} INFO - [2025-05-21T12:57:19.535+0000] {dag.py:3096} INFO - Sync 1 DAGs
[2025-05-21T12:57:19.545+0000] {logging_mixin.py:188} INFO - [2025-05-21T12:57:19.545+0000] {dag.py:3954} INFO - Setting next_dagrun for example_xcom to 2021-01-01 00:00:00+00:00, run_after=2021-01-01 00:00:00+00:00
[2025-05-21T12:57:19.553+0000] {processor.py:183} INFO - Processing /home/airflow/.local/lib/python3.12/site-packages/airflow/example_dags/example_xcom.py took 0.049 seconds
[2025-05-21T12:57:49.896+0000] {processor.py:161} INFO - Started process (PID=2100) to work on /home/airflow/.local/lib/python3.12/site-packages/airflow/example_dags/example_xcom.py
[2025-05-21T12:57:49.897+0000] {processor.py:830} INFO - Processing file /home/airflow/.local/lib/python3.12/site-packages/airflow/example_dags/example_xcom.py for tasks to queue
[2025-05-21T12:57:49.898+0000] {logging_mixin.py:188} INFO - [2025-05-21T12:57:49.898+0000] {dagbag.py:545} INFO - Filling up the DagBag from /home/airflow/.local/lib/python3.12/site-packages/airflow/example_dags/example_xcom.py
[2025-05-21T12:57:49.904+0000] {processor.py:840} INFO - DAG(s) 'example_xcom' retrieved from /home/airflow/.local/lib/python3.12/site-packages/airflow/example_dags/example_xcom.py
[2025-05-21T12:57:49.916+0000] {logging_mixin.py:188} INFO - [2025-05-21T12:57:49.916+0000] {dag.py:3096} INFO - Sync 1 DAGs
[2025-05-21T12:57:49.925+0000] {logging_mixin.py:188} INFO - [2025-05-21T12:57:49.925+0000] {dag.py:3954} INFO - Setting next_dagrun for example_xcom to 2021-01-01 00:00:00+00:00, run_after=2021-01-01 00:00:00+00:00
[2025-05-21T12:57:49.932+0000] {processor.py:183} INFO - Processing /home/airflow/.local/lib/python3.12/site-packages/airflow/example_dags/example_xcom.py took 0.039 seconds
[2025-05-21T12:58:20.661+0000] {processor.py:161} INFO - Started process (PID=2160) to work on /home/airflow/.local/lib/python3.12/site-packages/airflow/example_dags/example_xcom.py
[2025-05-21T12:58:20.662+0000] {processor.py:830} INFO - Processing file /home/airflow/.local/lib/python3.12/site-packages/airflow/example_dags/example_xcom.py for tasks to queue
[2025-05-21T12:58:20.663+0000] {logging_mixin.py:188} INFO - [2025-05-21T12:58:20.663+0000] {dagbag.py:545} INFO - Filling up the DagBag from /home/airflow/.local/lib/python3.12/site-packages/airflow/example_dags/example_xcom.py
[2025-05-21T12:58:20.667+0000] {processor.py:840} INFO - DAG(s) 'example_xcom' retrieved from /home/airflow/.local/lib/python3.12/site-packages/airflow/example_dags/example_xcom.py
[2025-05-21T12:58:20.677+0000] {logging_mixin.py:188} INFO - [2025-05-21T12:58:20.677+0000] {dag.py:3096} INFO - Sync 1 DAGs
[2025-05-21T12:58:20.686+0000] {logging_mixin.py:188} INFO - [2025-05-21T12:58:20.685+0000] {dag.py:3954} INFO - Setting next_dagrun for example_xcom to 2021-01-01 00:00:00+00:00, run_after=2021-01-01 00:00:00+00:00
[2025-05-21T12:58:20.693+0000] {processor.py:183} INFO - Processing /home/airflow/.local/lib/python3.12/site-packages/airflow/example_dags/example_xcom.py took 0.036 seconds
[2025-05-21T12:58:51.015+0000] {processor.py:161} INFO - Started process (PID=2220) to work on /home/airflow/.local/lib/python3.12/site-packages/airflow/example_dags/example_xcom.py
[2025-05-21T12:58:51.015+0000] {processor.py:830} INFO - Processing file /home/airflow/.local/lib/python3.12/site-packages/airflow/example_dags/example_xcom.py for tasks to queue
[2025-05-21T12:58:51.016+0000] {logging_mixin.py:188} INFO - [2025-05-21T12:58:51.016+0000] {dagbag.py:545} INFO - Filling up the DagBag from /home/airflow/.local/lib/python3.12/site-packages/airflow/example_dags/example_xcom.py
[2025-05-21T12:58:51.020+0000] {processor.py:840} INFO - DAG(s) 'example_xcom' retrieved from /home/airflow/.local/lib/python3.12/site-packages/airflow/example_dags/example_xcom.py
[2025-05-21T12:58:51.031+0000] {logging_mixin.py:188} INFO - [2025-05-21T12:58:51.031+0000] {dag.py:3096} INFO - Sync 1 DAGs
[2025-05-21T12:58:51.041+0000] {logging_mixin.py:188} INFO - [2025-05-21T12:58:51.041+0000] {dag.py:3954} INFO - Setting next_dagrun for example_xcom to 2021-01-01 00:00:00+00:00, run_after=2021-01-01 00:00:00+00:00
[2025-05-21T12:58:51.056+0000] {processor.py:183} INFO - Processing /home/airflow/.local/lib/python3.12/site-packages/airflow/example_dags/example_xcom.py took 0.045 seconds
[2025-05-21T12:59:21.341+0000] {processor.py:161} INFO - Started process (PID=2280) to work on /home/airflow/.local/lib/python3.12/site-packages/airflow/example_dags/example_xcom.py
[2025-05-21T12:59:21.342+0000] {processor.py:830} INFO - Processing file /home/airflow/.local/lib/python3.12/site-packages/airflow/example_dags/example_xcom.py for tasks to queue
[2025-05-21T12:59:21.343+0000] {logging_mixin.py:188} INFO - [2025-05-21T12:59:21.343+0000] {dagbag.py:545} INFO - Filling up the DagBag from /home/airflow/.local/lib/python3.12/site-packages/airflow/example_dags/example_xcom.py
[2025-05-21T12:59:21.347+0000] {processor.py:840} INFO - DAG(s) 'example_xcom' retrieved from /home/airflow/.local/lib/python3.12/site-packages/airflow/example_dags/example_xcom.py
[2025-05-21T12:59:21.359+0000] {logging_mixin.py:188} INFO - [2025-05-21T12:59:21.359+0000] {dag.py:3096} INFO - Sync 1 DAGs
[2025-05-21T12:59:21.371+0000] {logging_mixin.py:188} INFO - [2025-05-21T12:59:21.371+0000] {dag.py:3954} INFO - Setting next_dagrun for example_xcom to 2021-01-01 00:00:00+00:00, run_after=2021-01-01 00:00:00+00:00
[2025-05-21T12:59:21.382+0000] {processor.py:183} INFO - Processing /home/airflow/.local/lib/python3.12/site-packages/airflow/example_dags/example_xcom.py took 0.045 seconds
[2025-05-21T12:59:51.963+0000] {processor.py:161} INFO - Started process (PID=2340) to work on /home/airflow/.local/lib/python3.12/site-packages/airflow/example_dags/example_xcom.py
[2025-05-21T12:59:51.963+0000] {processor.py:830} INFO - Processing file /home/airflow/.local/lib/python3.12/site-packages/airflow/example_dags/example_xcom.py for tasks to queue
[2025-05-21T12:59:51.964+0000] {logging_mixin.py:188} INFO - [2025-05-21T12:59:51.964+0000] {dagbag.py:545} INFO - Filling up the DagBag from /home/airflow/.local/lib/python3.12/site-packages/airflow/example_dags/example_xcom.py
[2025-05-21T12:59:51.969+0000] {processor.py:840} INFO - DAG(s) 'example_xcom' retrieved from /home/airflow/.local/lib/python3.12/site-packages/airflow/example_dags/example_xcom.py
[2025-05-21T12:59:51.981+0000] {logging_mixin.py:188} INFO - [2025-05-21T12:59:51.980+0000] {dag.py:3096} INFO - Sync 1 DAGs
[2025-05-21T12:59:51.990+0000] {logging_mixin.py:188} INFO - [2025-05-21T12:59:51.990+0000] {dag.py:3954} INFO - Setting next_dagrun for example_xcom to 2021-01-01 00:00:00+00:00, run_after=2021-01-01 00:00:00+00:00
[2025-05-21T12:59:51.998+0000] {processor.py:183} INFO - Processing /home/airflow/.local/lib/python3.12/site-packages/airflow/example_dags/example_xcom.py took 0.043 seconds
[2025-05-21T13:00:22.413+0000] {processor.py:161} INFO - Started process (PID=2401) to work on /home/airflow/.local/lib/python3.12/site-packages/airflow/example_dags/example_xcom.py
[2025-05-21T13:00:22.413+0000] {processor.py:830} INFO - Processing file /home/airflow/.local/lib/python3.12/site-packages/airflow/example_dags/example_xcom.py for tasks to queue
[2025-05-21T13:00:22.414+0000] {logging_mixin.py:188} INFO - [2025-05-21T13:00:22.414+0000] {dagbag.py:545} INFO - Filling up the DagBag from /home/airflow/.local/lib/python3.12/site-packages/airflow/example_dags/example_xcom.py
[2025-05-21T13:00:22.418+0000] {processor.py:840} INFO - DAG(s) 'example_xcom' retrieved from /home/airflow/.local/lib/python3.12/site-packages/airflow/example_dags/example_xcom.py
[2025-05-21T13:00:22.428+0000] {logging_mixin.py:188} INFO - [2025-05-21T13:00:22.428+0000] {dag.py:3096} INFO - Sync 1 DAGs
[2025-05-21T13:00:22.438+0000] {logging_mixin.py:188} INFO - [2025-05-21T13:00:22.438+0000] {dag.py:3954} INFO - Setting next_dagrun for example_xcom to 2021-01-01 00:00:00+00:00, run_after=2021-01-01 00:00:00+00:00
[2025-05-21T13:00:22.451+0000] {processor.py:183} INFO - Processing /home/airflow/.local/lib/python3.12/site-packages/airflow/example_dags/example_xcom.py took 0.042 seconds
[2025-05-21T13:00:53.160+0000] {processor.py:161} INFO - Started process (PID=2461) to work on /home/airflow/.local/lib/python3.12/site-packages/airflow/example_dags/example_xcom.py
[2025-05-21T13:00:53.161+0000] {processor.py:830} INFO - Processing file /home/airflow/.local/lib/python3.12/site-packages/airflow/example_dags/example_xcom.py for tasks to queue
[2025-05-21T13:00:53.162+0000] {logging_mixin.py:188} INFO - [2025-05-21T13:00:53.162+0000] {dagbag.py:545} INFO - Filling up the DagBag from /home/airflow/.local/lib/python3.12/site-packages/airflow/example_dags/example_xcom.py
[2025-05-21T13:00:53.167+0000] {processor.py:840} INFO - DAG(s) 'example_xcom' retrieved from /home/airflow/.local/lib/python3.12/site-packages/airflow/example_dags/example_xcom.py
[2025-05-21T13:00:53.182+0000] {logging_mixin.py:188} INFO - [2025-05-21T13:00:53.182+0000] {dag.py:3096} INFO - Sync 1 DAGs
[2025-05-21T13:00:53.193+0000] {logging_mixin.py:188} INFO - [2025-05-21T13:00:53.193+0000] {dag.py:3954} INFO - Setting next_dagrun for example_xcom to 2021-01-01 00:00:00+00:00, run_after=2021-01-01 00:00:00+00:00
[2025-05-21T13:00:53.208+0000] {processor.py:183} INFO - Processing /home/airflow/.local/lib/python3.12/site-packages/airflow/example_dags/example_xcom.py took 0.052 seconds
[2025-05-21T13:01:23.630+0000] {processor.py:161} INFO - Started process (PID=2521) to work on /home/airflow/.local/lib/python3.12/site-packages/airflow/example_dags/example_xcom.py
[2025-05-21T13:01:23.631+0000] {processor.py:830} INFO - Processing file /home/airflow/.local/lib/python3.12/site-packages/airflow/example_dags/example_xcom.py for tasks to queue
[2025-05-21T13:01:23.632+0000] {logging_mixin.py:188} INFO - [2025-05-21T13:01:23.631+0000] {dagbag.py:545} INFO - Filling up the DagBag from /home/airflow/.local/lib/python3.12/site-packages/airflow/example_dags/example_xcom.py
[2025-05-21T13:01:23.635+0000] {processor.py:840} INFO - DAG(s) 'example_xcom' retrieved from /home/airflow/.local/lib/python3.12/site-packages/airflow/example_dags/example_xcom.py
[2025-05-21T13:01:23.645+0000] {logging_mixin.py:188} INFO - [2025-05-21T13:01:23.645+0000] {dag.py:3096} INFO - Sync 1 DAGs
[2025-05-21T13:01:23.659+0000] {logging_mixin.py:188} INFO - [2025-05-21T13:01:23.658+0000] {dag.py:3954} INFO - Setting next_dagrun for example_xcom to 2021-01-01 00:00:00+00:00, run_after=2021-01-01 00:00:00+00:00
[2025-05-21T13:01:23.686+0000] {processor.py:183} INFO - Processing /home/airflow/.local/lib/python3.12/site-packages/airflow/example_dags/example_xcom.py took 0.059 seconds
[2025-05-21T13:01:54.622+0000] {processor.py:161} INFO - Started process (PID=2581) to work on /home/airflow/.local/lib/python3.12/site-packages/airflow/example_dags/example_xcom.py
[2025-05-21T13:01:54.623+0000] {processor.py:830} INFO - Processing file /home/airflow/.local/lib/python3.12/site-packages/airflow/example_dags/example_xcom.py for tasks to queue
[2025-05-21T13:01:54.624+0000] {logging_mixin.py:188} INFO - [2025-05-21T13:01:54.624+0000] {dagbag.py:545} INFO - Filling up the DagBag from /home/airflow/.local/lib/python3.12/site-packages/airflow/example_dags/example_xcom.py
[2025-05-21T13:01:54.629+0000] {processor.py:840} INFO - DAG(s) 'example_xcom' retrieved from /home/airflow/.local/lib/python3.12/site-packages/airflow/example_dags/example_xcom.py
[2025-05-21T13:01:54.641+0000] {logging_mixin.py:188} INFO - [2025-05-21T13:01:54.641+0000] {dag.py:3096} INFO - Sync 1 DAGs
[2025-05-21T13:01:54.658+0000] {logging_mixin.py:188} INFO - [2025-05-21T13:01:54.658+0000] {dag.py:3954} INFO - Setting next_dagrun for example_xcom to 2021-01-01 00:00:00+00:00, run_after=2021-01-01 00:00:00+00:00
[2025-05-21T13:01:54.667+0000] {processor.py:183} INFO - Processing /home/airflow/.local/lib/python3.12/site-packages/airflow/example_dags/example_xcom.py took 0.050 seconds
[2025-05-21T13:02:25.576+0000] {processor.py:161} INFO - Started process (PID=2641) to work on /home/airflow/.local/lib/python3.12/site-packages/airflow/example_dags/example_xcom.py
[2025-05-21T13:02:25.577+0000] {processor.py:830} INFO - Processing file /home/airflow/.local/lib/python3.12/site-packages/airflow/example_dags/example_xcom.py for tasks to queue
[2025-05-21T13:02:25.578+0000] {logging_mixin.py:188} INFO - [2025-05-21T13:02:25.578+0000] {dagbag.py:545} INFO - Filling up the DagBag from /home/airflow/.local/lib/python3.12/site-packages/airflow/example_dags/example_xcom.py
[2025-05-21T13:02:25.583+0000] {processor.py:840} INFO - DAG(s) 'example_xcom' retrieved from /home/airflow/.local/lib/python3.12/site-packages/airflow/example_dags/example_xcom.py
[2025-05-21T13:02:25.595+0000] {logging_mixin.py:188} INFO - [2025-05-21T13:02:25.595+0000] {dag.py:3096} INFO - Sync 1 DAGs
[2025-05-21T13:02:25.605+0000] {logging_mixin.py:188} INFO - [2025-05-21T13:02:25.604+0000] {dag.py:3954} INFO - Setting next_dagrun for example_xcom to 2021-01-01 00:00:00+00:00, run_after=2021-01-01 00:00:00+00:00
[2025-05-21T13:02:25.612+0000] {processor.py:183} INFO - Processing /home/airflow/.local/lib/python3.12/site-packages/airflow/example_dags/example_xcom.py took 0.040 seconds
[2025-05-21T13:02:56.092+0000] {processor.py:161} INFO - Started process (PID=2700) to work on /home/airflow/.local/lib/python3.12/site-packages/airflow/example_dags/example_xcom.py
[2025-05-21T13:02:56.092+0000] {processor.py:830} INFO - Processing file /home/airflow/.local/lib/python3.12/site-packages/airflow/example_dags/example_xcom.py for tasks to queue
[2025-05-21T13:02:56.093+0000] {logging_mixin.py:188} INFO - [2025-05-21T13:02:56.093+0000] {dagbag.py:545} INFO - Filling up the DagBag from /home/airflow/.local/lib/python3.12/site-packages/airflow/example_dags/example_xcom.py
[2025-05-21T13:02:56.097+0000] {processor.py:840} INFO - DAG(s) 'example_xcom' retrieved from /home/airflow/.local/lib/python3.12/site-packages/airflow/example_dags/example_xcom.py
[2025-05-21T13:02:56.108+0000] {logging_mixin.py:188} INFO - [2025-05-21T13:02:56.108+0000] {dag.py:3096} INFO - Sync 1 DAGs
[2025-05-21T13:02:56.117+0000] {logging_mixin.py:188} INFO - [2025-05-21T13:02:56.117+0000] {dag.py:3954} INFO - Setting next_dagrun for example_xcom to 2021-01-01 00:00:00+00:00, run_after=2021-01-01 00:00:00+00:00
[2025-05-21T13:02:56.124+0000] {processor.py:183} INFO - Processing /home/airflow/.local/lib/python3.12/site-packages/airflow/example_dags/example_xcom.py took 0.035 seconds
[2025-05-21T13:03:26.741+0000] {processor.py:161} INFO - Started process (PID=2760) to work on /home/airflow/.local/lib/python3.12/site-packages/airflow/example_dags/example_xcom.py
[2025-05-21T13:03:26.742+0000] {processor.py:830} INFO - Processing file /home/airflow/.local/lib/python3.12/site-packages/airflow/example_dags/example_xcom.py for tasks to queue
[2025-05-21T13:03:26.743+0000] {logging_mixin.py:188} INFO - [2025-05-21T13:03:26.743+0000] {dagbag.py:545} INFO - Filling up the DagBag from /home/airflow/.local/lib/python3.12/site-packages/airflow/example_dags/example_xcom.py
[2025-05-21T13:03:26.747+0000] {processor.py:840} INFO - DAG(s) 'example_xcom' retrieved from /home/airflow/.local/lib/python3.12/site-packages/airflow/example_dags/example_xcom.py
[2025-05-21T13:03:26.757+0000] {logging_mixin.py:188} INFO - [2025-05-21T13:03:26.757+0000] {dag.py:3096} INFO - Sync 1 DAGs
[2025-05-21T13:03:26.766+0000] {logging_mixin.py:188} INFO - [2025-05-21T13:03:26.766+0000] {dag.py:3954} INFO - Setting next_dagrun for example_xcom to 2021-01-01 00:00:00+00:00, run_after=2021-01-01 00:00:00+00:00
[2025-05-21T13:03:26.775+0000] {processor.py:183} INFO - Processing /home/airflow/.local/lib/python3.12/site-packages/airflow/example_dags/example_xcom.py took 0.036 seconds
[2025-05-21T13:03:57.256+0000] {processor.py:161} INFO - Started process (PID=2820) to work on /home/airflow/.local/lib/python3.12/site-packages/airflow/example_dags/example_xcom.py
[2025-05-21T13:03:57.257+0000] {processor.py:830} INFO - Processing file /home/airflow/.local/lib/python3.12/site-packages/airflow/example_dags/example_xcom.py for tasks to queue
[2025-05-21T13:03:57.258+0000] {logging_mixin.py:188} INFO - [2025-05-21T13:03:57.258+0000] {dagbag.py:545} INFO - Filling up the DagBag from /home/airflow/.local/lib/python3.12/site-packages/airflow/example_dags/example_xcom.py
[2025-05-21T13:03:57.261+0000] {processor.py:840} INFO - DAG(s) 'example_xcom' retrieved from /home/airflow/.local/lib/python3.12/site-packages/airflow/example_dags/example_xcom.py
[2025-05-21T13:03:57.272+0000] {logging_mixin.py:188} INFO - [2025-05-21T13:03:57.271+0000] {dag.py:3096} INFO - Sync 1 DAGs
[2025-05-21T13:03:57.284+0000] {logging_mixin.py:188} INFO - [2025-05-21T13:03:57.284+0000] {dag.py:3954} INFO - Setting next_dagrun for example_xcom to 2021-01-01 00:00:00+00:00, run_after=2021-01-01 00:00:00+00:00
[2025-05-21T13:03:57.297+0000] {processor.py:183} INFO - Processing /home/airflow/.local/lib/python3.12/site-packages/airflow/example_dags/example_xcom.py took 0.043 seconds
[2025-05-21T13:04:27.896+0000] {processor.py:161} INFO - Started process (PID=2880) to work on /home/airflow/.local/lib/python3.12/site-packages/airflow/example_dags/example_xcom.py
[2025-05-21T13:04:27.896+0000] {processor.py:830} INFO - Processing file /home/airflow/.local/lib/python3.12/site-packages/airflow/example_dags/example_xcom.py for tasks to queue
[2025-05-21T13:04:27.898+0000] {logging_mixin.py:188} INFO - [2025-05-21T13:04:27.898+0000] {dagbag.py:545} INFO - Filling up the DagBag from /home/airflow/.local/lib/python3.12/site-packages/airflow/example_dags/example_xcom.py
[2025-05-21T13:04:27.906+0000] {processor.py:840} INFO - DAG(s) 'example_xcom' retrieved from /home/airflow/.local/lib/python3.12/site-packages/airflow/example_dags/example_xcom.py
[2025-05-21T13:04:27.929+0000] {logging_mixin.py:188} INFO - [2025-05-21T13:04:27.929+0000] {dag.py:3096} INFO - Sync 1 DAGs
[2025-05-21T13:04:27.946+0000] {logging_mixin.py:188} INFO - [2025-05-21T13:04:27.946+0000] {dag.py:3954} INFO - Setting next_dagrun for example_xcom to 2021-01-01 00:00:00+00:00, run_after=2021-01-01 00:00:00+00:00
[2025-05-21T13:04:27.960+0000] {processor.py:183} INFO - Processing /home/airflow/.local/lib/python3.12/site-packages/airflow/example_dags/example_xcom.py took 0.069 seconds
[2025-05-21T13:04:58.847+0000] {processor.py:161} INFO - Started process (PID=2940) to work on /home/airflow/.local/lib/python3.12/site-packages/airflow/example_dags/example_xcom.py
[2025-05-21T13:04:58.847+0000] {processor.py:830} INFO - Processing file /home/airflow/.local/lib/python3.12/site-packages/airflow/example_dags/example_xcom.py for tasks to queue
[2025-05-21T13:04:58.848+0000] {logging_mixin.py:188} INFO - [2025-05-21T13:04:58.848+0000] {dagbag.py:545} INFO - Filling up the DagBag from /home/airflow/.local/lib/python3.12/site-packages/airflow/example_dags/example_xcom.py
[2025-05-21T13:04:58.852+0000] {processor.py:840} INFO - DAG(s) 'example_xcom' retrieved from /home/airflow/.local/lib/python3.12/site-packages/airflow/example_dags/example_xcom.py
[2025-05-21T13:04:58.862+0000] {logging_mixin.py:188} INFO - [2025-05-21T13:04:58.861+0000] {dag.py:3096} INFO - Sync 1 DAGs
[2025-05-21T13:04:58.871+0000] {logging_mixin.py:188} INFO - [2025-05-21T13:04:58.870+0000] {dag.py:3954} INFO - Setting next_dagrun for example_xcom to 2021-01-01 00:00:00+00:00, run_after=2021-01-01 00:00:00+00:00
[2025-05-21T13:04:58.878+0000] {processor.py:183} INFO - Processing /home/airflow/.local/lib/python3.12/site-packages/airflow/example_dags/example_xcom.py took 0.034 seconds
[2025-05-21T13:05:29.456+0000] {processor.py:161} INFO - Started process (PID=3000) to work on /home/airflow/.local/lib/python3.12/site-packages/airflow/example_dags/example_xcom.py
[2025-05-21T13:05:29.458+0000] {processor.py:830} INFO - Processing file /home/airflow/.local/lib/python3.12/site-packages/airflow/example_dags/example_xcom.py for tasks to queue
[2025-05-21T13:05:29.459+0000] {logging_mixin.py:188} INFO - [2025-05-21T13:05:29.458+0000] {dagbag.py:545} INFO - Filling up the DagBag from /home/airflow/.local/lib/python3.12/site-packages/airflow/example_dags/example_xcom.py
[2025-05-21T13:05:29.463+0000] {processor.py:840} INFO - DAG(s) 'example_xcom' retrieved from /home/airflow/.local/lib/python3.12/site-packages/airflow/example_dags/example_xcom.py
[2025-05-21T13:05:29.475+0000] {logging_mixin.py:188} INFO - [2025-05-21T13:05:29.475+0000] {dag.py:3096} INFO - Sync 1 DAGs
[2025-05-21T13:05:29.485+0000] {logging_mixin.py:188} INFO - [2025-05-21T13:05:29.485+0000] {dag.py:3954} INFO - Setting next_dagrun for example_xcom to 2021-01-01 00:00:00+00:00, run_after=2021-01-01 00:00:00+00:00
[2025-05-21T13:05:29.497+0000] {processor.py:183} INFO - Processing /home/airflow/.local/lib/python3.12/site-packages/airflow/example_dags/example_xcom.py took 0.044 seconds
[2025-05-21T13:06:00.107+0000] {processor.py:161} INFO - Started process (PID=3060) to work on /home/airflow/.local/lib/python3.12/site-packages/airflow/example_dags/example_xcom.py
[2025-05-21T13:06:00.108+0000] {processor.py:830} INFO - Processing file /home/airflow/.local/lib/python3.12/site-packages/airflow/example_dags/example_xcom.py for tasks to queue
[2025-05-21T13:06:00.110+0000] {logging_mixin.py:188} INFO - [2025-05-21T13:06:00.109+0000] {dagbag.py:545} INFO - Filling up the DagBag from /home/airflow/.local/lib/python3.12/site-packages/airflow/example_dags/example_xcom.py
[2025-05-21T13:06:00.114+0000] {processor.py:840} INFO - DAG(s) 'example_xcom' retrieved from /home/airflow/.local/lib/python3.12/site-packages/airflow/example_dags/example_xcom.py
[2025-05-21T13:06:00.128+0000] {logging_mixin.py:188} INFO - [2025-05-21T13:06:00.128+0000] {dag.py:3096} INFO - Sync 1 DAGs
[2025-05-21T13:06:00.139+0000] {logging_mixin.py:188} INFO - [2025-05-21T13:06:00.139+0000] {dag.py:3954} INFO - Setting next_dagrun for example_xcom to 2021-01-01 00:00:00+00:00, run_after=2021-01-01 00:00:00+00:00
[2025-05-21T13:06:00.151+0000] {processor.py:183} INFO - Processing /home/airflow/.local/lib/python3.12/site-packages/airflow/example_dags/example_xcom.py took 0.047 seconds
[2025-05-21T13:06:30.677+0000] {processor.py:161} INFO - Started process (PID=3120) to work on /home/airflow/.local/lib/python3.12/site-packages/airflow/example_dags/example_xcom.py
[2025-05-21T13:06:30.680+0000] {processor.py:830} INFO - Processing file /home/airflow/.local/lib/python3.12/site-packages/airflow/example_dags/example_xcom.py for tasks to queue
[2025-05-21T13:06:30.681+0000] {logging_mixin.py:188} INFO - [2025-05-21T13:06:30.681+0000] {dagbag.py:545} INFO - Filling up the DagBag from /home/airflow/.local/lib/python3.12/site-packages/airflow/example_dags/example_xcom.py
[2025-05-21T13:06:30.689+0000] {processor.py:840} INFO - DAG(s) 'example_xcom' retrieved from /home/airflow/.local/lib/python3.12/site-packages/airflow/example_dags/example_xcom.py
[2025-05-21T13:06:30.703+0000] {logging_mixin.py:188} INFO - [2025-05-21T13:06:30.703+0000] {dag.py:3096} INFO - Sync 1 DAGs
[2025-05-21T13:06:30.715+0000] {logging_mixin.py:188} INFO - [2025-05-21T13:06:30.715+0000] {dag.py:3954} INFO - Setting next_dagrun for example_xcom to 2021-01-01 00:00:00+00:00, run_after=2021-01-01 00:00:00+00:00
[2025-05-21T13:06:30.728+0000] {processor.py:183} INFO - Processing /home/airflow/.local/lib/python3.12/site-packages/airflow/example_dags/example_xcom.py took 0.057 seconds
[2025-05-21T13:07:01.174+0000] {processor.py:161} INFO - Started process (PID=3180) to work on /home/airflow/.local/lib/python3.12/site-packages/airflow/example_dags/example_xcom.py
[2025-05-21T13:07:01.175+0000] {processor.py:830} INFO - Processing file /home/airflow/.local/lib/python3.12/site-packages/airflow/example_dags/example_xcom.py for tasks to queue
[2025-05-21T13:07:01.176+0000] {logging_mixin.py:188} INFO - [2025-05-21T13:07:01.176+0000] {dagbag.py:545} INFO - Filling up the DagBag from /home/airflow/.local/lib/python3.12/site-packages/airflow/example_dags/example_xcom.py
[2025-05-21T13:07:01.183+0000] {processor.py:840} INFO - DAG(s) 'example_xcom' retrieved from /home/airflow/.local/lib/python3.12/site-packages/airflow/example_dags/example_xcom.py
[2025-05-21T13:07:01.210+0000] {logging_mixin.py:188} INFO - [2025-05-21T13:07:01.210+0000] {dag.py:3096} INFO - Sync 1 DAGs
[2025-05-21T13:07:01.226+0000] {logging_mixin.py:188} INFO - [2025-05-21T13:07:01.226+0000] {dag.py:3954} INFO - Setting next_dagrun for example_xcom to 2021-01-01 00:00:00+00:00, run_after=2021-01-01 00:00:00+00:00
[2025-05-21T13:07:01.241+0000] {processor.py:183} INFO - Processing /home/airflow/.local/lib/python3.12/site-packages/airflow/example_dags/example_xcom.py took 0.072 seconds
