[2025-05-21T12:17:21.347+0000] {processor.py:161} INFO - Started process (PID=50) to work on /home/airflow/.local/lib/python3.12/site-packages/airflow/example_dags/example_complex.py
[2025-05-21T12:17:21.348+0000] {processor.py:830} INFO - Processing file /home/airflow/.local/lib/python3.12/site-packages/airflow/example_dags/example_complex.py for tasks to queue
[2025-05-21T12:17:21.350+0000] {logging_mixin.py:188} INFO - [2025-05-21T12:17:21.350+0000] {dagbag.py:545} INFO - Filling up the DagBag from /home/airflow/.local/lib/python3.12/site-packages/airflow/example_dags/example_complex.py
[2025-05-21T12:17:21.359+0000] {processor.py:840} INFO - DAG(s) 'example_complex' retrieved from /home/airflow/.local/lib/python3.12/site-packages/airflow/example_dags/example_complex.py
[2025-05-21T12:17:21.382+0000] {logging_mixin.py:188} INFO - [2025-05-21T12:17:21.382+0000] {dag.py:3096} INFO - Sync 1 DAGs
[2025-05-21T12:17:21.392+0000] {logging_mixin.py:188} INFO - [2025-05-21T12:17:21.392+0000] {dag.py:3954} INFO - Setting next_dagrun for example_complex to None, run_after=None
[2025-05-21T12:17:21.409+0000] {processor.py:183} INFO - Processing /home/airflow/.local/lib/python3.12/site-packages/airflow/example_dags/example_complex.py took 0.065 seconds
[2025-05-21T12:27:54.520+0000] {processor.py:161} INFO - Started process (PID=96) to work on /home/airflow/.local/lib/python3.12/site-packages/airflow/example_dags/example_complex.py
[2025-05-21T12:27:54.522+0000] {processor.py:830} INFO - Processing file /home/airflow/.local/lib/python3.12/site-packages/airflow/example_dags/example_complex.py for tasks to queue
[2025-05-21T12:27:54.531+0000] {logging_mixin.py:188} INFO - [2025-05-21T12:27:54.530+0000] {dagbag.py:545} INFO - Filling up the DagBag from /home/airflow/.local/lib/python3.12/site-packages/airflow/example_dags/example_complex.py
[2025-05-21T12:27:54.553+0000] {processor.py:840} INFO - DAG(s) 'example_complex' retrieved from /home/airflow/.local/lib/python3.12/site-packages/airflow/example_dags/example_complex.py
[2025-05-21T12:27:54.656+0000] {logging_mixin.py:188} INFO - [2025-05-21T12:27:54.655+0000] {override.py:1829} INFO - Created Permission View: can read on DAG:example_complex
[2025-05-21T12:27:54.662+0000] {logging_mixin.py:188} INFO - [2025-05-21T12:27:54.661+0000] {override.py:1829} INFO - Created Permission View: can delete on DAG:example_complex
[2025-05-21T12:27:54.672+0000] {logging_mixin.py:188} INFO - [2025-05-21T12:27:54.671+0000] {override.py:1829} INFO - Created Permission View: can edit on DAG:example_complex
[2025-05-21T12:27:54.672+0000] {logging_mixin.py:188} INFO - [2025-05-21T12:27:54.672+0000] {dag.py:3096} INFO - Sync 1 DAGs
[2025-05-21T12:27:54.694+0000] {logging_mixin.py:188} INFO - [2025-05-21T12:27:54.694+0000] {dag.py:3118} INFO - Creating ORM DAG for example_complex
[2025-05-21T12:27:54.695+0000] {logging_mixin.py:188} INFO - [2025-05-21T12:27:54.695+0000] {dag.py:3954} INFO - Setting next_dagrun for example_complex to None, run_after=None
[2025-05-21T12:27:54.715+0000] {processor.py:183} INFO - Processing /home/airflow/.local/lib/python3.12/site-packages/airflow/example_dags/example_complex.py took 0.201 seconds
[2025-05-21T12:28:25.075+0000] {processor.py:161} INFO - Started process (PID=154) to work on /home/airflow/.local/lib/python3.12/site-packages/airflow/example_dags/example_complex.py
[2025-05-21T12:28:25.077+0000] {processor.py:830} INFO - Processing file /home/airflow/.local/lib/python3.12/site-packages/airflow/example_dags/example_complex.py for tasks to queue
[2025-05-21T12:28:25.079+0000] {logging_mixin.py:188} INFO - [2025-05-21T12:28:25.079+0000] {dagbag.py:545} INFO - Filling up the DagBag from /home/airflow/.local/lib/python3.12/site-packages/airflow/example_dags/example_complex.py
[2025-05-21T12:28:25.092+0000] {processor.py:840} INFO - DAG(s) 'example_complex' retrieved from /home/airflow/.local/lib/python3.12/site-packages/airflow/example_dags/example_complex.py
[2025-05-21T12:28:25.115+0000] {logging_mixin.py:188} INFO - [2025-05-21T12:28:25.115+0000] {dag.py:3096} INFO - Sync 1 DAGs
[2025-05-21T12:28:25.123+0000] {logging_mixin.py:188} INFO - [2025-05-21T12:28:25.123+0000] {dag.py:3954} INFO - Setting next_dagrun for example_complex to None, run_after=None
[2025-05-21T12:28:25.135+0000] {processor.py:183} INFO - Processing /home/airflow/.local/lib/python3.12/site-packages/airflow/example_dags/example_complex.py took 0.069 seconds
[2025-05-21T12:28:55.421+0000] {processor.py:161} INFO - Started process (PID=214) to work on /home/airflow/.local/lib/python3.12/site-packages/airflow/example_dags/example_complex.py
[2025-05-21T12:28:55.425+0000] {processor.py:830} INFO - Processing file /home/airflow/.local/lib/python3.12/site-packages/airflow/example_dags/example_complex.py for tasks to queue
[2025-05-21T12:28:55.427+0000] {logging_mixin.py:188} INFO - [2025-05-21T12:28:55.427+0000] {dagbag.py:545} INFO - Filling up the DagBag from /home/airflow/.local/lib/python3.12/site-packages/airflow/example_dags/example_complex.py
[2025-05-21T12:28:55.439+0000] {processor.py:840} INFO - DAG(s) 'example_complex' retrieved from /home/airflow/.local/lib/python3.12/site-packages/airflow/example_dags/example_complex.py
[2025-05-21T12:28:55.460+0000] {logging_mixin.py:188} INFO - [2025-05-21T12:28:55.460+0000] {dag.py:3096} INFO - Sync 1 DAGs
[2025-05-21T12:28:55.472+0000] {logging_mixin.py:188} INFO - [2025-05-21T12:28:55.471+0000] {dag.py:3954} INFO - Setting next_dagrun for example_complex to None, run_after=None
[2025-05-21T12:28:55.485+0000] {processor.py:183} INFO - Processing /home/airflow/.local/lib/python3.12/site-packages/airflow/example_dags/example_complex.py took 0.070 seconds
[2025-05-21T12:29:25.743+0000] {processor.py:161} INFO - Started process (PID=274) to work on /home/airflow/.local/lib/python3.12/site-packages/airflow/example_dags/example_complex.py
[2025-05-21T12:29:25.746+0000] {processor.py:830} INFO - Processing file /home/airflow/.local/lib/python3.12/site-packages/airflow/example_dags/example_complex.py for tasks to queue
[2025-05-21T12:29:25.748+0000] {logging_mixin.py:188} INFO - [2025-05-21T12:29:25.747+0000] {dagbag.py:545} INFO - Filling up the DagBag from /home/airflow/.local/lib/python3.12/site-packages/airflow/example_dags/example_complex.py
[2025-05-21T12:29:25.759+0000] {processor.py:840} INFO - DAG(s) 'example_complex' retrieved from /home/airflow/.local/lib/python3.12/site-packages/airflow/example_dags/example_complex.py
[2025-05-21T12:29:25.779+0000] {logging_mixin.py:188} INFO - [2025-05-21T12:29:25.779+0000] {dag.py:3096} INFO - Sync 1 DAGs
[2025-05-21T12:29:25.788+0000] {logging_mixin.py:188} INFO - [2025-05-21T12:29:25.787+0000] {dag.py:3954} INFO - Setting next_dagrun for example_complex to None, run_after=None
[2025-05-21T12:29:25.800+0000] {processor.py:183} INFO - Processing /home/airflow/.local/lib/python3.12/site-packages/airflow/example_dags/example_complex.py took 0.064 seconds
[2025-05-21T12:29:56.248+0000] {processor.py:161} INFO - Started process (PID=334) to work on /home/airflow/.local/lib/python3.12/site-packages/airflow/example_dags/example_complex.py
[2025-05-21T12:29:56.255+0000] {processor.py:830} INFO - Processing file /home/airflow/.local/lib/python3.12/site-packages/airflow/example_dags/example_complex.py for tasks to queue
[2025-05-21T12:29:56.259+0000] {logging_mixin.py:188} INFO - [2025-05-21T12:29:56.258+0000] {dagbag.py:545} INFO - Filling up the DagBag from /home/airflow/.local/lib/python3.12/site-packages/airflow/example_dags/example_complex.py
[2025-05-21T12:29:56.271+0000] {processor.py:840} INFO - DAG(s) 'example_complex' retrieved from /home/airflow/.local/lib/python3.12/site-packages/airflow/example_dags/example_complex.py
[2025-05-21T12:29:56.294+0000] {logging_mixin.py:188} INFO - [2025-05-21T12:29:56.294+0000] {dag.py:3096} INFO - Sync 1 DAGs
[2025-05-21T12:29:56.302+0000] {logging_mixin.py:188} INFO - [2025-05-21T12:29:56.302+0000] {dag.py:3954} INFO - Setting next_dagrun for example_complex to None, run_after=None
[2025-05-21T12:29:56.315+0000] {processor.py:183} INFO - Processing /home/airflow/.local/lib/python3.12/site-packages/airflow/example_dags/example_complex.py took 0.075 seconds
[2025-05-21T12:30:26.797+0000] {processor.py:161} INFO - Started process (PID=394) to work on /home/airflow/.local/lib/python3.12/site-packages/airflow/example_dags/example_complex.py
[2025-05-21T12:30:26.802+0000] {processor.py:830} INFO - Processing file /home/airflow/.local/lib/python3.12/site-packages/airflow/example_dags/example_complex.py for tasks to queue
[2025-05-21T12:30:26.807+0000] {logging_mixin.py:188} INFO - [2025-05-21T12:30:26.806+0000] {dagbag.py:545} INFO - Filling up the DagBag from /home/airflow/.local/lib/python3.12/site-packages/airflow/example_dags/example_complex.py
[2025-05-21T12:30:26.819+0000] {processor.py:840} INFO - DAG(s) 'example_complex' retrieved from /home/airflow/.local/lib/python3.12/site-packages/airflow/example_dags/example_complex.py
[2025-05-21T12:30:26.845+0000] {logging_mixin.py:188} INFO - [2025-05-21T12:30:26.845+0000] {dag.py:3096} INFO - Sync 1 DAGs
[2025-05-21T12:30:26.857+0000] {logging_mixin.py:188} INFO - [2025-05-21T12:30:26.857+0000] {dag.py:3954} INFO - Setting next_dagrun for example_complex to None, run_after=None
[2025-05-21T12:30:26.867+0000] {processor.py:183} INFO - Processing /home/airflow/.local/lib/python3.12/site-packages/airflow/example_dags/example_complex.py took 0.077 seconds
[2025-05-21T12:30:57.041+0000] {processor.py:161} INFO - Started process (PID=454) to work on /home/airflow/.local/lib/python3.12/site-packages/airflow/example_dags/example_complex.py
[2025-05-21T12:30:57.043+0000] {processor.py:830} INFO - Processing file /home/airflow/.local/lib/python3.12/site-packages/airflow/example_dags/example_complex.py for tasks to queue
[2025-05-21T12:30:57.048+0000] {logging_mixin.py:188} INFO - [2025-05-21T12:30:57.047+0000] {dagbag.py:545} INFO - Filling up the DagBag from /home/airflow/.local/lib/python3.12/site-packages/airflow/example_dags/example_complex.py
[2025-05-21T12:30:57.056+0000] {processor.py:840} INFO - DAG(s) 'example_complex' retrieved from /home/airflow/.local/lib/python3.12/site-packages/airflow/example_dags/example_complex.py
[2025-05-21T12:30:57.075+0000] {logging_mixin.py:188} INFO - [2025-05-21T12:30:57.075+0000] {dag.py:3096} INFO - Sync 1 DAGs
[2025-05-21T12:30:57.083+0000] {logging_mixin.py:188} INFO - [2025-05-21T12:30:57.082+0000] {dag.py:3954} INFO - Setting next_dagrun for example_complex to None, run_after=None
[2025-05-21T12:30:57.092+0000] {processor.py:183} INFO - Processing /home/airflow/.local/lib/python3.12/site-packages/airflow/example_dags/example_complex.py took 0.058 seconds
[2025-05-21T12:31:27.422+0000] {processor.py:161} INFO - Started process (PID=514) to work on /home/airflow/.local/lib/python3.12/site-packages/airflow/example_dags/example_complex.py
[2025-05-21T12:31:27.431+0000] {processor.py:830} INFO - Processing file /home/airflow/.local/lib/python3.12/site-packages/airflow/example_dags/example_complex.py for tasks to queue
[2025-05-21T12:31:27.432+0000] {logging_mixin.py:188} INFO - [2025-05-21T12:31:27.432+0000] {dagbag.py:545} INFO - Filling up the DagBag from /home/airflow/.local/lib/python3.12/site-packages/airflow/example_dags/example_complex.py
[2025-05-21T12:31:27.440+0000] {processor.py:840} INFO - DAG(s) 'example_complex' retrieved from /home/airflow/.local/lib/python3.12/site-packages/airflow/example_dags/example_complex.py
[2025-05-21T12:31:27.459+0000] {logging_mixin.py:188} INFO - [2025-05-21T12:31:27.459+0000] {dag.py:3096} INFO - Sync 1 DAGs
[2025-05-21T12:31:27.466+0000] {logging_mixin.py:188} INFO - [2025-05-21T12:31:27.466+0000] {dag.py:3954} INFO - Setting next_dagrun for example_complex to None, run_after=None
[2025-05-21T12:31:27.478+0000] {processor.py:183} INFO - Processing /home/airflow/.local/lib/python3.12/site-packages/airflow/example_dags/example_complex.py took 0.063 seconds
[2025-05-21T12:31:57.533+0000] {processor.py:161} INFO - Started process (PID=573) to work on /home/airflow/.local/lib/python3.12/site-packages/airflow/example_dags/example_complex.py
[2025-05-21T12:31:57.534+0000] {processor.py:830} INFO - Processing file /home/airflow/.local/lib/python3.12/site-packages/airflow/example_dags/example_complex.py for tasks to queue
[2025-05-21T12:31:57.535+0000] {logging_mixin.py:188} INFO - [2025-05-21T12:31:57.535+0000] {dagbag.py:545} INFO - Filling up the DagBag from /home/airflow/.local/lib/python3.12/site-packages/airflow/example_dags/example_complex.py
[2025-05-21T12:31:57.541+0000] {processor.py:840} INFO - DAG(s) 'example_complex' retrieved from /home/airflow/.local/lib/python3.12/site-packages/airflow/example_dags/example_complex.py
[2025-05-21T12:31:57.570+0000] {logging_mixin.py:188} INFO - [2025-05-21T12:31:57.570+0000] {dag.py:3096} INFO - Sync 1 DAGs
[2025-05-21T12:31:57.579+0000] {logging_mixin.py:188} INFO - [2025-05-21T12:31:57.579+0000] {dag.py:3954} INFO - Setting next_dagrun for example_complex to None, run_after=None
[2025-05-21T12:31:57.590+0000] {processor.py:183} INFO - Processing /home/airflow/.local/lib/python3.12/site-packages/airflow/example_dags/example_complex.py took 0.060 seconds
[2025-05-21T12:32:27.766+0000] {processor.py:161} INFO - Started process (PID=634) to work on /home/airflow/.local/lib/python3.12/site-packages/airflow/example_dags/example_complex.py
[2025-05-21T12:32:27.770+0000] {processor.py:830} INFO - Processing file /home/airflow/.local/lib/python3.12/site-packages/airflow/example_dags/example_complex.py for tasks to queue
[2025-05-21T12:32:27.775+0000] {logging_mixin.py:188} INFO - [2025-05-21T12:32:27.774+0000] {dagbag.py:545} INFO - Filling up the DagBag from /home/airflow/.local/lib/python3.12/site-packages/airflow/example_dags/example_complex.py
[2025-05-21T12:32:27.784+0000] {processor.py:840} INFO - DAG(s) 'example_complex' retrieved from /home/airflow/.local/lib/python3.12/site-packages/airflow/example_dags/example_complex.py
[2025-05-21T12:32:27.805+0000] {logging_mixin.py:188} INFO - [2025-05-21T12:32:27.805+0000] {dag.py:3096} INFO - Sync 1 DAGs
[2025-05-21T12:32:27.814+0000] {logging_mixin.py:188} INFO - [2025-05-21T12:32:27.814+0000] {dag.py:3954} INFO - Setting next_dagrun for example_complex to None, run_after=None
[2025-05-21T12:32:27.825+0000] {processor.py:183} INFO - Processing /home/airflow/.local/lib/python3.12/site-packages/airflow/example_dags/example_complex.py took 0.065 seconds
[2025-05-21T12:32:58.188+0000] {processor.py:161} INFO - Started process (PID=699) to work on /home/airflow/.local/lib/python3.12/site-packages/airflow/example_dags/example_complex.py
[2025-05-21T12:32:58.189+0000] {processor.py:830} INFO - Processing file /home/airflow/.local/lib/python3.12/site-packages/airflow/example_dags/example_complex.py for tasks to queue
[2025-05-21T12:32:58.190+0000] {logging_mixin.py:188} INFO - [2025-05-21T12:32:58.190+0000] {dagbag.py:545} INFO - Filling up the DagBag from /home/airflow/.local/lib/python3.12/site-packages/airflow/example_dags/example_complex.py
[2025-05-21T12:32:58.199+0000] {processor.py:840} INFO - DAG(s) 'example_complex' retrieved from /home/airflow/.local/lib/python3.12/site-packages/airflow/example_dags/example_complex.py
[2025-05-21T12:32:58.234+0000] {logging_mixin.py:188} INFO - [2025-05-21T12:32:58.234+0000] {dag.py:3096} INFO - Sync 1 DAGs
[2025-05-21T12:32:58.242+0000] {logging_mixin.py:188} INFO - [2025-05-21T12:32:58.242+0000] {dag.py:3954} INFO - Setting next_dagrun for example_complex to None, run_after=None
[2025-05-21T12:32:58.252+0000] {processor.py:183} INFO - Processing /home/airflow/.local/lib/python3.12/site-packages/airflow/example_dags/example_complex.py took 0.068 seconds
[2025-05-21T12:33:28.385+0000] {processor.py:161} INFO - Started process (PID=758) to work on /home/airflow/.local/lib/python3.12/site-packages/airflow/example_dags/example_complex.py
[2025-05-21T12:33:28.386+0000] {processor.py:830} INFO - Processing file /home/airflow/.local/lib/python3.12/site-packages/airflow/example_dags/example_complex.py for tasks to queue
[2025-05-21T12:33:28.387+0000] {logging_mixin.py:188} INFO - [2025-05-21T12:33:28.387+0000] {dagbag.py:545} INFO - Filling up the DagBag from /home/airflow/.local/lib/python3.12/site-packages/airflow/example_dags/example_complex.py
[2025-05-21T12:33:28.395+0000] {processor.py:840} INFO - DAG(s) 'example_complex' retrieved from /home/airflow/.local/lib/python3.12/site-packages/airflow/example_dags/example_complex.py
[2025-05-21T12:33:28.422+0000] {logging_mixin.py:188} INFO - [2025-05-21T12:33:28.422+0000] {dag.py:3096} INFO - Sync 1 DAGs
[2025-05-21T12:33:28.430+0000] {logging_mixin.py:188} INFO - [2025-05-21T12:33:28.430+0000] {dag.py:3954} INFO - Setting next_dagrun for example_complex to None, run_after=None
[2025-05-21T12:33:28.442+0000] {processor.py:183} INFO - Processing /home/airflow/.local/lib/python3.12/site-packages/airflow/example_dags/example_complex.py took 0.062 seconds
[2025-05-21T12:33:59.103+0000] {processor.py:161} INFO - Started process (PID=819) to work on /home/airflow/.local/lib/python3.12/site-packages/airflow/example_dags/example_complex.py
[2025-05-21T12:33:59.109+0000] {processor.py:830} INFO - Processing file /home/airflow/.local/lib/python3.12/site-packages/airflow/example_dags/example_complex.py for tasks to queue
[2025-05-21T12:33:59.114+0000] {logging_mixin.py:188} INFO - [2025-05-21T12:33:59.113+0000] {dagbag.py:545} INFO - Filling up the DagBag from /home/airflow/.local/lib/python3.12/site-packages/airflow/example_dags/example_complex.py
[2025-05-21T12:33:59.123+0000] {processor.py:840} INFO - DAG(s) 'example_complex' retrieved from /home/airflow/.local/lib/python3.12/site-packages/airflow/example_dags/example_complex.py
[2025-05-21T12:33:59.143+0000] {logging_mixin.py:188} INFO - [2025-05-21T12:33:59.143+0000] {dag.py:3096} INFO - Sync 1 DAGs
[2025-05-21T12:33:59.151+0000] {logging_mixin.py:188} INFO - [2025-05-21T12:33:59.151+0000] {dag.py:3954} INFO - Setting next_dagrun for example_complex to None, run_after=None
[2025-05-21T12:33:59.162+0000] {processor.py:183} INFO - Processing /home/airflow/.local/lib/python3.12/site-packages/airflow/example_dags/example_complex.py took 0.069 seconds
[2025-05-21T12:34:29.396+0000] {processor.py:161} INFO - Started process (PID=879) to work on /home/airflow/.local/lib/python3.12/site-packages/airflow/example_dags/example_complex.py
[2025-05-21T12:34:29.401+0000] {processor.py:830} INFO - Processing file /home/airflow/.local/lib/python3.12/site-packages/airflow/example_dags/example_complex.py for tasks to queue
[2025-05-21T12:34:29.404+0000] {logging_mixin.py:188} INFO - [2025-05-21T12:34:29.403+0000] {dagbag.py:545} INFO - Filling up the DagBag from /home/airflow/.local/lib/python3.12/site-packages/airflow/example_dags/example_complex.py
[2025-05-21T12:34:29.411+0000] {processor.py:840} INFO - DAG(s) 'example_complex' retrieved from /home/airflow/.local/lib/python3.12/site-packages/airflow/example_dags/example_complex.py
[2025-05-21T12:34:29.436+0000] {logging_mixin.py:188} INFO - [2025-05-21T12:34:29.436+0000] {dag.py:3096} INFO - Sync 1 DAGs
[2025-05-21T12:34:29.445+0000] {logging_mixin.py:188} INFO - [2025-05-21T12:34:29.444+0000] {dag.py:3954} INFO - Setting next_dagrun for example_complex to None, run_after=None
[2025-05-21T12:34:29.456+0000] {processor.py:183} INFO - Processing /home/airflow/.local/lib/python3.12/site-packages/airflow/example_dags/example_complex.py took 0.065 seconds
[2025-05-21T12:34:59.933+0000] {processor.py:161} INFO - Started process (PID=939) to work on /home/airflow/.local/lib/python3.12/site-packages/airflow/example_dags/example_complex.py
[2025-05-21T12:34:59.936+0000] {processor.py:830} INFO - Processing file /home/airflow/.local/lib/python3.12/site-packages/airflow/example_dags/example_complex.py for tasks to queue
[2025-05-21T12:34:59.940+0000] {logging_mixin.py:188} INFO - [2025-05-21T12:34:59.940+0000] {dagbag.py:545} INFO - Filling up the DagBag from /home/airflow/.local/lib/python3.12/site-packages/airflow/example_dags/example_complex.py
[2025-05-21T12:34:59.950+0000] {processor.py:840} INFO - DAG(s) 'example_complex' retrieved from /home/airflow/.local/lib/python3.12/site-packages/airflow/example_dags/example_complex.py
[2025-05-21T12:34:59.972+0000] {logging_mixin.py:188} INFO - [2025-05-21T12:34:59.971+0000] {dag.py:3096} INFO - Sync 1 DAGs
[2025-05-21T12:34:59.978+0000] {logging_mixin.py:188} INFO - [2025-05-21T12:34:59.978+0000] {dag.py:3954} INFO - Setting next_dagrun for example_complex to None, run_after=None
[2025-05-21T12:34:59.988+0000] {processor.py:183} INFO - Processing /home/airflow/.local/lib/python3.12/site-packages/airflow/example_dags/example_complex.py took 0.060 seconds
[2025-05-21T12:35:30.577+0000] {processor.py:161} INFO - Started process (PID=999) to work on /home/airflow/.local/lib/python3.12/site-packages/airflow/example_dags/example_complex.py
[2025-05-21T12:35:30.581+0000] {processor.py:830} INFO - Processing file /home/airflow/.local/lib/python3.12/site-packages/airflow/example_dags/example_complex.py for tasks to queue
[2025-05-21T12:35:30.583+0000] {logging_mixin.py:188} INFO - [2025-05-21T12:35:30.583+0000] {dagbag.py:545} INFO - Filling up the DagBag from /home/airflow/.local/lib/python3.12/site-packages/airflow/example_dags/example_complex.py
[2025-05-21T12:35:30.595+0000] {processor.py:840} INFO - DAG(s) 'example_complex' retrieved from /home/airflow/.local/lib/python3.12/site-packages/airflow/example_dags/example_complex.py
[2025-05-21T12:35:30.616+0000] {logging_mixin.py:188} INFO - [2025-05-21T12:35:30.616+0000] {dag.py:3096} INFO - Sync 1 DAGs
[2025-05-21T12:35:30.624+0000] {logging_mixin.py:188} INFO - [2025-05-21T12:35:30.624+0000] {dag.py:3954} INFO - Setting next_dagrun for example_complex to None, run_after=None
[2025-05-21T12:35:30.635+0000] {processor.py:183} INFO - Processing /home/airflow/.local/lib/python3.12/site-packages/airflow/example_dags/example_complex.py took 0.063 seconds
[2025-05-21T12:36:01.396+0000] {processor.py:161} INFO - Started process (PID=1059) to work on /home/airflow/.local/lib/python3.12/site-packages/airflow/example_dags/example_complex.py
[2025-05-21T12:36:01.400+0000] {processor.py:830} INFO - Processing file /home/airflow/.local/lib/python3.12/site-packages/airflow/example_dags/example_complex.py for tasks to queue
[2025-05-21T12:36:01.403+0000] {logging_mixin.py:188} INFO - [2025-05-21T12:36:01.402+0000] {dagbag.py:545} INFO - Filling up the DagBag from /home/airflow/.local/lib/python3.12/site-packages/airflow/example_dags/example_complex.py
[2025-05-21T12:36:01.412+0000] {processor.py:840} INFO - DAG(s) 'example_complex' retrieved from /home/airflow/.local/lib/python3.12/site-packages/airflow/example_dags/example_complex.py
[2025-05-21T12:36:01.432+0000] {logging_mixin.py:188} INFO - [2025-05-21T12:36:01.432+0000] {dag.py:3096} INFO - Sync 1 DAGs
[2025-05-21T12:36:01.440+0000] {logging_mixin.py:188} INFO - [2025-05-21T12:36:01.440+0000] {dag.py:3954} INFO - Setting next_dagrun for example_complex to None, run_after=None
[2025-05-21T12:36:01.450+0000] {processor.py:183} INFO - Processing /home/airflow/.local/lib/python3.12/site-packages/airflow/example_dags/example_complex.py took 0.059 seconds
[2025-05-21T12:36:31.887+0000] {processor.py:161} INFO - Started process (PID=1119) to work on /home/airflow/.local/lib/python3.12/site-packages/airflow/example_dags/example_complex.py
[2025-05-21T12:36:31.894+0000] {processor.py:830} INFO - Processing file /home/airflow/.local/lib/python3.12/site-packages/airflow/example_dags/example_complex.py for tasks to queue
[2025-05-21T12:36:31.895+0000] {logging_mixin.py:188} INFO - [2025-05-21T12:36:31.895+0000] {dagbag.py:545} INFO - Filling up the DagBag from /home/airflow/.local/lib/python3.12/site-packages/airflow/example_dags/example_complex.py
[2025-05-21T12:36:31.904+0000] {processor.py:840} INFO - DAG(s) 'example_complex' retrieved from /home/airflow/.local/lib/python3.12/site-packages/airflow/example_dags/example_complex.py
[2025-05-21T12:36:31.923+0000] {logging_mixin.py:188} INFO - [2025-05-21T12:36:31.923+0000] {dag.py:3096} INFO - Sync 1 DAGs
[2025-05-21T12:36:31.931+0000] {logging_mixin.py:188} INFO - [2025-05-21T12:36:31.931+0000] {dag.py:3954} INFO - Setting next_dagrun for example_complex to None, run_after=None
[2025-05-21T12:36:31.942+0000] {processor.py:183} INFO - Processing /home/airflow/.local/lib/python3.12/site-packages/airflow/example_dags/example_complex.py took 0.061 seconds
[2025-05-21T12:37:02.305+0000] {processor.py:161} INFO - Started process (PID=1179) to work on /home/airflow/.local/lib/python3.12/site-packages/airflow/example_dags/example_complex.py
[2025-05-21T12:37:02.308+0000] {processor.py:830} INFO - Processing file /home/airflow/.local/lib/python3.12/site-packages/airflow/example_dags/example_complex.py for tasks to queue
[2025-05-21T12:37:02.311+0000] {logging_mixin.py:188} INFO - [2025-05-21T12:37:02.311+0000] {dagbag.py:545} INFO - Filling up the DagBag from /home/airflow/.local/lib/python3.12/site-packages/airflow/example_dags/example_complex.py
[2025-05-21T12:37:02.320+0000] {processor.py:840} INFO - DAG(s) 'example_complex' retrieved from /home/airflow/.local/lib/python3.12/site-packages/airflow/example_dags/example_complex.py
[2025-05-21T12:37:02.341+0000] {logging_mixin.py:188} INFO - [2025-05-21T12:37:02.341+0000] {dag.py:3096} INFO - Sync 1 DAGs
[2025-05-21T12:37:02.348+0000] {logging_mixin.py:188} INFO - [2025-05-21T12:37:02.348+0000] {dag.py:3954} INFO - Setting next_dagrun for example_complex to None, run_after=None
[2025-05-21T12:37:02.358+0000] {processor.py:183} INFO - Processing /home/airflow/.local/lib/python3.12/site-packages/airflow/example_dags/example_complex.py took 0.061 seconds
[2025-05-21T12:37:32.756+0000] {processor.py:161} INFO - Started process (PID=1239) to work on /home/airflow/.local/lib/python3.12/site-packages/airflow/example_dags/example_complex.py
[2025-05-21T12:37:32.759+0000] {processor.py:830} INFO - Processing file /home/airflow/.local/lib/python3.12/site-packages/airflow/example_dags/example_complex.py for tasks to queue
[2025-05-21T12:37:32.763+0000] {logging_mixin.py:188} INFO - [2025-05-21T12:37:32.762+0000] {dagbag.py:545} INFO - Filling up the DagBag from /home/airflow/.local/lib/python3.12/site-packages/airflow/example_dags/example_complex.py
[2025-05-21T12:37:32.774+0000] {processor.py:840} INFO - DAG(s) 'example_complex' retrieved from /home/airflow/.local/lib/python3.12/site-packages/airflow/example_dags/example_complex.py
[2025-05-21T12:37:32.811+0000] {logging_mixin.py:188} INFO - [2025-05-21T12:37:32.811+0000] {dag.py:3096} INFO - Sync 1 DAGs
[2025-05-21T12:37:32.819+0000] {logging_mixin.py:188} INFO - [2025-05-21T12:37:32.819+0000] {dag.py:3954} INFO - Setting next_dagrun for example_complex to None, run_after=None
[2025-05-21T12:37:32.831+0000] {processor.py:183} INFO - Processing /home/airflow/.local/lib/python3.12/site-packages/airflow/example_dags/example_complex.py took 0.082 seconds
[2025-05-21T12:38:03.219+0000] {processor.py:161} INFO - Started process (PID=1299) to work on /home/airflow/.local/lib/python3.12/site-packages/airflow/example_dags/example_complex.py
[2025-05-21T12:38:03.227+0000] {processor.py:830} INFO - Processing file /home/airflow/.local/lib/python3.12/site-packages/airflow/example_dags/example_complex.py for tasks to queue
[2025-05-21T12:38:03.228+0000] {logging_mixin.py:188} INFO - [2025-05-21T12:38:03.228+0000] {dagbag.py:545} INFO - Filling up the DagBag from /home/airflow/.local/lib/python3.12/site-packages/airflow/example_dags/example_complex.py
[2025-05-21T12:38:03.235+0000] {processor.py:840} INFO - DAG(s) 'example_complex' retrieved from /home/airflow/.local/lib/python3.12/site-packages/airflow/example_dags/example_complex.py
[2025-05-21T12:38:03.252+0000] {logging_mixin.py:188} INFO - [2025-05-21T12:38:03.252+0000] {dag.py:3096} INFO - Sync 1 DAGs
[2025-05-21T12:38:03.259+0000] {logging_mixin.py:188} INFO - [2025-05-21T12:38:03.259+0000] {dag.py:3954} INFO - Setting next_dagrun for example_complex to None, run_after=None
[2025-05-21T12:38:03.268+0000] {processor.py:183} INFO - Processing /home/airflow/.local/lib/python3.12/site-packages/airflow/example_dags/example_complex.py took 0.053 seconds
[2025-05-21T12:38:33.626+0000] {processor.py:161} INFO - Started process (PID=1359) to work on /home/airflow/.local/lib/python3.12/site-packages/airflow/example_dags/example_complex.py
[2025-05-21T12:38:33.628+0000] {processor.py:830} INFO - Processing file /home/airflow/.local/lib/python3.12/site-packages/airflow/example_dags/example_complex.py for tasks to queue
[2025-05-21T12:38:33.630+0000] {logging_mixin.py:188} INFO - [2025-05-21T12:38:33.630+0000] {dagbag.py:545} INFO - Filling up the DagBag from /home/airflow/.local/lib/python3.12/site-packages/airflow/example_dags/example_complex.py
[2025-05-21T12:38:33.639+0000] {processor.py:840} INFO - DAG(s) 'example_complex' retrieved from /home/airflow/.local/lib/python3.12/site-packages/airflow/example_dags/example_complex.py
[2025-05-21T12:38:33.658+0000] {logging_mixin.py:188} INFO - [2025-05-21T12:38:33.658+0000] {dag.py:3096} INFO - Sync 1 DAGs
[2025-05-21T12:38:33.665+0000] {logging_mixin.py:188} INFO - [2025-05-21T12:38:33.665+0000] {dag.py:3954} INFO - Setting next_dagrun for example_complex to None, run_after=None
[2025-05-21T12:38:33.676+0000] {processor.py:183} INFO - Processing /home/airflow/.local/lib/python3.12/site-packages/airflow/example_dags/example_complex.py took 0.054 seconds
[2025-05-21T12:39:04.171+0000] {processor.py:161} INFO - Started process (PID=1419) to work on /home/airflow/.local/lib/python3.12/site-packages/airflow/example_dags/example_complex.py
[2025-05-21T12:39:04.175+0000] {processor.py:830} INFO - Processing file /home/airflow/.local/lib/python3.12/site-packages/airflow/example_dags/example_complex.py for tasks to queue
[2025-05-21T12:39:04.178+0000] {logging_mixin.py:188} INFO - [2025-05-21T12:39:04.178+0000] {dagbag.py:545} INFO - Filling up the DagBag from /home/airflow/.local/lib/python3.12/site-packages/airflow/example_dags/example_complex.py
[2025-05-21T12:39:04.188+0000] {processor.py:840} INFO - DAG(s) 'example_complex' retrieved from /home/airflow/.local/lib/python3.12/site-packages/airflow/example_dags/example_complex.py
[2025-05-21T12:39:04.213+0000] {logging_mixin.py:188} INFO - [2025-05-21T12:39:04.213+0000] {dag.py:3096} INFO - Sync 1 DAGs
[2025-05-21T12:39:04.220+0000] {logging_mixin.py:188} INFO - [2025-05-21T12:39:04.220+0000] {dag.py:3954} INFO - Setting next_dagrun for example_complex to None, run_after=None
[2025-05-21T12:39:04.230+0000] {processor.py:183} INFO - Processing /home/airflow/.local/lib/python3.12/site-packages/airflow/example_dags/example_complex.py took 0.066 seconds
[2025-05-21T12:39:34.854+0000] {processor.py:161} INFO - Started process (PID=1479) to work on /home/airflow/.local/lib/python3.12/site-packages/airflow/example_dags/example_complex.py
[2025-05-21T12:39:34.858+0000] {processor.py:830} INFO - Processing file /home/airflow/.local/lib/python3.12/site-packages/airflow/example_dags/example_complex.py for tasks to queue
[2025-05-21T12:39:34.861+0000] {logging_mixin.py:188} INFO - [2025-05-21T12:39:34.861+0000] {dagbag.py:545} INFO - Filling up the DagBag from /home/airflow/.local/lib/python3.12/site-packages/airflow/example_dags/example_complex.py
[2025-05-21T12:39:34.871+0000] {processor.py:840} INFO - DAG(s) 'example_complex' retrieved from /home/airflow/.local/lib/python3.12/site-packages/airflow/example_dags/example_complex.py
[2025-05-21T12:39:34.893+0000] {logging_mixin.py:188} INFO - [2025-05-21T12:39:34.893+0000] {dag.py:3096} INFO - Sync 1 DAGs
[2025-05-21T12:39:34.900+0000] {logging_mixin.py:188} INFO - [2025-05-21T12:39:34.900+0000] {dag.py:3954} INFO - Setting next_dagrun for example_complex to None, run_after=None
[2025-05-21T12:39:34.910+0000] {processor.py:183} INFO - Processing /home/airflow/.local/lib/python3.12/site-packages/airflow/example_dags/example_complex.py took 0.062 seconds
[2025-05-21T12:40:55.256+0000] {processor.py:161} INFO - Started process (PID=95) to work on /home/airflow/.local/lib/python3.12/site-packages/airflow/example_dags/example_complex.py
[2025-05-21T12:40:55.257+0000] {processor.py:830} INFO - Processing file /home/airflow/.local/lib/python3.12/site-packages/airflow/example_dags/example_complex.py for tasks to queue
[2025-05-21T12:40:55.259+0000] {logging_mixin.py:188} INFO - [2025-05-21T12:40:55.259+0000] {dagbag.py:545} INFO - Filling up the DagBag from /home/airflow/.local/lib/python3.12/site-packages/airflow/example_dags/example_complex.py
[2025-05-21T12:40:55.271+0000] {processor.py:840} INFO - DAG(s) 'example_complex' retrieved from /home/airflow/.local/lib/python3.12/site-packages/airflow/example_dags/example_complex.py
[2025-05-21T12:40:55.407+0000] {logging_mixin.py:188} INFO - [2025-05-21T12:40:55.407+0000] {override.py:1829} INFO - Created Permission View: can edit on DAG:example_complex
[2025-05-21T12:40:55.424+0000] {logging_mixin.py:188} INFO - [2025-05-21T12:40:55.423+0000] {override.py:1829} INFO - Created Permission View: can delete on DAG:example_complex
[2025-05-21T12:40:55.433+0000] {logging_mixin.py:188} INFO - [2025-05-21T12:40:55.433+0000] {override.py:1829} INFO - Created Permission View: can read on DAG:example_complex
[2025-05-21T12:40:55.434+0000] {logging_mixin.py:188} INFO - [2025-05-21T12:40:55.434+0000] {dag.py:3096} INFO - Sync 1 DAGs
[2025-05-21T12:40:55.446+0000] {logging_mixin.py:188} INFO - [2025-05-21T12:40:55.445+0000] {dag.py:3118} INFO - Creating ORM DAG for example_complex
[2025-05-21T12:40:55.446+0000] {logging_mixin.py:188} INFO - [2025-05-21T12:40:55.446+0000] {dag.py:3954} INFO - Setting next_dagrun for example_complex to None, run_after=None
[2025-05-21T12:40:55.465+0000] {processor.py:183} INFO - Processing /home/airflow/.local/lib/python3.12/site-packages/airflow/example_dags/example_complex.py took 0.218 seconds
[2025-05-21T12:41:26.033+0000] {processor.py:161} INFO - Started process (PID=152) to work on /home/airflow/.local/lib/python3.12/site-packages/airflow/example_dags/example_complex.py
[2025-05-21T12:41:26.035+0000] {processor.py:830} INFO - Processing file /home/airflow/.local/lib/python3.12/site-packages/airflow/example_dags/example_complex.py for tasks to queue
[2025-05-21T12:41:26.037+0000] {logging_mixin.py:188} INFO - [2025-05-21T12:41:26.037+0000] {dagbag.py:545} INFO - Filling up the DagBag from /home/airflow/.local/lib/python3.12/site-packages/airflow/example_dags/example_complex.py
[2025-05-21T12:41:26.048+0000] {processor.py:840} INFO - DAG(s) 'example_complex' retrieved from /home/airflow/.local/lib/python3.12/site-packages/airflow/example_dags/example_complex.py
[2025-05-21T12:41:26.079+0000] {logging_mixin.py:188} INFO - [2025-05-21T12:41:26.079+0000] {dag.py:3096} INFO - Sync 1 DAGs
[2025-05-21T12:41:26.102+0000] {logging_mixin.py:188} INFO - [2025-05-21T12:41:26.102+0000] {dag.py:3954} INFO - Setting next_dagrun for example_complex to None, run_after=None
[2025-05-21T12:41:26.120+0000] {processor.py:183} INFO - Processing /home/airflow/.local/lib/python3.12/site-packages/airflow/example_dags/example_complex.py took 0.097 seconds
[2025-05-21T12:41:56.873+0000] {processor.py:161} INFO - Started process (PID=212) to work on /home/airflow/.local/lib/python3.12/site-packages/airflow/example_dags/example_complex.py
[2025-05-21T12:41:56.875+0000] {processor.py:830} INFO - Processing file /home/airflow/.local/lib/python3.12/site-packages/airflow/example_dags/example_complex.py for tasks to queue
[2025-05-21T12:41:56.878+0000] {logging_mixin.py:188} INFO - [2025-05-21T12:41:56.878+0000] {dagbag.py:545} INFO - Filling up the DagBag from /home/airflow/.local/lib/python3.12/site-packages/airflow/example_dags/example_complex.py
[2025-05-21T12:41:56.891+0000] {processor.py:840} INFO - DAG(s) 'example_complex' retrieved from /home/airflow/.local/lib/python3.12/site-packages/airflow/example_dags/example_complex.py
[2025-05-21T12:41:56.915+0000] {logging_mixin.py:188} INFO - [2025-05-21T12:41:56.915+0000] {dag.py:3096} INFO - Sync 1 DAGs
[2025-05-21T12:41:56.923+0000] {logging_mixin.py:188} INFO - [2025-05-21T12:41:56.922+0000] {dag.py:3954} INFO - Setting next_dagrun for example_complex to None, run_after=None
[2025-05-21T12:41:56.938+0000] {processor.py:183} INFO - Processing /home/airflow/.local/lib/python3.12/site-packages/airflow/example_dags/example_complex.py took 0.072 seconds
[2025-05-21T12:42:27.240+0000] {processor.py:161} INFO - Started process (PID=272) to work on /home/airflow/.local/lib/python3.12/site-packages/airflow/example_dags/example_complex.py
[2025-05-21T12:42:27.246+0000] {processor.py:830} INFO - Processing file /home/airflow/.local/lib/python3.12/site-packages/airflow/example_dags/example_complex.py for tasks to queue
[2025-05-21T12:42:27.248+0000] {logging_mixin.py:188} INFO - [2025-05-21T12:42:27.248+0000] {dagbag.py:545} INFO - Filling up the DagBag from /home/airflow/.local/lib/python3.12/site-packages/airflow/example_dags/example_complex.py
[2025-05-21T12:42:27.257+0000] {processor.py:840} INFO - DAG(s) 'example_complex' retrieved from /home/airflow/.local/lib/python3.12/site-packages/airflow/example_dags/example_complex.py
[2025-05-21T12:42:27.280+0000] {logging_mixin.py:188} INFO - [2025-05-21T12:42:27.279+0000] {dag.py:3096} INFO - Sync 1 DAGs
[2025-05-21T12:42:27.288+0000] {logging_mixin.py:188} INFO - [2025-05-21T12:42:27.288+0000] {dag.py:3954} INFO - Setting next_dagrun for example_complex to None, run_after=None
[2025-05-21T12:42:27.299+0000] {processor.py:183} INFO - Processing /home/airflow/.local/lib/python3.12/site-packages/airflow/example_dags/example_complex.py took 0.066 seconds
[2025-05-21T12:42:57.843+0000] {processor.py:161} INFO - Started process (PID=332) to work on /home/airflow/.local/lib/python3.12/site-packages/airflow/example_dags/example_complex.py
[2025-05-21T12:42:57.849+0000] {processor.py:830} INFO - Processing file /home/airflow/.local/lib/python3.12/site-packages/airflow/example_dags/example_complex.py for tasks to queue
[2025-05-21T12:42:57.856+0000] {logging_mixin.py:188} INFO - [2025-05-21T12:42:57.855+0000] {dagbag.py:545} INFO - Filling up the DagBag from /home/airflow/.local/lib/python3.12/site-packages/airflow/example_dags/example_complex.py
[2025-05-21T12:42:57.872+0000] {processor.py:840} INFO - DAG(s) 'example_complex' retrieved from /home/airflow/.local/lib/python3.12/site-packages/airflow/example_dags/example_complex.py
[2025-05-21T12:42:57.895+0000] {logging_mixin.py:188} INFO - [2025-05-21T12:42:57.895+0000] {dag.py:3096} INFO - Sync 1 DAGs
[2025-05-21T12:42:57.908+0000] {logging_mixin.py:188} INFO - [2025-05-21T12:42:57.908+0000] {dag.py:3954} INFO - Setting next_dagrun for example_complex to None, run_after=None
[2025-05-21T12:42:57.925+0000] {processor.py:183} INFO - Processing /home/airflow/.local/lib/python3.12/site-packages/airflow/example_dags/example_complex.py took 0.092 seconds
[2025-05-21T12:43:28.395+0000] {processor.py:161} INFO - Started process (PID=392) to work on /home/airflow/.local/lib/python3.12/site-packages/airflow/example_dags/example_complex.py
[2025-05-21T12:43:28.397+0000] {processor.py:830} INFO - Processing file /home/airflow/.local/lib/python3.12/site-packages/airflow/example_dags/example_complex.py for tasks to queue
[2025-05-21T12:43:28.402+0000] {logging_mixin.py:188} INFO - [2025-05-21T12:43:28.402+0000] {dagbag.py:545} INFO - Filling up the DagBag from /home/airflow/.local/lib/python3.12/site-packages/airflow/example_dags/example_complex.py
[2025-05-21T12:43:28.419+0000] {processor.py:840} INFO - DAG(s) 'example_complex' retrieved from /home/airflow/.local/lib/python3.12/site-packages/airflow/example_dags/example_complex.py
[2025-05-21T12:43:28.442+0000] {logging_mixin.py:188} INFO - [2025-05-21T12:43:28.442+0000] {dag.py:3096} INFO - Sync 1 DAGs
[2025-05-21T12:43:28.450+0000] {logging_mixin.py:188} INFO - [2025-05-21T12:43:28.450+0000] {dag.py:3954} INFO - Setting next_dagrun for example_complex to None, run_after=None
[2025-05-21T12:43:28.462+0000] {processor.py:183} INFO - Processing /home/airflow/.local/lib/python3.12/site-packages/airflow/example_dags/example_complex.py took 0.074 seconds
[2025-05-21T12:43:58.580+0000] {processor.py:161} INFO - Started process (PID=451) to work on /home/airflow/.local/lib/python3.12/site-packages/airflow/example_dags/example_complex.py
[2025-05-21T12:43:58.581+0000] {processor.py:830} INFO - Processing file /home/airflow/.local/lib/python3.12/site-packages/airflow/example_dags/example_complex.py for tasks to queue
[2025-05-21T12:43:58.583+0000] {logging_mixin.py:188} INFO - [2025-05-21T12:43:58.582+0000] {dagbag.py:545} INFO - Filling up the DagBag from /home/airflow/.local/lib/python3.12/site-packages/airflow/example_dags/example_complex.py
[2025-05-21T12:43:58.592+0000] {processor.py:840} INFO - DAG(s) 'example_complex' retrieved from /home/airflow/.local/lib/python3.12/site-packages/airflow/example_dags/example_complex.py
[2025-05-21T12:43:58.618+0000] {logging_mixin.py:188} INFO - [2025-05-21T12:43:58.617+0000] {dag.py:3096} INFO - Sync 1 DAGs
[2025-05-21T12:43:58.628+0000] {logging_mixin.py:188} INFO - [2025-05-21T12:43:58.628+0000] {dag.py:3954} INFO - Setting next_dagrun for example_complex to None, run_after=None
[2025-05-21T12:43:58.642+0000] {processor.py:183} INFO - Processing /home/airflow/.local/lib/python3.12/site-packages/airflow/example_dags/example_complex.py took 0.070 seconds
[2025-05-21T12:44:29.246+0000] {processor.py:161} INFO - Started process (PID=518) to work on /home/airflow/.local/lib/python3.12/site-packages/airflow/example_dags/example_complex.py
[2025-05-21T12:44:29.249+0000] {processor.py:830} INFO - Processing file /home/airflow/.local/lib/python3.12/site-packages/airflow/example_dags/example_complex.py for tasks to queue
[2025-05-21T12:44:29.253+0000] {logging_mixin.py:188} INFO - [2025-05-21T12:44:29.252+0000] {dagbag.py:545} INFO - Filling up the DagBag from /home/airflow/.local/lib/python3.12/site-packages/airflow/example_dags/example_complex.py
[2025-05-21T12:44:29.262+0000] {processor.py:840} INFO - DAG(s) 'example_complex' retrieved from /home/airflow/.local/lib/python3.12/site-packages/airflow/example_dags/example_complex.py
[2025-05-21T12:44:29.283+0000] {logging_mixin.py:188} INFO - [2025-05-21T12:44:29.283+0000] {dag.py:3096} INFO - Sync 1 DAGs
[2025-05-21T12:44:29.291+0000] {logging_mixin.py:188} INFO - [2025-05-21T12:44:29.291+0000] {dag.py:3954} INFO - Setting next_dagrun for example_complex to None, run_after=None
[2025-05-21T12:44:29.301+0000] {processor.py:183} INFO - Processing /home/airflow/.local/lib/python3.12/site-packages/airflow/example_dags/example_complex.py took 0.061 seconds
[2025-05-21T12:44:59.683+0000] {processor.py:161} INFO - Started process (PID=578) to work on /home/airflow/.local/lib/python3.12/site-packages/airflow/example_dags/example_complex.py
[2025-05-21T12:44:59.691+0000] {processor.py:830} INFO - Processing file /home/airflow/.local/lib/python3.12/site-packages/airflow/example_dags/example_complex.py for tasks to queue
[2025-05-21T12:44:59.693+0000] {logging_mixin.py:188} INFO - [2025-05-21T12:44:59.692+0000] {dagbag.py:545} INFO - Filling up the DagBag from /home/airflow/.local/lib/python3.12/site-packages/airflow/example_dags/example_complex.py
[2025-05-21T12:44:59.702+0000] {processor.py:840} INFO - DAG(s) 'example_complex' retrieved from /home/airflow/.local/lib/python3.12/site-packages/airflow/example_dags/example_complex.py
[2025-05-21T12:44:59.726+0000] {logging_mixin.py:188} INFO - [2025-05-21T12:44:59.726+0000] {dag.py:3096} INFO - Sync 1 DAGs
[2025-05-21T12:44:59.734+0000] {logging_mixin.py:188} INFO - [2025-05-21T12:44:59.733+0000] {dag.py:3954} INFO - Setting next_dagrun for example_complex to None, run_after=None
[2025-05-21T12:44:59.744+0000] {processor.py:183} INFO - Processing /home/airflow/.local/lib/python3.12/site-packages/airflow/example_dags/example_complex.py took 0.067 seconds
[2025-05-21T12:45:30.128+0000] {processor.py:161} INFO - Started process (PID=637) to work on /home/airflow/.local/lib/python3.12/site-packages/airflow/example_dags/example_complex.py
[2025-05-21T12:45:30.135+0000] {processor.py:830} INFO - Processing file /home/airflow/.local/lib/python3.12/site-packages/airflow/example_dags/example_complex.py for tasks to queue
[2025-05-21T12:45:30.136+0000] {logging_mixin.py:188} INFO - [2025-05-21T12:45:30.136+0000] {dagbag.py:545} INFO - Filling up the DagBag from /home/airflow/.local/lib/python3.12/site-packages/airflow/example_dags/example_complex.py
[2025-05-21T12:45:30.144+0000] {processor.py:840} INFO - DAG(s) 'example_complex' retrieved from /home/airflow/.local/lib/python3.12/site-packages/airflow/example_dags/example_complex.py
[2025-05-21T12:45:30.163+0000] {logging_mixin.py:188} INFO - [2025-05-21T12:45:30.163+0000] {dag.py:3096} INFO - Sync 1 DAGs
[2025-05-21T12:45:30.171+0000] {logging_mixin.py:188} INFO - [2025-05-21T12:45:30.171+0000] {dag.py:3954} INFO - Setting next_dagrun for example_complex to None, run_after=None
[2025-05-21T12:45:30.181+0000] {processor.py:183} INFO - Processing /home/airflow/.local/lib/python3.12/site-packages/airflow/example_dags/example_complex.py took 0.060 seconds
[2025-05-21T12:46:00.492+0000] {processor.py:161} INFO - Started process (PID=697) to work on /home/airflow/.local/lib/python3.12/site-packages/airflow/example_dags/example_complex.py
[2025-05-21T12:46:00.493+0000] {processor.py:830} INFO - Processing file /home/airflow/.local/lib/python3.12/site-packages/airflow/example_dags/example_complex.py for tasks to queue
[2025-05-21T12:46:00.495+0000] {logging_mixin.py:188} INFO - [2025-05-21T12:46:00.495+0000] {dagbag.py:545} INFO - Filling up the DagBag from /home/airflow/.local/lib/python3.12/site-packages/airflow/example_dags/example_complex.py
[2025-05-21T12:46:00.504+0000] {processor.py:840} INFO - DAG(s) 'example_complex' retrieved from /home/airflow/.local/lib/python3.12/site-packages/airflow/example_dags/example_complex.py
[2025-05-21T12:46:00.528+0000] {logging_mixin.py:188} INFO - [2025-05-21T12:46:00.528+0000] {dag.py:3096} INFO - Sync 1 DAGs
[2025-05-21T12:46:00.535+0000] {logging_mixin.py:188} INFO - [2025-05-21T12:46:00.535+0000] {dag.py:3954} INFO - Setting next_dagrun for example_complex to None, run_after=None
[2025-05-21T12:46:00.546+0000] {processor.py:183} INFO - Processing /home/airflow/.local/lib/python3.12/site-packages/airflow/example_dags/example_complex.py took 0.060 seconds
[2025-05-21T12:46:30.635+0000] {processor.py:161} INFO - Started process (PID=756) to work on /home/airflow/.local/lib/python3.12/site-packages/airflow/example_dags/example_complex.py
[2025-05-21T12:46:30.636+0000] {processor.py:830} INFO - Processing file /home/airflow/.local/lib/python3.12/site-packages/airflow/example_dags/example_complex.py for tasks to queue
[2025-05-21T12:46:30.637+0000] {logging_mixin.py:188} INFO - [2025-05-21T12:46:30.637+0000] {dagbag.py:545} INFO - Filling up the DagBag from /home/airflow/.local/lib/python3.12/site-packages/airflow/example_dags/example_complex.py
[2025-05-21T12:46:30.643+0000] {processor.py:840} INFO - DAG(s) 'example_complex' retrieved from /home/airflow/.local/lib/python3.12/site-packages/airflow/example_dags/example_complex.py
[2025-05-21T12:46:30.659+0000] {logging_mixin.py:188} INFO - [2025-05-21T12:46:30.659+0000] {dag.py:3096} INFO - Sync 1 DAGs
[2025-05-21T12:46:30.666+0000] {logging_mixin.py:188} INFO - [2025-05-21T12:46:30.666+0000] {dag.py:3954} INFO - Setting next_dagrun for example_complex to None, run_after=None
[2025-05-21T12:46:30.694+0000] {processor.py:183} INFO - Processing /home/airflow/.local/lib/python3.12/site-packages/airflow/example_dags/example_complex.py took 0.065 seconds
[2025-05-21T12:47:01.069+0000] {processor.py:161} INFO - Started process (PID=817) to work on /home/airflow/.local/lib/python3.12/site-packages/airflow/example_dags/example_complex.py
[2025-05-21T12:47:01.074+0000] {processor.py:830} INFO - Processing file /home/airflow/.local/lib/python3.12/site-packages/airflow/example_dags/example_complex.py for tasks to queue
[2025-05-21T12:47:01.080+0000] {logging_mixin.py:188} INFO - [2025-05-21T12:47:01.079+0000] {dagbag.py:545} INFO - Filling up the DagBag from /home/airflow/.local/lib/python3.12/site-packages/airflow/example_dags/example_complex.py
[2025-05-21T12:47:01.088+0000] {processor.py:840} INFO - DAG(s) 'example_complex' retrieved from /home/airflow/.local/lib/python3.12/site-packages/airflow/example_dags/example_complex.py
[2025-05-21T12:47:01.113+0000] {logging_mixin.py:188} INFO - [2025-05-21T12:47:01.113+0000] {dag.py:3096} INFO - Sync 1 DAGs
[2025-05-21T12:47:01.120+0000] {logging_mixin.py:188} INFO - [2025-05-21T12:47:01.120+0000] {dag.py:3954} INFO - Setting next_dagrun for example_complex to None, run_after=None
[2025-05-21T12:47:01.135+0000] {processor.py:183} INFO - Processing /home/airflow/.local/lib/python3.12/site-packages/airflow/example_dags/example_complex.py took 0.072 seconds
[2025-05-21T12:47:31.507+0000] {processor.py:161} INFO - Started process (PID=877) to work on /home/airflow/.local/lib/python3.12/site-packages/airflow/example_dags/example_complex.py
[2025-05-21T12:47:31.514+0000] {processor.py:830} INFO - Processing file /home/airflow/.local/lib/python3.12/site-packages/airflow/example_dags/example_complex.py for tasks to queue
[2025-05-21T12:47:31.515+0000] {logging_mixin.py:188} INFO - [2025-05-21T12:47:31.515+0000] {dagbag.py:545} INFO - Filling up the DagBag from /home/airflow/.local/lib/python3.12/site-packages/airflow/example_dags/example_complex.py
[2025-05-21T12:47:31.524+0000] {processor.py:840} INFO - DAG(s) 'example_complex' retrieved from /home/airflow/.local/lib/python3.12/site-packages/airflow/example_dags/example_complex.py
[2025-05-21T12:47:31.543+0000] {logging_mixin.py:188} INFO - [2025-05-21T12:47:31.543+0000] {dag.py:3096} INFO - Sync 1 DAGs
[2025-05-21T12:47:31.550+0000] {logging_mixin.py:188} INFO - [2025-05-21T12:47:31.550+0000] {dag.py:3954} INFO - Setting next_dagrun for example_complex to None, run_after=None
[2025-05-21T12:47:31.561+0000] {processor.py:183} INFO - Processing /home/airflow/.local/lib/python3.12/site-packages/airflow/example_dags/example_complex.py took 0.061 seconds
[2025-05-21T12:48:01.696+0000] {processor.py:161} INFO - Started process (PID=936) to work on /home/airflow/.local/lib/python3.12/site-packages/airflow/example_dags/example_complex.py
[2025-05-21T12:48:01.698+0000] {processor.py:830} INFO - Processing file /home/airflow/.local/lib/python3.12/site-packages/airflow/example_dags/example_complex.py for tasks to queue
[2025-05-21T12:48:01.699+0000] {logging_mixin.py:188} INFO - [2025-05-21T12:48:01.699+0000] {dagbag.py:545} INFO - Filling up the DagBag from /home/airflow/.local/lib/python3.12/site-packages/airflow/example_dags/example_complex.py
[2025-05-21T12:48:01.704+0000] {processor.py:840} INFO - DAG(s) 'example_complex' retrieved from /home/airflow/.local/lib/python3.12/site-packages/airflow/example_dags/example_complex.py
[2025-05-21T12:48:01.717+0000] {logging_mixin.py:188} INFO - [2025-05-21T12:48:01.717+0000] {dag.py:3096} INFO - Sync 1 DAGs
[2025-05-21T12:48:01.723+0000] {logging_mixin.py:188} INFO - [2025-05-21T12:48:01.723+0000] {dag.py:3954} INFO - Setting next_dagrun for example_complex to None, run_after=None
[2025-05-21T12:48:01.731+0000] {processor.py:183} INFO - Processing /home/airflow/.local/lib/python3.12/site-packages/airflow/example_dags/example_complex.py took 0.046 seconds
[2025-05-21T12:48:32.719+0000] {processor.py:161} INFO - Started process (PID=997) to work on /home/airflow/.local/lib/python3.12/site-packages/airflow/example_dags/example_complex.py
[2025-05-21T12:48:32.720+0000] {processor.py:830} INFO - Processing file /home/airflow/.local/lib/python3.12/site-packages/airflow/example_dags/example_complex.py for tasks to queue
[2025-05-21T12:48:32.721+0000] {logging_mixin.py:188} INFO - [2025-05-21T12:48:32.720+0000] {dagbag.py:545} INFO - Filling up the DagBag from /home/airflow/.local/lib/python3.12/site-packages/airflow/example_dags/example_complex.py
[2025-05-21T12:48:32.728+0000] {processor.py:840} INFO - DAG(s) 'example_complex' retrieved from /home/airflow/.local/lib/python3.12/site-packages/airflow/example_dags/example_complex.py
[2025-05-21T12:48:32.752+0000] {logging_mixin.py:188} INFO - [2025-05-21T12:48:32.751+0000] {dag.py:3096} INFO - Sync 1 DAGs
[2025-05-21T12:48:32.759+0000] {logging_mixin.py:188} INFO - [2025-05-21T12:48:32.759+0000] {dag.py:3954} INFO - Setting next_dagrun for example_complex to None, run_after=None
[2025-05-21T12:48:32.771+0000] {processor.py:183} INFO - Processing /home/airflow/.local/lib/python3.12/site-packages/airflow/example_dags/example_complex.py took 0.055 seconds
[2025-05-21T12:49:03.488+0000] {processor.py:161} INFO - Started process (PID=1057) to work on /home/airflow/.local/lib/python3.12/site-packages/airflow/example_dags/example_complex.py
[2025-05-21T12:49:03.490+0000] {processor.py:830} INFO - Processing file /home/airflow/.local/lib/python3.12/site-packages/airflow/example_dags/example_complex.py for tasks to queue
[2025-05-21T12:49:03.492+0000] {logging_mixin.py:188} INFO - [2025-05-21T12:49:03.492+0000] {dagbag.py:545} INFO - Filling up the DagBag from /home/airflow/.local/lib/python3.12/site-packages/airflow/example_dags/example_complex.py
[2025-05-21T12:49:03.498+0000] {processor.py:840} INFO - DAG(s) 'example_complex' retrieved from /home/airflow/.local/lib/python3.12/site-packages/airflow/example_dags/example_complex.py
[2025-05-21T12:49:03.516+0000] {logging_mixin.py:188} INFO - [2025-05-21T12:49:03.516+0000] {dag.py:3096} INFO - Sync 1 DAGs
[2025-05-21T12:49:03.522+0000] {logging_mixin.py:188} INFO - [2025-05-21T12:49:03.522+0000] {dag.py:3954} INFO - Setting next_dagrun for example_complex to None, run_after=None
[2025-05-21T12:49:03.534+0000] {processor.py:183} INFO - Processing /home/airflow/.local/lib/python3.12/site-packages/airflow/example_dags/example_complex.py took 0.050 seconds
[2025-05-21T12:49:34.357+0000] {processor.py:161} INFO - Started process (PID=1117) to work on /home/airflow/.local/lib/python3.12/site-packages/airflow/example_dags/example_complex.py
[2025-05-21T12:49:34.357+0000] {processor.py:830} INFO - Processing file /home/airflow/.local/lib/python3.12/site-packages/airflow/example_dags/example_complex.py for tasks to queue
[2025-05-21T12:49:34.358+0000] {logging_mixin.py:188} INFO - [2025-05-21T12:49:34.358+0000] {dagbag.py:545} INFO - Filling up the DagBag from /home/airflow/.local/lib/python3.12/site-packages/airflow/example_dags/example_complex.py
[2025-05-21T12:49:34.363+0000] {processor.py:840} INFO - DAG(s) 'example_complex' retrieved from /home/airflow/.local/lib/python3.12/site-packages/airflow/example_dags/example_complex.py
[2025-05-21T12:49:34.381+0000] {logging_mixin.py:188} INFO - [2025-05-21T12:49:34.381+0000] {dag.py:3096} INFO - Sync 1 DAGs
[2025-05-21T12:49:34.387+0000] {logging_mixin.py:188} INFO - [2025-05-21T12:49:34.387+0000] {dag.py:3954} INFO - Setting next_dagrun for example_complex to None, run_after=None
[2025-05-21T12:49:34.402+0000] {processor.py:183} INFO - Processing /home/airflow/.local/lib/python3.12/site-packages/airflow/example_dags/example_complex.py took 0.048 seconds
[2025-05-21T12:50:04.941+0000] {processor.py:161} INFO - Started process (PID=1177) to work on /home/airflow/.local/lib/python3.12/site-packages/airflow/example_dags/example_complex.py
[2025-05-21T12:50:04.941+0000] {processor.py:830} INFO - Processing file /home/airflow/.local/lib/python3.12/site-packages/airflow/example_dags/example_complex.py for tasks to queue
[2025-05-21T12:50:04.942+0000] {logging_mixin.py:188} INFO - [2025-05-21T12:50:04.942+0000] {dagbag.py:545} INFO - Filling up the DagBag from /home/airflow/.local/lib/python3.12/site-packages/airflow/example_dags/example_complex.py
[2025-05-21T12:50:04.947+0000] {processor.py:840} INFO - DAG(s) 'example_complex' retrieved from /home/airflow/.local/lib/python3.12/site-packages/airflow/example_dags/example_complex.py
[2025-05-21T12:50:04.965+0000] {logging_mixin.py:188} INFO - [2025-05-21T12:50:04.964+0000] {dag.py:3096} INFO - Sync 1 DAGs
[2025-05-21T12:50:04.971+0000] {logging_mixin.py:188} INFO - [2025-05-21T12:50:04.971+0000] {dag.py:3954} INFO - Setting next_dagrun for example_complex to None, run_after=None
[2025-05-21T12:50:04.983+0000] {processor.py:183} INFO - Processing /home/airflow/.local/lib/python3.12/site-packages/airflow/example_dags/example_complex.py took 0.046 seconds
[2025-05-21T12:50:35.829+0000] {processor.py:161} INFO - Started process (PID=1237) to work on /home/airflow/.local/lib/python3.12/site-packages/airflow/example_dags/example_complex.py
[2025-05-21T12:50:35.832+0000] {processor.py:830} INFO - Processing file /home/airflow/.local/lib/python3.12/site-packages/airflow/example_dags/example_complex.py for tasks to queue
[2025-05-21T12:50:35.838+0000] {logging_mixin.py:188} INFO - [2025-05-21T12:50:35.837+0000] {dagbag.py:545} INFO - Filling up the DagBag from /home/airflow/.local/lib/python3.12/site-packages/airflow/example_dags/example_complex.py
[2025-05-21T12:50:35.848+0000] {processor.py:840} INFO - DAG(s) 'example_complex' retrieved from /home/airflow/.local/lib/python3.12/site-packages/airflow/example_dags/example_complex.py
[2025-05-21T12:50:35.876+0000] {logging_mixin.py:188} INFO - [2025-05-21T12:50:35.875+0000] {dag.py:3096} INFO - Sync 1 DAGs
[2025-05-21T12:50:35.884+0000] {logging_mixin.py:188} INFO - [2025-05-21T12:50:35.884+0000] {dag.py:3954} INFO - Setting next_dagrun for example_complex to None, run_after=None
[2025-05-21T12:50:35.894+0000] {processor.py:183} INFO - Processing /home/airflow/.local/lib/python3.12/site-packages/airflow/example_dags/example_complex.py took 0.071 seconds
[2025-05-21T12:51:06.439+0000] {processor.py:161} INFO - Started process (PID=1297) to work on /home/airflow/.local/lib/python3.12/site-packages/airflow/example_dags/example_complex.py
[2025-05-21T12:51:06.440+0000] {processor.py:830} INFO - Processing file /home/airflow/.local/lib/python3.12/site-packages/airflow/example_dags/example_complex.py for tasks to queue
[2025-05-21T12:51:06.445+0000] {logging_mixin.py:188} INFO - [2025-05-21T12:51:06.445+0000] {dagbag.py:545} INFO - Filling up the DagBag from /home/airflow/.local/lib/python3.12/site-packages/airflow/example_dags/example_complex.py
[2025-05-21T12:51:06.453+0000] {processor.py:840} INFO - DAG(s) 'example_complex' retrieved from /home/airflow/.local/lib/python3.12/site-packages/airflow/example_dags/example_complex.py
[2025-05-21T12:51:06.475+0000] {logging_mixin.py:188} INFO - [2025-05-21T12:51:06.474+0000] {dag.py:3096} INFO - Sync 1 DAGs
[2025-05-21T12:51:06.484+0000] {logging_mixin.py:188} INFO - [2025-05-21T12:51:06.484+0000] {dag.py:3954} INFO - Setting next_dagrun for example_complex to None, run_after=None
[2025-05-21T12:51:06.502+0000] {processor.py:183} INFO - Processing /home/airflow/.local/lib/python3.12/site-packages/airflow/example_dags/example_complex.py took 0.070 seconds
[2025-05-21T12:51:36.807+0000] {processor.py:161} INFO - Started process (PID=1356) to work on /home/airflow/.local/lib/python3.12/site-packages/airflow/example_dags/example_complex.py
[2025-05-21T12:51:36.808+0000] {processor.py:830} INFO - Processing file /home/airflow/.local/lib/python3.12/site-packages/airflow/example_dags/example_complex.py for tasks to queue
[2025-05-21T12:51:36.811+0000] {logging_mixin.py:188} INFO - [2025-05-21T12:51:36.811+0000] {dagbag.py:545} INFO - Filling up the DagBag from /home/airflow/.local/lib/python3.12/site-packages/airflow/example_dags/example_complex.py
[2025-05-21T12:51:36.822+0000] {processor.py:840} INFO - DAG(s) 'example_complex' retrieved from /home/airflow/.local/lib/python3.12/site-packages/airflow/example_dags/example_complex.py
[2025-05-21T12:51:36.848+0000] {logging_mixin.py:188} INFO - [2025-05-21T12:51:36.848+0000] {dag.py:3096} INFO - Sync 1 DAGs
[2025-05-21T12:51:36.857+0000] {logging_mixin.py:188} INFO - [2025-05-21T12:51:36.857+0000] {dag.py:3954} INFO - Setting next_dagrun for example_complex to None, run_after=None
[2025-05-21T12:51:36.874+0000] {processor.py:183} INFO - Processing /home/airflow/.local/lib/python3.12/site-packages/airflow/example_dags/example_complex.py took 0.078 seconds
[2025-05-21T12:52:07.279+0000] {processor.py:161} INFO - Started process (PID=1417) to work on /home/airflow/.local/lib/python3.12/site-packages/airflow/example_dags/example_complex.py
[2025-05-21T12:52:07.287+0000] {processor.py:830} INFO - Processing file /home/airflow/.local/lib/python3.12/site-packages/airflow/example_dags/example_complex.py for tasks to queue
[2025-05-21T12:52:07.289+0000] {logging_mixin.py:188} INFO - [2025-05-21T12:52:07.289+0000] {dagbag.py:545} INFO - Filling up the DagBag from /home/airflow/.local/lib/python3.12/site-packages/airflow/example_dags/example_complex.py
[2025-05-21T12:52:07.298+0000] {processor.py:840} INFO - DAG(s) 'example_complex' retrieved from /home/airflow/.local/lib/python3.12/site-packages/airflow/example_dags/example_complex.py
[2025-05-21T12:52:07.320+0000] {logging_mixin.py:188} INFO - [2025-05-21T12:52:07.320+0000] {dag.py:3096} INFO - Sync 1 DAGs
[2025-05-21T12:52:07.328+0000] {logging_mixin.py:188} INFO - [2025-05-21T12:52:07.328+0000] {dag.py:3954} INFO - Setting next_dagrun for example_complex to None, run_after=None
[2025-05-21T12:52:07.339+0000] {processor.py:183} INFO - Processing /home/airflow/.local/lib/python3.12/site-packages/airflow/example_dags/example_complex.py took 0.066 seconds
[2025-05-21T12:52:38.133+0000] {processor.py:161} INFO - Started process (PID=1477) to work on /home/airflow/.local/lib/python3.12/site-packages/airflow/example_dags/example_complex.py
[2025-05-21T12:52:38.137+0000] {processor.py:830} INFO - Processing file /home/airflow/.local/lib/python3.12/site-packages/airflow/example_dags/example_complex.py for tasks to queue
[2025-05-21T12:52:38.144+0000] {logging_mixin.py:188} INFO - [2025-05-21T12:52:38.144+0000] {dagbag.py:545} INFO - Filling up the DagBag from /home/airflow/.local/lib/python3.12/site-packages/airflow/example_dags/example_complex.py
[2025-05-21T12:52:38.155+0000] {processor.py:840} INFO - DAG(s) 'example_complex' retrieved from /home/airflow/.local/lib/python3.12/site-packages/airflow/example_dags/example_complex.py
[2025-05-21T12:52:38.187+0000] {logging_mixin.py:188} INFO - [2025-05-21T12:52:38.187+0000] {dag.py:3096} INFO - Sync 1 DAGs
[2025-05-21T12:52:38.195+0000] {logging_mixin.py:188} INFO - [2025-05-21T12:52:38.195+0000] {dag.py:3954} INFO - Setting next_dagrun for example_complex to None, run_after=None
[2025-05-21T12:52:38.207+0000] {processor.py:183} INFO - Processing /home/airflow/.local/lib/python3.12/site-packages/airflow/example_dags/example_complex.py took 0.078 seconds
[2025-05-21T12:53:08.260+0000] {processor.py:161} INFO - Started process (PID=1536) to work on /home/airflow/.local/lib/python3.12/site-packages/airflow/example_dags/example_complex.py
[2025-05-21T12:53:08.261+0000] {processor.py:830} INFO - Processing file /home/airflow/.local/lib/python3.12/site-packages/airflow/example_dags/example_complex.py for tasks to queue
[2025-05-21T12:53:08.262+0000] {logging_mixin.py:188} INFO - [2025-05-21T12:53:08.261+0000] {dagbag.py:545} INFO - Filling up the DagBag from /home/airflow/.local/lib/python3.12/site-packages/airflow/example_dags/example_complex.py
[2025-05-21T12:53:08.266+0000] {processor.py:840} INFO - DAG(s) 'example_complex' retrieved from /home/airflow/.local/lib/python3.12/site-packages/airflow/example_dags/example_complex.py
[2025-05-21T12:53:08.280+0000] {logging_mixin.py:188} INFO - [2025-05-21T12:53:08.280+0000] {dag.py:3096} INFO - Sync 1 DAGs
[2025-05-21T12:53:08.285+0000] {logging_mixin.py:188} INFO - [2025-05-21T12:53:08.285+0000] {dag.py:3954} INFO - Setting next_dagrun for example_complex to None, run_after=None
[2025-05-21T12:53:08.293+0000] {processor.py:183} INFO - Processing /home/airflow/.local/lib/python3.12/site-packages/airflow/example_dags/example_complex.py took 0.036 seconds
[2025-05-21T12:53:38.804+0000] {processor.py:161} INFO - Started process (PID=1596) to work on /home/airflow/.local/lib/python3.12/site-packages/airflow/example_dags/example_complex.py
[2025-05-21T12:53:38.804+0000] {processor.py:830} INFO - Processing file /home/airflow/.local/lib/python3.12/site-packages/airflow/example_dags/example_complex.py for tasks to queue
[2025-05-21T12:53:38.805+0000] {logging_mixin.py:188} INFO - [2025-05-21T12:53:38.805+0000] {dagbag.py:545} INFO - Filling up the DagBag from /home/airflow/.local/lib/python3.12/site-packages/airflow/example_dags/example_complex.py
[2025-05-21T12:53:38.810+0000] {processor.py:840} INFO - DAG(s) 'example_complex' retrieved from /home/airflow/.local/lib/python3.12/site-packages/airflow/example_dags/example_complex.py
[2025-05-21T12:53:38.823+0000] {logging_mixin.py:188} INFO - [2025-05-21T12:53:38.823+0000] {dag.py:3096} INFO - Sync 1 DAGs
[2025-05-21T12:53:38.829+0000] {logging_mixin.py:188} INFO - [2025-05-21T12:53:38.829+0000] {dag.py:3954} INFO - Setting next_dagrun for example_complex to None, run_after=None
[2025-05-21T12:53:38.837+0000] {processor.py:183} INFO - Processing /home/airflow/.local/lib/python3.12/site-packages/airflow/example_dags/example_complex.py took 0.038 seconds
[2025-05-21T12:54:09.694+0000] {processor.py:161} INFO - Started process (PID=1656) to work on /home/airflow/.local/lib/python3.12/site-packages/airflow/example_dags/example_complex.py
[2025-05-21T12:54:09.695+0000] {processor.py:830} INFO - Processing file /home/airflow/.local/lib/python3.12/site-packages/airflow/example_dags/example_complex.py for tasks to queue
[2025-05-21T12:54:09.696+0000] {logging_mixin.py:188} INFO - [2025-05-21T12:54:09.696+0000] {dagbag.py:545} INFO - Filling up the DagBag from /home/airflow/.local/lib/python3.12/site-packages/airflow/example_dags/example_complex.py
[2025-05-21T12:54:09.703+0000] {processor.py:840} INFO - DAG(s) 'example_complex' retrieved from /home/airflow/.local/lib/python3.12/site-packages/airflow/example_dags/example_complex.py
[2025-05-21T12:54:09.718+0000] {logging_mixin.py:188} INFO - [2025-05-21T12:54:09.718+0000] {dag.py:3096} INFO - Sync 1 DAGs
[2025-05-21T12:54:09.724+0000] {logging_mixin.py:188} INFO - [2025-05-21T12:54:09.724+0000] {dag.py:3954} INFO - Setting next_dagrun for example_complex to None, run_after=None
[2025-05-21T12:54:09.733+0000] {processor.py:183} INFO - Processing /home/airflow/.local/lib/python3.12/site-packages/airflow/example_dags/example_complex.py took 0.041 seconds
[2025-05-21T12:54:40.219+0000] {processor.py:161} INFO - Started process (PID=1717) to work on /home/airflow/.local/lib/python3.12/site-packages/airflow/example_dags/example_complex.py
[2025-05-21T12:54:40.220+0000] {processor.py:830} INFO - Processing file /home/airflow/.local/lib/python3.12/site-packages/airflow/example_dags/example_complex.py for tasks to queue
[2025-05-21T12:54:40.221+0000] {logging_mixin.py:188} INFO - [2025-05-21T12:54:40.221+0000] {dagbag.py:545} INFO - Filling up the DagBag from /home/airflow/.local/lib/python3.12/site-packages/airflow/example_dags/example_complex.py
[2025-05-21T12:54:40.228+0000] {processor.py:840} INFO - DAG(s) 'example_complex' retrieved from /home/airflow/.local/lib/python3.12/site-packages/airflow/example_dags/example_complex.py
[2025-05-21T12:54:40.244+0000] {logging_mixin.py:188} INFO - [2025-05-21T12:54:40.244+0000] {dag.py:3096} INFO - Sync 1 DAGs
[2025-05-21T12:54:40.252+0000] {logging_mixin.py:188} INFO - [2025-05-21T12:54:40.252+0000] {dag.py:3954} INFO - Setting next_dagrun for example_complex to None, run_after=None
[2025-05-21T12:54:40.265+0000] {processor.py:183} INFO - Processing /home/airflow/.local/lib/python3.12/site-packages/airflow/example_dags/example_complex.py took 0.056 seconds
[2025-05-21T12:55:10.713+0000] {processor.py:161} INFO - Started process (PID=1777) to work on /home/airflow/.local/lib/python3.12/site-packages/airflow/example_dags/example_complex.py
[2025-05-21T12:55:10.715+0000] {processor.py:830} INFO - Processing file /home/airflow/.local/lib/python3.12/site-packages/airflow/example_dags/example_complex.py for tasks to queue
[2025-05-21T12:55:10.719+0000] {logging_mixin.py:188} INFO - [2025-05-21T12:55:10.718+0000] {dagbag.py:545} INFO - Filling up the DagBag from /home/airflow/.local/lib/python3.12/site-packages/airflow/example_dags/example_complex.py
[2025-05-21T12:55:10.728+0000] {processor.py:840} INFO - DAG(s) 'example_complex' retrieved from /home/airflow/.local/lib/python3.12/site-packages/airflow/example_dags/example_complex.py
[2025-05-21T12:55:10.744+0000] {logging_mixin.py:188} INFO - [2025-05-21T12:55:10.744+0000] {dag.py:3096} INFO - Sync 1 DAGs
[2025-05-21T12:55:10.750+0000] {logging_mixin.py:188} INFO - [2025-05-21T12:55:10.750+0000] {dag.py:3954} INFO - Setting next_dagrun for example_complex to None, run_after=None
[2025-05-21T12:55:10.759+0000] {processor.py:183} INFO - Processing /home/airflow/.local/lib/python3.12/site-packages/airflow/example_dags/example_complex.py took 0.052 seconds
[2025-05-21T12:55:40.930+0000] {processor.py:161} INFO - Started process (PID=1837) to work on /home/airflow/.local/lib/python3.12/site-packages/airflow/example_dags/example_complex.py
[2025-05-21T12:55:40.931+0000] {processor.py:830} INFO - Processing file /home/airflow/.local/lib/python3.12/site-packages/airflow/example_dags/example_complex.py for tasks to queue
[2025-05-21T12:55:40.931+0000] {logging_mixin.py:188} INFO - [2025-05-21T12:55:40.931+0000] {dagbag.py:545} INFO - Filling up the DagBag from /home/airflow/.local/lib/python3.12/site-packages/airflow/example_dags/example_complex.py
[2025-05-21T12:55:40.936+0000] {processor.py:840} INFO - DAG(s) 'example_complex' retrieved from /home/airflow/.local/lib/python3.12/site-packages/airflow/example_dags/example_complex.py
[2025-05-21T12:55:40.950+0000] {logging_mixin.py:188} INFO - [2025-05-21T12:55:40.950+0000] {dag.py:3096} INFO - Sync 1 DAGs
[2025-05-21T12:55:40.955+0000] {logging_mixin.py:188} INFO - [2025-05-21T12:55:40.955+0000] {dag.py:3954} INFO - Setting next_dagrun for example_complex to None, run_after=None
[2025-05-21T12:55:40.965+0000] {processor.py:183} INFO - Processing /home/airflow/.local/lib/python3.12/site-packages/airflow/example_dags/example_complex.py took 0.039 seconds
[2025-05-21T12:56:11.830+0000] {processor.py:161} INFO - Started process (PID=1897) to work on /home/airflow/.local/lib/python3.12/site-packages/airflow/example_dags/example_complex.py
[2025-05-21T12:56:11.830+0000] {processor.py:830} INFO - Processing file /home/airflow/.local/lib/python3.12/site-packages/airflow/example_dags/example_complex.py for tasks to queue
[2025-05-21T12:56:11.831+0000] {logging_mixin.py:188} INFO - [2025-05-21T12:56:11.831+0000] {dagbag.py:545} INFO - Filling up the DagBag from /home/airflow/.local/lib/python3.12/site-packages/airflow/example_dags/example_complex.py
[2025-05-21T12:56:11.836+0000] {processor.py:840} INFO - DAG(s) 'example_complex' retrieved from /home/airflow/.local/lib/python3.12/site-packages/airflow/example_dags/example_complex.py
[2025-05-21T12:56:11.851+0000] {logging_mixin.py:188} INFO - [2025-05-21T12:56:11.851+0000] {dag.py:3096} INFO - Sync 1 DAGs
[2025-05-21T12:56:11.858+0000] {logging_mixin.py:188} INFO - [2025-05-21T12:56:11.858+0000] {dag.py:3954} INFO - Setting next_dagrun for example_complex to None, run_after=None
[2025-05-21T12:56:11.866+0000] {processor.py:183} INFO - Processing /home/airflow/.local/lib/python3.12/site-packages/airflow/example_dags/example_complex.py took 0.040 seconds
[2025-05-21T12:56:42.433+0000] {processor.py:161} INFO - Started process (PID=1957) to work on /home/airflow/.local/lib/python3.12/site-packages/airflow/example_dags/example_complex.py
[2025-05-21T12:56:42.433+0000] {processor.py:830} INFO - Processing file /home/airflow/.local/lib/python3.12/site-packages/airflow/example_dags/example_complex.py for tasks to queue
[2025-05-21T12:56:42.434+0000] {logging_mixin.py:188} INFO - [2025-05-21T12:56:42.434+0000] {dagbag.py:545} INFO - Filling up the DagBag from /home/airflow/.local/lib/python3.12/site-packages/airflow/example_dags/example_complex.py
[2025-05-21T12:56:42.439+0000] {processor.py:840} INFO - DAG(s) 'example_complex' retrieved from /home/airflow/.local/lib/python3.12/site-packages/airflow/example_dags/example_complex.py
[2025-05-21T12:56:42.453+0000] {logging_mixin.py:188} INFO - [2025-05-21T12:56:42.453+0000] {dag.py:3096} INFO - Sync 1 DAGs
[2025-05-21T12:56:42.459+0000] {logging_mixin.py:188} INFO - [2025-05-21T12:56:42.459+0000] {dag.py:3954} INFO - Setting next_dagrun for example_complex to None, run_after=None
[2025-05-21T12:56:42.467+0000] {processor.py:183} INFO - Processing /home/airflow/.local/lib/python3.12/site-packages/airflow/example_dags/example_complex.py took 0.037 seconds
[2025-05-21T12:57:13.390+0000] {processor.py:161} INFO - Started process (PID=2017) to work on /home/airflow/.local/lib/python3.12/site-packages/airflow/example_dags/example_complex.py
[2025-05-21T12:57:13.392+0000] {processor.py:830} INFO - Processing file /home/airflow/.local/lib/python3.12/site-packages/airflow/example_dags/example_complex.py for tasks to queue
[2025-05-21T12:57:13.396+0000] {logging_mixin.py:188} INFO - [2025-05-21T12:57:13.396+0000] {dagbag.py:545} INFO - Filling up the DagBag from /home/airflow/.local/lib/python3.12/site-packages/airflow/example_dags/example_complex.py
[2025-05-21T12:57:13.402+0000] {processor.py:840} INFO - DAG(s) 'example_complex' retrieved from /home/airflow/.local/lib/python3.12/site-packages/airflow/example_dags/example_complex.py
[2025-05-21T12:57:13.418+0000] {logging_mixin.py:188} INFO - [2025-05-21T12:57:13.418+0000] {dag.py:3096} INFO - Sync 1 DAGs
[2025-05-21T12:57:13.424+0000] {logging_mixin.py:188} INFO - [2025-05-21T12:57:13.424+0000] {dag.py:3954} INFO - Setting next_dagrun for example_complex to None, run_after=None
[2025-05-21T12:57:13.432+0000] {processor.py:183} INFO - Processing /home/airflow/.local/lib/python3.12/site-packages/airflow/example_dags/example_complex.py took 0.047 seconds
[2025-05-21T12:57:43.734+0000] {processor.py:161} INFO - Started process (PID=2077) to work on /home/airflow/.local/lib/python3.12/site-packages/airflow/example_dags/example_complex.py
[2025-05-21T12:57:43.735+0000] {processor.py:830} INFO - Processing file /home/airflow/.local/lib/python3.12/site-packages/airflow/example_dags/example_complex.py for tasks to queue
[2025-05-21T12:57:43.736+0000] {logging_mixin.py:188} INFO - [2025-05-21T12:57:43.736+0000] {dagbag.py:545} INFO - Filling up the DagBag from /home/airflow/.local/lib/python3.12/site-packages/airflow/example_dags/example_complex.py
[2025-05-21T12:57:43.741+0000] {processor.py:840} INFO - DAG(s) 'example_complex' retrieved from /home/airflow/.local/lib/python3.12/site-packages/airflow/example_dags/example_complex.py
[2025-05-21T12:57:43.756+0000] {logging_mixin.py:188} INFO - [2025-05-21T12:57:43.756+0000] {dag.py:3096} INFO - Sync 1 DAGs
[2025-05-21T12:57:43.762+0000] {logging_mixin.py:188} INFO - [2025-05-21T12:57:43.762+0000] {dag.py:3954} INFO - Setting next_dagrun for example_complex to None, run_after=None
[2025-05-21T12:57:43.771+0000] {processor.py:183} INFO - Processing /home/airflow/.local/lib/python3.12/site-packages/airflow/example_dags/example_complex.py took 0.042 seconds
[2025-05-21T12:58:14.675+0000] {processor.py:161} INFO - Started process (PID=2137) to work on /home/airflow/.local/lib/python3.12/site-packages/airflow/example_dags/example_complex.py
[2025-05-21T12:58:14.676+0000] {processor.py:830} INFO - Processing file /home/airflow/.local/lib/python3.12/site-packages/airflow/example_dags/example_complex.py for tasks to queue
[2025-05-21T12:58:14.676+0000] {logging_mixin.py:188} INFO - [2025-05-21T12:58:14.676+0000] {dagbag.py:545} INFO - Filling up the DagBag from /home/airflow/.local/lib/python3.12/site-packages/airflow/example_dags/example_complex.py
[2025-05-21T12:58:14.681+0000] {processor.py:840} INFO - DAG(s) 'example_complex' retrieved from /home/airflow/.local/lib/python3.12/site-packages/airflow/example_dags/example_complex.py
[2025-05-21T12:58:14.696+0000] {logging_mixin.py:188} INFO - [2025-05-21T12:58:14.696+0000] {dag.py:3096} INFO - Sync 1 DAGs
[2025-05-21T12:58:14.701+0000] {logging_mixin.py:188} INFO - [2025-05-21T12:58:14.701+0000] {dag.py:3954} INFO - Setting next_dagrun for example_complex to None, run_after=None
[2025-05-21T12:58:14.709+0000] {processor.py:183} INFO - Processing /home/airflow/.local/lib/python3.12/site-packages/airflow/example_dags/example_complex.py took 0.037 seconds
[2025-05-21T12:58:45.226+0000] {processor.py:161} INFO - Started process (PID=2197) to work on /home/airflow/.local/lib/python3.12/site-packages/airflow/example_dags/example_complex.py
[2025-05-21T12:58:45.226+0000] {processor.py:830} INFO - Processing file /home/airflow/.local/lib/python3.12/site-packages/airflow/example_dags/example_complex.py for tasks to queue
[2025-05-21T12:58:45.227+0000] {logging_mixin.py:188} INFO - [2025-05-21T12:58:45.227+0000] {dagbag.py:545} INFO - Filling up the DagBag from /home/airflow/.local/lib/python3.12/site-packages/airflow/example_dags/example_complex.py
[2025-05-21T12:58:45.232+0000] {processor.py:840} INFO - DAG(s) 'example_complex' retrieved from /home/airflow/.local/lib/python3.12/site-packages/airflow/example_dags/example_complex.py
[2025-05-21T12:58:45.248+0000] {logging_mixin.py:188} INFO - [2025-05-21T12:58:45.247+0000] {dag.py:3096} INFO - Sync 1 DAGs
[2025-05-21T12:58:45.254+0000] {logging_mixin.py:188} INFO - [2025-05-21T12:58:45.253+0000] {dag.py:3954} INFO - Setting next_dagrun for example_complex to None, run_after=None
[2025-05-21T12:58:45.261+0000] {processor.py:183} INFO - Processing /home/airflow/.local/lib/python3.12/site-packages/airflow/example_dags/example_complex.py took 0.039 seconds
[2025-05-21T12:59:15.425+0000] {processor.py:161} INFO - Started process (PID=2257) to work on /home/airflow/.local/lib/python3.12/site-packages/airflow/example_dags/example_complex.py
[2025-05-21T12:59:15.426+0000] {processor.py:830} INFO - Processing file /home/airflow/.local/lib/python3.12/site-packages/airflow/example_dags/example_complex.py for tasks to queue
[2025-05-21T12:59:15.427+0000] {logging_mixin.py:188} INFO - [2025-05-21T12:59:15.427+0000] {dagbag.py:545} INFO - Filling up the DagBag from /home/airflow/.local/lib/python3.12/site-packages/airflow/example_dags/example_complex.py
[2025-05-21T12:59:15.431+0000] {processor.py:840} INFO - DAG(s) 'example_complex' retrieved from /home/airflow/.local/lib/python3.12/site-packages/airflow/example_dags/example_complex.py
[2025-05-21T12:59:15.446+0000] {logging_mixin.py:188} INFO - [2025-05-21T12:59:15.446+0000] {dag.py:3096} INFO - Sync 1 DAGs
[2025-05-21T12:59:15.452+0000] {logging_mixin.py:188} INFO - [2025-05-21T12:59:15.452+0000] {dag.py:3954} INFO - Setting next_dagrun for example_complex to None, run_after=None
[2025-05-21T12:59:15.460+0000] {processor.py:183} INFO - Processing /home/airflow/.local/lib/python3.12/site-packages/airflow/example_dags/example_complex.py took 0.039 seconds
[2025-05-21T12:59:45.993+0000] {processor.py:161} INFO - Started process (PID=2317) to work on /home/airflow/.local/lib/python3.12/site-packages/airflow/example_dags/example_complex.py
[2025-05-21T12:59:45.994+0000] {processor.py:830} INFO - Processing file /home/airflow/.local/lib/python3.12/site-packages/airflow/example_dags/example_complex.py for tasks to queue
[2025-05-21T12:59:45.995+0000] {logging_mixin.py:188} INFO - [2025-05-21T12:59:45.995+0000] {dagbag.py:545} INFO - Filling up the DagBag from /home/airflow/.local/lib/python3.12/site-packages/airflow/example_dags/example_complex.py
[2025-05-21T12:59:46.000+0000] {processor.py:840} INFO - DAG(s) 'example_complex' retrieved from /home/airflow/.local/lib/python3.12/site-packages/airflow/example_dags/example_complex.py
[2025-05-21T12:59:46.014+0000] {logging_mixin.py:188} INFO - [2025-05-21T12:59:46.014+0000] {dag.py:3096} INFO - Sync 1 DAGs
[2025-05-21T12:59:46.019+0000] {logging_mixin.py:188} INFO - [2025-05-21T12:59:46.019+0000] {dag.py:3954} INFO - Setting next_dagrun for example_complex to None, run_after=None
[2025-05-21T12:59:46.027+0000] {processor.py:183} INFO - Processing /home/airflow/.local/lib/python3.12/site-packages/airflow/example_dags/example_complex.py took 0.037 seconds
[2025-05-21T13:00:16.584+0000] {processor.py:161} INFO - Started process (PID=2378) to work on /home/airflow/.local/lib/python3.12/site-packages/airflow/example_dags/example_complex.py
[2025-05-21T13:00:16.585+0000] {processor.py:830} INFO - Processing file /home/airflow/.local/lib/python3.12/site-packages/airflow/example_dags/example_complex.py for tasks to queue
[2025-05-21T13:00:16.586+0000] {logging_mixin.py:188} INFO - [2025-05-21T13:00:16.586+0000] {dagbag.py:545} INFO - Filling up the DagBag from /home/airflow/.local/lib/python3.12/site-packages/airflow/example_dags/example_complex.py
[2025-05-21T13:00:16.590+0000] {processor.py:840} INFO - DAG(s) 'example_complex' retrieved from /home/airflow/.local/lib/python3.12/site-packages/airflow/example_dags/example_complex.py
[2025-05-21T13:00:16.606+0000] {logging_mixin.py:188} INFO - [2025-05-21T13:00:16.605+0000] {dag.py:3096} INFO - Sync 1 DAGs
[2025-05-21T13:00:16.611+0000] {logging_mixin.py:188} INFO - [2025-05-21T13:00:16.611+0000] {dag.py:3954} INFO - Setting next_dagrun for example_complex to None, run_after=None
[2025-05-21T13:00:16.620+0000] {processor.py:183} INFO - Processing /home/airflow/.local/lib/python3.12/site-packages/airflow/example_dags/example_complex.py took 0.039 seconds
[2025-05-21T13:00:46.719+0000] {processor.py:161} INFO - Started process (PID=2438) to work on /home/airflow/.local/lib/python3.12/site-packages/airflow/example_dags/example_complex.py
[2025-05-21T13:00:46.719+0000] {processor.py:830} INFO - Processing file /home/airflow/.local/lib/python3.12/site-packages/airflow/example_dags/example_complex.py for tasks to queue
[2025-05-21T13:00:46.720+0000] {logging_mixin.py:188} INFO - [2025-05-21T13:00:46.720+0000] {dagbag.py:545} INFO - Filling up the DagBag from /home/airflow/.local/lib/python3.12/site-packages/airflow/example_dags/example_complex.py
[2025-05-21T13:00:46.724+0000] {processor.py:840} INFO - DAG(s) 'example_complex' retrieved from /home/airflow/.local/lib/python3.12/site-packages/airflow/example_dags/example_complex.py
[2025-05-21T13:00:46.737+0000] {logging_mixin.py:188} INFO - [2025-05-21T13:00:46.737+0000] {dag.py:3096} INFO - Sync 1 DAGs
[2025-05-21T13:00:46.742+0000] {logging_mixin.py:188} INFO - [2025-05-21T13:00:46.742+0000] {dag.py:3954} INFO - Setting next_dagrun for example_complex to None, run_after=None
[2025-05-21T13:00:46.750+0000] {processor.py:183} INFO - Processing /home/airflow/.local/lib/python3.12/site-packages/airflow/example_dags/example_complex.py took 0.034 seconds
[2025-05-21T13:01:17.716+0000] {processor.py:161} INFO - Started process (PID=2498) to work on /home/airflow/.local/lib/python3.12/site-packages/airflow/example_dags/example_complex.py
[2025-05-21T13:01:17.716+0000] {processor.py:830} INFO - Processing file /home/airflow/.local/lib/python3.12/site-packages/airflow/example_dags/example_complex.py for tasks to queue
[2025-05-21T13:01:17.717+0000] {logging_mixin.py:188} INFO - [2025-05-21T13:01:17.717+0000] {dagbag.py:545} INFO - Filling up the DagBag from /home/airflow/.local/lib/python3.12/site-packages/airflow/example_dags/example_complex.py
[2025-05-21T13:01:17.722+0000] {processor.py:840} INFO - DAG(s) 'example_complex' retrieved from /home/airflow/.local/lib/python3.12/site-packages/airflow/example_dags/example_complex.py
[2025-05-21T13:01:17.736+0000] {logging_mixin.py:188} INFO - [2025-05-21T13:01:17.736+0000] {dag.py:3096} INFO - Sync 1 DAGs
[2025-05-21T13:01:17.741+0000] {logging_mixin.py:188} INFO - [2025-05-21T13:01:17.741+0000] {dag.py:3954} INFO - Setting next_dagrun for example_complex to None, run_after=None
[2025-05-21T13:01:17.749+0000] {processor.py:183} INFO - Processing /home/airflow/.local/lib/python3.12/site-packages/airflow/example_dags/example_complex.py took 0.040 seconds
[2025-05-21T13:01:48.600+0000] {processor.py:161} INFO - Started process (PID=2558) to work on /home/airflow/.local/lib/python3.12/site-packages/airflow/example_dags/example_complex.py
[2025-05-21T13:01:48.600+0000] {processor.py:830} INFO - Processing file /home/airflow/.local/lib/python3.12/site-packages/airflow/example_dags/example_complex.py for tasks to queue
[2025-05-21T13:01:48.601+0000] {logging_mixin.py:188} INFO - [2025-05-21T13:01:48.601+0000] {dagbag.py:545} INFO - Filling up the DagBag from /home/airflow/.local/lib/python3.12/site-packages/airflow/example_dags/example_complex.py
[2025-05-21T13:01:48.605+0000] {processor.py:840} INFO - DAG(s) 'example_complex' retrieved from /home/airflow/.local/lib/python3.12/site-packages/airflow/example_dags/example_complex.py
[2025-05-21T13:01:48.619+0000] {logging_mixin.py:188} INFO - [2025-05-21T13:01:48.619+0000] {dag.py:3096} INFO - Sync 1 DAGs
[2025-05-21T13:01:48.624+0000] {logging_mixin.py:188} INFO - [2025-05-21T13:01:48.624+0000] {dag.py:3954} INFO - Setting next_dagrun for example_complex to None, run_after=None
[2025-05-21T13:01:48.632+0000] {processor.py:183} INFO - Processing /home/airflow/.local/lib/python3.12/site-packages/airflow/example_dags/example_complex.py took 0.035 seconds
[2025-05-21T13:02:19.463+0000] {processor.py:161} INFO - Started process (PID=2618) to work on /home/airflow/.local/lib/python3.12/site-packages/airflow/example_dags/example_complex.py
[2025-05-21T13:02:19.464+0000] {processor.py:830} INFO - Processing file /home/airflow/.local/lib/python3.12/site-packages/airflow/example_dags/example_complex.py for tasks to queue
[2025-05-21T13:02:19.465+0000] {logging_mixin.py:188} INFO - [2025-05-21T13:02:19.465+0000] {dagbag.py:545} INFO - Filling up the DagBag from /home/airflow/.local/lib/python3.12/site-packages/airflow/example_dags/example_complex.py
[2025-05-21T13:02:19.469+0000] {processor.py:840} INFO - DAG(s) 'example_complex' retrieved from /home/airflow/.local/lib/python3.12/site-packages/airflow/example_dags/example_complex.py
[2025-05-21T13:02:19.482+0000] {logging_mixin.py:188} INFO - [2025-05-21T13:02:19.482+0000] {dag.py:3096} INFO - Sync 1 DAGs
[2025-05-21T13:02:19.488+0000] {logging_mixin.py:188} INFO - [2025-05-21T13:02:19.487+0000] {dag.py:3954} INFO - Setting next_dagrun for example_complex to None, run_after=None
[2025-05-21T13:02:19.495+0000] {processor.py:183} INFO - Processing /home/airflow/.local/lib/python3.12/site-packages/airflow/example_dags/example_complex.py took 0.036 seconds
[2025-05-21T13:02:50.189+0000] {processor.py:161} INFO - Started process (PID=2677) to work on /home/airflow/.local/lib/python3.12/site-packages/airflow/example_dags/example_complex.py
[2025-05-21T13:02:50.189+0000] {processor.py:830} INFO - Processing file /home/airflow/.local/lib/python3.12/site-packages/airflow/example_dags/example_complex.py for tasks to queue
[2025-05-21T13:02:50.191+0000] {logging_mixin.py:188} INFO - [2025-05-21T13:02:50.190+0000] {dagbag.py:545} INFO - Filling up the DagBag from /home/airflow/.local/lib/python3.12/site-packages/airflow/example_dags/example_complex.py
[2025-05-21T13:02:50.197+0000] {processor.py:840} INFO - DAG(s) 'example_complex' retrieved from /home/airflow/.local/lib/python3.12/site-packages/airflow/example_dags/example_complex.py
[2025-05-21T13:02:50.213+0000] {logging_mixin.py:188} INFO - [2025-05-21T13:02:50.213+0000] {dag.py:3096} INFO - Sync 1 DAGs
[2025-05-21T13:02:50.218+0000] {logging_mixin.py:188} INFO - [2025-05-21T13:02:50.218+0000] {dag.py:3954} INFO - Setting next_dagrun for example_complex to None, run_after=None
[2025-05-21T13:02:50.227+0000] {processor.py:183} INFO - Processing /home/airflow/.local/lib/python3.12/site-packages/airflow/example_dags/example_complex.py took 0.043 seconds
[2025-05-21T13:03:20.697+0000] {processor.py:161} INFO - Started process (PID=2737) to work on /home/airflow/.local/lib/python3.12/site-packages/airflow/example_dags/example_complex.py
[2025-05-21T13:03:20.698+0000] {processor.py:830} INFO - Processing file /home/airflow/.local/lib/python3.12/site-packages/airflow/example_dags/example_complex.py for tasks to queue
[2025-05-21T13:03:20.699+0000] {logging_mixin.py:188} INFO - [2025-05-21T13:03:20.699+0000] {dagbag.py:545} INFO - Filling up the DagBag from /home/airflow/.local/lib/python3.12/site-packages/airflow/example_dags/example_complex.py
[2025-05-21T13:03:20.703+0000] {processor.py:840} INFO - DAG(s) 'example_complex' retrieved from /home/airflow/.local/lib/python3.12/site-packages/airflow/example_dags/example_complex.py
[2025-05-21T13:03:20.717+0000] {logging_mixin.py:188} INFO - [2025-05-21T13:03:20.717+0000] {dag.py:3096} INFO - Sync 1 DAGs
[2025-05-21T13:03:20.723+0000] {logging_mixin.py:188} INFO - [2025-05-21T13:03:20.722+0000] {dag.py:3954} INFO - Setting next_dagrun for example_complex to None, run_after=None
[2025-05-21T13:03:20.730+0000] {processor.py:183} INFO - Processing /home/airflow/.local/lib/python3.12/site-packages/airflow/example_dags/example_complex.py took 0.037 seconds
[2025-05-21T13:03:51.379+0000] {processor.py:161} INFO - Started process (PID=2797) to work on /home/airflow/.local/lib/python3.12/site-packages/airflow/example_dags/example_complex.py
[2025-05-21T13:03:51.379+0000] {processor.py:830} INFO - Processing file /home/airflow/.local/lib/python3.12/site-packages/airflow/example_dags/example_complex.py for tasks to queue
[2025-05-21T13:03:51.380+0000] {logging_mixin.py:188} INFO - [2025-05-21T13:03:51.380+0000] {dagbag.py:545} INFO - Filling up the DagBag from /home/airflow/.local/lib/python3.12/site-packages/airflow/example_dags/example_complex.py
[2025-05-21T13:03:51.384+0000] {processor.py:840} INFO - DAG(s) 'example_complex' retrieved from /home/airflow/.local/lib/python3.12/site-packages/airflow/example_dags/example_complex.py
[2025-05-21T13:03:51.398+0000] {logging_mixin.py:188} INFO - [2025-05-21T13:03:51.398+0000] {dag.py:3096} INFO - Sync 1 DAGs
[2025-05-21T13:03:51.403+0000] {logging_mixin.py:188} INFO - [2025-05-21T13:03:51.403+0000] {dag.py:3954} INFO - Setting next_dagrun for example_complex to None, run_after=None
[2025-05-21T13:03:51.410+0000] {processor.py:183} INFO - Processing /home/airflow/.local/lib/python3.12/site-packages/airflow/example_dags/example_complex.py took 0.034 seconds
[2025-05-21T13:04:21.959+0000] {processor.py:161} INFO - Started process (PID=2857) to work on /home/airflow/.local/lib/python3.12/site-packages/airflow/example_dags/example_complex.py
[2025-05-21T13:04:21.960+0000] {processor.py:830} INFO - Processing file /home/airflow/.local/lib/python3.12/site-packages/airflow/example_dags/example_complex.py for tasks to queue
[2025-05-21T13:04:21.961+0000] {logging_mixin.py:188} INFO - [2025-05-21T13:04:21.961+0000] {dagbag.py:545} INFO - Filling up the DagBag from /home/airflow/.local/lib/python3.12/site-packages/airflow/example_dags/example_complex.py
[2025-05-21T13:04:21.968+0000] {processor.py:840} INFO - DAG(s) 'example_complex' retrieved from /home/airflow/.local/lib/python3.12/site-packages/airflow/example_dags/example_complex.py
[2025-05-21T13:04:21.984+0000] {logging_mixin.py:188} INFO - [2025-05-21T13:04:21.984+0000] {dag.py:3096} INFO - Sync 1 DAGs
[2025-05-21T13:04:21.990+0000] {logging_mixin.py:188} INFO - [2025-05-21T13:04:21.990+0000] {dag.py:3954} INFO - Setting next_dagrun for example_complex to None, run_after=None
[2025-05-21T13:04:21.997+0000] {processor.py:183} INFO - Processing /home/airflow/.local/lib/python3.12/site-packages/airflow/example_dags/example_complex.py took 0.042 seconds
[2025-05-21T13:04:52.936+0000] {processor.py:161} INFO - Started process (PID=2917) to work on /home/airflow/.local/lib/python3.12/site-packages/airflow/example_dags/example_complex.py
[2025-05-21T13:04:52.937+0000] {processor.py:830} INFO - Processing file /home/airflow/.local/lib/python3.12/site-packages/airflow/example_dags/example_complex.py for tasks to queue
[2025-05-21T13:04:52.937+0000] {logging_mixin.py:188} INFO - [2025-05-21T13:04:52.937+0000] {dagbag.py:545} INFO - Filling up the DagBag from /home/airflow/.local/lib/python3.12/site-packages/airflow/example_dags/example_complex.py
[2025-05-21T13:04:52.942+0000] {processor.py:840} INFO - DAG(s) 'example_complex' retrieved from /home/airflow/.local/lib/python3.12/site-packages/airflow/example_dags/example_complex.py
[2025-05-21T13:04:52.957+0000] {logging_mixin.py:188} INFO - [2025-05-21T13:04:52.957+0000] {dag.py:3096} INFO - Sync 1 DAGs
[2025-05-21T13:04:52.963+0000] {logging_mixin.py:188} INFO - [2025-05-21T13:04:52.963+0000] {dag.py:3954} INFO - Setting next_dagrun for example_complex to None, run_after=None
[2025-05-21T13:04:52.971+0000] {processor.py:183} INFO - Processing /home/airflow/.local/lib/python3.12/site-packages/airflow/example_dags/example_complex.py took 0.038 seconds
[2025-05-21T13:05:23.553+0000] {processor.py:161} INFO - Started process (PID=2977) to work on /home/airflow/.local/lib/python3.12/site-packages/airflow/example_dags/example_complex.py
[2025-05-21T13:05:23.554+0000] {processor.py:830} INFO - Processing file /home/airflow/.local/lib/python3.12/site-packages/airflow/example_dags/example_complex.py for tasks to queue
[2025-05-21T13:05:23.555+0000] {logging_mixin.py:188} INFO - [2025-05-21T13:05:23.555+0000] {dagbag.py:545} INFO - Filling up the DagBag from /home/airflow/.local/lib/python3.12/site-packages/airflow/example_dags/example_complex.py
[2025-05-21T13:05:23.561+0000] {processor.py:840} INFO - DAG(s) 'example_complex' retrieved from /home/airflow/.local/lib/python3.12/site-packages/airflow/example_dags/example_complex.py
[2025-05-21T13:05:23.581+0000] {logging_mixin.py:188} INFO - [2025-05-21T13:05:23.581+0000] {dag.py:3096} INFO - Sync 1 DAGs
[2025-05-21T13:05:23.587+0000] {logging_mixin.py:188} INFO - [2025-05-21T13:05:23.587+0000] {dag.py:3954} INFO - Setting next_dagrun for example_complex to None, run_after=None
[2025-05-21T13:05:23.597+0000] {processor.py:183} INFO - Processing /home/airflow/.local/lib/python3.12/site-packages/airflow/example_dags/example_complex.py took 0.048 seconds
[2025-05-21T13:05:54.114+0000] {processor.py:161} INFO - Started process (PID=3037) to work on /home/airflow/.local/lib/python3.12/site-packages/airflow/example_dags/example_complex.py
[2025-05-21T13:05:54.115+0000] {processor.py:830} INFO - Processing file /home/airflow/.local/lib/python3.12/site-packages/airflow/example_dags/example_complex.py for tasks to queue
[2025-05-21T13:05:54.116+0000] {logging_mixin.py:188} INFO - [2025-05-21T13:05:54.116+0000] {dagbag.py:545} INFO - Filling up the DagBag from /home/airflow/.local/lib/python3.12/site-packages/airflow/example_dags/example_complex.py
[2025-05-21T13:05:54.120+0000] {processor.py:840} INFO - DAG(s) 'example_complex' retrieved from /home/airflow/.local/lib/python3.12/site-packages/airflow/example_dags/example_complex.py
[2025-05-21T13:05:54.137+0000] {logging_mixin.py:188} INFO - [2025-05-21T13:05:54.137+0000] {dag.py:3096} INFO - Sync 1 DAGs
[2025-05-21T13:05:54.143+0000] {logging_mixin.py:188} INFO - [2025-05-21T13:05:54.142+0000] {dag.py:3954} INFO - Setting next_dagrun for example_complex to None, run_after=None
[2025-05-21T13:05:54.150+0000] {processor.py:183} INFO - Processing /home/airflow/.local/lib/python3.12/site-packages/airflow/example_dags/example_complex.py took 0.039 seconds
[2025-05-21T13:06:24.788+0000] {processor.py:161} INFO - Started process (PID=3097) to work on /home/airflow/.local/lib/python3.12/site-packages/airflow/example_dags/example_complex.py
[2025-05-21T13:06:24.789+0000] {processor.py:830} INFO - Processing file /home/airflow/.local/lib/python3.12/site-packages/airflow/example_dags/example_complex.py for tasks to queue
[2025-05-21T13:06:24.790+0000] {logging_mixin.py:188} INFO - [2025-05-21T13:06:24.790+0000] {dagbag.py:545} INFO - Filling up the DagBag from /home/airflow/.local/lib/python3.12/site-packages/airflow/example_dags/example_complex.py
[2025-05-21T13:06:24.796+0000] {processor.py:840} INFO - DAG(s) 'example_complex' retrieved from /home/airflow/.local/lib/python3.12/site-packages/airflow/example_dags/example_complex.py
[2025-05-21T13:06:24.816+0000] {logging_mixin.py:188} INFO - [2025-05-21T13:06:24.816+0000] {dag.py:3096} INFO - Sync 1 DAGs
[2025-05-21T13:06:24.827+0000] {logging_mixin.py:188} INFO - [2025-05-21T13:06:24.827+0000] {dag.py:3954} INFO - Setting next_dagrun for example_complex to None, run_after=None
[2025-05-21T13:06:24.837+0000] {processor.py:183} INFO - Processing /home/airflow/.local/lib/python3.12/site-packages/airflow/example_dags/example_complex.py took 0.063 seconds
[2025-05-21T13:06:55.223+0000] {processor.py:161} INFO - Started process (PID=3157) to work on /home/airflow/.local/lib/python3.12/site-packages/airflow/example_dags/example_complex.py
[2025-05-21T13:06:55.223+0000] {processor.py:830} INFO - Processing file /home/airflow/.local/lib/python3.12/site-packages/airflow/example_dags/example_complex.py for tasks to queue
[2025-05-21T13:06:55.224+0000] {logging_mixin.py:188} INFO - [2025-05-21T13:06:55.224+0000] {dagbag.py:545} INFO - Filling up the DagBag from /home/airflow/.local/lib/python3.12/site-packages/airflow/example_dags/example_complex.py
[2025-05-21T13:06:55.228+0000] {processor.py:840} INFO - DAG(s) 'example_complex' retrieved from /home/airflow/.local/lib/python3.12/site-packages/airflow/example_dags/example_complex.py
[2025-05-21T13:06:55.242+0000] {logging_mixin.py:188} INFO - [2025-05-21T13:06:55.242+0000] {dag.py:3096} INFO - Sync 1 DAGs
[2025-05-21T13:06:55.248+0000] {logging_mixin.py:188} INFO - [2025-05-21T13:06:55.248+0000] {dag.py:3954} INFO - Setting next_dagrun for example_complex to None, run_after=None
[2025-05-21T13:06:55.255+0000] {processor.py:183} INFO - Processing /home/airflow/.local/lib/python3.12/site-packages/airflow/example_dags/example_complex.py took 0.035 seconds
