[2025-05-21T12:17:22.701+0000] {processor.py:161} INFO - Started process (PID=74) to work on /home/airflow/.local/lib/python3.12/site-packages/airflow/example_dags/tutorial.py
[2025-05-21T12:17:22.702+0000] {processor.py:830} INFO - Processing file /home/airflow/.local/lib/python3.12/site-packages/airflow/example_dags/tutorial.py for tasks to queue
[2025-05-21T12:17:22.703+0000] {logging_mixin.py:188} INFO - [2025-05-21T12:17:22.703+0000] {dagbag.py:545} INFO - Filling up the DagBag from /home/airflow/.local/lib/python3.12/site-packages/airflow/example_dags/tutorial.py
[2025-05-21T12:17:22.707+0000] {processor.py:840} INFO - DAG(s) 'tutorial' retrieved from /home/airflow/.local/lib/python3.12/site-packages/airflow/example_dags/tutorial.py
[2025-05-21T12:17:22.723+0000] {logging_mixin.py:188} INFO - [2025-05-21T12:17:22.723+0000] {dag.py:3096} INFO - Sync 1 DAGs
[2025-05-21T12:17:22.749+0000] {logging_mixin.py:188} INFO - [2025-05-21T12:17:22.749+0000] {dag.py:3954} INFO - Setting next_dagrun for tutorial to 2025-05-20 00:00:00+00:00, run_after=2025-05-21 00:00:00+00:00
[2025-05-21T12:17:22.762+0000] {processor.py:183} INFO - Processing /home/airflow/.local/lib/python3.12/site-packages/airflow/example_dags/tutorial.py took 0.064 seconds
[2025-05-21T12:27:57.459+0000] {processor.py:161} INFO - Started process (PID=126) to work on /home/airflow/.local/lib/python3.12/site-packages/airflow/example_dags/tutorial.py
[2025-05-21T12:27:57.460+0000] {processor.py:830} INFO - Processing file /home/airflow/.local/lib/python3.12/site-packages/airflow/example_dags/tutorial.py for tasks to queue
[2025-05-21T12:27:57.462+0000] {logging_mixin.py:188} INFO - [2025-05-21T12:27:57.461+0000] {dagbag.py:545} INFO - Filling up the DagBag from /home/airflow/.local/lib/python3.12/site-packages/airflow/example_dags/tutorial.py
[2025-05-21T12:27:57.468+0000] {processor.py:840} INFO - DAG(s) 'tutorial' retrieved from /home/airflow/.local/lib/python3.12/site-packages/airflow/example_dags/tutorial.py
[2025-05-21T12:27:57.529+0000] {logging_mixin.py:188} INFO - [2025-05-21T12:27:57.529+0000] {override.py:1829} INFO - Created Permission View: can read on DAG:tutorial
[2025-05-21T12:27:57.534+0000] {logging_mixin.py:188} INFO - [2025-05-21T12:27:57.534+0000] {override.py:1829} INFO - Created Permission View: can delete on DAG:tutorial
[2025-05-21T12:27:57.538+0000] {logging_mixin.py:188} INFO - [2025-05-21T12:27:57.538+0000] {override.py:1829} INFO - Created Permission View: can edit on DAG:tutorial
[2025-05-21T12:27:57.538+0000] {logging_mixin.py:188} INFO - [2025-05-21T12:27:57.538+0000] {dag.py:3096} INFO - Sync 1 DAGs
[2025-05-21T12:27:57.545+0000] {logging_mixin.py:188} INFO - [2025-05-21T12:27:57.544+0000] {dag.py:3118} INFO - Creating ORM DAG for tutorial
[2025-05-21T12:27:57.551+0000] {logging_mixin.py:188} INFO - [2025-05-21T12:27:57.551+0000] {dag.py:3954} INFO - Setting next_dagrun for tutorial to 2025-05-20 00:00:00+00:00, run_after=2025-05-21 00:00:00+00:00
[2025-05-21T12:27:57.568+0000] {processor.py:183} INFO - Processing /home/airflow/.local/lib/python3.12/site-packages/airflow/example_dags/tutorial.py took 0.111 seconds
[2025-05-21T12:28:28.407+0000] {processor.py:161} INFO - Started process (PID=186) to work on /home/airflow/.local/lib/python3.12/site-packages/airflow/example_dags/tutorial.py
[2025-05-21T12:28:28.408+0000] {processor.py:830} INFO - Processing file /home/airflow/.local/lib/python3.12/site-packages/airflow/example_dags/tutorial.py for tasks to queue
[2025-05-21T12:28:28.410+0000] {logging_mixin.py:188} INFO - [2025-05-21T12:28:28.410+0000] {dagbag.py:545} INFO - Filling up the DagBag from /home/airflow/.local/lib/python3.12/site-packages/airflow/example_dags/tutorial.py
[2025-05-21T12:28:28.413+0000] {processor.py:840} INFO - DAG(s) 'tutorial' retrieved from /home/airflow/.local/lib/python3.12/site-packages/airflow/example_dags/tutorial.py
[2025-05-21T12:28:28.426+0000] {logging_mixin.py:188} INFO - [2025-05-21T12:28:28.426+0000] {dag.py:3096} INFO - Sync 1 DAGs
[2025-05-21T12:28:28.436+0000] {logging_mixin.py:188} INFO - [2025-05-21T12:28:28.436+0000] {dag.py:3954} INFO - Setting next_dagrun for tutorial to 2025-05-20 00:00:00+00:00, run_after=2025-05-21 00:00:00+00:00
[2025-05-21T12:28:28.444+0000] {processor.py:183} INFO - Processing /home/airflow/.local/lib/python3.12/site-packages/airflow/example_dags/tutorial.py took 0.042 seconds
[2025-05-21T12:28:58.524+0000] {processor.py:161} INFO - Started process (PID=246) to work on /home/airflow/.local/lib/python3.12/site-packages/airflow/example_dags/tutorial.py
[2025-05-21T12:28:58.525+0000] {processor.py:830} INFO - Processing file /home/airflow/.local/lib/python3.12/site-packages/airflow/example_dags/tutorial.py for tasks to queue
[2025-05-21T12:28:58.528+0000] {logging_mixin.py:188} INFO - [2025-05-21T12:28:58.528+0000] {dagbag.py:545} INFO - Filling up the DagBag from /home/airflow/.local/lib/python3.12/site-packages/airflow/example_dags/tutorial.py
[2025-05-21T12:28:58.531+0000] {processor.py:840} INFO - DAG(s) 'tutorial' retrieved from /home/airflow/.local/lib/python3.12/site-packages/airflow/example_dags/tutorial.py
[2025-05-21T12:28:58.546+0000] {logging_mixin.py:188} INFO - [2025-05-21T12:28:58.546+0000] {dag.py:3096} INFO - Sync 1 DAGs
[2025-05-21T12:28:58.561+0000] {logging_mixin.py:188} INFO - [2025-05-21T12:28:58.561+0000] {dag.py:3954} INFO - Setting next_dagrun for tutorial to 2025-05-20 00:00:00+00:00, run_after=2025-05-21 00:00:00+00:00
[2025-05-21T12:28:58.571+0000] {processor.py:183} INFO - Processing /home/airflow/.local/lib/python3.12/site-packages/airflow/example_dags/tutorial.py took 0.049 seconds
[2025-05-21T12:29:29.590+0000] {processor.py:161} INFO - Started process (PID=306) to work on /home/airflow/.local/lib/python3.12/site-packages/airflow/example_dags/tutorial.py
[2025-05-21T12:29:29.592+0000] {processor.py:830} INFO - Processing file /home/airflow/.local/lib/python3.12/site-packages/airflow/example_dags/tutorial.py for tasks to queue
[2025-05-21T12:29:29.595+0000] {logging_mixin.py:188} INFO - [2025-05-21T12:29:29.595+0000] {dagbag.py:545} INFO - Filling up the DagBag from /home/airflow/.local/lib/python3.12/site-packages/airflow/example_dags/tutorial.py
[2025-05-21T12:29:29.601+0000] {processor.py:840} INFO - DAG(s) 'tutorial' retrieved from /home/airflow/.local/lib/python3.12/site-packages/airflow/example_dags/tutorial.py
[2025-05-21T12:29:29.618+0000] {logging_mixin.py:188} INFO - [2025-05-21T12:29:29.618+0000] {dag.py:3096} INFO - Sync 1 DAGs
[2025-05-21T12:29:29.633+0000] {logging_mixin.py:188} INFO - [2025-05-21T12:29:29.632+0000] {dag.py:3954} INFO - Setting next_dagrun for tutorial to 2025-05-20 00:00:00+00:00, run_after=2025-05-21 00:00:00+00:00
[2025-05-21T12:29:29.642+0000] {processor.py:183} INFO - Processing /home/airflow/.local/lib/python3.12/site-packages/airflow/example_dags/tutorial.py took 0.058 seconds
[2025-05-21T12:30:00.430+0000] {processor.py:161} INFO - Started process (PID=366) to work on /home/airflow/.local/lib/python3.12/site-packages/airflow/example_dags/tutorial.py
[2025-05-21T12:30:00.431+0000] {processor.py:830} INFO - Processing file /home/airflow/.local/lib/python3.12/site-packages/airflow/example_dags/tutorial.py for tasks to queue
[2025-05-21T12:30:00.432+0000] {logging_mixin.py:188} INFO - [2025-05-21T12:30:00.432+0000] {dagbag.py:545} INFO - Filling up the DagBag from /home/airflow/.local/lib/python3.12/site-packages/airflow/example_dags/tutorial.py
[2025-05-21T12:30:00.435+0000] {processor.py:840} INFO - DAG(s) 'tutorial' retrieved from /home/airflow/.local/lib/python3.12/site-packages/airflow/example_dags/tutorial.py
[2025-05-21T12:30:00.446+0000] {logging_mixin.py:188} INFO - [2025-05-21T12:30:00.446+0000] {dag.py:3096} INFO - Sync 1 DAGs
[2025-05-21T12:30:00.458+0000] {logging_mixin.py:188} INFO - [2025-05-21T12:30:00.457+0000] {dag.py:3954} INFO - Setting next_dagrun for tutorial to 2025-05-20 00:00:00+00:00, run_after=2025-05-21 00:00:00+00:00
[2025-05-21T12:30:00.471+0000] {processor.py:183} INFO - Processing /home/airflow/.local/lib/python3.12/site-packages/airflow/example_dags/tutorial.py took 0.044 seconds
[2025-05-21T12:30:30.902+0000] {processor.py:161} INFO - Started process (PID=426) to work on /home/airflow/.local/lib/python3.12/site-packages/airflow/example_dags/tutorial.py
[2025-05-21T12:30:30.903+0000] {processor.py:830} INFO - Processing file /home/airflow/.local/lib/python3.12/site-packages/airflow/example_dags/tutorial.py for tasks to queue
[2025-05-21T12:30:30.904+0000] {logging_mixin.py:188} INFO - [2025-05-21T12:30:30.904+0000] {dagbag.py:545} INFO - Filling up the DagBag from /home/airflow/.local/lib/python3.12/site-packages/airflow/example_dags/tutorial.py
[2025-05-21T12:30:30.907+0000] {processor.py:840} INFO - DAG(s) 'tutorial' retrieved from /home/airflow/.local/lib/python3.12/site-packages/airflow/example_dags/tutorial.py
[2025-05-21T12:30:30.916+0000] {logging_mixin.py:188} INFO - [2025-05-21T12:30:30.916+0000] {dag.py:3096} INFO - Sync 1 DAGs
[2025-05-21T12:30:30.926+0000] {logging_mixin.py:188} INFO - [2025-05-21T12:30:30.926+0000] {dag.py:3954} INFO - Setting next_dagrun for tutorial to 2025-05-20 00:00:00+00:00, run_after=2025-05-21 00:00:00+00:00
[2025-05-21T12:30:30.935+0000] {processor.py:183} INFO - Processing /home/airflow/.local/lib/python3.12/site-packages/airflow/example_dags/tutorial.py took 0.035 seconds
[2025-05-21T12:31:01.950+0000] {processor.py:161} INFO - Started process (PID=486) to work on /home/airflow/.local/lib/python3.12/site-packages/airflow/example_dags/tutorial.py
[2025-05-21T12:31:01.950+0000] {processor.py:830} INFO - Processing file /home/airflow/.local/lib/python3.12/site-packages/airflow/example_dags/tutorial.py for tasks to queue
[2025-05-21T12:31:01.951+0000] {logging_mixin.py:188} INFO - [2025-05-21T12:31:01.951+0000] {dagbag.py:545} INFO - Filling up the DagBag from /home/airflow/.local/lib/python3.12/site-packages/airflow/example_dags/tutorial.py
[2025-05-21T12:31:01.954+0000] {processor.py:840} INFO - DAG(s) 'tutorial' retrieved from /home/airflow/.local/lib/python3.12/site-packages/airflow/example_dags/tutorial.py
[2025-05-21T12:31:01.965+0000] {logging_mixin.py:188} INFO - [2025-05-21T12:31:01.965+0000] {dag.py:3096} INFO - Sync 1 DAGs
[2025-05-21T12:31:01.976+0000] {logging_mixin.py:188} INFO - [2025-05-21T12:31:01.976+0000] {dag.py:3954} INFO - Setting next_dagrun for tutorial to 2025-05-20 00:00:00+00:00, run_after=2025-05-21 00:00:00+00:00
[2025-05-21T12:31:01.984+0000] {processor.py:183} INFO - Processing /home/airflow/.local/lib/python3.12/site-packages/airflow/example_dags/tutorial.py took 0.038 seconds
[2025-05-21T12:31:32.259+0000] {processor.py:161} INFO - Started process (PID=544) to work on /home/airflow/.local/lib/python3.12/site-packages/airflow/example_dags/tutorial.py
[2025-05-21T12:31:32.260+0000] {processor.py:830} INFO - Processing file /home/airflow/.local/lib/python3.12/site-packages/airflow/example_dags/tutorial.py for tasks to queue
[2025-05-21T12:31:32.265+0000] {logging_mixin.py:188} INFO - [2025-05-21T12:31:32.265+0000] {dagbag.py:545} INFO - Filling up the DagBag from /home/airflow/.local/lib/python3.12/site-packages/airflow/example_dags/tutorial.py
[2025-05-21T12:31:32.272+0000] {processor.py:840} INFO - DAG(s) 'tutorial' retrieved from /home/airflow/.local/lib/python3.12/site-packages/airflow/example_dags/tutorial.py
[2025-05-21T12:31:32.293+0000] {logging_mixin.py:188} INFO - [2025-05-21T12:31:32.293+0000] {dag.py:3096} INFO - Sync 1 DAGs
[2025-05-21T12:31:32.308+0000] {logging_mixin.py:188} INFO - [2025-05-21T12:31:32.308+0000] {dag.py:3954} INFO - Setting next_dagrun for tutorial to 2025-05-20 00:00:00+00:00, run_after=2025-05-21 00:00:00+00:00
[2025-05-21T12:31:32.323+0000] {processor.py:183} INFO - Processing /home/airflow/.local/lib/python3.12/site-packages/airflow/example_dags/tutorial.py took 0.071 seconds
[2025-05-21T12:32:02.388+0000] {processor.py:161} INFO - Started process (PID=604) to work on /home/airflow/.local/lib/python3.12/site-packages/airflow/example_dags/tutorial.py
[2025-05-21T12:32:02.389+0000] {processor.py:830} INFO - Processing file /home/airflow/.local/lib/python3.12/site-packages/airflow/example_dags/tutorial.py for tasks to queue
[2025-05-21T12:32:02.394+0000] {logging_mixin.py:188} INFO - [2025-05-21T12:32:02.393+0000] {dagbag.py:545} INFO - Filling up the DagBag from /home/airflow/.local/lib/python3.12/site-packages/airflow/example_dags/tutorial.py
[2025-05-21T12:32:02.404+0000] {processor.py:840} INFO - DAG(s) 'tutorial' retrieved from /home/airflow/.local/lib/python3.12/site-packages/airflow/example_dags/tutorial.py
[2025-05-21T12:32:02.425+0000] {logging_mixin.py:188} INFO - [2025-05-21T12:32:02.425+0000] {dag.py:3096} INFO - Sync 1 DAGs
[2025-05-21T12:32:02.444+0000] {logging_mixin.py:188} INFO - [2025-05-21T12:32:02.444+0000] {dag.py:3954} INFO - Setting next_dagrun for tutorial to 2025-05-20 00:00:00+00:00, run_after=2025-05-21 00:00:00+00:00
[2025-05-21T12:32:02.457+0000] {processor.py:183} INFO - Processing /home/airflow/.local/lib/python3.12/site-packages/airflow/example_dags/tutorial.py took 0.080 seconds
[2025-05-21T12:32:32.624+0000] {processor.py:161} INFO - Started process (PID=664) to work on /home/airflow/.local/lib/python3.12/site-packages/airflow/example_dags/tutorial.py
[2025-05-21T12:32:32.626+0000] {processor.py:830} INFO - Processing file /home/airflow/.local/lib/python3.12/site-packages/airflow/example_dags/tutorial.py for tasks to queue
[2025-05-21T12:32:32.630+0000] {logging_mixin.py:188} INFO - [2025-05-21T12:32:32.630+0000] {dagbag.py:545} INFO - Filling up the DagBag from /home/airflow/.local/lib/python3.12/site-packages/airflow/example_dags/tutorial.py
[2025-05-21T12:32:32.636+0000] {processor.py:840} INFO - DAG(s) 'tutorial' retrieved from /home/airflow/.local/lib/python3.12/site-packages/airflow/example_dags/tutorial.py
[2025-05-21T12:32:32.653+0000] {logging_mixin.py:188} INFO - [2025-05-21T12:32:32.653+0000] {dag.py:3096} INFO - Sync 1 DAGs
[2025-05-21T12:32:32.667+0000] {logging_mixin.py:188} INFO - [2025-05-21T12:32:32.667+0000] {dag.py:3954} INFO - Setting next_dagrun for tutorial to 2025-05-20 00:00:00+00:00, run_after=2025-05-21 00:00:00+00:00
[2025-05-21T12:32:32.679+0000] {processor.py:183} INFO - Processing /home/airflow/.local/lib/python3.12/site-packages/airflow/example_dags/tutorial.py took 0.061 seconds
[2025-05-21T12:33:03.047+0000] {processor.py:161} INFO - Started process (PID=723) to work on /home/airflow/.local/lib/python3.12/site-packages/airflow/example_dags/tutorial.py
[2025-05-21T12:33:03.048+0000] {processor.py:830} INFO - Processing file /home/airflow/.local/lib/python3.12/site-packages/airflow/example_dags/tutorial.py for tasks to queue
[2025-05-21T12:33:03.051+0000] {logging_mixin.py:188} INFO - [2025-05-21T12:33:03.050+0000] {dagbag.py:545} INFO - Filling up the DagBag from /home/airflow/.local/lib/python3.12/site-packages/airflow/example_dags/tutorial.py
[2025-05-21T12:33:03.058+0000] {processor.py:840} INFO - DAG(s) 'tutorial' retrieved from /home/airflow/.local/lib/python3.12/site-packages/airflow/example_dags/tutorial.py
[2025-05-21T12:33:03.073+0000] {logging_mixin.py:188} INFO - [2025-05-21T12:33:03.073+0000] {dag.py:3096} INFO - Sync 1 DAGs
[2025-05-21T12:33:03.087+0000] {logging_mixin.py:188} INFO - [2025-05-21T12:33:03.087+0000] {dag.py:3954} INFO - Setting next_dagrun for tutorial to 2025-05-20 00:00:00+00:00, run_after=2025-05-21 00:00:00+00:00
[2025-05-21T12:33:03.095+0000] {processor.py:183} INFO - Processing /home/airflow/.local/lib/python3.12/site-packages/airflow/example_dags/tutorial.py took 0.055 seconds
[2025-05-21T12:33:33.235+0000] {processor.py:161} INFO - Started process (PID=783) to work on /home/airflow/.local/lib/python3.12/site-packages/airflow/example_dags/tutorial.py
[2025-05-21T12:33:33.238+0000] {processor.py:830} INFO - Processing file /home/airflow/.local/lib/python3.12/site-packages/airflow/example_dags/tutorial.py for tasks to queue
[2025-05-21T12:33:33.240+0000] {logging_mixin.py:188} INFO - [2025-05-21T12:33:33.240+0000] {dagbag.py:545} INFO - Filling up the DagBag from /home/airflow/.local/lib/python3.12/site-packages/airflow/example_dags/tutorial.py
[2025-05-21T12:33:33.246+0000] {processor.py:840} INFO - DAG(s) 'tutorial' retrieved from /home/airflow/.local/lib/python3.12/site-packages/airflow/example_dags/tutorial.py
[2025-05-21T12:33:33.264+0000] {logging_mixin.py:188} INFO - [2025-05-21T12:33:33.264+0000] {dag.py:3096} INFO - Sync 1 DAGs
[2025-05-21T12:33:33.280+0000] {logging_mixin.py:188} INFO - [2025-05-21T12:33:33.280+0000] {dag.py:3954} INFO - Setting next_dagrun for tutorial to 2025-05-20 00:00:00+00:00, run_after=2025-05-21 00:00:00+00:00
[2025-05-21T12:33:33.294+0000] {processor.py:183} INFO - Processing /home/airflow/.local/lib/python3.12/site-packages/airflow/example_dags/tutorial.py took 0.066 seconds
[2025-05-21T12:34:03.985+0000] {processor.py:161} INFO - Started process (PID=843) to work on /home/airflow/.local/lib/python3.12/site-packages/airflow/example_dags/tutorial.py
[2025-05-21T12:34:03.987+0000] {processor.py:830} INFO - Processing file /home/airflow/.local/lib/python3.12/site-packages/airflow/example_dags/tutorial.py for tasks to queue
[2025-05-21T12:34:03.989+0000] {logging_mixin.py:188} INFO - [2025-05-21T12:34:03.988+0000] {dagbag.py:545} INFO - Filling up the DagBag from /home/airflow/.local/lib/python3.12/site-packages/airflow/example_dags/tutorial.py
[2025-05-21T12:34:04.002+0000] {processor.py:840} INFO - DAG(s) 'tutorial' retrieved from /home/airflow/.local/lib/python3.12/site-packages/airflow/example_dags/tutorial.py
[2025-05-21T12:34:04.049+0000] {logging_mixin.py:188} INFO - [2025-05-21T12:34:04.048+0000] {dag.py:3096} INFO - Sync 1 DAGs
[2025-05-21T12:34:04.076+0000] {logging_mixin.py:188} INFO - [2025-05-21T12:34:04.076+0000] {dag.py:3954} INFO - Setting next_dagrun for tutorial to 2025-05-20 00:00:00+00:00, run_after=2025-05-21 00:00:00+00:00
[2025-05-21T12:34:04.094+0000] {processor.py:183} INFO - Processing /home/airflow/.local/lib/python3.12/site-packages/airflow/example_dags/tutorial.py took 0.115 seconds
[2025-05-21T12:34:34.308+0000] {processor.py:161} INFO - Started process (PID=903) to work on /home/airflow/.local/lib/python3.12/site-packages/airflow/example_dags/tutorial.py
[2025-05-21T12:34:34.317+0000] {processor.py:830} INFO - Processing file /home/airflow/.local/lib/python3.12/site-packages/airflow/example_dags/tutorial.py for tasks to queue
[2025-05-21T12:34:34.319+0000] {logging_mixin.py:188} INFO - [2025-05-21T12:34:34.319+0000] {dagbag.py:545} INFO - Filling up the DagBag from /home/airflow/.local/lib/python3.12/site-packages/airflow/example_dags/tutorial.py
[2025-05-21T12:34:34.326+0000] {processor.py:840} INFO - DAG(s) 'tutorial' retrieved from /home/airflow/.local/lib/python3.12/site-packages/airflow/example_dags/tutorial.py
[2025-05-21T12:34:34.343+0000] {logging_mixin.py:188} INFO - [2025-05-21T12:34:34.343+0000] {dag.py:3096} INFO - Sync 1 DAGs
[2025-05-21T12:34:34.358+0000] {logging_mixin.py:188} INFO - [2025-05-21T12:34:34.358+0000] {dag.py:3954} INFO - Setting next_dagrun for tutorial to 2025-05-20 00:00:00+00:00, run_after=2025-05-21 00:00:00+00:00
[2025-05-21T12:34:34.370+0000] {processor.py:183} INFO - Processing /home/airflow/.local/lib/python3.12/site-packages/airflow/example_dags/tutorial.py took 0.078 seconds
[2025-05-21T12:35:04.995+0000] {processor.py:161} INFO - Started process (PID=963) to work on /home/airflow/.local/lib/python3.12/site-packages/airflow/example_dags/tutorial.py
[2025-05-21T12:35:04.998+0000] {processor.py:830} INFO - Processing file /home/airflow/.local/lib/python3.12/site-packages/airflow/example_dags/tutorial.py for tasks to queue
[2025-05-21T12:35:05.002+0000] {logging_mixin.py:188} INFO - [2025-05-21T12:35:05.002+0000] {dagbag.py:545} INFO - Filling up the DagBag from /home/airflow/.local/lib/python3.12/site-packages/airflow/example_dags/tutorial.py
[2025-05-21T12:35:05.010+0000] {processor.py:840} INFO - DAG(s) 'tutorial' retrieved from /home/airflow/.local/lib/python3.12/site-packages/airflow/example_dags/tutorial.py
[2025-05-21T12:35:05.030+0000] {logging_mixin.py:188} INFO - [2025-05-21T12:35:05.030+0000] {dag.py:3096} INFO - Sync 1 DAGs
[2025-05-21T12:35:05.047+0000] {logging_mixin.py:188} INFO - [2025-05-21T12:35:05.046+0000] {dag.py:3954} INFO - Setting next_dagrun for tutorial to 2025-05-20 00:00:00+00:00, run_after=2025-05-21 00:00:00+00:00
[2025-05-21T12:35:05.062+0000] {processor.py:183} INFO - Processing /home/airflow/.local/lib/python3.12/site-packages/airflow/example_dags/tutorial.py took 0.071 seconds
[2025-05-21T12:35:35.525+0000] {processor.py:161} INFO - Started process (PID=1023) to work on /home/airflow/.local/lib/python3.12/site-packages/airflow/example_dags/tutorial.py
[2025-05-21T12:35:35.527+0000] {processor.py:830} INFO - Processing file /home/airflow/.local/lib/python3.12/site-packages/airflow/example_dags/tutorial.py for tasks to queue
[2025-05-21T12:35:35.531+0000] {logging_mixin.py:188} INFO - [2025-05-21T12:35:35.531+0000] {dagbag.py:545} INFO - Filling up the DagBag from /home/airflow/.local/lib/python3.12/site-packages/airflow/example_dags/tutorial.py
[2025-05-21T12:35:35.544+0000] {processor.py:840} INFO - DAG(s) 'tutorial' retrieved from /home/airflow/.local/lib/python3.12/site-packages/airflow/example_dags/tutorial.py
[2025-05-21T12:35:35.587+0000] {logging_mixin.py:188} INFO - [2025-05-21T12:35:35.587+0000] {dag.py:3096} INFO - Sync 1 DAGs
[2025-05-21T12:35:35.605+0000] {logging_mixin.py:188} INFO - [2025-05-21T12:35:35.605+0000] {dag.py:3954} INFO - Setting next_dagrun for tutorial to 2025-05-20 00:00:00+00:00, run_after=2025-05-21 00:00:00+00:00
[2025-05-21T12:35:35.629+0000] {processor.py:183} INFO - Processing /home/airflow/.local/lib/python3.12/site-packages/airflow/example_dags/tutorial.py took 0.121 seconds
[2025-05-21T12:36:06.278+0000] {processor.py:161} INFO - Started process (PID=1083) to work on /home/airflow/.local/lib/python3.12/site-packages/airflow/example_dags/tutorial.py
[2025-05-21T12:36:06.282+0000] {processor.py:830} INFO - Processing file /home/airflow/.local/lib/python3.12/site-packages/airflow/example_dags/tutorial.py for tasks to queue
[2025-05-21T12:36:06.286+0000] {logging_mixin.py:188} INFO - [2025-05-21T12:36:06.285+0000] {dagbag.py:545} INFO - Filling up the DagBag from /home/airflow/.local/lib/python3.12/site-packages/airflow/example_dags/tutorial.py
[2025-05-21T12:36:06.293+0000] {processor.py:840} INFO - DAG(s) 'tutorial' retrieved from /home/airflow/.local/lib/python3.12/site-packages/airflow/example_dags/tutorial.py
[2025-05-21T12:36:06.314+0000] {logging_mixin.py:188} INFO - [2025-05-21T12:36:06.313+0000] {dag.py:3096} INFO - Sync 1 DAGs
[2025-05-21T12:36:06.330+0000] {logging_mixin.py:188} INFO - [2025-05-21T12:36:06.330+0000] {dag.py:3954} INFO - Setting next_dagrun for tutorial to 2025-05-20 00:00:00+00:00, run_after=2025-05-21 00:00:00+00:00
[2025-05-21T12:36:06.341+0000] {processor.py:183} INFO - Processing /home/airflow/.local/lib/python3.12/site-packages/airflow/example_dags/tutorial.py took 0.071 seconds
[2025-05-21T12:36:36.716+0000] {processor.py:161} INFO - Started process (PID=1143) to work on /home/airflow/.local/lib/python3.12/site-packages/airflow/example_dags/tutorial.py
[2025-05-21T12:36:36.718+0000] {processor.py:830} INFO - Processing file /home/airflow/.local/lib/python3.12/site-packages/airflow/example_dags/tutorial.py for tasks to queue
[2025-05-21T12:36:36.721+0000] {logging_mixin.py:188} INFO - [2025-05-21T12:36:36.721+0000] {dagbag.py:545} INFO - Filling up the DagBag from /home/airflow/.local/lib/python3.12/site-packages/airflow/example_dags/tutorial.py
[2025-05-21T12:36:36.727+0000] {processor.py:840} INFO - DAG(s) 'tutorial' retrieved from /home/airflow/.local/lib/python3.12/site-packages/airflow/example_dags/tutorial.py
[2025-05-21T12:36:36.743+0000] {logging_mixin.py:188} INFO - [2025-05-21T12:36:36.743+0000] {dag.py:3096} INFO - Sync 1 DAGs
[2025-05-21T12:36:36.756+0000] {logging_mixin.py:188} INFO - [2025-05-21T12:36:36.756+0000] {dag.py:3954} INFO - Setting next_dagrun for tutorial to 2025-05-20 00:00:00+00:00, run_after=2025-05-21 00:00:00+00:00
[2025-05-21T12:36:36.765+0000] {processor.py:183} INFO - Processing /home/airflow/.local/lib/python3.12/site-packages/airflow/example_dags/tutorial.py took 0.055 seconds
[2025-05-21T12:37:07.135+0000] {processor.py:161} INFO - Started process (PID=1203) to work on /home/airflow/.local/lib/python3.12/site-packages/airflow/example_dags/tutorial.py
[2025-05-21T12:37:07.140+0000] {processor.py:830} INFO - Processing file /home/airflow/.local/lib/python3.12/site-packages/airflow/example_dags/tutorial.py for tasks to queue
[2025-05-21T12:37:07.141+0000] {logging_mixin.py:188} INFO - [2025-05-21T12:37:07.141+0000] {dagbag.py:545} INFO - Filling up the DagBag from /home/airflow/.local/lib/python3.12/site-packages/airflow/example_dags/tutorial.py
[2025-05-21T12:37:07.146+0000] {processor.py:840} INFO - DAG(s) 'tutorial' retrieved from /home/airflow/.local/lib/python3.12/site-packages/airflow/example_dags/tutorial.py
[2025-05-21T12:37:07.159+0000] {logging_mixin.py:188} INFO - [2025-05-21T12:37:07.159+0000] {dag.py:3096} INFO - Sync 1 DAGs
[2025-05-21T12:37:07.171+0000] {logging_mixin.py:188} INFO - [2025-05-21T12:37:07.171+0000] {dag.py:3954} INFO - Setting next_dagrun for tutorial to 2025-05-20 00:00:00+00:00, run_after=2025-05-21 00:00:00+00:00
[2025-05-21T12:37:07.182+0000] {processor.py:183} INFO - Processing /home/airflow/.local/lib/python3.12/site-packages/airflow/example_dags/tutorial.py took 0.052 seconds
[2025-05-21T12:37:37.730+0000] {processor.py:161} INFO - Started process (PID=1263) to work on /home/airflow/.local/lib/python3.12/site-packages/airflow/example_dags/tutorial.py
[2025-05-21T12:37:37.734+0000] {processor.py:830} INFO - Processing file /home/airflow/.local/lib/python3.12/site-packages/airflow/example_dags/tutorial.py for tasks to queue
[2025-05-21T12:37:37.737+0000] {logging_mixin.py:188} INFO - [2025-05-21T12:37:37.737+0000] {dagbag.py:545} INFO - Filling up the DagBag from /home/airflow/.local/lib/python3.12/site-packages/airflow/example_dags/tutorial.py
[2025-05-21T12:37:37.743+0000] {processor.py:840} INFO - DAG(s) 'tutorial' retrieved from /home/airflow/.local/lib/python3.12/site-packages/airflow/example_dags/tutorial.py
[2025-05-21T12:37:37.762+0000] {logging_mixin.py:188} INFO - [2025-05-21T12:37:37.761+0000] {dag.py:3096} INFO - Sync 1 DAGs
[2025-05-21T12:37:37.779+0000] {logging_mixin.py:188} INFO - [2025-05-21T12:37:37.779+0000] {dag.py:3954} INFO - Setting next_dagrun for tutorial to 2025-05-20 00:00:00+00:00, run_after=2025-05-21 00:00:00+00:00
[2025-05-21T12:37:37.791+0000] {processor.py:183} INFO - Processing /home/airflow/.local/lib/python3.12/site-packages/airflow/example_dags/tutorial.py took 0.068 seconds
[2025-05-21T12:38:08.072+0000] {processor.py:161} INFO - Started process (PID=1323) to work on /home/airflow/.local/lib/python3.12/site-packages/airflow/example_dags/tutorial.py
[2025-05-21T12:38:08.073+0000] {processor.py:830} INFO - Processing file /home/airflow/.local/lib/python3.12/site-packages/airflow/example_dags/tutorial.py for tasks to queue
[2025-05-21T12:38:08.077+0000] {logging_mixin.py:188} INFO - [2025-05-21T12:38:08.076+0000] {dagbag.py:545} INFO - Filling up the DagBag from /home/airflow/.local/lib/python3.12/site-packages/airflow/example_dags/tutorial.py
[2025-05-21T12:38:08.083+0000] {processor.py:840} INFO - DAG(s) 'tutorial' retrieved from /home/airflow/.local/lib/python3.12/site-packages/airflow/example_dags/tutorial.py
[2025-05-21T12:38:08.100+0000] {logging_mixin.py:188} INFO - [2025-05-21T12:38:08.099+0000] {dag.py:3096} INFO - Sync 1 DAGs
[2025-05-21T12:38:08.113+0000] {logging_mixin.py:188} INFO - [2025-05-21T12:38:08.113+0000] {dag.py:3954} INFO - Setting next_dagrun for tutorial to 2025-05-20 00:00:00+00:00, run_after=2025-05-21 00:00:00+00:00
[2025-05-21T12:38:08.125+0000] {processor.py:183} INFO - Processing /home/airflow/.local/lib/python3.12/site-packages/airflow/example_dags/tutorial.py took 0.061 seconds
[2025-05-21T12:38:38.527+0000] {processor.py:161} INFO - Started process (PID=1383) to work on /home/airflow/.local/lib/python3.12/site-packages/airflow/example_dags/tutorial.py
[2025-05-21T12:38:38.531+0000] {processor.py:830} INFO - Processing file /home/airflow/.local/lib/python3.12/site-packages/airflow/example_dags/tutorial.py for tasks to queue
[2025-05-21T12:38:38.534+0000] {logging_mixin.py:188} INFO - [2025-05-21T12:38:38.534+0000] {dagbag.py:545} INFO - Filling up the DagBag from /home/airflow/.local/lib/python3.12/site-packages/airflow/example_dags/tutorial.py
[2025-05-21T12:38:38.539+0000] {processor.py:840} INFO - DAG(s) 'tutorial' retrieved from /home/airflow/.local/lib/python3.12/site-packages/airflow/example_dags/tutorial.py
[2025-05-21T12:38:38.553+0000] {logging_mixin.py:188} INFO - [2025-05-21T12:38:38.553+0000] {dag.py:3096} INFO - Sync 1 DAGs
[2025-05-21T12:38:38.565+0000] {logging_mixin.py:188} INFO - [2025-05-21T12:38:38.565+0000] {dag.py:3954} INFO - Setting next_dagrun for tutorial to 2025-05-20 00:00:00+00:00, run_after=2025-05-21 00:00:00+00:00
[2025-05-21T12:38:38.575+0000] {processor.py:183} INFO - Processing /home/airflow/.local/lib/python3.12/site-packages/airflow/example_dags/tutorial.py took 0.053 seconds
[2025-05-21T12:39:09.083+0000] {processor.py:161} INFO - Started process (PID=1443) to work on /home/airflow/.local/lib/python3.12/site-packages/airflow/example_dags/tutorial.py
[2025-05-21T12:39:09.087+0000] {processor.py:830} INFO - Processing file /home/airflow/.local/lib/python3.12/site-packages/airflow/example_dags/tutorial.py for tasks to queue
[2025-05-21T12:39:09.091+0000] {logging_mixin.py:188} INFO - [2025-05-21T12:39:09.090+0000] {dagbag.py:545} INFO - Filling up the DagBag from /home/airflow/.local/lib/python3.12/site-packages/airflow/example_dags/tutorial.py
[2025-05-21T12:39:09.096+0000] {processor.py:840} INFO - DAG(s) 'tutorial' retrieved from /home/airflow/.local/lib/python3.12/site-packages/airflow/example_dags/tutorial.py
[2025-05-21T12:39:09.111+0000] {logging_mixin.py:188} INFO - [2025-05-21T12:39:09.111+0000] {dag.py:3096} INFO - Sync 1 DAGs
[2025-05-21T12:39:09.124+0000] {logging_mixin.py:188} INFO - [2025-05-21T12:39:09.124+0000] {dag.py:3954} INFO - Setting next_dagrun for tutorial to 2025-05-20 00:00:00+00:00, run_after=2025-05-21 00:00:00+00:00
[2025-05-21T12:39:09.135+0000] {processor.py:183} INFO - Processing /home/airflow/.local/lib/python3.12/site-packages/airflow/example_dags/tutorial.py took 0.057 seconds
[2025-05-21T12:40:58.679+0000] {processor.py:161} INFO - Started process (PID=124) to work on /home/airflow/.local/lib/python3.12/site-packages/airflow/example_dags/tutorial.py
[2025-05-21T12:40:58.681+0000] {processor.py:830} INFO - Processing file /home/airflow/.local/lib/python3.12/site-packages/airflow/example_dags/tutorial.py for tasks to queue
[2025-05-21T12:40:58.685+0000] {logging_mixin.py:188} INFO - [2025-05-21T12:40:58.684+0000] {dagbag.py:545} INFO - Filling up the DagBag from /home/airflow/.local/lib/python3.12/site-packages/airflow/example_dags/tutorial.py
[2025-05-21T12:40:58.706+0000] {processor.py:840} INFO - DAG(s) 'tutorial' retrieved from /home/airflow/.local/lib/python3.12/site-packages/airflow/example_dags/tutorial.py
[2025-05-21T12:40:58.957+0000] {logging_mixin.py:188} INFO - [2025-05-21T12:40:58.954+0000] {override.py:1829} INFO - Created Permission View: can edit on DAG:tutorial
[2025-05-21T12:40:58.982+0000] {logging_mixin.py:188} INFO - [2025-05-21T12:40:58.981+0000] {override.py:1829} INFO - Created Permission View: can delete on DAG:tutorial
[2025-05-21T12:40:59.026+0000] {logging_mixin.py:188} INFO - [2025-05-21T12:40:59.024+0000] {override.py:1829} INFO - Created Permission View: can read on DAG:tutorial
[2025-05-21T12:40:59.029+0000] {logging_mixin.py:188} INFO - [2025-05-21T12:40:59.028+0000] {dag.py:3096} INFO - Sync 1 DAGs
[2025-05-21T12:40:59.058+0000] {logging_mixin.py:188} INFO - [2025-05-21T12:40:59.057+0000] {dag.py:3118} INFO - Creating ORM DAG for tutorial
[2025-05-21T12:40:59.084+0000] {logging_mixin.py:188} INFO - [2025-05-21T12:40:59.084+0000] {dag.py:3954} INFO - Setting next_dagrun for tutorial to 2025-05-20 00:00:00+00:00, run_after=2025-05-21 00:00:00+00:00
[2025-05-21T12:40:59.104+0000] {processor.py:183} INFO - Processing /home/airflow/.local/lib/python3.12/site-packages/airflow/example_dags/tutorial.py took 0.434 seconds
[2025-05-21T12:41:29.754+0000] {processor.py:161} INFO - Started process (PID=184) to work on /home/airflow/.local/lib/python3.12/site-packages/airflow/example_dags/tutorial.py
[2025-05-21T12:41:29.756+0000] {processor.py:830} INFO - Processing file /home/airflow/.local/lib/python3.12/site-packages/airflow/example_dags/tutorial.py for tasks to queue
[2025-05-21T12:41:29.757+0000] {logging_mixin.py:188} INFO - [2025-05-21T12:41:29.757+0000] {dagbag.py:545} INFO - Filling up the DagBag from /home/airflow/.local/lib/python3.12/site-packages/airflow/example_dags/tutorial.py
[2025-05-21T12:41:29.761+0000] {processor.py:840} INFO - DAG(s) 'tutorial' retrieved from /home/airflow/.local/lib/python3.12/site-packages/airflow/example_dags/tutorial.py
[2025-05-21T12:41:29.771+0000] {logging_mixin.py:188} INFO - [2025-05-21T12:41:29.771+0000] {dag.py:3096} INFO - Sync 1 DAGs
[2025-05-21T12:41:29.781+0000] {logging_mixin.py:188} INFO - [2025-05-21T12:41:29.781+0000] {dag.py:3954} INFO - Setting next_dagrun for tutorial to 2025-05-20 00:00:00+00:00, run_after=2025-05-21 00:00:00+00:00
[2025-05-21T12:41:29.795+0000] {processor.py:183} INFO - Processing /home/airflow/.local/lib/python3.12/site-packages/airflow/example_dags/tutorial.py took 0.044 seconds
[2025-05-21T12:42:00.154+0000] {processor.py:161} INFO - Started process (PID=244) to work on /home/airflow/.local/lib/python3.12/site-packages/airflow/example_dags/tutorial.py
[2025-05-21T12:42:00.157+0000] {processor.py:830} INFO - Processing file /home/airflow/.local/lib/python3.12/site-packages/airflow/example_dags/tutorial.py for tasks to queue
[2025-05-21T12:42:00.158+0000] {logging_mixin.py:188} INFO - [2025-05-21T12:42:00.158+0000] {dagbag.py:545} INFO - Filling up the DagBag from /home/airflow/.local/lib/python3.12/site-packages/airflow/example_dags/tutorial.py
[2025-05-21T12:42:00.162+0000] {processor.py:840} INFO - DAG(s) 'tutorial' retrieved from /home/airflow/.local/lib/python3.12/site-packages/airflow/example_dags/tutorial.py
[2025-05-21T12:42:00.173+0000] {logging_mixin.py:188} INFO - [2025-05-21T12:42:00.173+0000] {dag.py:3096} INFO - Sync 1 DAGs
[2025-05-21T12:42:00.183+0000] {logging_mixin.py:188} INFO - [2025-05-21T12:42:00.183+0000] {dag.py:3954} INFO - Setting next_dagrun for tutorial to 2025-05-20 00:00:00+00:00, run_after=2025-05-21 00:00:00+00:00
[2025-05-21T12:42:00.192+0000] {processor.py:183} INFO - Processing /home/airflow/.local/lib/python3.12/site-packages/airflow/example_dags/tutorial.py took 0.041 seconds
[2025-05-21T12:42:30.703+0000] {processor.py:161} INFO - Started process (PID=304) to work on /home/airflow/.local/lib/python3.12/site-packages/airflow/example_dags/tutorial.py
[2025-05-21T12:42:30.703+0000] {processor.py:830} INFO - Processing file /home/airflow/.local/lib/python3.12/site-packages/airflow/example_dags/tutorial.py for tasks to queue
[2025-05-21T12:42:30.704+0000] {logging_mixin.py:188} INFO - [2025-05-21T12:42:30.704+0000] {dagbag.py:545} INFO - Filling up the DagBag from /home/airflow/.local/lib/python3.12/site-packages/airflow/example_dags/tutorial.py
[2025-05-21T12:42:30.707+0000] {processor.py:840} INFO - DAG(s) 'tutorial' retrieved from /home/airflow/.local/lib/python3.12/site-packages/airflow/example_dags/tutorial.py
[2025-05-21T12:42:30.717+0000] {logging_mixin.py:188} INFO - [2025-05-21T12:42:30.717+0000] {dag.py:3096} INFO - Sync 1 DAGs
[2025-05-21T12:42:30.727+0000] {logging_mixin.py:188} INFO - [2025-05-21T12:42:30.726+0000] {dag.py:3954} INFO - Setting next_dagrun for tutorial to 2025-05-20 00:00:00+00:00, run_after=2025-05-21 00:00:00+00:00
[2025-05-21T12:42:30.734+0000] {processor.py:183} INFO - Processing /home/airflow/.local/lib/python3.12/site-packages/airflow/example_dags/tutorial.py took 0.034 seconds
[2025-05-21T12:43:01.209+0000] {processor.py:161} INFO - Started process (PID=364) to work on /home/airflow/.local/lib/python3.12/site-packages/airflow/example_dags/tutorial.py
[2025-05-21T12:43:01.210+0000] {processor.py:830} INFO - Processing file /home/airflow/.local/lib/python3.12/site-packages/airflow/example_dags/tutorial.py for tasks to queue
[2025-05-21T12:43:01.212+0000] {logging_mixin.py:188} INFO - [2025-05-21T12:43:01.212+0000] {dagbag.py:545} INFO - Filling up the DagBag from /home/airflow/.local/lib/python3.12/site-packages/airflow/example_dags/tutorial.py
[2025-05-21T12:43:01.216+0000] {processor.py:840} INFO - DAG(s) 'tutorial' retrieved from /home/airflow/.local/lib/python3.12/site-packages/airflow/example_dags/tutorial.py
[2025-05-21T12:43:01.230+0000] {logging_mixin.py:188} INFO - [2025-05-21T12:43:01.230+0000] {dag.py:3096} INFO - Sync 1 DAGs
[2025-05-21T12:43:01.243+0000] {logging_mixin.py:188} INFO - [2025-05-21T12:43:01.243+0000] {dag.py:3954} INFO - Setting next_dagrun for tutorial to 2025-05-20 00:00:00+00:00, run_after=2025-05-21 00:00:00+00:00
[2025-05-21T12:43:01.255+0000] {processor.py:183} INFO - Processing /home/airflow/.local/lib/python3.12/site-packages/airflow/example_dags/tutorial.py took 0.049 seconds
[2025-05-21T12:43:31.599+0000] {processor.py:161} INFO - Started process (PID=424) to work on /home/airflow/.local/lib/python3.12/site-packages/airflow/example_dags/tutorial.py
[2025-05-21T12:43:31.600+0000] {processor.py:830} INFO - Processing file /home/airflow/.local/lib/python3.12/site-packages/airflow/example_dags/tutorial.py for tasks to queue
[2025-05-21T12:43:31.601+0000] {logging_mixin.py:188} INFO - [2025-05-21T12:43:31.600+0000] {dagbag.py:545} INFO - Filling up the DagBag from /home/airflow/.local/lib/python3.12/site-packages/airflow/example_dags/tutorial.py
[2025-05-21T12:43:31.604+0000] {processor.py:840} INFO - DAG(s) 'tutorial' retrieved from /home/airflow/.local/lib/python3.12/site-packages/airflow/example_dags/tutorial.py
[2025-05-21T12:43:31.615+0000] {logging_mixin.py:188} INFO - [2025-05-21T12:43:31.615+0000] {dag.py:3096} INFO - Sync 1 DAGs
[2025-05-21T12:43:31.625+0000] {logging_mixin.py:188} INFO - [2025-05-21T12:43:31.625+0000] {dag.py:3954} INFO - Setting next_dagrun for tutorial to 2025-05-20 00:00:00+00:00, run_after=2025-05-21 00:00:00+00:00
[2025-05-21T12:43:31.637+0000] {processor.py:183} INFO - Processing /home/airflow/.local/lib/python3.12/site-packages/airflow/example_dags/tutorial.py took 0.041 seconds
[2025-05-21T12:44:02.239+0000] {processor.py:161} INFO - Started process (PID=484) to work on /home/airflow/.local/lib/python3.12/site-packages/airflow/example_dags/tutorial.py
[2025-05-21T12:44:02.239+0000] {processor.py:830} INFO - Processing file /home/airflow/.local/lib/python3.12/site-packages/airflow/example_dags/tutorial.py for tasks to queue
[2025-05-21T12:44:02.240+0000] {logging_mixin.py:188} INFO - [2025-05-21T12:44:02.240+0000] {dagbag.py:545} INFO - Filling up the DagBag from /home/airflow/.local/lib/python3.12/site-packages/airflow/example_dags/tutorial.py
[2025-05-21T12:44:02.245+0000] {processor.py:840} INFO - DAG(s) 'tutorial' retrieved from /home/airflow/.local/lib/python3.12/site-packages/airflow/example_dags/tutorial.py
[2025-05-21T12:44:02.263+0000] {logging_mixin.py:188} INFO - [2025-05-21T12:44:02.262+0000] {dag.py:3096} INFO - Sync 1 DAGs
[2025-05-21T12:44:02.276+0000] {logging_mixin.py:188} INFO - [2025-05-21T12:44:02.275+0000] {dag.py:3954} INFO - Setting next_dagrun for tutorial to 2025-05-20 00:00:00+00:00, run_after=2025-05-21 00:00:00+00:00
[2025-05-21T12:44:02.291+0000] {processor.py:183} INFO - Processing /home/airflow/.local/lib/python3.12/site-packages/airflow/example_dags/tutorial.py took 0.058 seconds
[2025-05-21T12:44:32.625+0000] {processor.py:161} INFO - Started process (PID=544) to work on /home/airflow/.local/lib/python3.12/site-packages/airflow/example_dags/tutorial.py
[2025-05-21T12:44:32.625+0000] {processor.py:830} INFO - Processing file /home/airflow/.local/lib/python3.12/site-packages/airflow/example_dags/tutorial.py for tasks to queue
[2025-05-21T12:44:32.626+0000] {logging_mixin.py:188} INFO - [2025-05-21T12:44:32.626+0000] {dagbag.py:545} INFO - Filling up the DagBag from /home/airflow/.local/lib/python3.12/site-packages/airflow/example_dags/tutorial.py
[2025-05-21T12:44:32.628+0000] {processor.py:840} INFO - DAG(s) 'tutorial' retrieved from /home/airflow/.local/lib/python3.12/site-packages/airflow/example_dags/tutorial.py
[2025-05-21T12:44:32.637+0000] {logging_mixin.py:188} INFO - [2025-05-21T12:44:32.637+0000] {dag.py:3096} INFO - Sync 1 DAGs
[2025-05-21T12:44:32.646+0000] {logging_mixin.py:188} INFO - [2025-05-21T12:44:32.645+0000] {dag.py:3954} INFO - Setting next_dagrun for tutorial to 2025-05-20 00:00:00+00:00, run_after=2025-05-21 00:00:00+00:00
[2025-05-21T12:44:32.653+0000] {processor.py:183} INFO - Processing /home/airflow/.local/lib/python3.12/site-packages/airflow/example_dags/tutorial.py took 0.031 seconds
[2025-05-21T12:45:03.754+0000] {processor.py:161} INFO - Started process (PID=604) to work on /home/airflow/.local/lib/python3.12/site-packages/airflow/example_dags/tutorial.py
[2025-05-21T12:45:03.754+0000] {processor.py:830} INFO - Processing file /home/airflow/.local/lib/python3.12/site-packages/airflow/example_dags/tutorial.py for tasks to queue
[2025-05-21T12:45:03.756+0000] {logging_mixin.py:188} INFO - [2025-05-21T12:45:03.755+0000] {dagbag.py:545} INFO - Filling up the DagBag from /home/airflow/.local/lib/python3.12/site-packages/airflow/example_dags/tutorial.py
[2025-05-21T12:45:03.759+0000] {processor.py:840} INFO - DAG(s) 'tutorial' retrieved from /home/airflow/.local/lib/python3.12/site-packages/airflow/example_dags/tutorial.py
[2025-05-21T12:45:03.780+0000] {logging_mixin.py:188} INFO - [2025-05-21T12:45:03.780+0000] {dag.py:3096} INFO - Sync 1 DAGs
[2025-05-21T12:45:03.818+0000] {logging_mixin.py:188} INFO - [2025-05-21T12:45:03.818+0000] {dag.py:3954} INFO - Setting next_dagrun for tutorial to 2025-05-20 00:00:00+00:00, run_after=2025-05-21 00:00:00+00:00
[2025-05-21T12:45:03.834+0000] {processor.py:183} INFO - Processing /home/airflow/.local/lib/python3.12/site-packages/airflow/example_dags/tutorial.py took 0.084 seconds
[2025-05-21T12:45:34.013+0000] {processor.py:161} INFO - Started process (PID=661) to work on /home/airflow/.local/lib/python3.12/site-packages/airflow/example_dags/tutorial.py
[2025-05-21T12:45:34.013+0000] {processor.py:830} INFO - Processing file /home/airflow/.local/lib/python3.12/site-packages/airflow/example_dags/tutorial.py for tasks to queue
[2025-05-21T12:45:34.014+0000] {logging_mixin.py:188} INFO - [2025-05-21T12:45:34.014+0000] {dagbag.py:545} INFO - Filling up the DagBag from /home/airflow/.local/lib/python3.12/site-packages/airflow/example_dags/tutorial.py
[2025-05-21T12:45:34.017+0000] {processor.py:840} INFO - DAG(s) 'tutorial' retrieved from /home/airflow/.local/lib/python3.12/site-packages/airflow/example_dags/tutorial.py
[2025-05-21T12:45:34.026+0000] {logging_mixin.py:188} INFO - [2025-05-21T12:45:34.026+0000] {dag.py:3096} INFO - Sync 1 DAGs
[2025-05-21T12:45:34.036+0000] {logging_mixin.py:188} INFO - [2025-05-21T12:45:34.036+0000] {dag.py:3954} INFO - Setting next_dagrun for tutorial to 2025-05-20 00:00:00+00:00, run_after=2025-05-21 00:00:00+00:00
[2025-05-21T12:45:34.050+0000] {processor.py:183} INFO - Processing /home/airflow/.local/lib/python3.12/site-packages/airflow/example_dags/tutorial.py took 0.040 seconds
[2025-05-21T12:46:04.371+0000] {processor.py:161} INFO - Started process (PID=721) to work on /home/airflow/.local/lib/python3.12/site-packages/airflow/example_dags/tutorial.py
[2025-05-21T12:46:04.372+0000] {processor.py:830} INFO - Processing file /home/airflow/.local/lib/python3.12/site-packages/airflow/example_dags/tutorial.py for tasks to queue
[2025-05-21T12:46:04.372+0000] {logging_mixin.py:188} INFO - [2025-05-21T12:46:04.372+0000] {dagbag.py:545} INFO - Filling up the DagBag from /home/airflow/.local/lib/python3.12/site-packages/airflow/example_dags/tutorial.py
[2025-05-21T12:46:04.375+0000] {processor.py:840} INFO - DAG(s) 'tutorial' retrieved from /home/airflow/.local/lib/python3.12/site-packages/airflow/example_dags/tutorial.py
[2025-05-21T12:46:04.385+0000] {logging_mixin.py:188} INFO - [2025-05-21T12:46:04.385+0000] {dag.py:3096} INFO - Sync 1 DAGs
[2025-05-21T12:46:04.394+0000] {logging_mixin.py:188} INFO - [2025-05-21T12:46:04.394+0000] {dag.py:3954} INFO - Setting next_dagrun for tutorial to 2025-05-20 00:00:00+00:00, run_after=2025-05-21 00:00:00+00:00
[2025-05-21T12:46:04.403+0000] {processor.py:183} INFO - Processing /home/airflow/.local/lib/python3.12/site-packages/airflow/example_dags/tutorial.py took 0.034 seconds
[2025-05-21T12:46:34.592+0000] {processor.py:161} INFO - Started process (PID=781) to work on /home/airflow/.local/lib/python3.12/site-packages/airflow/example_dags/tutorial.py
[2025-05-21T12:46:34.593+0000] {processor.py:830} INFO - Processing file /home/airflow/.local/lib/python3.12/site-packages/airflow/example_dags/tutorial.py for tasks to queue
[2025-05-21T12:46:34.593+0000] {logging_mixin.py:188} INFO - [2025-05-21T12:46:34.593+0000] {dagbag.py:545} INFO - Filling up the DagBag from /home/airflow/.local/lib/python3.12/site-packages/airflow/example_dags/tutorial.py
[2025-05-21T12:46:34.596+0000] {processor.py:840} INFO - DAG(s) 'tutorial' retrieved from /home/airflow/.local/lib/python3.12/site-packages/airflow/example_dags/tutorial.py
[2025-05-21T12:46:34.605+0000] {logging_mixin.py:188} INFO - [2025-05-21T12:46:34.605+0000] {dag.py:3096} INFO - Sync 1 DAGs
[2025-05-21T12:46:34.614+0000] {logging_mixin.py:188} INFO - [2025-05-21T12:46:34.614+0000] {dag.py:3954} INFO - Setting next_dagrun for tutorial to 2025-05-20 00:00:00+00:00, run_after=2025-05-21 00:00:00+00:00
[2025-05-21T12:46:34.622+0000] {processor.py:183} INFO - Processing /home/airflow/.local/lib/python3.12/site-packages/airflow/example_dags/tutorial.py took 0.033 seconds
[2025-05-21T12:47:04.945+0000] {processor.py:161} INFO - Started process (PID=841) to work on /home/airflow/.local/lib/python3.12/site-packages/airflow/example_dags/tutorial.py
[2025-05-21T12:47:04.945+0000] {processor.py:830} INFO - Processing file /home/airflow/.local/lib/python3.12/site-packages/airflow/example_dags/tutorial.py for tasks to queue
[2025-05-21T12:47:04.946+0000] {logging_mixin.py:188} INFO - [2025-05-21T12:47:04.946+0000] {dagbag.py:545} INFO - Filling up the DagBag from /home/airflow/.local/lib/python3.12/site-packages/airflow/example_dags/tutorial.py
[2025-05-21T12:47:04.951+0000] {processor.py:840} INFO - DAG(s) 'tutorial' retrieved from /home/airflow/.local/lib/python3.12/site-packages/airflow/example_dags/tutorial.py
[2025-05-21T12:47:04.961+0000] {logging_mixin.py:188} INFO - [2025-05-21T12:47:04.961+0000] {dag.py:3096} INFO - Sync 1 DAGs
[2025-05-21T12:47:04.971+0000] {logging_mixin.py:188} INFO - [2025-05-21T12:47:04.970+0000] {dag.py:3954} INFO - Setting next_dagrun for tutorial to 2025-05-20 00:00:00+00:00, run_after=2025-05-21 00:00:00+00:00
[2025-05-21T12:47:04.978+0000] {processor.py:183} INFO - Processing /home/airflow/.local/lib/python3.12/site-packages/airflow/example_dags/tutorial.py took 0.037 seconds
[2025-05-21T12:47:35.493+0000] {processor.py:161} INFO - Started process (PID=901) to work on /home/airflow/.local/lib/python3.12/site-packages/airflow/example_dags/tutorial.py
[2025-05-21T12:47:35.494+0000] {processor.py:830} INFO - Processing file /home/airflow/.local/lib/python3.12/site-packages/airflow/example_dags/tutorial.py for tasks to queue
[2025-05-21T12:47:35.495+0000] {logging_mixin.py:188} INFO - [2025-05-21T12:47:35.495+0000] {dagbag.py:545} INFO - Filling up the DagBag from /home/airflow/.local/lib/python3.12/site-packages/airflow/example_dags/tutorial.py
[2025-05-21T12:47:35.503+0000] {processor.py:840} INFO - DAG(s) 'tutorial' retrieved from /home/airflow/.local/lib/python3.12/site-packages/airflow/example_dags/tutorial.py
[2025-05-21T12:47:35.520+0000] {logging_mixin.py:188} INFO - [2025-05-21T12:47:35.520+0000] {dag.py:3096} INFO - Sync 1 DAGs
[2025-05-21T12:47:35.539+0000] {logging_mixin.py:188} INFO - [2025-05-21T12:47:35.539+0000] {dag.py:3954} INFO - Setting next_dagrun for tutorial to 2025-05-20 00:00:00+00:00, run_after=2025-05-21 00:00:00+00:00
[2025-05-21T12:47:35.552+0000] {processor.py:183} INFO - Processing /home/airflow/.local/lib/python3.12/site-packages/airflow/example_dags/tutorial.py took 0.062 seconds
[2025-05-21T12:48:06.592+0000] {processor.py:161} INFO - Started process (PID=961) to work on /home/airflow/.local/lib/python3.12/site-packages/airflow/example_dags/tutorial.py
[2025-05-21T12:48:06.594+0000] {processor.py:830} INFO - Processing file /home/airflow/.local/lib/python3.12/site-packages/airflow/example_dags/tutorial.py for tasks to queue
[2025-05-21T12:48:06.595+0000] {logging_mixin.py:188} INFO - [2025-05-21T12:48:06.595+0000] {dagbag.py:545} INFO - Filling up the DagBag from /home/airflow/.local/lib/python3.12/site-packages/airflow/example_dags/tutorial.py
[2025-05-21T12:48:06.598+0000] {processor.py:840} INFO - DAG(s) 'tutorial' retrieved from /home/airflow/.local/lib/python3.12/site-packages/airflow/example_dags/tutorial.py
[2025-05-21T12:48:06.612+0000] {logging_mixin.py:188} INFO - [2025-05-21T12:48:06.612+0000] {dag.py:3096} INFO - Sync 1 DAGs
[2025-05-21T12:48:06.622+0000] {logging_mixin.py:188} INFO - [2025-05-21T12:48:06.622+0000] {dag.py:3954} INFO - Setting next_dagrun for tutorial to 2025-05-20 00:00:00+00:00, run_after=2025-05-21 00:00:00+00:00
[2025-05-21T12:48:06.636+0000] {processor.py:183} INFO - Processing /home/airflow/.local/lib/python3.12/site-packages/airflow/example_dags/tutorial.py took 0.046 seconds
[2025-05-21T12:48:37.697+0000] {processor.py:161} INFO - Started process (PID=1021) to work on /home/airflow/.local/lib/python3.12/site-packages/airflow/example_dags/tutorial.py
[2025-05-21T12:48:37.698+0000] {processor.py:830} INFO - Processing file /home/airflow/.local/lib/python3.12/site-packages/airflow/example_dags/tutorial.py for tasks to queue
[2025-05-21T12:48:37.699+0000] {logging_mixin.py:188} INFO - [2025-05-21T12:48:37.699+0000] {dagbag.py:545} INFO - Filling up the DagBag from /home/airflow/.local/lib/python3.12/site-packages/airflow/example_dags/tutorial.py
[2025-05-21T12:48:37.703+0000] {processor.py:840} INFO - DAG(s) 'tutorial' retrieved from /home/airflow/.local/lib/python3.12/site-packages/airflow/example_dags/tutorial.py
[2025-05-21T12:48:37.716+0000] {logging_mixin.py:188} INFO - [2025-05-21T12:48:37.716+0000] {dag.py:3096} INFO - Sync 1 DAGs
[2025-05-21T12:48:37.730+0000] {logging_mixin.py:188} INFO - [2025-05-21T12:48:37.730+0000] {dag.py:3954} INFO - Setting next_dagrun for tutorial to 2025-05-20 00:00:00+00:00, run_after=2025-05-21 00:00:00+00:00
[2025-05-21T12:48:37.741+0000] {processor.py:183} INFO - Processing /home/airflow/.local/lib/python3.12/site-packages/airflow/example_dags/tutorial.py took 0.047 seconds
[2025-05-21T12:49:08.472+0000] {processor.py:161} INFO - Started process (PID=1081) to work on /home/airflow/.local/lib/python3.12/site-packages/airflow/example_dags/tutorial.py
[2025-05-21T12:49:08.474+0000] {processor.py:830} INFO - Processing file /home/airflow/.local/lib/python3.12/site-packages/airflow/example_dags/tutorial.py for tasks to queue
[2025-05-21T12:49:08.476+0000] {logging_mixin.py:188} INFO - [2025-05-21T12:49:08.476+0000] {dagbag.py:545} INFO - Filling up the DagBag from /home/airflow/.local/lib/python3.12/site-packages/airflow/example_dags/tutorial.py
[2025-05-21T12:49:08.479+0000] {processor.py:840} INFO - DAG(s) 'tutorial' retrieved from /home/airflow/.local/lib/python3.12/site-packages/airflow/example_dags/tutorial.py
[2025-05-21T12:49:08.494+0000] {logging_mixin.py:188} INFO - [2025-05-21T12:49:08.494+0000] {dag.py:3096} INFO - Sync 1 DAGs
[2025-05-21T12:49:08.516+0000] {logging_mixin.py:188} INFO - [2025-05-21T12:49:08.516+0000] {dag.py:3954} INFO - Setting next_dagrun for tutorial to 2025-05-20 00:00:00+00:00, run_after=2025-05-21 00:00:00+00:00
[2025-05-21T12:49:08.531+0000] {processor.py:183} INFO - Processing /home/airflow/.local/lib/python3.12/site-packages/airflow/example_dags/tutorial.py took 0.062 seconds
[2025-05-21T12:49:39.422+0000] {processor.py:161} INFO - Started process (PID=1141) to work on /home/airflow/.local/lib/python3.12/site-packages/airflow/example_dags/tutorial.py
[2025-05-21T12:49:39.426+0000] {processor.py:830} INFO - Processing file /home/airflow/.local/lib/python3.12/site-packages/airflow/example_dags/tutorial.py for tasks to queue
[2025-05-21T12:49:39.427+0000] {logging_mixin.py:188} INFO - [2025-05-21T12:49:39.427+0000] {dagbag.py:545} INFO - Filling up the DagBag from /home/airflow/.local/lib/python3.12/site-packages/airflow/example_dags/tutorial.py
[2025-05-21T12:49:39.430+0000] {processor.py:840} INFO - DAG(s) 'tutorial' retrieved from /home/airflow/.local/lib/python3.12/site-packages/airflow/example_dags/tutorial.py
[2025-05-21T12:49:39.444+0000] {logging_mixin.py:188} INFO - [2025-05-21T12:49:39.444+0000] {dag.py:3096} INFO - Sync 1 DAGs
[2025-05-21T12:49:39.458+0000] {logging_mixin.py:188} INFO - [2025-05-21T12:49:39.458+0000] {dag.py:3954} INFO - Setting next_dagrun for tutorial to 2025-05-20 00:00:00+00:00, run_after=2025-05-21 00:00:00+00:00
[2025-05-21T12:49:39.467+0000] {processor.py:183} INFO - Processing /home/airflow/.local/lib/python3.12/site-packages/airflow/example_dags/tutorial.py took 0.048 seconds
[2025-05-21T12:50:09.770+0000] {processor.py:161} INFO - Started process (PID=1201) to work on /home/airflow/.local/lib/python3.12/site-packages/airflow/example_dags/tutorial.py
[2025-05-21T12:50:09.771+0000] {processor.py:830} INFO - Processing file /home/airflow/.local/lib/python3.12/site-packages/airflow/example_dags/tutorial.py for tasks to queue
[2025-05-21T12:50:09.771+0000] {logging_mixin.py:188} INFO - [2025-05-21T12:50:09.771+0000] {dagbag.py:545} INFO - Filling up the DagBag from /home/airflow/.local/lib/python3.12/site-packages/airflow/example_dags/tutorial.py
[2025-05-21T12:50:09.774+0000] {processor.py:840} INFO - DAG(s) 'tutorial' retrieved from /home/airflow/.local/lib/python3.12/site-packages/airflow/example_dags/tutorial.py
[2025-05-21T12:50:09.792+0000] {logging_mixin.py:188} INFO - [2025-05-21T12:50:09.792+0000] {dag.py:3096} INFO - Sync 1 DAGs
[2025-05-21T12:50:09.812+0000] {logging_mixin.py:188} INFO - [2025-05-21T12:50:09.812+0000] {dag.py:3954} INFO - Setting next_dagrun for tutorial to 2025-05-20 00:00:00+00:00, run_after=2025-05-21 00:00:00+00:00
[2025-05-21T12:50:09.825+0000] {processor.py:183} INFO - Processing /home/airflow/.local/lib/python3.12/site-packages/airflow/example_dags/tutorial.py took 0.058 seconds
[2025-05-21T12:50:40.738+0000] {processor.py:161} INFO - Started process (PID=1261) to work on /home/airflow/.local/lib/python3.12/site-packages/airflow/example_dags/tutorial.py
[2025-05-21T12:50:40.740+0000] {processor.py:830} INFO - Processing file /home/airflow/.local/lib/python3.12/site-packages/airflow/example_dags/tutorial.py for tasks to queue
[2025-05-21T12:50:40.744+0000] {logging_mixin.py:188} INFO - [2025-05-21T12:50:40.743+0000] {dagbag.py:545} INFO - Filling up the DagBag from /home/airflow/.local/lib/python3.12/site-packages/airflow/example_dags/tutorial.py
[2025-05-21T12:50:40.763+0000] {processor.py:840} INFO - DAG(s) 'tutorial' retrieved from /home/airflow/.local/lib/python3.12/site-packages/airflow/example_dags/tutorial.py
[2025-05-21T12:50:40.780+0000] {logging_mixin.py:188} INFO - [2025-05-21T12:50:40.780+0000] {dag.py:3096} INFO - Sync 1 DAGs
[2025-05-21T12:50:40.791+0000] {logging_mixin.py:188} INFO - [2025-05-21T12:50:40.791+0000] {dag.py:3954} INFO - Setting next_dagrun for tutorial to 2025-05-20 00:00:00+00:00, run_after=2025-05-21 00:00:00+00:00
[2025-05-21T12:50:40.801+0000] {processor.py:183} INFO - Processing /home/airflow/.local/lib/python3.12/site-packages/airflow/example_dags/tutorial.py took 0.066 seconds
[2025-05-21T12:51:11.541+0000] {processor.py:161} INFO - Started process (PID=1321) to work on /home/airflow/.local/lib/python3.12/site-packages/airflow/example_dags/tutorial.py
[2025-05-21T12:51:11.542+0000] {processor.py:830} INFO - Processing file /home/airflow/.local/lib/python3.12/site-packages/airflow/example_dags/tutorial.py for tasks to queue
[2025-05-21T12:51:11.543+0000] {logging_mixin.py:188} INFO - [2025-05-21T12:51:11.543+0000] {dagbag.py:545} INFO - Filling up the DagBag from /home/airflow/.local/lib/python3.12/site-packages/airflow/example_dags/tutorial.py
[2025-05-21T12:51:11.546+0000] {processor.py:840} INFO - DAG(s) 'tutorial' retrieved from /home/airflow/.local/lib/python3.12/site-packages/airflow/example_dags/tutorial.py
[2025-05-21T12:51:11.556+0000] {logging_mixin.py:188} INFO - [2025-05-21T12:51:11.556+0000] {dag.py:3096} INFO - Sync 1 DAGs
[2025-05-21T12:51:11.566+0000] {logging_mixin.py:188} INFO - [2025-05-21T12:51:11.566+0000] {dag.py:3954} INFO - Setting next_dagrun for tutorial to 2025-05-20 00:00:00+00:00, run_after=2025-05-21 00:00:00+00:00
[2025-05-21T12:51:11.575+0000] {processor.py:183} INFO - Processing /home/airflow/.local/lib/python3.12/site-packages/airflow/example_dags/tutorial.py took 0.036 seconds
[2025-05-21T12:51:41.685+0000] {processor.py:161} INFO - Started process (PID=1381) to work on /home/airflow/.local/lib/python3.12/site-packages/airflow/example_dags/tutorial.py
[2025-05-21T12:51:41.686+0000] {processor.py:830} INFO - Processing file /home/airflow/.local/lib/python3.12/site-packages/airflow/example_dags/tutorial.py for tasks to queue
[2025-05-21T12:51:41.687+0000] {logging_mixin.py:188} INFO - [2025-05-21T12:51:41.687+0000] {dagbag.py:545} INFO - Filling up the DagBag from /home/airflow/.local/lib/python3.12/site-packages/airflow/example_dags/tutorial.py
[2025-05-21T12:51:41.690+0000] {processor.py:840} INFO - DAG(s) 'tutorial' retrieved from /home/airflow/.local/lib/python3.12/site-packages/airflow/example_dags/tutorial.py
[2025-05-21T12:51:41.701+0000] {logging_mixin.py:188} INFO - [2025-05-21T12:51:41.701+0000] {dag.py:3096} INFO - Sync 1 DAGs
[2025-05-21T12:51:41.711+0000] {logging_mixin.py:188} INFO - [2025-05-21T12:51:41.711+0000] {dag.py:3954} INFO - Setting next_dagrun for tutorial to 2025-05-20 00:00:00+00:00, run_after=2025-05-21 00:00:00+00:00
[2025-05-21T12:51:41.720+0000] {processor.py:183} INFO - Processing /home/airflow/.local/lib/python3.12/site-packages/airflow/example_dags/tutorial.py took 0.038 seconds
[2025-05-21T12:52:12.521+0000] {processor.py:161} INFO - Started process (PID=1441) to work on /home/airflow/.local/lib/python3.12/site-packages/airflow/example_dags/tutorial.py
[2025-05-21T12:52:12.523+0000] {processor.py:830} INFO - Processing file /home/airflow/.local/lib/python3.12/site-packages/airflow/example_dags/tutorial.py for tasks to queue
[2025-05-21T12:52:12.525+0000] {logging_mixin.py:188} INFO - [2025-05-21T12:52:12.524+0000] {dagbag.py:545} INFO - Filling up the DagBag from /home/airflow/.local/lib/python3.12/site-packages/airflow/example_dags/tutorial.py
[2025-05-21T12:52:12.529+0000] {processor.py:840} INFO - DAG(s) 'tutorial' retrieved from /home/airflow/.local/lib/python3.12/site-packages/airflow/example_dags/tutorial.py
[2025-05-21T12:52:12.540+0000] {logging_mixin.py:188} INFO - [2025-05-21T12:52:12.540+0000] {dag.py:3096} INFO - Sync 1 DAGs
[2025-05-21T12:52:12.550+0000] {logging_mixin.py:188} INFO - [2025-05-21T12:52:12.550+0000] {dag.py:3954} INFO - Setting next_dagrun for tutorial to 2025-05-20 00:00:00+00:00, run_after=2025-05-21 00:00:00+00:00
[2025-05-21T12:52:12.562+0000] {processor.py:183} INFO - Processing /home/airflow/.local/lib/python3.12/site-packages/airflow/example_dags/tutorial.py took 0.045 seconds
[2025-05-21T12:52:43.602+0000] {processor.py:161} INFO - Started process (PID=1501) to work on /home/airflow/.local/lib/python3.12/site-packages/airflow/example_dags/tutorial.py
[2025-05-21T12:52:43.604+0000] {processor.py:830} INFO - Processing file /home/airflow/.local/lib/python3.12/site-packages/airflow/example_dags/tutorial.py for tasks to queue
[2025-05-21T12:52:43.606+0000] {logging_mixin.py:188} INFO - [2025-05-21T12:52:43.606+0000] {dagbag.py:545} INFO - Filling up the DagBag from /home/airflow/.local/lib/python3.12/site-packages/airflow/example_dags/tutorial.py
[2025-05-21T12:52:43.610+0000] {processor.py:840} INFO - DAG(s) 'tutorial' retrieved from /home/airflow/.local/lib/python3.12/site-packages/airflow/example_dags/tutorial.py
[2025-05-21T12:52:43.622+0000] {logging_mixin.py:188} INFO - [2025-05-21T12:52:43.622+0000] {dag.py:3096} INFO - Sync 1 DAGs
[2025-05-21T12:52:43.635+0000] {logging_mixin.py:188} INFO - [2025-05-21T12:52:43.635+0000] {dag.py:3954} INFO - Setting next_dagrun for tutorial to 2025-05-20 00:00:00+00:00, run_after=2025-05-21 00:00:00+00:00
[2025-05-21T12:52:43.647+0000] {processor.py:183} INFO - Processing /home/airflow/.local/lib/python3.12/site-packages/airflow/example_dags/tutorial.py took 0.049 seconds
[2025-05-21T12:53:14.332+0000] {processor.py:161} INFO - Started process (PID=1561) to work on /home/airflow/.local/lib/python3.12/site-packages/airflow/example_dags/tutorial.py
[2025-05-21T12:53:14.332+0000] {processor.py:830} INFO - Processing file /home/airflow/.local/lib/python3.12/site-packages/airflow/example_dags/tutorial.py for tasks to queue
[2025-05-21T12:53:14.333+0000] {logging_mixin.py:188} INFO - [2025-05-21T12:53:14.333+0000] {dagbag.py:545} INFO - Filling up the DagBag from /home/airflow/.local/lib/python3.12/site-packages/airflow/example_dags/tutorial.py
[2025-05-21T12:53:14.336+0000] {processor.py:840} INFO - DAG(s) 'tutorial' retrieved from /home/airflow/.local/lib/python3.12/site-packages/airflow/example_dags/tutorial.py
[2025-05-21T12:53:14.345+0000] {logging_mixin.py:188} INFO - [2025-05-21T12:53:14.345+0000] {dag.py:3096} INFO - Sync 1 DAGs
[2025-05-21T12:53:14.354+0000] {logging_mixin.py:188} INFO - [2025-05-21T12:53:14.354+0000] {dag.py:3954} INFO - Setting next_dagrun for tutorial to 2025-05-20 00:00:00+00:00, run_after=2025-05-21 00:00:00+00:00
[2025-05-21T12:53:14.362+0000] {processor.py:183} INFO - Processing /home/airflow/.local/lib/python3.12/site-packages/airflow/example_dags/tutorial.py took 0.033 seconds
[2025-05-21T12:53:44.862+0000] {processor.py:161} INFO - Started process (PID=1621) to work on /home/airflow/.local/lib/python3.12/site-packages/airflow/example_dags/tutorial.py
[2025-05-21T12:53:44.863+0000] {processor.py:830} INFO - Processing file /home/airflow/.local/lib/python3.12/site-packages/airflow/example_dags/tutorial.py for tasks to queue
[2025-05-21T12:53:44.863+0000] {logging_mixin.py:188} INFO - [2025-05-21T12:53:44.863+0000] {dagbag.py:545} INFO - Filling up the DagBag from /home/airflow/.local/lib/python3.12/site-packages/airflow/example_dags/tutorial.py
[2025-05-21T12:53:44.866+0000] {processor.py:840} INFO - DAG(s) 'tutorial' retrieved from /home/airflow/.local/lib/python3.12/site-packages/airflow/example_dags/tutorial.py
[2025-05-21T12:53:44.875+0000] {logging_mixin.py:188} INFO - [2025-05-21T12:53:44.875+0000] {dag.py:3096} INFO - Sync 1 DAGs
[2025-05-21T12:53:44.884+0000] {logging_mixin.py:188} INFO - [2025-05-21T12:53:44.884+0000] {dag.py:3954} INFO - Setting next_dagrun for tutorial to 2025-05-20 00:00:00+00:00, run_after=2025-05-21 00:00:00+00:00
[2025-05-21T12:53:44.891+0000] {processor.py:183} INFO - Processing /home/airflow/.local/lib/python3.12/site-packages/airflow/example_dags/tutorial.py took 0.032 seconds
[2025-05-21T12:54:15.962+0000] {processor.py:161} INFO - Started process (PID=1681) to work on /home/airflow/.local/lib/python3.12/site-packages/airflow/example_dags/tutorial.py
[2025-05-21T12:54:15.964+0000] {processor.py:830} INFO - Processing file /home/airflow/.local/lib/python3.12/site-packages/airflow/example_dags/tutorial.py for tasks to queue
[2025-05-21T12:54:15.965+0000] {logging_mixin.py:188} INFO - [2025-05-21T12:54:15.965+0000] {dagbag.py:545} INFO - Filling up the DagBag from /home/airflow/.local/lib/python3.12/site-packages/airflow/example_dags/tutorial.py
[2025-05-21T12:54:15.969+0000] {processor.py:840} INFO - DAG(s) 'tutorial' retrieved from /home/airflow/.local/lib/python3.12/site-packages/airflow/example_dags/tutorial.py
[2025-05-21T12:54:15.984+0000] {logging_mixin.py:188} INFO - [2025-05-21T12:54:15.984+0000] {dag.py:3096} INFO - Sync 1 DAGs
[2025-05-21T12:54:15.996+0000] {logging_mixin.py:188} INFO - [2025-05-21T12:54:15.995+0000] {dag.py:3954} INFO - Setting next_dagrun for tutorial to 2025-05-20 00:00:00+00:00, run_after=2025-05-21 00:00:00+00:00
[2025-05-21T12:54:16.010+0000] {processor.py:183} INFO - Processing /home/airflow/.local/lib/python3.12/site-packages/airflow/example_dags/tutorial.py took 0.053 seconds
[2025-05-21T12:54:46.608+0000] {processor.py:161} INFO - Started process (PID=1742) to work on /home/airflow/.local/lib/python3.12/site-packages/airflow/example_dags/tutorial.py
[2025-05-21T12:54:46.610+0000] {processor.py:830} INFO - Processing file /home/airflow/.local/lib/python3.12/site-packages/airflow/example_dags/tutorial.py for tasks to queue
[2025-05-21T12:54:46.611+0000] {logging_mixin.py:188} INFO - [2025-05-21T12:54:46.611+0000] {dagbag.py:545} INFO - Filling up the DagBag from /home/airflow/.local/lib/python3.12/site-packages/airflow/example_dags/tutorial.py
[2025-05-21T12:54:46.614+0000] {processor.py:840} INFO - DAG(s) 'tutorial' retrieved from /home/airflow/.local/lib/python3.12/site-packages/airflow/example_dags/tutorial.py
[2025-05-21T12:54:46.631+0000] {logging_mixin.py:188} INFO - [2025-05-21T12:54:46.631+0000] {dag.py:3096} INFO - Sync 1 DAGs
[2025-05-21T12:54:46.644+0000] {logging_mixin.py:188} INFO - [2025-05-21T12:54:46.644+0000] {dag.py:3954} INFO - Setting next_dagrun for tutorial to 2025-05-20 00:00:00+00:00, run_after=2025-05-21 00:00:00+00:00
[2025-05-21T12:54:46.662+0000] {processor.py:183} INFO - Processing /home/airflow/.local/lib/python3.12/site-packages/airflow/example_dags/tutorial.py took 0.057 seconds
[2025-05-21T12:55:17.308+0000] {processor.py:161} INFO - Started process (PID=1802) to work on /home/airflow/.local/lib/python3.12/site-packages/airflow/example_dags/tutorial.py
[2025-05-21T12:55:17.309+0000] {processor.py:830} INFO - Processing file /home/airflow/.local/lib/python3.12/site-packages/airflow/example_dags/tutorial.py for tasks to queue
[2025-05-21T12:55:17.309+0000] {logging_mixin.py:188} INFO - [2025-05-21T12:55:17.309+0000] {dagbag.py:545} INFO - Filling up the DagBag from /home/airflow/.local/lib/python3.12/site-packages/airflow/example_dags/tutorial.py
[2025-05-21T12:55:17.316+0000] {processor.py:840} INFO - DAG(s) 'tutorial' retrieved from /home/airflow/.local/lib/python3.12/site-packages/airflow/example_dags/tutorial.py
[2025-05-21T12:55:17.331+0000] {logging_mixin.py:188} INFO - [2025-05-21T12:55:17.331+0000] {dag.py:3096} INFO - Sync 1 DAGs
[2025-05-21T12:55:17.343+0000] {logging_mixin.py:188} INFO - [2025-05-21T12:55:17.343+0000] {dag.py:3954} INFO - Setting next_dagrun for tutorial to 2025-05-20 00:00:00+00:00, run_after=2025-05-21 00:00:00+00:00
[2025-05-21T12:55:17.358+0000] {processor.py:183} INFO - Processing /home/airflow/.local/lib/python3.12/site-packages/airflow/example_dags/tutorial.py took 0.054 seconds
[2025-05-21T12:55:47.836+0000] {processor.py:161} INFO - Started process (PID=1862) to work on /home/airflow/.local/lib/python3.12/site-packages/airflow/example_dags/tutorial.py
[2025-05-21T12:55:47.838+0000] {processor.py:830} INFO - Processing file /home/airflow/.local/lib/python3.12/site-packages/airflow/example_dags/tutorial.py for tasks to queue
[2025-05-21T12:55:47.839+0000] {logging_mixin.py:188} INFO - [2025-05-21T12:55:47.839+0000] {dagbag.py:545} INFO - Filling up the DagBag from /home/airflow/.local/lib/python3.12/site-packages/airflow/example_dags/tutorial.py
[2025-05-21T12:55:47.843+0000] {processor.py:840} INFO - DAG(s) 'tutorial' retrieved from /home/airflow/.local/lib/python3.12/site-packages/airflow/example_dags/tutorial.py
[2025-05-21T12:55:47.854+0000] {logging_mixin.py:188} INFO - [2025-05-21T12:55:47.854+0000] {dag.py:3096} INFO - Sync 1 DAGs
[2025-05-21T12:55:47.951+0000] {logging_mixin.py:188} INFO - [2025-05-21T12:55:47.950+0000] {dag.py:3954} INFO - Setting next_dagrun for tutorial to 2025-05-20 00:00:00+00:00, run_after=2025-05-21 00:00:00+00:00
[2025-05-21T12:55:47.959+0000] {processor.py:183} INFO - Processing /home/airflow/.local/lib/python3.12/site-packages/airflow/example_dags/tutorial.py took 0.127 seconds
[2025-05-21T12:56:18.447+0000] {processor.py:161} INFO - Started process (PID=1922) to work on /home/airflow/.local/lib/python3.12/site-packages/airflow/example_dags/tutorial.py
[2025-05-21T12:56:18.447+0000] {processor.py:830} INFO - Processing file /home/airflow/.local/lib/python3.12/site-packages/airflow/example_dags/tutorial.py for tasks to queue
[2025-05-21T12:56:18.448+0000] {logging_mixin.py:188} INFO - [2025-05-21T12:56:18.448+0000] {dagbag.py:545} INFO - Filling up the DagBag from /home/airflow/.local/lib/python3.12/site-packages/airflow/example_dags/tutorial.py
[2025-05-21T12:56:18.451+0000] {processor.py:840} INFO - DAG(s) 'tutorial' retrieved from /home/airflow/.local/lib/python3.12/site-packages/airflow/example_dags/tutorial.py
[2025-05-21T12:56:18.468+0000] {logging_mixin.py:188} INFO - [2025-05-21T12:56:18.468+0000] {dag.py:3096} INFO - Sync 1 DAGs
[2025-05-21T12:56:18.585+0000] {logging_mixin.py:188} INFO - [2025-05-21T12:56:18.585+0000] {dag.py:3954} INFO - Setting next_dagrun for tutorial to 2025-05-20 00:00:00+00:00, run_after=2025-05-21 00:00:00+00:00
[2025-05-21T12:56:18.594+0000] {processor.py:183} INFO - Processing /home/airflow/.local/lib/python3.12/site-packages/airflow/example_dags/tutorial.py took 0.151 seconds
[2025-05-21T12:56:49.150+0000] {processor.py:161} INFO - Started process (PID=1982) to work on /home/airflow/.local/lib/python3.12/site-packages/airflow/example_dags/tutorial.py
[2025-05-21T12:56:49.152+0000] {processor.py:830} INFO - Processing file /home/airflow/.local/lib/python3.12/site-packages/airflow/example_dags/tutorial.py for tasks to queue
[2025-05-21T12:56:49.153+0000] {logging_mixin.py:188} INFO - [2025-05-21T12:56:49.153+0000] {dagbag.py:545} INFO - Filling up the DagBag from /home/airflow/.local/lib/python3.12/site-packages/airflow/example_dags/tutorial.py
[2025-05-21T12:56:49.156+0000] {processor.py:840} INFO - DAG(s) 'tutorial' retrieved from /home/airflow/.local/lib/python3.12/site-packages/airflow/example_dags/tutorial.py
[2025-05-21T12:56:49.169+0000] {logging_mixin.py:188} INFO - [2025-05-21T12:56:49.169+0000] {dag.py:3096} INFO - Sync 1 DAGs
[2025-05-21T12:56:49.271+0000] {logging_mixin.py:188} INFO - [2025-05-21T12:56:49.271+0000] {dag.py:3954} INFO - Setting next_dagrun for tutorial to 2025-05-20 00:00:00+00:00, run_after=2025-05-21 00:00:00+00:00
[2025-05-21T12:56:49.281+0000] {processor.py:183} INFO - Processing /home/airflow/.local/lib/python3.12/site-packages/airflow/example_dags/tutorial.py took 0.133 seconds
[2025-05-21T12:57:19.568+0000] {processor.py:161} INFO - Started process (PID=2042) to work on /home/airflow/.local/lib/python3.12/site-packages/airflow/example_dags/tutorial.py
[2025-05-21T12:57:19.570+0000] {processor.py:830} INFO - Processing file /home/airflow/.local/lib/python3.12/site-packages/airflow/example_dags/tutorial.py for tasks to queue
[2025-05-21T12:57:19.573+0000] {logging_mixin.py:188} INFO - [2025-05-21T12:57:19.572+0000] {dagbag.py:545} INFO - Filling up the DagBag from /home/airflow/.local/lib/python3.12/site-packages/airflow/example_dags/tutorial.py
[2025-05-21T12:57:19.576+0000] {processor.py:840} INFO - DAG(s) 'tutorial' retrieved from /home/airflow/.local/lib/python3.12/site-packages/airflow/example_dags/tutorial.py
[2025-05-21T12:57:19.593+0000] {logging_mixin.py:188} INFO - [2025-05-21T12:57:19.593+0000] {dag.py:3096} INFO - Sync 1 DAGs
[2025-05-21T12:57:19.607+0000] {logging_mixin.py:188} INFO - [2025-05-21T12:57:19.607+0000] {dag.py:3954} INFO - Setting next_dagrun for tutorial to 2025-05-20 00:00:00+00:00, run_after=2025-05-21 00:00:00+00:00
[2025-05-21T12:57:19.616+0000] {processor.py:183} INFO - Processing /home/airflow/.local/lib/python3.12/site-packages/airflow/example_dags/tutorial.py took 0.051 seconds
[2025-05-21T12:57:49.946+0000] {processor.py:161} INFO - Started process (PID=2102) to work on /home/airflow/.local/lib/python3.12/site-packages/airflow/example_dags/tutorial.py
[2025-05-21T12:57:49.946+0000] {processor.py:830} INFO - Processing file /home/airflow/.local/lib/python3.12/site-packages/airflow/example_dags/tutorial.py for tasks to queue
[2025-05-21T12:57:49.947+0000] {logging_mixin.py:188} INFO - [2025-05-21T12:57:49.947+0000] {dagbag.py:545} INFO - Filling up the DagBag from /home/airflow/.local/lib/python3.12/site-packages/airflow/example_dags/tutorial.py
[2025-05-21T12:57:49.950+0000] {processor.py:840} INFO - DAG(s) 'tutorial' retrieved from /home/airflow/.local/lib/python3.12/site-packages/airflow/example_dags/tutorial.py
[2025-05-21T12:57:49.964+0000] {logging_mixin.py:188} INFO - [2025-05-21T12:57:49.963+0000] {dag.py:3096} INFO - Sync 1 DAGs
[2025-05-21T12:57:49.975+0000] {logging_mixin.py:188} INFO - [2025-05-21T12:57:49.975+0000] {dag.py:3954} INFO - Setting next_dagrun for tutorial to 2025-05-20 00:00:00+00:00, run_after=2025-05-21 00:00:00+00:00
[2025-05-21T12:57:49.988+0000] {processor.py:183} INFO - Processing /home/airflow/.local/lib/python3.12/site-packages/airflow/example_dags/tutorial.py took 0.046 seconds
[2025-05-21T12:58:20.711+0000] {processor.py:161} INFO - Started process (PID=2162) to work on /home/airflow/.local/lib/python3.12/site-packages/airflow/example_dags/tutorial.py
[2025-05-21T12:58:20.712+0000] {processor.py:830} INFO - Processing file /home/airflow/.local/lib/python3.12/site-packages/airflow/example_dags/tutorial.py for tasks to queue
[2025-05-21T12:58:20.714+0000] {logging_mixin.py:188} INFO - [2025-05-21T12:58:20.714+0000] {dagbag.py:545} INFO - Filling up the DagBag from /home/airflow/.local/lib/python3.12/site-packages/airflow/example_dags/tutorial.py
[2025-05-21T12:58:20.717+0000] {processor.py:840} INFO - DAG(s) 'tutorial' retrieved from /home/airflow/.local/lib/python3.12/site-packages/airflow/example_dags/tutorial.py
[2025-05-21T12:58:20.734+0000] {logging_mixin.py:188} INFO - [2025-05-21T12:58:20.734+0000] {dag.py:3096} INFO - Sync 1 DAGs
[2025-05-21T12:58:20.751+0000] {logging_mixin.py:188} INFO - [2025-05-21T12:58:20.751+0000] {dag.py:3954} INFO - Setting next_dagrun for tutorial to 2025-05-20 00:00:00+00:00, run_after=2025-05-21 00:00:00+00:00
[2025-05-21T12:58:20.760+0000] {processor.py:183} INFO - Processing /home/airflow/.local/lib/python3.12/site-packages/airflow/example_dags/tutorial.py took 0.056 seconds
[2025-05-21T12:58:51.068+0000] {processor.py:161} INFO - Started process (PID=2222) to work on /home/airflow/.local/lib/python3.12/site-packages/airflow/example_dags/tutorial.py
[2025-05-21T12:58:51.068+0000] {processor.py:830} INFO - Processing file /home/airflow/.local/lib/python3.12/site-packages/airflow/example_dags/tutorial.py for tasks to queue
[2025-05-21T12:58:51.069+0000] {logging_mixin.py:188} INFO - [2025-05-21T12:58:51.069+0000] {dagbag.py:545} INFO - Filling up the DagBag from /home/airflow/.local/lib/python3.12/site-packages/airflow/example_dags/tutorial.py
[2025-05-21T12:58:51.072+0000] {processor.py:840} INFO - DAG(s) 'tutorial' retrieved from /home/airflow/.local/lib/python3.12/site-packages/airflow/example_dags/tutorial.py
[2025-05-21T12:58:51.081+0000] {logging_mixin.py:188} INFO - [2025-05-21T12:58:51.081+0000] {dag.py:3096} INFO - Sync 1 DAGs
[2025-05-21T12:58:51.090+0000] {logging_mixin.py:188} INFO - [2025-05-21T12:58:51.089+0000] {dag.py:3954} INFO - Setting next_dagrun for tutorial to 2025-05-20 00:00:00+00:00, run_after=2025-05-21 00:00:00+00:00
[2025-05-21T12:58:51.097+0000] {processor.py:183} INFO - Processing /home/airflow/.local/lib/python3.12/site-packages/airflow/example_dags/tutorial.py took 0.032 seconds
[2025-05-21T12:59:21.398+0000] {processor.py:161} INFO - Started process (PID=2282) to work on /home/airflow/.local/lib/python3.12/site-packages/airflow/example_dags/tutorial.py
[2025-05-21T12:59:21.399+0000] {processor.py:830} INFO - Processing file /home/airflow/.local/lib/python3.12/site-packages/airflow/example_dags/tutorial.py for tasks to queue
[2025-05-21T12:59:21.400+0000] {logging_mixin.py:188} INFO - [2025-05-21T12:59:21.400+0000] {dagbag.py:545} INFO - Filling up the DagBag from /home/airflow/.local/lib/python3.12/site-packages/airflow/example_dags/tutorial.py
[2025-05-21T12:59:21.403+0000] {processor.py:840} INFO - DAG(s) 'tutorial' retrieved from /home/airflow/.local/lib/python3.12/site-packages/airflow/example_dags/tutorial.py
[2025-05-21T12:59:21.413+0000] {logging_mixin.py:188} INFO - [2025-05-21T12:59:21.413+0000] {dag.py:3096} INFO - Sync 1 DAGs
[2025-05-21T12:59:21.424+0000] {logging_mixin.py:188} INFO - [2025-05-21T12:59:21.424+0000] {dag.py:3954} INFO - Setting next_dagrun for tutorial to 2025-05-20 00:00:00+00:00, run_after=2025-05-21 00:00:00+00:00
[2025-05-21T12:59:21.440+0000] {processor.py:183} INFO - Processing /home/airflow/.local/lib/python3.12/site-packages/airflow/example_dags/tutorial.py took 0.045 seconds
[2025-05-21T12:59:52.023+0000] {processor.py:161} INFO - Started process (PID=2342) to work on /home/airflow/.local/lib/python3.12/site-packages/airflow/example_dags/tutorial.py
[2025-05-21T12:59:52.024+0000] {processor.py:830} INFO - Processing file /home/airflow/.local/lib/python3.12/site-packages/airflow/example_dags/tutorial.py for tasks to queue
[2025-05-21T12:59:52.027+0000] {logging_mixin.py:188} INFO - [2025-05-21T12:59:52.027+0000] {dagbag.py:545} INFO - Filling up the DagBag from /home/airflow/.local/lib/python3.12/site-packages/airflow/example_dags/tutorial.py
[2025-05-21T12:59:52.030+0000] {processor.py:840} INFO - DAG(s) 'tutorial' retrieved from /home/airflow/.local/lib/python3.12/site-packages/airflow/example_dags/tutorial.py
[2025-05-21T12:59:52.047+0000] {logging_mixin.py:188} INFO - [2025-05-21T12:59:52.046+0000] {dag.py:3096} INFO - Sync 1 DAGs
[2025-05-21T12:59:52.058+0000] {logging_mixin.py:188} INFO - [2025-05-21T12:59:52.058+0000] {dag.py:3954} INFO - Setting next_dagrun for tutorial to 2025-05-20 00:00:00+00:00, run_after=2025-05-21 00:00:00+00:00
[2025-05-21T12:59:52.068+0000] {processor.py:183} INFO - Processing /home/airflow/.local/lib/python3.12/site-packages/airflow/example_dags/tutorial.py took 0.051 seconds
[2025-05-21T13:00:22.464+0000] {processor.py:161} INFO - Started process (PID=2403) to work on /home/airflow/.local/lib/python3.12/site-packages/airflow/example_dags/tutorial.py
[2025-05-21T13:00:22.466+0000] {processor.py:830} INFO - Processing file /home/airflow/.local/lib/python3.12/site-packages/airflow/example_dags/tutorial.py for tasks to queue
[2025-05-21T13:00:22.467+0000] {logging_mixin.py:188} INFO - [2025-05-21T13:00:22.467+0000] {dagbag.py:545} INFO - Filling up the DagBag from /home/airflow/.local/lib/python3.12/site-packages/airflow/example_dags/tutorial.py
[2025-05-21T13:00:22.470+0000] {processor.py:840} INFO - DAG(s) 'tutorial' retrieved from /home/airflow/.local/lib/python3.12/site-packages/airflow/example_dags/tutorial.py
[2025-05-21T13:00:22.484+0000] {logging_mixin.py:188} INFO - [2025-05-21T13:00:22.484+0000] {dag.py:3096} INFO - Sync 1 DAGs
[2025-05-21T13:00:22.496+0000] {logging_mixin.py:188} INFO - [2025-05-21T13:00:22.496+0000] {dag.py:3954} INFO - Setting next_dagrun for tutorial to 2025-05-20 00:00:00+00:00, run_after=2025-05-21 00:00:00+00:00
[2025-05-21T13:00:22.507+0000] {processor.py:183} INFO - Processing /home/airflow/.local/lib/python3.12/site-packages/airflow/example_dags/tutorial.py took 0.045 seconds
[2025-05-21T13:00:53.217+0000] {processor.py:161} INFO - Started process (PID=2463) to work on /home/airflow/.local/lib/python3.12/site-packages/airflow/example_dags/tutorial.py
[2025-05-21T13:00:53.217+0000] {processor.py:830} INFO - Processing file /home/airflow/.local/lib/python3.12/site-packages/airflow/example_dags/tutorial.py for tasks to queue
[2025-05-21T13:00:53.218+0000] {logging_mixin.py:188} INFO - [2025-05-21T13:00:53.218+0000] {dagbag.py:545} INFO - Filling up the DagBag from /home/airflow/.local/lib/python3.12/site-packages/airflow/example_dags/tutorial.py
[2025-05-21T13:00:53.221+0000] {processor.py:840} INFO - DAG(s) 'tutorial' retrieved from /home/airflow/.local/lib/python3.12/site-packages/airflow/example_dags/tutorial.py
[2025-05-21T13:00:53.230+0000] {logging_mixin.py:188} INFO - [2025-05-21T13:00:53.230+0000] {dag.py:3096} INFO - Sync 1 DAGs
[2025-05-21T13:00:53.239+0000] {logging_mixin.py:188} INFO - [2025-05-21T13:00:53.239+0000] {dag.py:3954} INFO - Setting next_dagrun for tutorial to 2025-05-20 00:00:00+00:00, run_after=2025-05-21 00:00:00+00:00
[2025-05-21T13:00:53.246+0000] {processor.py:183} INFO - Processing /home/airflow/.local/lib/python3.12/site-packages/airflow/example_dags/tutorial.py took 0.032 seconds
[2025-05-21T13:01:23.721+0000] {processor.py:161} INFO - Started process (PID=2523) to work on /home/airflow/.local/lib/python3.12/site-packages/airflow/example_dags/tutorial.py
[2025-05-21T13:01:23.722+0000] {processor.py:830} INFO - Processing file /home/airflow/.local/lib/python3.12/site-packages/airflow/example_dags/tutorial.py for tasks to queue
[2025-05-21T13:01:23.725+0000] {logging_mixin.py:188} INFO - [2025-05-21T13:01:23.725+0000] {dagbag.py:545} INFO - Filling up the DagBag from /home/airflow/.local/lib/python3.12/site-packages/airflow/example_dags/tutorial.py
[2025-05-21T13:01:23.730+0000] {processor.py:840} INFO - DAG(s) 'tutorial' retrieved from /home/airflow/.local/lib/python3.12/site-packages/airflow/example_dags/tutorial.py
[2025-05-21T13:01:23.752+0000] {logging_mixin.py:188} INFO - [2025-05-21T13:01:23.751+0000] {dag.py:3096} INFO - Sync 1 DAGs
[2025-05-21T13:01:23.766+0000] {logging_mixin.py:188} INFO - [2025-05-21T13:01:23.766+0000] {dag.py:3954} INFO - Setting next_dagrun for tutorial to 2025-05-20 00:00:00+00:00, run_after=2025-05-21 00:00:00+00:00
[2025-05-21T13:01:23.783+0000] {processor.py:183} INFO - Processing /home/airflow/.local/lib/python3.12/site-packages/airflow/example_dags/tutorial.py took 0.068 seconds
[2025-05-21T13:01:54.685+0000] {processor.py:161} INFO - Started process (PID=2583) to work on /home/airflow/.local/lib/python3.12/site-packages/airflow/example_dags/tutorial.py
[2025-05-21T13:01:54.686+0000] {processor.py:830} INFO - Processing file /home/airflow/.local/lib/python3.12/site-packages/airflow/example_dags/tutorial.py for tasks to queue
[2025-05-21T13:01:54.688+0000] {logging_mixin.py:188} INFO - [2025-05-21T13:01:54.688+0000] {dagbag.py:545} INFO - Filling up the DagBag from /home/airflow/.local/lib/python3.12/site-packages/airflow/example_dags/tutorial.py
[2025-05-21T13:01:54.693+0000] {processor.py:840} INFO - DAG(s) 'tutorial' retrieved from /home/airflow/.local/lib/python3.12/site-packages/airflow/example_dags/tutorial.py
[2025-05-21T13:01:54.708+0000] {logging_mixin.py:188} INFO - [2025-05-21T13:01:54.708+0000] {dag.py:3096} INFO - Sync 1 DAGs
[2025-05-21T13:01:54.725+0000] {logging_mixin.py:188} INFO - [2025-05-21T13:01:54.725+0000] {dag.py:3954} INFO - Setting next_dagrun for tutorial to 2025-05-20 00:00:00+00:00, run_after=2025-05-21 00:00:00+00:00
[2025-05-21T13:01:54.744+0000] {processor.py:183} INFO - Processing /home/airflow/.local/lib/python3.12/site-packages/airflow/example_dags/tutorial.py took 0.063 seconds
[2025-05-21T13:02:25.632+0000] {processor.py:161} INFO - Started process (PID=2643) to work on /home/airflow/.local/lib/python3.12/site-packages/airflow/example_dags/tutorial.py
[2025-05-21T13:02:25.633+0000] {processor.py:830} INFO - Processing file /home/airflow/.local/lib/python3.12/site-packages/airflow/example_dags/tutorial.py for tasks to queue
[2025-05-21T13:02:25.634+0000] {logging_mixin.py:188} INFO - [2025-05-21T13:02:25.634+0000] {dagbag.py:545} INFO - Filling up the DagBag from /home/airflow/.local/lib/python3.12/site-packages/airflow/example_dags/tutorial.py
[2025-05-21T13:02:25.637+0000] {processor.py:840} INFO - DAG(s) 'tutorial' retrieved from /home/airflow/.local/lib/python3.12/site-packages/airflow/example_dags/tutorial.py
[2025-05-21T13:02:25.650+0000] {logging_mixin.py:188} INFO - [2025-05-21T13:02:25.650+0000] {dag.py:3096} INFO - Sync 1 DAGs
[2025-05-21T13:02:25.660+0000] {logging_mixin.py:188} INFO - [2025-05-21T13:02:25.660+0000] {dag.py:3954} INFO - Setting next_dagrun for tutorial to 2025-05-20 00:00:00+00:00, run_after=2025-05-21 00:00:00+00:00
[2025-05-21T13:02:25.670+0000] {processor.py:183} INFO - Processing /home/airflow/.local/lib/python3.12/site-packages/airflow/example_dags/tutorial.py took 0.043 seconds
[2025-05-21T13:02:56.138+0000] {processor.py:161} INFO - Started process (PID=2702) to work on /home/airflow/.local/lib/python3.12/site-packages/airflow/example_dags/tutorial.py
[2025-05-21T13:02:56.139+0000] {processor.py:830} INFO - Processing file /home/airflow/.local/lib/python3.12/site-packages/airflow/example_dags/tutorial.py for tasks to queue
[2025-05-21T13:02:56.143+0000] {logging_mixin.py:188} INFO - [2025-05-21T13:02:56.143+0000] {dagbag.py:545} INFO - Filling up the DagBag from /home/airflow/.local/lib/python3.12/site-packages/airflow/example_dags/tutorial.py
[2025-05-21T13:02:56.147+0000] {processor.py:840} INFO - DAG(s) 'tutorial' retrieved from /home/airflow/.local/lib/python3.12/site-packages/airflow/example_dags/tutorial.py
[2025-05-21T13:02:56.160+0000] {logging_mixin.py:188} INFO - [2025-05-21T13:02:56.160+0000] {dag.py:3096} INFO - Sync 1 DAGs
[2025-05-21T13:02:56.173+0000] {logging_mixin.py:188} INFO - [2025-05-21T13:02:56.172+0000] {dag.py:3954} INFO - Setting next_dagrun for tutorial to 2025-05-20 00:00:00+00:00, run_after=2025-05-21 00:00:00+00:00
[2025-05-21T13:02:56.182+0000] {processor.py:183} INFO - Processing /home/airflow/.local/lib/python3.12/site-packages/airflow/example_dags/tutorial.py took 0.046 seconds
[2025-05-21T13:03:26.793+0000] {processor.py:161} INFO - Started process (PID=2762) to work on /home/airflow/.local/lib/python3.12/site-packages/airflow/example_dags/tutorial.py
[2025-05-21T13:03:26.795+0000] {processor.py:830} INFO - Processing file /home/airflow/.local/lib/python3.12/site-packages/airflow/example_dags/tutorial.py for tasks to queue
[2025-05-21T13:03:26.797+0000] {logging_mixin.py:188} INFO - [2025-05-21T13:03:26.797+0000] {dagbag.py:545} INFO - Filling up the DagBag from /home/airflow/.local/lib/python3.12/site-packages/airflow/example_dags/tutorial.py
[2025-05-21T13:03:26.801+0000] {processor.py:840} INFO - DAG(s) 'tutorial' retrieved from /home/airflow/.local/lib/python3.12/site-packages/airflow/example_dags/tutorial.py
[2025-05-21T13:03:26.814+0000] {logging_mixin.py:188} INFO - [2025-05-21T13:03:26.814+0000] {dag.py:3096} INFO - Sync 1 DAGs
[2025-05-21T13:03:26.826+0000] {logging_mixin.py:188} INFO - [2025-05-21T13:03:26.825+0000] {dag.py:3954} INFO - Setting next_dagrun for tutorial to 2025-05-20 00:00:00+00:00, run_after=2025-05-21 00:00:00+00:00
[2025-05-21T13:03:26.838+0000] {processor.py:183} INFO - Processing /home/airflow/.local/lib/python3.12/site-packages/airflow/example_dags/tutorial.py took 0.048 seconds
[2025-05-21T13:03:57.316+0000] {processor.py:161} INFO - Started process (PID=2822) to work on /home/airflow/.local/lib/python3.12/site-packages/airflow/example_dags/tutorial.py
[2025-05-21T13:03:57.318+0000] {processor.py:830} INFO - Processing file /home/airflow/.local/lib/python3.12/site-packages/airflow/example_dags/tutorial.py for tasks to queue
[2025-05-21T13:03:57.319+0000] {logging_mixin.py:188} INFO - [2025-05-21T13:03:57.319+0000] {dagbag.py:545} INFO - Filling up the DagBag from /home/airflow/.local/lib/python3.12/site-packages/airflow/example_dags/tutorial.py
[2025-05-21T13:03:57.323+0000] {processor.py:840} INFO - DAG(s) 'tutorial' retrieved from /home/airflow/.local/lib/python3.12/site-packages/airflow/example_dags/tutorial.py
[2025-05-21T13:03:57.352+0000] {logging_mixin.py:188} INFO - [2025-05-21T13:03:57.352+0000] {dag.py:3096} INFO - Sync 1 DAGs
[2025-05-21T13:03:57.367+0000] {logging_mixin.py:188} INFO - [2025-05-21T13:03:57.366+0000] {dag.py:3954} INFO - Setting next_dagrun for tutorial to 2025-05-20 00:00:00+00:00, run_after=2025-05-21 00:00:00+00:00
[2025-05-21T13:03:57.379+0000] {processor.py:183} INFO - Processing /home/airflow/.local/lib/python3.12/site-packages/airflow/example_dags/tutorial.py took 0.068 seconds
[2025-05-21T13:04:27.970+0000] {processor.py:161} INFO - Started process (PID=2882) to work on /home/airflow/.local/lib/python3.12/site-packages/airflow/example_dags/tutorial.py
[2025-05-21T13:04:27.971+0000] {processor.py:830} INFO - Processing file /home/airflow/.local/lib/python3.12/site-packages/airflow/example_dags/tutorial.py for tasks to queue
[2025-05-21T13:04:27.972+0000] {logging_mixin.py:188} INFO - [2025-05-21T13:04:27.971+0000] {dagbag.py:545} INFO - Filling up the DagBag from /home/airflow/.local/lib/python3.12/site-packages/airflow/example_dags/tutorial.py
[2025-05-21T13:04:27.975+0000] {processor.py:840} INFO - DAG(s) 'tutorial' retrieved from /home/airflow/.local/lib/python3.12/site-packages/airflow/example_dags/tutorial.py
[2025-05-21T13:04:27.984+0000] {logging_mixin.py:188} INFO - [2025-05-21T13:04:27.984+0000] {dag.py:3096} INFO - Sync 1 DAGs
[2025-05-21T13:04:27.994+0000] {logging_mixin.py:188} INFO - [2025-05-21T13:04:27.994+0000] {dag.py:3954} INFO - Setting next_dagrun for tutorial to 2025-05-20 00:00:00+00:00, run_after=2025-05-21 00:00:00+00:00
[2025-05-21T13:04:28.001+0000] {processor.py:183} INFO - Processing /home/airflow/.local/lib/python3.12/site-packages/airflow/example_dags/tutorial.py took 0.034 seconds
[2025-05-21T13:04:58.891+0000] {processor.py:161} INFO - Started process (PID=2942) to work on /home/airflow/.local/lib/python3.12/site-packages/airflow/example_dags/tutorial.py
[2025-05-21T13:04:58.892+0000] {processor.py:830} INFO - Processing file /home/airflow/.local/lib/python3.12/site-packages/airflow/example_dags/tutorial.py for tasks to queue
[2025-05-21T13:04:58.893+0000] {logging_mixin.py:188} INFO - [2025-05-21T13:04:58.893+0000] {dagbag.py:545} INFO - Filling up the DagBag from /home/airflow/.local/lib/python3.12/site-packages/airflow/example_dags/tutorial.py
[2025-05-21T13:04:58.896+0000] {processor.py:840} INFO - DAG(s) 'tutorial' retrieved from /home/airflow/.local/lib/python3.12/site-packages/airflow/example_dags/tutorial.py
[2025-05-21T13:04:58.910+0000] {logging_mixin.py:188} INFO - [2025-05-21T13:04:58.910+0000] {dag.py:3096} INFO - Sync 1 DAGs
[2025-05-21T13:04:58.924+0000] {logging_mixin.py:188} INFO - [2025-05-21T13:04:58.924+0000] {dag.py:3954} INFO - Setting next_dagrun for tutorial to 2025-05-20 00:00:00+00:00, run_after=2025-05-21 00:00:00+00:00
[2025-05-21T13:04:58.936+0000] {processor.py:183} INFO - Processing /home/airflow/.local/lib/python3.12/site-packages/airflow/example_dags/tutorial.py took 0.047 seconds
[2025-05-21T13:05:29.508+0000] {processor.py:161} INFO - Started process (PID=3002) to work on /home/airflow/.local/lib/python3.12/site-packages/airflow/example_dags/tutorial.py
[2025-05-21T13:05:29.508+0000] {processor.py:830} INFO - Processing file /home/airflow/.local/lib/python3.12/site-packages/airflow/example_dags/tutorial.py for tasks to queue
[2025-05-21T13:05:29.509+0000] {logging_mixin.py:188} INFO - [2025-05-21T13:05:29.509+0000] {dagbag.py:545} INFO - Filling up the DagBag from /home/airflow/.local/lib/python3.12/site-packages/airflow/example_dags/tutorial.py
[2025-05-21T13:05:29.512+0000] {processor.py:840} INFO - DAG(s) 'tutorial' retrieved from /home/airflow/.local/lib/python3.12/site-packages/airflow/example_dags/tutorial.py
[2025-05-21T13:05:29.521+0000] {logging_mixin.py:188} INFO - [2025-05-21T13:05:29.521+0000] {dag.py:3096} INFO - Sync 1 DAGs
[2025-05-21T13:05:29.530+0000] {logging_mixin.py:188} INFO - [2025-05-21T13:05:29.530+0000] {dag.py:3954} INFO - Setting next_dagrun for tutorial to 2025-05-20 00:00:00+00:00, run_after=2025-05-21 00:00:00+00:00
[2025-05-21T13:05:29.538+0000] {processor.py:183} INFO - Processing /home/airflow/.local/lib/python3.12/site-packages/airflow/example_dags/tutorial.py took 0.033 seconds
[2025-05-21T13:06:00.167+0000] {processor.py:161} INFO - Started process (PID=3062) to work on /home/airflow/.local/lib/python3.12/site-packages/airflow/example_dags/tutorial.py
[2025-05-21T13:06:00.168+0000] {processor.py:830} INFO - Processing file /home/airflow/.local/lib/python3.12/site-packages/airflow/example_dags/tutorial.py for tasks to queue
[2025-05-21T13:06:00.169+0000] {logging_mixin.py:188} INFO - [2025-05-21T13:06:00.169+0000] {dagbag.py:545} INFO - Filling up the DagBag from /home/airflow/.local/lib/python3.12/site-packages/airflow/example_dags/tutorial.py
[2025-05-21T13:06:00.172+0000] {processor.py:840} INFO - DAG(s) 'tutorial' retrieved from /home/airflow/.local/lib/python3.12/site-packages/airflow/example_dags/tutorial.py
[2025-05-21T13:06:00.186+0000] {logging_mixin.py:188} INFO - [2025-05-21T13:06:00.186+0000] {dag.py:3096} INFO - Sync 1 DAGs
[2025-05-21T13:06:00.200+0000] {logging_mixin.py:188} INFO - [2025-05-21T13:06:00.199+0000] {dag.py:3954} INFO - Setting next_dagrun for tutorial to 2025-05-20 00:00:00+00:00, run_after=2025-05-21 00:00:00+00:00
[2025-05-21T13:06:00.218+0000] {processor.py:183} INFO - Processing /home/airflow/.local/lib/python3.12/site-packages/airflow/example_dags/tutorial.py took 0.055 seconds
[2025-05-21T13:06:30.733+0000] {processor.py:161} INFO - Started process (PID=3122) to work on /home/airflow/.local/lib/python3.12/site-packages/airflow/example_dags/tutorial.py
[2025-05-21T13:06:30.733+0000] {processor.py:830} INFO - Processing file /home/airflow/.local/lib/python3.12/site-packages/airflow/example_dags/tutorial.py for tasks to queue
[2025-05-21T13:06:30.734+0000] {logging_mixin.py:188} INFO - [2025-05-21T13:06:30.734+0000] {dagbag.py:545} INFO - Filling up the DagBag from /home/airflow/.local/lib/python3.12/site-packages/airflow/example_dags/tutorial.py
[2025-05-21T13:06:30.737+0000] {processor.py:840} INFO - DAG(s) 'tutorial' retrieved from /home/airflow/.local/lib/python3.12/site-packages/airflow/example_dags/tutorial.py
[2025-05-21T13:06:30.748+0000] {logging_mixin.py:188} INFO - [2025-05-21T13:06:30.748+0000] {dag.py:3096} INFO - Sync 1 DAGs
[2025-05-21T13:06:30.760+0000] {logging_mixin.py:188} INFO - [2025-05-21T13:06:30.760+0000] {dag.py:3954} INFO - Setting next_dagrun for tutorial to 2025-05-20 00:00:00+00:00, run_after=2025-05-21 00:00:00+00:00
[2025-05-21T13:06:30.775+0000] {processor.py:183} INFO - Processing /home/airflow/.local/lib/python3.12/site-packages/airflow/example_dags/tutorial.py took 0.047 seconds
[2025-05-21T13:07:01.252+0000] {processor.py:161} INFO - Started process (PID=3182) to work on /home/airflow/.local/lib/python3.12/site-packages/airflow/example_dags/tutorial.py
[2025-05-21T13:07:01.253+0000] {processor.py:830} INFO - Processing file /home/airflow/.local/lib/python3.12/site-packages/airflow/example_dags/tutorial.py for tasks to queue
[2025-05-21T13:07:01.253+0000] {logging_mixin.py:188} INFO - [2025-05-21T13:07:01.253+0000] {dagbag.py:545} INFO - Filling up the DagBag from /home/airflow/.local/lib/python3.12/site-packages/airflow/example_dags/tutorial.py
[2025-05-21T13:07:01.258+0000] {processor.py:840} INFO - DAG(s) 'tutorial' retrieved from /home/airflow/.local/lib/python3.12/site-packages/airflow/example_dags/tutorial.py
[2025-05-21T13:07:01.268+0000] {logging_mixin.py:188} INFO - [2025-05-21T13:07:01.268+0000] {dag.py:3096} INFO - Sync 1 DAGs
[2025-05-21T13:07:01.280+0000] {logging_mixin.py:188} INFO - [2025-05-21T13:07:01.280+0000] {dag.py:3954} INFO - Setting next_dagrun for tutorial to 2025-05-20 00:00:00+00:00, run_after=2025-05-21 00:00:00+00:00
[2025-05-21T13:07:01.287+0000] {processor.py:183} INFO - Processing /home/airflow/.local/lib/python3.12/site-packages/airflow/example_dags/tutorial.py took 0.039 seconds
