[2025-04-23T14:31:42.642+0000] {local_task_job_runner.py:120} INFO - ::group::Pre task execution logs
[2025-04-23T14:31:42.660+0000] {taskinstance.py:2076} INFO - Dependencies all met for dep_context=non-requeueable deps ti=<TaskInstance: preprocessing_pipeline.run_preprocessing manual__2025-04-23T14:31:39.348273+00:00 [queued]>
[2025-04-23T14:31:42.666+0000] {taskinstance.py:2076} INFO - Dependencies all met for dep_context=requeueable deps ti=<TaskInstance: preprocessing_pipeline.run_preprocessing manual__2025-04-23T14:31:39.348273+00:00 [queued]>
[2025-04-23T14:31:42.667+0000] {taskinstance.py:2306} INFO - Starting attempt 1 of 1
[2025-04-23T14:31:42.677+0000] {taskinstance.py:2330} INFO - Executing <Task(PythonOperator): run_preprocessing> on 2025-04-23 14:31:39.348273+00:00
[2025-04-23T14:31:42.689+0000] {warnings.py:110} WARNING - /home/***/.local/lib/python3.12/site-packages/***/task/task_runner/standard_task_runner.py:61: DeprecationWarning: This process (pid=594) is multi-threaded, use of fork() may lead to deadlocks in the child.
  pid = os.fork()

[2025-04-23T14:31:42.692+0000] {standard_task_runner.py:63} INFO - Started process 596 to run task
[2025-04-23T14:31:42.692+0000] {standard_task_runner.py:90} INFO - Running: ['***', 'tasks', 'run', 'preprocessing_pipeline', 'run_preprocessing', 'manual__2025-04-23T14:31:39.348273+00:00', '--job-id', '14', '--raw', '--subdir', 'DAGS_FOLDER/dag_preprocessing.py', '--cfg-path', '/tmp/tmpg0059q3z']
[2025-04-23T14:31:42.694+0000] {standard_task_runner.py:91} INFO - Job 14: Subtask run_preprocessing
[2025-04-23T14:31:42.747+0000] {task_command.py:426} INFO - Running <TaskInstance: preprocessing_pipeline.run_preprocessing manual__2025-04-23T14:31:39.348273+00:00 [running]> on host 634df77ac05d
[2025-04-23T14:31:42.798+0000] {taskinstance.py:2648} INFO - Exporting env vars: AIRFLOW_CTX_DAG_OWNER='***' AIRFLOW_CTX_DAG_ID='preprocessing_pipeline' AIRFLOW_CTX_TASK_ID='run_preprocessing' AIRFLOW_CTX_EXECUTION_DATE='2025-04-23T14:31:39.348273+00:00' AIRFLOW_CTX_TRY_NUMBER='1' AIRFLOW_CTX_DAG_RUN_ID='manual__2025-04-23T14:31:39.348273+00:00'
[2025-04-23T14:31:42.799+0000] {taskinstance.py:430} INFO - ::endgroup::
[2025-04-23T14:31:42.799+0000] {dag_preprocessing.py:34} INFO - === INIZIO PREPROCESSAMENTO ===
[2025-04-23T14:31:42.799+0000] {dag_preprocessing.py:23} INFO - Download risorse NLTK...
[2025-04-23T14:31:43.001+0000] {dag_preprocessing.py:27} INFO - ✓ 'punkt' scaricato.
[2025-04-23T14:31:43.004+0000] {dag_preprocessing.py:27} INFO - ✓ 'stopwords' scaricato.
[2025-04-23T14:31:43.036+0000] {dag_preprocessing.py:27} INFO - ✓ 'wordnet' scaricato.
[2025-04-23T14:31:43.040+0000] {dag_preprocessing.py:44} ERROR - Errore caricamento CSV: [Errno 2] No such file or directory: '/opt/data/sentiment_data/raw/all-data.csv'
[2025-04-23T14:31:43.041+0000] {dag_preprocessing.py:82} ERROR - ✗ Errore nel task di preprocessing: [Errno 2] No such file or directory: '/opt/data/sentiment_data/raw/all-data.csv'
[2025-04-23T14:31:43.041+0000] {python.py:237} INFO - Done. Returned value was: None
[2025-04-23T14:31:43.041+0000] {taskinstance.py:441} INFO - ::group::Post task execution logs
[2025-04-23T14:31:43.050+0000] {taskinstance.py:1206} INFO - Marking task as SUCCESS. dag_id=preprocessing_pipeline, task_id=run_preprocessing, run_id=manual__2025-04-23T14:31:39.348273+00:00, execution_date=20250423T143139, start_date=20250423T143142, end_date=20250423T143143
[2025-04-23T14:31:43.083+0000] {local_task_job_runner.py:240} INFO - Task exited with return code 0
[2025-04-23T14:31:43.099+0000] {taskinstance.py:3498} INFO - 0 downstream tasks scheduled from follow-on schedule check
[2025-04-23T14:31:43.099+0000] {local_task_job_runner.py:222} INFO - ::endgroup::
