[2025-05-16T09:06:33.444+0000] {local_task_job_runner.py:120} INFO - ::group::Pre task execution logs
[2025-05-16T09:06:33.454+0000] {taskinstance.py:2076} INFO - Dependencies all met for dep_context=non-requeueable deps ti=<TaskInstance: preprocessing_pipeline.run_preprocessing manual__2025-05-16T09:06:30.218644+00:00 [queued]>
[2025-05-16T09:06:33.457+0000] {taskinstance.py:2076} INFO - Dependencies all met for dep_context=requeueable deps ti=<TaskInstance: preprocessing_pipeline.run_preprocessing manual__2025-05-16T09:06:30.218644+00:00 [queued]>
[2025-05-16T09:06:33.457+0000] {taskinstance.py:2306} INFO - Starting attempt 1 of 1
[2025-05-16T09:06:33.462+0000] {taskinstance.py:2330} INFO - Executing <Task(PythonOperator): run_preprocessing> on 2025-05-16 09:06:30.218644+00:00
[2025-05-16T09:06:33.468+0000] {warnings.py:110} WARNING - /home/airflow/.local/lib/python3.12/site-packages/airflow/task/task_runner/standard_task_runner.py:61: DeprecationWarning: This process (pid=127) is multi-threaded, use of fork() may lead to deadlocks in the child.
  pid = os.fork()

[2025-05-16T09:06:33.469+0000] {standard_task_runner.py:63} INFO - Started process 129 to run task
[2025-05-16T09:06:33.469+0000] {standard_task_runner.py:90} INFO - Running: ['airflow', 'tasks', 'run', 'preprocessing_pipeline', 'run_preprocessing', 'manual__2025-05-16T09:06:30.218644+00:00', '--job-id', '3', '--raw', '--subdir', 'DAGS_FOLDER/dag_preprocessing.py', '--cfg-path', '/tmp/tmp87i4yvvp']
[2025-05-16T09:06:33.470+0000] {standard_task_runner.py:91} INFO - Job 3: Subtask run_preprocessing
[2025-05-16T09:06:33.492+0000] {task_command.py:426} INFO - Running <TaskInstance: preprocessing_pipeline.run_preprocessing manual__2025-05-16T09:06:30.218644+00:00 [running]> on host 515bdd9fc951
[2025-05-16T09:06:33.536+0000] {taskinstance.py:2648} INFO - Exporting env vars: AIRFLOW_CTX_DAG_OWNER='airflow' AIRFLOW_CTX_DAG_ID='preprocessing_pipeline' AIRFLOW_CTX_TASK_ID='run_preprocessing' AIRFLOW_CTX_EXECUTION_DATE='2025-05-16T09:06:30.218644+00:00' AIRFLOW_CTX_TRY_NUMBER='1' AIRFLOW_CTX_DAG_RUN_ID='manual__2025-05-16T09:06:30.218644+00:00'
[2025-05-16T09:06:33.536+0000] {taskinstance.py:430} INFO - ::endgroup::
[2025-05-16T09:06:33.537+0000] {dag_preprocessing.py:34} INFO - === INIZIO PREPROCESSAMENTO ===
[2025-05-16T09:06:33.537+0000] {dag_preprocessing.py:23} INFO - Download risorse NLTK...
[2025-05-16T09:06:37.777+0000] {dag_preprocessing.py:27} INFO - ✓ 'punkt' scaricato.
[2025-05-16T09:06:38.171+0000] {dag_preprocessing.py:27} INFO - ✓ 'stopwords' scaricato.
[2025-05-16T09:06:42.960+0000] {dag_preprocessing.py:27} INFO - ✓ 'wordnet' scaricato.
[2025-05-16T09:06:43.031+0000] {dag_preprocessing.py:42} INFO - Caricato file: /opt/airflow/***/sentiment_data/raw/all-data.csv | Righe: 4846
[2025-05-16T09:06:47.067+0000] {dag_preprocessing.py:71} INFO - ✓ Preprocessamento completato. File salvato: /opt/airflow/***/sentiment_data/processed/preprocessed_data.csvRighe: 4816
[2025-05-16T09:06:47.069+0000] {dag_preprocessing.py:80} INFO - ✓ Task completato con successo.
[2025-05-16T09:06:47.070+0000] {python.py:237} INFO - Done. Returned value was: None
[2025-05-16T09:06:47.070+0000] {taskinstance.py:441} INFO - ::group::Post task execution logs
[2025-05-16T09:06:47.081+0000] {taskinstance.py:1206} INFO - Marking task as SUCCESS. dag_id=preprocessing_pipeline, task_id=run_preprocessing, run_id=manual__2025-05-16T09:06:30.218644+00:00, execution_date=20250516T090630, start_date=20250516T090633, end_date=20250516T090647
[2025-05-16T09:06:47.138+0000] {local_task_job_runner.py:240} INFO - Task exited with return code 0
[2025-05-16T09:06:47.166+0000] {taskinstance.py:3498} INFO - 0 downstream tasks scheduled from follow-on schedule check
[2025-05-16T09:06:47.167+0000] {local_task_job_runner.py:222} INFO - ::endgroup::
