[2025-04-23T14:20:42.890+0000] {local_task_job_runner.py:120} INFO - ::group::Pre task execution logs
[2025-04-23T14:20:42.909+0000] {taskinstance.py:2076} INFO - Dependencies all met for dep_context=non-requeueable deps ti=<TaskInstance: preprocessing_pipeline.run_preprocessing manual__2025-04-23T14:20:40.091801+00:00 [queued]>
[2025-04-23T14:20:42.915+0000] {taskinstance.py:2076} INFO - Dependencies all met for dep_context=requeueable deps ti=<TaskInstance: preprocessing_pipeline.run_preprocessing manual__2025-04-23T14:20:40.091801+00:00 [queued]>
[2025-04-23T14:20:42.916+0000] {taskinstance.py:2306} INFO - Starting attempt 1 of 1
[2025-04-23T14:20:42.937+0000] {taskinstance.py:2330} INFO - Executing <Task(PythonOperator): run_preprocessing> on 2025-04-23 14:20:40.091801+00:00
[2025-04-23T14:20:42.952+0000] {warnings.py:110} WARNING - /home/***/.local/lib/python3.12/site-packages/***/task/task_runner/standard_task_runner.py:61: DeprecationWarning: This process (pid=456) is multi-threaded, use of fork() may lead to deadlocks in the child.
  pid = os.fork()

[2025-04-23T14:20:42.954+0000] {standard_task_runner.py:63} INFO - Started process 458 to run task
[2025-04-23T14:20:42.953+0000] {standard_task_runner.py:90} INFO - Running: ['***', 'tasks', 'run', 'preprocessing_pipeline', 'run_preprocessing', 'manual__2025-04-23T14:20:40.091801+00:00', '--job-id', '10', '--raw', '--subdir', 'DAGS_FOLDER/dag_preprocessing.py', '--cfg-path', '/tmp/tmp7sos2f0o']
[2025-04-23T14:20:42.954+0000] {standard_task_runner.py:91} INFO - Job 10: Subtask run_preprocessing
[2025-04-23T14:20:43.015+0000] {task_command.py:426} INFO - Running <TaskInstance: preprocessing_pipeline.run_preprocessing manual__2025-04-23T14:20:40.091801+00:00 [running]> on host 634df77ac05d
[2025-04-23T14:20:43.074+0000] {taskinstance.py:2648} INFO - Exporting env vars: AIRFLOW_CTX_DAG_OWNER='***' AIRFLOW_CTX_DAG_ID='preprocessing_pipeline' AIRFLOW_CTX_TASK_ID='run_preprocessing' AIRFLOW_CTX_EXECUTION_DATE='2025-04-23T14:20:40.091801+00:00' AIRFLOW_CTX_TRY_NUMBER='1' AIRFLOW_CTX_DAG_RUN_ID='manual__2025-04-23T14:20:40.091801+00:00'
[2025-04-23T14:20:43.075+0000] {taskinstance.py:430} INFO - ::endgroup::
[2025-04-23T14:20:43.076+0000] {dag_preprocessing.py:34} INFO - === INIZIO PREPROCESSAMENTO ===
[2025-04-23T14:20:43.076+0000] {dag_preprocessing.py:23} INFO - Download risorse NLTK...
[2025-04-23T14:20:43.305+0000] {dag_preprocessing.py:27} INFO - ✓ 'punkt' scaricato.
[2025-04-23T14:20:43.308+0000] {dag_preprocessing.py:27} INFO - ✓ 'stopwords' scaricato.
[2025-04-23T14:20:43.345+0000] {dag_preprocessing.py:27} INFO - ✓ 'wordnet' scaricato.
[2025-04-23T14:20:43.392+0000] {dag_preprocessing.py:42} INFO - Caricato file: /opt/***/sentiment_data/raw/all-data.csv | Righe: 4846
[2025-04-23T14:20:48.128+0000] {dag_preprocessing.py:71} INFO - ✓ Preprocessamento completato. File salvato: /opt/***/sentiment_data/processed/preprocessed_data.csv
[2025-04-23T14:20:48.130+0000] {dag_preprocessing.py:80} INFO - ✓ Task completato con successo.
[2025-04-23T14:20:48.131+0000] {python.py:237} INFO - Done. Returned value was: None
[2025-04-23T14:20:48.131+0000] {taskinstance.py:441} INFO - ::group::Post task execution logs
[2025-04-23T14:20:48.146+0000] {taskinstance.py:1206} INFO - Marking task as SUCCESS. dag_id=preprocessing_pipeline, task_id=run_preprocessing, run_id=manual__2025-04-23T14:20:40.091801+00:00, execution_date=20250423T142040, start_date=20250423T142042, end_date=20250423T142048
[2025-04-23T14:20:48.204+0000] {local_task_job_runner.py:240} INFO - Task exited with return code 0
[2025-04-23T14:20:48.227+0000] {taskinstance.py:3498} INFO - 0 downstream tasks scheduled from follow-on schedule check
[2025-04-23T14:20:48.228+0000] {local_task_job_runner.py:222} INFO - ::endgroup::
