[2025-04-23T16:59:32.279+0000] {local_task_job_runner.py:120} INFO - ::group::Pre task execution logs
[2025-04-23T16:59:32.289+0000] {taskinstance.py:2076} INFO - Dependencies all met for dep_context=non-requeueable deps ti=<TaskInstance: preprocessing_pipeline.run_preprocessing manual__2025-04-23T16:59:30.026579+00:00 [queued]>
[2025-04-23T16:59:32.292+0000] {taskinstance.py:2076} INFO - Dependencies all met for dep_context=requeueable deps ti=<TaskInstance: preprocessing_pipeline.run_preprocessing manual__2025-04-23T16:59:30.026579+00:00 [queued]>
[2025-04-23T16:59:32.292+0000] {taskinstance.py:2306} INFO - Starting attempt 1 of 1
[2025-04-23T16:59:32.297+0000] {taskinstance.py:2330} INFO - Executing <Task(PythonOperator): run_preprocessing> on 2025-04-23 16:59:30.026579+00:00
[2025-04-23T16:59:32.303+0000] {warnings.py:110} WARNING - /home/airflow/.local/lib/python3.12/site-packages/airflow/task/task_runner/standard_task_runner.py:61: DeprecationWarning: This process (pid=151) is multi-threaded, use of fork() may lead to deadlocks in the child.
  pid = os.fork()

[2025-04-23T16:59:32.304+0000] {standard_task_runner.py:63} INFO - Started process 153 to run task
[2025-04-23T16:59:32.304+0000] {standard_task_runner.py:90} INFO - Running: ['airflow', 'tasks', 'run', 'preprocessing_pipeline', 'run_preprocessing', 'manual__2025-04-23T16:59:30.026579+00:00', '--job-id', '8', '--raw', '--subdir', 'DAGS_FOLDER/dag_preprocessing.py', '--cfg-path', '/tmp/tmpe7cemghh']
[2025-04-23T16:59:32.305+0000] {standard_task_runner.py:91} INFO - Job 8: Subtask run_preprocessing
[2025-04-23T16:59:32.327+0000] {task_command.py:426} INFO - Running <TaskInstance: preprocessing_pipeline.run_preprocessing manual__2025-04-23T16:59:30.026579+00:00 [running]> on host 404c0e636e76
[2025-04-23T16:59:32.380+0000] {taskinstance.py:2648} INFO - Exporting env vars: AIRFLOW_CTX_DAG_OWNER='airflow' AIRFLOW_CTX_DAG_ID='preprocessing_pipeline' AIRFLOW_CTX_TASK_ID='run_preprocessing' AIRFLOW_CTX_EXECUTION_DATE='2025-04-23T16:59:30.026579+00:00' AIRFLOW_CTX_TRY_NUMBER='1' AIRFLOW_CTX_DAG_RUN_ID='manual__2025-04-23T16:59:30.026579+00:00'
[2025-04-23T16:59:32.382+0000] {taskinstance.py:430} INFO - ::endgroup::
[2025-04-23T16:59:32.383+0000] {dag_preprocessing.py:34} INFO - === INIZIO PREPROCESSAMENTO ===
[2025-04-23T16:59:32.383+0000] {dag_preprocessing.py:23} INFO - Download risorse NLTK...
[2025-04-23T16:59:32.793+0000] {dag_preprocessing.py:27} INFO - ✓ 'punkt' scaricato.
[2025-04-23T16:59:32.796+0000] {dag_preprocessing.py:27} INFO - ✓ 'stopwords' scaricato.
[2025-04-23T16:59:32.848+0000] {dag_preprocessing.py:27} INFO - ✓ 'wordnet' scaricato.
[2025-04-23T16:59:32.853+0000] {dag_preprocessing.py:44} ERROR - Errore caricamento CSV: [Errno 2] No such file or directory: '/opt/***set/sentiment_***/raw/all-***set.csv'
[2025-04-23T16:59:32.853+0000] {dag_preprocessing.py:82} ERROR - ✗ Errore nel task di preprocessing: [Errno 2] No such file or directory: '/opt/***set/sentiment_***/raw/all-***set.csv'
[2025-04-23T16:59:32.854+0000] {python.py:237} INFO - Done. Returned value was: None
[2025-04-23T16:59:32.854+0000] {taskinstance.py:441} INFO - ::group::Post task execution logs
[2025-04-23T16:59:32.866+0000] {taskinstance.py:1206} INFO - Marking task as SUCCESS. dag_id=preprocessing_pipeline, task_id=run_preprocessing, run_id=manual__2025-04-23T16:59:30.026579+00:00, execution_date=20250423T165930, start_date=20250423T165932, end_date=20250423T165932
[2025-04-23T16:59:32.908+0000] {local_task_job_runner.py:240} INFO - Task exited with return code 0
[2025-04-23T16:59:32.935+0000] {taskinstance.py:3498} INFO - 0 downstream tasks scheduled from follow-on schedule check
[2025-04-23T16:59:32.937+0000] {local_task_job_runner.py:222} INFO - ::endgroup::
